Clearnesse Ironshore Freyview Marbleiron Foxvale Woodice Corbank Ironriver Oakmere Dellwyn Foxhaven Valhaven Courtcastle Westvale Violetley Eriwall Oldmoor Morwall Butterbush Newby Buttermead Courtwall Goldwyvern Esterfall Clearnesse
24
Marbleiron Marbleiron
Courtcastle Courtcastle
Ironriver Ironriver
Courtwall Courtwall
Foxvale Morwald Foxvale
Clearnesse Clearnesse
Valhaven Valhaven
Buttermead Buttermead
Violetley Violetley
Westvale Westvale
Woodice Woodice
Esterfall Esterfall
Eriwall Eriwall
Goldwyvern Goldwyvern
Newby Newby
Morwall Morwall
Oakmere Oakmere
Foxhaven Foxhaven
Freyview Freyview
Ironshore Ironshore
Oldmoor Oldmoor
Dellwyn Dellwyn
Butterbush Butterbush
Corbank Corbank
