1 15 2 61 38 161 58 100 92 62 172 84 28 92 97 24 37 114 26 48 89 14 22 63 90 66 13 69 30 69 68 76 79 110 35 57 60 85 33 59 44 40 44 88 80 70 66 43 66 31 7 1 65 75 65 54 51 12 16 41 72 41 67 167 101 179 39 71 9 93 2 164 86 164 94 52 82 11 88 34 27 55 53 95 42 64 42 95 53 21 152 32 87 107 13 5 96 159 4 25 77 49 77 139 198 187 47 187 45 166 98 166 91 111 157 10 74 50 17 161 159 31 150 36 80 20 80 112 67 167 83 167 67 41 56 162 149 78 3 78 194 29 33 140 145 8 13 81 4 25 123 6 100 194 23 104 73 104 61 2 1
100
2 2
3 3
4 4
5 5
6 6
7 7
8 8
9 9
10 10
11 11
12 12
13 13
14 14
15 15
16 16
17 17
114 18
161 19
20 20
21 21
22 22
23 23
24 24
25 25
26 26
27 27
28 28
29 29
30 30
31 31
32 32
33 33
34 34
35 35
36 36
37 37
38 38
39 39
40 40
41 41
42 42
43 43
44 44
45 45
166 46
47 47
48 48
49 49
50 50
51 51
52 52
53 53
54 54
55 55
56 56
57 57
58 58
59 59
60 60
61 61
62 62
63 63
64 64
65 65
66 66
67 67
68 68
69 69
70 70
71 71
72 72
73 73
74 74
75 75
76 76
77 77
78 78
79 79
80 80
81 81
82 82
83 83
84 84
85 85
86 86
87 87
88 88
89 89
90 90
91 91
92 92
93 93
94 94
95 95
96 96
97 97
98 98
149 99
100 100
101 101
