0 43 0 59 0 62 0 86 0 90 79 4 171 101 2 27 2 33 7 76 34 125 77 139 12 3 65 61 14 29 174 56 36 2 78 2 33 17 13 5 109 22 46 41 28 72 83 72 33 74 172 54 24 63 55 107 9 50 9 64 141 31 141 60 198 6 51 30 103 20 53 57 1 57 16 57 18 42 10 122 21 17 92 105 19 105 51 47 107 81 174 93 38 93 124 35 100 40 49 121 11 75 85 68 58 68 85 87 84 97 173 88 198 18 82 99 32 25 32 99 73 89 23 89 26 89 73 96 51 42 48 42 145 95 147 97 84 149 8 67 71 128 45 128 71 148 94 160 138 89 73 153 66 153 167 175 91 175 178 171 188 0 123 15 123 0 137 37 137 52 137 0 112 50 9 80 9 107 142 199 39 199 154 143 102 65 61 70 61 65 102 172 54 98 119 168 100 134 44 134 100 35 184 69 184 35 124 166 113 90 0
100
0 0
1 1
2 2
3 3
4 4
5 5
6 6
7 7
8 8
9 9
10 10
11 11
12 12
13 13
14 14
15 15
16 16
17 17
18 18
19 19
20 20
21 21
22 22
23 23
24 24
25 25
26 26
27 27
28 28
29 29
30 30
31 31
32 32
33 33
34 34
35 35
36 36
37 37
38 38
39 39
40 40
41 41
42 42
43 43
44 44
45 45
46 46
47 47
48 48
49 49
50 50
51 51
52 52
53 53
54 54
55 55
56 56
57 57
58 58
59 59
60 60
61 61
62 62
63 63
64 64
65 65
66 66
67 67
68 68
69 69
70 70
71 71
72 72
73 73
74 74
75 75
76 76
77 77
78 78
79 79
80 80
81 81
82 82
83 83
84 84
85 85
86 86
87 87
88 88
89 89
90 90
91 91
92 92
93 93
94 94
95 95
96 96
97 97
98 98
99 99
