69 7 36 8 100 7 131 190 4 44 15 11 104 11 121 5 160 2 26 2 132 1 59 1 188 0 162 6 14 198 194 53 1 170 25 56 27 117 83 33 191 197 147 97 3 133 3 36 16 69
39
1 1 30 31 46 64 87 118 128 149 158
2 2 24 150
5 5 192
11 11 112 146
14 14 99 148
16 16 90
25 25
26 26 119
27 27
33 33
36 36
4 37 52 82 134 186
44 44
3 50 58 110 171 185
0 51 113 193 195
53 53
56 56
59 59
6 63 71 72 74 80 81 106 165 166
8 77 163
83 83
97 97
100 100
7 101 115 127 135
104 104
117 117
121 121
131 131
132 132
133 133
147 147
160 160
162 162
188 188
190 190
191 191
194 194
197 197
198 198
