48 73 171 163 36 147 135 84 60 57 103 98 67 98 101 98 38 165 34 61 197 154 53 154 115 10 46 196 141 129 136 152 29 152 85 39 23 2 124 56 124 77 164 58 118 145 173 88 127 193 194 157 114 123 162 8 119 126 94 182 113 69 113 78 185 190 185 78 138 199 155 3 170 122 176 40 16 62 42 25 90 87 107 66 74 149 104 180 156 52 156 0 143 167 143 125 174 179 102 110 154 7 175 165 13 93 133 121 19 121 151 45 191 96 158 177 178 189 117 38 165 13 20 168 109 6 11 79 21 148 81 35 173 163 72 108 72 186 72 108 47 55 83 64 32 43 137 15 99 5 51 180 9 180 135 181 96 159 120 121 133 37 153 48
100
2 2
3 3
5 5
7 7
9 9
10 10
11 11
16 16
19 19
20 20
21 21
23 23
25 25
29 29
34 34
35 35
36 36
38 38
39 39
40 40
42 42
46 46
48 48
52 52
53 53
55 55
56 56
58 58
60 60
64 64
66 66
67 67
69 69
73 73
74 74
78 78
79 79
84 84
85 85
87 87
88 88
90 90
93 93
98 98
101 101
103 103
107 107
108 108
109 109
110 110
113 113
115 115
117 117
118 118
119 119
120 120
123 123
125 125
126 126
129 129
133 133
135 135
136 136
137 137
138 138
141 141
143 143
145 145
147 147
148 148
149 149
151 151
152 152
154 154
155 155
156 156
157 157
158 158
163 163
164 164
165 165
167 167
170 170
171 171
175 175
176 176
177 177
179 179
180 180
181 181
182 182
185 185
186 186
190 190
191 191
193 193
194 194
196 196
197 197
199 199
