0 16 58 59 16 42 50 51 42 32 52 53 32 19 54 55 19 82 19 84 19 1 60 61 1 40 64 65 40 88 40 90 40 10 66 67 10 2 73 2 75 2 23 62 63 23 5 91 5 93 5 49 85 49 87 49 48 79 48 81 48 97 48 99 48 14 70 14 72 14 21 76 21 78 21 11 68 69 11 6 56 57 6 12 94 12 96 95 94 12 48 79 80 79 48 97 98 97 48 14 70 71 70 14 21 76 77 76 21 40 88 89 88 40 2 73 74 73 2 19 82 83 82 19 5 91 92 91 5 49 85 86 85 49 0
50
50 50
51 51
52 52
53 53
54 54
55 55
56 56
57 57
58 58
59 59
60 60
61 61
62 62
63 63
64 64
65 65
66 66
67 67
68 68
69 69
70 70
71 71
72 72
73 73
74 74
75 75
76 76
77 77
78 78
79 79
80 80
81 81
82 82
83 83
84 84
85 85
86 86
87 87
88 88
89 89
90 90
91 91
92 92
93 93
94 94
95 95
96 96
97 97
98 98
99 99
