99 176 103 52 22 52 92 52 167 154 122 48 26 199 39 199 42 107 158 81 100 81 9 81 126 49 10 49 125 49 123 116 117 116 27 46 144 169 104 130 162 0 162 53 37 23 5 21 78 23 165 64 170 138 20 153 18 43 66 43 56 43 97 16 190 16 148 113 51 113 30 113 124 113 59 96 132 96 157 172 157 119 54 61 135 8 129 28 137 150 137 186 85 127 85 88 108 106 159 131 159 164 95 24 194 40 2 112 71 192 71 80 62 73 62 161 139 12 1 19 184 19 33 110 155 36 98 32 79 178 175 15 175 188 176 102 58 149 74 166 84 160 120 171 120 163 69 173 69 83 69 25 69 82 31 94 107 142 156 70 156 75 6 34 32 152 90 110 151 110 35 14 4 118 68 16 17 16 185 45 41 45 111 181 86 2 63 85 174 108 168 194 95 183 95 47 113 135 99
100
0 0
1 1
4 4
5 5
8 8
9 9
10 10
12 12
15 15
17 17
18 18
20 20
22 22
24 24
25 25
26 26
27 27
28 28
30 30
33 33
34 34
35 35
39 39
40 40
41 41
42 42
47 47
51 51
53 53
46 55
56 56
59 59
61 61
63 63
66 66
68 68
70 70
73 73
75 75
78 78
80 80
82 82
83 83
88 88
90 90
92 92
94 94
97 97
98 98
99 99
100 100
102 102
103 103
106 106
111 111
112 112
113 114
117 117
119 119
122 122
123 123
124 124
125 125
126 126
127 127
130 130
131 131
132 132
142 142
2 146
148 148
149 149
150 150
151 151
155 155
158 158
160 160
161 161
163 163
164 164
165 165
166 166
167 167
168 168
169 169
170 170
171 171
172 172
173 173
174 174
178 178
37 180
181 181
183 183
184 184
185 185
186 186
188 188
190 190
192 192
