Soda AX Soda BU Soda DO Soda DT Soda DX Soda GO Soda F Soda I Soda R Soda BQ Soda DD Soda DW Soda GF Soda GI Soda AA Soda AT Soda BX Soda DZ Soda FR Soda GC Soda CA Soda DJ Soda FG Soda FU Soda AJ Soda BO Soda DA Soda DQ Soda FD Soda O Soda U Soda AG Soda BT Soda DU Soda FJ Soda GK Soda X Soda AW Soda BJ Soda K Soda FA Soda FX Soda AD Soda BD Soda AZ Soda AO Soda
47
Soda C
F F
I I
K K
O O
R R
U U
X X
AA AA
AD AD
AG AG
AJ AJ
AO AO
AT AT
AW AW
AX AX
AZ AZ
BD BD
BJ BJ
BO BO
BQ BQ
BT BT
BU BU
BX BX
CA CA
DA DA
DD DD
DJ DJ
DO DO
DQ DQ
DT DT
DU DU
DW DW
DX DX
DZ DZ
FA FA
FD FD
FG FG
FJ FJ
FR FR
FU FU
FX FX
GC GC
GF GF
GI GI
GK GK
GO GO
