Loc151 Loc4 Loc48 Loc135 Loc177 Loc41 Loc98 Loc165 Loc172 Loc184 Loc3 Loc170 Loc115 Loc36 Loc104 Loc148 Loc33 Loc49 Loc92 Loc160 Loc158 Loc182 Loc133 Loc166 Loc54 Loc96 Loc85 Loc118 Loc147 Loc180 Loc34 Loc55 Loc195 Loc10 Loc2 Loc163 Loc110 Loc28 Loc7 Loc141 Loc59 Loc124 Loc102 Loc47 Loc21 Loc89 Loc196 Loc173 Loc58 Loc117 Loc52 Loc126 Loc93 Loc60 Loc24 Loc32 Loc161 Loc65 Loc128 Loc16 Loc77 Loc13 Loc6 Loc127 Loc68 Loc62 Loc72 Loc46 Loc122 Loc94 Loc157 Loc164 Loc50 Loc181 Loc183 Loc167 Loc17 Loc5 Loc38 Loc190 Loc123 Loc111 Loc70 Loc194 Loc15 Loc109 Loc154 Loc43 Loc120 Loc101 Loc57 Loc130 Loc171 Loc142 Loc20 Loc156 Loc151
92
Loc2 Loc2
Loc3 Loc3
Loc4 Loc4 Loc131
Loc6 Loc6 Loc66
Loc7 Loc7
Loc13 Loc13
Loc15 Loc15
Loc16 Loc16
Loc17 Loc17
Loc20 Loc20
Loc21 Loc21 Loc99
Loc24 Loc24
Loc10 Loc27
Loc28 Loc28
Loc32 Loc32
Loc33 Loc33
Loc34 Loc34
Loc36 Loc36
Loc38 Loc38
Loc41 Loc41
Loc43 Loc43
Loc46 Loc46
Loc47 Loc47
Loc48 Loc48
Loc49 Loc49
Loc50 Loc50
Loc52 Loc52
Loc54 Loc54
Loc55 Loc55
Loc57 Loc57
Loc58 Loc58
Loc59 Loc59
Loc77 Loc61 Loc77 Loc134
Loc62 Loc62
Loc65 Loc65 Loc138
Loc68 Loc68
Loc70 Loc70
Loc72 Loc72
Loc85 Loc85
Loc89 Loc89
Loc92 Loc92
Loc93 Loc93
Loc94 Loc94
Loc96 Loc96
Loc98 Loc98
Loc101 Loc101
Loc102 Loc102
Loc104 Loc104
Loc109 Loc109
Loc110 Loc110
Loc111 Loc111
Loc115 Loc115
Loc117 Loc117
Loc118 Loc118
Loc120 Loc120
Loc122 Loc122
Loc123 Loc123 Loc185
Loc124 Loc124
Loc190 Loc125 Loc190
Loc126 Loc126
Loc127 Loc127
Loc128 Loc128
Loc130 Loc130
Loc135 Loc135
Loc141 Loc141
Loc142 Loc142
Loc147 Loc147
Loc148 Loc148
Loc151 Loc151
Loc154 Loc154
Loc156 Loc156
Loc157 Loc157
Loc158 Loc158
Loc160 Loc160
Loc161 Loc161
Loc163 Loc163
Loc165 Loc165
Loc166 Loc166
Loc167 Loc167
Loc170 Loc170
Loc171 Loc171
Loc172 Loc172
Loc173 Loc173
Loc177 Loc177
Loc180 Loc180
Loc181 Loc181
Loc182 Loc182
Loc183 Loc183
Loc184 Loc184
Loc196 Loc187
Loc194 Loc194
Loc195 Loc195
