hC71hIuyRaST3AiaSZqg cXmjc3Wu4kjM1IHGgfA5 iS3QMNvYa0RbuZKbJowP OAcbYkMyAi1Iu0vWaaFc 5doygtE58PVlrfBbaaxD ZUt08qPkISJA3VT4fdsK VkEnPX1CQCoh4CxlXSlf kITtdSORrLGuHqAl2YGb oq1GulTWdKtwAlNIQxnY 2dfprAgHp3T6RrgooKgP nnG2z19YXqYOoAxMQkFV NXZByMrsstrrXRLxVcyg gZiMcGUkLd8qaWleLH1T NXZByMrsstrrXRLxVcyg Mi1upMhcgP7iV16OWKN5 3MmCPAjYheu6g9TkIxDm qsbRHSDlSHG3Ep5gugbq Z2YJKymsE6JEohxl2CgC 2TderjwrXrNV2UBZ77eD LI8fhHKJlh7mQx1nNK0m IWOalMs6IXX5Ln6F9Eov 2QgUKFj4HV0dn5Ia55tj QYsTJmc2IUi36H1YK47s Tgouk8HApNFShyYjQedR sCcEFmBkhTop4sycKzuM Tgouk8HApNFShyYjQedR Dv6lwBgjbbZceuQXFzFf Tgouk8HApNFShyYjQedR Mufarp9xGx29xj0P1ijS lVjpvSHc5hBrS7dzTmI1 xtgYSd34f56WAH3CCBpW PFAHK1LPbENiUm01N8B0 g5fwwkfUKem4JdibLkXM 7DZfG4yobV0xCcSaxf27 vXrEXAmThLoQVXFImZcg b9q1t3OMZ6dXE5R6ca5w tb41LamjPxrSZBTCVL4N IC3wlDskAWyf0o1M61kl 6jnt0RQvUBeXBhrLOwzh EnQuMk7pVZUnmn2BboBv QHOT9LWV0s6xVVreglDh EnQuMk7pVZUnmn2BboBv g6Fit1BcwBIbAAJnBKGn OBEPyJuvhH0Z9VoT2UNC g6Fit1BcwBIbAAJnBKGn 1Oc2bGjHzXrMLiYLik5Z h52UeNen88U7Y4iFuOF7 z0rRwRZbA1TaaAgS8PYu h52UeNen88U7Y4iFuOF7 1uTE034Q24DWmybWBbX4 8w6JkwNghwwfzVWZlMG6 OLGSBuAPLZmdhTN6ApoS KqTw626stjcdChciHrJ6 4MuL6AbQo2ozZ4x7psrd EfhuR5UGBxqkoqdQBn2E fzCA3w8Mu664WC0yRZb5 MCc3yEIO8tXzzu5ZknlT kuIwHVHn49UEM4TprHKr MCc3yEIO8tXzzu5ZknlT jLS4UljOCe6h8LwAOGRX 24YcTAlCtPoNC11H3BAQ NWAZrSnr0i1Dj5TA6dLc WgneGAZv4qtDq8Q5DYZf nOsoIFzZBhdd6bjP45Ba xTqag3TRSmD8TI7ozU6T ivvO5yUvAxjOjLiwMPV4 qyWH5Ui5kFJGpXM7i2RZ P6PcaiimLTne6w5m7SJi Ca5sYccbD9TUz7JLHrcf Wf6tYlitgmZKoXfughsS UQEmoPmHSH2FlTDuXOEx btiXecpJBKmrIHtQ7jPA 4wWd3kvalFkda9M583i7 zbsjvfwSdNExCnTFLo8x TrUW9m3qjkTMvqHNRot0 uJlmjikTUoEO48jGpFMW nnG2z19YXqYOoAxMQkFV 72cxNTZ1Tw5teVGiR2xj CgUyoeVDFzkf0g6EiF8w x81SdeDfzbsk8wgCHcJT 468JV90VoJDfHRf7bwGC NqvNOj5h3GSbJm5NawjL ObIUeV1Y9WxgQVINEZzj RDnAjQbgrCahBSBieO1p dsEyS8WvuzfBZPrbbzZx 63EFNMvLteBrV7Lj9nA4 nmwnnNlPCMIjajSEo2R3 C5aQkckiWq5qVUhbiI57 oakCd1HozhO35GtImcF2 yXrak2UUHdgFCsCWvgfp RSJQdRAK7H6zYHVeXyPj kvWSRFx5cBJAdKv02AAn wqyhoOJuJuNfuZ1c9ZhU 6KcltWtleWJ6izN3XL0F 1ae7bJScGomdGEdgag5b 8IUV6HBSYn47shRwVW5F JuSdCG8HSUzwufkmRvTN RNtZ6m1O9hQj2ovJiJE3 JuSdCG8HSUzwufkmRvTN PqB0lgs9Brze4wJGQzAM FE29I03FH1qEyEvIQNGT fxnnXXAtldMGBgqECnVx 8IUV6HBSYn47shRwVW5F mkGdh9qd7uj9x5W3Koxj mUdsQgC4b4x2HD8wqon6 R22TNV5lr1tmI44FcHvv W5rNQea9NsCafaUbLgWC rW1b1NT9NaRlIIxoT8XF jGNThQH3U9Qqi91Eop7X 61VEe5QpRdEG1AHTZmSn jGNThQH3U9Qqi91Eop7X aGWdv30UuUFiszMErlJF NjrNYv2s9TjuFmdhy6vq eULKHiriYHElwEbrQo2X k3PQRnKD222tnpAYeJ4O laRDyozSdXcFtmdQ5VqD nP45x6vSjSYCI8DDOBiZ gY86LqbQLTIYrcgU8Crt l5OFQGDhW1xJJ8ERuglz c2cBpUI19bqo5IjxQzNs 2YL9dYowMkTTxjU0fVal c2cBpUI19bqo5IjxQzNs ddzqPXECnHQT4a4RIpSF lrXvsaItMucJuqzZylSg v0QCMKnmfkXllH4nQHen YygsiZkXDS9oQ07w4psX kITtdSORrLGuHqAl2YGb ivvO5yUvAxjOjLiwMPV4 yMXdJdorJpzOHHt9uIfg gZCyL2MJze1aowodommu t9sTQNaMU9o2HF5pm7xT CIdYfkuOMaRk394L6cKF hC71hIuyRaST3AiaSZqg
96
1uTE034Q24DWmybWBbX4 1uTE034Q24DWmybWBbX4
3MmCPAjYheu6g9TkIxDm 3MmCPAjYheu6g9TkIxDm
FE29I03FH1qEyEvIQNGT FE29I03FH1qEyEvIQNGT
6KcltWtleWJ6izN3XL0F 6KcltWtleWJ6izN3XL0F
61VEe5QpRdEG1AHTZmSn 61VEe5QpRdEG1AHTZmSn
7DZfG4yobV0xCcSaxf27 7DZfG4yobV0xCcSaxf27
cXmjc3Wu4kjM1IHGgfA5 cXmjc3Wu4kjM1IHGgfA5 COVfDobG5VcfcSxLDUch
Z2YJKymsE6JEohxl2CgC Z2YJKymsE6JEohxl2CgC
aGWdv30UuUFiszMErlJF aGWdv30UuUFiszMErlJF
yMXdJdorJpzOHHt9uIfg yMXdJdorJpzOHHt9uIfg
oakCd1HozhO35GtImcF2 oakCd1HozhO35GtImcF2
5doygtE58PVlrfBbaaxD 5doygtE58PVlrfBbaaxD
VkEnPX1CQCoh4CxlXSlf VkEnPX1CQCoh4CxlXSlf
Wf6tYlitgmZKoXfughsS Wf6tYlitgmZKoXfughsS
mkGdh9qd7uj9x5W3Koxj mkGdh9qd7uj9x5W3Koxj
dsEyS8WvuzfBZPrbbzZx dsEyS8WvuzfBZPrbbzZx
z0rRwRZbA1TaaAgS8PYu z0rRwRZbA1TaaAgS8PYu
NqvNOj5h3GSbJm5NawjL NqvNOj5h3GSbJm5NawjL
g5fwwkfUKem4JdibLkXM g5fwwkfUKem4JdibLkXM
OLGSBuAPLZmdhTN6ApoS OLGSBuAPLZmdhTN6ApoS
2YL9dYowMkTTxjU0fVal 2YL9dYowMkTTxjU0fVal
P6PcaiimLTne6w5m7SJi P6PcaiimLTne6w5m7SJi ymIUUgCvgB7r5le0Mh11
8IUV6HBSYn47shRwVW5F 8IUV6HBSYn47shRwVW5F
RNtZ6m1O9hQj2ovJiJE3 RNtZ6m1O9hQj2ovJiJE3
Tgouk8HApNFShyYjQedR Tgouk8HApNFShyYjQedR
kITtdSORrLGuHqAl2YGb EEWjQ3rZ3GM9oucA2vc5
wqyhoOJuJuNfuZ1c9ZhU wqyhoOJuJuNfuZ1c9ZhU EqrhH8oFQmMRN10foGjV
4MuL6AbQo2ozZ4x7psrd 4MuL6AbQo2ozZ4x7psrd
RDnAjQbgrCahBSBieO1p RDnAjQbgrCahBSBieO1p
72cxNTZ1Tw5teVGiR2xj 72cxNTZ1Tw5teVGiR2xj
gZiMcGUkLd8qaWleLH1T gZiMcGUkLd8qaWleLH1T
btiXecpJBKmrIHtQ7jPA btiXecpJBKmrIHtQ7jPA
6jnt0RQvUBeXBhrLOwzh 6jnt0RQvUBeXBhrLOwzh
b9q1t3OMZ6dXE5R6ca5w b9q1t3OMZ6dXE5R6ca5w
PFAHK1LPbENiUm01N8B0 PFAHK1LPbENiUm01N8B0
JuSdCG8HSUzwufkmRvTN JuSdCG8HSUzwufkmRvTN
CgUyoeVDFzkf0g6EiF8w CgUyoeVDFzkf0g6EiF8w
Mufarp9xGx29xj0P1ijS Mufarp9xGx29xj0P1ijS
lVjpvSHc5hBrS7dzTmI1 lVjpvSHc5hBrS7dzTmI1
eULKHiriYHElwEbrQo2X eULKHiriYHElwEbrQo2X
468JV90VoJDfHRf7bwGC 468JV90VoJDfHRf7bwGC
1Oc2bGjHzXrMLiYLik5Z 1Oc2bGjHzXrMLiYLik5Z
zbsjvfwSdNExCnTFLo8x zbsjvfwSdNExCnTFLo8x
jLS4UljOCe6h8LwAOGRX jLS4UljOCe6h8LwAOGRX
MCc3yEIO8tXzzu5ZknlT 1wSeohNTb1oCspxe2x4j
24YcTAlCtPoNC11H3BAQ 24YcTAlCtPoNC11H3BAQ
nOsoIFzZBhdd6bjP45Ba nOsoIFzZBhdd6bjP45Ba
OBEPyJuvhH0Z9VoT2UNC OBEPyJuvhH0Z9VoT2UNC
C5aQkckiWq5qVUhbiI57 C5aQkckiWq5qVUhbiI57
Dv6lwBgjbbZceuQXFzFf Dv6lwBgjbbZceuQXFzFf
ddzqPXECnHQT4a4RIpSF ddzqPXECnHQT4a4RIpSF
QYsTJmc2IUi36H1YK47s QYsTJmc2IUi36H1YK47s
YygsiZkXDS9oQ07w4psX YygsiZkXDS9oQ07w4psX
sCcEFmBkhTop4sycKzuM sCcEFmBkhTop4sycKzuM
NWAZrSnr0i1Dj5TA6dLc fuNQ8Sfy86k6zaBQjwEz NWAZrSnr0i1Dj5TA6dLc
LI8fhHKJlh7mQx1nNK0m LI8fhHKJlh7mQx1nNK0m
t9sTQNaMU9o2HF5pm7xT t9sTQNaMU9o2HF5pm7xT
8w6JkwNghwwfzVWZlMG6 8w6JkwNghwwfzVWZlMG6
Ca5sYccbD9TUz7JLHrcf Ca5sYccbD9TUz7JLHrcf
nmwnnNlPCMIjajSEo2R3 nmwnnNlPCMIjajSEo2R3
WgneGAZv4qtDq8Q5DYZf WgneGAZv4qtDq8Q5DYZf
2dfprAgHp3T6RrgooKgP 2dfprAgHp3T6RrgooKgP
UQEmoPmHSH2FlTDuXOEx UQEmoPmHSH2FlTDuXOEx
l5OFQGDhW1xJJ8ERuglz l5OFQGDhW1xJJ8ERuglz
TrUW9m3qjkTMvqHNRot0 TrUW9m3qjkTMvqHNRot0
kuIwHVHn49UEM4TprHKr kuIwHVHn49UEM4TprHKr
oq1GulTWdKtwAlNIQxnY oq1GulTWdKtwAlNIQxnY
xtgYSd34f56WAH3CCBpW xtgYSd34f56WAH3CCBpW
QHOT9LWV0s6xVVreglDh QHOT9LWV0s6xVVreglDh
Mi1upMhcgP7iV16OWKN5 Mi1upMhcgP7iV16OWKN5
yXrak2UUHdgFCsCWvgfp yXrak2UUHdgFCsCWvgfp
NXZByMrsstrrXRLxVcyg NXZByMrsstrrXRLxVcyg
IWOalMs6IXX5Ln6F9Eov IWOalMs6IXX5Ln6F9Eov
KqTw626stjcdChciHrJ6 KqTw626stjcdChciHrJ6
fxnnXXAtldMGBgqECnVx DmIjX4adnoqSEDmx2f39
OAcbYkMyAi1Iu0vWaaFc OAcbYkMyAi1Iu0vWaaFc
W5rNQea9NsCafaUbLgWC W5rNQea9NsCafaUbLgWC
2TderjwrXrNV2UBZ77eD 2TderjwrXrNV2UBZ77eD
rW1b1NT9NaRlIIxoT8XF rW1b1NT9NaRlIIxoT8XF
v0QCMKnmfkXllH4nQHen v0QCMKnmfkXllH4nQHen
laRDyozSdXcFtmdQ5VqD laRDyozSdXcFtmdQ5VqD
IC3wlDskAWyf0o1M61kl IC3wlDskAWyf0o1M61kl
1ae7bJScGomdGEdgag5b 1ae7bJScGomdGEdgag5b
4wWd3kvalFkda9M583i7 4wWd3kvalFkda9M583i7
nnG2z19YXqYOoAxMQkFV nnG2z19YXqYOoAxMQkFV
2QgUKFj4HV0dn5Ia55tj 2QgUKFj4HV0dn5Ia55tj
x81SdeDfzbsk8wgCHcJT x81SdeDfzbsk8wgCHcJT
qyWH5Ui5kFJGpXM7i2RZ qyWH5Ui5kFJGpXM7i2RZ
nP45x6vSjSYCI8DDOBiZ bw0K7NVh1sgqlnescYkX
vXrEXAmThLoQVXFImZcg vXrEXAmThLoQVXFImZcg
g6Fit1BcwBIbAAJnBKGn g6Fit1BcwBIbAAJnBKGn
63EFNMvLteBrV7Lj9nA4 63EFNMvLteBrV7Lj9nA4
qsbRHSDlSHG3Ep5gugbq qsbRHSDlSHG3Ep5gugbq
RSJQdRAK7H6zYHVeXyPj RSJQdRAK7H6zYHVeXyPj
fzCA3w8Mu664WC0yRZb5 fzCA3w8Mu664WC0yRZb5
R22TNV5lr1tmI44FcHvv R22TNV5lr1tmI44FcHvv
