Taylorville Weberside Jonesbury Lloydton Smithborough Lloydton Stephensonburgh Lloydton Jonesbury Jamestown Glasston Jamestown Nicholefurt Jamestown Jonesbury Weberside Eduardotown Sullivanmouth Underwoodborough Sullivanmouth Michaelville Sullivanmouth Eduardotown Weberside Taylorville Alejandroport Deborahfurt Anthonyburgh Martinezfort Ericksonmouth Martinezfort Anthonyburgh Deborahfurt Jacobberg Foleyhaven Jacobberg Deborahfurt Alejandroport Shawnport Mariaview Kristenmouth Alexmouth Kristenmouth Stevenshire Kristenmouth Mariaview Saraport Underwoodmouth Saraport Lewisburgh Saraport Mariaview Shawnport Alejandroport Ashleyland Kathyfort Hawkinsland Ayalabury Hawkinsland Camposstad Hawkinsland Kathyfort Ashleyland Alejandroport Taylorville Valerietown Johnmouth Kempshire Michaelfort Kempshire Grahambury Johnsonside Grahambury Kempshire Johnmouth Valerietown Stewartberg Tinaville Nicholasshire Tinaville Steventown Tinaville Stewartberg Valerietown Taylorville
25
Grahambury Grahambury
Jamestown Jamestown
Stephensonburgh Stephensonburgh
Alexmouth Alexmouth
Smithborough Smithborough
Underwoodmouth Underwoodmouth
Michaelville Michaelville
Ericksonmouth Ericksonmouth
Martinezfort Martinezfort
Nicholasshire Nicholasshire
Saraport Saraport
Ayalabury Ayalabury
Steventown Steventown
Hawkinsland Hawkinsland
Kristenmouth Kristenmouth
Foleyhaven Foleyhaven
Johnsonside Johnsonside
Nicholefurt Nicholefurt
Glasston Glasston
Lloydton Lloydton
Camposstad Camposstad
Michaelfort Michaelfort
Stevenshire Stevenshire
Lewisburgh Lewisburgh
Underwoodborough Underwoodborough
