89 12 127 4 49 128 199 100 61 122 102 143 70 179 190 145 33 25 73 133 194 79 36 173 86 94 38 41 37 124 59 110 142 188 142 172 5 169 101 78 27 48 97 193 109 11 83 144 160 148 13 82 65 147 16 118 58 146 85 132 195 136 3 64 31 140 96 32 98 139 189 51 156 56 86 130 112 183 69 99 155 89
76
118 1 118
3 3
4 4
5 5
31 6 31 107
48 9 48
11 11
12 12 187
13 13
16 16
64 18 64
142 21 197
128 23 128
25 25
27 27
86 29 86
32 32
33 33 121
36 36
37 37
38 38 81
145 39 149
41 41
99 44 99
49 49 111
51 51
56 56
58 58
59 59 75
61 61
65 65 191
69 69
70 70 135 192
73 73
78 78
79 79
127 80 88 127
82 82
83 83
85 85
94 94 151
96 96
97 97
98 98
100 100
101 101
102 102 178
109 109
112 112
143 114 125
122 122
124 124
130 130
132 132
133 133
136 136
140 140
194 141 194
144 144
146 146
147 147
148 148
155 155
156 156
160 160
169 169
172 172
173 173
179 179
183 183
188 188
189 189
190 190
193 193
195 195
199 199
