FortCollins Harlingen Akron Elizabeth Arvada Fargo BonitaSprings Baltimore DesMoines Bloomington Layton LasVegas Austin LasVegas Kennewick Anaheim ColoradoSprings Bellevue Bremerton Henderson Manchester BoiseCity Eugene Honolulu Burbank Jefferson Dallas Bradenton Bridgeport McAllen Chicago Clearwater Evansville FortWayne Fairfield Joliet Fairfield Lancaster Lubbock Louisville Barnstable Aberdeen CollegeStation GardenGrove Carrollton Frederick Hampton Lafayette Lakewood Berkeley DavidsonCounty Harrisburg Champaign Elkhart Brighton Lacey Detroit Corona AppleValley FortWaltonBeach Hickory Arvada Erie Athens Bakersfield AtlanticCity Jacksonville Gilbert Houston DalyCity Fayetteville Appleton Lorain Garland Indianapolis Albuquerque Davenport Amarillo LittleRock Greensboro Abilene Grayslake Hollywood Hemet Fremont Irving Cary Lewisville AnnArbor Beaumont Kalamazoo Augusta Evansville Danbury Atlanta Fontana Cincinnati FortCollins
79
Aberdeen Aberdeen
Abilene Abilene
Akron Akron
Albuquerque Albuquerque
Amarillo Alexandria Amarillo
Bremerton Allentown Bremerton
Anaheim Anaheim
Lancaster Anchorage Lancaster
AnnArbor AnnArbor
AppleValley AppleValley
Appleton Appleton
Arvada Arvada Leominster
Atlanta Atlanta
Augusta Augusta
Austin Austin
Bakersfield Bakersfield
Baltimore Baltimore
Barnstable Barnstable
Beaumont Beaumont Bethlehem
Bellevue Bellevue Independence Lakeland
Berkeley Berkeley CapeCoral ElMonte
CollegeStation Boise CollegeStation ElPaso
BoiseCity BoiseCity
BonitaSprings BonitaSprings
Bradenton Bradenton
Brighton Brighton
Fayetteville Brownsville Fayetteville
Burbank Burbank
Carrollton Carrollton
Cary Cary
Lorain CedarRapids Lorain
Champaign Champaign
DesMoines Chandler DesMoines
Chicago Chicago
LasVegas Cleveland
ColoradoSprings ColoradoSprings
Dallas Dallas
DalyCity DalyCity
Danbury Danbury
DavidsonCounty DavidsonCounty
Layton Denver Layton
Detroit Detroit
Elizabeth Elizabeth
Elkhart Elkhart
Erie Erie
Eugene Eugene
Evansville Evansville
Fairfield Fairfield
Fargo Fargo
Fontana Fontana
FortCollins FortCollins
FortWaltonBeach FortWaltonBeach
Frederick Frederick
Fremont Fremont
Houston Fresno Houston
Garland Garland GrandRapids
Gilbert Gilbert
Grayslake Grayslake
Hampton Hampton
Harlingen Harlingen Knoxville
Harrisburg Harrisburg Irvine
Hemet Hemet
Henderson Henderson
Hickory Hickory Inglewood
Hollywood Hollywood
Indianapolis Indianapolis
Irving Irving
Jacksonville Jacksonville
Jefferson Jefferson
Joliet Joliet LasCruces
Kalamazoo Kalamazoo
Kennewick Kennewick
Lacey Lacey
Lafayette Lafayette
Lakewood Lakewood
LittleRock LittleRock
Louisville Louisville
Lubbock Lubbock
Manchester Manchester
