BatonRouge Burbank Bradenton Cambridge Abilene Beaumont AnnArbor Birmingham Buffalo AtlanticCity Boulder Aurora Aberdeen BonitaSprings Bethlehem Barnstable Baltimore Atlanta Arvada Albuquerque Augusta Albany Augusta BatonRouge
20
Aberdeen Aberdeen BoiseCity
Abilene Abilene
Albany Albany
Albuquerque Albuquerque Boston
BonitaSprings Amarillo
BatonRouge Anchorage BatonRouge
AnnArbor AnnArbor
Arvada Arvada
Atlanta Atlanta Berkeley
AtlanticCity AtlanticCity
Aurora Aurora
Barnstable Barnstable
Beaumont Beaumont
Bethlehem Bethlehem
Birmingham Birmingham Bryan
Boulder Boulder
Bradenton Bradenton
Buffalo Buffalo
Burbank Burbank
Cambridge Cambridge
