4HOMU JXLE1 X180A DDXG0 CFGE5 6OA3K K50JQ 53Y1R 7U3JG V8GEC C7WKJ OIPRN P419D XEEQB ZZH8Z Q5DAA SKPO7 YJ67U ZRPB5 61QWU TI35I RAAD4 FCYPJ BE5V8 4WDJE ELH5L UW44H 52MNN 4YS4G ZN2EP 6ACGE IF7TL LLTLN LKP22 HWKGJ T9O11 PYPSO DCHO3 945CN 1RS2N CM5WA W2M5C Q7FCL PXCIN 2BUI5 6WOBI DTPF4 TORQI 1F0YL DOLRQ 45JXE PTADN TBPBM M1HJR NPDI9 M1HJR TBPBM Y61KP WXZHF 1Y2CG IZESQ 3AIXW KOYRV Z22CS 8CLEZ 4HSLO FRZVP AT3CI VHCFR W2H22 WZB33 H3R1V 0U9HU KC9RF 0D2BR BVMDZ C45HH H1LTE UX00P V22SY 0VPRW C8O6I L2PQE LEBVZ L2PQE WI88U EDSMH L2GJ5 PMFJ2 Y4WG4 SYV5N Y4WG4 768ZF AT3CI SHOOM 50J5H RU85S HZHRA A1QRL WBT4L FC0PR LIRLU 2C63O OLLV9 69BJO FMCVK SA6G0 ZHSBU WP2MA JXLE1 4HOMU
97
L2PQE L2PQE TCC7B
945CN 945CN
L2GJ5 L2GJ5
2C63O 2C63O
SYV5N SYV5N
768ZF 768ZF
RU85S RU85S
KOYRV KOYRV
XEEQB XEEQB
KC9RF KC9RF
ZN2EP ZN2EP
45JXE 45JXE
UW44H UW44H
0D2BR 0D2BR
M1HJR M1HJR
LIRLU LIRLU
1F0YL 1F0YL
DOLRQ DOLRQ
50J5H 50J5H
WP2MA WP2MA
CFGE5 CFGE5
Q7FCL Q7FCL
0VPRW 0VPRW
SHOOM SHOOM
HWKGJ HWKGJ
6ACGE 6ACGE
DTPF4 DTPF4
WBT4L 7GA8O
7U3JG 7U3JG
BE5V8 BE5V8
61QWU TY0L7 61QWU
W2M5C W2M5C
SA6G0 SA6G0
WI88U WI88U
TORQI TORQI
ZHSBU ZHSBU
DCHO3 DCHO3
RAAD4 RAAD4
FRZVP FRZVP
HZHRA HZHRA
53Y1R 53Y1R
TI35I TI35I
Y61KP Y61KP
FMCVK 9WSXC
C7WKJ C7WKJ
P419D P419D
NPDI9 NPDI9
ZZH8Z ZZH8Z
IF7TL IF7TL
V22SY V22SY
PXCIN PXCIN
K50JQ K50JQ
JXLE1 JXLE1
H1LTE H1LTE
PTADN PTADN
DDXG0 DDXG0
IZESQ IZESQ
2BUI5 2BUI5
3AIXW 3AIXW
1RS2N 1RS2N
0U9HU 0U9HU
WZB33 WZB33
4WDJE 4WDJE
Q5DAA Q5DAA
PYPSO 8EXDQ PYPSO
W2H22 W2H22
FCYPJ FCYPJ
CM5WA CM5WA
6WOBI 6WOBI
AT3CI AT3CI
SKPO7 SKPO7
ZRPB5 ZRPB5
T9O11 T9O11
LEBVZ LEBVZ
C45HH C45HH
69BJO 69BJO
ELH5L ELH5L
52MNN 52MNN
X180A X180A
OLLV9 OLLV9
WXZHF WXZHF
OIPRN OIPRN
UX00P MC71K
BVMDZ BVMDZ
6OA3K 6OA3K
FC0PR FC0PR
C8O6I C8O6I
LLTLN LLTLN
A1QRL A1QRL
YJ67U YJ67U
V8GEC V8GEC
PMFJ2 PMFJ2
8CLEZ 8CLEZ
TBPBM TBPBM
LKP22 LKP22
EDSMH EDSMH
VHCFR VHCFR
