cy4fm C565q yMPWG NvAYI 1H2uK 19YKC tao9t 8aYYW kbRYl 7XIxZ di7h7 KYsbm 6ceXl yFKGt Xhpv3 BoNoJ wdXpe 8RNd8 EWhpw OFvld OoKEI nogr2 IjjWK F2nEN 7l0Vw lA2MC w4BF1 qt5AA uT5W0 P3lE7 gk2cW LNh60 dU1Ub G6G4p DCl5F Iks3D hOy4D jse5F Vjg5l C0eRL uWr4y rUUVt FnVf8 5rdYI IjjWK 3iQ53 I2lfX GHZOS Dkq13 zQjQm P8Fbf vSPJ5 yFKGt X6hJp KYsbm Cfmbw yFKGt cy4fm
50
7XIxZ 7XIxZ
NvAYI NvAYI
C565q C565q
1H2uK 1H2uK
wdXpe wdXpe
OoKEI OoKEI
di7h7 di7h7
yMPWG yMPWG
tao9t tao9t
6ceXl 6ceXl
KYsbm KYsbm
nogr2 nogr2
Xhpv3 Xhpv3
19YKC 19YKC
yFKGt yFKGt
OFvld OFvld
8RNd8 8RNd8
8aYYW 8aYYW
7l0Vw 7l0Vw
EWhpw EWhpw
F2nEN F2nEN
IjjWK IjjWK
kbRYl kbRYl
P3lE7 P3lE7
BoNoJ BoNoJ
qt5AA qt5AA
dU1Ub dU1Ub
w4BF1 w4BF1
Iks3D Iks3D
uWr4y uWr4y
lA2MC lA2MC
hOy4D hOy4D
LNh60 LNh60
G6G4p G6G4p
DCl5F DCl5F
FnVf8 FnVf8
3iQ53 3iQ53
Vjg5l Vjg5l
gk2cW gk2cW
uT5W0 uT5W0
GHZOS GHZOS
C0eRL C0eRL
5rdYI 5rdYI
jse5F jse5F
zQjQm zQjQm
rUUVt rUUVt
P8Fbf P8Fbf
X6hJp X6hJp
Cfmbw Cfmbw
vSPJ5 vSPJ5
