fab8g f5Qx2 Gt2w1 mgHYN rzyrR H6HgM g1WJz 3XMfZ VUKiE 9ZatH RgC1Q Lqz0g G91ym bepE0 B3NSd cQMFl 3FUsL ZlgGe Flgse ciJ7c Bw1D7 4GEPG yM9nQ HaHFT Vjk2Z o4F0A sF84c nScgp F7m3U cm8oa wiGnS RhMSo KWmhW BWyM2 cDkiZ Nbb6U KzS0e BJ1iC RnwlC qchZ3 c17Qf TQZik Q0oXi kCdcu bD2TR wKKkJ lcarA lJJK2 gwQSf uQK8T G944F b4E7v KB016 PpZP8 iy8Ty 2Z0oU tEdSo lJfgZ 1SvIs HKgVO fhc2k 015ql CT8M8 VIl39 LBzlR 8xyrX fr0Bd FW6DI n9AEE 1OpM2 1xx4U adW6k L54Jg tQXF5 TtUXd AGorf P5ucv 4b2sA obqW1 XDGuI 0YoJb dAx9s aiycm O1QPI 7J90B 4ORRk 8tK4L x8KLa eDWES GHmnJ BybTG guI5B 8PY0r pesnn 1pNjr nRTkO l0HDP 9u8oD zgyDJ DHhK9 5Ix1v fab8g
100
H6HgM H6HgM
f5Qx2 f5Qx2
VUKiE VUKiE
rzyrR rzyrR
cQMFl cQMFl
Gt2w1 Gt2w1
g1WJz g1WJz
RgC1Q RgC1Q
3XMfZ 3XMfZ
9ZatH 9ZatH
Lqz0g Lqz0g
bepE0 bepE0
B3NSd B3NSd
G91ym G91ym
mgHYN mgHYN
4GEPG 4GEPG
3FUsL 3FUsL
ZlgGe ZlgGe
fab8g fab8g
Flgse Flgse
ciJ7c ciJ7c
yM9nQ yM9nQ
HaHFT HaHFT
F7m3U F7m3U
Bw1D7 Bw1D7
Vjk2Z Vjk2Z
o4F0A o4F0A
sF84c sF84c
nScgp nScgp
cm8oa cm8oa
cDkiZ cDkiZ
lJJK2 lJJK2
KWmhW KWmhW
wiGnS wiGnS
RhMSo RhMSo
BJ1iC BJ1iC
Nbb6U Nbb6U
BWyM2 BWyM2
qchZ3 qchZ3
kCdcu kCdcu
RnwlC RnwlC
TQZik TQZik
wKKkJ wKKkJ
bD2TR bD2TR
c17Qf c17Qf
uQK8T uQK8T
KzS0e KzS0e
G944F G944F
PpZP8 PpZP8
gwQSf gwQSf
b4E7v b4E7v
iy8Ty iy8Ty
Q0oXi Q0oXi
lJfgZ lJfgZ
2Z0oU 2Z0oU
CT8M8 CT8M8
lcarA lcarA
KB016 KB016
015ql 015ql
tEdSo tEdSo
1xx4U 1xx4U
VIl39 VIl39
1SvIs 1SvIs
fhc2k fhc2k
LBzlR LBzlR
fr0Bd fr0Bd
8xyrX 8xyrX
adW6k adW6k
L54Jg L54Jg
HKgVO HKgVO
FW6DI FW6DI
1OpM2 1OpM2
n9AEE n9AEE
XDGuI XDGuI
AGorf AGorf
4b2sA 4b2sA
O1QPI O1QPI
tQXF5 tQXF5
dAx9s dAx9s
4ORRk 4ORRk
0YoJb 0YoJb
TtUXd TtUXd
aiycm aiycm
8tK4L 8tK4L
7J90B 7J90B
GHmnJ GHmnJ
P5ucv P5ucv
obqW1 obqW1
DHhK9 DHhK9
x8KLa x8KLa
guI5B guI5B
eDWES eDWES
pesnn pesnn
BybTG BybTG
1pNjr 1pNjr
l0HDP l0HDP
9u8oD 9u8oD
nRTkO nRTkO
8PY0r 8PY0r
5Ix1v 5Ix1v
