2 67 2 78 79 16 40 16 76 16 79 81 3 71 18 20 34 61 69 42 69 60 0 19 47 66 62 72 7 6 25 35 25 41 65 41 87 6 7 84 96 89 30 89 24 31 24 43 38 44 38 43 63 95 58 19 12 86 14 29 11 99 72 5 72 7 6 50 77 13 83 22 88 4 88 56 74 15 10 93 99 68 23 68 59 70 28 78 1 78 72 98 72 78 2
49
0 0
1 1
3 3
4 4
5 5
7 7
10 10
11 11
13 13
14 14
16 16
70 17 70
23 23
24 24
25 25
28 28
29 29
30 30
31 31
34 34
35 35
38 38
40 40
41 41
42 42
44 44
47 47
50 50
58 58
59 59
60 60
61 61
62 62
63 63
65 65
66 66
67 67
69 69
71 71
72 72
74 74
76 76
81 81
83 83
86 86
88 88
19 94
96 96
98 98
