COM NER COM MDG IDN COL COM REU SDN MEX POL PNG PRY NPL MMR HMD HRV LCA KOR LBN JPN HUN PAK GNQ COD CHN SHN SGS NZL SGS LBR SGS KHM LUX LAO KGZ CRI MLT PSE NRU CAF BVT LKA KWT LTU LIE CPV MLI CPV COK HND MAR HND GRC GMB NGA NFK ALA NFK NGA FSM FIN GAB ESP GEO GHA GIB EGY MYS IRN IOT IRN MYS DZA DOM NIC ABW NIC AUS ATG PRT NIU PRK HKG GUM HTI CAN HTI HKG KAZ HKG MDA PAN MHL MAC IDN RUS BLZ BEN BLM BHR BDI AZE BIH BHS BRB BMU NGA JEY NGA DMA DJI MUS MYT POL COG POL ARE ALB AND ARM MYT NER MTQ NER COM REU AFG REU SAU RWA LUX LAO KNA CRI NIU CZE DEU CXR DEU CZE NIU PRY MOZ PRY PNG NIC IRL NIC ITA NIC NCL EST ESH ECU ESH FRA GBR GIN FSM NGA GMB COM
98
SHN SHN
SGS SGS
SDN SDN
RWA RWA
RUS RUS
REU REU
PSE PSE
PRY PRY
POL POL
PNG PNG
PAN PAN
PAK PAK
NZL NZL
NRU NRU
NPL NPL
NIU NIU
NIC NIC
NFK NFK
NER NER
MYT MYT
MTQ MTQ
MOZ MOZ
MMR MMR
MLI MLI
MEX MEX
MDA MDA
MAR MAR
MAC MAC
LUX LUX
LTU LTU
LKA LKA
LIE LIE
LBR LBR
LBN LBN
LAO LAO
KWT KWT
KOR KOR
KNA KNA
KHM KHM
KAZ KAZ
JPN JPN
JEY JEY
ITA ITA
IRN IRN
IRL IRL
IOT IOT
IDN IDN
HUN HUN
HTI HTI
HRV HRV
HND HND
HMD HMD
HKG HKG
GUM GUM
GRC GRC
GNQ GNQ
GMB GMB
GIN GIN
GIB GIB
GHA GHA
GEO GEO
GBR GBR
GAB GAB
FSM FSM
FRA FRA
FIN FIN
ESP ESP
ESH ESH
EGY EGY
ECU ECU
DZA DZA
DMA DMA
DJI DJI
DEU DEU CYP
CXR CXR
CPV CPV
COL COL
COK COK
COG COG
COD COD
CAF CIV CAF
CHN CHN
CAN CAN
BMU BMU
BLM BLM
BHS BHS
BHR BHR
BEN BEN
BDI BDI
AZE AZE
AUS AUS
ATG ATG
ARM ARM
ARE ARE
ALB ALB
ALA ALA
AFG AFG
ABW ABW
