DZA GBR FRA ECU FSM GHA GAB FIN FLK CAN BRB CAN CIV CHE COD BRN BEL BDI BGR GLP GNB HND GEO HND DMA ATA ATF ASM DOM BHS BLM BES BLR CCK COG CAF BVT GGY ETH GUM GRD GNQ GUY GRC BRA BLM BFA BGD CYM CXR CYM ARE DNK CUW DOM AUS GUY GTM ESP AND ALB ARG ALB ARE DNK DJI DNK CZE CYP CUB GUY HKG CMR CCK BLR AUT ERI FIN AFG ABW AFG FIN GIB DZA
48
HND HND
GTM HMD
HKG HKG
GRD GRD
GRC GRC
GNQ GNQ
GLP GLP
GHA GHA
GEO GEO
GBR GBR
FSM FSM
FRA FRO FRA
FLK FLK
FIN FIN
ERI ERI
ECU ECU
DOM DOM
DNK DNK
DJI DJI
CZE CZE
CYM CYM
CXR CXR
CUW CUW
CUB CUB
COG COG
COD COD
CHE CHE
CCK CCK
CAN CAN
CAF CAF
BVT BVT
BRN BRN
BRB BRB
BLR BLR BEN
BLM BLM
BHS BHS
BGD BGD
BFA BFA
BES BES
BDI BDI
AUS AUS
ATF ATF
ATA ATA
ARG ARG
ARE ARE
AND AND
ALB ALB
ABW ABW
