YuhuaEast Sennett SerangoonGarden SingaporeRiver ChinaSquare Simpang CityHall Simpang Mandai PasirRis Mandai ChengSan BoonLayPlace LowerSeletar PearlsHill Sentosa KampongUbi Brickworks Serangoon Trafalgar OneTreeHill SembawangStraits Shipyard PasirRisPark BedokSouth Matilda OrangeGrove PeoplesPark BayfrontSubzone Punggol TagoreSindo BedokNorth IstanaNegara ClementiWest JurongWestCentral OneNorth Anson AngMoKioTownCentre SungeiRoad WaterwayEast SungeiRoad Commonwealth KentRidge Commonwealth Chatsworth InstitutionHill Chatsworth TuasNorthPioneer WestCoast SouthernIslands HongKahNorth KeatHong Dunearn SembawangHills Dunearn UluPandan YioChuKangEast PulauPunggolTimor ReservoirView EvertonPark ClementiNorth PasirRisDrive TohGuan PayaLebarEast GeylangEast MountEmily KebunBahru Tampines PengSiang BukitBatokWest PengSiang WoodlandsWest Northland Mountbatten JurongPort PeiChun DairyFarm PangSua Paterson SimpangNorth AlexandraNorth SimpangNorth Khatib SerangoonCentral PasirPanjang2 BukitBatokSouth SenokoWest JooSengPayaLebar TampinesNorth Sembawang ChangiPoint WoodlandsSouth Port RochorCanal Boulevard MandaiEast Aljunied BoatQuay Saujana HougangCentral DefuIndustrialPark ChoaChuKang HongKah BenoiSector Tanglin TuasPromenade TiongBahru TuasBay PunggolField SungeiKadut TelokBlangahRise KampongUbi DhobyGhaut Queensway ChangiWest PotongPasir YuhuaEast
92
Sentosa Sentosa
BedokNorth BedokNorth
SungeiKadut SungeiKadut
Mandai Geylang Mandai
SerangoonCentral SerangoonCentral
BayfrontSubzone BayfrontSubzone
Port Port
PearlsHill PearlsHill
BedokSouth BedokSouth
Aljunied YioChuKang Aljunied
Punggol Punggol
SembawangHills SembawangHills
OneNorth OneNorth
Sembawang EastCoast Sembawang
GeylangEast Moulmein GeylangEast
BoatQuay BoatQuay
PeoplesPark PeoplesPark
MandaiEast MandaiEast
TuasBay TuasBay
InstitutionHill InstitutionHill Kembangan
BoonLayPlace BoonLayPlace
JurongWestCentral JurongWestCentral
TagoreSindo TagoreSindo SerangoonNorth
WaterwayEast WaterwayEast
SimpangNorth SimpangNorth
Paterson Paterson
Matilda Matilda
JooSengPayaLebar JooSengPayaLebar
PunggolField PunggolField
JurongPort JurongPort
LowerSeletar LowerSeletar
KeatHong KeatHong
AngMoKioTownCentre AngMoKioTownCentre
SerangoonGarden SerangoonGarden
DairyFarm DairyFarm
KebunBahru KebunBahru
PasirRisDrive PasirRisDrive
TuasPromenade TuasPromenade
KentRidge KentRidge
TuasNorthPioneer TuasNorthPioneer
Khatib Khatib
HongKah HongKah UpperThomson
BukitBatokSouth BukitBatokSouth
PulauPunggolTimor PulauPunggolTimor
ChinaSquare ChinaSquare
Shipyard Shipyard
Chatsworth Chatsworth
ChoaChuKang ChoaChuKang
PasirRisPark PasirRisPark
Tampines Tampines
Sennett Sennett
CityHall CityHall
Mountbatten Mountbatten
PayaLebarEast PayaLebarEast Museum
OneTreeHill OneTreeHill
OrangeGrove OrangeGrove
DhobyGhaut DhobyGhaut
SingaporeRiver SingaporeRiver
ChangiWest ChangiWest
Serangoon Serangoon
ReservoirView ReservoirView
BukitBatokWest BukitBatokWest
TohGuan TohGuan
PasirRis PasirRis
SembawangStraits SembawangStraits
SouthernIslands SouthernIslands
DefuIndustrialPark DefuIndustrialPark
RochorCanal RochorCanal
TiongBahru TiongBahru
ClementiNorth ClementiNorth
Tanglin Tanglin
WoodlandsWest WoodlandsWest
Saujana Saujana
SungeiRoad SungeiRoad
TampinesNorth TampinesNorth
UluPandan UluPandan
Trafalgar Trafalgar
Commonwealth Commonwealth
PeiChun PeiChun
Brickworks Brickworks
AlexandraNorth AlexandraNorth
ChangiPoint ChangiPoint
TelokBlangahRise TelokBlangahRise
HongKahNorth HongKahNorth
BenoiSector BenoiSector
Northland Northland
YioChuKangEast YioChuKangEast
WoodlandsSouth Cairnhill
EvertonPark EvertonPark
IstanaNegara IstanaNegara
PangSua PangSua
HougangCentral HougangCentral
