BukitBatokEast Simei SungeiRoad TiongBahruStation DowntownCore LowerSeletar Safti Tengeh Frankel SwissClub TanjongPagar CityHall GhimMoh SimpangNorth Bendemeer NeeSoon AirportRoad Tyersall JooKoon Sembawang RiverValley Hillcrest Bayshore GaliBatuMandai Sudong RobertsonQuay Redhill PearlsHill TiongBahruStation BukitBatokEast
25
Frankel Frankel
Redhill Redhill
Sudong Sudong
DowntownCore DowntownCore
Sembawang Sembawang
SimpangNorth SimpangNorth
Tengeh Tengeh
BukitBatokEast LeonieHill
LowerSeletar LowerSeletar
Simei Simei
Bayshore ChoaChuKang
TanjongPagar TanjongPagar
Tyersall Tyersall
JooKoon JooKoon
TiongBahruStation TiongBahruStation
PearlsHill PearlsHill
SwissClub SwissClub
NeeSoon NeeSoon
Safti Safti
GaliBatuMandai GaliBatuMandai
CityHall CityHall
RiverValley RiverValley
Hillcrest Hillcrest
GhimMoh GhimMoh
SungeiRoad SungeiRoad
