Monroe Clarksville Lancaster Havre Aberdeen Lowell Cambridge Albany Boise Merced Montgomery Detroit Three Boulder Lacey Melbourne Julian Cleveland Erie Elkhart Huntington Hickory Hartford Glendale Amarillo Mesquite Burlington Dayton Elizabeth Irving Fairfield Asheville Chesapeake Manchester Cary Dallas Modesto Hampton Prairie Denton Hayward Lakeland Ten Jacksonville Anaheim Hialeah Mesa Carrollton Charleston Johnson Corpus Miami Allentown Lewisville Kennewick Denver Bradenton Akron Laredo Seven Kissimmee Canton Layton Brownsville Hesperia Clarke Killeen Baltimore Kenosha Gainesville Vista Greensboro Apple Fayetteville Davidson Rapids Arlington Bridgeport Abilene Four Monterey Antioch Hagerstown Leominster Mobile Birmingham Viejo Naples Bedford Anchorage Daytona Muskegon Austin Baton Gilbert Bethlehem Lafayette Athens Kailua Huntsville Monroe
100
Athens Athens
Hagerstown Hagerstown
Lancaster Lancaster
Asheville Asheville
Clarke Clarke
Monterey Monterey
Laredo Laredo
Carrollton Carrollton
Modesto Modesto
Boulder Boulder
Bridgeport Bridgeport
Ten Ten
Apple Apple
Johnson Johnson
Birmingham Birmingham
Kenosha Kenosha
Corpus Corpus
Lowell Lowell
Clarksville Clarksville
Huntington Huntington
Viejo Viejo
Lafayette Lafayette
Abilene Abilene
Hialeah Hialeah
Austin Austin
Naples Naples
Anaheim Anaheim
Seven Seven
Melbourne Melbourne
Lewisville Lewisville
Davidson Davidson
Kissimmee Kissimmee
Monroe Monroe
Bethlehem Bethlehem
Gainesville Gainesville
Cary Cary
Glendale Glendale
Prairie Prairie
Charleston Charleston
Baltimore Baltimore
Antioch Antioch
Kennewick Kennewick
Detroit Detroit
Mobile Mobile
Lacey Lacey
Albany Albany
Elkhart Elkhart
Lakeland Lakeland
Dallas Dallas
Baton Baton
Leominster Leominster
Gilbert Gilbert
Bedford Bedford
Four Four
Cleveland Cleveland
Canton Canton
Denton Denton
Miami Miami
Havre Havre
Hampton Hampton
Chesapeake Chesapeake
Hayward Hayward
Hickory Hickory
Layton Layton
Jacksonville Jacksonville
Amarillo Amarillo
Huntsville Huntsville
Hesperia Hesperia
Fayetteville Fayetteville
Killeen Killeen
Arlington Arlington
Cambridge Cambridge
Boise Boise
Akron Akron
Greensboro Greensboro
Aberdeen Aberdeen
Mesa Mesa
Denver Denver
Kailua Kailua
Elizabeth Elizabeth
Erie Erie
Dayton Dayton
Hartford Hartford
Muskegon Muskegon
Vista Vista
Fairfield Fairfield
Montgomery Montgomery
Allentown Allentown
Three Three
Merced Merced
Daytona Daytona
Brownsville Brownsville
Anchorage Anchorage
Rapids Rapids
Irving Irving
Burlington Burlington
Manchester Manchester
Bradenton Bradenton
Mesquite Mesquite
Julian Julian
