Pantheon Spectre Ezreal Nunu MasterYi SpiritBreaker Rumble NightStalker Talon Ziggs CentaurWarrunner Galio Phoenix Jax WraithKing BountyHunter Bard Skarner Jhin Kled Lich ChaosKnight Magnus Tailyah Bristleback Maokai LoneDruid Oracle Ashe Shyvana Jayce Anivia Disruptor KogMaw CrystalMaiden Heimerdinger Akali Lucian Tiny Malphite Xerath Ahri ArcWarden Lux Draven Jinx Morgana TrollWarlord Slark Pantheon
48
MasterYi MasterYi
Tailyah Tailyah
Ahri Ahri
Galio Galio
Phoenix Phoenix
Spectre Spectre
Ezreal Ezreal
KogMaw KogMaw
Jayce Jayce
Morgana Morgana
TrollWarlord TrollWarlord
Oracle Oracle
Jax Jax
Shyvana Shyvana
Akali Akali
Malphite Malphite
Anivia Anivia
Bristleback Bristleback
Skarner Skarner
Bard Bard
SpiritBreaker SpiritBreaker
Slark Slark
Lich Lich
CrystalMaiden CrystalMaiden
ArcWarden ArcWarden
Ashe Ashe
Kled Kled
Magnus Magnus
Maokai Maokai
Nunu Nunu
BountyHunter BountyHunter
Rumble Rumble
Jinx Jinx
Lucian Lucian
Xerath Xerath
CentaurWarrunner CentaurWarrunner
Disruptor Disruptor
Heimerdinger Heimerdinger
Tiny Tiny
ChaosKnight ChaosKnight
Lux Lux
Jhin Jhin
Draven Draven
Ziggs Ziggs
WraithKing WraithKing
Talon Talon
NightStalker NightStalker
LoneDruid LoneDruid
