L16 L73 L99 L129 L128 L22 L94 L85 L150 L87 L12 L28 L52 L79 L114 L84 L8 L116 L101 L93 L6 L124 L62 L82 L153 L131 L141 L89 L11 L107 L126 L104 L9 L74 L134 L38 L76 L109 L21 L147 L143 L4 L149 L63 L27 L138 L103 L133 L47 L146 L20 L92 L90 L119 L75 L142 L95 L19 L130 L5 L18 L110 L53 L1 L152 L106 L35 L88 L77 L70 L56 L96 L151 L139 L125 L78 L148 L91 L43 L100 L140 L145 L67 L24 L7 L41 L16
80
L1 L1
L116 L2
L4 L4
L5 L5
L7 L7
L8 L8
L9 L9 L83
L11 L11
L12 L12
L16 L16
L18 L18
L20 L20
L21 L21
L22 L22
L24 L24
L27 L27
L28 L28
L6 L29
L35 L35
L38 L38
L143 L40 L65 L143
L43 L43
L47 L47
L52 L52
L53 L53
L56 L56
L63 L61 L63
L62 L62
L67 L67
L133 L68 L133 L144
L70 L70
L119 L72 L80 L119
L74 L74
L75 L75
L76 L76
L77 L77
L78 L78
L79 L79
L82 L82
L84 L84
L85 L85
L87 L87
L89 L89
L90 L90
L91 L91
L92 L92
L93 L93
L94 L94
L95 L95
L99 L99
L100 L100
L101 L101
L103 L103
L104 L104
L106 L106
L107 L107
L109 L109
L110 L110
L114 L114
L124 L124
L125 L125
L126 L126
L128 L128
L129 L129
L130 L130
L131 L131
L134 L134
L138 L138
L139 L139
L140 L140
L141 L141
L142 L142
L145 L145
L146 L146
L147 L147
L149 L149
L150 L150
L151 L151
L152 L152
L153 L153
