0 4 10 8 9 133 131 138 56 60 19 12 7 76 29 24 25 28 23 16 13 11 15 22 18 26 27 33 31 32 36 39 34 40 118 47 43 35 30 49 42 73 68 64 137 132 75 67 62 146 145 148 142 127 122 120 125 123 119 80 82 81 86 84 83 85 78 77 70 65 66 69 113 105 108 111 109 104 97 89 96 98 93 95 101 117 110 114 107 44 45 51 53 55 141 134 128 135 143 90 94 97 5 0
100
0 0
4 4
5 5
7 7
8 8
9 9
10 10
11 11
12 12
13 13
15 15
16 16
18 18
19 19
22 22
23 23
24 24
25 25
26 26
27 27
28 28
29 29
30 30
31 31
32 32
33 33
34 34
35 35
36 36
39 39
40 40
42 42
43 43
44 44
45 45
47 47
49 49
51 51
53 53
55 55
56 56
60 60
62 62
64 64
65 65
66 66
67 67
68 68
69 69
70 70
73 73
75 75
76 76
77 77
78 78
80 80
81 81
82 82
83 83
84 84
85 85
86 86
89 89
93 93
94 94
95 95
96 96
97 97
98 98
101 101
104 104
105 105
108 108
109 109
110 110
111 111
113 113
114 114
117 117
118 118
119 119
120 120
122 122
123 123
125 125
127 127
128 128
131 131
132 132
133 133
134 134
135 135
137 137
138 138
141 141
142 142
143 143
145 145
146 146
148 148
