190 135 166 56 45 153 5 172 192 84 186 23 168 103 44 64 55 36 55 34 65 38 145 121 104 22 117 68 100 179 66 71 182 2 182 113 94 141 30 181 102 198 102 151 21 176 169 57 50 54 163 54 108 69 108 133 108 162 95 74 60 76 49 185 112 85 149 156 1 142 92 132 99 134 188 52 138 52 61 52 33 58 83 129 33 67 165 93 189 111 67 147 27 40 90 193 146 193 139 62 46 109 118 9 177 159 11 195 123 47 6 137 106 92 132 152 51 190
91
1 1
2 2
108 3 108
5 5
67 8 67
68 10 68
11 11
21 21
22 22
23 23
27 27
151 29
30 30
54 32 54
33 33 114
34 34
36 36
38 38
40 40
44 44
45 45
46 46
47 47
50 50
52 52
55 55
56 56
57 57
60 60
61 61
62 62
65 65
66 66
69 69
71 71
76 76
83 83
84 84
92 92
93 93 116 164
94 94
95 95
99 99
100 100
177 101 177
102 102
103 103
104 104
106 106
109 109
111 111
112 112
113 113
117 117
118 118
121 121
123 123
129 129
132 132
133 133
135 135
165 136 165
137 137
138 138
139 139
141 141
142 142
146 146
149 149
152 152
153 153
156 156
162 162
163 163
166 166
168 168
169 169
172 172
159 173
176 176
179 179
181 181
182 182
185 185
186 186
188 188
189 189
192 192
193 193
195 195
198 198
