n0 n85 n68 n61 n31 n66 n59 n32 n87 n2 n8 n36 n25 n13 n43 n76 n35 n97 n17 n96 n99 n39 n78 n54 n57 n86 n6 n88 n33 n12 n77 n56 n34 n49 n40 n55 n65 n93 n74 n20 n44 n16 n51 n69 n42 n71 n95 n62 n38 n89 n30 n64 n18 n53 n4 n1 n84 n63 n27 n14 n82 n24 n9 n3 n79 n52 n80 n91 n72 n26 n70 n47 n37 n41 n73 n58 n7 n22 n92 n28 n60 n45 n48 n21 n11 n23 n67 n50 n0
88
n0 n0
n1 n1
n2 n2 n81
n3 n3
n4 n4
n53 n5 n53
n6 n6
n7 n7
n8 n8
n9 n9
n20 n10 n20
n11 n11
n12 n12
n13 n13
n14 n14
n58 n15 n58
n16 n16
n17 n17
n18 n18
n89 n19 n89 n90
n21 n21
n22 n22
n23 n23
n24 n24
n25 n25 n94
n26 n26
n27 n27
n28 n28
n47 n29 n47
n30 n30 n98
n31 n31
n32 n32
n33 n33
n34 n34
n35 n35
n36 n36
n37 n37
n38 n38
n39 n39
n40 n40
n41 n41
n42 n42
n43 n43
n44 n44
n45 n45
n93 n46 n93
n48 n48
n49 n49
n50 n50
n51 n51
n52 n52
n54 n54
n55 n55
n56 n56
n57 n57
n59 n59
n60 n60
n61 n61
n62 n62
n63 n63
n64 n64
n65 n65
n66 n66
n67 n67
n68 n68
n69 n69
n70 n70
n71 n71
n72 n72
n73 n73
n74 n74
n86 n75 n86
n76 n76
n77 n77
n78 n78 n83
n79 n79
n80 n80
n82 n82
n84 n84
n85 n85
n87 n87
n88 n88
n91 n91
n92 n92
n95 n95
n96 n96
n97 n97
n99 n99
