Liam Jordan Jack Joshua Lucas Noah Maverick Camden Bentley Jayden Max Grant Cooper Grant Max Lincoln Dylan Andrew Oliver Patrick Easton Richard Aiden Mateo Miguel Messiah John Matthew Jayce Gabriel Jayce Henry Malachi Bryson Malachi Adam Colton Adam Malachi Bryson Leo Alexander Grayson Elliot Jasper Connor Nathan Kevin Weston Jaxson Weston Kevin Finn Jacob Finn Luke Miles Nolan Elijah Adrian Elijah Nolan Logan Nolan Ryan Xavier Steven James Isaac James Steven Hunter Thomas Hunter Zachary Jude Theodore Rowan Austin Hayden Christian Rhett Zion Messiah Eric Samuel Eric Greyson Chase Aaron Michael Aaron David Brody George Ethan Brantley Kai Christopher Kai Carson Emmanuel Gael Wyatt Gael Dawson Alejandro Ian Alejandro Dawson Marcus Parker Marcus Tyler Eli Sawyer Steven Jonathan Preston Jose Ezra Jackson Braxton Silas Nicholas Daniel Jameson Benjamin Jameson Hudson Jameson Matteo Julian Josiah Justin Bennett Landon William Beau Dean Maxwell Anthony Angel Jaxson Cameron Caleb Elliott Carter Santiago Kaleb Elias Kaleb Abraham Giovanni Robert Joseph Jude Evan Jude Jace Jude Zachary Hunter Isaiah Hunter Zachary Richard Aiden Tucker Charles Mason Charles Tucker Dawson Declan Brayden Asher Waylon Jaxon King Grant Antonio Owen Antonio Grant Zayden Dominic Victor Gabriel Jayce Henry Malachi Edward Sebastian Bryce Oscar Levi Oscar Xander Maddox Ezekiel Jeremiah Ezekiel Maddox Xander Leonardo Jordan Liam
90
Liam Liam
Noah Noah
William William
James James
Logan Logan
Benjamin Benjamin
Mason Mason
Elijah Elijah
Oliver Oliver
Jacob Jacob
Lucas Lucas
Michael Michael
Alexander Alexander
Ethan Ethan
Daniel Daniel
Matthew Matthew
Aiden Aiden
Henry Henry
Joseph Joseph
Jackson Jackson
Samuel Samuel
Sebastian Sebastian
David David
Carter Carter
Wyatt Wyatt
Jayden Jayden
John John
Owen Owen
Dylan Dylan
Luke Luke
Gabriel Gabriel
Anthony Anthony
Isaac Isaac
Grayson Grayson
Jack Jack
Julian Julian
Levi Levi
Christopher Christopher
Joshua Joshua
Andrew Andrew
Lincoln Lincoln
Mateo Mateo
Ryan Ryan
Jaxon Jaxon
Nathan Nathan
Aaron Aaron
Isaiah Isaiah
Thomas Thomas
Charles Charles
Caleb Caleb
Josiah Josiah
Christian Christian
Hunter Hunter
Eli Eli
Jonathan Jonathan
Connor Connor
Landon Landon
Adrian Adrian
Asher Asher
Cameron Cameron
Leo Leo
Theodore Theodore
Jeremiah Jeremiah
Hudson Hudson
Robert Robert
Easton Easton
Nolan Nolan
Nicholas Nicholas
Ezra Ezra
Colton Colton
Angel Angel
Brayden Brayden
Jordan Jordan
Dominic Dominic
Austin Austin
Ian Ian
Adam Adam
Elias Elias
Jaxson Jaxson
Greyson Greyson
Jose Jose
Ezekiel Ezekiel
Carson Carson
Evan Evan
Maverick Maverick
Bryson Bryson
Jace Jace
Cooper Cooper
Xavier Xavier
Parker Parker
