Liam Benjamin Liam Jaxon James Samuel Alexander Henry Alexander Samuel Mason William Carter William Mason Noah Joseph Matthew Joseph Jacob Joseph Michael Luke Oliver Charles Andrew Lucas Jackson Ethan Logan Wyatt Daniel Mateo Alexander Samuel Sebastian Jaxon Liam
23
Liam Liam
Noah Noah
William William
James James
Logan Logan
Benjamin Benjamin
Mason Mason Elijah
Oliver Oliver
Jacob Jacob
Lucas Lucas
Michael Michael
Alexander Alexander
Ethan Ethan
Daniel Daniel
Matthew Matthew
Jaxon Aiden David
Henry Henry
Joseph Joseph
Jackson Jackson
Samuel Samuel
Sebastian Sebastian
Carter Carter
Wyatt Wyatt
