0 52 58 38 9 38 46 19 35 19 31 42 29 26 12 24 21 22 92 16 17 7 32 1 40 45 49 68 11 70 15 56 25 44 82 13 69 3 82 64 39 89 80 47 2 78 8 43 10 48 18 36 18 86 4 20 41 20 78 30 37 30 78 5 78 2 47 80 33 14 58 52 27 52 0 23 88 0
49
43 43
11 11
2 2
25 25 34
35 35
20 20
9 9
33 33
32 32
36 36
21 21
41 41
30 30
46 46
8 8
45 45
7 7
13 13
12 12
37 37
44 44
40 40
42 42
47 47
31 31
3 3
1 1
26 26
27 27
19 19
23 23
88 6
17 17
22 22
29 29
5 5
15 15
24 24
80 28
14 14
38 38
48 48
49 49
39 39
4 4
0 0
18 18
10 10
16 16
