F1E81B 813B05 6B644E 6CAF46 685D1A 6CAF46 B7F75A EC4D08 770D1A CDC6D4 8417C8 6C010A 1E1095 FFFD4B 573788 FFFD4B 17779E 8C971D 8EBF8A 239994 BDE94D DE6899 59843B D1967A 3B4B53 E3C2C9 0CBC31 8F495E 13A782 E80628 14B430 D4A75D 124C90 612FAA 8BFCAC B23A80 E33276 29D5D7 8015E0 93EBE3 D6CC7A B47658 D6CC7A 846159 783751 ABD8FE 20EAE7 94A561 77A0B5 490F1E 614224 FFEEBD 7BE8A9 C9AF85 9096DB 36590B 66048A 90451D CEAC59 90451D 5BB557 1EC224 C4303B 2CA4AD 1B337D 7E1C6C 1B337D C45E71 4A28BA C45E71 6B622D 5F4E43 A014A0 D8AAF4 8F17C0 151BC9 825EC5 013940 5D0E2E 6E313C 5D0E2E C953A6 8B519F 2595F1 8B6C2F 2595F1 04439C AEFF96 36C862 7829D7 CF668A BB40E6 205E5C DCE144 205E5C 2FEDFB 191510 305D33 191510 6B4619 CC9C14 A1F104 CC9C14 6B4619 C3EF62 10520F 086D53 61199E 086D53 F33196 086D53 4A5708 086D53 17BB75 47FACD 0F5860 002274 D337F2 002274 C3B3E7 EE2A22 4B97F1 85D6DB 63361A 85D6DB 7D997B 2924CB 1F842B 7E78F3 1F842B B69F55 2CCB19 B69F55 79BC3D 462226 396D53 3C5D7A 230A7C 4B3F8A 86493E 596CF6 EB8E2E 14994D EB8E2E A9F1B8 24743A 5C7062 4CAD30 EB719D 1111F7 6966D7 1111F7 6B340B A9F1B8 4099A6 1EC224 293D59 C953A6 112AE7 BB4908 C18C9B BB4908 E5E6C0 580DB7 AD0427 28F6D1 E0BEFC EC4D08 851F90 EC4D08 CC6D2A 2BF7B5 CC6D2A AE4A01 F1E81B
99
614224 614224
7E1C6C 7E1C6C
490F1E 490F1E
17779E 17779E
2FEDFB 2FEDFB
6B622D 6B622D
8015E0 8015E0
C4303B C4303B
AE4A01 AE4A01
230A7C 230A7C
4A28BA 4A28BA
305D33 305D33
E3C2C9 E3C2C9
4CAD30 4CAD30
8B6C2F 8B6C2F
D1967A D1967A
D4A75D D4A75D
851F90 851F90
61199E 61199E
124C90 124C90
3B4B53 3B4B53
DE6899 DE6899
AEFF96 AEFF96
8BFCAC 8BFCAC
1F842B 1F842B
C3B3E7 C3B3E7
770D1A 770D1A
8B519F 8B519F
E5E6C0 E5E6C0
293D59 293D59
86493E E81014 86493E
396D53 396D53
C3EF62 C3EF62
8F17C0 8F17C0
CEAC59 CEAC59
7E78F3 7E78F3
F33196 F33196
2CCB19 2CCB19
14B430 14B430
239994 239994
29D5D7 29D5D7
846159 6D51F4
4099A6 4099A6
6B340B 6B340B
B69F55 B69F55
B7F75A B7F75A
F1E81B F1E81B
36C862 36C862
8417C8 8417C8
A1F104 A1F104
0F5860 0F5860
8EBF8A 8EBF8A
5C7062 5C7062
63361A 63361A
7D997B E51A66
5F4E43 5F4E43
20EAE7 20EAE7
90451D 90451D
7829D7 7829D7
14994D 14994D
85D6DB 85D6DB
2BF7B5 2BF7B5
596CF6 596CF6
ABD8FE ABD8FE
813B05 813B05
66048A 66048A
A9F1B8 52C88C
8F495E 8F495E
28F6D1 28F6D1
36590B 36590B
BB40E6 BB40E6
47FACD 47FACD
573788 573788
DCE144 DCE144
B47658 B47658
151BC9 151BC9
BB4908 BB4908
685D1A 685D1A
93EBE3 93EBE3
5BB557 5BB557
4B97F1 4B97F1
C9AF85 C9AF85
FFFD4B FFFD4B
D337F2 D337F2
783751 783751
6966D7 6966D7
1E1095 1E1095
59843B 59843B
FFEEBD FFEEBD
9096DB 9096DB
E80628 E80628
C18C9B C18C9B
77A0B5 77A0B5
4A5708 4A5708
CC9C14 CC9C14
94A561 94A561
0CBC31 0CBC31
6E313C 6E313C
D6CC7A D6CC7A
