engine menu error member age reputation significance situation temperature police emphasis flight politics business girl interaction song dealer preparation area office light delivery card mind speech secretary energy series grandmother tool engineering failure process leadership model chapter measurement promotion drawer funeral teacher standard problem material dirt eye meal tax tension data moment beginning accident beer sport director tooth figure choice satisfaction two machine country side drawing piano worker aspect view ear clothes money bus volume idea time answer section birth fact town singer analyst ratio editor performance departure source variation education buyer difficulty war step teaching space age sympathy understanding age class bath engine
100
engine engine
age age
temperature temperature
error error
reputation reputation
interaction interaction
police police
significance significance
flight flight
delivery delivery
dealer dealer
menu menu
card card
situation situation
girl girl
politics politics
emphasis emphasis
member member
song song
preparation preparation
business business
process process
speech speech
office office
light light
series series
grandmother grandmother
area area
mind mind
energy energy
secretary secretary
tool tool
leadership leadership
engineering engineering
failure failure
promotion promotion
teacher teacher
standard standard
eye eye
moment moment
model model
funeral funeral
problem problem
meal meal
chapter chapter
tax tax
material material
accident accident
tension tension
drawer drawer
tooth tooth
beginning beginning
figure figure
director director
dirt dirt
sport sport
choice choice
satisfaction satisfaction
side side
aspect aspect
data data
machine machine
beer beer
clothes clothes
two two
measurement measurement
view view
ear ear
drawing drawing
piano piano
time time
money money
volume volume
country country
section section
bus bus
worker worker
idea idea
ratio ratio
town town
answer answer
fact fact
birth birth
singer singer
analyst analyst
education education
departure departure
buyer buyer
editor editor
source source
war war
variation variation
performance performance
difficulty difficulty
space space
sympathy sympathy
understanding understanding
step step
teaching teaching
class class
