0 13 17 68 44 70 65 70 17 0 100 105 138 105 100 101 113 189 113 188 113 101 117 101 109 167 109 101 116 198 116 101 112 182 112 180 112 179 112 101 115 196 115 194 115 101 110 168 110 169 110 172 110 171 110 173 110 175 110 101 111 177 111 178 111 101 100 102 124 102 118 102 123 102 121 102 100 104 136 104 100 103 128 103 130 103 127 103 100 106 145 106 146 106 147 106 142 106 144 106 149 106 100 0 31 35 31 89 26 89 1 89 31 3 4 96 4 63 4 14 11 58 11 55 11 3 51 3 29 75 18 75 28 75 3 4 49 4 87 4 3 56 3 0 17 77 22 5 42 5 86 90 86 10 83 10 99 10 20 43 20 86 85 86 81 82 81 86 0 100 107 152 107 153 107 151 107 100 101 108 158 108 156 108 160 108 154 108 101 100 0 31 25 24 25 59 25 31 57 21 57 31 64 72 64 35 17 80 66 80 17 0
96
1 1
4 4
5 5
64 7
10 10
13 13
14 14
17 17
18 18
20 20
21 21
22 22
24 24
25 25
26 26
28 28
29 29
31 31 53
35 35
42 42
43 43
44 44
49 49
51 51
75 54 75
55 55
56 56
57 57
58 58
59 59
86 62 86 98
63 63
65 65
66 66
68 68
70 70
72 72
77 77
81 81
82 82
83 83
85 85
87 87
89 89
90 90
96 96
99 99
100 100
101 101
102 102
104 104
105 105
106 106
109 109
112 112
113 113
117 117
118 118
121 121
123 123
124 124
127 127
128 128
130 130
136 136
138 138
142 142
144 144
145 145
146 146
147 147
149 149
151 151
152 152
153 153
154 154
156 156
158 158
160 160
167 167
168 168
169 169
171 171
172 172
173 173
175 175
177 177
178 178
179 179
180 180
182 182
188 188
189 189
194 194
196 196
198 198
