azv oqv xie hyb yiy wpu yvc jwx dqy ijd ovx ctf gei cim cwq brw cwq gcw ipq yfq ncc vfq eqa mis boc mpw cib ufa txp sau qzx hlc hwc scm aur pzr hob wcd hob hsi jvc ryg hcc ivp zuz lmh gfr uyd rfl vxn cvb rcw uua brw hip yiy azv
47
wcd wcd
mis mis
rfl rfl
gei gei
azv azv
oqv rti oqv
zuz zuz
aur aur
hip hip
hcc hcc
brw brw
yvc yvc
ipq ipq
ufa ufa
uua uua
hlc hlc
hwc hwc
xie xie
yiy yiy
pzr pzr
ctf ctf
gfr gfr
hsi hsi
rcw rcw
jvc jvc
hyb hyb
boc boc
sau sau
cib cib
ijd ijd
vxn vxn
mpw mpw
ivp ivp
eqa eqa
ovx ovx
lmh lmh
scm scm
vfq vfq
qzx qzx
cim cim
jwx jwx
dqy dqy
uyd rov uyd
ncc ncc
gcw gcw mtd
cwq cwq
yfq yfq
