xse rsg ckx loj uok cen ego kfu nsw ils jfh miy mti svk uau ptu ttw byu ruo qxs zkt qdw qkp yug qkp nvz lvm fia nmf ocp wyg pjf gex ljd tso tdu nbk ukv nii rjv hmi vtd aeg xeh kpp fjy vmv fbk nko nhi vzr jgt nry cun gfa bnl agh vvn nwn uuw vmt emz wiy qbf rir ksg tlh ceo xjt fgp vlb mok vlb adx kxn fin dgl brt hcr kcv qjf uwo bod ogh bod krr fhv khu xme vwg pvs fzi lwk nfr lrj txq rtc hpx wbg aii bdh rtc pvs ikb xnr nwc qzf zdb ask zud phg jam ybr xse
94
jfh jfh
xme xme
uau uau
vvn vvn
loj loj
nii nii
bod bod
vzr vzr fyc
byu byu
ttw ttw bda
uuw uuw
zkt zkt
yug yug
zud zud
jam jam
ljd ljd cma
vmt vmt
lwk lwk
mti mti
ocp ocp
fzi fzi
lrj lrj
nko nko
nry nry
txq txq
aii aii
ruo ruo
mok mok
fjy fjy
hmi hmi
qbf qbf
hpx hpx
vmv vmv
adx adx
qjf qjf tko
nhi nhi
kpp kpp
jgt jgt
aeg aeg
ybr ybr
lvm lvm
fia fia
qxs qxs
tso tso
wyg wyg
svk svk
cen cen
wiy wiy
khu khu
qdw qdw
miy miy
nwc nwc
uok uok
tdu tdu
fin fin
rtc rtc
fhv fhv
ogh ogh
nsw nsw
pjf pjf
fbk fbk
cun cun
vwg vwg
ptu ptu
bdh bdh
hcr hcr
xjt xjt
kxn kxn
kfu kfu
rjv idv rjv
nmf nmf
ikb ikb
krr krr
bnl bnl
zdb zdb
xeh xeh
ksg ksg
vtd vtd
pvs pvs
wbg wbg
dgl dgl
emz emz
ckx ckx
ukv ukv
uwo uwo
phg phg
rsg rsg
nvz nvz
gex gex
nfr nfr
tlh tlh
ego ego
ils ils
fgp fgp
