Vernon Anaheim Industrial Winterhaven Brundage Bell Bradley Huron Cerro Temecula Pacheco Fox Chittenden Armstrong Sunny Strawberry All Stockdale Robertsville Saint Bangor Smith Terra Quail Parchester Warner Industry Marshall Clayton Hoffman Kaiser Rowland Civic Collins Mecca Flinn Dulzura Roseland Presidio Richvale Bodad Grasslands Three Blue Del Helm Tijuana Manker Crestmont Louis Bakersfield Sacramento Cabbage Potrero Delta Escondido Yurok Alamo Cambridge Pleasant Woody Bonny Calaveras Smoke Lake Wallace Sherman Santa Cudahy Glencoe Capuchino Sulpizio Garcia Veterans Forbestown Yankee Buena Coddingtown Escalon Cressey Hammer Rough Le Fullerton Balboa South Beach California Ritter Donner Fiorini Timbuctoo Antelope Ramona Downtown Davenport Portola Costa Carmel Moores Calexico Cypress Vernon
100
California California
Portola Portola
Cerro Cerro
Sunny Sunny
Forbestown Forbestown
Sherman Sherman
Terra Terra
Industry Industry
Balboa Balboa
Rough Rough
Capuchino Capuchino
Strawberry Strawberry
Veterans Veterans
Yankee Yankee
All All
Garcia Garcia
Wallace Wallace
Richvale Richvale
Sacramento Sacramento
Kaiser Kaiser
Donner Donner
Chittenden Chittenden
Alamo Alamo
Brundage Brundage
Hammer Hammer
Timbuctoo Timbuctoo
Bodad Bodad
Fullerton Fullerton
Stockdale Stockdale
Cypress Cypress
Dulzura Dulzura
Del Del
Clayton Clayton
Saint Saint
Armstrong Armstrong
Crestmont Crestmont
Ritter Ritter
South South
Anaheim Anaheim
Hoffman Hoffman
Temecula Temecula
Louis Louis
Delta Delta
Rowland Rowland
Mecca Mecca
Fox Fox
Roseland Roseland
Helm Helm
Industrial Industrial
Beach Beach
Lake Lake
Cambridge Cambridge
Blue Blue
Bonny Bonny
Bradley Bradley
Glencoe Glencoe
Smith Smith
Winterhaven Winterhaven
Buena Buena
Fiorini Fiorini
Bangor Bangor
Manker Manker
Pleasant Pleasant
Presidio Presidio
Tijuana Tijuana
Bell Bell
Quail Quail
Grasslands Grasslands
Flinn Flinn
Cudahy Cudahy
Moores Moores
Parchester Parchester
Ramona Ramona
Davenport Davenport
Downtown Downtown
Calaveras Calaveras
Costa Costa
Marshall Marshall
Coddingtown Coddingtown
Smoke Smoke
Collins Collins
Yurok Yurok
Civic Civic
Le Le
Santa Santa
Cressey Cressey
Escalon Escalon
Robertsville Robertsville
Three Three
Warner Warner
Antelope Antelope
Potrero Potrero
Escondido Escondido
Huron Huron
Carmel Carmel
Woody Woody
Sulpizio Sulpizio
Pacheco Pacheco
Bakersfield Bakersfield
Cabbage Cabbage
