Shelf0 Toolbox153 Ring169 Puppy140 Mail22 Allergies103 Cat163 Whale137 Drugs184 Toilet13 Drugs184 Monster73 Websites4 Clock139 Soap64 Crab83 Robot93 Poop150 Soap53 System156 Nuclear18 Solar130 Book171 Comics28 Light30 Comics113 Toolbox72 Ice9 Solar162 Website190 Water135 Rollers95 Kitty98 Laptop125 Water29 Solar192 Soda119 Drugs195 Running177 Hnads116 Running177 Dislike143 Towel154 Boat67 Shoes8 Dislike12 Shoes8 Soap58 Toilet191 Elevator115 Shoe17 Urine108 Hnads182 Plus78 Urine97 Ice50 Settings75 Flowers178 Dislike27 Book24 Dislike27 Soda197 Shelf40 Ice41 Laptop19 Ice41 YouTube44 Robot51 Plants118 Ring60 Solar71 Fusion104 Poop80 Websites94 Fusion34 Rollers63 Nuclear35 Rollers14 BBQ36 Urine20 Kitty89 Horse148 Clock2 Puppy117 Ice165 Water38 Ice165 Body55 Mail6 Poop76 Clock61 Whale31 Cat187 Printer188 Sink109 Shower47 Sink109 Shower57 Clock61 Post158 Whale126 Towel92 Poop5 Robot164 Whale114 Urine124 Male149 Toolbox147 Soap3 Ring82 Android196 Dog168 Sink157 Monster175 Toolbox144 System183 Comics107 Shelf0
92
Shelf0 Shelf0
Clock2 Clock2
Websites4 Websites4
Mail6 Mail6
Shoes8 Shoes8
Ice9 Ice9
Dislike12 Dislike12
Toilet13 Toilet13
Rollers14 Rollers14
Drugs195 Cat15 System79 Drugs195
Shoe17 Shoe17
Nuclear18 Nuclear18
Laptop19 Laptop19
Urine20 Urine20
Mail22 Mail22
Book24 Book24
Dislike27 Dislike27
Water29 Water29
Light30 Light30
Fusion34 Fusion34
Nuclear35 Nuclear35
BBQ36 BBQ36
Water38 Water38
Hnads116 Drugs39 Hnads116
Shelf40 Shelf40
Ice41 Ice41
Shower47 Shower47
Robot51 Robot51
Body55 Body55
Shower57 Shower57
Soap58 Soap58
Clock61 Clock61
Soap64 Soap64
Boat67 Boat67
Solar71 Solar71
Toolbox72 Toolbox72
Monster73 Monster73
Settings75 Settings75
Poop76 Poop76
Poop150 Leash77 Poop150
Plus78 Plus78
Poop80 Poop80
Ring82 Ring82
Crab83 Crab83
Rollers63 Breakfast85
Clock139 Allergies88 Clock139
Kitty89 Kitty89
Towel92 Towel92
Robot93 Robot93
Rollers95 Rollers95
Urine97 Urine97
Kitty98 Kitty98
Allergies103 Allergies103
Fusion104 Fusion104
Comics107 Comics107
Sink109 Sink109
Whale114 Whale114
Puppy117 Puppy117
Plants118 Plants118
Soda119 Soda119
Urine124 Urine124
Laptop125 Laptop125
Whale126 Whale126
Solar130 Solar130
Water135 Water135
Whale137 Whale137
Puppy140 Puppy140
Dislike143 Dislike143 Allergies176
Ring169 Toolbox146 Ring169
Horse148 Horse148
Male149 Male149
Toolbox153 Toolbox153
Towel154 Towel154
System156 System156
Post158 Post158
Solar162 Solar162 Kitty194
Robot164 Robot164
Ice165 Ice165
Dog168 Dog168
Book171 Book171
Elevator115 Shoe174
Monster175 Monster175
Flowers178 Flowers178
Toilet191 Dog181
Hnads182 Hnads182
System183 System183
Cat187 Cat187
Printer188 Printer188
Website190 Website190
Solar192 Solar192
Android196 Android196
Soda197 Soda197
