Aberdeen Reno Hampton Newburgh Hampton Reno Springdale Reno SouthLyon Montgomery Kennewick WestValleyCity Henderson Austin Winston Tuscaloosa Hampton Lowell Chattanooga SaltLakeCity Redding SanAntonio ChulaVista Racine Elkhart Pensacola Elkhart Lewisville Gainesville Lewisville StPetersburg Lakewood Columbia GreenBay McAllen Marina McAllen Modesto SanBernardino Hartford Miramar Newburgh Hampton Reno Aberdeen
25
Pensacola Pensacola
SaltLakeCity SaltLakeCity
Gainesville Gainesville
Hampton Hampton
Winston Winston
Tuscaloosa Tuscaloosa
WestValleyCity WestValleyCity
Chattanooga Chattanooga
Modesto Modesto
Henderson Henderson
Lewisville Lewisville
Miramar Miramar
Racine Racine
Reno Reno
Lowell Lowell
SanBernardino SanBernardino
SouthLyon SouthLyon
Newburgh Newburgh
Austin Austin
Montgomery Montgomery
GreenBay GreenBay
SanAntonio SanAntonio
StPetersburg StPetersburg
Marina Marina
Springdale Springdale
