AndyandZeyu h AndyandZeyu j2 f2 h2 i2 c2 g2 AndyandZeyu g4 AndyandZeyu i7 j6 g7 h7 b7 f7 AndyandZeyu i8 AndyandZeyu g9 AndyandZeyu i12 j11 g12 h12 b12 f12 AndyandZeyu i13 AndyandZeyu g14 AndyandZeyu i17 j16 g17 h17 b17 f17 AndyandZeyu i18 AndyandZeyu h1 g1 AndyandZeyu g6 f6 j5 AndyandZeyu6 h6 i6 AndyandZeyu g11 f11 j10 AndyandZeyu11 h11 i11 AndyandZeyu g16 f16 j15 AndyandZeyu16 h16 i16 AndyandZeyu f3 j3 g3 h3 AndyandZeyu j1 i1 b1 f1 b1 AndyandZeyu g8 f8 j8 f8 h8 j7 j8 AndyandZeyu g13 f13 j13 f13 h13 j12 j13 AndyandZeyu g18 f18 j18 f18 h18 j17 j18 AndyandZeyu f j g j i AndyandZeyu i0 AndyandZeyu0 g0 j0 f0 h0 f0 AndyandZeyu f4 i4 h4 AndyandZeyu f9 i9 h9 AndyandZeyu f14 i14 h14 AndyandZeyu h5 j4 f5 i5 e5 g5 e5 AndyandZeyu h10 j9 f10 i10 e10 g10 e10 AndyandZeyu h15 j14 f15 i15 e15 g15 e15 AndyandZeyu
99
f f
g g
h h
i i
j j
f0 f0
g0 g0
h0 h0
i0 i0
j0 j0
f1 f1
g1 g1
h1 h1
i1 i1
j1 j1
f2 f2
g2 g2
h2 h2
i2 i2
j2 j2
f3 f3
g3 g3 i3
h3 h3
j3 j3
f4 f4
g4 g4
h4 h4
i4 i4
j4 j4
f5 f5
g5 g5
h5 h5
i5 i5
j5 j5
f6 f6
g6 g6
h6 h6
i6 i6
j6 j6
f7 f7
g7 g7
h7 h7
i7 i7
j7 j7
f8 f8
g8 g8
h8 h8
i8 i8
j8 j8
f9 f9
g9 g9
h9 h9
i9 i9
j9 j9
f10 f10
g10 g10
h10 h10
i10 i10
j10 j10
f11 f11
g11 g11
h11 h11
i11 i11
j11 j11
f12 f12
g12 g12
h12 h12
i12 i12
j12 j12
f13 f13
g13 g13
h13 h13
i13 i13
j13 j13
f14 f14
g14 g14
h14 h14
i14 i14
j14 j14
f15 f15
g15 g15
h15 h15
i15 i15
j15 j15
f16 f16
g16 g16
h16 h16
i16 i16
j16 j16
f17 f17
g17 g17
h17 h17
i17 i17
j17 j17
f18 f18
g18 g18
h18 h18
i18 i18
j18 j18
