Jason Derek Ricky Jeffery Jordan Stephen Brad Jeffrey Robert Samantha Shannon April Robin Randy Melinda Dustin Michelle Paul Scott Johnathan Megan Bryan Jacqueline Kimberly Ashley Melissa Heather Nathaniel Roy Gregory Jose Sabrina Shawn Mark Regina Kayla John Carrie Stacie Ronnie Elizabeth Wayne Jill Logan Cristian William Mercedes Grace Kari Rebecca Brett Rebekah Crystal Monica Rachel Andrew Edwin Dana Joshua Cheryl Kara Tammy Dylan Shane Tristan Brian Gabriel Laura Nicholas Alexandra Evan Brittany Kyle David Claire Mario Susan Wendy Kelsey Carol Amanda Jennifer Katelyn James Jane Mary Kathy Adrian Timothy Jeremy Misty Adam Joseph Lauren Karen Juan Tommy Christina Nicole Charles Lauren Kristen Derek Jason
100
Derek Derek
Nathaniel Nathaniel
Heather Heather
Gabriel Gabriel
Adam Adam
Misty Misty
Shannon Shannon
Samantha Samantha
Katelyn Katelyn
Adrian Adrian
John John
Nicole Nicole
Brad Brad
Claire Claire
David David
Lauren Lauren
Joshua Joshua
Mario Mario
Roy Roy
Kara Kara
Johnathan Johnathan
Dana Dana
Cristian Cristian
Ricky Ricky
Tristan Tristan
Paul Paul
Laura Laura
Stacie Stacie
Jose Jose
Melissa Melissa
Kari Kari
Evan Evan
Carol Carol
Carrie Carrie
Brian Brian
Andrew Andrew
Jeffery Jeffery
Robert Robert
Mark Mark
Regina Regina
Kelsey Kelsey
Wayne Wayne
Megan Megan
Jeffrey Jeffrey
Shane Shane
Timothy Timothy
Joseph Joseph
Charles Charles
Crystal Crystal
William William
Mary Mary
Cheryl Cheryl
Rebekah Rebekah
Shawn Shawn
Dustin Dustin
Jacqueline Jacqueline
Logan Logan
Gregory Gregory
Kimberly Kimberly
Amanda Amanda
Christina Christina
Rebecca Rebecca
Scott Scott
Mercedes Mercedes
Dylan Dylan
Wendy Wendy
Kayla Kayla
Edwin Edwin
Michelle Michelle
Stephen Stephen
Kristen Kristen
Brett Brett
Karen Karen
Ronnie Ronnie
Jill Jill
Sabrina Sabrina
Elizabeth Elizabeth
Tommy Tommy
James James
Juan Juan
Brittany Brittany
Kathy Kathy
Susan Susan
Monica Monica
Bryan Bryan
Jane Jane
Alexandra Alexandra
Grace Grace
April April
Nicholas Nicholas
Jennifer Jennifer
Jeremy Jeremy
Kyle Kyle
Tammy Tammy
Ashley Ashley
Jordan Jordan
Melinda Melinda
Rachel Rachel
Robin Robin
Randy Randy
