Glameow Inkay Spheal Gothorita Archeops Electivire Furret Turtwig Wailord Beheeyem Leavanny Beheeyem Golett Beheeyem Ledian Zygarde Ivysaur Meganium Ivysaur Spiritomb Bergmite Gumshoos Bergmite Feebas Togepi Sigilyph Yanma Electivire Archeops Loudred Glameow Spheal Gigalith Buneary Glalie Throh Fomantis Mudbray Fomantis Poochyena Piplup Meganium Ivysaur Spinarak Electivire Glameow
25
Electivire Electivire
Spiritomb Spiritomb
Wailord Wailord
Gumshoos Gumshoos
Spinarak Spinarak
Ledian Ledian
Buneary Buneary
Bergmite Bergmite
Glalie Glalie
Inkay Inkay
Zygarde Zygarde
Togepi Togepi
Yanma Yanma
Mudbray Mudbray
Piplup Piplup
Archeops Archeops
Spheal Spheal
Meganium Meganium
Furret Furret
Loudred Loudred
Gigalith Gigalith
Gothorita Gothorita
Golett Golett
Beheeyem Beheeyem
Leavanny Leavanny
