Florges Stufful Delibird Purrloin Sentret Celebi Bidoof Piloswine Bidoof Palossand Bouffalant Infernape Lillipup Hakamoo Buzzwole Volbeat Dialga Pichu Cofagrigus Persian Furfrou Bayleef Bisharp Pidgey Cherrim Cascoon Delibird Wailmer Primarina Kricketot Dusknoir Celesteela Snorlax Bewear Togetic Bergmite Wormadam Roggenrola Yanmega Hitmonlee Doublade Carracosta Aurorus Moltres Gastrodon Shaymin Regice Chansey Tentacruel Caterpie Machoke Timburr Claydol Girafarig Serperior Poliwag Vespiquen Weepinbell Tsareena Toxapex Ralts Toxapex Zubat Manectric Slugma Zapdos Poliwrath Drapion Flaaffy Omastar Stufful Florges Vespiquen Scolipede Vespiquen Florges
50
Weepinbell Weepinbell
Carracosta Carracosta
Yanmega Yanmega
Purrloin Purrloin
Timburr Timburr
Poliwag Poliwag
Poliwrath Poliwrath
Sentret Sentret
Celesteela Celesteela
Omastar Omastar
Persian Persian
Pichu Pichu
Zapdos Zapdos
Ralts Ralts
Togetic Togetic
Manectric Manectric
Lillipup Lillipup
Volbeat Volbeat
Moltres Moltres
Shaymin Shaymin
Piloswine Piloswine
Gastrodon Gastrodon
Infernape Infernape
Kricketot Kricketot
Primarina Primarina
Celebi Celebi
Stufful Stufful
Cherrim Cherrim
Delibird Delibird
Zubat Zubat
Dusknoir Dusknoir
Tentacruel Tentacruel
Wailmer Wailmer
Bidoof Bidoof
Regice Regice
Hitmonlee Hitmonlee
Bergmite Bergmite
Tsareena Tsareena
Dialga Dialga
Aurorus Aurorus
Machoke Machoke
Bayleef Bayleef
Cascoon Cascoon
Scolipede Scolipede
Buzzwole Buzzwole
Bouffalant Bouffalant
Wormadam Wormadam
Hakamoo Hakamoo
Girafarig Girafarig
Bisharp Bisharp
