75 71 76 73 78 80 72 74 10 1 2 6 10 21 26 28 30 22 24 21 88 82 89 87 86 88 99 92 91 97 94 100 98 99 35 36 37 32 33 31 35 61 66 70 63 69 62 61 43 42 47 45 49 50 43 51 53 58 59 58 51 11 12 16 20 17 11 74 72 77 75
47
1 1
2 2 7
10 10
12 12
16 13 16
20 19 20
21 21
22 22
24 24
26 26
28 28
30 30
31 31
32 32
33 33
36 36
37 37
42 42
45 45
47 47
50 50
53 53
59 59
63 63
66 66
61 67
69 69
70 70
71 71
72 72
73 73
74 74
75 75
76 76
78 78
80 80
82 82
86 86
87 87
88 88
89 89
91 91
92 92
94 94
97 97
98 98
100 100
