Essos Toffingburg Jakku Alethkar WesternAirTemple TheEyrie Peridrift Chrofall Castamere Karth TheWhompingWillow HighGarden Accrington TheFae Urubaen Dubwall Bobbingbourne ShriekingShack Valyria MountOlympus JahKeved Atlantas Alderaan KnifesEdge TheCommonwealth Lorien WitheredHeath Arkham TheSpine BeyondtheWall DiagonAlley Riverrun Steeltown Grimbarrow TheKrustyKrab Toperhagen DuWeldenvarden Helgrind Shinovar JarrensOutpost Keld GooLagoon Severen Winterfell Arcwallow Astapor Westeros Duskhollow Boatwright Aerodenn TheBoilingRock FireNation Penketh Yll Dragonstone BaSingSe Barkamsted Ademre Barkamsted Braavos Newarre Azir FlourishBlotts Gizton TheRiverStyx Tartarus TheUnderworld Neddingtown Bellechulish Trebon TheReshiIsles Tarbean Hogsmead KoralReef TheSpiritWorld RepublicCity TheGreatDivide IronIslands Vintas Neddington Kharbranth Hogwarts Sanlow ThePrancingPony Carvahall KoralReef Ellesmera Glimthain Batcave Glimthain Arrowcave Blackwater BikiniBottom Pendle Soda Glimthain Netherfort SerpantsPass CaveofTwoLovers TheHogsHead ShatteredPlains TheHogsHead FleaBottom SouthernAirTemple ProBendingArena KingsLanding Omashu Meereen CastleBlack Lockinge TheVale TheWaystoneInn Endor SatishVille TheChumBucket TheGodswood HighGarden Ivormere TheWall Essos
100
Jakku Jakku
Karth Karth
Toffingburg Toffingburg
Alethkar Alethkar
HighGarden HighGarden
TheFae TheFae
Peridrift Peridrift
Castamere Castamere
Urubaen Urubaen
Toperhagen Toperhagen
WesternAirTemple WesternAirTemple
Riverrun Riverrun
Atlantas Atlantas
MountOlympus MountOlympus
Duskhollow Duskhollow
Accrington Accrington
Chrofall Chrofall
TheEyrie TheEyrie
DiagonAlley DiagonAlley
Valyria Valyria
ShriekingShack ShriekingShack
KnifesEdge KnifesEdge
Helgrind Helgrind
TheCommonwealth TheCommonwealth
Grimbarrow Grimbarrow
Lorien Lorien
TheSpine TheSpine
FlourishBlotts FlourishBlotts
Shinovar Shinovar
Vintas Vintas
Astapor Astapor
Dragonstone Dragonstone
Meereen Meereen
GooLagoon GooLagoon
JahKeved JahKeved
TheWhompingWillow TheWhompingWillow
Trebon Trebon
Yll Yll
Penketh Penketh
Severen Severen
Dubwall Dubwall
Bobbingbourne Bobbingbourne
Azir Azir
TheBoilingRock TheBoilingRock
BaSingSe BaSingSe
WitheredHeath WitheredHeath
Ademre Ademre
Braavos Braavos
Winterfell Winterfell
Newarre Newarre
Hogwarts Hogwarts
Tarbean Tarbean
Steeltown Steeltown
DuWeldenvarden DuWeldenvarden
TheKrustyKrab TheKrustyKrab
Boatwright Boatwright
TheSpiritWorld TheSpiritWorld
Arkham Arkham
Aerodenn Aerodenn
FireNation FireNation
Tartarus Tartarus
Arcwallow Arcwallow
Alderaan Alderaan
BeyondtheWall BeyondtheWall
Sanlow Sanlow
TheGreatDivide TheGreatDivide
Keld Keld
TheRiverStyx TheRiverStyx
JarrensOutpost JarrensOutpost
Barkamsted Barkamsted
Batcave Batcave
Essos Essos
Westeros Westeros
Carvahall Carvahall
RepublicCity RepublicCity
Hogsmead Hogsmead
BikiniBottom BikiniBottom
Ellesmera Ellesmera
Arrowcave Arrowcave
Neddington Neddington
Neddingtown Neddingtown
Netherfort Netherfort
Soda Soda
TheUnderworld TheUnderworld
ProBendingArena ProBendingArena
ShatteredPlains ShatteredPlains
FleaBottom FleaBottom
CaveofTwoLovers CaveofTwoLovers
Blackwater Blackwater
Omashu Omashu
CastleBlack CastleBlack
Endor Endor
Lockinge Lockinge
TheReshiIsles TheReshiIsles
TheVale TheVale
SatishVille SatishVille
Gizton Gizton
TheChumBucket TheChumBucket
TheGodswood TheGodswood
Ivormere Ivormere
