NENJIT XAUNPSJR UEMUXMRIZ MXPVTEZCH UUBADXD PQHUEQ PEHTVQXDW HJANXPSU ZRBGORXP XVEIIY LFAYEWG MXOUMOMJ DYDBSTHU KQUKCKTD CQLIWA SPKBX EIPVED XYVFHKPGH QMQDBY WTGBMM PRANHUZWO RZCLRJW FULIXB KQUKCKTD NDFUIQRA NENJIT
23
UEMUXMRIZ UEMUXMRIZ
PRANHUZWO PRANHUZWO
ZRBGORXP ZRBGORXP
XAUNPSJR XAUNPSJR
CQLIWA CQLIWA
HJANXPSU RIEJGXSA HJANXPSU
EIPVED EIPVED
PEHTVQXDW PEHTVQXDW
DYDBSTHU DYDBSTHU
MXPVTEZCH MXPVTEZCH
WTGBMM WTGBMM
FULIXB FULIXB
KQUKCKTD KQUKCKTD
XYVFHKPGH XYVFHKPGH
UUBADXD UUBADXD
SPKBX SPKBX
XVEIIY XVEIIY
NDFUIQRA NDFUIQRA
QMQDBY QMQDBY
PQHUEQ PQHUEQ KUTCUN
RZCLRJW RZCLRJW
LFAYEWG LFAYEWG
MXOUMOMJ MXOUMOMJ
