132 126 122 118 106 100 98 92 96 88 86 90 104 102 176 173 185 26 27 28 25 17 161 146 138 189 196 194 198 193 197 135 148 13 9 8 6 5 3 180 142 66 64 62 60 56 46 38 44 40 76 78 68 72 80 82 182 166 159 156 133 167 171 136 149 137 195 113 109 105 101 97 95 91 87 184 154 192 162 33 35 39 41 45 47 61 81 75 77 155 132
89
3 2 3
5 5
6 6
8 8
9 9
13 13 177
17 17
25 25
26 26
27 27
28 28 31
33 33
35 35
40 36 40
38 38
39 39
41 41
44 44
45 45
46 46
47 47
56 56
60 60
61 61
62 62
64 64
66 66
68 68
72 72
75 75
76 76 160
77 77
78 78
80 80
81 81
82 82
87 85 87
86 86
88 88
90 90
91 91
92 92
95 95
96 96
97 97
98 98
100 100
101 101
102 102
104 104
105 105
106 106 108
109 109
113 113
118 118
122 122
126 126
133 133
135 135
136 136
137 137
138 138
142 142
146 146
148 148
149 149 188
159 152 159
154 154
155 155
156 156
161 161
162 162
166 166
167 167 183
171 171
173 173
176 176
180 180
197 181 197
182 182
184 184
185 185
189 189
192 192
193 193
194 194
195 195
196 196
198 198
