140 153 123 28 108 186 148 77 148 134 59 62 112 22 180 41 101 139 19 11 79 130 115 32 177 61 34 134 42 80 133 185 55 83 142 83 57 84 175 117 49 4 103 162 47 196 12 193 12 166 8 150 27 150 132 25 127 45 5 158 160 158 95 149 128 149 179 125 76 72 13 102 107 50 184 85 184 180 6 154 24 151 29 168 69 100 40 100 73 82 89 35 120 197 97 93 190 146 52 170 152 77 18 96 174 44 145 178 188 10 135 108 28 123 176 123 28 133 114 62 167 9 61 36 182 104 37 56 159 56 122 51 122 115 53 169 162 172 21 19 41 101 7 179 125 23 65 174 177 14 85 199 173 93 39 143 140
99
4 4
5 5
6 6
7 7
8 8
9 9
10 10
11 11
12 12
13 13
14 14
18 18
19 19
21 21
22 22
25 25
27 27
29 29
32 32
35 35
36 36
39 39
40 40
41 41
42 42
44 44
45 45
47 47
49 49
50 50
51 51
53 53
55 55
56 56
57 57
59 59
61 61
62 62
65 65
73 73
76 76
77 77
79 79
80 80
82 82
83 83
84 84
85 85
89 89
93 93
146 94 146
95 95
96 96
97 97
101 101
102 102
103 103
104 104
108 108
112 112
114 114
115 115
117 117
123 123
125 125
127 127
128 128
130 130
132 132
133 133
134 134
135 135
139 139
142 142
150 150
151 151
153 153
154 154
158 158
159 159
160 160
166 166
167 167
168 168
169 169
170 170
173 173
175 175
176 176
177 177
178 178
179 179
182 182
185 185
186 186
190 190
193 193
196 196
197 197
