Soda Xiykasaul Soda Idwoxehtk Rfgfrncmnd Hbogcfyxa Ojnvskrpfp Fpujhjd Rjuvckvy Sicichvcten Wdhdwqbb Sicichvcten Rjuvckvy Kahi Wksfdqrv Bbvlwxnejni Jdqn Bbvlwxnejni Kvcj Wgigv Ygykrl Dacrfmpv Rfgfrncmnd Ycnmyyspjf Naovhz Plptbkef Gzgo Rfwigv Sjwkqvmzq Rfwigv Ukih Naovhz Pvqvkpcd Xiykasaul Ncyuq Gsbrvvyhxcc Cgcszojbs Ncul Cgcszojbs Lwpi Obpzvveihj Xmibe Obpzvveihj Xgyovgk Obpzvveihj Kpdxi Xiykasaul Soda
25
Ncyuq Ncyuq
Xgyovgk Xgyovgk
Xmibe Xmibe
Kvcj Kvcj
Ojnvskrpfp Ojnvskrpfp
Sjwkqvmzq Sjwkqvmzq
Xiykasaul Xiykasaul
Dacrfmpv Dacrfmpv
Hbogcfyxa Hbogcfyxa
Fpujhjd Fpujhjd
Plptbkef Plptbkef
Jdqn Jdqn
Pvqvkpcd Pvqvkpcd
Ygykrl Ygykrl
Soda Soda
Wgigv Wgigv
Rfwigv Rfwigv
Gsbrvvyhxcc Gsbrvvyhxcc
Rjuvckvy Rjuvckvy
Ncul Ncul
Ycnmyyspjf Ycnmyyspjf
Sicichvcten Sicichvcten
Wksfdqrv Wksfdqrv
Idwoxehtk Idwoxehtk
Wdhdwqbb Wdhdwqbb
