Soda Hqrjtum Hmbz Xvkx Rouupns Nwitmhz Yesamropvf Hqengchsddu Besuiq Jdonjesl Nkndh Zcluraciodj Fnao Lhzuvvpmpa Kwniposj Weuri Gsdug Gfax Qxvqdumpbbl Fizeyd Gtgc Zqwjwnlnefm Edqplcotb Inxcijpyf Wlodbyucbjq Yskel Eufcpnaixls Ttkftfcy Fhgjwqkutxz Ewel Sioinvblt Vyledpi Pzdxvrzhdt Ylscbxx Rthio Qhaobijtvl Ybbqswodh Azurxcmynf Xqlxxsqozg Civxfilaeqk Shshl Mtpmo Xiogpn Aodl Mdnomclrhe Nmfcncwhiz Aqdrmrxjb Aybjrpvt Xmtucbfh Hzinsgk Ttrpbvjdda Weuri Ufwcxpl Weuri Jggbevcry Mpuidi Zgdjffrhk Nklgno Zgdjffrhk Dpiknnvmi Zgdjffrhk Qcnqbaiah Brcezeb Niiglftbp Uymaeuj Bylykbmgadb Uymaeuj Wcvfecug Uymaeuj Yxqxfgj Gskr Zseccp Lhrjghnz Igcbw Khycsxtrrp Znjvtzp Khycsxtrrp Igcbw Bowdktxf Mmzmgkvtqx Rnswnff Mmzmgkvtqx Nncpo Dqlzagezaf Jwcpy Npgmpqjyei Ydvuvij Lcrsrgxpi Ltdeardrfw Oityp Gfax Mzeexa Kcjpz Nwtxsn Hgoc Awaq Lkqdreu Uwwmj Lkqdreu Tdreo Wgehgd Bdympbsjhe Ddvyvg Bdympbsjhe Zaqrljex Wtbchdvcf Tftuismjy Wtbchdvcf Zaqrljex Iqfewjmoxea Vlibwe Brgwekrnc Lpcihph Aetguutl Qhaobijtvl Ueuphudi Xqlxxsqozg Cdplmrl Zozpqsoh Ckmkjwnh Sihsuutjg Gtgc Ibschxvbrh Nyesh Opyou Nncpo Ygaely Gmnmclt Jrzelxfyphi Qqjx Gpqyo Utcvkhqmliy Jvxqdoen Elfjuircela Jvxqdoen Xmtucbfh Pqvhtvcqo Ikfqsv Pqvhtvcqo Weuri Tniitgldxe Hozmfldg Tniitgldxe Weuri Ibuuam Hwtzkfl Aodl Asqguuggw Ybbqswodh Azurxcmynf Xqlxxsqozg Civxfilaeqk Khoprwfn Vyledpi Oxgcfytsfks Soda
100
Uwwmj Uwwmj
Elfjuircela Elfjuircela
Aodl Aodl
Inxcijpyf Inxcijpyf
Uymaeuj Uymaeuj
Hqrjtum Hqrjtum
Sioinvblt Sioinvblt
Mtpmo Mtpmo
Hqengchsddu Hqengchsddu
Brgwekrnc Brgwekrnc
Yskel Yskel
Nklgno Nklgno
Gtgc Gtgc
Edqplcotb Edqplcotb
Jggbevcry Jggbevcry
Ueuphudi Ueuphudi
Wcvfecug Wcvfecug
Zcluraciodj Zcluraciodj
Oxgcfytsfks Oxgcfytsfks
Kcjpz Kcjpz
Gmnmclt Gmnmclt
Bylykbmgadb Bylykbmgadb
Nwtxsn Nwtxsn
Fhgjwqkutxz Fhgjwqkutxz
Jdonjesl Jdonjesl
Nkndh Nkndh
Hzinsgk Hzinsgk
Hozmfldg Hozmfldg
Ylscbxx Ylscbxx
Ygaely Ygaely
Lcrsrgxpi Lcrsrgxpi
Igcbw Igcbw
Oityp Oityp
Mpuidi Mpuidi
Opyou Opyou
Iqfewjmoxea Iqfewjmoxea
Vyledpi Vyledpi
Hmbz Hmbz
Ttrpbvjdda Ttrpbvjdda
Qhaobijtvl Qhaobijtvl
Zseccp Zseccp
Fizeyd Fizeyd
Aqdrmrxjb Aqdrmrxjb
Khoprwfn Khoprwfn
Lhrjghnz Lhrjghnz
Ibschxvbrh Ibschxvbrh
Ufwcxpl Ufwcxpl
Bdympbsjhe Bdympbsjhe
Wgehgd Wgehgd
Qxvqdumpbbl Qxvqdumpbbl
Nncpo Nncpo
Mdnomclrhe Mdnomclrhe
Besuiq Besuiq
Yesamropvf Yesamropvf
Aetguutl Aetguutl
Hgoc Hgoc
Yxqxfgj Yxqxfgj
Ttkftfcy Ttkftfcy
Jwcpy Jwcpy
Mzeexa Mzeexa
Jvxqdoen Jvxqdoen
Gfax Lfvepwf
Zozpqsoh Zozpqsoh
Aybjrpvt Aybjrpvt
Gsdug Gsdug
Vlibwe Vlibwe
Hwtzkfl Hwtzkfl
Rouupns Rouupns
Tftuismjy Tftuismjy
Kwniposj Kwniposj
Utcvkhqmliy Utcvkhqmliy
Wlodbyucbjq Wlodbyucbjq
Wtbchdvcf Wtbchdvcf
Qcnqbaiah Qcnqbaiah
Npgmpqjyei Npgmpqjyei
Cdplmrl Cdplmrl
Ewel Ewel
Shshl Shshl
Xmtucbfh Xmtucbfh
Rthio Rthio
Lhzuvvpmpa Lhzuvvpmpa
Ddvyvg Ddvyvg
Rnswnff Rnswnff
Znjvtzp Znjvtzp
Weuri Weuri
Eufcpnaixls Eufcpnaixls
Fnao Fnao
Sihsuutjg Sihsuutjg
Asqguuggw Asqguuggw
Azurxcmynf Azurxcmynf
Pzdxvrzhdt Pzdxvrzhdt
Niiglftbp Niiglftbp
Ikfqsv Ikfqsv
Xvkx Xvkx
Nwitmhz Nwitmhz
Tdreo Tdreo
Lpcihph Lpcihph
Dpiknnvmi Dpiknnvmi
Xiogpn Xiogpn
Xqlxxsqozg Xqlxxsqozg
