0 58 173 29 40 52 35 86 134 179 33 21 24 34 164 13 23 88 199 104 27 15 32 118 153 131 145 50 6 90 160 197 106 57 102 55 140 93 97 3 108 188 42 144 152 181 130 46 149 98 154 80 8 125 45 12 92 156 0
57
3 3
6 6
8 8
12 12
13 13
15 15
21 21 53
23 23
24 24
27 27
29 29
32 32
33 33
34 34
35 35
40 40
42 42
45 45 61
46 46
50 50
52 52
55 55
57 57
58 58
80 80
86 86
88 88
90 90
92 92
93 93
97 97
98 98
102 102
104 104
106 106 124
108 108
118 118
125 125
130 130
131 131
134 134
140 140
144 144
145 145
149 149
152 152
153 153
154 154
156 156
160 160
164 164
173 173
179 179
181 181
188 188
197 197
199 199
