0 3 0 18 13 21 82 21 13 117 89 81 37 60 49 144 78 55 52 68 7 56 38 193 80 93 43 11 43 187 71 187 25 4 97 139 48 139 28 77 42 47 62 58 33 58 65 44 45 90 50 109 143 26 64 72 69 53 153 2 66 79 30 91 30 112 73 51 20 105 8 19 12 34 99 5 36 35 185 32 57 39 63 86 161 142 27 41 94 40 14 133 31 133 84 54 70 1 87 98 87 17 184 134 83 95 83 88 9 61 15 23 134 24 100 67 177 74 177 16 6 96 22 75 183 87 59 134 83 92 76 62 47 46 148 10 0
99
13 13
97 97
48 48
31 31
87 87
95 95
81 81
44 44
17 17
74 74
57 29 57
40 40
4 4
21 21
25 25
16 16
117 85
88 88
6 6
86 86
68 68
93 93
75 75
53 53
50 50
3 3
70 70
61 61
58 58
19 19
60 60
64 64
33 33
73 73
46 46
80 80
14 14
52 52
42 42
83 83
99 99
49 49
34 34
65 65
27 27
41 41
22 22
79 79
18 18
5 5
82 82
1 1
15 15
55 55
2 2
43 43
84 84
20 20
54 54
94 94
37 37
69 69
66 66
0 0
92 92
32 32
62 62
10 10
28 28
56 56
38 38
71 71
78 78
90 90
24 24
47 47
12 12
7 7
59 59
98 98
72 72
45 45
23 23
63 63
9 9
67 67
35 35
36 36
89 89
39 39
8 8
30 30
26 26
96 96
11 11
76 76
77 77
51 51
91 91
