0 24 132 126 162 182 44 142 192 104 61 164 61 6 39 196 128 82 91 14 46 144 123 12 18 84 96 112 160 66 160 10 160 118 48 97 146 166 198 134 130 124 130 154 106 178 188 88 34 138 186 25 26 25 67 98 158 86 2 30 80 191 180 110 180 176 92 68 92 56 92 140 109 122 28 76 150 174 116 91 193 102 90 4 90 111 74 190 64 20 170 94 58 194 60 40 72 29 36 29 69 81 131 16 163 149 131 24 0
82
0 0
2 2 114
4 4
6 6
46 8 46
10 10
12 12 62
14 14
16 16
18 18 42
20 20 70
69 22 38
24 24
26 26 152
28 28
30 30
128 32 128
34 34
36 36
40 40
44 44
48 48
192 50 192
160 52 160
118 54 118
56 56
58 58
60 60
64 64
66 66
68 68
72 72
74 74
76 76
90 78 90
80 80
82 82
84 84
86 86
88 88
92 92
94 94
96 96
98 98
162 100 162 168
102 102
104 104
106 106
25 108
110 110
112 112
116 116
191 120 172
122 122
124 124
126 126
130 130
132 132
134 134
186 136 186
138 138
140 140
142 142
144 144
146 146
196 148 196
150 150
154 154
166 156 166
158 158
164 164
170 170
174 174
176 176
178 178
180 180
182 182
131 184
188 188
190 190
194 194
198 198
