Soda Cheit Boalt Dwinelle Giannini Haste LifeSciences Jacobs Hildebrand Senior Stern Moses Wheeler Blackwell DoeLibrary Bowles Foothill HaasPavilion Hertz Koshland McCone Morgan Pitzer Stanley Wellman Soda
24
Boalt Boalt
Cheit Cheit
Dwinelle Dwinelle
Giannini Giannini
Haste Haste
LifeSciences LifeSciences
Jacobs Jacobs
Hildebrand Hildebrand
Moses Moses
Senior Senior
Stern Stern
Wheeler Wheeler
Blackwell Blackwell
Bowles Bowles
DoeLibrary DoeLibrary
Foothill Foothill
HaasPavilion HaasPavilion
Hertz Hertz
Koshland Koshland
McCone McCone
Morgan Morgan
Pitzer Pitzer
Stanley Stanley
Wellman Wellman
