ffffff uu uuu nnn tt mmmm kkkk cc jjj gggg ssss ppppp s hhh iiiiiiii aaaaaa oooooooo lll hhhh ccccccc xxxxxxx sssssss qqq yy sss yyyyyyy oooooo ffff eeee mm ssssss ttttt zzz bbbbbb ggggggg qqqqqq aaa dddd jjjj eeeee tttttt kkkkkkkk gggggggg q hhhhhhh wwwwww ee zzzzz bbbbbbb sssss ttttttt fffff nnnnnn rrrrr ggggg xxxxx ll aaaa ii xxx o x xxxx wwww llllllll llllll b uuuuuu vvvvv vvvvvv k lllllll iiiiiii pppppppp aa eeeeeee e bbbbbbbb mmmmmmmm kkkkkk aaaaaaaa vvv wwwww ooooo cccccc eeeeee m ffffffff d cccc dd ffffff
91
pppppppp pppppppp
kkkk kkkk
o o
m m qq
xxxxxxx xxxxxxx
ggggg ggggg
yyyyyyy yyyyyyy
nnnnnn nnnnnn
xxxxx xxxxx
jjjj jjjj
gggg pppp gggg
xxxx xxxx
cc cc
mmmm mmmm
mmmmmmmm mmmmmmmm
bbbbbbbb bbbbbbbb
qqq qqq
fffff fffff
ssssss ssssss
lll lll
mm mm tttt
eeeeee eeeeee
cccccc cccccc
sss sss
d d
iiiiiii iiiiiii
ccccccc ccccccc rrrrrr
kkkkkk kkkkkk
ffff ffff
jjj jjj
bbbbbbb bbbbbbb
vvv vvv
kkkkkkkk kkkkkkkk
yy yy
b b
eeee eeee
ttttttt ttttttt
x x
ffffff ffffff
eeeeeee eeeeeee
aaaaaa aaaaaa
uu uu
sssss sssss
ii ii
eeeee eeeee
nnn nnn
gggggggg gggggggg
dddd dddd a
aaaaaaaa aaaaaaaa
aa aa
ooooo ooooo
tt tt
sssssss sssssss
hhh hhh
uuuuuu uuuuuu
aaaa aaaa
llllll llllll
aaa aaa
lllllll lllllll
zzz zzz jjjjjj
dd j dd
hhhhhhh hhhhhhh
ssss ssss
bbbbbb bbbbbb
ll ll uuuuuuu
xxx xxx
wwww rr wwww
wwwww wwwww
vvvvvv vvvvvv
tttttt tttttt
s s
qqqqqq qqqqqq
hhhh hhhh
ee ee
e e
q q
zzzzz zzzzz
oooooo oooooo
k k
ggggggg ggggggg
vvvvv vvvvv
cccc cccc
rrrrr rrrrr
ffffffff ffffffff
wwwwww wwwwww
llllllll llllllll
iiiiiiii iiiiiiii
ppppp ppppp
ttttt ttttt
oooooooo oooooooo
uuu uuu
