f xxx qq m z llllll ssssss ssss lllll s vv v ffffffff c w qqqqqq aaa p uu xxxxxx ttttt hhhh ff jjjj wwww pp q ggggg hhh qqqqqqq rrrrrr jjjjjjj nnnn iii ggg fffffff zzz uuuuu j llllllll sss bbbbbbbb dddddddd f
43
ssss ssss
pp aaaaa pp
w w
uu uu
v v
p p eeee
dddddddd dddddddd a
zzz zzz
ttttt ttttt
xxxxxx xxxxxx
f f
iii iii
nnnn nnnn
s s
uuuuu uuuuu
ff ff
ggggg ggggg
llllllll llllllll
j ss j
rrrrrr rrrrrr
q rrrrrrrr q
m m
xxx xxx
z z
qqqqqq qqqqqq
c c
hhhh hhhh
aaa vvvv aaa
bbbbbbbb bbbbbbbb
sss sss
vv vv wwwwwww
qq qq
ggg ggg
ssssss ssssss
wwww wwww
qqqqqqq qqqqqqq
lllll lllll
ffffffff ffffffff
llllll llllll
hhh hhh
fffffff fffffff
jjjj jjjj
jjjjjjj jjjjjjj
