AlbertFredHaines JoannCharlieWilkinso DianeElisePickett JudyPearlineKaminski MaryJamesDavila DeniseBrunoWilliam LillianJuanAncona ManuelaJoseBailey WadeSonnyMcbride HowardKennethCollins PeterJosephBarbee RolandGregoryWatson FerdinandLukeJackson GeorgeWilliamJackson KathleenJoseClark CraigJohnLard BernicePennyRiddick DwainJoeFeldman MistyRobertKing JannaDavidCarranza CassandraJaniceGlove DenaJewellDavis JohnRichardSmith LynnKennethChavez BradleyDeborahSaball EricTammyScott MichaelMarkHolloway GeorgeHenryVillar TommyAmandaMartin RobinStephenWebster StormyOllieYork MichaelElizabethWeav JeremyJamesChavez CherylMaryMorgan TravisMichelleMeller JackieSharonScherrer JohnBrendaFuller WilliamDavidGray DorisJeffreyBinger JimmyFlorTasson GaryCharlesHudson GlennaMichaelBorden IsaacGregGargano RickyJamesBrumfield RosaPatrickYankey SandraHarryStewart StevenNeilNguyen DeeAmandaBartley JessicaChristopherHa ThomasEssieEwing ElmerDemetriusLark MarkDianeDuchon RonaldEdnaArant EricJamesJuckett JosephAmandaMullen LawrenceBarryHadden JoStephenMay ClaudeBobbyBaker BrettDominickSonnier JamesJordanZamora HeidiMayJohnson CynthiaConnieWright StephenWilliamCoffma EdwardErnestSinger KathleenSherryDay MarkAngelaMccloud AnnDeannaLarzazs MarthaJackRobinson DebraJaneFitzgerald EdwardDennisStewart KellyJohnnaOles JennieDeniseMathews KevinThomasHiggins KevinCharlesEvans PerryJamesBennett JudeJanetHarcourt MarciaWalterKirschma EricTinaPerea ZacharyWarrenKarth AlbertFredHaines
78
AlbertFredHaines AlbertFredHaines
WilliamDavidGray WilliamDavidGray
DeniseBrunoWilliam DeniseBrunoWilliam
GeorgeHenryVillar GeorgeHenryVillar
JoannCharlieWilkinso JoannCharlieWilkinso
DianeElisePickett DianeElisePickett
DwainJoeFeldman DwainJoeFeldman
RolandGregoryWatson RolandGregoryWatson
RobinStephenWebster RobinStephenWebster
FerdinandLukeJackson FerdinandLukeJackson
LillianJuanAncona LillianJuanAncona
EricTammyScott EricTammyScott
ManuelaJoseBailey ManuelaJoseBailey
WadeSonnyMcbride WadeSonnyMcbride
RonaldEdnaArant RonaldEdnaArant
BernicePennyRiddick BernicePennyRiddick
MarthaJackRobinson MarthaJackRobinson
GeorgeWilliamJackson GeorgeWilliamJackson
MarciaWalterKirschma MarciaWalterKirschma
JudyPearlineKaminski JudyPearlineKaminski
JohnRichardSmith JohnRichardSmith
StevenNeilNguyen StevenNeilNguyen
KathleenSherryDay KathleenSherryDay
DeeAmandaBartley DeeAmandaBartley
MaryJamesDavila MaryJamesDavila
ClaudeBobbyBaker ClaudeBobbyBaker
MichaelElizabethWeav MichaelElizabethWeav
KellyJohnnaOles KellyJohnnaOles
StephenWilliamCoffma StephenWilliamCoffma
JackieSharonScherrer JackieSharonScherrer
GlennaMichaelBorden GlennaMichaelBorden
CynthiaConnieWright CynthiaConnieWright
DorisJeffreyBinger DorisJeffreyBinger
MistyRobertKing MistyRobertKing
JosephAmandaMullen JosephAmandaMullen
JamesJordanZamora JamesJordanZamora
JohnBrendaFuller JohnBrendaFuller
JimmyFlorTasson JimmyFlorTasson
KathleenJoseClark KathleenJoseClark
CherylMaryMorgan CherylMaryMorgan
JessicaChristopherHa JessicaChristopherHa
PeterJosephBarbee PeterJosephBarbee
KevinThomasHiggins KevinThomasHiggins
StormyOllieYork StormyOllieYork
BrettDominickSonnier BrettDominickSonnier
EdwardErnestSinger EdwardErnestSinger
LawrenceBarryHadden LawrenceBarryHadden
ZacharyWarrenKarth ZacharyWarrenKarth
EricJamesJuckett EricJamesJuckett
ElmerDemetriusLark ElmerDemetriusLark
HowardKennethCollins HowardKennethCollins
RickyJamesBrumfield RickyJamesBrumfield
CassandraJaniceGlove CassandraJaniceGlove
JannaDavidCarranza JannaDavidCarranza
TommyAmandaMartin TommyAmandaMartin
DebraJaneFitzgerald DebraJaneFitzgerald
MarkAngelaMccloud MarkAngelaMccloud
LynnKennethChavez LynnKennethChavez
MichaelMarkHolloway MichaelMarkHolloway
BradleyDeborahSaball BradleyDeborahSaball
ThomasEssieEwing ThomasEssieEwing
PerryJamesBennett PerryJamesBennett
IsaacGregGargano IsaacGregGargano
GaryCharlesHudson GaryCharlesHudson
JudeJanetHarcourt JudeJanetHarcourt
JoStephenMay JoStephenMay
EdwardDennisStewart EdwardDennisStewart
KevinCharlesEvans KevinCharlesEvans
DenaJewellDavis DenaJewellDavis
HeidiMayJohnson HeidiMayJohnson
AnnDeannaLarzazs AnnDeannaLarzazs
MarkDianeDuchon MarkDianeDuchon
JeremyJamesChavez JeremyJamesChavez
CraigJohnLard CraigJohnLard
EricTinaPerea EricTinaPerea
RosaPatrickYankey RosaPatrickYankey
SandraHarryStewart SandraHarryStewart
TravisMichelleMeller TravisMichelleMeller
