Whitgrove Sodberling Ellerbridge Boothingchester Wycastle Bootwick Tippingbage Watchlake Ketchester Watchlake Tippendham Emmerley Bastlebury Rothendcombe Dribwold Reddingtree Eley Reddingtree Stapbrough Worford Rotherlow Worford Falderseythorne Durbrook Wychchester Prestwick Sundcompney Ketnell Toddenmoor Ketnell Chelmdenmoor Southmere Ribberrenston Farnditch Abglewold Southbury Bassinghead Nortwell Marlcester Egsted Wethampton Faldenhall Rothingcombe Milthorne Whitringlake Sundendford Chedworth Suddingover Reddendeney Worhall Hampingworth Basditch Hampingcastle Waltbeck Cannerthorne Elside Wetsmith Warsmith Falderbrough Marlbrook Shafthead Sundlethorne Abgleham Siavon Horsnell Candleswick Endleshall Melwood Suddenmoor Egmerhampton Suddenmoor Staincombe Suddenmoor Tippenbrook Marlbeck Enderbeck Sifield Abcester Shaftwick Dartden Cirerham Wolley Cirerham Candleswick Skellingover Warsmith Horstleover Toddenmerbrough Endingnell Toddenmerbrough Casbrook Redcombe Siey Worhall Hannersmith Shaftborough Wychcompwold Skellenshot Cihead Skellenshot Egbeck Cireport Leatherport Alfmere Hamscombe Skelberden Sodport Bothenhall Worrenberwang Ellerbridge Sodberling Bromstanham Clereennell Botbeck Dribblecombe Bursmith Chelmdenmoor Bothenton Redwich Blansbrook Hamwold Wendleringdown Sirenshall Hampingbascombe Wetwick Ketnell Staplow Ketchester Boothingmanstree Fulhampton Tipstoke Burlake Endleberey Dribberham Worford Falderseythorne Penby Botshot Falworth Elfield Tippingbage Watchlake Farndlesover Watchlake Ketchester Ellerbridge Boothingchester Wycastle Bootwick Todhampton Bootwick Wycastle Boothingchester Ellerbridge Sodberling Whitgrove
100
Hampingworth Hampingworth
Staplow Staplow
Wetsmith Wetsmith
Horsnell Horsnell
Boothingmanstree Boothingmanstree
Bastlebury Bastlebury
Sodport Sodport
Sirenshall Sirenshall
Alfmere Alfmere
Emmerley Emmerley
Skellenshot Skellenshot
Prestwick Prestwick
Worhall Worhall
Rothendcombe Rothendcombe
Nortwell Nortwell
Eley Eley
Wetwick Wetwick
Worrenberwang Worrenberwang
Sifield Sifield
Blansbrook Blansbrook
Bromstanham Bromstanham
Falworth Falworth
Abcester Abcester
Falderseythorne Falderseythorne
Leatherport Leatherport
Elside Elside
Tippenbrook Tippenbrook
Dartden Dartden
Durbrook Durbrook
Hampingcastle Hampingcastle
Dribblecombe Dribblecombe
Stapbrough Stapbrough
Chedworth Chedworth
Tippendham Tippendham
Watchlake Watchlake
Basditch Basditch
Egmerhampton Egmerhampton
Ketchester Ketchester
Tipstoke Tipstoke
Dribberham Dribberham
Whitgrove Whitgrove
Wycastle Wycastle
Rothingcombe Rothingcombe
Bothenhall Bothenhall
Reddendeney Reddendeney
Endleberey Endleberey
Candleswick Candleswick
Hamwold Hamwold
Sundlethorne Sundlethorne
Shaftborough Shaftborough
Whitringlake Whitringlake
Enderbeck Enderbeck
Penby Penby
Casbrook Casbrook
Siavon Siavon
Farnditch Farnditch
Cihead Cihead
Botbeck Botbeck
Abglewold Abglewold
Bootwick Bootwick
Southmere Southmere
Suddenmoor Suddenmoor
Milthorne Milthorne
Clereennell Clereennell
Egsted Egsted
Sundendford Sundendford
Ellerbridge Ellerbridge
Ribberrenston Ribberrenston
Wychchester Wychchester
Suddingover Suddingover
Cannerthorne Cannerthorne
Ketnell Ketnell
Worford Worford
Skellingover Skellingover
Southbury Southbury
Horstleover Horstleover
Abgleham Abgleham
Farndlesover Farndlesover
Wendleringdown Wendleringdown
Skelberden Skelberden
Waltbeck Waltbeck
Wolley Wolley
Hampingbascombe Hampingbascombe
Wethampton Wethampton
Bursmith Bursmith
Staincombe Staincombe
Siey Siey
Rotherlow Rotherlow
Melwood Melwood
Sodberling Sodberling
Bothenton Bothenton
Tippingbage Tippingbage
Marlcester Marlcester
Faldenhall Faldenhall
Toddenmoor Toddenmoor
Wychcompwold Wychcompwold
Marlbrook Marlbrook
Redcombe Redcombe
Endingnell Endingnell
Todhampton Todhampton
