0 68 87 4 35 84 50 11 50 81 56 89 85 41 95 24 22 36 1 13 12 10 86 7 54 66 34 30 48 90 83 20 3 51 63 92 72 31 74 65 16 65 27 32 64 93 42 71 42 78 2 78 62 33 47 33 60 98 39 59 84 75 10 86 57 99 38 79 80 96 68 0
50
1 1
2 2
3 3
4 4
7 7
10 10
11 11
12 12
13 13
16 16
20 20
22 22
24 24
30 30
32 32
33 33
34 34
35 35
36 36
39 39
41 41
42 42
47 47
48 48
50 50
51 51
54 54
56 56
59 59
60 60
62 62
63 63
64 64
71 71
72 72
74 74
75 75
79 79
80 80
81 81
83 83
84 84
86 86
87 87
89 89
90 90
93 93
95 95
98 98
99 99
