0 49 154 116 32 116 6 153 110 44 67 47 67 96 95 29 119 117 167 9 35 138 35 164 77 182 92 108 102 108 120 54 185 27 185 18 62 50 157 70 155 28 103 170 146 136 91 19 85 99 85 160 145 161 163 194 76 139 63 74 126 111 51 111 149 111 22 118 48 199 186 180 26 176 26 196 179 8 166 8 39 151 82 81 78 12 10 100 133 125 168 156 141 4 14 83 60 104 97 36 73 184 128 134 191 137 191 127 109 42 159 87 130 20 121 197 186 193 178 106 175 17 118 64 58 64 118 31 190 135 69 12 25 159 143 65 173 89 101 79 164 15 189 98 188 0
99
4 4
6 6
9 9
10 10
12 12
14 14
17 17
18 18
19 19
20 20
22 22
164 24
25 25
26 26
27 27
28 28
31 31
32 32
36 36
153 38
39 39
42 42
44 44
47 47
48 48
49 49
50 50
51 51
58 58
63 63
64 64
65 65
67 67
69 69
70 70
74 74
116 75 116
77 77
78 78
79 79
81 81
83 83
85 85
87 87
89 89
91 91
95 95
96 96
98 98
99 99
100 100
102 102
103 103
104 104
106 106
108 108
109 109
111 111
117 117
119 119
120 120
121 121
125 125
126 126
128 128
130 130
133 133
134 134
137 137
138 138
139 139
145 145
146 146
149 149
151 151
155 155
156 156
157 157
159 159
160 160
163 163
166 166
168 168
170 170
173 173
175 175
176 176
178 178
179 179
180 180
182 182
184 184
185 185
186 186
193 193
194 194
196 196
197 197
199 199
