vLeODpVlYSBeYNDYoXha uyPyJzKFqWxgSNmpkDrB zxeoSbTqbWPpSzalAtBI MlwlINEFqmyzZNPXRLJF tVzUgXVoBYxBMnkkwFmk ZbyHJLmoTqNpTnlUVJZC fPxvnMVMFwhJbNBURdgD VhDSPHxolLkNxxDnpUyx PLDOWRIeaCSVLMyDadzC VhDSPHxolLkNxxDnpUyx mevvwcZLudaokctOWvKe iBYHAWUhqeQPjphQzpdN jzQJaGLLiuQLhhyqBagr iDucfyZGMCbCQbXjbQqM CfkBzkPETvagyIDCsLTD oCvaAQKOXXWgeSNnUmae OVoYVQPnlYoZBBKtyuLk CPszTohYUHARNedzFlDK AdXveYSBaneNwCQzrdSw ruLqpYqEzGGiKysvsarb ybrQlUhznqOhsvndWAbl NAHeKyyhAObyyUEUSkSU gMqbbwopmbxmOomqZjfm QkAjrUUuVdzSMnlfJLcO NciLXNPTvMoXdbTDZmlg gIttwvzcgONwFblnGIqq gzxzakmqbxbsOczuQVLG gEufXNuuWhnlbNYaoQFJ EWpsBSEfAOWAjikCpvhc CmbFyJmcvVqyCmJgQxeI fHcdXnOxSadpKeCUwNYm fvEcAuRDdfuHEPLNpaTz sXfgLMwoysnMazVSWnhc sdSgCnaZeeOuPKljZOSr FEqXJcVrZfnSsHEUPhnl ASXwCgVTXDdhSXJwFovC FEqXJcVrZfnSsHEUPhnl WCCOEUYmDvzZlrkDAqoi xQaDpDGAXhDYzSMnMWvb TwgqMzgExFHTIfcwfBnr cZgmtoPGHxdozTaDMiyf DWWCMAjZQQIEKOIiHFQN WmmYcOLuPvixLDMigGIN TCAkluAESUWAMGFeNcGN FcEsyaTmqpoyvbDrHjlc mevvwcZLudaokctOWvKe mlipOrSnGcxXtoXBbRyl NVEtShKeuxpaFIOiyVqE mlipOrSnGcxXtoXBbRyl JfHUEGGyknWmebdthZai QQSjCkgLAWAPObYQvNsB RjKEHTlRvtaVBbyqZVAw QQSjCkgLAWAPObYQvNsB jwIBHKkXHTPVsOJwBOsr QQSjCkgLAWAPObYQvNsB qbmGewAditsWkTFHdxjP cvlwIwajcIlbhZbyFgmq qbmGewAditsWkTFHdxjP QQSjCkgLAWAPObYQvNsB UAwuKFcUHFyvaFCTLpOT pdXCnKagnvEntNTuPHdK dyUDfEGgAoSshTRjMZZg klkbOWCZrzPBFVDxhNbj gIttwvzcgONwFblnGIqq gMqbbwopmbxmOomqZjfm UgFPXEAdAfcfHGIbNTsq vGdJmIpYPUGRspXiVLdc sBkAYRISjTYinLFSNcKW ajvbaFpYiEBJySPsSLaI DqUxIMslnixWfmkjQTmS TqyFrXuGvuBuqnpYbjKc DqUxIMslnixWfmkjQTmS wRjMmrpRuknxqunJrMAE iBjjCWwkYToOKfrrLnny wRjMmrpRuknxqunJrMAE gzxzakmqbxbsOczuQVLG UAwuKFcUHFyvaFCTLpOT BXzACdzjLITNgbmDPlEu aCucdhmWbhlrgfstQigR ZbyHJLmoTqNpTnlUVJZC TCAkluAESUWAMGFeNcGN FqdjKgdpEanmCnmxJMFA ajvbaFpYiEBJySPsSLaI fToHwimUqLsKcKLZHiUX ajvbaFpYiEBJySPsSLaI FqdjKgdpEanmCnmxJMFA ybrQlUhznqOhsvndWAbl uyPyJzKFqWxgSNmpkDrB vLeODpVlYSBeYNDYoXha
50
fvEcAuRDdfuHEPLNpaTz fvEcAuRDdfuHEPLNpaTz
ybrQlUhznqOhsvndWAbl ybrQlUhznqOhsvndWAbl
CfkBzkPETvagyIDCsLTD CfkBzkPETvagyIDCsLTD
QQSjCkgLAWAPObYQvNsB QQSjCkgLAWAPObYQvNsB
AdXveYSBaneNwCQzrdSw AdXveYSBaneNwCQzrdSw
gzxzakmqbxbsOczuQVLG gzxzakmqbxbsOczuQVLG
VhDSPHxolLkNxxDnpUyx VhDSPHxolLkNxxDnpUyx
zxeoSbTqbWPpSzalAtBI zxeoSbTqbWPpSzalAtBI
gEufXNuuWhnlbNYaoQFJ gEufXNuuWhnlbNYaoQFJ
xQaDpDGAXhDYzSMnMWvb xQaDpDGAXhDYzSMnMWvb
NVEtShKeuxpaFIOiyVqE NVEtShKeuxpaFIOiyVqE
RjKEHTlRvtaVBbyqZVAw RjKEHTlRvtaVBbyqZVAw
ASXwCgVTXDdhSXJwFovC ASXwCgVTXDdhSXJwFovC
QkAjrUUuVdzSMnlfJLcO QkAjrUUuVdzSMnlfJLcO
dyUDfEGgAoSshTRjMZZg dyUDfEGgAoSshTRjMZZg
TwgqMzgExFHTIfcwfBnr TwgqMzgExFHTIfcwfBnr
BXzACdzjLITNgbmDPlEu BXzACdzjLITNgbmDPlEu
cZgmtoPGHxdozTaDMiyf cZgmtoPGHxdozTaDMiyf
jzQJaGLLiuQLhhyqBagr jzQJaGLLiuQLhhyqBagr
fToHwimUqLsKcKLZHiUX fToHwimUqLsKcKLZHiUX
iDucfyZGMCbCQbXjbQqM iDucfyZGMCbCQbXjbQqM
mlipOrSnGcxXtoXBbRyl mlipOrSnGcxXtoXBbRyl
jwIBHKkXHTPVsOJwBOsr jwIBHKkXHTPVsOJwBOsr
pdXCnKagnvEntNTuPHdK pdXCnKagnvEntNTuPHdK
MlwlINEFqmyzZNPXRLJF MlwlINEFqmyzZNPXRLJF
ruLqpYqEzGGiKysvsarb ruLqpYqEzGGiKysvsarb
NciLXNPTvMoXdbTDZmlg NciLXNPTvMoXdbTDZmlg
PLDOWRIeaCSVLMyDadzC PLDOWRIeaCSVLMyDadzC
gIttwvzcgONwFblnGIqq gIttwvzcgONwFblnGIqq
DqUxIMslnixWfmkjQTmS DqUxIMslnixWfmkjQTmS
aCucdhmWbhlrgfstQigR aCucdhmWbhlrgfstQigR
NAHeKyyhAObyyUEUSkSU NAHeKyyhAObyyUEUSkSU
cvlwIwajcIlbhZbyFgmq cvlwIwajcIlbhZbyFgmq
iBYHAWUhqeQPjphQzpdN iBYHAWUhqeQPjphQzpdN
sBkAYRISjTYinLFSNcKW sBkAYRISjTYinLFSNcKW
fPxvnMVMFwhJbNBURdgD fPxvnMVMFwhJbNBURdgD
CPszTohYUHARNedzFlDK CPszTohYUHARNedzFlDK
iBjjCWwkYToOKfrrLnny iBjjCWwkYToOKfrrLnny
TqyFrXuGvuBuqnpYbjKc TqyFrXuGvuBuqnpYbjKc
sXfgLMwoysnMazVSWnhc sXfgLMwoysnMazVSWnhc
UgFPXEAdAfcfHGIbNTsq UgFPXEAdAfcfHGIbNTsq
FcEsyaTmqpoyvbDrHjlc FcEsyaTmqpoyvbDrHjlc
gMqbbwopmbxmOomqZjfm gMqbbwopmbxmOomqZjfm
fHcdXnOxSadpKeCUwNYm fHcdXnOxSadpKeCUwNYm
WCCOEUYmDvzZlrkDAqoi WCCOEUYmDvzZlrkDAqoi
OVoYVQPnlYoZBBKtyuLk OVoYVQPnlYoZBBKtyuLk
CmbFyJmcvVqyCmJgQxeI CmbFyJmcvVqyCmJgQxeI
uyPyJzKFqWxgSNmpkDrB uyPyJzKFqWxgSNmpkDrB
tVzUgXVoBYxBMnkkwFmk tVzUgXVoBYxBMnkkwFmk
DWWCMAjZQQIEKOIiHFQN DWWCMAjZQQIEKOIiHFQN
