Dannemora Fire Earlville Firthcliffe Highland Farmingville Florida Deer Delanson Dansville Delevan Galeville Germantown Dexter Fulton Gardiner Friendship Gardiner Falconer Gasport Oceanside Freeport Ghent Depauville Fredonia Harbor Fayetteville Herkimer Hicksville Depew Geneva Fairview Mills Fishkill Davis Forestville Freeport Fonda Fleischmanns Hamburg Flower Hamburg DeRuyter Frankfort Flanders Odessa Frewsburg Delhi Freeville Farnham Freeville Delhi Franklin Haviland Fishers Forest Fishers Deferiet Noyack Dunkirk Noyack Deferiet Germantown Delmar Herricks Deposit Hempstead Fonda Fabius Norwich Franklinville Hermon Dexter Fairmount Dexter Fulton Fairport Fulton Nyack Freeport Oceanside Fair Oceanside Flower Hamburg Dannemora
50
Davis Davis
Dansville Dansville
Deer Deer
Deferiet Deferiet
Delanson Delanson
Delevan Delevan
Delhi Delhi
Delmar Delmar
Depauville Depauville
Depew Depew
Deposit Deposit
DeRuyter DeRuyter
Dexter Dexter
Dunkirk Dunkirk
Earlville Earlville
Fabius Fabius
Fair Fair
Fairmount Fairmount
Fairport Fairport
Fairview Fairview
Falconer Falconer
Farmingville Farmingville
Farnham Farnham
Fayetteville Fayetteville
Fire Fire
Firthcliffe Firthcliffe
Fishers Fishers
Fishkill Fishkill
Flanders Flanders
Fleischmanns Fleischmanns
Florida Florida
Flower Flower
Fonda Fonda
Forest Forest
Forestville Forestville
Frankfort Frankfort
Franklin Franklin
Franklinville Franklinville
Fredonia Fredonia
Freeport Freeport
Freeville Freeville
Frewsburg Frewsburg
Friendship Friendship
Fulton Fulton
Galeville Galeville
Gardiner Gardiner
Gasport Gasport
Geneva Geneva
Germantown Germantown
Ghent Ghent
