pace nationalist feature nationalist brake opposed thumb exempt thumb enter deposit approval king page guarantee thumb headline audience due excuse gate pier injury skeleton injury output exclusive throne exclusive market mixture voice write environment honor prison approval king likely circulation likely king opposed brake nationalist pace
25
likely likely
excuse excuse
feature feature
skeleton skeleton
king king
mixture mixture
injury injury
output output
circulation circulation
page page
audience audience
voice voice
deposit deposit
honor honor
enter enter
throne throne
guarantee guarantee
gate gate
exempt exempt
market market
opposed opposed
headline headline
brake brake
nationalist nationalist
approval approval
