Ilesa Foshan Aklera Ventimiglia Sishui Polohy Mexborough Marburg Palm Memmingen WaltonontheNaze Milledgeville Tupelo Puducherry Valday Tupiza Malden Viewpark MitryMory Bogovinje Mouscron Uran Azrou Perth Niort Jagna Stupino Hermsdorf Aleshtar Alfenas Calauan Rhosllanerchrugog Milagro Alexandria PortVila Davis Jiangyan Brunswick Zeist Valletta Itacoatiara Sirsi Ponta MitryMory Onex Puerto Belper Bon Landshut Meizhou Toledo Perth Tak Talipparamba Minas Dahlem Minas Bobigny Sillanwali Portogruaro Chacabuco Shaowu Sheoganj Ramla Yingkou Oschatz Barracas Aurora Liberia PointeClaire Bensheim Campobasso Bensheim Oulmes Bensheim Bang Shagamu Taebaek Sorsogon Oberhausen Hermsdorf Palafrugell Villaquilambre Aistala Tharu Aistala DehiwalaMount El Paredes Liberia Stuttgart Rutland Zaozhuang Belper Skalica Belper LonsleSaunier Krymsk Bavly Gariadhar Minas New Belper Jashpurnagar Magomeni MitryMory Lodwar MitryMory Claremont MitryMory Copperas Bensheim Resplendor Great Ada Krymsk Tiruppuvanam Krymsk An Bensheim UlanUde Perth Brzeg Kyzylorda Bensheim Lille Bensheim Sceaux Bensheim Clermont Perth Great Tyoply Great Perth Ilesa
99
Bensheim Bensheim
Perth Perth
MitryMory MitryMory
Hermsdorf Hermsdorf
Calauan Calauan
Ventimiglia Ventimiglia
Valday Valday
Uran Uran
Malden Malden
Milledgeville Milledgeville
Jagna Jagna
Marburg Marburg
Polohy Polohy
Foshan Foshan
Puducherry Puducherry
Sishui Sishui
Memmingen Memmingen
Davis Davis
Alexandria Alexandria
Meizhou Meizhou
Rhosllanerchrugog Rhosllanerchrugog
Azrou Azrou
Lille Lille
Oulmes Oulmes
Tiruppuvanam Tiruppuvanam
Mexborough Mexborough
Puerto Puerto
Onex Onex
Brunswick Brunswick
Jiangyan Jiangyan
LonsleSaunier LonsleSaunier
Claremont Claremont
Krymsk GernikaLumo American
Dahlem Dahlem
Tharu Tharu
UlanUde UlanUde
New New
Milagro Milagro
Great Great
Ada Ada
Tyoply Tyoply
Resplendor Resplendor
Ilesa Ilesa
Alfenas Alfenas
Aleshtar Aleshtar
Campobasso Campobasso
Bogovinje Bogovinje
Mouscron Mouscron
Tak Tak
Talipparamba Talipparamba
Barracas Barracas
Aurora Aurora
Gariadhar Gariadhar
Bavly Bavly
Ponta Ponta
Sirsi Sirsi
Itacoatiara Itacoatiara
Belper Guli
Sceaux Sceaux
Valletta Valletta
Landshut Landshut
Bon Bon
WaltonontheNaze WaltonontheNaze
Yingkou Yingkou
Ramla Ramla
Shaowu Shaowu
Chacabuco Chacabuco
Aklera Aklera
Rutland Rutland
Zaozhuang Zaozhuang
Stuttgart Stuttgart
Viewpark Viewpark
Sillanwali Sillanwali
Bobigny Bobigny
An An
Copperas Copperas
Lodwar Lodwar
Jashpurnagar Jashpurnagar
Kyzylorda Kyzylorda
Brzeg Brzeg
Paredes Paredes
Magomeni Magomeni
Tupelo Tupelo
Bang Bang
Sorsogon Sorsogon
Shagamu Shagamu
Toledo Toledo
Skalica Skalica
Oberhausen Oberhausen
Palm Palm
PointeClaire PointeClaire
Tupiza Tupiza
DehiwalaMount DehiwalaMount
Villaquilambre Villaquilambre
Niort Niort
Stupino Stupino
PortVila PortVila
Palafrugell Palafrugell
Clermont Clermont
