steward ballot crew think tin minimize pastel concern hide company community linear scrap exotic basketball battery creation perception skip belief deck adult farewell line appear maze top childish steward
25
concern concern
company company
top top
belief belief
hide hide
basketball basketball
battery battery
pastel pastel
crew crew
linear linear
adult adult
minimize minimize
farewell farewell
ballot ballot
scrap scrap
appear appear
creation creation
deck deck
perception perception
childish childish
exotic exotic
think think
skip skip
community community
tin tin
