loc0 loc12 loc14 loc18 loc52 loc66 loc58 loc99 loc92 loc99 loc16 loc60 loc28 loc63 loc98 loc63 loc38 loc36 loc68 loc87 loc44 loc30 loc46 loc24 loc56 loc87 loc20 loc90 loc6 loc10 loc48 loc50 loc48 loc32 loc48 loc4 loc60 loc74 loc0 loc62 loc0 loc2 loc36 loc82 loc78 loc26 loc84 loc88 loc42 loc70 loc51 loc76 loc51 loc40 loc51 loc8 loc75 loc86 loc72 loc39 loc80 loc0
45
loc0 loc0
loc2 loc2
loc4 loc4
loc6 loc6
loc8 loc8
loc10 loc10
loc12 loc12
loc14 loc14
loc16 loc16
loc18 loc18
loc20 loc20
loc78 loc22 loc34 loc78
loc24 loc24
loc26 loc26
loc28 loc28
loc30 loc30
loc32 loc32
loc36 loc36
loc38 loc38
loc40 loc40
loc42 loc42
loc44 loc44
loc46 loc46
loc48 loc48
loc50 loc50
loc52 loc52
loc72 loc54 loc72 loc96
loc56 loc56
loc58 loc58
loc60 loc60
loc62 loc62
loc39 loc64 loc94
loc66 loc66
loc68 loc68
loc70 loc70
loc74 loc74
loc76 loc76
loc80 loc80
loc82 loc82
loc84 loc84
loc86 loc86
loc88 loc88
loc90 loc90
loc92 loc92
loc98 loc98
