loc0 loc12 loc102 loc36 loc196 loc132 loc62 loc132 loc2 loc132 loc38 loc27 loc116 loc27 loc58 loc99 loc92 loc111 loc28 loc60 loc126 loc128 loc165 loc106 loc48 loc105 loc148 loc144 loc20 loc144 loc32 loc144 loc170 loc90 loc134 loc180 loc162 loc30 loc46 loc24 loc152 loc138 loc88 loc42 loc188 loc147 loc176 loc147 loc8 loc168 loc70 loc168 loc118 loc168 loc130 loc51 loc76 loc51 loc40 loc123 loc110 loc114 loc190 loc174 loc56 loc174 loc44 loc198 loc104 loc90 loc182 loc6 loc4 loc135 loc98 loc63 loc124 loc120 loc66 loc108 loc14 loc18 loc172 loc18 loc100 loc189 loc82 loc189 loc22 loc186 loc78 loc26 loc117 loc158 loc117 loc194 loc117 loc136 loc117 loc154 loc72 loc54 loc140 loc96 loc112 loc15 loc184 loc159 loc52 loc159 loc80 loc192 loc178 loc150 loc146 loc192 loc122 loc177 loc64 loc177 loc94 loc177 loc142 loc177 loc86 loc183 loc68 loc0
93
loc0 loc0
loc2 loc2
loc4 loc4
loc6 loc6 loc164
loc8 loc8
loc48 loc10 loc48
loc12 loc12
loc14 loc14
loc111 loc16
loc18 loc18
loc20 loc20
loc22 loc22
loc24 loc24
loc26 loc26
loc28 loc28
loc30 loc30
loc32 loc32
loc186 loc34 loc186
loc36 loc36
loc38 loc38
loc40 loc40
loc42 loc42 loc84 loc166
loc44 loc44
loc46 loc46
loc105 loc50
loc52 loc52
loc54 loc54
loc56 loc56
loc58 loc58
loc60 loc60
loc62 loc62
loc64 loc64
loc66 loc66 loc156
loc68 loc68
loc70 loc70
loc72 loc72
loc132 loc74 loc132
loc76 loc76
loc78 loc78
loc80 loc80
loc82 loc82
loc86 loc86
loc88 loc88
loc90 loc90
loc92 loc92
loc94 loc94
loc96 loc96
loc98 loc98
loc100 loc100
loc102 loc102
loc104 loc104
loc106 loc106
loc108 loc108
loc110 loc110
loc112 loc112
loc114 loc114
loc116 loc116
loc118 loc118
loc120 loc120
loc122 loc122
loc124 loc124
loc126 loc126
loc128 loc128
loc130 loc130
loc134 loc134
loc136 loc136
loc138 loc138
loc140 loc140
loc142 loc142
loc144 loc144
loc146 loc146
loc148 loc148
loc150 loc150
loc152 loc152
loc154 loc154
loc158 loc158
loc183 loc160
loc162 loc162
loc168 loc168
loc170 loc170
loc172 loc172
loc174 loc174
loc176 loc176
loc178 loc178
loc180 loc180
loc182 loc182
loc184 loc184
loc188 loc188
loc190 loc190
loc192 loc192
loc194 loc194
loc196 loc196
loc198 loc198
