0 1 2 12 22 21 20 21 31 42 43 33 24 13 4 5 15 16 17 8 9 18 29 39 38 37 48 57 67 68 77 76 86 87 96 95 94 104 103 102 101 111 122 123 132 133 124 114 105 106 107 108 98 89 99 109 118 129 139 149 158 148 147 146 155 154 153 152 151 150 140 130 120 110 100 90 80 70 61 51 52 53 64 73 72 71 81 82 83 73 64 54 45 35 26 35 45 54 64 74 85 95 106 116 127 126 125 134 144 153 164 165 166 167 176 175 186 187 188 178 189 199 198 197 196 186 185 184 183 182 181 170 160 161 150 140 130 120 110 100 90 80 70 60 50 40 30 20 10 0
100
2 2
4 4
5 5
8 8
9 9
12 12
15 15
16 16
17 17
18 18
20 20
21 21
22 22
24 24
26 26
29 29
31 31
33 33
37 37
39 39
42 42
43 43
45 45
48 48
51 51
53 53
61 61
64 64
67 67
68 68
70 70
71 71
72 72
73 73
76 76
77 77
80 80
81 81
82 82
83 83
86 86
87 87
89 89
94 94
95 95
96 96
98 98
99 99
101 101
102 102
103 103
104 104
105 105
107 107
108 108
111 111
114 114
116 116
118 118
120 120
122 122
123 123
125 125
127 127
129 129
130 130
132 132
133 133
139 139
140 140
146 146
147 147
149 149
150 150
151 151
152 152
153 153
154 154
155 155
158 158
160 160
161 161
164 164
165 165
166 166
167 167
175 175
176 176
178 178
181 181
182 182
183 183
184 184
186 186
187 187
188 188
189 189
196 196
198 198
199 199
