Qatar Australia Mongolia Armenia Kyrgyzstan UnitedKingdom CzechRepublic VaticanCity Tuvalu Peru Mali Tajikistan Tanzania RussianFederation GuineaBissau Gabon UAE Lebanon Mozambique Senegal Montenegro Guyana Liberia Kosovo CostaRica Danzig Belarus Georgia Morocco Angola Uzbekistan Albania France Andorra Nicaragua Macedonia Burundi SanMarino Belgium Singapore SaintLucia Estonia Netherlands America Tunisia SierraLeone Malta Uruguay Sweden Haiti Egypt DemofChina Qatar
50
Mongolia Mongolia
Albania Albania
America America
Kyrgyzstan Kyrgyzstan
VaticanCity VaticanCity
Armenia Armenia
CzechRepublic CzechRepublic
Peru Peru
Tanzania Tanzania
UnitedKingdom UnitedKingdom
Tuvalu Tuvalu
Mali Mali
UAE UAE
France France
Guyana Guyana
Andorra Andorra
Kosovo Kosovo
Australia Australia
Gabon Gabon
RussianFederation RussianFederation
Nicaragua Nicaragua
Netherlands Netherlands
Tajikistan Tajikistan
Mozambique Mozambique
Burundi Burundi
GuineaBissau GuineaBissau
SierraLeone SierraLeone
Senegal Senegal
Sweden Sweden
Lebanon Lebanon
Montenegro Montenegro
Danzig Danzig
Georgia Georgia
Angola Angola
Haiti Haiti
Liberia Liberia
Belarus Belarus
Morocco Morocco
Uzbekistan Uzbekistan
SanMarino SanMarino
CostaRica CostaRica
Macedonia Macedonia
Tunisia Tunisia
Belgium Belgium
Egypt Egypt
SaintLucia SaintLucia
Singapore Singapore
Estonia Estonia
Malta Malta
DemofChina DemofChina
