55 57 182 101 173 177 45 151 20 149 171 188 86 80 88 66 43 140 58 133 10 163 184 153 78 77 143 74 175 109 97 40 42 62 179 122 15 135 15 13 15 113 29 158 106 63 48 115 21 91 33 186 33 83 137 111 189 71 4 16 84 11 168 14 131 185 75 85 56 90 146 181 147 107 41 148 127 54 9 44 8 53 67 76 116 134 32 150 49 172 28 114 1 119 59 159 59 152 30 126 164 27 170 160 136 124 105 47 61 81 55
92
8 8
9 9
11 11
84 12
13 13
15 15
16 16
14 17 36 118
20 20
147 26
27 27
29 29
30 30
32 32
33 33
40 40
41 41
42 42
43 43
45 45
48 48
49 49
53 53
54 54
56 56
57 57
58 58 166
59 59
61 61
62 62
63 63
66 66
67 67
71 71
74 74
76 76
77 77
78 78
80 80
81 81
83 83
85 85
86 86
88 88
90 90
91 91
97 97
101 101
105 105
106 106
107 107
109 109
111 111
113 113
114 114
115 115
116 116
119 119
122 122
126 126
131 131
133 133
134 134
135 135
137 137
140 140
146 146
148 148
149 149
150 150
151 151
152 152
153 153
158 158
159 159
160 160
177 162 177
163 163
168 168
170 170
171 171
172 172
173 173
175 175
179 179
181 181
182 182
184 184
185 185
186 186
188 188
189 189
