0 60 112 56 19 82 38 85 75 97 199 13 133 26 3 131 25 141 6 35 74 173 94 32 181 88 47 117 158 172 153 148 120 52 113 71 73 18 67 149 114 58 175 49 178 93 197 123 154 92 91 96 106 195 119 143 167 162 64 69 124 102 65 33 170 33 8 171 180 51 145 136 174 48 87 99 135 44 80 169 83 191 76 46 103 139 188 161 105 15 177 55 17 168 134 0
93
3 3
8 8
13 13
15 15
17 17
18 18
19 19
25 25
26 26
32 32 42
33 33
35 35
38 38
44 44
46 46
47 47
48 48 77
49 49
51 51
52 52
55 55
56 56
58 58
60 60 155
64 64
65 65
67 67
69 69
71 71
73 73
74 74
75 75
76 76
80 80
82 82
83 83
85 85
87 87
88 88
6 90
91 91
92 92
93 93
94 94
96 96
97 97
99 99
102 102
103 103
105 105
106 106
112 112
113 113
114 114 140
117 117
119 119
120 120
123 123
124 124
131 131
143 132 143
133 133
134 134
135 135
136 136
139 139
141 141
145 145
148 148
149 149
153 153
154 154
158 158
161 161
162 162
167 167
168 168
169 169
170 170
171 171
172 172
173 173
174 174
175 175
177 177
178 178
180 180
181 181
188 188
191 191
195 195
197 197
199 199
