IIII1I1 II1I1Il I1I1111 IIllIl1 IIlIlI1 1IlII1I lIIIllI IlllI11 llI1IlI l1IlIII IIII1ll 11IIl1I II111I1 1IIlIIl 1lI11l1 lI11l1l IIlIIII 11lI11I l1IlIl1 11I1lll 11I1Ill IIIlI1l lll1lII IIII1I1
21
11I1Ill 11I1Ill
IIII1ll IIII1ll
lI11l1l lI11l1l
l1IlIII III1lII l1IlIII
IIllIl1 IIllIl1
1IlII1I 1IlII1I
IIIlI1l lIlllll lI1l1II
11IIl1I 11IIl1I
1lI11l1 1lI11l1
11I1lll 11I1lll
lIIIllI lIIIllI
IlllI11 IlllI11
IIlIIII IIlIIII
l1IlIl1 l1IlIl1
IIlIlI1 I1I111I IIlIlI1
I1I1111 I1I1111
11lI11I 11lI11I
II111I1 II111I1
lll1lII lII1I11 I11IIlI
II1I1Il II1I1Il
1IIlIIl 1IIlIIl
