Satish PYD9SISJI KRM4B 92R432 ZRYV5F YXBMACC 1BZLEM VFRT26 PTL1QU OXWYDF BBFYA9B NSBI Z6H98 4INC2D8SDN PTWCQ ZY9VPYMXA KSHB2KG WZ1MC3189 ICTGXV FS1RWBVR7 BVNZ 399VM5PU6 UVP4WIKK ENMF Satish
21
VFRT26 VFRT26
ICTGXV ICTGXV
Z6H98 Z6H98 ER2YSPML1C
KSHB2KG KSHB2KG
YXBMACC 9XFF YXBMACC
1BZLEM 1BZLEM
4INC2D8SDN 4INC2D8SDN
UVP4WIKK UVP4WIKK
BBFYA9B BBFYA9B
ZRYV5F ZRYV5F
PYD9SISJI PYD9SISJI
399VM5PU6 399VM5PU6
NSBI NSBI
PTL1QU PTL1QU
ZY9VPYMXA ZY9VPYMXA PZMGYZL
WZ1MC3189 WZ1MC3189
PTWCQ PTWCQ R6VBAVZ0B
92R432 92R432
FS1RWBVR7 FS1RWBVR7
KRM4B KRM4B
OXWYDF OXWYDF
