129 83 130 83 9 161 80 84 101 11 4 81 158 141 50 13 111 142 111 30 66 107 100 105 192 105 157 29 157 195 85 6 51 56 99 156 95 59 25 196 140 151 114 108 125 42 21 61 26 128 190 177 65 0 27 126 39 178 26 163 64 72 97 76 96 87 33 5 40 88 2 91 20 191 53 49 155 17 8 123 57 150 121 143 16 188 61 79 152 14 110 10 31 55 194 23 32 109 46 180 12 103 12 89 137 92 183 47 62 47 58 47 116 44 86 174 45 175 30 184 30 122 50 189 63 129
94
0 0 15 82 145
2 2
4 4
5 5
6 6
8 8 48
9 9
11 11
13 13
14 14
16 16
17 17
21 21
23 23
25 25
26 26
29 29
33 33
83 36
39 39
40 40
44 44
49 49
50 50
51 51
53 53
55 55
56 56
57 57
58 58
59 59
61 61
62 62
63 63
64 64
65 65
66 66
76 76
81 81
84 84
85 85
87 87
88 88
89 89
91 91
92 92
95 95
96 96
97 97
32 98
99 99
100 100
101 101
103 103
105 105
107 107
108 108
109 109
110 110
114 114
121 121 171
122 122
123 123
125 125
126 126
128 128
130 130
137 137 197
142 142
150 150
151 151
152 152
155 155
156 156
157 157
158 158
27 160
161 161
163 163
174 174
175 175
177 177
178 178
180 180
183 183
184 184
188 188
189 189
190 190
191 191
192 192
194 194
195 195
196 196
