845LWU7Kg6167HQY Uyj5raM7C9SGCHQGUC y B4mQOl023dn1 y 0CwgepgS85xC4gx KKUFV29x8iO 0CwgepgS85xC4gx 4 KpBvy 4l4aqvNKB k 3k k r ICQxh0Q58799CUd2 r geUO1h 8M2OK8Px58 geUO1h 77yN7eHZwfF99R2 TBk5Pt5vt5SInt 77yN7eHZwfF99R2 11l6P71DgEau1baEX4 xaM1q4jQi3efYb0 2qgWbB40Ya16 MY3aL96Y u3Qv 42U0k6JhTQxPvUw8 u3Qv EnhLq7BgTj8IN3Z2m fgM12T WMY0xVk9j8T6Ly eqYzN7b19UgNo1K WMY0xVk9j8T6Ly fgM12T 6RiHvQ4xTN5 9vq8gscs7dz1 eDv5MBdo 5Qkzz260R7 eDv5MBdo MVvh DUiYDuR9yYFD5 UH4Lf7FAuZoT4lv2 YKpC4gQmPKaU311w9eOT O41Muu 95fufpL7BuUW8Mng00jE O58T a 48783322I5q9PFVPT TU76UjE52906 3 5CCl0n2r5512 5Ll49ySSWT043CtCd2 7L J 672Pt4Ytw8LW J X6SrYf57mSUQQ28C J ElUTL D FL4V06094CU0zO3gJava H6pXAnE0KypnExX SmI7f H6pXAnE0KypnExX YLKBD54k pbE3R4QsB76l 3i80K09a i7lmV5iDIgl5f 1 5 1 122gt 0CwgepgS85xC4gx HDLHc5Kdk SL88w66v7 HDLHc5Kdk N8191M9E9v 9 N8191M9E9v 95E0752p51t ZT3 y B4mQOl023dn1 5Ll49ySSWT043CtCd2 NQ3vX6W6H74aK53np 5Ll49ySSWT043CtCd2 B4mQOl023dn1 y 0CwgepgS85xC4gx KKUFV29x8iO ftk2 KKUFV29x8iO 0CwgepgS85xC4gx Uyj5raM7C9SGCHQGUC 845LWU7Kg6167HQY
50
122gt 122gt
H6pXAnE0KypnExX H6pXAnE0KypnExX
3 3
SL88w66v7 SL88w66v7
672Pt4Ytw8LW 672Pt4Ytw8LW
SmI7f SmI7f
845LWU7Kg6167HQY 845LWU7Kg6167HQY
NQ3vX6W6H74aK53np NQ3vX6W6H74aK53np
KpBvy KpBvy
5CCl0n2r5512 5CCl0n2r5512
y y
5Qkzz260R7 5Qkzz260R7
ftk2 ftk2
7L 7L
DUiYDuR9yYFD5 DUiYDuR9yYFD5
11l6P71DgEau1baEX4 11l6P71DgEau1baEX4
xaM1q4jQi3efYb0 xaM1q4jQi3efYb0
fgM12T fgM12T
ICQxh0Q58799CUd2 ICQxh0Q58799CUd2
ElUTL ElUTL
O41Muu O41Muu
4 4
3k 3k
MVvh MVvh
B4mQOl023dn1 B4mQOl023dn1
X6SrYf57mSUQQ28C X6SrYf57mSUQQ28C
YLKBD54k YLKBD54k
5 5
KKUFV29x8iO KKUFV29x8iO
EnhLq7BgTj8IN3Z2m EnhLq7BgTj8IN3Z2m
2qgWbB40Ya16 2qgWbB40Ya16
6RiHvQ4xTN5 6RiHvQ4xTN5
eDv5MBdo eDv5MBdo
9 9
TU76UjE52906 TU76UjE52906
u3Qv u3Qv
r r
D D
48783322I5q9PFVPT 48783322I5q9PFVPT
eqYzN7b19UgNo1K eqYzN7b19UgNo1K
O58T O58T
4l4aqvNKB 4l4aqvNKB
8M2OK8Px58 8M2OK8Px58
geUO1h geUO1h
YKpC4gQmPKaU311w9eOT YKpC4gQmPKaU311w9eOT
ZT3 ZT3
TBk5Pt5vt5SInt TBk5Pt5vt5SInt
95E0752p51t 95E0752p51t
MY3aL96Y MY3aL96Y
42U0k6JhTQxPvUw8 42U0k6JhTQxPvUw8
