AA DT AA AC AJ AC AA DT CX DU CX AN AD AK AD AL AD AN CY DW CY AN CX DS CX AN AD DN CT AM CW DQ CW AM CV DR CV AM CW DP CW AM CT DN AD AN CY DV CY AN CX DT AA AB AE AO AP AO AE AB AH AB AG BC BJ BC AG BB BI BB BH BB AG BA BF BA BG BA BE BA AG AZ BD AZ AG BC BK FE DZ EC DX DY DX EC EB EA FC EA EI FB EI EA EB EC EE ED EP ED EE EF EL EW EX EY EX EW EL EF EE EC DZ FE BK BC AG AB AE AO AQ AO AE AB AF AB AH BN BS FF BS BN AH BM BP CE BW AI BW CE BP BM AH AB AG BC BK FE DZ EC EE EF EN EQ EO EQ EN EF EH FA EH EJ EZ EJ EH EF EE EC DZ FE BK BC AG AB AA
46
AA AA
AB AB
AC AC
AD AD
AE AE
AF AF
AG AG
AH AH
AI AI
AJ AJ
AK AK
AL AL
AM AM
AN AN
AO AO
AP AP
AQ AQ
BD BD
BE BE
BF BF
BG BG
BH BH
BI BI
BJ BJ
BK BK
DP DP
DQ DQ
DR DR
DS DS
DT DT
DU DU
DV DV
DW DW
DX DX
DY DY
DZ DZ
EN EN
EO EO
EP EP
EX EX
EY EY
EZ EZ
FA FA
FB FB
FC FC
FF FF
