mdyuzxshey mysadifwma mdyuzxshey vkrlpmybdj zmfuudfatm vkrlpmybdj jatkaoyfxb bnmegnfgii jatkaoyfxb zumetrybth ebqxbaqnmm ljhmnbaicr owusjcmdkp lnicnhmajr oggftsricu euqbrkzdsw oggftsricu lkvobxyfca fznfvsgjhc sjtuxgdwms lbuiysostx oegfbrwyrp tgbmxdmvwe oegfbrwyrp bswhowadhl psiebvskfb zpybghfdbe cmdqzmgvfi qydclznxrd cmdqzmgvfi qfbvncxldf cmdqzmgvfi zpybghfdbe lndsfxewdc mswyvpdrsy lndsfxewdc bulywvvpni zjbarjhmau kdujdjjwot phknwbtipl hadchvmijq wynbxuuxru hadchvmijq jqtguzxxsl yiwwdwbzth xftptyrlvl knfzsnhzvx oewptytlja nwlccbonas oewptytlja jedsthbmzo xftptyrlvl yiwwdwbzth wtyqwjwskq bswhowadhl zpybghfdbe cmdqzmgvfi tmrnpjqnxx wtlzrefwav jrmlkfexfk gllungmori rkyixxpcbx eooyfwmxln rkyixxpcbx optviwhmbr ixyurvbpvu gwnccktgki ixyurvbpvu siatqqydwf ahqdrcepub lazlsvgukx idfvjoquhh xkasbvrrxd pymtnhypxd qcktwemqbm wkwwcqjtxf zjbarjhmau bulywvvpni siatqqydwf ixyurvbpvu uooysjrxsb seeyrseflx vugkhjygfe seeyrseflx uooysjrxsb ixyurvbpvu optviwhmbr rkyixxpcbx gllungmori jrmlkfexfk wtlzrefwav hsjqtjkukk smwxdupkdv aokbiptbzc koawdpgqdx unihwwnyqz qepegujmaa xtvbrolacp qepegujmaa unihwwnyqz koawdpgqdx smwxdupkdv hsjqtjkukk wtlzrefwav tmrnpjqnxx cmdqzmgvfi qydclznxrd ouxenssqdu tvcolajnao vkrlpmybdj mdyuzxshey
49
eooyfwmxln eooyfwmxln
vugkhjygfe vugkhjygfe
gllungmori gllungmori
zmfuudfatm zmfuudfatm
zumetrybth zumetrybth
wtyqwjwskq wtyqwjwskq
vkrlpmybdj vkrlpmybdj
psiebvskfb psiebvskfb
jqtguzxxsl jqtguzxxsl
koawdpgqdx koawdpgqdx
tgbmxdmvwe tgbmxdmvwe
zjbarjhmau zjbarjhmau
lkvobxyfca lkvobxyfca
wtlzrefwav wtlzrefwav
jedsthbmzo jedsthbmzo
nwlccbonas nwlccbonas
seeyrseflx seeyrseflx
ahqdrcepub ahqdrcepub
kdujdjjwot kdujdjjwot
gwnccktgki gwnccktgki
xtvbrolacp xtvbrolacp
bnmegnfgii bnmegnfgii
qfbvncxldf qfbvncxldf
aokbiptbzc aokbiptbzc
lbuiysostx lbuiysostx
ljhmnbaicr ljhmnbaicr
qcktwemqbm qcktwemqbm
knfzsnhzvx knfzsnhzvx
qepegujmaa qepegujmaa
mdyuzxshey mdyuzxshey
mswyvpdrsy mswyvpdrsy
ebqxbaqnmm ebqxbaqnmm
hadchvmijq hadchvmijq
xftptyrlvl xftptyrlvl
lnicnhmajr lnicnhmajr
bulywvvpni bulywvvpni
oewptytlja oewptytlja
cmdqzmgvfi cmdqzmgvfi
lazlsvgukx lazlsvgukx
lndsfxewdc lndsfxewdc
owusjcmdkp owusjcmdkp
qydclznxrd qydclznxrd
jatkaoyfxb jatkaoyfxb
wynbxuuxru wynbxuuxru
rkyixxpcbx rkyixxpcbx
optviwhmbr optviwhmbr
mysadifwma mysadifwma
fznfvsgjhc fznfvsgjhc
euqbrkzdsw euqbrkzdsw
