g3ylJsdLuC idQHxtSnxr BUMLJo6sc3 jPXsbXPNMq BUMLJo6sc3 srT70dfQEr Pz3egMzKU8 gZXiityEnU J3muHocLp9 7wS9dKOnJR 723MhcLxt0 yky49wE4YG BNkM7qaRNw XlU2fx0ZPn BNkM7qaRNw IA0Uf143OT uvoepIQg9n LCKLTNE1vp TSSOUimHPg 97ZNlakBoq mwzQG3SxnO rCoEuOa7EU XW1Wn7EqpN GQ4F0g3Mdj fXy828RCG4 KUJdxKVZFO 7g0Idy1nzK 03xK87sjTf nKHFs5cKTX Oiowits7js 12ECENJIev HHHZ1vC1rP WvFZJEkTrw 5SSy593K31 33omYiVXOD oCk2Yieytb Tk8ERvdKxF WAi18jd2vJ S8BtTu4yH9 WAi18jd2vJ oIVQ2qkgnR s3eMpsYH00 Pijq8aHqIR qnkfLCmfDn QTNhZIciNJ CSjLrGbUz3 xtp1B5q0W1 CSjLrGbUz3 FmtLnHv2HY YpRs8m6oyX 2S929yZddP 1QXjsHNYao 723MhcLxt0 TBzLS0OAYU nFqfAnhO3U 0hs3CNDF4L oIVQ2qkgnR bhojeHeddF oIVQ2qkgnR JD3uem81Lg r8njDwxc2t euuICgBLD4 vUu8ijgxxf yvMowGbkvn u4LnQNaaiz 0mnwiU4XrT wRn7Oi1bcW xjSWG1YKh9 Q2bVxDrpEx oEdovEhrWM CUEWGmB7Gt dMOAUqH7Z3 qnkfLCmfDn yU6iUY8YgO XOxGPscMMG WcyuqGYOzU oWmQcQwHPo dC48GQHGzO RN0bCAV6rQ pk0Vh75DnH Qu2MUNKITj g2I4si69gU u4FAx2sHZm 2OsmeZV9xh u4FAx2sHZm 1TfvXd6dPZ mbSdju1TJK 1TfvXd6dPZ dC48GQHGzO oCk2Yieytb bWDewy6WbV pWVnBerIra IT4pKw3giW g2I4si69gU oVMPVsMWrZ WYEDqSuNRX KpxiCfRqh3 bserQRNqfz 2O61j91J3T K05xB79KZo srT70dfQEr BUMLJo6sc3 fecMfiAuGC BUMLJo6sc3 idQHxtSnxr onlLq65Azx j98kcW9qGB bsEkAY2K41 Q1N77BLmyb TSSOUimHPg IGpxjveim7 x7iq98BiN3 eV8Vk47Uma rCoEuOa7EU 8KtuAXHUy3 EG1t1o8YrR fWIjO8yhE3 KHDeTTvJC1 fWIjO8yhE3 vLjEFrUVJv qjDSEKmZMW jBYJ7v19BQ lfdanPGo3c MXIvZpEPtW 4znnlMjVra dj8JMfo3hX QrJxLpX875 2eMl9AO5o8 emYRLTiyj9 LeZK9UvMT9 vnZBjkVngj M2hatQPY96 CxfzSa2YOV PcFJuErB3q FvzkpZRSj8 YAqGe4tKAP yky49wE4YG Pv5LMSkQii yky49wE4YG WRd4lScvm6 yky49wE4YG 2nSOTVmvxV TP2TNyk7wl GQ4F0g3Mdj TyL7NE2puV pKK7T4agKn AL20k9yp9D z9nRKYQ1ub 8ZKCAWlImg t25XjDwQhD 8ZKCAWlImg tubjzjzUpV 1KJyArncTt z8wUSSybzM j98kcW9qGB aEo62SfMqH WvFZJEkTrw 5SSy593K31 33omYiVXOD oCk2Yieytb Tk8ERvdKxF uIf3wnJUdn MXIvZpEPtW biWuM2iRnz MXIvZpEPtW g2I4si69gU 0wTk0mYkLH KUJdxKVZFO vUu8ijgxxf 9LabQjTqkn QTNhZIciNJ h5Si5BAPN0 QTNhZIciNJ 9LabQjTqkn 0mnwiU4XrT idQHxtSnxr g3ylJsdLuC
100
0mnwiU4XrT 0mnwiU4XrT
oCk2Yieytb oCk2Yieytb
97ZNlakBoq 97ZNlakBoq
oWmQcQwHPo oWmQcQwHPo
u4FAx2sHZm u4FAx2sHZm
g2I4si69gU g2I4si69gU
oVMPVsMWrZ oVMPVsMWrZ
mwzQG3SxnO mwzQG3SxnO
TyL7NE2puV TyL7NE2puV
bWDewy6WbV bWDewy6WbV
s3eMpsYH00 s3eMpsYH00
723MhcLxt0 723MhcLxt0
LCKLTNE1vp LCKLTNE1vp
vUu8ijgxxf vUu8ijgxxf
CSjLrGbUz3 CSjLrGbUz3
Pz3egMzKU8 Pz3egMzKU8
srT70dfQEr srT70dfQEr
wRn7Oi1bcW wRn7Oi1bcW
1QXjsHNYao 1QXjsHNYao
WcyuqGYOzU WcyuqGYOzU
QrJxLpX875 QrJxLpX875
4znnlMjVra 4znnlMjVra
TBzLS0OAYU TBzLS0OAYU
CxfzSa2YOV CxfzSa2YOV
KpxiCfRqh3 KpxiCfRqh3
Pijq8aHqIR Pijq8aHqIR
dj8JMfo3hX dj8JMfo3hX
Tk8ERvdKxF Tk8ERvdKxF
KUJdxKVZFO KUJdxKVZFO
1TfvXd6dPZ 1TfvXd6dPZ
uIf3wnJUdn uIf3wnJUdn
QTNhZIciNJ QTNhZIciNJ
XlU2fx0ZPn XlU2fx0ZPn
IA0Uf143OT IA0Uf143OT
nKHFs5cKTX nKHFs5cKTX
t25XjDwQhD t25XjDwQhD
qjDSEKmZMW qjDSEKmZMW
BUMLJo6sc3 BUMLJo6sc3
03xK87sjTf 03xK87sjTf
fXy828RCG4 fXy828RCG4
FvzkpZRSj8 FvzkpZRSj8
2OsmeZV9xh 2OsmeZV9xh
0wTk0mYkLH 0wTk0mYkLH
oIVQ2qkgnR oIVQ2qkgnR
GQ4F0g3Mdj GQ4F0g3Mdj
u4LnQNaaiz u4LnQNaaiz
dMOAUqH7Z3 dMOAUqH7Z3
mbSdju1TJK mbSdju1TJK
tubjzjzUpV tubjzjzUpV
WAi18jd2vJ WAi18jd2vJ
S8BtTu4yH9 S8BtTu4yH9
2S929yZddP 2S929yZddP
5SSy593K31 5SSy593K31
CUEWGmB7Gt CUEWGmB7Gt
2O61j91J3T 2O61j91J3T
oEdovEhrWM oEdovEhrWM
M2hatQPY96 M2hatQPY96
K05xB79KZo K05xB79KZo
bhojeHeddF bhojeHeddF
pk0Vh75DnH pk0Vh75DnH
Oiowits7js Oiowits7js
r8njDwxc2t r8njDwxc2t
z9nRKYQ1ub z9nRKYQ1ub
JD3uem81Lg JD3uem81Lg
gZXiityEnU gZXiityEnU
jPXsbXPNMq jPXsbXPNMq
emYRLTiyj9 emYRLTiyj9
XW1Wn7EqpN XW1Wn7EqpN
YpRs8m6oyX YpRs8m6oyX
onlLq65Azx onlLq65Azx
yU6iUY8YgO yU6iUY8YgO
uvoepIQg9n uvoepIQg9n
TP2TNyk7wl TP2TNyk7wl
LeZK9UvMT9 LeZK9UvMT9
YAqGe4tKAP YAqGe4tKAP
x7iq98BiN3 x7iq98BiN3
yky49wE4YG yky49wE4YG
0hs3CNDF4L 0hs3CNDF4L
Pv5LMSkQii Pv5LMSkQii
12ECENJIev 12ECENJIev
8KtuAXHUy3 8KtuAXHUy3
IT4pKw3giW IT4pKw3giW
WRd4lScvm6 WRd4lScvm6
jBYJ7v19BQ jBYJ7v19BQ
WvFZJEkTrw WvFZJEkTrw
qnkfLCmfDn qnkfLCmfDn
7g0Idy1nzK 7g0Idy1nzK
BNkM7qaRNw BNkM7qaRNw
lfdanPGo3c lfdanPGo3c
bsEkAY2K41 bsEkAY2K41
KHDeTTvJC1 KHDeTTvJC1
idQHxtSnxr idQHxtSnxr
h5Si5BAPN0 h5Si5BAPN0
RN0bCAV6rQ RN0bCAV6rQ
biWuM2iRnz biWuM2iRnz
yvMowGbkvn yvMowGbkvn
xtp1B5q0W1 xtp1B5q0W1
fecMfiAuGC fecMfiAuGC
aEo62SfMqH aEo62SfMqH
Q1N77BLmyb Q1N77BLmyb
