153 170 15 129 12 58 47 21 184 21 161 95 77 53 145 178 45 155 195 0 60 139 43 139 138 61 138 131 73 197 180 70 39 80 140 80 171 92 83 186 52 186 19 91 41 108 41 137 177 35 90 23 100 2 98 88 98 122 187 160 37 160 127 144 117 135 194 146 181 136 181 26 172 79 81 119 156 50 128 96 24 134 150 168 11 16 126 22 86 13 196 76 124 76 7 20 89 152 28 182 31 89 49 167 34 113 58 99 109 29 192 69 118 68 118 169 147 42 147 189 8 189 78 163 101 191 3 90 40 82 149 179 36 188 93 89 31 4 153
96
50 50
81 81
83 83
40 40
96 96
29 29
89 89 74
7 7
126 126
100 56
180 180
86 86
16 16
178 178
41 41
23 23
95 95
90 90
188 188
19 19
77 77
20 20
153 153
192 192 5
137 137
13 13
79 79
99 99
163 163
15 15
197 197
156 156
70 70
136 136
160 160
42 42
35 35
93 93
2 2
128 128
161 161
36 120 36
195 195
187 187
122 122
127 127
172 172
68 68
194 194
146 146
196 196
119 119
47 47
145 145
98 98
170 170
34 34
167 167
49 49
53 53
140 140
177 177
21 21
88 88
152 152
184 184
60 112 60
108 108
134 134
135 135
52 52
118 118
124 124
131 131
182 182
26 26
3 3
169 169
43 43
4 4
113 113
12 12
37 37
0 0
58 58
138 138
28 28
168 168
147 147
171 171
8 8
179 179
11 11
61 61
129 129
150 150
