Chattanooga Cleveland SanAntonio Memphis Wichita Fayetteville Aurora Orange Frisco KansasCity Jackson Brownsville Boston Salem Plano Fresno GrandRapids Fresno Worcester Fresno Corona Lubbock Corona FortWorth Roseville MorenoValley Anaheim ChulaVista Akron Hayward SantaClarita Hayward Raleigh Norfolk Irvine Syracuse Irvine OklahomaCity Lincoln Madison Joliet SanBernardino Boise SanBernardino Fremont Huntsville Tacoma Oxnard Spokane Springfield Berkeley Knoxville WinstonSalem Cincinnati LongBeach GrandPrairie LongBeach Waco Albuquerque LosAngeles Albuquerque Orlando NewportNews DesMoines Austin Vancouver Detroit BatonRouge Bakersfield Carrollton Surprise Anchorage Phoenix Indianapolis Riverside Scottsdale Tempe Scottsdale Riverside Indianapolis FortLauderdale Savannah SaltLakeCity Richmond Fayetteville Aurora Lexington Aurora Orange Henderson Toledo GardenGrove Salinas Murfreesboro Charlotte SanDiego Sunnyvale StPetersburg Clarksville Jacksonville Killeen SantaAna OklahomaCity Fontana Oceanside CapeCoral LittleRock Shreveport LittleRock ElPaso Denton Gilbert Tallahassee Buffalo Pomona Garland Naperville Chicago Portland Glendale SanJose Washington SaintPaul Norfolk Hayward Akron RanchoCucamonga Newark McAllen ElkGrove Plano Yonkers Durham MorenoValley Anaheim NewYork Minneapolis NewportNews Alexandria NewportNews Jerusalem Louisville Omaha LongBeach Cincinnati Paterson JerseyCity Mobile Olathe Mobile Midland Dayton Plano PortStLucie Miramar Honolulu SanFrancisco Honolulu Miramar Tampa Thornton Ontario TianamenSquare CorpusChristi ElPaso Chattanooga
99
NewYork NewYork
LosAngeles LosAngeles
Chicago Chicago
Phoenix Phoenix
SanAntonio SanAntonio
SanDiego SanDiego
SanJose SanJose
Austin Austin
Jacksonville Jacksonville
FortWorth FortWorth
SanFrancisco SanFrancisco
Charlotte Charlotte
Indianapolis Indianapolis
Washington Washington
Boston Boston
ElPaso ElPaso
Memphis Memphis
Louisville Louisville
Aurora Baltimore Aurora
KansasCity KansasCity
Raleigh Raleigh
Wichita Wichita
Cleveland Cleveland
Bakersfield Bakersfield
Anaheim Anaheim
Honolulu Honolulu
SantaAna SantaAna
Riverside Riverside
Lexington Lexington
Henderson Henderson
SaintPaul SaintPaul
Cincinnati Cincinnati
Anchorage Anchorage
Plano Plano
Lincoln Lincoln
Orlando Orlando
Irvine Irvine
Newark Newark
Toledo Toledo
Durham Durham
ChulaVista ChulaVista
Madison Madison
Buffalo Buffalo
Lubbock Lubbock
Scottsdale Scottsdale
Glendale Glendale
Fremont Fremont
Boise Boise
Richmond Richmond
BatonRouge BatonRouge
Spokane Spokane
DesMoines DesMoines
Tacoma Tacoma
SanBernardino SanBernardino
Fontana Fontana
SantaClarita SantaClarita
Oxnard Oxnard
Fayetteville Fayetteville
GrandRapids GrandRapids
Yonkers Yonkers
Akron Akron
LittleRock LittleRock
PortStLucie PortStLucie
GrandPrairie GrandPrairie
Tallahassee Tallahassee
Tempe Tempe
CapeCoral CapeCoral
Shreveport Shreveport
Frisco Frisco
Knoxville Knoxville
Worcester Worcester
Brownsville Brownsville
Vancouver Vancouver
FortLauderdale FortLauderdale
Ontario Ontario
NewportNews NewportNews
Oceanside Oceanside
Salem Salem
GardenGrove GardenGrove
Corona Corona
Springfield Springfield
Jackson Jackson
Alexandria Alexandria
Hayward Hayward
Pomona Pomona
Naperville Naperville
Joliet Joliet
Savannah Savannah
Paterson Paterson
McAllen McAllen
Syracuse Syracuse
Midland Midland
Berkeley Berkeley
Murfreesboro Murfreesboro
Olathe Olathe
Orange Orange
Denton Denton
Waco Waco
Surprise Surprise
