Porterton Wallton Davisstad Newmanburgh Gallowaymouth Rioshaven Josephstad Rioshaven Gallowaymouth Newmanburgh Davisstad Leechester Pettyton Bondmouth Mercedesmouth Bondmouth Taylorton Bondmouth Pettyton Jonesfurt Pettyton Leechester Castanedachester Suttonville Castanedachester Leechester Davisstad Jacksonton Singletonton Clarkbury Jermaineton Clarkbury Singletonton Jacksonton Davisstad Wallton Derekmouth Geraldside Michellehaven Ramosborough Fordhaven Ramosborough Michellehaven Cranemouth Joneschester Cranemouth Michellehaven Geraldside Joseport Hallborough Kylieview Hallborough Joseport Gabrielburgh Hodgesstad Gabrielburgh Joseport Geraldside Derekmouth Charlesberg Weberbury Clarkport Weberbury Kimberlyburgh Candiceland Kimberlyburgh Weberbury Charlesberg Sethland Tannerhaven Sethland Ellisstad Osbornemouth Ellisstad Sethland Charlesberg Kevinberg Patriciabury Troyfort Patriciabury Thomasmouth Patriciabury Kevinberg Adamside Andrewschester Adamside Bradberg Adamside Kevinberg Charlesberg Derekmouth Jeffreyfort Johnsonchester Susanfort Johnsonchester Nealfurt Johnsonchester Jeffreyfort Garytown Audreyfort Patriciaside Audreyfort Garytown Jeffreyfort Derekmouth Wallton Danielleport Scottburgh Laurenbury Haleview Hallstad Haleview Laurenbury Scottburgh Danielleport Melissaview Cheyennefurt Thompsonshire Cheyennefurt Watsonville Christyland Watsonville Robertomouth Watsonville Cheyennefurt Melissaview Campbellhaven Annberg Houstonchester Annberg Dyerport Annberg Campbellhaven Melissaview Danielleport Cooperton Lopezborough Waltersmouth Adamport Waltersmouth Adkinsberg Waltersmouth Lopezborough Cooperton Danielleport Wallton Porterton Dianashire Burgessview Williamfort Moodyburgh Gregoryberg Smithfort Millerborough Smithfort Gregoryberg Moodyburgh Heatherberg Thomasborough Masseyside Thomasborough Ortegaberg Thomasborough Heatherberg Moodyburgh Williamfort Williamport Ashleystad Holthaven Vickiville Holthaven Ashleystad Codyton Ryanside Codyton Mindyview Codyton Ashleystad Williamport Williamfort Thomasville Lopezburgh Leahmouth Lopezburgh Byrdfurt Garciamouth Byrdfurt Loweryborough Byrdfurt Lopezburgh Thomasville Williamfort Burgessview Marcusburgh Matthewburgh Bondfort Shawnmouth Buckleyside Shawnmouth Priceville Shawnmouth Bondfort Adamview Harrisborough Adamview Bondfort Matthewburgh Virginiastad Robinsonmouth Horneside Robinsonmouth Virginiastad Johnsonberg Virginiastad Matthewburgh Marcusburgh Fletcherland Willisfurt Ortizberg Willisfurt Fletcherland Kingview Williamschester Mirandaview Williamschester Kingview Fletcherland Marcusburgh Tylerbury Paultown Hansonbury Paultown Tylerbury Jamestown Wilsonstad Jamestown Tylerbury Marcusburgh Burgessview Billton Banksburgh Simmonsburgh Michaelville Williamland Michaelville Simmonsburgh Banksburgh Yvonneborough Parkermouth Shawnfort Parkermouth Yvonneborough Banksburgh Billton Burgessview Dianashire Ashleyborough Clarkberg Reevestown Judithview Michaelview Clarenceview Michaelview Judithview Reevestown Clarkberg Burtonview Murphyside Bakertown Derekville Bakertown Jameston Bakertown Murphyside Burtonview Clarkberg Ashleyborough Paulburgh Robertsstad Toddtown Swansonshire Abigailhaven Swansonshire Toddtown Robertsstad Paulburgh Walltown Callahantown Maryport Combsville Maryport Reynoldsview Maryport Callahantown Walltown Johnberg Williamshire Johnberg Walltown Scotttown Jacksonview Danielville Jacksonview Scotttown Walltown Paulburgh Ashleyborough Osborneville Christophermouth Shawnhaven Dannyside Shawnhaven Candaceborough Shawnhaven Christophermouth Osborneville Payneview Barnesmouth Clarkborough Barnesmouth Harrisport Brendaview Harrisport Barnesmouth Payneview Teresafort Smithtown Abigailville Smithtown Jacksonland Smithtown Teresafort Calvinton Teresafort Payneview Jacksonville Christopherhaven Jacksonville Jennifertown Feliciaville Jennifertown Jacksonville Payneview Osborneville Ashleyborough Dianashire Porterton
100
Abigailhaven Abigailhaven
Williamshire Williamshire
Osbornemouth Osbornemouth
Bondmouth Bondmouth
Swansonshire Swansonshire
Smithfort Smithfort
Kimberlyburgh Kimberlyburgh
Thompsonshire Thompsonshire
Adamport Adamport
Jonesfurt Jonesfurt
Mindyview Mindyview
Loweryborough Loweryborough
Michaelview Michaelview
Ramosborough Ramosborough
Shawnmouth Shawnmouth
Audreyfort Audreyfort
Calvinton Calvinton
Parkermouth Parkermouth
Gabrielburgh Gabrielburgh
Smithtown Smithtown
Michaelville Michaelville
Tannerhaven Tannerhaven
Harrisborough Harrisborough
Vickiville Vickiville
Clarkport Clarkport
Jermaineton Jermaineton
Codyton Codyton
Robinsonmouth Robinsonmouth
Abigailville Abigailville
Wilsonstad Wilsonstad
Williamschester Williamschester
Annberg Annberg
Josephstad Josephstad
Jacksonview Jacksonview
Ortizberg Ortizberg
Kylieview Kylieview
Adamview Adamview
Nealfurt Nealfurt
Candaceborough Candaceborough
Garciamouth Garciamouth
Fordhaven Fordhaven
Feliciaville Feliciaville
Hallborough Hallborough
Horneside Horneside
Dannyside Dannyside
Derekville Derekville
Christyland Christyland
Susanfort Susanfort
Leahmouth Leahmouth
Brendaview Brendaview
Dyerport Dyerport
Watsonville Watsonville
Byrdfurt Byrdfurt
Harrisport Harrisport
Clarkbury Clarkbury
Hansonbury Hansonbury
Jennifertown Jennifertown
Priceville Priceville
Hallstad Hallstad
Danielville Danielville
Masseyside Masseyside
Andrewschester Andrewschester
Jameston Jameston
Combsville Combsville
Buckleyside Buckleyside
Reynoldsview Reynoldsview
Bakertown Bakertown
Adkinsberg Adkinsberg
Johnsonberg Johnsonberg
Clarenceview Clarenceview
Bradberg Bradberg
Maryport Maryport
Mercedesmouth Mercedesmouth
Thomasborough Thomasborough
Millerborough Millerborough
Ellisstad Ellisstad
Ryanside Ryanside
Hodgesstad Hodgesstad
Candiceland Candiceland
Taylorton Taylorton
Patriciabury Patriciabury
Ortegaberg Ortegaberg
Christopherhaven Christopherhaven
Houstonchester Houstonchester
Clarkborough Clarkborough
Suttonville Suttonville
Patriciaside Patriciaside
Williamland Williamland
Holthaven Holthaven
Troyfort Troyfort
Joneschester Joneschester
Shawnfort Shawnfort
Thomasmouth Thomasmouth
Adamside Adamside
Mirandaview Mirandaview
Rioshaven Rioshaven
Robertomouth Robertomouth
Haleview Haleview
Jacksonland Jacksonland
Cranemouth Cranemouth
