CorpusChristi Downey CorpusChristi CapeCoral CorpusChristi ElPaso Akron DalyCity Canton Columbia Clearwater BoiseCity Danbury DavidsonCounty ColoradoSprings Chicago Denton Bremerton Denton Denver Burbank ElMonte CorpusChristi Beaumont Austin Bloomington Davenport Anchorage Chattanooga Escondido Arlington Augusta BatonRouge Chesapeake Durham Albuquerque Columbus Albuquerque Arvada Elkhart Champaign Anaheim Amarillo AppleValley Chandler Bridgeport Dallas BonitaSprings Alexandria Downey CorpusChristi
39
Akron Akron
Albuquerque Albuquerque
Alexandria Alexandria
Amarillo Amarillo Cincinnati
Anaheim Anaheim CathedralCity
AppleValley AppleValley
Chicago Appleton Chicago
Arvada Arvada
Austin Asheville Austin
Augusta Augusta
Beaumont Beaumont
Anchorage BelAir Deltona
Bloomington Bloomington
BoiseCity BoiseCity
BonitaSprings BonitaSprings
Clearwater Boulder Bryan Clearwater
Bremerton Bremerton
Bridgeport Bridgeport
Columbia Brownsville Columbia
Canton Canton Charleston
CapeCoral CapeCoral
Davenport Carrollton Davenport Elizabeth
Champaign Champaign
Chandler Chandler
Chattanooga Chattanooga
ColoradoSprings ColoradoSprings
Columbus Columbus
CorpusChristi CorpusChristi
Dallas Dallas
DalyCity DalyCity
Danbury Danbury
Denton Denton
Denver Denver
Downey Downey
Durham Durham
ElMonte ElMonte
ElPaso ElPaso
Elkhart Elkhart
Escondido Escondido
