10 59 10 92 10 58 10 14 69 21 23 89 54 55 2 82 83 82 2 63 95 94 62 43 77 76 46 48 78 48 42 81 42 80 19 8 61 93 60 8 13 67 98 97 66 40 41 87 51 33 50 86 87 41 72 73 45 24 75 74 3 71 34 70 3 0 84 35 64 26 96 26 64 35 30 88 30 52 30 53 22 91 56 9 57 9 10
46
50 50
51 51
52 52
53 53
54 54
55 55 90
56 56
57 57
58 58
59 59
60 60
61 61
62 62
63 63
64 64
26 65
66 66
67 67
21 68
69 69
70 70
71 71
72 72
73 73
74 74
75 75
76 76
77 77
78 78 79
80 80
81 81
82 82
83 83
84 84 85
86 86
87 87
88 88
89 89
91 91
92 92
93 93
94 94
95 95
96 96
97 97
98 98
