AY AZ AG AK AJ Q R P O P R T AN BY BG BF BG CA BG CB BG BF AM BE CT BE BX BW BD BA BD AI S AI BD BC AG AZ AY AW AV AW AU AS AP AQ AO AQ BL BK BJ BI BJ BK BN BK BJ CD CC CD BJ BK BL AQ AP V AP W X D F G F N H N F I F N M N K N F D E B A B E D AC Y AE AD AX AY AW AV BM BS CL CN CJ CK CJ CN CQ CP CQ CN CM CO CM CN CL BS BM AV AW AY
39
A A
B B
D D
F F
G G
H H
I I
K K
M M
O O
P P
S S
T T
V V
X X
Y Y
AD AD
AG AG
AJ AJ
AM AM
AO AO
AQ AQ
AS AS
AV AV
AX AX
BA BA
BF BF
BG BG
BI BI
BJ BJ
BN BN
CA CA
CB CB
CC CC
CK CK
CN CN
CO CO
CP CP CS
CT CT
