LeonieHill ChangiPoint SungeiKadut KampongUbi Shipyard NeeSoon JurongWestCentral Outram MonksHill PasirRisCentralTown KampongGlam Semakau Frankel FarrerPark GreenwoodPark Guilin Sentosa PasirRisPark SembawangSprings SungeiRoad Novena SingaporePolytechnic SerangoonGarden Victoria PasirPanjang2 Springleaf MandaiWest YioChuKang Boulevard KallangWay AnchorvaleBuangkok NorthCoast BukitBatokCentral ConeyIsland CompassvaleTrafalgar Changi Ridout BishanEast Yishun Phillip TanglinHalt TuasBay YuhuaWestBoonLay TampinesWest PunggolTownCentre YishunCentral ClementiCentral ChangiWest Townsville Kranji NatureReserve ChoaChuKangCentral LoyangEast Tyersall DefuIndustrialPark OrangeGrove NeeSoon Shipyard LeonieHill
47
PasirPanjang2 PasirPanjang2 AirportRoad
YioChuKang YioChuKang
SungeiRoad SungeiRoad
FarrerPark FarrerPark
NorthCoast NorthCoast
Townsville Townsville
KallangWay KallangWay
Shipyard Shipyard
Yishun Yishun
Outram Sennett Outram
NeeSoon NeeSoon
Victoria Victoria
Boulevard Boulevard
PunggolTownCentre PunggolTownCentre
JurongWestCentral JurongWestCentral
Novena Novena
Ridout Ridout
Guilin Guilin
DefuIndustrialPark DefuIndustrialPark
Springleaf Springleaf
SingaporePolytechnic SingaporePolytechnic
KampongGlam KampongGlam
TuasBay TuasBay
OrangeGrove OrangeGrove
MonksHill MonksHill
SembawangSprings SembawangSprings
ChoaChuKangCentral ChoaChuKangCentral
Tyersall Tyersall
SerangoonGarden SerangoonGarden
Phillip Phillip
GreenwoodPark Trafalgar GreenwoodPark
ChangiWest ChangiWest
ConeyIsland ConeyIsland
Semakau Semakau
SungeiKadut SungeiKadut
YishunCentral Woodgrove
ClementiCentral ClementiCentral
MandaiWest MandaiWest
TanglinHalt TanglinHalt
Kranji Kranji
TampinesWest TampinesWest
BishanEast BishanEast
YuhuaWestBoonLay YuhuaWestBoonLay
BukitBatokCentral BukitBatokCentral
Sentosa Sentosa
AnchorvaleBuangkok AnchorvaleBuangkok
LoyangEast LoyangEast
