Soda EtcheverryHall WicksonNaturalArea Emeryville SproulPlaza AnthonyHall HertzHall Unit1 BancroftLibrary EastGate ChouHall Belmont StHelena MinorHallAddition FoundersRock EvansHall Hayward Saratoga MartinezCommons Brisbane Oakley Orinda GiauqueHall Alameda Pittsburg SatherTower KleebergerFieldHouse WursterHall Fairfield SanRafael IshiCourt SanPablo HearstGreekTheatre CalvinLaboratory PimentelHall BarkerHall Piedmont NorthGateHall DonnerLab LewisHall WestGate FrankSchlessingerWay Pacifica Hillsborough Cory BlumHall Pinole ClearyHall MulfordHall ZellerbachHall WellmanHall SternHall WomenFacultyClub Healdsburg Campanile Insectary KroeberHall WheelerHall GoldmanField GilmanHall Unit3 Albany Benicia ZellerbachPlayhouse HearstMiningCircle StadiumRimWay Soda
65
MartinezCommons MartinezCommons
IshiCourt ClarkKerrCampus IshiCourt
GoldmanField GoldmanField
Orinda Orinda
Hayward Hayward
WursterHall WursterHall
NorthGateHall HargroveMusicLibrary NorthGateHall
AnthonyHall AnthonyHall
DonnerLab DonnerLab
Emeryville Emeryville
MinorHallAddition MinorHallAddition
WellmanHall WellmanHall
Pittsburg Pittsburg
ZellerbachPlayhouse ZellerbachPlayhouse
BlumHall BlumHall
SternHall SternHall
PimentelHall PimentelHall
Oakley Oakley
ClearyHall ClearyHall
MulfordHall MulfordHall
StadiumRimWay StadiumRimWay
Pinole Pinole
FoundersRock FoundersRock
Hillsborough Hillsborough
ZellerbachHall ZellerbachHall
WomenFacultyClub WomenFacultyClub
Pacifica Pacifica LowerSproulPlaza
SanRafael SanRafael
KroeberHall KroeberHall WestCircle
HearstMiningCircle HearstMiningCircle
CalvinLaboratory CalvinLaboratory
EtcheverryHall EtcheverryHall
BarkerHall BarkerHall
Campanile Campanile
Alameda Alameda
KleebergerFieldHouse KleebergerFieldHouse
Saratoga Saratoga
GiauqueHall GiauqueHall
SanPablo SanPablo
Cory Cory
Healdsburg Healdsburg
LewisHall LewisHall
Brisbane Brisbane
EastGate EastGate
Piedmont Piedmont
ChouHall ChouHall
GilmanHall GilmanHall
WestGate WestGate
Albany Albany
Fairfield Fairfield
Insectary Insectary
StHelena StHelena
Belmont Belmont
WheelerHall WheelerHall
HertzHall HertzHall
FrankSchlessingerWay FrankSchlessingerWay
SatherTower SatherTower
HearstGreekTheatre HearstGreekTheatre
EvansHall SanRamon EvansHall
Benicia Benicia
SproulPlaza SproulPlaza
Unit3 Unit3
BancroftLibrary BancroftLibrary
Unit1 Unit1
WicksonNaturalArea WicksonNaturalArea
