a c l e h j k m o p w t y u aa ab ae ag aj ak ah an al ap ar az aw bb bd bc bi bf bl bm bv br by cb ch bz cd dm ey em fs dj fl cq de ci cl gl ep b ck do fh cv ex ed ct et ea cp ff gn dn en gp fg ew eu dx ev fv fd fr df cs fy dq cu eq fb gh dg ec b ee f er fu ga fz gb fa fn gm a
96
a a
b b
c c dt dv
e e
h h
j j
k k
l l du eg
m m
o o
p p
t t
u u
w w
y y
aa aa
ab ab
ae ae
ag ag
ah ah
aj aj
ak ak
al al
an an
ap ap
ar ar
aw aw
az az
bb bb
bc bc
bd bd
bf bf
bi bi
bl bl
bm bm
br br
bv bv
by by
bz bz
cb cb
cd cd
ch ch
ci ci
ck ck
cl cl
cp cp
cq cq
cs cs
ct ct
cu cu
cv cv
de de
df df
dg dg
dj dj
dm dm
dn dn
do do
dq dq
dx dx
ea ea
ec ec
ed ed
ee ee
em em
en en
ep ep
eq eq
er er
et et
eu eu
ev ev
ew ew
ex ex
ey ey
fa fa
fb fb
fd fd
ff ff
fg fg
fh fh
fl fl
fn fn
fr fr
fs fs
fu fu
fv fv
fy fy
fz fz
ga ga
gb gb
gh gh
gl gl
gm gm
gn gn
gp gp
