6 1 4 0 7 2 6 11 15 13 14 16 19 10 18 11 24 26 23 20 24 30 31 30 38 36 38 39 30 42 40 48 46 41 40 42 55 51 50 51 55 57 55 67 62 63 60 65 67 73 74 78 70 77 75 79 73 80 81 80 96 90 95 97 98 92 96 103 105 101 102 107 109 106 105 103 111 114 112 115 118 113 111 124 126 120 128 129 128 125 124 133 139 130 138 132 138 137 134 133 143 148 149 147 146 147 145 143 158 150 153 150 158 168 164 168 166 167 163 168 172 176 170 179 177 172 189 180 186 184 181 187 180 185 180 189 199 198 197 194 190 191 196 199 6
85
0 0 8
1 1
4 4
7 7
10 10
14 14
15 15
18 18
19 19
20 20 21
23 23
26 26
31 31
36 36
38 38
39 39
40 40
41 41
46 46
48 48
50 50
51 51 59
57 57
60 60
62 62
63 63
65 65
67 69
74 74
75 75
77 77
78 78
79 79
81 81 87
80 85 88
90 90
95 95
97 97
98 98
101 101
105 105
106 106
107 107
109 109
112 112
113 113
114 114
115 115
118 118
120 120
125 125
126 126
128 128
129 129
130 130
132 132
134 134
137 137
139 139
147 144
145 145
146 146
148 148
149 149
150 150 157
158 152
153 153
163 163
164 164
166 166
167 167
170 170 178
176 176
177 177
179 179
181 181
184 182
185 185
186 186
187 187
190 190
191 191
194 194
196 196
198 198
