c5 t1 t0 q1 n4 i4 r9 d6 i5 n0 t8 l8 t6 l3 j5 s1 h6 d5 o6 l4 o5 h0 o0 a0 j7 m4 r1 m7 g1 h5 a6 a4 j2 c3 s3 l6 h1 c4 g9 l0 f3 f5 t7 f2 j6 r2 s4 h4 r7 h3 q3 s2 n6 g3 e1 e4 p9 o8 j3 k6 o2 q5 g5 e0 g0 p0 m0 b1 d4 i1 a7 b3 a1 a8 l1 b7 p7 g6 i0 t2 k1 f6 o7 n3 h2 q8 e5 t5 g4 r4 s9 g7 e2 g8 q0 c5
95
a0 a0
a1 a1
a4 a4
a6 a6
a7 a7
a8 a8
b1 b1
b3 b3
o5 b5 o5
b7 b7
c3 c3 c8 k9
c4 c4
d4 d4
d5 d5
d6 d6
e0 e0
e1 e1 o4
e2 e2
e4 e4
e5 e5
f2 f2
f3 f3
f5 f5
f6 f6
g0 g0
g1 g1
g3 g3
g4 g4
g5 g5
g6 g6
g7 g7
g8 g8 s7
g9 g9
h0 h0
h1 h1
h2 h2
h3 h3
h4 h4
h5 h5
h6 h6
i0 i0
i1 i1
i4 i4
i5 i5
j2 j2
j3 j3
j5 j5
j6 j6
j7 j7
k1 k1
k6 k6
l0 l0
l1 l1
l3 l3
l4 l4
l6 l6
l8 l8
m0 m0
m4 m4
m7 m7
n0 n0
n3 n3
n4 n4
n6 n6
o0 o0
o2 o2
o6 o6
o7 o7
o8 o8
p0 p0
p7 p7
p9 p9
q0 q0
q1 q1
q3 q3
q5 q5
q8 q8
r1 r1
r2 r2
r4 r4
r7 r7
r9 r9
s1 s1
s2 s2
s3 s3
s4 s4
s9 s9
t0 t0
t1 t1
t2 t2
t5 t5
t6 t6
t7 t7
t8 t8
c5 t9
