gc gk em ac as co ab cm dg u ds et df fh df bv j cp cr cz b bn fr gm y bu gq v ai dn a bq fe e ff ga dx gn by bc ah gh fd fo ft an bl ad gj di gi d dh en ae dq bp cf aw h dj gg dp do bj ge cy fa db fy cg br er go am cd ep ck z g cn dy fw dw es fk fq p cs cl ee cj bi cv ao ag ey fn bb ap bx gc
94
a a at
b b
d d
e e
g g
j j
p p
fr q fr
u u
v v
y y
ab ab
ac ac
ad ad
ae ae
ah ah
ai ai
am am
an an
ao ao
ap ap
as as
aw aw
db az db
bb bb bt
bc bc
bi bi
bj bj
bl bl
bn bn
bp bp
bq bq
br br
bu bu
bv bv
bx bx
by by
cg cg
cj cj el
ck ck
cl cl
cm cm
cn cn
co co
cp cp
gj cq gj
cr cr
cs cs
cv cv
cz cz
dg dg
dh dh
di di
dj dj
dn dn
do do
dp dp
dq dq
ds ds
dw dw
dx dx
dy dy
ee ee
em em
en en
ep ep
cy eq
er er
es es
et et
ey ey
fa fa
fd fd
fe fe
ff ff
fh fh
cf fi
fk fk
fn fn
fo fo
fq fq
ft ft
fw fw
fy fy
ga ga
ge ge
gg gg
gh gh
gi gi
gk gk
gm gm
gn gn
go go
gq gq
