Liam Isaiah Joseph Mateo Alexander Mason Jayden Adam Brayden Ethan Brayden Samuel Brayden Jaxson Michael Ezra Thomas James Thomas Dylan Owen Jose Sawyer John Sawyer Benjamin Carter Dominic Oliver Dominic Eli Jackson Eli Josiah Sebastian David Theodore Parker Aiden William Logan Christian Luke Noah Lucas Eli Wyatt Eli Josiah Evan Levi Jonathan Henry Ian Jordan Roman Maverick Cooper Matthew Cooper Adrian Elijah Adrian Ian Robert Daniel Isaiah Liam
30
Liam Liam
Noah Noah
William William
James James
Logan Logan
Benjamin Benjamin
Mason Mason
Elijah Elijah
Oliver Oliver
Roman Jacob
Lucas Lucas
Michael Michael
Alexander Alexander
Ethan Ethan
Daniel Daniel
Matthew Matthew
Aiden Aiden
Henry Henry
Joseph Joseph
Jackson Jackson
Samuel Samuel
Sebastian Sebastian
David David
Carter Carter
Wyatt Wyatt
Jayden Jayden
John John
Owen Owen
Dylan Dylan
Luke Luke
