S D C E B W AW X AN Y J O U L AF P AT CT Z AY G CD F CM A N R T V AA BR AD CB BW M AP I AZ K CL AB AE H CK AC BK AN AG AN AH AN AI AN AJ AN AK AN AL AN AM AN AO Q AQ Q AR Q AS Q AU AN AV AN AX Q BA Q BB Q BC AN BD AN BE AW BF AW BG Q BH Q BI Q BJ Q BL Q BM AN BN AN BO AN BP AN BQ Q BS Q BT AN BU AN BV Q BX AN BY AW BZ AW CA AW CC AW CE AN CF AN CH AN CI AN CJ Q CN AN CO AN CP Q CQ Q CR AW CS AW CU AW CV AN CW GJ S
100
A A
B B
C C
D D
E E
F F
G G
H H
I I
J J
K K
L L
M M
N N
O O
P P
Q Q
R R
S S
T T
U U
V V
W W
X X
Y Y
Z Z
AA AA
AB AB
AC AC
AD AD
AE AE
AF AF
AG AG
AH AH
AI AI
AJ AJ
AK AK
AL AL
AM AM
AN AN
AO AO
AP AP
AQ AQ
AR AR
AS AS
AT AT
AU AU
AV AV
AW AW
AX AX
AY AY
AZ AZ
BA BA
BB BB
BC BC
BD BD
BE BE
BF BF
BG BG
BH BH
BI BI
BJ BJ
BK BK
BL BL
BM BM
BN BN
BO BO
BP BP
BQ BQ
BR BR
BS BS
BT BT
BU BU
BV BV
BW BW
BX BX
BY BY
BZ BZ
CA CA
CB CB
CC CC
CD CD
CE CE
CF CF
CH CH
CI CI
CJ CJ
CK CK
CL CL
CM CM
CN CN
CO CO
CP CP
CQ CQ
CR CR
CS CS
CT CT
CU CU
CV CV
CW CW
