3 6 79 1 78 9 18 8 48 7 77 12 77 14 35 15 35 21 10 17 78 27 74 19 4 22 81 24 86 31 35 23 3 32 69 33 80 29 80 46 44 41 82 42 79 36 2 40 2 68 55 43 48 49 48 50 34 52 35 57 80 53 89 56 97 60 20 63 83 58 83 67 4 66 11 70 11 75 64 71 64 94 54 76 97 90 48 87 48 100 69 96 69 64 98 65 80 73 80 33 13 84 45 84 55 85 93 88 61 25 61 88 93 85 55 3
50
1 1
6 6
7 7
8 8
9 9
12 12
14 14
15 15
17 17
19 19
21 21
22 22
23 23
24 24
25 25
27 27
29 29
31 31
32 32
33 33
36 36
40 40
41 41
42 42
43 43
45 45
46 46
49 49
50 50
52 52
53 53
56 56
57 57
58 58
60 60
63 63
66 66
67 67
68 68
70 70
71 71
73 73
75 75
76 76
87 87
90 90
94 94
96 96
98 98
100 100
