31 107 112 146 128 52 46 12 120 137 33 29 57 89 125 35 64 38 69 60 110 148 83 90 143 80 28 4 108 67 160 7 86 22 103 27 106 123 117 66 14 115 81 13 131 119 141 20 34 30 6 58 32 134 138 77 42 114 48 99 156 140 121 82 149 94 45 152 88 93 147 49 167 196 175 188 168 164 173 198 170 184 195 169 171 197 180 179 199 186 31
90
4 4
6 6
7 7
28 9 28
12 12
13 13
14 14
20 20
45 21 45
22 22
27 27
29 29
30 30
32 32
33 33 105
34 34
35 35
38 38
42 42
46 46
121 47 121
48 48
49 49 78
52 52
57 57
58 58
60 60
64 64
128 65 128
66 66
67 67
86 68 86
69 69
31 74
77 77 127
80 80
81 81
82 82
83 83
88 88
89 89
90 90
93 93
94 94
99 99
103 103
106 106
107 107
108 108
110 110
112 112
114 114
115 115
117 117
119 119
120 120
123 123
125 125 151
131 131
134 134
137 137
138 138
140 140
141 141
143 143
146 146
147 147
148 148
149 149
152 152
156 156
160 160
164 164
167 167
168 168
169 169
170 170
171 171
173 173
175 175
179 179
180 180 191
184 184
186 186
188 188
195 195
196 196
197 197
198 198
199 199
