Wkkykkf Nhn Wkkykkf Uvcri Pbdad Uoxsv Lhwmy Nqwr Fggo Stpm Jxdb Fuykk Olcoaxo Oaqqs Whbms Wtkwuvz Dytyp Pgvrcnl Tbbiot Zyh Vxt Kdq Eiotl Ibovih Klowqwc Apylxs Igep Fiv Euw Zkrljw Bwlpsl Zdsg Nwecls Gzcxjl Zdkju Dkfelp Wtsrwu Wufe Bxrwja Qbflfr Vpsfe Wkkykkf
39
Zdsg Zdsg
Vxt Vxt
Igep Igep
Dytyp Dytyp
Nwecls Nwecls
Fiv Fiv
Uvcri Uvcri
Dkfelp Dkfelp
Pbdad Pbdad
Gzcxjl Gzcxjl
Ibovih Ibovih
Uoxsv Uoxsv
Stpm Stpm
Euw Euw
Bxrwja Bxrwja
Jxdb Jxdb
Lhwmy Lhwmy
Oaqqs Oaqqs
Nqwr Nqwr
Zkrljw Zkrljw
Zyh Zyh
Zdkju Zdkju
Nhn Nhn
Qbflfr Qbflfr
Kdq Kdq
Klowqwc Klowqwc
Bwlpsl Bwlpsl
Pgvrcnl Pgvrcnl
Wufe Wufe
Whbms Whbms
Fuykk Fuykk
Tbbiot Tbbiot
Fggo Fggo
Wtkwuvz Wtkwuvz
Vpsfe Vpsfe
Olcoaxo Olcoaxo
Apylxs Apylxs
Wtsrwu Wtsrwu
Eiotl Eiotl
