149 14 68 75 59 4 36 42 69 72 57 97 63 60 19 41 67 50 30 62 95 91 82 77 98 86 15 27 93 94 31 39 87 54 88 71 61 9 46 73 58 12 65 40 3 26 49 52 13 56 90 10 5 25 6 11 28 33 66 64 79 29 23 74 51 20 80 45 2 16 96 76 18 37 44 55 38 22 84 47 8 17 78 81 70 92 32 85 21 34 83 1 149
92
1 1
2 2
3 3
4 4
5 5 89
6 6
64 7 64
8 8 35
9 9
10 10
11 11
12 12
13 13
14 14
15 15
16 16
17 17
18 18
19 19
20 20
21 21
22 22
23 23 99
149 24
25 25
26 26
27 27
28 28
29 29 43
30 30
31 31 53
32 32
33 33
34 34
36 36
37 37
38 38
39 39
40 40
41 41
42 42
44 44
45 45
46 46
47 47
97 48 97
49 49
50 50
51 51
52 52
54 54
55 55
56 56
57 57
58 58
59 59
60 60
61 61
62 62
63 63
65 65
66 66
67 67
68 68
69 69
70 70
71 71
72 72
73 73
74 74
75 75
76 76 100
77 77
78 78
79 79
80 80
81 81
82 82
83 83
84 84
85 85
86 86
87 87
88 88
90 90
91 91
92 92
93 93
94 94
95 95
96 96
98 98
