89 65 18 20 50 39 50 8 40 4 40 8 57 66 41 49 29 57 66 41 12 41 66 55 42 31 42 19 40 95 16 95 10 47 57 66 45 52 38 75 86 26 32 30 36 74 23 17 48 74 44 21 44 74 27 11 24 5 24 13 24 7 15 73 9 73 3 79 34 2 28 2 0 37 6 8 43 8 94 14 94 1 94 46 29 57 68 22 68 57 8 40 95 33 95 53 24 92 82 65 89
48
1 1
2 2
3 3
4 4
5 5
6 6
7 7
8 8
9 9
10 10
11 11
12 12
13 13
14 14
15 15
16 16
17 17
18 18
19 19
20 20 35
21 21
22 22
23 23
24 24 25
26 26
27 27
28 28
29 29
30 30
31 31
32 32
33 33
34 34
36 36
37 37
38 38
39 39
40 40
41 41
42 42
43 43
44 44
45 45
46 46
47 47
48 48
49 49
50 50
