PlmPdVeiiHQg3JYZCDWt xcisI0PJDdG9nIuyj3IS m1A3pMC42PQioFziqK5C uNMLlt0W1KUwk2d6EP98 VuvjJGf6deKVAQ0JUD4i TpLamlzpT6GwerxzVsxr PIekFeWZsA6etqyFB2SF UkqILZ2p4EbRuMBIrGXp nyd0fM2XE4qmli1xfIwr 9zoM12ZWjXrKaszveCQH o85TEEBuzMbePdf5cbCv ML4pCjYl4gPEwSnvlRaD E59siIyngnj5PIsLeowv WErk2X2lm629vuxPHVtl BWhyt9wATIprZDhzxwVv 1tmkPhHujDQhTmW4oV7S WsVMGV8yZisK6ojnqzBE AmAHnr1XXkPpwJ6DUDIO JakuJordFcO229c3L5ct EY9cQTmyqhrzeZsobQa5 jVItWJkETNqrkY47Hghp 3rqlQRwe5izypHjXjWla kaVGl3oG0Ulg2MgkbJB8 kwA1qrRggH9YLKcVfIe5 2chOacZ5nNYuf6eeGFSW KjQNU2EAAYEZSeJWPxLM DF1KTiOHBIkswyjh8uB1 dvxgUZzwjHAP85QpElWp NXYVlLN4oRDZThND0BmP 4QLswP82Wvxw9Z42obzh PWUaVYPeofxjJdT472wG IxWh6LSiXwGUWSx9VJ39 NA24XhOMsROCBnUViAJT tX1uDaXm9hMlEKqU7m9j 2Cz4Y4eG1XIezf9qpdQl 1wRG7TNgo9ui6iZBLuaw nsq4rhHWMCaIVcah5fcd Zzs5CIqF9Ll2avkxI78N MEVVMgbTLIgXdG4vAbeX N5YDsCDN1lKguyHbn4Zb ELEJN8tWDJT7mLhCdqW3 Tr6dOTuKB3EM5juuJxqy C6w7afZujemehEooILjN MSj6zOuZ0EoAKjP4wXXW x5UVX06335fM5pfCNBMU Dwi7fYT8wa9I4Kzyto4Y EkRPPDhcu5ww6XulSOgx W9TKm0U6bNDZ1Aok7hNH Vh6ScHVb39wz7CmKwIuA hZHynIvymuQxD6BftzWt YFXFh0nBpGYXfL8mfny3 SNmFiRdCmf8vg1yMqr30 Osa2UT4anhyBl7doUFs5 RuUdtXtfFCKpaLUcmsqg a06qeiApctGnC1GMtGuJ nKDJ3ylOzub2eWcHnAhq ANdko3dYAy7a2BOq7wpm uaR7l3Qhn4FRAnSeVURz EVtx7khff7Fs8yuuQKJx 4S2YiI3VYPKghkl95iqK GzSNGBn4EPemDLEWXNxx zforAf5jhSPEL0aOiCeo dsndgEJWfBsFA2I3Hgqf 3M9YkxmgHhrzhCgskWR0 CofLnw0Ss4pVGWmPS5oO cUanhOambcNkocePqfvx KOLHrmR3FKDMdl4SYdK9 g0ywcwildP9K6oBendJq iFXIyHTPBX7ivXxsV1VM VXU331oDUcuzaGGUYIl9 yKQw7YXCNsthb1VWEFur 7yt9hKqOEGabqtqIEmdH q4nqG9N45SSRxndw48Xl WZsO2i9GZwvMYoV9SyKS 6WGzUhXeOltLDbkIvTzq 804aK8wEArkuheeUiB4R LXqfTqJggDSh6mykPyz3 060q0aISPODkGeAbYbQ6 ukPtLY7YueARRkX8hPaS 7qCgmo7DrrfnVQIWnbiV eUyNsK7nwP1YPac54CbU U7iVliqmXRkLwyPSNdfv ChEnlTNCMoqxBfyzEzW7 zvH9G6FQ1xC7CVezs43e YmmIBqqdn3Z6PuFXWNHi k8LvqKsQ4ejh0bCWs4fP 1JawjZrawLlOCGN1EB0O JWIkMKKlAG6fUoRVxKKI 8RfB73Lw8C9LbSwIxA9Q GUntLlYA0xo9Vk4WLTLV gdO0wiBlQ8wFbeNyGtx5 iwJGcbQH2bifG6D82Iel PlmPdVeiiHQg3JYZCDWt
91
7yt9hKqOEGabqtqIEmdH 7yt9hKqOEGabqtqIEmdH
dsndgEJWfBsFA2I3Hgqf dsndgEJWfBsFA2I3Hgqf
cUanhOambcNkocePqfvx cUanhOambcNkocePqfvx
uaR7l3Qhn4FRAnSeVURz uaR7l3Qhn4FRAnSeVURz
x5UVX06335fM5pfCNBMU x5UVX06335fM5pfCNBMU
2Cz4Y4eG1XIezf9qpdQl 2Cz4Y4eG1XIezf9qpdQl 48BAUsycKlkSkbOjYLFN
YmmIBqqdn3Z6PuFXWNHi YmmIBqqdn3Z6PuFXWNHi YIxKvTpWMaQKGFtD5BDH
a06qeiApctGnC1GMtGuJ a06qeiApctGnC1GMtGuJ
VuvjJGf6deKVAQ0JUD4i VuvjJGf6deKVAQ0JUD4i
1JawjZrawLlOCGN1EB0O 1JawjZrawLlOCGN1EB0O
iwJGcbQH2bifG6D82Iel iwJGcbQH2bifG6D82Iel
PIekFeWZsA6etqyFB2SF irZyMKazQALnyfoOCtbL PIekFeWZsA6etqyFB2SF
ChEnlTNCMoqxBfyzEzW7 ChEnlTNCMoqxBfyzEzW7
GzSNGBn4EPemDLEWXNxx GzSNGBn4EPemDLEWXNxx
WsVMGV8yZisK6ojnqzBE WsVMGV8yZisK6ojnqzBE
1tmkPhHujDQhTmW4oV7S 1tmkPhHujDQhTmW4oV7S
iFXIyHTPBX7ivXxsV1VM cYMPcE5UNSzOtkRY62gr iFXIyHTPBX7ivXxsV1VM
N5YDsCDN1lKguyHbn4Zb N5YDsCDN1lKguyHbn4Zb
9zoM12ZWjXrKaszveCQH XdyhPab6W9wOZnKLq1fq 9zoM12ZWjXrKaszveCQH
8RfB73Lw8C9LbSwIxA9Q 8RfB73Lw8C9LbSwIxA9Q
nyd0fM2XE4qmli1xfIwr nyd0fM2XE4qmli1xfIwr
TpLamlzpT6GwerxzVsxr TpLamlzpT6GwerxzVsxr
KOLHrmR3FKDMdl4SYdK9 KOLHrmR3FKDMdl4SYdK9
g0ywcwildP9K6oBendJq g0ywcwildP9K6oBendJq
1wRG7TNgo9ui6iZBLuaw 1wRG7TNgo9ui6iZBLuaw
CofLnw0Ss4pVGWmPS5oO qOK6WPKQJA4Q9XqXgSgT CofLnw0Ss4pVGWmPS5oO
JWIkMKKlAG6fUoRVxKKI JWIkMKKlAG6fUoRVxKKI
Zzs5CIqF9Ll2avkxI78N Zzs5CIqF9Ll2avkxI78N
Vh6ScHVb39wz7CmKwIuA Vh6ScHVb39wz7CmKwIuA
Osa2UT4anhyBl7doUFs5 Osa2UT4anhyBl7doUFs5
EVtx7khff7Fs8yuuQKJx EVtx7khff7Fs8yuuQKJx
yKQw7YXCNsthb1VWEFur yKQw7YXCNsthb1VWEFur
o85TEEBuzMbePdf5cbCv o85TEEBuzMbePdf5cbCv
IxWh6LSiXwGUWSx9VJ39 IxWh6LSiXwGUWSx9VJ39
804aK8wEArkuheeUiB4R 804aK8wEArkuheeUiB4R
hZHynIvymuQxD6BftzWt hZHynIvymuQxD6BftzWt
EY9cQTmyqhrzeZsobQa5 EY9cQTmyqhrzeZsobQa5
060q0aISPODkGeAbYbQ6 060q0aISPODkGeAbYbQ6
kaVGl3oG0Ulg2MgkbJB8 kaVGl3oG0Ulg2MgkbJB8
7qCgmo7DrrfnVQIWnbiV 7qCgmo7DrrfnVQIWnbiV
JakuJordFcO229c3L5ct JakuJordFcO229c3L5ct
U7iVliqmXRkLwyPSNdfv U7iVliqmXRkLwyPSNdfv
WZsO2i9GZwvMYoV9SyKS WZsO2i9GZwvMYoV9SyKS
Dwi7fYT8wa9I4Kzyto4Y Dwi7fYT8wa9I4Kzyto4Y
WErk2X2lm629vuxPHVtl WErk2X2lm629vuxPHVtl
nsq4rhHWMCaIVcah5fcd nsq4rhHWMCaIVcah5fcd
PWUaVYPeofxjJdT472wG PWUaVYPeofxjJdT472wG
EkRPPDhcu5ww6XulSOgx EkRPPDhcu5ww6XulSOgx
MEVVMgbTLIgXdG4vAbeX MEVVMgbTLIgXdG4vAbeX
UkqILZ2p4EbRuMBIrGXp UkqILZ2p4EbRuMBIrGXp
NA24XhOMsROCBnUViAJT NA24XhOMsROCBnUViAJT
nKDJ3ylOzub2eWcHnAhq nKDJ3ylOzub2eWcHnAhq E8pbRn7LIeWnB3swkYzz
q4nqG9N45SSRxndw48Xl q4nqG9N45SSRxndw48Xl
zforAf5jhSPEL0aOiCeo zforAf5jhSPEL0aOiCeo
eUyNsK7nwP1YPac54CbU eUyNsK7nwP1YPac54CbU
ELEJN8tWDJT7mLhCdqW3 ELEJN8tWDJT7mLhCdqW3 76b3evP8JEiQ8c6jd2b5
ML4pCjYl4gPEwSnvlRaD ML4pCjYl4gPEwSnvlRaD
zvH9G6FQ1xC7CVezs43e zvH9G6FQ1xC7CVezs43e
YFXFh0nBpGYXfL8mfny3 YFXFh0nBpGYXfL8mfny3
E59siIyngnj5PIsLeowv E59siIyngnj5PIsLeowv
4S2YiI3VYPKghkl95iqK 4S2YiI3VYPKghkl95iqK
AmAHnr1XXkPpwJ6DUDIO AmAHnr1XXkPpwJ6DUDIO
dvxgUZzwjHAP85QpElWp dvxgUZzwjHAP85QpElWp
jVItWJkETNqrkY47Hghp jVItWJkETNqrkY47Hghp
KjQNU2EAAYEZSeJWPxLM KjQNU2EAAYEZSeJWPxLM
3rqlQRwe5izypHjXjWla 3rqlQRwe5izypHjXjWla
DF1KTiOHBIkswyjh8uB1 DF1KTiOHBIkswyjh8uB1
2chOacZ5nNYuf6eeGFSW 2chOacZ5nNYuf6eeGFSW
RuUdtXtfFCKpaLUcmsqg RuUdtXtfFCKpaLUcmsqg
GUntLlYA0xo9Vk4WLTLV GUntLlYA0xo9Vk4WLTLV
MSj6zOuZ0EoAKjP4wXXW MSj6zOuZ0EoAKjP4wXXW
3M9YkxmgHhrzhCgskWR0 3M9YkxmgHhrzhCgskWR0
LXqfTqJggDSh6mykPyz3 LXqfTqJggDSh6mykPyz3
tX1uDaXm9hMlEKqU7m9j tX1uDaXm9hMlEKqU7m9j
uNMLlt0W1KUwk2d6EP98 uNMLlt0W1KUwk2d6EP98
NXYVlLN4oRDZThND0BmP NXYVlLN4oRDZThND0BmP
xcisI0PJDdG9nIuyj3IS xcisI0PJDdG9nIuyj3IS
SNmFiRdCmf8vg1yMqr30 SNmFiRdCmf8vg1yMqr30
gdO0wiBlQ8wFbeNyGtx5 gdO0wiBlQ8wFbeNyGtx5
ukPtLY7YueARRkX8hPaS ukPtLY7YueARRkX8hPaS
ANdko3dYAy7a2BOq7wpm ANdko3dYAy7a2BOq7wpm
k8LvqKsQ4ejh0bCWs4fP k8LvqKsQ4ejh0bCWs4fP
4QLswP82Wvxw9Z42obzh 4QLswP82Wvxw9Z42obzh
W9TKm0U6bNDZ1Aok7hNH W9TKm0U6bNDZ1Aok7hNH
VXU331oDUcuzaGGUYIl9 VXU331oDUcuzaGGUYIl9
kwA1qrRggH9YLKcVfIe5 kwA1qrRggH9YLKcVfIe5
m1A3pMC42PQioFziqK5C m1A3pMC42PQioFziqK5C yD8JCRUWcVAZxJ4ZDldr
BWhyt9wATIprZDhzxwVv BWhyt9wATIprZDhzxwVv
C6w7afZujemehEooILjN C6w7afZujemehEooILjN
6WGzUhXeOltLDbkIvTzq 6WGzUhXeOltLDbkIvTzq
Tr6dOTuKB3EM5juuJxqy Tr6dOTuKB3EM5juuJxqy
