hPu8gSdqC1fZEkInO0q9 ENxmswyrKFmx6kenE2Ot w0gPzUohZhepExNzozjo ENxmswyrKFmx6kenE2Ot oTF4cgCIBAQLOH76IKhg ENxmswyrKFmx6kenE2Ot f274IEB34TajoliS0F2L ENxmswyrKFmx6kenE2Ot HGIhnJcMMSfxvA7ItBsn WfKhq9dfinuqIEpTEKsZ HGIhnJcMMSfxvA7ItBsn hbf4nZBaM0GBpPNJW5JM HGIhnJcMMSfxvA7ItBsn PdmDDQrmmNXkYuo3lKOz HGIhnJcMMSfxvA7ItBsn ipp1BrlTIal0l1wf04Um hTiyKKyMtq8yoZF0F5lw ipp1BrlTIal0l1wf04Um FoU0FrxN3lCEjhqRp6qT ipp1BrlTIal0l1wf04Um iY64BD0STRTt9gG7s3kA ipp1BrlTIal0l1wf04Um 7l3db2hmRfxA3KMyMHn1 R9OX2txDl9RaCUmzXW22 7l3db2hmRfxA3KMyMHn1 stfatR7FM6aPEWFnZzW2 7l3db2hmRfxA3KMyMHn1 IvZlJGmCbDfI5jQjCLV2 7l3db2hmRfxA3KMyMHn1 zf2EL3gQqScQND52xgkE pfAddEEZq7DCnrgaqBKJ zf2EL3gQqScQND52xgkE 2RPq429Qqqpk0YfzM7uQ zf2EL3gQqScQND52xgkE 47OyaOtNkNMU4RwoZNXy zf2EL3gQqScQND52xgkE xTg7smxupTP0EfFF0Jhg C698hj2Bus2KRUFa53xW xTg7smxupTP0EfFF0Jhg tmqnroGeRzvHSd9X0nsq xTg7smxupTP0EfFF0Jhg Ct9vpuIosiwapRlvtuLv xTg7smxupTP0EfFF0Jhg hPu8gSdqC1fZEkInO0q9
18
C698hj2Bus2KRUFa53xW C698hj2Bus2KRUFa53xW
hTiyKKyMtq8yoZF0F5lw hTiyKKyMtq8yoZF0F5lw
R9OX2txDl9RaCUmzXW22 R9OX2txDl9RaCUmzXW22
oTF4cgCIBAQLOH76IKhg oTF4cgCIBAQLOH76IKhg
f274IEB34TajoliS0F2L f274IEB34TajoliS0F2L
47OyaOtNkNMU4RwoZNXy 47OyaOtNkNMU4RwoZNXy
w0gPzUohZhepExNzozjo w0gPzUohZhepExNzozjo
WfKhq9dfinuqIEpTEKsZ WfKhq9dfinuqIEpTEKsZ
IvZlJGmCbDfI5jQjCLV2 IvZlJGmCbDfI5jQjCLV2
tmqnroGeRzvHSd9X0nsq tmqnroGeRzvHSd9X0nsq
stfatR7FM6aPEWFnZzW2 stfatR7FM6aPEWFnZzW2
iY64BD0STRTt9gG7s3kA iY64BD0STRTt9gG7s3kA
2RPq429Qqqpk0YfzM7uQ 2RPq429Qqqpk0YfzM7uQ
Ct9vpuIosiwapRlvtuLv Ct9vpuIosiwapRlvtuLv
FoU0FrxN3lCEjhqRp6qT FoU0FrxN3lCEjhqRp6qT
pfAddEEZq7DCnrgaqBKJ pfAddEEZq7DCnrgaqBKJ
PdmDDQrmmNXkYuo3lKOz PdmDDQrmmNXkYuo3lKOz
hbf4nZBaM0GBpPNJW5JM hbf4nZBaM0GBpPNJW5JM
