Encanto All Bonita Cherokee Clayton Presidio Glencoe McAuley Welden Woodbridge Willow Garden Vernon Green Shafter Mount Jane Woffard Laguna Kentfield Pumpkin Santa Quail Homestead Riverside Foothills Beach Kern Richvale Sherman Chinese Warner Cabbage Two Alpaugh Ames Vista Ramona Forest Cypress Elmira Granite Yurok Smoke Costa Delta Moccasin City Banning Encanto
49
Woffard Woffard
Banning Banning
Laguna Laguna
Clayton Clayton
Ames Ames
Warner Warner
Kentfield Kentfield
Ramona Ramona
Santa Santa
Richvale Richvale
Kern Kern
Smoke Smoke
Garden Garden
Vista Vista
Delta Delta
Elmira Elmira
Presidio Presidio
Welden Welden
Sherman Sherman
All All
Chinese Chinese
Yurok Yurok
Foothills Foothills
Granite Granite
Quail Quail
City City
Jane Los Jane
Pumpkin Pumpkin
Riverside Riverside
McAuley McAuley
Mount Mount
Two Two
Homestead Homestead
Alpaugh Alpaugh
Woodbridge Woodbridge
Cypress Cypress
Cherokee Cherokee
Costa Costa
Encanto Encanto
Moccasin Moccasin
Glencoe Glencoe
Vernon Vernon
Green Green
Shafter Shafter
Beach Beach
Forest Forest
Willow Willow
Cabbage Cabbage
Bonita Bonita
