Horse0 Breakfast74 Ring45 Whale59 Shower11 Settings5 Rollers34 Websites17 Rollers34 Shower15 Dislike21 Plus62 Dislike51 Comics49 Post61 Soda57 Towel16 Breakfast42 Running77 Ring97 Allergies3 Flowers98 Solar58 Allergies3 Towel35 Water52 Cat13 Ice30 Allergies4 Ice30 Prints23 Website29 Shelf25 Whale22 Bird82 Ice10 Toilet20 Bird93 Water66 Leash68 Male84 Kitty14 Leash27 Monster39 Rollers48 Book41 Ice38 Leash89 Websites81 Water83 Dislike70 Towel37 Rollers18 Mail88 Robot9 Mail88 Printer53 Floppy64 Breakfast19 Horse55 Allergies4 Floppy63 Shoe87 Urine50 BBQ86 Monster71 Poop43 Horse0
50
Horse0 Horse0
Allergies3 Allergies3
Allergies4 Allergies4
Settings5 Settings5
Robot9 Robot9
Ice10 Ice10
Shower11 Shower11
Cat13 Cat13
Kitty14 Kitty14
Shower15 Shower15
Towel16 Towel16
Websites17 Websites17
Breakfast19 Breakfast19
Toilet20 Toilet20
Whale22 Whale22
Prints23 Prints23
Shelf25 Shelf25
Ice30 Ice30
Rollers34 Rollers34
Towel35 Towel35
Towel37 Towel37
Ice38 Ice38
Monster39 Monster39
Book41 Book41
Ring45 Ring45
Rollers48 Rollers48
Comics49 Comics49
Dislike51 Dislike51
Water52 Water52
Printer53 Printer53
Horse55 Horse55
Soda57 Soda57
Solar58 Solar58
Whale59 Whale59
Post61 Post61
Plus62 Plus62
Floppy63 Floppy63
Water66 Water66
Leash68 Leash68
Monster71 Monster71
Breakfast74 Breakfast74
Running77 Running77
Websites81 Websites81
Bird82 Bird82
Male84 Male84
BBQ86 BBQ86
Mail88 Mail88
Bird93 Bird93
Ring97 Ring97
Flowers98 Flowers98
