S F K J E A E J O W G W X 3 L 3 H 10 T 8 P B C D U N V 1 I B2 G2 L2 Q2 Y2 X2 R 20 W2 20 15 Y 5 Z 6 M N V 1 I B2 C2 H2 M2 R2 Z2 Z3 Z2 R2 T2 N2 I2 D2 E2 J2 O2 U2 A3 B3 53 A2 53 49 V2 P2 K2 F2 E2 J2 O2 U2 A3 B3 57 62 68 82 Y3 X3 D3 I3 104 T3 R3 105 107 C3 W3 80 79 V3 N3 U3 58 M3 58 P3 F3 K3 J3 E3 127 Q3 Q Q3 127 E3 J3 O3 77 G3 91 L3 91 H3 84 71 64 P3 128 51 23 19 14 9 H 10 T 8 P B S
75
A A
B B
C C
D D
E E
F F
P P
U U
J J
K K
M M
N N
O O
T T
V V
W W
X X
Z Z
G G
H H
I I
B2 B2
C2 C2
D2 D2
E2 E2
F2 F2
L L
Y Y
G2 G2
H2 H2
I2 I2
J2 J2
K2 K2
L2 L2
M2 M2
N2 N2
O2 O2
P2 P2
R R
Q2 Q2
R2 R2
T2 T2
U2 U2
V2 V2
Q Q
W2 W2
X2 X2
Y2 Y2
Z2 Z2
A3 A3
Q3 Q3
Z3 Z3
B3 B3
A2 A2
E3 E3
F3 F3
P3 P3
U3 U3
J3 J3
K3 K3
M3 M3
N3 N3
O3 O3
V3 V3
W3 W3
X3 X3
Y3 Y3
G3 G3
H3 H3
C3 C3
D3 D3
L3 L3
I3 I3
R3 R3
T3 T3
