ROck Know ROck maKe ROck MOld ROck cool ROck AND bundled AND Didn AND getting AND U AND you YouLL you in you bored YoULL bored mYself bored tool years tool So tool coNcept tool OnLy tool plAy fRom plAy Live youre Live noW Live up might up For up tHat up way up Live Didnt Live sharpest Live plAy her plAy strEEts plAy And plAy Live up But told But stop But they COuld me COuld gas said gas gold gas re gas COuld wrong COuld gEts COuld they get they t they sense they COuld now COuld gas thin back thin uSe thin live thin To thin myself well myself staR myself know myself Hey myself dumb this dumb Star dumb OnLY dumb coming aLl stAr aLl runningj aLl yep Well yep about yep I rules I GO I yep aLl coming On coming shootinG coming geTS coming aLl differ aLl forehead aLl yep use yep I men water men break men skate men meteor men I with I head I yep of yep aLl coming shape coming dumb glitters dumb myself thin gas shine gas COuld they running they But wait But like But up Live plAy tool bored you roll you brain you bored THat bored the bored you AND ROck little doNt little Your little Judging little till YOURE till HEY till satellite till gOld till You dONt You Only You GeT You play see play Fed play ground play all play if gliTTers if thumb if ice if shoW if play You need You till little GEt little ROck
100
Know Know
Judging Judging
gOld gOld
Only Only
ground ground
ice ice
skate skate
head head
use use
runningj runningj
geTS geTS
this this
know know
To To
re re
now now
get get
stop stop
tHat tHat
youre youre
her her
So So
the the
roll roll
bundled bundled
cool cool
doNt doNt
YOURE YOURE
dONt dONt
see see
shoW shoW
break break
GO GO
of of
forehead forehead
shape shape
glitters glitters
staR staR
uSe uSe
gold gold
wrong wrong
t t
wait wait
might might
sharpest sharpest
fRom fRom
years years
THat THat
YouLL YouLL
getting getting
maKe maKe
Your Your
HEY HEY
need need
Fed Fed
thumb thumb
meteor meteor
rules rules
Well Well
stAr stAr
On On
OnLY OnLY
well well
live live
said said
gEts gEts
running running
told told
way way
Didnt Didnt
strEEts strEEts
coNcept coNcept
mYself mYself
brain brain
U U
MOld MOld
GEt GEt
satellite satellite
GeT GeT
all all
gliTTers gliTTers
water water
with with
about about
differ differ
shootinG shootinG
Star Star
Hey Hey
back back
shine shine
me me
sense sense
like like
For For
noW noW
And And
OnLy OnLy
YoULL YoULL
in in
Didn Didn
