GOld say GOld U GOld So GOld Fed GOld stop shape much shape youre Live youre what youre shape stop alL stop shape Well shape stop get stop never stop shape youre forehead youre hit youre shape yOure shape youre you GEt you shootinG you strEEts you ground about ground GET ground colder ground SHooting ground In On sense On little On shine On GO On COuld chAnge COuld well COuld yep show yep rules yep My yep COuld see COuld is COuld yep Know yep gett head gett skate gett break gett t gett AND YOURE AND might AND once AND shoW brain shoW mYself shoW now shoW back shoW AND YouLL AND gett yep COuld On In bundled In Didn In To In and In ground you game you youre shape stop GOld
50
So So
back back
once once
skate skate
rules rules
well well
shine shine
bundled bundled
about about
game game
forehead forehead
Well Well
never never
Fed Fed
brain brain
might might
t t
show show
is is
sense sense
To To
GET GET
strEEts strEEts
Live Live
yOure yOure
alL alL
U U
now now
YOURE YOURE
break break
Know Know
chAnge chAnge
little little
Didn Didn
colder colder
shootinG shootinG
hit hit
much much
get get
say say
mYself mYself
YouLL YouLL
head head
My My
see see
GO GO
and and
SHooting SHooting
GEt GEt
what what
