hutmk omjfc dowbf yaxts ablxw rlfxc lnfiu aeomh otirh yiodb ijofp ywion ijvuq xeljy misyc lsnhz mlfbi oscrv xintv coubd tyuep cursl zsehb tiyfv lcghr yzaje ugyls vmgxh artvi spuoi vczkh ugamb mzlsn axmwy aqzce tejxc qdzgs hopbn hutmk
36
aqzce aqzce
omjfc omjfc
oscrv oscrv
ywion ywion
yiodb yiodb
cursl cursl xnysi
yzaje yzaje
vczkh vczkh
yaxts yaxts
otirh otirh
aeomh aeomh
ijvuq ijvuq
ablxw ablxw gxdqt
tyuep tyuep
axmwy axmwy
dowbf dowbf
rlfxc rlfxc
zsehb zsehb
xintv xintv
hopbn hopbn
misyc misyc
ijofp ijofp bcrwj
tejxc tejxc
ugyls ugyls
mzlsn mzlsn
lnfiu lnfiu
qdzgs qdzgs
vmgxh vmgxh
coubd urlkt coubd
mlfbi mlfbi
lcghr lcghr
spuoi spuoi
lsnhz lsnhz
xeljy xeljy
ugamb ugamb
artvi artvi
