hdpxs osxbc cihba wnelr bsvth htkwy frhgc lmwpk wotiq bwknx egclu iyuas ohzfn dkjro sxdiu hwmzn nqtru rlumh tmwdy ktzce uiogl wdquv qckjp uklga zqjxb jhlus ymcfp lnjxt yazqf dbjxw glrpy yqtob pjzqm ahnds cqsby xnpwq rjuxc ebwcp bdevm ehqyk yqfdk zcjqx fjdqi ypdnb rzvtg ayrgb mhuad tjake oewcd osvgp syoxf stflc pgqva yvbse lpudv evsbm maqho qbdwz wajol xcvow pihld mujil kzwah qpbmc wkbuf kjihy gufvs mhekz syoxv tkwle armnk btwzv qhvsb vobqh drojn xlrzc kscoz jcwpu joztf cxajk evtgj qhibx rjdai tndwl zntkr wcjeg gdovn utdhx qsmkj oaeyh mtcsd aedvq pytwh gstwp vgwoi dwyai hdpxs
92
oaeyh oaeyh
gufvs gufvs
rlumh rlumh mlibf
gdovn gdovn
oewcd oewcd cxdes
wkbuf wkbuf
yqtob yqtob
qsmkj qsmkj vcwfj
cqsby cqsby
mujil mujil
wajol wajol
nqtru nqtru
mhekz mhekz
lmwpk lmwpk
uiogl uiogl
vobqh vobqh
zqjxb zqjxb
mhuad mhuad
qbdwz qbdwz
cihba oxitr cihba
qckjp qckjp
xlrzc xlrzc
hwmzn hwmzn
pihld pihld
xnpwq xnpwq
bdevm bdevm
wotiq wotiq
ypdnb ypdnb
tjake tjake
stflc stflc
pgqva pgqva
ebwcp ebwcp
yqfdk yqfdk
ymcfp ymcfp
yazqf yazqf
vgwoi vgwoi
bwknx bwknx
xcvow xcvow
dwyai amfiz rchbw
dbjxw dbjxw
dkjro dkjro
frhgc frhgc
jcwpu jcwpu
lpudv gdnim lpudv
evtgj evtgj
syoxv syoxv
sxdiu sxdiu
wcjeg wcjeg
ahnds ahnds
ehqyk ehqyk
jhlus jhlus
qpbmc qpbmc
iyuas iyuas
qhvsb qhvsb
tkwle tkwle
rzvtg rzvtg oxuqn
yvbse yvbse
drojn drojn
wnelr wnelr
uklga uklga
maqho maqho
joztf joztf
osvgp osvgp
tmwdy tmwdy
utdhx utdhx
lnjxt lnjxt
wdquv wdquv
gstwp gstwp
aedvq aedvq
bsvth bsvth
ayrgb ayrgb
zcjqx zcjqx
armnk armnk bkfuc
kzwah kzwah
btwzv btwzv
pytwh pytwh
qhibx qhibx
ktzce ktzce
kscoz kscoz
tndwl tndwl
ohzfn ohzfn
kjihy kjihy
rjuxc rjuxc
htkwy htkwy
rjdai rjdai
osxbc osxbc
fjdqi fjdqi
evsbm evsbm
cxajk cxajk
mtcsd mtcsd
syoxf syoxf
zntkr zntkr
