Hayward Shreveport Hartford NorthLasVegas SterlingHeights Champaign Charlotte Lubbock Melbourne Torrance Brighton Oxnard SanBuenaventura Norwich Utica Anchorage OverlandPark Trenton Louisville Trenton Anaheim Columbus SantaClara VeroBeach Stamford Marysville Layton Marysville Stamford LasVegas Nashua Tyler Arvada Wilmington Vancouver GrandRapids SaintPaul Duluth Fullerton Flint Fullerton Youngstown SouthBend Bakersfield SouthBend Fresno Topeka Downey Burlington ElPaso ElMonte McAllen Elkhart Modesto PuntaGorda Hemet Mobile SanBernardino Pueblo SanBernardino PembrokePines Racine SantaClarita KansasCity CorpusChristi StPaul CathedralCity StPaul Savannah Lacey PortArthur RichmondCounty PortArthur Marina Frederick Marina Kissimmee Huntsville ThousandOaks PortSaintLucie Olympia PortSaintLucie ThousandOaks Cambridge PalmBay Hagerstown Plano Greenville OverlandPark Anchorage Mesquite Escondido Monroe Escondido Independence RoundLakeBeach Kalamazoo NewYork Tucson Deltona Salem Hampton Newark Hampton Gastonia CapeCoral Bloomington CapeCoral Gastonia Laredo GreenBay Lafayette Waterbury Newburgh Carrollton SiouxFalls Carrollton MyrtleBeach Eugene Boise Tacoma Merced Detroit BoiseCity Harrisburg HuntingtonBeach Sarasota Scranton Fairfield SantaBarbara NewYorkCity Henderson NewYorkCity York Reno Ogden Reno York HavredeGrace JohnsonCity HavredeGrace Bryan Birmingham Bryan Aberdeen SimiValley NewportNews Cincinnati Murrieta Harlingen Springfield Spartanburg LakeCharles Boulder Kaneohe StLouis Norwalk SouthLyon NewBedford Orem Bethlehem Boston Hialeah Albuquerque Hialeah Marina Barnstable RoundLakeBeach Lorain Scottsdale Omaha Champaign SterlingHeights NorthLasVegas Hartford Shreveport Hayward
100
PuntaGorda PuntaGorda
Tyler Tyler
Cincinnati Cincinnati
ThousandOaks ThousandOaks
Norwich Norwich
PalmBay PalmBay
Tucson Tucson
Utica Utica
Pueblo Pueblo
Albuquerque Albuquerque
Laredo Laredo
NewportNews NewportNews
Barnstable Barnstable
JohnsonCity JohnsonCity
Greenville Greenville
Eugene Eugene
Racine Racine
Nashua Nashua
RoundLakeBeach RoundLakeBeach
Harlingen Harlingen
Newburgh Newburgh
HavredeGrace HavredeGrace
Charlotte Charlotte
OverlandPark OverlandPark
Omaha Omaha
Topeka Topeka
CapeCoral CapeCoral
Deltona Deltona
Anchorage Anchorage
Marina Marina
Salem Salem
LasVegas LasVegas
Downey Downey
Hagerstown Hagerstown
Birmingham Birmingham
SanBuenaventura SanBuenaventura
Mesquite Mesquite
Flint Flint
McAllen McAllen
Lubbock Lubbock
CorpusChristi CorpusChristi
Layton Layton
Fullerton Fullerton
Bethlehem Bethlehem
NorthLasVegas NorthLasVegas
StLouis StLouis
GrandRapids GrandRapids
Frederick Frederick
Boise Boise
Arvada Arvada
Oxnard Oxnard
Hemet Hemet
Scranton Scranton
Fresno Fresno
Waterbury Waterbury
LakeCharles LakeCharles
Stamford Stamford
Olympia Olympia
RichmondCounty RichmondCounty
Duluth Duluth
Modesto Modesto
Henderson Henderson
HuntingtonBeach HuntingtonBeach
Huntsville Huntsville
Lacey Lacey
Burlington Burlington
Columbus Columbus
Savannah Savannah
Vancouver Vancouver
Detroit Detroit
Hialeah Hialeah
CathedralCity CathedralCity
NewYorkCity NewYorkCity
Marysville Marysville
GreenBay GreenBay
Bakersfield Bakersfield
Monroe Monroe
Louisville Louisville
ElPaso ElPaso
SantaClara SantaClara
Kissimmee Kissimmee
Newark Newark
Torrance Torrance
Hartford Hartford
Plano Plano
Bloomington Bloomington
Kalamazoo Kalamazoo
NewBedford NewBedford
SiouxFalls SiouxFalls
Elkhart Elkhart
Champaign Champaign
Anaheim Anaheim
SaintPaul SaintPaul
York York
Spartanburg Spartanburg
Scottsdale Scottsdale
Aberdeen Aberdeen
Mobile Mobile
Melbourne Melbourne
Ogden Ogden
