Hayward SantaClara Hayward Asheville Durham Asheville CedarRapids Memphis Winston Hickory Tyler Hickory HuntingtonBeach Hickory Kennewick PuntaGorda Omaha Topeka Montgomery ThousandOaks Montgomery SantaCruz Tucson Bradenton Huntsville Yonkers Waterloo Springdale McHenry Torrance PalmBay Modesto Hampton RichmondCounty Charlotte BelAir Monroe BelAir York NewBedford Aurora Bakersfield Aurora Tucson Washington LakeCharles Newark Burbank Chicago Burbank Danbury Atlanta Abilene GrandRapids Abilene Downey Rochester AtlanticCity SaintPaul SimiValley NewBedford Waco Harlingen SaintLouis Medford Barnstable Bryan Deltona Durham Bloomington Newark NewYorkCity York BelAir McAllen KansasCity Huntsville Bradenton Tucson Winston Murrieta Tampa Murrieta Winston Memphis CedarRapids Hayward
50
PuntaGorda PuntaGorda
Tyler Tyler
ThousandOaks ThousandOaks
PalmBay PalmBay
Tucson Tucson
Barnstable Barnstable
Yonkers Yonkers
Burbank Burbank
McHenry McHenry
Harlingen Harlingen
Charlotte Charlotte
Omaha Omaha
Topeka Topeka
Deltona Deltona
Danbury Danbury
Downey Downey
Asheville Asheville
McAllen McAllen
Chicago Chicago
GrandRapids GrandRapids
BelAir BelAir
Aurora Aurora
CedarRapids CedarRapids
LakeCharles LakeCharles
Bradenton Bradenton
RichmondCounty RichmondCounty
SantaCruz SantaCruz
Modesto Modesto
HuntingtonBeach HuntingtonBeach
Huntsville Huntsville
NewYorkCity NewYorkCity
Tampa Tampa
Monroe Monroe
Bakersfield Bakersfield
Springdale Springdale
SantaClara SantaClara
Atlanta Atlanta
Durham Durham
Newark Newark
Torrance Torrance
Memphis Memphis
Kennewick Kennewick
Bloomington Bloomington
NewBedford NewBedford
SaintPaul SaintPaul
York York
Hickory Hickory
Waco Waco
Waterloo Waterloo
Hampton Hampton
