3efbbd d1ae8e 1aef1d 2a53b1 1efe0a 526e97 9fb27b aeb965 d36b6f bf356c 390b11 9e3235 8216e5 1e3f90 770b7a 98b7f9 9655d3 e17800 909532 c1e4b0 ef9cce fc6ab6 22c398 de59c9 bfdfca 3efbbd
23
1aef1d 1aef1d
c1e4b0 c1e4b0
3efbbd 2b7733
390b11 390b11
d1ae8e d1ae8e
9e3235 525361 9e3235
e17800 e17800
1e3f90 1e3f90
d36b6f d36b6f
2a53b1 2a53b1
ef9cce ef9cce
de59c9 de59c9
526e97 526e97
1efe0a 1efe0a
9655d3 ff448b
9fb27b 9fb27b
22c398 8037ff 22c398
bfdfca bfdfca
909532 909532
fc6ab6 fc6ab6
8216e5 8216e5
98b7f9 98b7f9
aeb965 aeb965
