IvOdahrtFwzZ WUqhotrexTBp JpwDMOwQmqOp yHOsEGOhjOLt sFSBpaJxLpBT TZmWJenJbEsV ZPYnROAizafx wHeDieHMYzAK oKIKkmsSWzmH nxbMBCPhfQij yFQWQWtUUMle lznMKRYSMheH XwPJYwaGcHxO uzYTzVwixczQ qFGlIHDqKyPA mgKEFEWheOqk yVSfaizVeLPT zCWezcJmUGqs KtoZVrQmJWki hPSXtHMMyKAK NxxrxPgsnMqG EOKLHvbbCToE dXlgwkdKhUmB EKWhDcEeEkGK nschEYWjrAsr ypApeqMQPnQA QxNjgiXciQma ybLCwZqVZKud wXjNgGRCXYRl cQFNlImsTWTM lRgeGnDJBtMa nyTRNDRCsANl xXoCKkdkKAne hLCSOZLNEdhX YGzazHdyrGCd RGYiIUdVAiVL sTgUExIipvWV PFpQuVVRxbvV gkTmCiZxFrJw NMSHhfMtAJZb gJMLzBkWmUoV cpNycWVdmzHJ mZUBOQTZyXOM vkOqMvrCUWYf fiHhqLtPfdZy tARvBeqQDqSY HEwqlaeMfSzl oOIjuHJcVRiV nlzJUuBrsbXD cRekprdsHHWw quZcTYtpBjSn qxhFFIUEfnzV YvLRANdegrdA ppfBOAvWYXyJ mvdksSctoMVi AoaIXEzdsCrm QFfSmYtuSTPl TTwdgXpOLyxF TglqUXfjbefC PKHkuTHeRXhO WRiugWLCujBI zcAOlsVDUDkc qlMzHEurfTvO WHSGrQQrrotE WnABnktZDxMx evRMhyiHKGXv gXcuqckdTdIP WsLfQLsirtHk FkNlSGMBOUbz aXlcDzbXwAJW ocysUjOwnenm RQBxIsRWzmfl pjemGRILnFei QDhUZstsJKtV UGahWpWtmUQn OIjApACwnyqG DiKlonktcqTP EwXugPkGUVkm AQgpWBullbIi zOkfhFVfOKVi UYTxhnOtiPHB ubtvaUeVUfmV zypYDSZfKAvD IcNVObbuvzWY ctZWqndwhbJm touUfboeiIya QZQElPdcHxru JNoAmCxHcsYw HVwGkspnDHbf nKmMbiEuiffc jXOmYlZmvqnI SKbQkQUhqQEt jXgKDXnEJsra IfTQNEFsiTgr IQvKLYGCcCbd fblrDraNAUxK aSpDrTbKBytW LNoKVqXhLEzn AhJBAeSEuUkL WWtfhwMSzfGW GvyjKkGcUdcI PNaoBNxIbrgW IvOdahrtFwzZ
100
ZPYnROAizafx ZPYnROAizafx
fiHhqLtPfdZy fiHhqLtPfdZy
IQvKLYGCcCbd IQvKLYGCcCbd
ctZWqndwhbJm ctZWqndwhbJm
IcNVObbuvzWY IcNVObbuvzWY
pjemGRILnFei pjemGRILnFei
cpNycWVdmzHJ cpNycWVdmzHJ
ypApeqMQPnQA ypApeqMQPnQA
QZQElPdcHxru QZQElPdcHxru
qxhFFIUEfnzV qxhFFIUEfnzV
TZmWJenJbEsV TZmWJenJbEsV
EwXugPkGUVkm EwXugPkGUVkm
nlzJUuBrsbXD nlzJUuBrsbXD
AoaIXEzdsCrm AoaIXEzdsCrm
jXgKDXnEJsra jXgKDXnEJsra
TTwdgXpOLyxF TTwdgXpOLyxF
mZUBOQTZyXOM mZUBOQTZyXOM
vkOqMvrCUWYf vkOqMvrCUWYf
zypYDSZfKAvD zypYDSZfKAvD
mvdksSctoMVi mvdksSctoMVi
OIjApACwnyqG OIjApACwnyqG
mgKEFEWheOqk mgKEFEWheOqk
hLCSOZLNEdhX hLCSOZLNEdhX
EKWhDcEeEkGK EKWhDcEeEkGK
fblrDraNAUxK fblrDraNAUxK
gkTmCiZxFrJw gkTmCiZxFrJw
nxbMBCPhfQij nxbMBCPhfQij
UYTxhnOtiPHB UYTxhnOtiPHB
wXjNgGRCXYRl wXjNgGRCXYRl
HEwqlaeMfSzl HEwqlaeMfSzl
wHeDieHMYzAK wHeDieHMYzAK
QDhUZstsJKtV QDhUZstsJKtV
xXoCKkdkKAne xXoCKkdkKAne
yFQWQWtUUMle yFQWQWtUUMle
DiKlonktcqTP DiKlonktcqTP
qlMzHEurfTvO qlMzHEurfTvO
evRMhyiHKGXv evRMhyiHKGXv
oOIjuHJcVRiV oOIjuHJcVRiV
QFfSmYtuSTPl QFfSmYtuSTPl
quZcTYtpBjSn quZcTYtpBjSn
KtoZVrQmJWki KtoZVrQmJWki
WWtfhwMSzfGW WWtfhwMSzfGW
zOkfhFVfOKVi zOkfhFVfOKVi
lznMKRYSMheH lznMKRYSMheH
aSpDrTbKBytW aSpDrTbKBytW
GvyjKkGcUdcI GvyjKkGcUdcI
lRgeGnDJBtMa lRgeGnDJBtMa
touUfboeiIya touUfboeiIya
ocysUjOwnenm ocysUjOwnenm
SKbQkQUhqQEt SKbQkQUhqQEt
WRiugWLCujBI WRiugWLCujBI
WsLfQLsirtHk WsLfQLsirtHk
AQgpWBullbIi AQgpWBullbIi
NMSHhfMtAJZb NMSHhfMtAJZb
ppfBOAvWYXyJ ppfBOAvWYXyJ
cQFNlImsTWTM cQFNlImsTWTM
HVwGkspnDHbf HVwGkspnDHbf
WHSGrQQrrotE WHSGrQQrrotE
EOKLHvbbCToE EOKLHvbbCToE
PFpQuVVRxbvV PFpQuVVRxbvV
RGYiIUdVAiVL RGYiIUdVAiVL
JpwDMOwQmqOp JpwDMOwQmqOp
WUqhotrexTBp WUqhotrexTBp
YGzazHdyrGCd YGzazHdyrGCd
qFGlIHDqKyPA qFGlIHDqKyPA
hPSXtHMMyKAK hPSXtHMMyKAK
LNoKVqXhLEzn LNoKVqXhLEzn
ubtvaUeVUfmV ubtvaUeVUfmV
yVSfaizVeLPT yVSfaizVeLPT
nschEYWjrAsr nschEYWjrAsr
dXlgwkdKhUmB dXlgwkdKhUmB
tARvBeqQDqSY tARvBeqQDqSY
QxNjgiXciQma QxNjgiXciQma
JNoAmCxHcsYw JNoAmCxHcsYw
YvLRANdegrdA YvLRANdegrdA
AhJBAeSEuUkL AhJBAeSEuUkL
cRekprdsHHWw cRekprdsHHWw
sTgUExIipvWV sTgUExIipvWV
nyTRNDRCsANl nyTRNDRCsANl
IfTQNEFsiTgr IfTQNEFsiTgr
XwPJYwaGcHxO XwPJYwaGcHxO
aXlcDzbXwAJW aXlcDzbXwAJW
TglqUXfjbefC TglqUXfjbefC
jXOmYlZmvqnI jXOmYlZmvqnI
uzYTzVwixczQ uzYTzVwixczQ
WnABnktZDxMx WnABnktZDxMx
UGahWpWtmUQn UGahWpWtmUQn
gJMLzBkWmUoV gJMLzBkWmUoV
yHOsEGOhjOLt yHOsEGOhjOLt
gXcuqckdTdIP gXcuqckdTdIP
FkNlSGMBOUbz FkNlSGMBOUbz
zCWezcJmUGqs zCWezcJmUGqs
PKHkuTHeRXhO PKHkuTHeRXhO
ybLCwZqVZKud ybLCwZqVZKud
NxxrxPgsnMqG NxxrxPgsnMqG
oKIKkmsSWzmH oKIKkmsSWzmH
nKmMbiEuiffc nKmMbiEuiffc
RQBxIsRWzmfl RQBxIsRWzmfl
sFSBpaJxLpBT sFSBpaJxLpBT
zcAOlsVDUDkc zcAOlsVDUDkc
