a0 a88 a55 a94 a45 a53 a71 a68 a41 a65 a42 a70 a5 a75 a96 a4 a93 a54 a36 a38 a79 a13 a64 a62 a35 a73 a43 a78 a60 a76 a80 a52 a56 a49 a26 a24 a91 a37 a17 a39 a30 a86 a0
42
a0 a0
a4 a4 a87
a5 a5
a53 a9 a53
a13 a13
a96 a14 a96
a49 a15 a49
a17 a17
a71 a19 a71 a98
a24 a24
a26 a26
a30 a30
a64 a34 a64
a35 a35
a36 a36
a37 a37
a38 a38 a51
a39 a39
a41 a41
a42 a42
a43 a43
a45 a45
a52 a52
a54 a54
a55 a55
a56 a56
a60 a60
a62 a62
a65 a65
a68 a68
a70 a70
a73 a73
a75 a75
a76 a76
a78 a78
a79 a79
a80 a80
a86 a86
a88 a88
a91 a91
a93 a93
a94 a94
