Granbull PorygonZ Electrode Flygon Rufflet Quilava Whiscash Rockruff Ninjask Slakoth Chatot Happiny Machamp Remoraid Lileep Absol Hitmontop Lapras Torracat Exeggcute Binacle Serperior Bergmite Jolteon Buizel Aipom Nuzleaf Staryu Deoxys Metagross Carbink Bronzor Mightyena Bronzor Roserade Carnivine Mantine Gorebyss Lycanroc Raichu Arbok Metapod Chespin Typhlosion Chinchou Bonsly Sylveon Altaria Malamar Floatzel Relicanth Unown Swanna Mimikyu Glalie Charizard Mudsdale Pancham Vivillon Pancham Mudsdale Greninja Tsareena Staravia Feraligatr Luvdisc Reshiram Golbat Heatran Lampent Electrike Dustox Budew Grumpig Metang Magmar Blissey Spinda Mawile Trumbeak Magmortar Goomy Flareon Heatmor Cinccino Diggersby Darkrai Jirachi Kangaskhan Skitty Crabominable Kyurem Ampharos Charmander Bagon Torchic Cascoon Krookodile Azurill Crawdaunt Cosmog Smeargle TypeNull Cubone Butterfree Beedrill Floette Spewpa Infernape Manaphy Gliscor Furret Reuniclus Furret Whimsicott Lunala Finneon Spiritomb Probopass Fletchling Pidgeot Machamp Torkoal Torracat Granbull
99
Tsareena Tsareena
Absol Absol
Unown Unown
Roserade Roserade
Dustox Dustox
Heatran Heatran
Butterfree Butterfree
Ampharos Ampharos
Spiritomb Spiritomb
Torchic Torchic
Cosmog Cosmog
Arbok Arbok
Cascoon Cascoon
Torracat Torracat
Chinchou Chinchou
Crawdaunt Crawdaunt
Slakoth Slakoth
Mimikyu Mimikyu
Happiny Happiny
Quilava Quilava
Kangaskhan Kangaskhan
Rockruff Rockruff
Bonsly Bonsly
Grumpig Grumpig
Spinda Spinda
Cinccino Cinccino
Budew Budew
Sylveon Sylveon
Mawile Mawile
Beedrill Beedrill
Lampent Lampent
Greninja Greninja
Malamar Malamar
Buizel Buizel
Jolteon Jolteon
Mantine Mantine
Charizard Charizard
Gliscor Gliscor
Binacle Binacle
Relicanth Relicanth
Raichu Raichu
Cubone Cubone
Krookodile Krookodile Corphish
Heatmor Heatmor
Swanna Swanna
Diggersby Diggersby
Whiscash Whiscash
Metagross Metagross
TypeNull TypeNull
Whimsicott Whimsicott
Lycanroc Lycanroc
Mightyena Mightyena
Floette Floette
Jirachi Jirachi
Mudsdale Mudsdale
Darkrai Darkrai
Reuniclus Reuniclus
Remoraid Remoraid
Magmar Magmar
Rufflet Rufflet
Reshiram Reshiram
Crabominable Crabominable
Machamp Machamp
Charmander Charmander
Electrode Electrode
Serperior Serperior
Golbat Golbat
Infernape Infernape
Hitmontop Hitmontop
Trumbeak Trumbeak
Flygon Flygon
Bronzor Bronzor
Bergmite Bergmite
Torkoal Torkoal
Goomy Goomy
Metapod Metapod
Probopass Probopass
Lapras Lapras
Carnivine Carnivine
Pidgeot Pidgeot
Exeggcute Exeggcute
Carbink Carbink
Magmortar Magmortar
Electrike Electrike
Ninjask Ninjask
PorygonZ PorygonZ
Lileep Lileep
Feraligatr Feraligatr
Floatzel Floatzel
Glalie Glalie
Deoxys Deoxys
Chespin Chespin
Luvdisc Luvdisc
Blissey Blissey
Vivillon Vivillon
Chatot Chatot
Typhlosion Typhlosion
Nuzleaf Nuzleaf
Skitty Skitty
