0 52 101 174 130 75 83 143 0 80 68 66 68 126 20 156 179 103 114 85 16 17 16 98 135 106 131 73 177 73 189 157 149 48 149 157 197 199 27 151 17 46 184 102 121 23 62 42 155 140 70 45 137 45 19 97 72 55 11 171 144 74 125 36 82 147 59 116 109 176 117 168 134 118 152 181 153 105 153 6 160 6 195 91 25 5 128 5 26 9 198 76 198 187 139 34 12 138 31 196 31 138 50 138 180 87 183 87 69 63 81 84 7 67 13 67 7 122 166 122 162 122 35 113 136 113 185 92 10 64 111 40 42 155 141 30 141 154 139 53 65 145 143 0
99
141 4
9 9 88
10 10
11 11
13 13
16 16
17 17
19 19
20 20
23 23
26 26
27 27
30 30
31 31
34 34
35 35
36 36
40 40
42 42
45 45
46 46
48 48
50 50
52 52
53 53
55 55
59 59
62 62
63 63
66 66
67 67
69 69
70 70
72 72
74 74
75 75
76 76
80 80
81 81
82 82
83 83
84 84
85 85
87 87
91 91
97 97
98 98
102 102
103 103
105 105
106 106
187 108
109 109
111 111
114 114
116 116
117 117
121 121
122 122
125 125
126 126
128 128
130 130
131 131
134 134
136 136
137 137
138 138
139 139
140 140
143 143
144 144
145 145
147 147
149 149
151 151
152 152
156 156
157 157
160 160
162 162
166 166
168 168
171 171
174 174
176 176
177 177
179 179
180 180
181 181
183 183
184 184
185 185
189 189
195 195
196 196
197 197
198 198
199 199
