l7 l40 l39 l67 l161 l200 l177 l90 l169 l186 l20 l76 l102 l155 l148 l24 l163 l132 l163 l94 l128 l2 l26 l53 l92 l114 l172 l49 l184 l106 l72 l63 l46 l101 l130 l41 l116 l180 l44 l189 l72 l37 l138 l171 l181 l12 l160 l54 l59 l99 l115 l31 l127 l83 l110 l162 l136 l199 l136 l56 l109 l74 l192 l124 l168 l7
60
l2 l2 l33 l58
l92 l6
l7 l7 l35
l12 l12
l114 l14 l114
l172 l15 l172
l20 l20
l63 l21 l63
l24 l24
l184 l25 l184
l26 l26
l67 l27 l67
l37 l37
l39 l39
l40 l40
l41 l41
l44 l44
l46 l46
l49 l49
l53 l53
l54 l54
l59 l59
l72 l72
l74 l74
l106 l77
l83 l83
l90 l90
l94 l94
l101 l101
l102 l102
l109 l109
l110 l110
l162 l113 l162
l115 l115
l116 l116
l99 l122
l124 l124
l127 l127
l128 l128
l130 l130
l132 l132
l136 l136
l138 l138
l169 l141 l169
l31 l142
l148 l148
l155 l155
l160 l160
l161 l161
l163 l163
l168 l168
l171 l171
l177 l177
l180 l180
l181 l181
l186 l186
l189 l189
l192 l192
l199 l199
l200 l200
