0 90 24 86 0 70 30 13 10 93 40 97 27 14 67 22 2 20 29 57 62 80 33 15 74 44 35 69 41 83 4 32 72 52 73 87 88 11 51 95 79 7 98 82 5 65 56 48 3 8 64 17 25 23 99 89 18 94 37 34 81 78 1 77 84 59 100 39 60 26 71 47 96 38 50 54 9 28 42 49 58 43 45 116 21 12 63 6 46 68 31 53 91 85 55 76 154 0
94
1 1
2 2 75
3 3
4 4
5 5
6 6
7 7
8 8
9 9
10 10
11 11
12 12
13 13
14 14
15 15
0 16 19 36 66 92
17 17
18 18
20 20
21 21
22 22
23 23
24 24 61
25 25
26 26
27 27
28 28
29 29
30 30
31 31
32 32
33 33
34 34
35 35
37 37
38 38
39 39
40 40
41 41
42 42
43 43
44 44
45 45
46 46
47 47
48 48
49 49
50 50
51 51
52 52
53 53
54 54
55 55
56 56
57 57
58 58
59 59
60 60
62 62
63 63
64 64
65 65
67 67
68 68
69 69
70 70
71 71
72 72
73 73
74 74
76 76
77 77
78 78
79 79
80 80
81 81
82 82
83 83
84 84
85 85
86 86
87 87
88 88
89 89
90 90
91 91
93 93
94 94
95 95
96 96
97 97
98 98
99 99
100 100
