Soda Guadeloupe China Australia Czech United Azerbaijan Botswana Bouvet Colombia Cocos Cayman Finland Egypt Comoros Cuba Austria Central Aruba Hong Denmark Algeria Antigua Guyana Guam Belize Christmas Fiji Bermuda Fiji Argentina Fiji Brazil Cambodia Faroe Azerbaijan Angola Azerbaijan Soda
25
United United
Cambodia Cambodia
Aruba Aruba
Argentina Argentina
Antigua Antigua
Guam Guam
Bermuda Bermuda
China China
Central Central
Australia Australia
Cocos Cocos
Angola Angola
Austria Austria
Bouvet Bouvet
Belize Belize
Czech Czech
Colombia Colombia
Fiji Fiji
Cayman Cayman
Denmark Denmark
Guyana Guyana
Guadeloupe Guadeloupe
Egypt Egypt
Botswana Botswana
Comoros Comoros
