Soda Burkina Malawi Mayotte Niger United Albania New Saint British Korea Egypt Singapore Lebanon Finland Cambodia Jamaica Sao Kyrgyzstan Netherlands Fiji Nigeria Rwanda Hong Palau Pitcairn Japan Congo Luxembourg Argentina Northern Aruba Liberia Republic Algeria Republic Croatia Sint Moldova Latvia Guernsey Kiribati Mexico Bahamas Indonesia Lesotho Lao Lesotho Macao Iran Iraq Libya Pakistan Argentina Burundi Macedonia Ireland Republic Antigua Azerbaijan Belize Greece Soda
50
United United
Cambodia Cambodia
Aruba Aruba
Saint Saint
Argentina Argentina
Sint Sint
Japan Japan
Jamaica Jamaica
Albania Albania
Antigua Antigua
Sao Sao
Macao Macao
New New
Malawi Malawi
Korea Korea
Indonesia Indonesia
Finland Finland
Burkina Burkina
Niger Niger
Hong Hong
Pitcairn Pitcairn
Luxembourg Luxembourg
Bahamas Bahamas
Ireland Ireland
Pakistan Pakistan
Palau Palau
Nigeria Nigeria
Northern Northern
Algeria Algeria
Kiribati Kiribati
Belize Belize
Moldova Moldova
Croatia Croatia
Lebanon Lebanon
Rwanda Rwanda
Burundi Burundi
Fiji Fiji
Liberia Liberia
Netherlands Netherlands
Republic Republic
Lao Lao
Kyrgyzstan Kyrgyzstan
Mayotte Mayotte
Iraq Iraq
British British
Latvia Latvia
Mexico Mexico
Egypt Egypt
Singapore Singapore
Congo Congo
