node139 node24 node157 node92 node160 node21 node56 node182 node96 node8 node52 node22 node81 node192 node124 node17 node124 node54 node108 node63 node10 node152 node60 node180 node167 node159 node191 node158 node154 node61 node102 node48 node195 node59 node195 node43 node3 node187 node163 node184 node117 node95 node19 node84 node130 node20 node112 node20 node37 node178 node162 node129 node109 node129 node55 node129 node109 node111 node110 node137 node66 node41 node71 node49 node185 node193 node72 node193 node86 node97 node126 node65 node141 node71 node149 node104 node16 node47 node16 node200 node80 node53 node164 node186 node98 node119 node131 node169 node134 node99 node190 node99 node134 node85 node100 node30 node50 node18 node85 node173 node36 node165 node175 node38 node94 node85 node112 node104 node116 node107 node89 node51 node57 node1 node128 node33 node146 node33 node125 node123 node143 node140 node73 node40 node5 node40 node73 node27 node139
93
node1 node1
node3 node3
node5 node5
node8 node8
node10 node10
node152 node12 node152
node16 node16
node17 node17
node18 node18
node19 node19
node20 node20
node22 node22
node24 node24
node73 node26 node73 node188
node27 node27
node30 node30
node33 node33
node37 node37
node38 node38
node41 node41
node173 node42 node173
node47 node47
node48 node48
node49 node49
node50 node50
node51 node51
node52 node52
node53 node53
node54 node54
node55 node55
node56 node56
node57 node57
node59 node59
node60 node60
node61 node61
node65 node65
node66 node66
node71 node71
node72 node72
node80 node80
node81 node81
node84 node84
node85 node85
node86 node86
node92 node92
node94 node94
node96 node96
node97 node97
node98 node98
node100 node100
node102 node102
node107 node107
node108 node108
node109 node109
node111 node111
node112 node112
node187 node114
node116 node116
node117 node117
node119 node119
node123 node123
node124 node124
node125 node125
node126 node126
node129 node129
node130 node130
node134 node134
node141 node141
node143 node143
node146 node146
node149 node149
node154 node154
node157 node157
node158 node158
node159 node159
node160 node160
node162 node162
node163 node163
node165 node165
node167 node167
node169 node169
node178 node178
node180 node180
node21 node181
node182 node182
node184 node184
node185 node185
node186 node186
node190 node190
node191 node191
node192 node192
node195 node195
node200 node200
