73 72 34 71 63 67 66 37 53 19 20 44 11 28 29 23 30 27 11 24 11 41 42 40 34 38 68 62 77 62 37 59 36 61 56 37 75 35 55 18 11 22 60 22 11 26 11 14 11 2 7 2 3 2 8 2 5 2 6 2 11 25 11 17 51 45 50 47 17 19 57 19 34 64 65 64 34 73
48
2 2
3 3 4
5 5
6 6
7 7
8 8
11 11
14 14
19 19
20 20
22 22 33
23 23
24 24
25 25
26 26
27 27
28 28
29 29
30 30
34 34
36 36
37 37
38 38
40 40
41 41
42 42
44 44
45 45
47 47
50 50
51 51
53 53
55 55
56 56
57 57
59 59
60 60
61 61
63 63
64 64
65 65
66 66
67 67
68 68
71 71
72 72
75 75
77 77
