aliquam sagittis condimentum semper lectus mattis vitae senectus habitant malesuada et fames ultricies turpis quis sed consectetur mi gravida lorem habitasse adipiscing platea praesent quisque cursus suscipit mauris enim congue placerat nisi ornare maecenas imperdiet ut euismod viverra porttitor cras nec eu aliquam vestibulum aliquam eros aliquam
43
sagittis sagittis
semper semper
condimentum condimentum
mattis mattis
lectus lectus
vitae vitae
habitant habitant
senectus senectus
et et
malesuada malesuada
fames fames
turpis turpis
sed sed
ultricies ultricies
mi mi
quis quis
lorem lorem
consectetur consectetur
adipiscing adipiscing
praesent praesent
gravida gravida
cursus cursus
habitasse habitasse
platea platea
quisque quisque
mauris mauris
congue congue
nisi nisi
suscipit suscipit
maecenas maecenas
enim enim
ut ut
viverra viverra
cras cras
eu eu
placerat placerat
vestibulum vestibulum
eros eros
ornare ornare
imperdiet imperdiet
euismod euismod
porttitor porttitor
nec nec
