Wrightsville Irvington Hsinchu Gevgelija Rauna Golubac Coihaique Temirtau Metz Gemena Sayhut Rivas Ayacucho Ljutomer Changde Bayonne Progress Leeuwarden Necochea Maywood Praya Pljevlja Mzimba Palopo Asti Zanzibar Wrightsville
25
Leeuwarden Leeuwarden
Hsinchu Hsinchu
Irvington Irvington
Bayonne Bayonne
Rauna Rauna
Mzimba Mzimba
Gemena Gemena
Changde Changde
Golubac Golubac
Zanzibar Zanzibar
Rivas Rivas
Temirtau Temirtau
Ljutomer Ljutomer
Pljevlja Pljevlja
Progress Progress
Palopo Palopo
Asti Asti
Necochea Necochea
Sayhut Sayhut
Praya Praya
Metz Metz
Gevgelija Gevgelija
Ayacucho Ayacucho
Coihaique Coihaique
Maywood Maywood
