Gastre Triesen Kyrenia Sambava Chepes Coatzacoalcos Polevskoy Forteau Hope Tukchi Scottsdale Juliaca Cocieri Coronel Polatsk Taungoo Winters Kalgoorlie Baicheng Branson Channahon Kindu Sholapur Scranton Benha Caen Destrnik Cumming Pingtung Bell Gwadar Charlestown Aasiaat Absecon Punakha Dongola Visby Luganville Daloa Neryungri Malolos Clay Woodinville Bosilovo Maidenhead Narva Bungoma Bovec Allahabad Derby Leo Gastre
50
Allahabad Allahabad
Benha Benha
Cumming Cumming
Maidenhead Maidenhead
Kalgoorlie Kalgoorlie
Malolos Malolos
Bovec Bovec
Woodinville Woodinville
Tukchi Tukchi
Polevskoy Polevskoy
Scranton Scranton
Destrnik Destrnik
Charlestown Charlestown
Baicheng Baicheng
Clay Clay
Luganville Luganville
Coronel Coronel
Kindu Kindu
Chepes Chepes
Taungoo Taungoo
Channahon Channahon
Neryungri Neryungri
Narva Narva
Sambava Sambava
Winters Winters
Cocieri Cocieri
Kyrenia Kyrenia
Derby Derby
Visby Visby
Bosilovo Bosilovo
Dongola Dongola
Coatzacoalcos Coatzacoalcos
Bungoma Bungoma
Polatsk Polatsk
Aasiaat Aasiaat
Hope Hope
Branson Branson
Absecon Absecon
Gwadar Gwadar
Triesen Triesen
Juliaca Juliaca
Pingtung Pingtung
Scottsdale Scottsdale
Sholapur Sholapur
Daloa Daloa
Bell Bell
Caen Caen
Punakha Punakha
Leo Leo
Forteau Forteau
