0 21 63 24 5 51 38 27 2 34 10 31 52 44 42 1 47 45 22 73 39 46 131 28 11 82 93 23 26 14 30 12 78 76 49 97 56 181 50 77 13 130 64 108 62 71 133 59 94 68 79 72 104 85 146 103 99 87 29 192 91 143 115 67 101 139 179 120 121 126 35 84 66 140 132 168 150 110 136 170 100 62 141 127 175 177 155 193 142 37 149 194 19 152 73 162 163 172 189 195 178 0
94
1 1 164
2 2
5 5
10 10
11 11
12 12
13 13
14 14
21 21
22 22
23 23
24 24
26 26
27 27
28 28
29 29
30 30
31 31
34 34
35 35
38 38
39 39
42 42
44 44
45 45
46 46
47 47
49 49
50 50
51 51 105
52 52
56 56
59 59
62 62
63 63 183 186
64 64
66 66
67 67
68 68
71 71
72 72
73 73
76 76
77 77
78 78
79 79
82 82
85 85
87 87
91 91
93 93
94 94
97 97
99 99
100 100
101 101
103 103
104 104
108 108
110 110
115 115
120 120
121 121
126 126
127 127
130 130
131 131
132 132
133 133
136 136
139 139
140 140
141 141
142 142
143 143
146 146
149 149
150 150
152 152
155 155
162 162
163 163
168 168
170 170
172 172
175 175
177 177
178 178
179 179
189 189
192 192
193 193
194 194
195 195
