Soda Bechtel Cheit Cory Dwinelle Boalt Etcheverry Haste Giannini GreekTheatre LifeSciences McLaughlin HearstMiningCircle Jacobs KrutchTheater Hildebrand MLK Moses Senior SproulPlaza Observatory Stern VLSB Wheeler BarkerHall Blackwell Campbell Bowles DoeLibrary EdwardsStadium ClarkKerr Foothill HearstFieldAnnex HaasPavilion Hertz Gilman Koshland Insectary LeConte MemorialStadium McCone NorthGate Pitzer Simon Morgan Stanley Bechtel Soda
45
Bechtel Bechtel
Boalt Boalt
Cheit Cheit
Cory Cory
Dwinelle Dwinelle
Etcheverry Etcheverry
Giannini Giannini
GreekTheatre GreekTheatre
Haste Haste
HearstMiningCircle HearstMiningCircle
LifeSciences LifeSciences
McLaughlin McLaughlin
Jacobs Jacobs
KrutchTheater KrutchTheater
Hildebrand Hildebrand
MLK MLK
Moses Moses
Observatory Observatory
Senior Senior
SproulPlaza SproulPlaza
Stern Stern
VLSB VLSB
Wheeler Wheeler
BarkerHall BarkerHall
Blackwell Blackwell
Campbell Campbell
Bowles Bowles
ClarkKerr ClarkKerr
DoeLibrary DoeLibrary
EdwardsStadium EdwardsStadium
Foothill Foothill
Gilman Gilman
HaasPavilion HaasPavilion
HearstFieldAnnex HearstFieldAnnex
Hertz Hertz
Insectary Insectary
Koshland Koshland
LeConte LeConte
McCone McCone
MemorialStadium MemorialStadium
Morgan Morgan
NorthGate NorthGate
Pitzer Pitzer
Simon Simon
Stanley Stanley
