SusanneJohnBerrios LaquitaJohnBrunette SpencerCourtneyBroth DougHelenHornbeck MaryFrankieWomack GarryDavidKingery StephanieAaronWalker RalphClydeMills JorgeHeatherSamuels HarryNeilFranklin JuliaMollieHernandez DorothyDavidStromme JuliaLindaGordon ClaudiaDavidTaylor JuanDebbieAllen MonteMonicaLum DouglasRobertFerkovi AntonioGeraldBaker FernandoLindaWatson WendellKristenBise RubyLelandCollard JudeBernardMccay DinahCatherineFaulkn MattieBarbaraEkstrom SusanneJohnBerrios
21
MattieBarbaraEkstrom MattieBarbaraEkstrom
JuanDebbieAllen JuanDebbieAllen
JuliaLindaGordon JuliaLindaGordon
LaquitaJohnBrunette LaquitaJohnBrunette
MaryFrankieWomack MaryFrankieWomack
GarryDavidKingery GarryDavidKingery
DougHelenHornbeck DougHelenHornbeck
DouglasRobertFerkovi DouglasRobertFerkovi
RalphClydeMills RalphClydeMills
JorgeHeatherSamuels JorgeHeatherSamuels
HarryNeilFranklin HarryNeilFranklin
MonteMonicaLum MonteMonicaLum
AntonioGeraldBaker AntonioGeraldBaker
RubyLelandCollard RubyLelandCollard
JuliaMollieHernandez JuliaMollieHernandez
SpencerCourtneyBroth SpencerCourtneyBroth
DinahCatherineFaulkn DinahCatherineFaulkn
StephanieAaronWalker StephanieAaronWalker
FernandoLindaWatson FernandoLindaWatson
DorothyDavidStromme DorothyDavidStromme
ClaudiaDavidTaylor ClaudiaDavidTaylor
