Egsmith Barnton Ashbourne Barnton Wychbourne Cookford Chelmbeck Flitgrove Sudtree Leathermere Sudtree Wenwold Stainby Brackbrough Wenbeck Watchcombe Pemlow Sudwich Wetwick Nortley Stainbrough Egtree Chelmden Egtree Wychnell Burfield Wywick Wychbeck Staplake Penborne Shaftbridge Watchavon Alfchester Wenside Waltditch Wenside Burbourne Sodey Egavon Shaftbage Edgey Hurstlow Chelmwang Wychsmith Farnsmith Cookford Wychbourne Barnton Ashbourne Stapbeck Ashbourne Barnton Egsmith
35
Chelmden Chelmden
Barnton Barnton
Leathermere Leathermere
Chelmbeck Chelmbeck
Alfchester Alfchester
Wychsmith Wychsmith
Brackbrough Brackbrough
Nortley Nortley
Wychbourne Wychbourne
Penborne Penborne
Egavon Egavon
Wywick Wywick
Chelmwang Chelmwang
Shaftbage Ashdown Shaftbage
Shaftbridge Shaftbridge
Stainbrough Stainbrough
Stapbeck Stapbeck
Waltditch Waltditch
Wenside Wenside
Wenwold Wenwold
Egtree Egtree
Stainby Stainby
Staplake Staplake
Ashbourne Ashbourne
Wenbeck Wenbeck
Wychbeck Wychbeck
Cookford Cookford
Sudtree Sudtree
Farnsmith Farnsmith
Wychnell Wychnell
Flitgrove Flitgrove
Pemlow Pemlow
Edgey Edgey
Burbourne Burbourne
Wetwick Wetwick
