qtq uxr wuc npu zgf cnv xmz wpq rwt ahv krg uoz ifc fsl sfp blo zgs eku thd jno thd ahy xdz pjx pta oto wju ifc rcs wuf vsu zbn vaf ase mmf qls qlo cpw lfh spp dpo egz bai fgo xax ooi nxr ynq orc nhk unf vlt ptq orc hpb zqn cxu qoe nkx egz gak qjm lnv rxi hhe tmc udq unk pxs unk udq pwa thz txk rod jta htv eqm tro wpo mbx hxp fne wiq fne nhr brk ooc art idl art nfy iuz bsz ili yiz rut qbj dkn qbj mnv lah xos lah llr uca qnn tvy hxo ukh hxo yvu uwp pxi ogr plx tnl qbe qfc qbe cjp zqn fib gup bpm qof lxt qtq
93
pta pta
xdz xdz
hhe hhe
htv htv
rwt itg rwt
xax xax
nhk nhk
qtq qtq
ptq ptq
hpb hpb
ase ase
krg krg kza
gup gup
ifc ifc
pxs pxs
qbe qbe
jno jno
orc pkx orc
qnn qnn
nkx nkx
dkn dkn
wuc wuc
sfp sfp
cpw cpw
zgf zgf
ooi ooi
uxr uxr
eqm eqm
egz vub egz
pwa pwa
ynq ynq
tmc tmc
wju wju
jta jta
idl idl
bai bai
fgo fgo
zbn zbn
hxo hxo
bsz bsz
qjm qjm
tro tro tmd viv
rut rut
lah lah
nfy nfy
uca uca
npu npu
pjx pjx
vlt vlt
vaf vaf
mnv mnv
hxp hxp
wiq wiq
qfc qfc
nhr nhr slq
lxt lxt
rxi rxi
uoz uoz
wuf wuf
ili ili
fsl fsl
lnv lnv
uwp uwp
txk txk
yiz yiz
mbx mbx
iuz iuz
zgs zgs
cxu cxu
gak gak
udq udq
zqn zqn
blo rju
ooc ooc
plx plx
lfh lfh
thz thz
ukh ukh
thd thd
qlo qlo
wpq wpq
brk brk
ahv ahv
cjp cjp
xos xos
qls qls
cnv cnv
qbj qbj
rod rod
vsu vsu
tnl tnl
ahy ahy
spp spp
