Soda Browning Bret Vermont Bristol Keeler Pardee Yolo Martin Haskell Bowditch Fresno Center Bataan Kentucky Marin Greenwood Heinz Greenwood Marin Madera Marin Eunice Solano Allston Shasta Addison Byron Columbia Muir Cutter Bancroft Menlo Colusa Fulton Colusa Menlo Belrose Haviland Summit Mabel Spring Comstock Spring Poplar Keeler Arch Anne Hospital Kenilworth Bret Poppy Bret Forest Ajax Visalia Kentucky High Amador Florida Halkin Garber Colusa Menlo Burnett Menlo Alvarado Overlook Terrace Latham Lewiston Edith Lewiston Eunice Domingo Soda
50
Addison Addison
Ajax Ajax
Allston Allston
Anne Anne
Arch Arch
Bancroft Bancroft
Bataan Bataan
Belrose Belrose
Bowditch Bowditch
Bret Bret
Bristol Bristol
Browning Browning
Burnett Burnett
Byron Byron
Columbia Columbia
Colusa Colusa
Comstock Comstock
Cutter Cutter
Domingo Domingo
Edith Edith
Eunice Eunice
Florida Florida
Forest Forest
Fresno Fresno
Fulton Fulton
Greenwood Greenwood
Haskell Haskell
Kentucky Haste
Haviland Haviland
Heinz Heinz
High High
Hospital Hospital
Keeler Keeler
Kenilworth Kenilworth
Lewiston Lewiston
Mabel Mabel
Madera Madera
Marin Marin
Martin Martin
Menlo Menlo
Muir Muir
Overlook Overlook
Pardee Pardee
Poplar Poplar
Poppy Poppy
Shasta Shasta
Spring Spring
Summit Summit
Terrace Terrace
Vermont Vermont
