FD AU BG DI GP DF GA CL GQ FP EL FP BE EJ DC BC DZ DM FG CA GH AC BV CK CG CM BT CM HH GK DP BO GN BA CN CB EN FV EN CF DN ER HM FY EZ FY HM FN HM FO EK CO EG DV HC FJ EX FQ FS GX CS GD ES EM AV EQ AT HO EM GS BK DQ CE AX AJ DB HP CI GF CW FM HF GC HF FI ES GO AF AG DE AW HD HB EE GN CC AM DK AD BZ AK HR FX EO ED DH ED GZ FR BQ EW GM ET CQ BM FT EY GR FB CT BN AZ FD
99
AD AD
AF AF
AG AG
AJ AJ
AK AK
AM AM
AT AT
AU AU
AV AV
AW AW
AX AX
AZ AZ
BA BA
BC BC
BE BE
DV BF
BG BG
BK BK
BM BM
BN BN
BO BO
BQ BQ
BT BT
BV BV
BZ BZ
CA CA
CB CB
CC CC
CF CF
CG CG
CI CI
CK CK
CL CL
CO CO
CS CS
CT CT
FD CU
CW CW
ER DA ER
DB DB
DC DC
DE DE
DF DF
DH DH
DI DI
DK DK
DM DM
DN DN
DP DP
DQ DQ
FG DU
DZ DZ
EE EE
EG EG
EJ EJ
EK EK
EL EL
EM EM
EN EN
EO EO
ES ES
ET ET
EW EW
EX EX
EY EY
EZ EZ
FI FI
FJ FJ
FM FM
FN FN
FO FO
FP FP
FR FR
FS FS
FT FT
AC FU
FV FV
FY FY
GA GA
GC GC
GD GD
GF GF
GK GK
GN GN
GO GO
GP GP
GQ GQ
GR GR
GS GS
GX GX
GZ GZ
HB HB
HC HC
HD HD
HF HF
HH HH
HO HO
HP HP
HR HR
