Plano Rockford SantaClara Irving Pasadena MorenoValley Norman Sunnyvale Warren SanFrancisco Rochester OklahomaCity Cary Miami Cincinnati Tallahassee Hampton Olathe Irvine Mobile Hartford Dallas Worcester Mesquite Joliet Thornton Anchorage Salinas GardenGrove CedarRapids SanAntonio NewHaven Davidson Houston Pomona Spokane CorpusChristi SantaClarita Fremont Madison SanBernardino Knoxville Brownsville Corona Surprise NewOrleans HuntingtonBeach SimiValley HuntingtonBeach Greensboro Salinas Chicago Denton Raleigh Glendale Tampa Laredo FortCollins Allentown Stamford Glasses Hollywood Escondido Akron LosAngeles Lancaster Elizabeth Anaheim JerseyCity Lafayette Huntsville Omaha Oxnard Atlanta Beaumont Denver Hayward Topeka OWO Mesa Memphis Montgomery BatonRouge Miramar Buffalo Waco Ontario Waco Wichita PembrokePines Lincoln AnnArbor StLouis AnnArbor FortLauderdale Norfolk Reno LouisvilleJefferson Tulsa SantaRosa McAllen GrandPrairie Portland Hialeah Springfield Salinas Vallejo Clyde Cary Amarillo SantaClara Plano
88
Beaumont Vancouver Beaumont
Sunnyvale Sunnyvale
Irvine LittleRock Irvine
Mobile Mobile
HuntingtonBeach AugustaRichmond HuntingtonBeach
Glasses SanJose Glasses
FortLauderdale FortLauderdale
Pomona Pomona
Omaha Garland Omaha
SantaClarita SantaClarita
FortCollins SiouxFalls FortCollins
Mesquite Mesquite
Rockford Rockford Riverside
StLouis StLouis
GrandPrairie GrandPrairie
Oxnard Oxnard
Irving Irving
Norman Norman
Anchorage Anchorage
JerseyCity JerseyCity Pikachu
GardenGrove GardenGrove
Allentown Allentown Killeen
Laredo Laredo
Olathe Olathe
SanFrancisco SanFrancisco
Tulsa Tulsa
Davidson Davidson
Montgomery Montgomery
Greensboro Greensboro
Portland Portland
OklahomaCity OklahomaCity
Memphis Charleston Memphis
SimiValley SimiValley
CorpusChristi CorpusChristi
Corona Corona
Cary Cary
Stamford Stamford
Denver Denver
Escondido Escondido
Ontario Ontario
Lincoln Lincoln
Anaheim Anaheim
OWO OWO
Vallejo Vallejo
Hayward Hayward
Dallas Dallas
Chicago Chicago
Huntsville Huntsville
Wichita Wichita
Akron Akron
Denton Denton
Cincinnati Cincinnati
Brownsville Brownsville
Glendale Glendale
Waco Waco
Madison Madison
Hartford Hartford
Atlanta Atlanta
Lancaster Lancaster Torrance
Thornton Thornton
Hampton Hampton
Tampa ThousandOaks Tampa
NewOrleans NewOrleans
Surprise Surprise
Norfolk Norfolk
LouisvilleJefferson LouisvilleJefferson
Warren Warren
Hollywood Hollywood
Raleigh Raleigh
McAllen McAllen
Clyde LasVegas
Worcester Worcester
MorenoValley MorenoValley
Knoxville Knoxville
SantaClara SantaClara
AnnArbor AnnArbor
Mesa Mesa
Houston Houston
Miami Miami
SanBernardino SanBernardino
NewHaven NewHaven
Elizabeth Elizabeth
Pasadena Pasadena
Salinas Salinas
Fremont Fremont
Lafayette Lafayette
SantaRosa SantaRosa
SanAntonio SanAntonio
