Soda woolf winifred danyal rosen garcia shen amanda sunny lewke tamara jarrett roshan annie eshaan ruhi kevin massachusetts noor martinez aidan lo sriram rob yip alvin krishnan andrew caroline daniel juliann golden ian rabie sarina walsh ritter ashley shah grace berit chloe meghan castro singhal connor djajadi vilaythong davis garbers patagonia Soda
50
woolf woolf
winifred winifred
danyal danyal
rosen rosen
garcia garcia
shen shen
amanda amanda
sunny sunny
lewke lewke
tamara tamara
jarrett jarrett
roshan roshan
annie annie
eshaan eshaan
ruhi ruhi
kevin kevin
massachusetts massachusetts
noor noor
martinez martinez
aidan aidan
lo lo
sriram sriram
rob rob
yip yip
alvin alvin
krishnan krishnan
andrew andrew
caroline caroline
daniel daniel
juliann juliann
golden golden
ian ian
rabie rabie
sarina sarina
walsh walsh
ritter ritter
ashley ashley
shah shah
grace grace
berit berit
chloe chloe
meghan meghan
castro castro
singhal singhal
connor connor
djajadi djajadi
vilaythong vilaythong
davis davis
garbers garbers
patagonia patagonia
