lyenDXSN wKxe hU BR s KtvQaJqCJTRpXM8ZI vJxAK1LaHyuu4yFNeul hpRsyMlXH1H 6DVIvuGfPs2BU Mu wBJRoqVxn1t 6yeW7sat9rvd llx2p lt1a5E0H 7h2PJW8oD2ihKQrfQ6 ImSpax GPeb cYPTdnJWL wcmx8dhmsO K6yVeBnomxSBet nWkakNi6Qt9d4g o3refHnx4qioqHztqMYE zzYmU5YFhvp1 C8PRtY0wMczFLQQYxa VNvsbB7eWJcAK0fU mMU5Ux7Gh9w akZmiQ7tmX 1ds7sqHhanMKkMy jvdVvQ frNA534JEvY4f G50hiUpVStHCMrd l HwQeXpOEZHQ3s hVfqebryM4wN A67f K0A9bbVLm9atwTf EJDqk Plmj0j EJDqk 2AR73oQdnbYqnDCGMFS uy3ouNIxumu7jEuoP1 MBLHuIgjJIXs CmV 7Q zI 7Q L STJYwXq9HmmawT vAIBd1Ae fzp 61 nqeGwct a5oWSrhkZ1i hjCFXN9kbqn0UCNsZ lyenDXSN
40
GPeb GPeb
1ds7sqHhanMKkMy M1PxrOPSNUVpc
vAIBd1Ae vAIBd1Ae
hjCFXN9kbqn0UCNsZ hjCFXN9kbqn0UCNsZ
BR BR
G50hiUpVStHCMrd G50hiUpVStHCMrd
KtvQaJqCJTRpXM8ZI KtvQaJqCJTRpXM8ZI
wcmx8dhmsO wcmx8dhmsO
2AR73oQdnbYqnDCGMFS 2AR73oQdnbYqnDCGMFS
hU hU
MBLHuIgjJIXs MBLHuIgjJIXs
6yeW7sat9rvd 6yeW7sat9rvd
K0A9bbVLm9atwTf K0A9bbVLm9atwTf
l l
llx2p llx2p
Plmj0j Plmj0j
jvdVvQ jvdVvQ
zI zI
61 61
nWkakNi6Qt9d4g nWkakNi6Qt9d4g
Mu Mu
6DVIvuGfPs2BU 6DVIvuGfPs2BU
hVfqebryM4wN hVfqebryM4wN
HwQeXpOEZHQ3s HwQeXpOEZHQ3s
ImSpax ImSpax
VNvsbB7eWJcAK0fU VNvsbB7eWJcAK0fU
wBJRoqVxn1t wBJRoqVxn1t
frNA534JEvY4f frNA534JEvY4f
zzYmU5YFhvp1 zzYmU5YFhvp1
7Q 7Q
cYPTdnJWL cYPTdnJWL
A67f A67f
nqeGwct nqeGwct
CmV CmV
vJxAK1LaHyuu4yFNeul vJxAK1LaHyuu4yFNeul
lt1a5E0H lt1a5E0H
L L
o3refHnx4qioqHztqMYE o3refHnx4qioqHztqMYE
akZmiQ7tmX akZmiQ7tmX
a5oWSrhkZ1i f
