0 5 3 10 6 8 19 14 20 22 21 23 26 24 30 25 39 35 32 40 38 37 42 51 52 57 43 41 48 53 56 55 59 60 66 58 62 64 65 68 67 71 70 84 72 77 78 76 81 85 86 83 93 88 103 96 97 100 104 105 102 107 113 110 109 116 114 115 119 126 132 125 121 144 159 134 146 151 166 160 168 148 162 169 163 172 171 174 173 182 175 185 176 183 187 188 190 196 5 191 195 0
100
0 0
3 3
5 5
6 6
8 8
10 10
14 14
19 19
20 20
21 21
22 22
23 23
24 24
25 25
26 26
30 30
32 32
35 35
37 37
38 38
39 39
40 40
41 41
42 42
43 43
48 48
51 51
52 52
53 53
55 55
56 56
57 57
58 58
59 59
60 60
62 62
64 64
65 65
66 66
67 67
68 68
70 70
71 71
72 72
76 76
77 77
78 78
81 81
83 83
84 84
85 85
86 86
88 88
93 93
96 96
97 97
100 100
102 102
103 103
104 104
105 105
107 107
109 109
110 110
113 113
114 114
115 115
116 116
119 119
121 121
125 125
126 126
132 132
134 134
144 144
146 146
148 148
151 151
159 159
160 160
162 162
163 163
166 166
168 168
169 169
171 171
172 172
173 173
174 174
175 175
176 176
182 182
183 183
185 185
187 187
188 188
190 190
191 191
195 195
196 196
