0 1 6 11 16 21 26 32 33 31 37 38 37 31 35 31 37 36 42 36 39 36 42 41 46 51 57 58 56 61 66 71 76 81 87 81 76 71 66 61 56 59 60 56 61 62 61 66 71 74 71 76 81 83 81 76 71 66 61 65 61 66 71 76 79 80 76 71 66 61 56 57 51 53 52 51 46 41 44 41 46 48 46 51 57 56 61 66 71 73 72 71 76 78 76 81 84 81 76 71 66 68 66 70 66 71 76 81 87 86 92 93 91 96 101 106 112 106 101 96 91 94 95 91 96 101 105 104 101 103 102 101 106 112 111 116 121 127 128 126 131 136 141 146 151 156 162 163 162 156 159 156 151 146 141 136 131 126 130 129 126 131 136 141 144 141 146 151 153 151 156 162 161 164 161 167 166 171 176 181 186 192 186 189 186 181 176 171 173 171 176 181 186 187 186 181 176 180 176 181 184 181 176 171 166 170 169 166 171 176 181 183 181 186 192 191 196 197 198 0 1 6 11 16 21 22 21 26 29 30 26 21 16 17 16 11 12 13 11 14 11 16 21 25 24 21 26 27 26 21 16 19 16 11 6 1 0 198 197 196 191 193 191 196 197 198 0 1 6 7 6 1 3 1 0 198 197 196 191 195 191 192 186 181 176 171 166 167 161 162 156 151 146 141 136 131 126 127 121 116 118 116 121 122 121 116 111 113 111 114 111 116 121 127 126 131 136 141 143 141 136 131 135 131 136 137 138 136 140 139 136 141 146 151 155 151 146 149 146 141 136 131 126 127 121 116 111 112 106 107 106 101 96 97 96 99 96 101 106 109 106 101 96 91 92 86 90 86 87 81 76 71 66 61 56 57 51 46 41 42 36 37 31 32 26 21 16 11 6 1 0
95
3 3
7 7
12 12
13 13
14 14
17 17
19 19
22 22
24 24
25 25
27 27
29 29
30 30
32 32
33 33
35 34 35
38 38
39 39
42 42
44 44
46 47
48 48
52 52
53 53
58 58
59 59
60 60
62 62
61 63 64
65 65
68 68
70 70
72 72
73 73
74 74
71 75
78 78
79 79
80 80
81 82
83 83
84 84
87 87
90 90
93 93
94 94
95 95
97 97
96 98 100
99 99
102 102
103 103
104 104
105 105
107 107
106 108
109 109
112 112
113 113
114 114
118 118
122 122
127 127
128 128
129 129
130 130
135 135
137 137
138 138
139 139
140 140
141 142 145
143 143
144 144
149 149
151 152
153 153
155 155
159 159
162 162
163 163
164 164 165
169 169
170 170
173 173
176 179
180 180
183 183
184 184
181 185
187 187
189 189
192 192
193 193
195 195
