6 195 193 189 193 195 188 186 188 181 174 167 160 153 152 150 152 149 152 153 146 145 142 145 146 139 137 133 137 134 137 139 132 125 124 122 124 125 132 131 129 131 128 131 132 130 126 130 132 125 118 111 110 111 109 105 109 111 104 97 96 97 104 103 100 103 101 103 104 97 90 88 90 83 76 74 76 75 76 69 62 60 62 61 62 55 53 50 53 55 48 47 48 46 43 46 48 41 39 41 40 38 40 41 48 47 44 47 48 41 34 32 34 27 25 22 25 27 20 18 20 19 17 19 20 13 11 13 12 10 12 13 6 195 194 195 193 190 193 195 188 186 182 186 188 181 174 172 169 172 174 167 166 167 165 161 165 167 174 181 179 181 180 177 180 181 174 167 160 158 154 158 155 158 160 153 151 148 151 153 146 144 140 144 146 139 138 136 138 139 132 125 118 117 115 117 118 116 112 116 118 111 109 106 109 111 104 97 96 94 96 97 95 91 95 97 90 89 87 89 90 83 82 80 82 83 81 77 81 83 76 69 68 65 68 69 67 64 67 69 62 55 54 51 54 55 48 41 34 33 30 33 31 33 34 27 20 13 6 5 2 5 6 4 1 4 6 195 188 187 184 187 188 181 174 167 160 153 146 139 132 125 123 120 123 125 132 139 146 153 160 167 174 181 188 195 6
84
1 1
2 2
6 6
10 10
11 11
12 12
17 17
18 18
19 19
22 22
25 25
27 27
30 30
31 31
32 32
38 38
39 39
41 41
43 43
44 44
47 47
50 50
51 51
53 53
60 60
61 61
62 62
64 64
65 65
69 69
74 74
75 75
76 76
77 77
80 80
83 83
87 87
88 88
90 90
91 91
94 94
96 96
100 100
101 101
103 103
105 105
106 106
110 110
112 112
115 115
116 116
120 120
122 122
124 124
126 126
128 128
129 129
133 133
134 134
136 136
140 140
142 142
145 145
148 148
149 149
150 150
154 154
155 155
160 160
161 161
165 165
166 166
169 169
172 172
174 174
177 177
179 179
181 181
182 182
184 184
186 186
189 189
190 190
194 194
