pace other quadruple ask enemy control enemy desk spoil desk injection gallon profound coast swear tool railcar attraction guarantee joystick swop electronics interface environment bleed curriculum bleed smile headline smile bleed pier pig straighten identity coincide dive view profound virgin blonde native development exempt buffet election lifestyle cotton dialogue home flag injury tolerate decisive greeting begin science mercy financial fortune notebook interactive error widen banana driver imposter tablet note deter terms thumb terms hospitality teacher excuse rob demand feature opposed dip exclusive vegetarian exile vegetarian linger physics linger vegetarian market country triple candle enemy illusion joint output structure throne boom quality autonomy paper viable likely comfortable likely viable atmosphere rent sunrise audience ignore shiver ignore due ignore liver swop nationalist acceptance nationalist page mature native development skeleton development confrontation forge confrontation development native blonde pipe joystick bowel brake scheme certain bitter rage bitter coffin bitter certain drawer chew offset chew curriculum bleed knot country throne respect chair pardon injection desk enemy stress enemy desk development native blonde virgin winner assignment winner virgin blonde native mercy mixture pace
99
pace pace
likely likely
excuse excuse
feature feature
skeleton skeleton
environment environment
injury injury
output output
due due
page page
audience audience
profound profound
throne throne
guarantee guarantee
physics physics dough
exempt exempt
tablet tablet
injection injection
market market
forge forge
thumb thumb
headline headline
exclusive exclusive
other other
assignment assignment
buffet buffet
autonomy autonomy
respect respect
pig pig
financial financial
interactive interactive
tool tool
rob rob
dip dip
imposter imposter
swear swear
shiver shiver
coast coast
stress stress
mature mature
chair chair
rent rent
straighten straighten
boom boom
acceptance acceptance
rage rage
comfortable comfortable
structure structure
decisive decisive
spoil spoil
dive dive
atmosphere atmosphere
attraction attraction
ask ask
smile smile
pardon pardon
knot knot
curriculum curriculum
coincide coincide
exile exile
ignore ignore
teacher teacher
drawer drawer
widen widen
election election
country country
note note
liver liver
home home
development development
scheme scheme
cotton cotton
error error
mercy mercy
virgin virgin
confrontation confrontation
control control
railcar railcar
electronics electronics
begin begin
identity identity
greeting greeting
viable viable
lifestyle lifestyle
enemy enemy
interface interface
offset offset
candle candle
swop swop
driver driver
deter deter
pipe pipe
coffin coffin
native native
flag flag
bowel bowel
illusion illusion
triple triple
quadruple quadruple
