9iIwk 5R5Xa 9iIwk jASvw 9iIwk 6EWVx jT5CK 5BDPJ jT5CK qkJ6b 1xmtC XYzcU 1xmtC Mj2eQ ZzWHp iEXNY ZzWHp MA43U jYfXn LJqKh 1pxZM 1uRw3 jAwQw aHGHb kmzhT aHGHb WGJpQ vE0Pj knY3U 1uRw3 WJNpN AgYPL YH6mk Y7IDR 4a0W8 Y7IDR WJNpN 1uRw3 Ri2t4 1uRw3 QVYVG RhUVQ QVYVG LZomt Ew56P SgDk6 QVYVG HOs1b jT5CK 6EWVx 9iIwk h2rea 0mah3 ChXAd 0mah3 rrNj1 Esl6u fS0W8 k64Ok BnAjj k64Ok fS0W8 p9vQm fS0W8 k64Ok ZgtaX veOJ7 ZgtaX pXCjI ZgtaX JgjFI ZgtaX Vake4 ZgtaX iCgvV ZgtaX k64Ok fS0W8 Esl6u rrNj1 5R5Xa 9iIwk jASvw oqPYQ jASvw 9iIwk 6EWVx jT5CK HOs1b QVYVG 7G74f QVYVG WJNpN YH6mk 5ioW1 Be0ab XZKtP dw7aX XZKtP 5ioW1 YH6mk WJNpN jT5CK 6EWVx 9iIwk
45
5ioW1 5ioW1
SgDk6 SgDk6
Mj2eQ Mj2eQ
ZzWHp ZzWHp
7G74f 7G74f
iEXNY iEXNY
Vake4 Vake4
Be0ab Be0ab
XZKtP XZKtP bXinH
XYzcU XYzcU
dw7aX dw7aX
LZomt LZomt
1xmtC 1xmtC
JgjFI JgjFI
pXCjI pXCjI
qkJ6b qkJ6b
Ri2t4 y89SK Ri2t4
jYfXn jYfXn
jT5CK jT5CK
jASvw jASvw
5R5Xa 5R5Xa
9iIwk 9iIwk
5BDPJ 5BDPJ
Y7IDR Y7IDR
ZgtaX ZgtaX
veOJ7 veOJ7
p9vQm p9vQm
1uRw3 1uRw3
h2rea h2rea
YH6mk YH6mk
RhUVQ RhUVQ
oqPYQ oqPYQ 0GdkR
1pxZM 1pxZM
BnAjj BnAjj
fS0W8 fS0W8
jAwQw jAwQw
AgYPL AgYPL tnjfN
4a0W8 4a0W8
vE0Pj vE0Pj
ChXAd ChXAd 1eRkH
aHGHb aHGHb
kmzhT kmzhT
WGJpQ WGJpQ
WJNpN 5VT1H
iCgvV iCgvV
