1 43 14 7 36 53 3 60 23 12 57 71 66 26 18 89 52 88 49 86 13 15 58 90 31 42 51 91 78 82 119 98 96 159 99 56 121 105 128 130 152 129 161 64 83 157 116 95 147 93 92 103 138 115 136 53 46 137 127 110 176 174 77 84 140 108 156 163 151 101 175 182 194 125 132 153 51 142 155 162 185 30 190 43 186 193 19 199 1
78
3 3
7 7
12 12
13 13
14 14
15 15
18 18
23 23
26 26
31 31
36 36
42 42
43 43
46 46
49 49
51 51
52 52
53 53
56 56
57 57
58 58
60 60
64 64
66 66
71 71
78 78
82 82
83 83
84 84
86 86
88 88
89 89
90 90
91 91
92 92
93 93
95 95
96 96
98 98
99 99
101 101
103 103
105 105
108 108
110 110
115 115
116 116
119 119
121 121
127 127
128 128
129 129
130 130
132 132
136 136
137 137
138 138
140 140
142 142
147 147
152 152
153 153
156 156
157 157
159 159
161 161
162 162
163 163
174 174
175 175
176 176
182 182
185 185
186 186
190 190
193 193
194 194
199 199
