create appear feign deck pupil farewell crew ballot bracket breakin tin absorption hide cancel scrap top perception nationalism community maze linear colon mechanism line accessible dose belief think steward predict suffer childish company direct exotic minimize adult skip merit magnitude fuss transmission prove celebration basketball pride creation pastel concern battery contract create
50
concern concern
company company
top top
belief belief
hide hide
basketball basketball
battery battery
pastel pastel
crew crew
linear linear
adult adult
minimize minimize
farewell farewell
ballot ballot
scrap scrap
appear appear
creation creation
deck deck
perception perception
childish childish
exotic exotic
think think
skip skip
community community
tin tin
suffer suffer
merit merit
colon colon
bracket bracket
breakin breakin
prove prove
pride pride
nationalism nationalism
magnitude magnitude
transmission transmission
contract contract
mechanism mechanism
cancel cancel
direct direct
line line
absorption absorption
dose dose
predict predict
feign feign
accessible accessible
maze maze
pupil pupil
fuss fuss
celebration celebration
steward steward
