0 5 6 2 3 7 8 13 17 16 11 15 21 25 30 35 41 46 47 43 37 38 34 29 24 18 23 28 34 39 44 49 48 47 52 57 63 64 69 68 67 66 65 70 75 80 85 90 91 96 92 87 83 84 89 94 99 94 88 83 77 72 66 61 55 50 45 40 35 30 25 20 15 10 5 0
50
0 0
2 2
3 3
5 5
6 6
7 7
8 8
10 10
11 11
13 13
16 16
17 17
18 18
20 20
21 21
24 24
29 29
30 30
34 34
35 35
37 37
38 38
39 39
41 41
43 43
44 44
45 45
46 46
47 47
48 48
49 49
52 52
55 55
57 57
61 61
63 63
64 64
65 65
66 66
69 69
70 70
83 83
85 85
89 89
90 90
91 91
92 92
94 94
96 96
99 99
