Albania Gabon Vanuatu Paraguay Burkina MountAthos Pakistan Fiji Ethiopia Comoros Mauritius Mauritania Rwanda Latvia Luxembourg Israel SaintLucia Venezuela Burma Finland Romania VaticanCity Qatar CapeVerde Norway Panama SaoTomPrincipe Liechtenstein Germany France Estonia EquatorGuinea RussianFederation Tunisia Djibouti Thailand Bahamas Bulgaria IvoryCoast SriLanka UAE NorthKorea Kosovo America Yemen Cyprus Niger Togo Kiribati Eritrea BosHerzegovina Newfoundland Ukraine SolomonIslands SierraLeone CentralAfricanRep Dominica Danzig Maldives Peru Guatemala Rome Seychelles Chile Bhutan Tanzania Suriname Greece Portugal Cuba Algeria PapuaNewGuinea Poland Kazakhstan Lithuania Jamaica Argentina Mongolia Serbia Japan Grenada Switzerland Belarus Andorra Lesotho Malaysia NewZealand SaudiArabia Philippines Italy TheGambia UnitedKingdom SaintLucia Brazil Cambodia Mali Slovenia Laos Australia Nepal SaintKitts Albania
99
Paraguay Paraguay
Vanuatu Vanuatu
Ethiopia Ethiopia
Latvia Latvia
Venezuela Venezuela
Burkina Burkina
Gabon Gabon
Comoros Comoros
Pakistan Pakistan
Fiji Fiji
MountAthos MountAthos
Mauritius Mauritius Hungary
SaintLucia SaintLucia
Burma Burma
Luxembourg Luxembourg
Finland Finland
Estonia Estonia
Israel Israel
VaticanCity VaticanCity
Romania Romania
Qatar Qatar
Rwanda Rwanda
Mauritania Mauritania
CapeVerde CapeVerde
Liechtenstein Liechtenstein
Germany Germany
Norway Norway
France France
Panama Panama
SaoTomPrincipe SaoTomPrincipe
RussianFederation RussianFederation
Djibouti Djibouti
Bahamas Bahamas
EquatorGuinea EquatorGuinea
Tunisia Tunisia
UAE UAE
Bulgaria Bulgaria
SriLanka SriLanka
NorthKorea NorthKorea
IvoryCoast IvoryCoast
Niger Niger
Cyprus Cyprus
Kiribati Kiribati
Thailand Thailand
Yemen Yemen
America America
Eritrea Eritrea
Newfoundland Newfoundland
SierraLeone SierraLeone
Peru Peru
Kosovo Kosovo
Guatemala Guatemala
BosHerzegovina BosHerzegovina
Chile Chile
Maldives Maldives
Dominica Dominica
SolomonIslands SolomonIslands
Bhutan Bhutan
CentralAfricanRep CentralAfricanRep
Ukraine Ukraine
Suriname Suriname
Danzig Danzig
Togo Togo
Portugal Portugal
Seychelles Seychelles
Algeria Algeria
Rome Rome
PapuaNewGuinea PapuaNewGuinea
Greece Greece
Lithuania Lithuania
Poland Poland
Grenada Grenada
Tanzania Tanzania
SaintKitts SaintKitts
Mongolia Mongolia
Serbia Serbia
Argentina Argentina
Cuba Cuba
Italy Italy
Belarus Belarus
Kazakhstan Kazakhstan
Japan Japan
TheGambia TheGambia
Switzerland Switzerland
Jamaica Jamaica
NewZealand NewZealand
Lesotho Lesotho
Andorra Andorra
SaudiArabia SaudiArabia
Brazil Brazil
Mali Mali
Philippines Philippines
Nepal Nepal
Cambodia Cambodia
UnitedKingdom UnitedKingdom
Malaysia Malaysia
Laos Laos
Australia Australia
Slovenia Slovenia
