vBhpoFdJZxyttIlfaf7D 37APL8dpwT5Ds5AIG0t4 d6xeP6xeDJ3O2jY8D4pB rMd1TXBMCuFfO59jF1Tq zs7X4IJgeJEM8iqAbvF3 RpMJGAvULIBCQ0RI369s vLwJebpyApE3MPksc9OW XBxLd5K0m0Gtk5fTL45q WN0Nl06Zx9w6LYUHMZam R6ZzYYWqarkWldqbKDab 7PoxePhwnlLvMilKVpER 4ilNvg3IkxoJuvkwqYsS MiPSEwVMn3bbGh4tbRTf qkrT0EYt8AHuefFD25g1 XWHR07Y6kfSBbEuD62PN rkMvLqMMN5Aq3onq5XeZ XYk0VV4ujV55qqS8YiHV 6koX1rNvAwrB84m39eQv tUVqKo1E6AibIE6zShkv mv3tFPDoT2NlrLp24T9l 8mLI4Cl8exxeLw5eLCvi jTdja1e2hUhydiExPlJM fp9JaV5iTp8QxXwwkR68 oFNlFPub6zLirsQwo0fu W1jWYYdH0atiKtbaVDRT 535WuquKiicRqEyzCI3d eKaPpzrMwOPxNzeoOSFH DybFcuyeWxt51LawzVvs RRlYwTFLYqL48JIMSAmC EHYUZOt1fTtm7KJue8on fHfopcx4v3MKBN0TMn7s InZnvPu8h9zAoLCNj2in NAqhSs9OpS9XtIaJtTCD 2LthmnS3Cdd5FBfY5GQ9 R7crXexksQ4TN5zY2ck3 WwLzOfqcc3FIzub2jh8R cs6LkMYfySGYUzb8VLcc n2Cqtp5v2DuwGX7LhuzE JEGgKJfdY8owvwdYhKMk uUumBfQJDh6S0d06Kb78 XX8iZd9Mw56dkKCstFAC 8Le4AI986fwHZXPoOMK1 nB1RHSnvjX4nG0Tch5En J00g7hlLLSWTXvTYK9v2 9B0w6Ahn3NsugfNn6veD 6PPTzNGrNxrgfdvm8cwZ 17OoKHzumyPaqfjSSc7S ohy3S5QXymEhh63dMBQE wHEcyeduhdH7p3Lr1PtC qM7lEl3z2COceXw7x0EC iki3BohF22ET0rMPxXQ5 vBhpoFdJZxyttIlfaf7D
50
eKaPpzrMwOPxNzeoOSFH eKaPpzrMwOPxNzeoOSFH
EHYUZOt1fTtm7KJue8on EHYUZOt1fTtm7KJue8on
mv3tFPDoT2NlrLp24T9l mv3tFPDoT2NlrLp24T9l
InZnvPu8h9zAoLCNj2in InZnvPu8h9zAoLCNj2in
6PPTzNGrNxrgfdvm8cwZ 6PPTzNGrNxrgfdvm8cwZ
R7crXexksQ4TN5zY2ck3 R7crXexksQ4TN5zY2ck3
XBxLd5K0m0Gtk5fTL45q XBxLd5K0m0Gtk5fTL45q
ohy3S5QXymEhh63dMBQE ohy3S5QXymEhh63dMBQE
9B0w6Ahn3NsugfNn6veD 9B0w6Ahn3NsugfNn6veD
W1jWYYdH0atiKtbaVDRT W1jWYYdH0atiKtbaVDRT
6koX1rNvAwrB84m39eQv 6koX1rNvAwrB84m39eQv
nB1RHSnvjX4nG0Tch5En nB1RHSnvjX4nG0Tch5En
8mLI4Cl8exxeLw5eLCvi 8mLI4Cl8exxeLw5eLCvi
17OoKHzumyPaqfjSSc7S 17OoKHzumyPaqfjSSc7S
RpMJGAvULIBCQ0RI369s RpMJGAvULIBCQ0RI369s
jTdja1e2hUhydiExPlJM jTdja1e2hUhydiExPlJM
qM7lEl3z2COceXw7x0EC qM7lEl3z2COceXw7x0EC
fHfopcx4v3MKBN0TMn7s fHfopcx4v3MKBN0TMn7s
RRlYwTFLYqL48JIMSAmC RRlYwTFLYqL48JIMSAmC
MiPSEwVMn3bbGh4tbRTf MiPSEwVMn3bbGh4tbRTf
WN0Nl06Zx9w6LYUHMZam WN0Nl06Zx9w6LYUHMZam
4ilNvg3IkxoJuvkwqYsS 4ilNvg3IkxoJuvkwqYsS
d6xeP6xeDJ3O2jY8D4pB d6xeP6xeDJ3O2jY8D4pB
rMd1TXBMCuFfO59jF1Tq rMd1TXBMCuFfO59jF1Tq
XX8iZd9Mw56dkKCstFAC XX8iZd9Mw56dkKCstFAC
wHEcyeduhdH7p3Lr1PtC wHEcyeduhdH7p3Lr1PtC
cs6LkMYfySGYUzb8VLcc cs6LkMYfySGYUzb8VLcc
NAqhSs9OpS9XtIaJtTCD NAqhSs9OpS9XtIaJtTCD
JEGgKJfdY8owvwdYhKMk JEGgKJfdY8owvwdYhKMk
tUVqKo1E6AibIE6zShkv tUVqKo1E6AibIE6zShkv
rkMvLqMMN5Aq3onq5XeZ rkMvLqMMN5Aq3onq5XeZ
37APL8dpwT5Ds5AIG0t4 37APL8dpwT5Ds5AIG0t4
J00g7hlLLSWTXvTYK9v2 J00g7hlLLSWTXvTYK9v2
WwLzOfqcc3FIzub2jh8R WwLzOfqcc3FIzub2jh8R
oFNlFPub6zLirsQwo0fu oFNlFPub6zLirsQwo0fu
8Le4AI986fwHZXPoOMK1 8Le4AI986fwHZXPoOMK1
7PoxePhwnlLvMilKVpER 7PoxePhwnlLvMilKVpER
n2Cqtp5v2DuwGX7LhuzE n2Cqtp5v2DuwGX7LhuzE
fp9JaV5iTp8QxXwwkR68 fp9JaV5iTp8QxXwwkR68
R6ZzYYWqarkWldqbKDab R6ZzYYWqarkWldqbKDab
XYk0VV4ujV55qqS8YiHV XYk0VV4ujV55qqS8YiHV
2LthmnS3Cdd5FBfY5GQ9 2LthmnS3Cdd5FBfY5GQ9
DybFcuyeWxt51LawzVvs DybFcuyeWxt51LawzVvs
uUumBfQJDh6S0d06Kb78 uUumBfQJDh6S0d06Kb78
zs7X4IJgeJEM8iqAbvF3 zs7X4IJgeJEM8iqAbvF3
qkrT0EYt8AHuefFD25g1 qkrT0EYt8AHuefFD25g1
XWHR07Y6kfSBbEuD62PN XWHR07Y6kfSBbEuD62PN
iki3BohF22ET0rMPxXQ5 iki3BohF22ET0rMPxXQ5
535WuquKiicRqEyzCI3d 535WuquKiicRqEyzCI3d
vLwJebpyApE3MPksc9OW vLwJebpyApE3MPksc9OW
