destitute Loomis Rio Darwin ripe papal septillion transpiration septillion creekside Hewlett decor swordfish Auberge Modesto Elizabethan Halstead Andersen Vega bobble Dominican Bleeker minion slowdown amateur illusion bifurcate embassy millennium choice shroud McCall mediate extractor combine MN Isfahan balustrade midget funny Gilmore connubial stanza Injun jewel Auberge diligent swingy diligent tate trill fatten trill yogurt Fisk anvil encumbrance destitute
48
Andersen Andersen
Auberge Auberge
Bleeker Bleeker
Darwin Darwin
Dominican Dominican
Elizabethan Elizabethan
Fisk Fisk
Gilmore Gilmore
Halstead Halstead
Hewlett Hewlett
Loomis Hindi Loomis
Injun Injun
Isfahan Isfahan
MN MN
McCall McCall
Modesto Modesto
Rio Rio
Vega Vega
amateur amateur
anvil anvil
balustrade balustrade
bobble bobble
choice choice
connubial connubial
creekside creekside
decor decor
diligent diligent
embassy embassy
extractor extractor
fatten fatten
funny funny
illusion illusion
jewel jewel
mediate mediate
midget midget
minion minion
papal papal
ripe ripe
slowdown schedule slowdown
septillion septillion
shroud shroud
stanza stanza
swingy swingy
swordfish swordfish
tate tate
transpiration transpiration
trill trill
yogurt yogurt
