shaird rampup cacomistle teabags assonantal irade lasting Sahara shrow diruption unglove baning property airgap trackbar scratch fivepenny Ucayali colugos slatting macedoine cementite deductable toggleable UncleNed philomels tokenizing caouane beermakers Pentecost transflux aftertouch twothirds kartikeya advances nomination tunic sarcomere intrado nauseously effuses opacular morphe peasantism guilts preparable waste coldcocked Lafayette remissio shaird
50
shaird shaird
rampup rampup
cacomistle cacomistle
teabags teabags
assonantal assonantal
irade irade
lasting lasting
Sahara Sahara
shrow shrow
diruption diruption
unglove unglove
baning baning
property property
airgap airgap
trackbar trackbar
scratch scratch
fivepenny fivepenny
Ucayali Ucayali
colugos colugos
slatting slatting
macedoine macedoine
cementite cementite
deductable deductable
toggleable toggleable
UncleNed UncleNed
philomels philomels
tokenizing tokenizing
caouane caouane
beermakers beermakers
Pentecost Pentecost
transflux transflux
aftertouch aftertouch
twothirds twothirds
kartikeya kartikeya
advances advances
nomination nomination
tunic tunic
sarcomere sarcomere
intrado intrado
nauseously nauseously
effuses effuses
opacular opacular
morphe morphe
peasantism peasantism
guilts guilts
preparable preparable
waste waste
coldcocked coldcocked
Lafayette Lafayette
remissio remissio
