92 2 13 97 47 64 61 55 90 35 32 35 90 17 2 34 5 68 0 76 65 76 70 33 70 3 93 59 93 3 91 60 43 73 12 54 80 63 95 76 94 16 45 16 78 25 46 44 57 91 23 86 23 91 60 43 20 43 50 43 60 36 29 10 29 99 87 24 60 43 38 21 85 74 37 67 1 5 28 72 77 41 19 46 14 46 25 11 35 90 18 92
50
0 0
1 1
2 2
3 3
5 5
10 10
11 11
12 12
13 13
14 14
16 16
17 17
18 18
19 19
20 20
21 21
23 23
24 24
29 29
32 32
33 33
35 35
37 37
44 44
45 45
46 46
47 47
50 50
54 54
55 55
57 57
59 59
61 61
63 63
64 64
65 65
68 68
70 70
72 72
73 73
74 74
78 78
85 85
86 86
87 87
90 90
93 93
94 94
95 95
97 97
