AAA AAB ABB ABC AAC AAD ABD ACD ADD ACD ACC ACB ACA ADA BAA BAB BBB BBC BAC BAD BBD BCD BDD BCD BCC BCB BCA BDA CAA CAB CBB CBC CAC CAD CBD CCD CDD CCD CCC CCB CCA CDA DAA DAB DBB DBC DAC DAD DBD DCD DDD DCD DCC DCB DCA DDA EAA EAB EBB EBC EAC EAD EBD ECD EDD ECD ECC ECB ECA EDA FAA FAB FBB FBC FAC FAD FBD FCD FDD FCD FCC FCB FBB FAB FAA EDA ECA EBA EAA DDA DCA DBA DAA CDA CCA CBA CAA BDA BCA BBA BAA ADA ACA ABA AAA
36
AAD AAD
ABB ABB
ABC ABC
ACB ACB
ACD ACD
ADD ADD
BAD BAD
BBB BBB
BBC BBC
BCB BCB
BCD BCD
BDD BDD
CAD CAD
CBB CBB
CBC CBC
CCB CCB
CCD CCD
CDD CDD
DAD DAD
DBB DBB
DBC DBC
DCB DCB
DCD DCD
DDD DDD
EAD EAD
EBB EBB
EBC EBC
ECB ECB
ECD ECD
EDD EDD
FAD FAD
FBB FBB
FBC FBC
FCB FCB
FCD FCD
FDD FDD
