USG OEK KND DZG TFP GIG KJA QUA TIB OKD HOD ZLI STT WSF DPP MBE IUT VKQ NMY KXU BFD IRG FPK STN DZD ZBM BYF RAI BJT NRV VFE UQJ WRP EMJ TWC CMD OJJ QFZ SCZ GJX KHL SJL LYL PST EMI WIF XIG AKT IUL POT VYE UWO IUT USG
50
QUA QUA
OEK OEK
KJA KJA
WSF WSF
DZG DZG
IUT IUT
VKQ VKQ
KND KND
BFD BFD
TIB TIB
NMY NMY
GIG GIG
KXU KXU
STT STT
TFP TFP
OKD OKD
ZLI ZLI
RAI RAI
HOD HOD
VFE VFE
FPK FPK
DZD DZD
ZBM ZBM
BYF BYF
STN STN
DPP DPP
MBE MBE
NRV NRV
CMD CMD
UQJ UQJ
WRP WRP
IRG IRG
QFZ QFZ
EMJ EMJ
SJL SJL
TWC TWC
SCZ SCZ
BJT BJT
GJX GJX
LYL LYL
EMI EMI
WIF WIF
KHL KHL
PST PST
OJJ OJJ
XIG XIG
UWO UWO
IUL IUL
AKT AKT
POT POT
