zero two three four five six five twelve eleven ten nine eight fourteen eight fifteen twentyone twenty twentyone fifteen twentytwo twentythree twentyfour twentyfive twentysix thirtythree thirtyfour thirtyfive twentynine thirty thirtyseven thirtysix thirtyseven thirtyeight thirtynine thirtyeight fortyfive fortyfour fortyfive fortysix fortyseven fortyeight fiftyfive fiftysix fifty fiftyone fiftytwo fiftythree sixty sixtyone sixtytwo sixtythree fiftyseven fiftyeight sixtyfive sixtysix sixtyseven sixtyeight sixtynine seventy seventyseven seventyone seventyseven seventysix seventyfive eightytwo eightyone eighty seventynine seventyeight eightyfour eightythree eightytwo eightynine eightyeight eightyseven eightyeight ninetyfive eightyeight eightyone seventyfour sixtyseven sixty fiftythree fortysix thirtynine thirtytwo twentyfive eighteen eleven four zero
50
two two
three three
four four
five five
six six
ten ten
twelve twelve
fourteen fourteen
fifteen fifteen
twenty twenty
twentytwo twentytwo
twentyfour twentyfour
twentyfive twentyfive
twentynine twentynine
thirty thirty
thirtythree thirtythree
thirtyfour thirtyfour
thirtyfive thirtyfive
thirtysix thirtysix
thirtyseven thirtyseven
thirtynine thirtynine
fortyfour fortyfour
fortyfive fortyfive
fortyseven fortyseven
fortyeight fortyeight
fifty fifty
fiftyone fiftyone
fiftythree fiftythree
fiftyfive fiftyfive
fiftyseven fiftyseven
sixty sixty
sixtyone sixtyone
sixtytwo sixtytwo
sixtyfive sixtyfive
sixtysix sixtysix
sixtyseven sixtyseven
sixtyeight sixtyeight
seventy seventy
seventyone seventyone
seventyfive seventyfive
seventyseven seventyseven
seventyeight seventyeight
seventynine seventynine
eightyone eightyone
eightytwo eightytwo
eightyfour eightyfour
eightyseven eightyseven
eightyeight eightyeight
eightynine eightynine
ninetyfive ninetyfive
