Clearnesse Ironshore Westvale Marbleiron Freyview Morwald Foxhaven Courtwall Morwall Oakmere Dellwyn Butterbush Oldmoor Eriwall Courtcastle Esterfall Goldwyvern Buttermead Newby Ironriver Woodice Violetley Corbank Valhaven Foxvale Rosemill Clearnesse
25
Oldmoor Oldmoor
Woodice Woodice
Dellwyn Dellwyn
Freyview Freyview
Oakmere Oakmere
Eriwall Eriwall
Valhaven Valhaven
Newby Newby
Foxhaven Foxhaven
Morwall Morwall
Goldwyvern Goldwyvern
Corbank Corbank
Westvale Westvale
Morwald Morwald
Ironriver Ironriver
Violetley Violetley
Courtwall Courtwall
Ironshore Ironshore
Marbleiron Marbleiron
Buttermead Buttermead
Courtcastle Courtcastle
Butterbush Butterbush
Foxvale Foxvale
Esterfall Esterfall
Clearnesse Clearnesse
