FacultyClub Etcheverry HearstGym LawrenceofScience OBrien PacificFilmArchive BrainImagingCenter Library Pimentel BioscienceLibrary Morrison Unit3 Mulford MelvinLaboratory InternationalHouse CareerCenter EarthquakeLibrary ArtHistoryLibrary UniversityHouse Stephens SutardjaDai Cheit SproulPlaza MartinezCommons Durham Spieker Wheeler StowPlaza InternationalHouse Manville Hilgard OptometryLibrary DonnerLaboratory FacultyClub
23
FacultyClub FacultyClub
BioscienceLibrary BioscienceLibrary
SutardjaDai SutardjaDai
Etcheverry Etcheverry
SproulPlaza SproulPlaza
Hilgard Hilgard
BrainImagingCenter StudentUnion BrainImagingCenter
EarthquakeLibrary EarthquakeLibrary
UniversityHouse UniversityHouse FPF
LawrenceofScience LawrenceofScience
Pimentel Pimentel
Mulford Mulford
CareerCenter CareerCenter
HearstGym HearstGym
Durham Durham
OBrien OBrien
Library Library
Spieker Spieker
PacificFilmArchive PacificFilmArchive
Morrison Morrison
Wheeler Wheeler
Cheit Cheit
Manville Manville
