IIII1I1 I1I1111 II1I1Il IIIlI1l Il111l1 lIIIllI lII1lll 1IlII1I llI1IlI I1I111I IIlIlI1 IIII1I1 IIIllll llIIl1l 11lI11I l1IlIl1 1IIII1I lIlllll 11IIl1I 1IIlIIl Il1llIl IlllI11 lI1l1II IIlIIII IIIlI1l l1IlIII 11I1lll III1lII I1I111I IIllIl1 I1I1111 IIII1I1 lll1lII Il1llIl IlllI11 1lIIl11 II111I1 1lIIl11 1lI11l1 IIIllll IIII1ll IIII1I1
23
I1I111I I1I111I
lIlllll lIlllll
1lI11l1 1lI11l1 lI11l1l
l1IlIII l1IlIII
1IIlIIl 1IIlIIl
11I1lll 11I1lll
l1IlIl1 l1IlIl1
11IIl1I 11IIl1I
IIIllll 11I1Ill
lI1l1II lI1l1II
lll1lII I11IIlI lII1I11
IIllIl1 IIllIl1
11lI11I 11lI11I
IIII1ll IIII1ll
lIIIllI lIIIllI
1IlII1I 1IlII1I
I1I1111 I1I1111
II111I1 II111I1
IIlIIII IIlIIII
III1lII III1lII
IlllI11 IlllI11
II1I1Il II1I1Il
IIlIlI1 IIlIlI1
