Satish PTWCQ 4INC2D8SDN BBFYA9B PYD9SISJI NSBI ZY9VPYMXA KSHB2KG WZ1MC3189 ZRYV5F 9XFF BVNZ 92R432 PYD9SISJI Z6H98 OXWYDF PTL1QU R6VBAVZ0B ENMF 399VM5PU6 UVP4WIKK TAI8UPP VFRT26 YXBMACC 1BZLEM KRM4B Satish
22
VFRT26 VFRT26
1BZLEM 1BZLEM
ZRYV5F ZRYV5F
YXBMACC YXBMACC
ZY9VPYMXA PZMGYZL ZY9VPYMXA
BVNZ FS1RWBVR7
PTWCQ PTWCQ
PYD9SISJI PYD9SISJI
KRM4B KRM4B
WZ1MC3189 WZ1MC3189 ICTGXV
BBFYA9B BBFYA9B
R6VBAVZ0B R6VBAVZ0B
UVP4WIKK UVP4WIKK
OXWYDF OXWYDF
399VM5PU6 399VM5PU6
PTL1QU PTL1QU
Z6H98 Z6H98 ER2YSPML1C
9XFF 9XFF
4INC2D8SDN 4INC2D8SDN
92R432 92R432
KSHB2KG KSHB2KG
NSBI NSBI
