22 39 20 7 43 8 43 7 5 16 36 41 35 41 36 16 9 2 9 16 36 41 35 32 1 11 15 22 20 10 29 43 18 37 18 47 2 9 16 48 46 28 31 3 48 41 35 32 1 11 4 22 20 7 5 16 36 41 48 3 28 3 49 16 5 16 36 41 44 23 13 50 12 50 12 28 31 34 14 19 43 29 24 27 38 26 21 26 38 27 10 39 15 11 1 23 44 41 36 48 3 49 42 6 14 6 2 9 16 48 23 1 32 35 41 36 16 9 33 9 16 5 7 24 29 43 19 45 47 6 47 40 25 37 18 43 29 24 27 30 17 39 20 7 43 18 47 18 47 2 9 16 36 41 44 23 13 23 1 22
25
28 28
31 31
49 49
42 42
34 34
14 14
47 47
45 45
19 19
9 9
40 40
17 17
30 30
21 21
20 20
24 24
1 1
32 32
35 35
4 4
12 12
46 46
48 48
36 36
22 22
