awsq33VKPi6omYhDxD EEGmmDga 8AGaG4q0Iof9C EEGmmDga qaNF4 ed344Yt4h6KSl9M4437 qaNF4 EEGmmDga 8AGaG4q0Iof9C IAPW3R 8AGaG4q0Iof9C EEGmmDga XwqXZ5 10rY1cuVgs tH7nO948j59TD 62a8663U0b tH7nO948j59TD TBzN tH7nO948j59TD GqPS06 vWPW65z GqPS06 ed344Yt4h6KSl9M4437 MQoYo FXctIQn9v gE2u1BLhV0VP9W4K zvAc9Z2d7eDxV LgZ3kgV 5NI1AGh6XyxT39yE eh31Ty 5NI1AGh6XyxT39yE LgZ3kgV J 3l6XBJU8C1Vc5ugKIhUy Vg 3AZZS7ZlVKs4rRsl 3I3Et2jII8y Tgw4KRLY56280J0 J 3l6XBJU8C1Vc5ugKIhUy ERPMg4g6 3l6XBJU8C1Vc5ugKIhUy ed344Yt4h6KSl9M4437 MQoYo IU22L8 10rY1cuVgs XwqXZ5 fnMwNw1M6Naw a049zYG55Zn66Xbmpdp0 qaNF4 9NiO9NIt6mT qaNF4 EEGmmDga qaNF4 a049zYG55Zn66Xbmpdp0 3AZZS7ZlVKs4rRsl T930LVMZqWnRhtA 3AZZS7ZlVKs4rRsl Vg 5J 23LQ1uFKh nOiawiwD0EH865 8L8HD9 23LQ1uFKh 5J K8FRNDo9AOC85 owJxU5AByA1usDUB3gkv K8FRNDo9AOC85 23LQ1uFKh 8L8HD9 Tgw4KRLY56280J0 o2TJY8U gE2u1BLhV0VP9W4K FXctIQn9v J 3l6XBJU8C1Vc5ugKIhUy GqPS06 tH7nO948j59TD zvAc9Z2d7eDxV T930LVMZqWnRhtA bIXpEU56v5EwRurYx t4g038uD0J7N2MjjK 4o eh31Ty 5NI1AGh6XyxT39yE LgZ3kgV a049zYG55Zn66Xbmpdp0 qaNF4 EEGmmDga XwqXZ5 10rY1cuVgs e2CQ 9JJWGryKp1iJ5JrjK3 Vg 3AZZS7ZlVKs4rRsl T930LVMZqWnRhtA bIXpEU56v5EwRurYx t4g038uD0J7N2MjjK 4o b88Y9j2qm7Ik9Uc1Akg B6zwxFUTXP7207OU GqPS06 qaNF4 EEGmmDga awsq33VKPi6omYhDxD
25
T930LVMZqWnRhtA T930LVMZqWnRhtA
bIXpEU56v5EwRurYx bIXpEU56v5EwRurYx
zvAc9Z2d7eDxV zvAc9Z2d7eDxV
3AZZS7ZlVKs4rRsl 3AZZS7ZlVKs4rRsl
Tgw4KRLY56280J0 Tgw4KRLY56280J0
awsq33VKPi6omYhDxD awsq33VKPi6omYhDxD
o2TJY8U o2TJY8U
e2CQ e2CQ
5NI1AGh6XyxT39yE 5NI1AGh6XyxT39yE
t4g038uD0J7N2MjjK t4g038uD0J7N2MjjK
a049zYG55Zn66Xbmpdp0 a049zYG55Zn66Xbmpdp0
fnMwNw1M6Naw fnMwNw1M6Naw
23LQ1uFKh l
3l6XBJU8C1Vc5ugKIhUy 3l6XBJU8C1Vc5ugKIhUy
B6zwxFUTXP7207OU B6zwxFUTXP7207OU
owJxU5AByA1usDUB3gkv owJxU5AByA1usDUB3gkv
IU22L8 IU22L8
tH7nO948j59TD tH7nO948j59TD
gE2u1BLhV0VP9W4K gE2u1BLhV0VP9W4K
9NiO9NIt6mT 9NiO9NIt6mT
4o 4o
J J
10rY1cuVgs 10rY1cuVgs
b88Y9j2qm7Ik9Uc1Akg b88Y9j2qm7Ik9Uc1Akg
qaNF4 qaNF4
