gucdicwxmb epdwcjuvdr vugkhjygfe qzdrdcxoib wtyqwjwskq qzdrdcxoib vugkhjygfe vkrlpmybdj zpjhxyylhb koawdpgqdx unihwwnyqz smwxdupkdv xawkqmfmmx smwxdupkdv ouxenssqdu rnpokwoqgt zpjhxyylhb vkrlpmybdj zpjhxyylhb koawdpgqdx aokbiptbzc tvuprbwofb lbuiysostx lkvobxyfca lbuiysostx eysfgfavho wtyqwjwskq qzdrdcxoib vugkhjygfe epdwcjuvdr vugkhjygfe qzdrdcxoib oggftsricu yiwwdwbzth oggftsricu qzdrdcxoib vugkhjygfe qzdrdcxoib wtyqwjwskq gwnccktgki seeyrseflx gjmmikaxih zpjhxyylhb rnpokwoqgt jqtguzxxsl evdoyagqfp gkcfktyute zjbarjhmau gkcfktyute tgbmxdmvwe xtvbrolacp psiebvskfb aokbiptbzc tvuprbwofb lbuiysostx eysfgfavho wtyqwjwskq qzdrdcxoib vugkhjygfe vkrlpmybdj zpjhxyylhb vkrlpmybdj vugkhjygfe epdwcjuvdr gucdicwxmb
18
rnpokwoqgt rnpokwoqgt iwdghbmiai
vugkhjygfe ahqdrcepub vugkhjygfe
xawkqmfmmx xawkqmfmmx
lkvobxyfca lkvobxyfca
psiebvskfb psiebvskfb zumetrybth
vkrlpmybdj vkrlpmybdj
yiwwdwbzth yiwwdwbzth
zjbarjhmau zjbarjhmau
seeyrseflx seeyrseflx
gwnccktgki ztplgyvqhm
oggftsricu oggftsricu
tvuprbwofb tvuprbwofb
gkcfktyute gkcfktyute
zpjhxyylhb zpjhxyylhb
koawdpgqdx koawdpgqdx
evdoyagqfp evdoyagqfp
wtyqwjwskq wtyqwjwskq
epdwcjuvdr epdwcjuvdr
