exothermic namesake McCall Irvin felony Dominican yogurt Dominican felony Irvin shovel Tucson Bernini amateur swordfish wafer swordfish trill combine Iowa coarse tate schedule extrovert sacrifice Sicilian Halstead decor Irvin FPC yogurt lordosis exothermic felony Irvin namesake Bernini combine Injun Curtis McCall Andersen Bleeker midget swordfish exothermic
25
Andersen Andersen
Bernini Bernini
Curtis Curtis
FPC FPC
Halstead Halstead
Injun Injun
Iowa Iowa
Irvin Irvin
McCall McCall
Tucson Tucson
amateur amateur
coarse coarse
combine combine
decor decor
extrovert extrovert
felony felony
lordosis lordosis
midget midget
namesake namesake
sacrifice sacrifice
shovel shovel
swordfish swordfish
trill trill
wafer wafer
yogurt yogurt
