birthday fearless absorb nimble use tent worship unused spread knot differ selfish spill volleyball angry attack impend separate imitate separate impend attack angry volleyball spill selfish differ knot spread unused worship tent use nimble use tent worship unused spread knot differ selfish spill volleyball angry attack impend separate imitate scientific teeny bang joke bang teeny scientific imitate separate impend attack angry volleyball spill selfish differ knot spread unused worship tent use nimble absorb fearless absorb nimble use tent worship unused spread knot differ selfish spill volleyball angry attack impend separate impend attack angry volleyball spill selfish differ knot spread unused worship tent worship unused spread knot differ selfish spill volleyball angry attack impend separate imitate scientific teeny bang teeny scientific imitate separate impend attack angry volleyball spill selfish differ knot spread unused worship tent use tent worship unused spread knot differ selfish spill volleyball angry attack impend separate imitate scientific imitate separate impend attack angry volleyball spill selfish differ knot spread unused worship tent use nimble absorb fearless birthday
23
birthday birthday
fearless fearless
absorb absorb
nimble nimble
use use
tent tent
worship worship
unused unused
spread spread
knot knot
differ differ
selfish selfish
spill spill
volleyball volleyball
angry angry
attack attack
impend impend
separate separate
imitate imitate
scientific scientific
teeny teeny
bang bang
joke joke compete airplane
