3xgrfvks fcxnizqrra b9zxvj22sc ff6i898nw 1huq1df 5ed169a5jrt 45bp6qh d8hwo5pi i3la5wvv4 nbvknr lrleda m5uyvxo2h d5podyx2rn1o okbjywtq4zz9 ho87zq94a914a okbjywtq4zz9 uqc3avv5 okbjywtq4zz9 nbvknr okbjywtq4zz9 dooatf4 fy2tqruz33b6 ifmqwyt6x it92vprqk ual3asit ou2rf1qhh 8evxiqgcp69n d3y7jq 4418l7vdyv bt3xcgwcd6c kr5jy4uyjt t42r85mht8ru pxtk2 4l424khddum d8hwo5pi it92vprqk lrleda ag29aqlop b9zxvj22sc 4418l7vdyv 4a7789n lrleda bt3xcgwcd6c 3xgrfvks
23
m5uyvxo2h m5uyvxo2h
pxtk2 pxtk2
ho87zq94a914a ho87zq94a914a
8evxiqgcp69n 8evxiqgcp69n
1huq1df 1huq1df
i3la5wvv4 i3la5wvv4
lrleda lrleda
nbvknr nbvknr
kr5jy4uyjt kr5jy4uyjt
4l424khddum 4l424khddum
bt3xcgwcd6c bt3xcgwcd6c
d3y7jq d3y7jq
ifmqwyt6x ifmqwyt6x
5ed169a5jrt 5ed169a5jrt
45bp6qh 45bp6qh
uqc3avv5 uqc3avv5
ag29aqlop ag29aqlop
it92vprqk it92vprqk
dooatf4 dooatf4
d5podyx2rn1o d5podyx2rn1o
b9zxvj22sc b9zxvj22sc
ual3asit ual3asit
4418l7vdyv 4418l7vdyv
