ZfI6StUliqd8YxBr0zVp Z6746tUNXH05XsKVq5bc sxZzRXnVfKw2KrspKPg1 Z6746tUNXH05XsKVq5bc 4gVQx4yn8gZ0TQBRafbQ Z6746tUNXH05XsKVq5bc sxZzRXnVfKw2KrspKPg1 Z38PT2VWeDoNiuh4rc0v Af4sQnaDf5G2yrOfmk45 QBaUzVWA62rnfcsnEShZ Af4sQnaDf5G2yrOfmk45 RnnCc8OgQLqPe5HvvbS3 zFahEplFbW4f2V6jQTmi StkHQE53VtJb6hSwpApg uPH8PqQ15A2srqN6AFNi WEpQsV1SPLNjRDFxWGJw MraBcGvDEL68zyTsBDgx cC9SZGtAtirSBnbvLWzt ufkSgxNAeRAXQFn3w6eB oeCop1Abe4Jnm8NehklA YzWX8RqUW0YPFsebUKYP a5U0eplwXr4BNJCc524G oeCop1Abe4Jnm8NehklA 35F0RBMuajlA1MclJpfz zs8puphf0SbuOBS6XpM9 ip0vmcqzxYgrY2Mc3Bu9 Fa64KRccvM4rqOgxBKtu cQGIpn2T5vI9Au4mrGii Fa64KRccvM4rqOgxBKtu ip0vmcqzxYgrY2Mc3Bu9 UoiNiYnewh16WNDFqvYW StkHQE53VtJb6hSwpApg DAvuGg8yBm9dlM56DKBP 4yYsNk20bqSMlyASIn37 zs8puphf0SbuOBS6XpM9 Hxhi6IYOb3B8uxHbGYVt mMagcNSN7U8s7oy3e0j4 oeCop1Abe4Jnm8NehklA Af4sQnaDf5G2yrOfmk45 QUmdpeJNwq8Od3rclrVL PliCEYTca2VSVL723rNz B9cGlC4TxkeYqPQ0m71O PliCEYTca2VSVL723rNz Z6746tUNXH05XsKVq5bc SI1jqone3x4IZwZ6qVW6 98jc4TOf5CFD5ooRLXKs Fa64KRccvM4rqOgxBKtu QGzcn6XPemZ0IhmCJCmq SI1jqone3x4IZwZ6qVW6 ZBTm8fkarNXg3vLUAnt8 SI1jqone3x4IZwZ6qVW6 QGzcn6XPemZ0IhmCJCmq 5JVto9dbOz4Lu3AeAOZD uYmver98TgwbkIsM8XgU gX6xMy6pWnenI68kwgcu gj1PIUxoUprs5rKMLNpv oeCop1Abe4Jnm8NehklA mMagcNSN7U8s7oy3e0j4 Z38PT2VWeDoNiuh4rc0v sxZzRXnVfKw2KrspKPg1 Z6746tUNXH05XsKVq5bc 5JVto9dbOz4Lu3AeAOZD Z6746tUNXH05XsKVq5bc Uyd9f29pyEdBbjOVo8bB Z6746tUNXH05XsKVq5bc BFat56YSkekx77JCOMI4 gj1PIUxoUprs5rKMLNpv 9Hcyk2NqhBwOpTXRywvA ZfI6StUliqd8YxBr0zVp
24
uYmver98TgwbkIsM8XgU uYmver98TgwbkIsM8XgU
WEpQsV1SPLNjRDFxWGJw WEpQsV1SPLNjRDFxWGJw
Z6746tUNXH05XsKVq5bc Z6746tUNXH05XsKVq5bc
QGzcn6XPemZ0IhmCJCmq QGzcn6XPemZ0IhmCJCmq
YzWX8RqUW0YPFsebUKYP YzWX8RqUW0YPFsebUKYP
BFat56YSkekx77JCOMI4 BFat56YSkekx77JCOMI4
Fa64KRccvM4rqOgxBKtu Fa64KRccvM4rqOgxBKtu
Hxhi6IYOb3B8uxHbGYVt Hxhi6IYOb3B8uxHbGYVt
ZBTm8fkarNXg3vLUAnt8 gGXF4imn3IOLlYGD81XA ZBTm8fkarNXg3vLUAnt8
cC9SZGtAtirSBnbvLWzt cC9SZGtAtirSBnbvLWzt
SI1jqone3x4IZwZ6qVW6 SI1jqone3x4IZwZ6qVW6
gj1PIUxoUprs5rKMLNpv gj1PIUxoUprs5rKMLNpv
Af4sQnaDf5G2yrOfmk45 Af4sQnaDf5G2yrOfmk45
5JVto9dbOz4Lu3AeAOZD 5JVto9dbOz4Lu3AeAOZD
QBaUzVWA62rnfcsnEShZ QBaUzVWA62rnfcsnEShZ
98jc4TOf5CFD5ooRLXKs 98jc4TOf5CFD5ooRLXKs
UoiNiYnewh16WNDFqvYW UoiNiYnewh16WNDFqvYW
ip0vmcqzxYgrY2Mc3Bu9 ip0vmcqzxYgrY2Mc3Bu9
RnnCc8OgQLqPe5HvvbS3 RnnCc8OgQLqPe5HvvbS3
zs8puphf0SbuOBS6XpM9 zs8puphf0SbuOBS6XpM9
ZfI6StUliqd8YxBr0zVp ZfI6StUliqd8YxBr0zVp
QUmdpeJNwq8Od3rclrVL QUmdpeJNwq8Od3rclrVL
mMagcNSN7U8s7oy3e0j4 mMagcNSN7U8s7oy3e0j4
gX6xMy6pWnenI68kwgcu gX6xMy6pWnenI68kwgcu
