Jacksonville Milwaukee Austin Omaha Austin Milwaukee Tulsa Milwaukee Austin Milwaukee Jacksonville Atlanta Louisville Atlanta SanFrancisco Atlanta Jacksonville Milwaukee Tucson Columbus Tucson Milwaukee Tulsa Minneapolis Chicago Minneapolis Jacksonville Atlanta Fresno Dallas Tampa Baltimore OklahomaCity Arlington Portland Seattle Mesa Detroit Tulsa ColoradoSprings Houston Philadelphia Oakland Phoenix OklahomaCity Phoenix Oakland Philadelphia Houston Philadelphia Oakland Albuquerque Oakland Philadelphia Houston ColoradoSprings VirginiaBeach ColoradoSprings Houston Philadelphia Oakland Miami SanAntonio Miami Oakland LongBeach LasVegas Charlotte Miami SanAntonio Boston SanAntonio Miami Charlotte SanFrancisco Nashville ElPaso LosAngeles Indianapolis SanJose FortWorth SanJose Indianapolis SanJose Baltimore LongBeach Omaha Austin Raleigh Austin Milwaukee Tulsa Detroit Tulsa Milwaukee Jacksonville
25
Philadelphia Philadelphia
LasVegas LasVegas
FortWorth FortWorth
Portland Portland
Raleigh Memphis
Tulsa Tulsa
Fresno Fresno
SanFrancisco SanFrancisco
Columbus Columbus
Atlanta Atlanta
Seattle Seattle
SanJose SanJose
Phoenix Phoenix
ElPaso ElPaso
Tucson Tucson
LongBeach LongBeach
VirginiaBeach VirginiaBeach
Albuquerque Albuquerque
Indianapolis Indianapolis
Austin Austin
Minneapolis Minneapolis
Jacksonville Jacksonville
Louisville Louisville
Boston Boston
LosAngeles LosAngeles
