tepsteinfdkilldlmhns hdkillfmtslndepstein killepsteintdldshfnm dtepsteindnhmskillfl dnhdskillepsteinmltf hepsteinnfstkilllmdd tskillepsteinhfmddnl thsfnmkilldlepsteind hldmepsteindsnkilltf nmhdkilltslepsteinfd hldmepsteindsnkilltf tmhsnfepsteinldkilld hdepsteinsmdtnflkill mfskillnhlddtepstein fnlskillhtepsteindmd thsfnmkilldlepsteind htskillepsteindnlfdm slepsteinftndkillmdh htskillepsteindnlfdm sltkillfndepsteinmhd ndlmhepsteintdskillf tmhsnfepsteinldkilld fhntdkillmepsteinsld lepsteinfdkillsdnmht dhlepsteindkillsmtnf killepsteintdldshfnm nlhtdsdepsteinfmkill killepsteintdldshfnm nkillsdtdhfmlepstein epsteinthsdmndkillfl nkillsdtdhfmlepstein nfdhepsteinltsdmkill killepsteintdldshfnm thsfnmkilldlepsteind ndlepsteinhdtskillfm thsfnmkilldlepsteind ndlepsteinhdtskillfm ldnmepsteinhfstdkill skilldnmlhdftepstein ldnmepsteinhfstdkill hfskillnepsteinldtdm killnfhdsdltepsteinm dhlepsteindkillsmtnf lepsteinfdkillsdnmht dhlepsteindkillsmtnf snldmtkillfepsteindh msnepsteinfkillhtdld smldnkilldepsteinfht dfnlmskillthepsteind smldnkilldepsteinfht msnepsteinfkillhtdld hkillmepsteinstdfdnl dmfndhstkillepsteinl hldmepsteindsnkilltf fnmhskilldepsteinltd msnepsteinfkillhtdld epsteinsdfmhltkillnd slepsteinftndkillmdh thmepsteinlkillfsndd killepsteintdldshfnm tepsteinfdkilldlmhns
25
nkillsdtdhfmlepstein nkillsdtdhfmlepstein
skilldnmlhdftepstein skilldnmlhdftepstein
killepsteintdldshfnm killepsteintdldshfnm
htskillepsteindnlfdm htskillepsteindnlfdm
nlhtdsdepsteinfmkill nlhtdsdepsteinfmkill
thmepsteinlkillfsndd thmepsteinlkillfsndd
fnmhskilldepsteinltd fnmhskilldepsteinltd
hldmepsteindsnkilltf hldmepsteindsnkilltf
snldmtkillfepsteindh snldmtkillfepsteindh
mfskillnhlddtepstein epsteindsmnlfdtkillh
ndlmhepsteintdskillf ndlmhepsteintdskillf
epsteinthsdmndkillfl epsteinthsdmndkillfl
lepsteinfdkillsdnmht lepsteinfdkillsdnmht
fnlskillhtepsteindmd fnlskillhtepsteindmd
nfdhepsteinltsdmkill nfdhepsteinltsdmkill
hepsteinnfstkilllmdd hepsteinnfstkilllmdd
killnfhdsdltepsteinm killnfhdsdltepsteinm
hkillmepsteinstdfdnl hkillmepsteinstdfdnl
ndlepsteinhdtskillfm ndlepsteinhdtskillfm
epsteinsdfmhltkillnd epsteinsdfmhltkillnd
tskillepsteinhfmddnl tskillepsteinhfmddnl
hdepsteinsmdtnflkill hdepsteinsmdtnflkill
msnepsteinfkillhtdld msnepsteinfkillhtdld
dhlepsteindkillsmtnf dhlepsteindkillsmtnf
tmhsnfepsteinldkilld tmhsnfepsteinldkilld
