BatonRouge Birmingham Brownsville Burbank Bradenton Amarillo BonitaSprings Bethlehem Albany Augusta Berkeley Atlanta Boston Bryan AnnArbor BoiseCity Bellevue Buffalo AtlanticCity Atlanta Baltimore Barnstable Baltimore Arvada Billings AnnArbor Boulder Abilene Aberdeen Beaumont Albuquerque Augusta Aurora Appleton Allentown Bellevue BatonRouge
24
Aberdeen Aberdeen
Abilene Abilene
Albany Albany
Albuquerque Albuquerque
Amarillo Amarillo
Bellevue Anchorage
AnnArbor AnnArbor
Arvada Arvada
Atlanta Atlanta
AtlanticCity AtlanticCity
Aurora Aurora
Barnstable Barnstable
BatonRouge BatonRouge
Beaumont Beaumont
Berkeley Berkeley
Bethlehem Bethlehem
Birmingham Birmingham
BoiseCity BoiseCity
Boston Boston
Boulder Boulder
Bradenton Bradenton Cambridge
Bryan Bryan
Buffalo Buffalo
Burbank Burbank
