O2XJ9 SZKKG HMYFI SXCXT KU8EX 2WIJP PN6N5 KKZKB QQ4SP 45DYM TH1G8 OLSL2 DQTJ3 RQZSX 8D0H4 IY314 1P1UA 49CGM EI5ZM SKA5V OLSL2 MXST9 MXX55 S1W7I NV2VY FOXDK PGY5W YGEXQ 0JUN2 TC4MB N6XF7 C821A T5W7D KPNHM GNMDA YGEXQ KU8EX Z6GW2 JXXUO XOPIR ZCU97 DYG9M MXX55 TH1G8 O2XJ9
25
SZKKG SZKKG
KPNHM KPNHM
S1W7I S1W7I
8D0H4 8D0H4
IY314 IY314
NV2VY NV2VY
DYG9M DYG9M
SXCXT SXCXT
SKA5V SKA5V
GNMDA GNMDA
JXXUO JXXUO
T5W7D T5W7D
49CGM 49CGM
TC4MB TC4MB
Z6GW2 Z6GW2
N6XF7 N6XF7
ZCU97 ZCU97
EI5ZM EI5ZM
MXST9 MXST9
MXX55 MXX55
1P1UA 1P1UA
FOXDK FOXDK
YGEXQ YGEXQ
XOPIR XOPIR
0JUN2 0JUN2
