E5QfM 3rGcS i0LV1 UAJ0O kK9KO lGTR3 VzbsN lGTR3 wJ1Uh eo9RR PqcOh GLYoA beqJL JumrS lGTR3 jGP1H lGTR3 Ln4EG nRWIs 05SJr hWCGd KtuGJ RDCRd GLYoA lPMDV lGTR3 bgK6r lGTR3 sBCEV nRWIs f1Y6z nRWIs 4HmGm 76Tmp 4HmGm uUlBE 8TDB7 4HmGm E5QfM
25
uUlBE uUlBE
eo9RR eo9RR
beqJL beqJL
GLYoA GLYoA
8TDB7 8TDB7
kK9KO kK9KO
i0LV1 i0LV1
lPMDV lPMDV
bgK6r bgK6r
sBCEV sBCEV
lGTR3 lGTR3
VzbsN VzbsN
nRWIs nRWIs
Ln4EG Ln4EG
4HmGm 4HmGm
KtuGJ KtuGJ
76Tmp 76Tmp
05SJr 05SJr
UAJ0O UAJ0O
wJ1Uh wJ1Uh
jGP1H jGP1H
PqcOh PqcOh
hWCGd hWCGd
f1Y6z f1Y6z
3rGcS 3rGcS
