Donner Haas Iowa Gilman Foothill Gayley Ishi Minnesota Topeka Life Providence Phoenix North Helena Illinois Old Wurster Recreational Tallahassee Cyclotron Donner
20
Old Old
North North Optometry McCone
Topeka Topeka
Foothill Foothill
Haas Haas
Cyclotron Cyclotron Juneau
Helena Helena Santa
Providence Providence
Life Life
Minnesota Minnesota
Iowa Iowa
Ishi Ishi
Illinois Illinois
Phoenix Phoenix
Gilman Gilman
Gayley Gayley
Recreational Recreational
Wurster Wurster Haste
Donner Donner
Tallahassee Tallahassee
