BukitBatokEast KakiBukit SwissClub Frankel Tengeh CompassvaleTrafalgar LeonieHill JooKoon TanjongPagar Frankel Tengeh LowerSeletar Safti Tengeh Frankel CityHall Gombak Redhill PearlsHill SimpangNorth RiverValley Redhill RobertsonQuay Sudong GaliBatuMandai Bayshore ChoaChuKang GhimMoh Tengah GhimMoh Tengah SungeiRoad Simei CityHall Simei KakiBukit Sembawang NeeSoon AirportRoad Tyersall Hillcrest Bendemeer PulauPunggolTimor DowntownCore TiongBahruStation Tengeh Frankel SwissClub KakiBukit BukitBatokEast
25
Frankel Frankel
SungeiRoad SungeiRoad
Simei Simei
Redhill Redhill
GaliBatuMandai GaliBatuMandai
Tengeh Tengeh
RiverValley RiverValley
SimpangNorth SimpangNorth
NeeSoon NeeSoon
JooKoon JooKoon
DowntownCore DowntownCore
SwissClub SwissClub
ChoaChuKang ChoaChuKang
GhimMoh GhimMoh
Hillcrest Hillcrest
LowerSeletar LowerSeletar
LeonieHill LeonieHill
Sudong Sudong
PearlsHill PearlsHill
Safti Safti
TanjongPagar TanjongPagar
Tyersall Tyersall
TiongBahruStation TiongBahruStation
CityHall CityHall
Sembawang Sembawang
