Latias Magearna Petilil Relicanth Staryu Shelgon Primeape Reshiram Exeggutor Elgyem Keldeo Palkia Dartrix Toxicroak Raticate Unown Talonflame Jigglypuff Vibrava Wurmple Bounsweet Luvdisc Noivern Infernape Aggron Latias
22
Raticate Raticate
Talonflame Talonflame
Petilil Petilil
Shelgon Shelgon
Vibrava Charmeleon Golisopod Vibrava
Wurmple Wurmple
Jigglypuff Jigglypuff
Toxicroak Toxicroak
Primeape Primeape
Infernape Infernape Scolipede
Magearna Magearna
Dartrix Dartrix
Staryu Staryu
Elgyem Elgyem
Noivern Noivern
Keldeo Keldeo
Exeggutor Exeggutor
Reshiram Reshiram
Luvdisc Luvdisc
Palkia Palkia
Bounsweet Bounsweet
Relicanth Relicanth
