Burlington Frederick Lewisville Elkhart Costa Buffalo Corona Arlington ElMonte Arlington Nashville Brighton Burlington Barnstable Chicago Louisville Chicago Huntsville Cedar Buffalo Cambridge Downey Brighton Nashville Cambridge Independence Naperville Honolulu Harlingen Davenport Fayetteville Aribel Fayetteville Myrtle Greenville Apple Plen Hampton McAllen Merced Denver Hayward Amarillo Prairie Frederick Chattanooga Rapids Miramar Clarke Columbus Bridgeport Killeen Bradenton Amarillo Hayward Cedar Julian Burlington
25
Buffalo Buffalo
Denver Denver
Naperville Naperville
Amarillo Amarillo
Myrtle Myrtle
Chicago Chicago
Merced Merced
Columbus Columbus
Honolulu Honolulu
Davenport Davenport
McAllen McAllen
Killeen Killeen
Prairie Prairie
Bridgeport Bridgeport
Chattanooga Chattanooga
Rapids Rapids
Hayward Hayward
Clarke Clarke
Miramar Miramar
Cedar Cedar
Cambridge Cambridge
Louisville Louisville
Independence Independence
Hampton Hampton
Greenville Greenville
