LegendsAquaticCenter DurantHall GolbousPlace ValleyLifeSciencesBu MemorialGlade EucalyptusGrove LewisHall CITRIS NorthGateHall SodaHall LeConteHall LevineFrickeSoftball GoldmanField EllsworthParkingStru StarrEastAsianLibrar NorthField LawSchool SoutheastAsianStudie LegendsAquaticCenter InvestigativeReporti SatherTower LegendsAquaticCenter
20
LegendsAquaticCenter LegendsAquaticCenter
LeConteHall LeConteHall
GoldmanField GoldmanField
StarrEastAsianLibrar StarrEastAsianLibrar
CITRIS CITRIS
ValleyLifeSciencesBu ValleyLifeSciencesBu
SoutheastAsianStudie SoutheastAsianStudie
EllsworthParkingStru EllsworthParkingStru
SatherTower SatherTower
EucalyptusGrove EucalyptusGrove
SodaHall SodaHall
NorthField NorthField
LewisHall LewisHall
DurantHall DurantHall
InvestigativeReporti InvestigativeReporti
NorthGateHall NorthGateHall
MemorialGlade MemorialGlade
GolbousPlace GolbousPlace
LevineFrickeSoftball LevineFrickeSoftball
LawSchool LawSchool
