Zeus Sona Zeus Blitzcrank Jax EmberSpirit TreantProtector Lycan Olaf Nocturne Axe Renekton Leshrac Enchantress Slardar Tidehunter Dazzle Timbersaw Kled Syndra Twitch Lulu Bloodseeker Shen ElderTitan Xayah Lulu Braum Sven Zeus
20
EmberSpirit EmberSpirit
Leshrac Leshrac
Slardar Slardar
Dazzle Dazzle
TreantProtector TreantProtector
Braum Braum
Zeus Zeus
Bloodseeker Bloodseeker
Sven Sven
Renekton Renekton
Axe Axe
ElderTitan ElderTitan
Nocturne Nocturne
Twitch Twitch
Syndra Syndra
Lycan Lycan
Blitzcrank Blitzcrank
Xayah Xayah
Lulu Lulu
Shen Shen
