Liam Benjamin Liam Jaxon James Jaxon Matthew Elijah William Grayson Oliver Carter William Alexander Samuel Michael Carter William Mason Noah Joseph Jacob Charles Owen Wyatt Owen Andrew Lucas Jackson Lucas Julian Luke Julian Ethan Julian Samuel James Jaxon Logan Noah Joseph Noah Mason Samuel Liam
21
Liam Liam
Noah Noah
William William
James James
Logan Logan
Benjamin Benjamin
Mason Mason
Elijah Elijah
Oliver Oliver
Jacob Jacob
Lucas Lucas
Michael Michael
Alexander Alexander Henry
Ethan Ethan
Wyatt Daniel Wyatt
Matthew Matthew
Jaxon Aiden Sebastian David
Joseph Joseph
Jackson Jackson
Samuel Samuel
Carter Carter
