zero seven fourteen twentyone twentyeight thirtyfive twentynine twentytwo fifteen twentyone fourteen seven zero three ten seventeen twentyfour thirtyone thirtytwo thirtynine thirtyeight thirtyseven thirtysix fortytwo fortyone thirtyfour twentyseven twenty thirteen six zero three zero six thirteen twenty thirteen six five twelve five twelve nineteen twenty thirteen twelve nineteen twentysix thirtythree forty fortyone thirtyfour thirtyfive twentynine thirty twentythree sixteen nine sixteen seventeen eighteen twentyfive eighteen eleven ten seventeen twentyfour thirtyone thirtyeight thirtynine thirtytwo twentyfive eighteen eleven four zero
24
three three
five five
six six
seven seven
nine nine
eleven eleven
twelve twelve
thirteen thirteen
fourteen fourteen
fifteen fifteen
sixteen sixteen
eighteen eighteen
nineteen nineteen
twenty twenty
twentyfive twentyfive
thirtyone thirtyone
thirtytwo thirtytwo
thirtyfour thirtyfour
thirtyfive thirtyfive
thirtyseven thirtyseven
thirtyeight thirtyeight fortyfive
forty forty
fortytwo fortytwo
thirtynine fortysix
