paint wooden stink blade rake ambiguous learning determine fling route ray measure floor thumb floor diligent puny finish sick slam inherit nutty indicate resonant complain ice imported desire glamorous same fetch paint
25
ambiguous ambiguous
rake rake
blade blade
inherit inherit
paint paint
desire desire
nutty nutty
ice ice
floor floor
thumb thumb
finish finish
measure measure
indicate indicate
ray ray
diligent diligent
same same
determine determine
glamorous glamorous
slam slam
route route
imported imported
complain complain
learning learning
stink stink
wooden wooden
