7FD578 9A65B7 CE97C4 C3030C 7EA726 283373 ED0989 17BEF0 138F30 17BEF0 62DE79 283373 877D0E CE97C4 1BD5F4 2E60FC 2FBF68 3E0BDD 283373 853F1A 1176C9 981760 FF39A5 2FBF68 C3030C 7B7BDE 57CBDE C03738 62DE79 2A2C8A 342A3C 61D740 342A3C 4BCD0B F4C859 4BCD0B 57CBDE 853F1A 01684B 1EE680 01684B 853F1A 1176C9 E27C41 719360 AA2C70 8633C5 9F01C8 8633C5 ED0989 6CAF19 ED0989 7CDA20 6C7BF0 F94356 9A65B7 AA2C70 66B94B EEEA40 C03738 719360 981760 B40756 981760 62DE79 17BEF0 859C0E 01684B 4BCD0B 57CBDE 9B7F16 2A2C8A 01684B 853F1A 7EA726 E5D023 2C376F E5D023 19E454 719360 19E454 853F1A 7FD578
25
01684B 01684B
6CAF19 6CAF19
E27C41 E27C41
7B7BDE 7B7BDE
B40756 B40756
F4C859 F4C859
F94356 A085DD
981760 981760
E5D023 E5D023
9B7F16 9B7F16
1BD5F4 1BD5F4
3E0BDD 3E0BDD
1EE680 1EE680
7FD578 1AC5CE
6C7BF0 6C7BF0
1176C9 1176C9
2C376F 2C376F
859C0E 859C0E
61D740 61D740
FF39A5 FF39A5
9F01C8 9F01C8
877D0E 877D0E
2E60FC 2E60FC
66B94B 66B94B
EEEA40 EEEA40
