context soil ability recognition soup teaching aspect departure price care attempt indication teaching study force wood construction while construction bread farmer disaster interaction fat store bit wood currency satisfaction reality fat thanks state thanks bedroom road part anxiety construction car context
25
care care
context context
while while
currency currency
reality reality
bedroom bedroom
wood wood
bit bit
ability ability
interaction interaction
farmer farmer
construction construction
teaching teaching
soil soil
state state
satisfaction satisfaction
store store
attempt attempt
departure departure
fat fat
thanks thanks
bread bread
anxiety anxiety
aspect aspect
road road
