7FWNmYu1sEzp7YpjhNM0 5yzYewNOjD4D1V8ZP8q1 W2denTwXnWz4qrXL3aFw 9l9bqgsSEgsSkszLK4O4 A9DFzQyemv4Vrp2lXMgz uKBUiyynqpfTFP93OJ0w LEf0huj6HzVDaAZAnsYH nAg8OEdqlYhSIX9nv2SQ scUa5QdkUC7khfk1TYEx lDAnOMVYOYXzMCtINEX8 Hp324dioHwKLfiZ19twT lSssYFAkHCaiCgsVnBjZ AzIG5crlJuxKgwAi8EiY ZPdVSQmUt7J8A3Rehp7D goJftIzc5FBlw9j9PMfL g2g8WLVxe9HOQYy10Bok RIFDgOYLizqUpmzvNX0Y B46pe0ii1rn1dcGCmje6 6uJmr1C0tkMcbasOZ8YR PyIlH9YicODghA6KwJUV IcKzxr7CcACAPE40T0L0 CdlE2FMHtE23wbpleKPr qUHIoJ8btUij9h8nDU8R vEWyy5AExfLu7sWP92aZ kgMLDXb5R3ORIfTilNFP 7FWNmYu1sEzp7YpjhNM0
23
lSssYFAkHCaiCgsVnBjZ pPWJrH430fABR0NcoPKV
6uJmr1C0tkMcbasOZ8YR 6uJmr1C0tkMcbasOZ8YR
goJftIzc5FBlw9j9PMfL goJftIzc5FBlw9j9PMfL
IcKzxr7CcACAPE40T0L0 IcKzxr7CcACAPE40T0L0 6uYVEZNStGwGBaOTSZJ3
Hp324dioHwKLfiZ19twT Hp324dioHwKLfiZ19twT
A9DFzQyemv4Vrp2lXMgz A9DFzQyemv4Vrp2lXMgz
RIFDgOYLizqUpmzvNX0Y RIFDgOYLizqUpmzvNX0Y
nAg8OEdqlYhSIX9nv2SQ nAg8OEdqlYhSIX9nv2SQ
ZPdVSQmUt7J8A3Rehp7D ZPdVSQmUt7J8A3Rehp7D
kgMLDXb5R3ORIfTilNFP kgMLDXb5R3ORIfTilNFP
B46pe0ii1rn1dcGCmje6 1foAom0YUla8ad6rygWf B46pe0ii1rn1dcGCmje6
9l9bqgsSEgsSkszLK4O4 9l9bqgsSEgsSkszLK4O4
qUHIoJ8btUij9h8nDU8R qUHIoJ8btUij9h8nDU8R
scUa5QdkUC7khfk1TYEx scUa5QdkUC7khfk1TYEx
CdlE2FMHtE23wbpleKPr CdlE2FMHtE23wbpleKPr
lDAnOMVYOYXzMCtINEX8 lDAnOMVYOYXzMCtINEX8
5yzYewNOjD4D1V8ZP8q1 5yzYewNOjD4D1V8ZP8q1
PyIlH9YicODghA6KwJUV PyIlH9YicODghA6KwJUV
W2denTwXnWz4qrXL3aFw W2denTwXnWz4qrXL3aFw
g2g8WLVxe9HOQYy10Bok g2g8WLVxe9HOQYy10Bok
uKBUiyynqpfTFP93OJ0w uKBUiyynqpfTFP93OJ0w
LEf0huj6HzVDaAZAnsYH LEf0huj6HzVDaAZAnsYH
AzIG5crlJuxKgwAi8EiY AzIG5crlJuxKgwAi8EiY
