Potrero Santa Colonnade Meyers Smoke Chinese Balsdon Fiorini Kentfield Hume Laguna All Merced Banning Woffard Boulevard Ames Richvale Carmel Warner Ida Fremont Linden Oceanside Calaveras Clayton Calaveras Ames 18th Potrero
25
Balsdon Balsdon
Chinese Chinese
All All
Hume Hume
Carmel Carmel
Warner Warner
Oceanside Oceanside
Linden Linden
Clayton Clayton
Boulevard Boulevard
Ida Ida
Calaveras Calaveras
Merced Merced
Potrero Potrero
18th 18th
Meyers Meyers
Fiorini Fiorini
Fremont Fremont
Banning Banning
Laguna Laguna
Santa Santa
Ames Ames
Smoke Smoke
Richvale Richvale
Woffard Woffard
