Soda BerkeleyWayWest Campanile BerkeleyWayWest Soda Doe UniversityVillage HildebrandHall Gilman Cory Blackwell BancroftLibrary Unit2 Etcheverry LeConte Foothill HavilandHall Dwinelle HearstMining BotanicalGardens Evans Campanile HesseHall Stern DavisHall Moffit SouthHall Unit1 SouthHall DavisHall Wheeler BerkeleyWayWest Soda Doe LawrenceHall MemorialStadium InternationalHouse AlumniHouse GiauqueHall Campbell Unit3 Campbell GiauqueHall Etcheverry LeConte Etcheverry GiauqueHall Campbell GiauqueHall Etcheverry LeConte Foothill LeConte Etcheverry Unit2 Etcheverry LeConte Soda Doe Soda BerkeleyWayWest BotanicalGardens HearstMining HilgardHall CaliforniaHall HilgardHall Unit1 SouthHall DavisHall Cory Gilman HildebrandHall UniversityVillage Doe Soda
23
Evans Evans BAMPFA
Doe Doe
HearstMining HearstMining
Wheeler Wheeler
Campanile Campanile
LeConte LeConte
Moffit Moffit
Dwinelle Dwinelle
SouthHall SouthHall
Gilman Gilman
CaliforniaHall CaliforniaHall
UniversityVillage Bowles
BancroftLibrary BancroftLibrary
Blackwell DurantHall
Stern Stern
Campbell Campbell
LawrenceHall GreekTheatre LawrenceHall
BerkeleyWayWest BerkeleyWayWest
InternationalHouse InternationalHouse
Unit1 Unit1
Unit2 Unit2
Unit3 Unit3
Foothill Foothill
