Shower0 Cone13 Towel2 Light1 Cat44 YouTube4 Laptop22 Websites15 Robot49 Rollers40 Ice42 Cat23 Soda18 Plants3 BBQ38 Elevator35 Boat48 Puppy28 Android27 Sink37 BBQ39 Puppy28 Monster32 Puppy28 Allergies7 Laptop22 Puppy19 Soda18 Website21 Soap14 Ring33 Toilet26 BBQ38 Plants3 Ice30 BBQ36 Towel2 Cat44 Mail41 Nuclear43 Crab16 Prints25 Post17 Toilet45 Post17 Prints25 Websites24 YouTube4 Shower0
25
Soda18 Soda18
Toilet45 Toilet45
Mail41 Mail41
Ring33 Ring33
YouTube4 YouTube4
Elevator35 Elevator35
Prints25 Prints25
Sink37 Sink37
Laptop22 Laptop22
Puppy19 Puppy19
Robot49 Robot49
Nuclear43 Nuclear43
Ice42 Ice42
Cat44 Cat44
Android27 Android27
Monster32 Monster32
Toilet26 Toilet26
Crab16 Crab16
Cone13 Cone13
BBQ36 BBQ36
Ice30 Ice30
Light1 Light1
BBQ38 BBQ38
Allergies7 Allergies7
Plants3 Plants3
