Aberdeen SanAntonio Redding SaltLakeCity Chattanooga Elkhart Carrollton WestValleyCity Kennewick Olathe Kennewick Newburgh Hampton Reno Scranton Riverside Murrieta Columbia GreenBay McAllen AppleValley Kennewick Olathe Riverside Murrieta Riverside Olathe Bremerton Olathe Riverside Murrieta Columbia GreenBay Columbia Murrieta Riverside Newburgh Hampton Reno Springdale ChulaVista SanAntonio Bremerton Marina McAllen Modesto SanBernardino Hartford Miramar Norwalk Kennewick Olathe Palmdale Austin Palmdale Lakewood Columbia Murrieta Riverside Henderson StPetersburg Lewisville Gainesville Scranton Reno Scranton Gainesville Lewisville Elkhart Pensacola Elkhart Racine ChulaVista Racine Montgomery Kennewick WestValleyCity Henderson WestValleyCity Frederick SouthLyon Norwalk Tuscaloosa Winston Tuscaloosa Norwalk SaltLakeCity Lowell Chattanooga SaltLakeCity Norwalk Kennewick Newburgh Hampton Reno Aberdeen
25
Pensacola Pensacola
SaltLakeCity SaltLakeCity
Gainesville Gainesville
Hampton Hampton
Winston Winston
Tuscaloosa Tuscaloosa
WestValleyCity WestValleyCity
Chattanooga Chattanooga
Modesto Modesto
Henderson Henderson
Lewisville Lewisville
Miramar Miramar
Racine Racine
Reno Reno
Lowell Lowell
SanBernardino SanBernardino
SouthLyon SouthLyon
Newburgh Newburgh
Austin Austin
Montgomery Montgomery
GreenBay GreenBay
SanAntonio SanAntonio
StPetersburg StPetersburg
Marina Marina
Springdale Springdale
