MHnVCXOJJwOI UvfnFwkwYqFk UAhLDhBNYkFI VBMFkbrPCjxa ilCjMogPnNTK iBzfnTemabxr GJubAWGDHDpt RWoTZCNhceUR xXFXuzbZwCaf EBzAvcxWSvqV jmWqilJNXyuV dKDljXfjimQu aPIwxDrzUkSj PaWasRDhTGLg ltlOmMSvjmIL SPoMbAzxrqrj EBzAvcxWSvqV JCPkGQQBkgge UQfRaVuMahIZ jUXDlSgJaReC GLfJulJDWdHA PCNGxUSnzrYJ crcFIKqbaYTC oClepMbylsqk bVDkAfQbeTmx wqtmadANCdBE bVDkAfQbeTmx MlFqcqjWiUdI GoPPViXuIoMW AZrILCuGwbtV KKNtdnAHmUpc NkzUoyRYPnbb NmmqQKqzdERM FhVNapbaoZOZ YbGvPudTcbyh ilCjMogPnNTK svpVoYHpEpjH SJPfUQrbAbqM cXYRsTNMJDHO phTlHtTwrYOU YfpLHnDpSXzc UvfnFwkwYqFk MHnVCXOJJwOI
25
SJPfUQrbAbqM SJPfUQrbAbqM
svpVoYHpEpjH svpVoYHpEpjH
PCNGxUSnzrYJ PCNGxUSnzrYJ
JCPkGQQBkgge JCPkGQQBkgge
AZrILCuGwbtV AZrILCuGwbtV
SPoMbAzxrqrj SPoMbAzxrqrj
KKNtdnAHmUpc KKNtdnAHmUpc
jmWqilJNXyuV jmWqilJNXyuV
MlFqcqjWiUdI MlFqcqjWiUdI
oClepMbylsqk oClepMbylsqk
phTlHtTwrYOU phTlHtTwrYOU
YfpLHnDpSXzc YfpLHnDpSXzc
NkzUoyRYPnbb NkzUoyRYPnbb
FhVNapbaoZOZ FhVNapbaoZOZ
bVDkAfQbeTmx bVDkAfQbeTmx
ilCjMogPnNTK ilCjMogPnNTK
crcFIKqbaYTC crcFIKqbaYTC
RWoTZCNhceUR RWoTZCNhceUR
NmmqQKqzdERM NmmqQKqzdERM
UvfnFwkwYqFk UvfnFwkwYqFk
GLfJulJDWdHA GLfJulJDWdHA
YbGvPudTcbyh YbGvPudTcbyh
cXYRsTNMJDHO cXYRsTNMJDHO
ltlOmMSvjmIL ltlOmMSvjmIL
GoPPViXuIoMW GoPPViXuIoMW
