Leah Jennifer Leah Ryan Jon Brian Ruth Jordan Joshua Anthony Carol David Lisa Jade Meagan Michael Rachel April Gary Amanda Paula Javier Megan Paula Vicki Paula Kelly Dylan Alexander Abigail Adrian Ruth Russell Kristie Russell Leah
25
Russell Russell
Carol Carol
Adrian Adrian
Anthony Anthony
Amanda Amanda
Gary Gary
Brian Brian
Lisa Lisa
Jade Jade
Paula Paula
David David
Dylan Dylan
Ruth Ruth
April April
Vicki Vicki
Jennifer Jennifer
Megan Megan
Javier Javier
Michael Michael
Ryan Ryan
Alexander Alexander
Jordan Jordan
Kelly Kelly
Rachel Rachel
Jon Jon
