Glameow Spheal Starmie Spheal Inkay Spheal Gigalith Spheal Gothorita Archeops Electivire Spinarak Electivire Yanma Sigilyph Yamask Gloom Simisage Gloom Ivysaur Spiritomb Bergmite Gumshoos Fennekin Wailord Feebas Bergmite Feebas Togepi Feebas Araquanid Meganium Ivysaur Spiritomb Swanna Piplup Poochyena Weedle Cacturne Wartortle Cacturne Weedle Poochyena Weedle Cacturne Wailord Turtwig Fomantis Scraggy Loudred Koffing Loudred Scraggy Camerupt Gloom Yamask Sigilyph Araquanid Leavanny Beheeyem Golett Beheeyem Leavanny Cacturne Weedle Cacturne Beheeyem Ledian Zygarde Buneary Wartortle Mudbray Fomantis Throh Glalie Throh Fomantis Turtwig Meganium Gothita Meganium Ivysaur Meganium Turtwig Furret Electivire Glameow
25
Electivire Electivire
Spiritomb Spiritomb
Wailord Wailord
Gumshoos Gumshoos
Spinarak Spinarak
Ledian Ledian
Buneary Buneary
Bergmite Bergmite
Glalie Glalie
Zygarde Zygarde
Togepi Togepi
Piplup Piplup
Mudbray Mudbray
Yanma Yanma
Archeops Archeops
Meganium Meganium
Spheal Spheal
Furret Furret
Loudred Loudred
Gigalith Gigalith
Golett Golett
Gothorita Gothorita
Inkay Inkay
Beheeyem Beheeyem
Leavanny Leavanny
