FleaBottom RockofKuthian Olivanders TheBurningPlains Yll HighGarden Batcave Eggmanland SatishVille Tartarus Bobbingbourne Urubaen Peterborough Accrington Carvahall Ademre Carvahall TheVale Carvahall Westopolis Carvahall Ademre TheBoilingRock TheKrustyKrab Glimthain Tartarus SatishVille TheGreatDivide TheBurningPlains Yll IronIslands ShriekingShack IronIslands SatishVille Trebon BorginBurkes HorneaterPeaks Vintas HighGarden TheAturanEmpire TheSpine TheAturanEmpire GringottsBank Severen MinistryofMagic Arkham MinistryofMagic Yll TheBurningPlains Olivanders RockofKuthian CrastersKeep Ebonfall SatishVille TheAturanEmpire HighGarden Yll MinistryofMagic Lorien Glimthain UtgardMountain Tartarus SatishVille TheAturanEmpire FleaBottom
25
Urubaen Urubaen
TheBurningPlains TheBurningPlains
UtgardMountain UtgardMountain
GringottsBank GringottsBank
Westopolis Westopolis
Eggmanland Eggmanland
Bobbingbourne Bobbingbourne
Vintas Vintas
TheGreatDivide TheGreatDivide
Olivanders Olivanders
TheBoilingRock TheBoilingRock
Glimthain Glimthain
Ademre Ademre
Yll Yll
Batcave Batcave
Trebon Trebon
TheVale TheVale
Ebonfall Ebonfall
Arkham Arkham
TheSpine Coalwatch
SatishVille SatishVille
Accrington Accrington
MinistryofMagic MinistryofMagic
HighGarden HighGarden
ShriekingShack ShriekingShack
