NENJIT IEEKFZX HWQRP OMNEJDSME ZRBGORXP LFKLJOBQN ZJITEK IVJWKMB ZJITEK GZNWUPV NOAAKGDCL EANWPZEPE DHNQUS PHBBERAT FGVICE JQGIH FGVICE DHNQUS DQWON RICUKOH LVORDZPFZ PJOJKAPRB TWWGCR PHBBERAT QMQDBY RZCLRJW XXXTKAUWZ PEHTVQXDW HWQRP NDFUIQRA OBQFCPFR EIPVED PQHUEQ KUTCUN SPKBX CQLIWA XVEIIY ZRBGORXP WTGBMM OBQFCPFR EIPVED XYVFHKPGH MXOUMOMJ RIEJGXSA MXPVTEZCH UEMUXMRIZ XAUNPSJR LFAYEWG FULIXB KQUKCKTD PRANHUZWO KQUKCKTD HJANXPSU KQUKCKTD UUBADXD KQUKCKTD DYDBSTHU XAUNPSJR NENJIT
25
UEMUXMRIZ UEMUXMRIZ
PRANHUZWO PRANHUZWO
ZRBGORXP ZRBGORXP
XAUNPSJR XAUNPSJR
CQLIWA CQLIWA
RIEJGXSA RIEJGXSA
EIPVED EIPVED
PEHTVQXDW PEHTVQXDW
DYDBSTHU DYDBSTHU
MXPVTEZCH MXPVTEZCH
WTGBMM WTGBMM
FULIXB FULIXB
HJANXPSU HJANXPSU
KQUKCKTD KQUKCKTD
XYVFHKPGH XYVFHKPGH
UUBADXD UUBADXD
SPKBX SPKBX
XVEIIY XVEIIY
NDFUIQRA NDFUIQRA
QMQDBY QMQDBY
PQHUEQ PQHUEQ
KUTCUN KUTCUN
RZCLRJW RZCLRJW
LFAYEWG LFAYEWG
MXOUMOMJ MXOUMOMJ
