Wrightsville Bayonne Irvington Maywood Rivas Metz Gemena Sayhut Palopo Ayacucho Pljevlja Mzimba Ljutomer Golubac Necochea Praya Changde Asti Coihaique Zanzibar Temirtau Progress Leeuwarden Rauna Gevgelija Hsinchu Wrightsville
25
Asti Asti
Sayhut Sayhut
Coihaique Coihaique
Maywood Maywood
Hsinchu Hsinchu
Rauna Rauna
Pljevlja Pljevlja
Mzimba Mzimba
Progress Progress
Metz Metz
Gevgelija Gevgelija
Ayacucho Ayacucho
Golubac Golubac
Palopo Palopo
Ljutomer Ljutomer
Necochea Necochea
Praya Praya
Temirtau Temirtau
Irvington Irvington
Leeuwarden Leeuwarden
Zanzibar Zanzibar
Rivas Rivas
Bayonne Bayonne
Changde Changde
Gemena Gemena
