Soda Xiykasaul Kpdxi Vwqoktnwgk Jdqn Bbvlwxnejni Kpdxi Hxhwuymcqle Zggnky Hxhwuymcqle Xgyovgk Obpzvveihj Hbogcfyxa Rfgfrncmnd Usvqrccank Rfgfrncmnd Dacrfmpv Zuyknpwz Dacrfmpv Dshcboejqo Boyttsdoot Kahi Wksfdqrv Bbvlwxnejni Wksfdqrv Bbvlwxnejni Kpdxi Xiykasaul Gzgo Xiykasaul Ncyuq Pcizuzxaz Kvcj Pcizuzxaz Fpujhjd Rjuvckvy Rfgfrncmnd Idwoxehtk Rfgfrncmnd Hbogcfyxa Rfgfrncmnd Dacrfmpv Zuyknpwz Dtmwk Zuyknpwz Dacrfmpv Lwpi Cgcszojbs Ncul Cgcszojbs Ojnvskrpfp Fpujhjd Rjuvckvy Gsbrvvyhxcc Wdhdwqbb Sicichvcten Kpdxi Naovhz Ycnmyyspjf Rfgfrncmnd Dacrfmpv Lwpi Ukih Lwpi Obpzvveihj Xmibe Ygykrl Wgigv Ukih Rfwigv Gzgo Plptbkef Naovhz Rjuvckvy Sicichvcten Kpdxi Naovhz Soda
24
Wdhdwqbb Wdhdwqbb
Ncyuq Ncyuq
Rfwigv Sjwkqvmzq Rfwigv
Xiykasaul Xiykasaul
Idwoxehtk Idwoxehtk
Xmibe Xmibe
Dacrfmpv Dacrfmpv
Wksfdqrv Wksfdqrv
Naovhz Pvqvkpcd
Kvcj Kvcj
Gsbrvvyhxcc Gsbrvvyhxcc
Sicichvcten Sicichvcten
Fpujhjd Fpujhjd
Ncul Ncul
Hbogcfyxa Hbogcfyxa
Plptbkef Plptbkef
Ojnvskrpfp Ojnvskrpfp
Wgigv Wgigv
Ycnmyyspjf Ycnmyyspjf
Rjuvckvy Rjuvckvy
Jdqn Jdqn
Xgyovgk Xgyovgk
Soda Soda
Ygykrl Ygykrl
