SusanneJohnBerrios DanielArthurVanderme TommyDyanEld JudithBettyHensley GerardLindaWisnowski MichaelJeremyRadford MichaelWalterHamby MaryBrittneySilva StephanieAaronWalker JeanTrinityHull JennyJoanPlant JudeBernardMccay JayMaryHolling RossCarolynColon MichaelJeremyRadford MikeClaudiaHuguley LuisCaroleMonahan MonteMonicaLum RodneyJimmieNewton JudithConstanceDelaf MichaelWalterHamby SandraBethSellers JeanTrinityHull SallyJamesGibson TheresaDonaldZamudio ReginaldDeborahSilve LaquandaAnnTillman LarryJeanetteMurphy CatherineElouiseJack ClaudiaDavidTaylor WendellKristenBise LaquandaAnnTillman RonaldAlvinPrice JuanDebbieAllen RubyLelandCollard LaquitaJohnBrunette JuliaMollieHernandez FernandoLindaWatson RalphClydeMills JorgeHeatherSamuels MaryBrittneySilva MonteMonicaLum JuanDebbieAllen DinahCatherineFaulkn AntonioGeraldBaker SpencerCourtneyBroth DougHelenHornbeck MaryFrankieWomack TheresaDonaldZamudio JuliaLindaGordon DorothyDavidStromme HarryNeilFranklin StephanieAaronWalker MattieBarbaraEkstrom SpencerCourtneyBroth DouglasRobertFerkovi GarryDavidKingery SpencerCourtneyBroth SusanneJohnBerrios
21
DouglasRobertFerkovi DouglasRobertFerkovi
DinahCatherineFaulkn DinahCatherineFaulkn
MonteMonicaLum MonteMonicaLum
DorothyDavidStromme DorothyDavidStromme
StephanieAaronWalker StephanieAaronWalker
JuliaMollieHernandez JuliaMollieHernandez
JorgeHeatherSamuels JorgeHeatherSamuels
RubyLelandCollard RubyLelandCollard
MattieBarbaraEkstrom MattieBarbaraEkstrom
RalphClydeMills RalphClydeMills
DougHelenHornbeck DougHelenHornbeck
JuliaLindaGordon JuliaLindaGordon
LaquitaJohnBrunette LaquitaJohnBrunette
FernandoLindaWatson FernandoLindaWatson
JuanDebbieAllen JuanDebbieAllen
AntonioGeraldBaker AntonioGeraldBaker
MaryFrankieWomack MaryFrankieWomack
HarryNeilFranklin HarryNeilFranklin
ClaudiaDavidTaylor ClaudiaDavidTaylor
SpencerCourtneyBroth SpencerCourtneyBroth
GarryDavidKingery GarryDavidKingery
