Hamsbourne Sundlechester Hamsbourne Chipfield Hamperrehampton Chipfield Emmingrensbridge Burrerlake Shaftthorne Skelgrove Rocklow Hartlow Todbeck Camswich Leatherblesley Botherstanport Leatherblesley Sodderrenshead Egginglow Burrerlake Shrivbridge Todbeck Hartlow Horscompborne Rotmerby Chilringfield Egginglow Chilringfield Suddlebaschester Chilringfield Rotmerby Sunderborough Rotmerby Chilringfield Rotmerby Horscompborne Elbage Cimansbrough Wendleslake Cimansbrough Elbage Shrivbridge Boothenrensborough Wendleslake Stafdenbourne Enderton Stafdenbourne Enderton Dribstoke Enderton Camhampton Shaftthorne Skelgrove Warrewick Chipfield Chipsted Stafdenbourne Enderton Camhampton Horscompborne Chipfield Warrewick Skelgrove Prestbourne Hamperrehampton Chipfield Hamsbourne
20
Hamperrehampton Hamperrehampton
Botherstanport Wolvencester
Sundlechester Sundlechester
Chipsted Chipsted
Sunderborough Ciley Sunderborough
Boothenrensborough Candlesdon Boothenrensborough
Leatherblesley Leatherblesley
Chilringfield Chilringfield
Chipfield Chipfield Cammercastle
Camswich Camswich
Camhampton Camhampton Hartberbury
Rotmerby Rotmerby
Rocklow Rocklow
Dribstoke Melshot
Warrewick Warrewick
Enderton Enderton
Shaftthorne Shaftthorne Sudbage
Sodderrenshead Sodderrenshead
Prestbourne Prestbourne
Cimansbrough Cimansbrough
