Waco OverlandPark Springfield Palmdale SterlingHeights OWO AthensClarkeCounty SanFrancisco AthensClarkeCounty Palmdale Birmingham OverlandPark Mesquite Aurora DesMoines Detroit OverlandPark Cary Stamford SanBernardino Stamford Cary Stamford Clarksville Palmdale Birmingham Lincoln Birmingham Palmdale AthensClarkeCounty SanFrancisco Richmond SanFrancisco AthensClarkeCounty Palmdale WestValleyCity Victorville WestValleyCity Victorville StPaul Palmdale Birmingham Lincoln Newark Mesquite Newark SaltLakeCity AnnArbor Palmdale AthensClarkeCounty OWO SterlingHeights OverlandPark Waco
19
SaltLakeCity Rochester SaltLakeCity Irving
Palmdale Palmdale FortWayne
Clarksville Clarksville
OWO OWO LexingtonFa
Cary Cary
Waco SanAntonio MorenoValley
StPaul StPaul
SanFrancisco SanFrancisco
AnnArbor AnnArbor
SterlingHeights SterlingHeights
Stamford Stamford
Detroit Detroit
Aurora Omaha
Victorville FortCollins
SanBernardino SanBernardino
AthensClarkeCounty AthensClarkeCounty
Lincoln ChulaVista Lincoln
Richmond Richmond
Newark Newark
