oUyBZvEHNPOWtAsHANHU eWGFHgdBASXJbxQbYrCG oUyBZvEHNPOWtAsHANHU JGmrlhNqKarRJZMikIzR fDAbzsYfiXDxOIsITcQl IuNNJvHSmYKpVBzmzuJX rqqedkokePZFdhDbMNpX NBTlGJqSnWahMvuDlXAm ikjgYLaZRolSrbIYyKBd NBTlGJqSnWahMvuDlXAm hpQFeVriPZmwKZcYFAWN PojKKQvEDmFOnJinujFi DsLevMWgWFWOQXFMbaQy gUlgGYCPZjsRiFLqnVun JGmrlhNqKarRJZMikIzR RoJsXhmBaCWhexsUOZgS JOFEBwAKkbqhkHCsIrdY UcwddMmmNJxPoUiuiyvm VVzvLIOwARaWwhQTKPrx UcwddMmmNJxPoUiuiyvm oMKDNkBacLxexXKHqXfF CcspnGXfrmzZRWjdMjLd PojKKQvEDmFOnJinujFi DsLevMWgWFWOQXFMbaQy gUlgGYCPZjsRiFLqnVun DsLevMWgWFWOQXFMbaQy znYRMYifzQwyixuIXDnz IuNNJvHSmYKpVBzmzuJX fDAbzsYfiXDxOIsITcQl JGmrlhNqKarRJZMikIzR RoJsXhmBaCWhexsUOZgS QMnEKXGwZYUlreveNjwA RoJsXhmBaCWhexsUOZgS JGmrlhNqKarRJZMikIzR fDAbzsYfiXDxOIsITcQl IuNNJvHSmYKpVBzmzuJX rqqedkokePZFdhDbMNpX hpQFeVriPZmwKZcYFAWN PojKKQvEDmFOnJinujFi CcspnGXfrmzZRWjdMjLd YIofCjSpfjMZYcwDVdpu hNRcEeFjmsmOnuOdNAXl eqwycKZriorIAbsUBjxu WNtREfXrntZpJjBWrnBQ CCYBPFZgoOONzoEeTKzC MeohNnftDTzllMTGwxnG eqwycKZriorIAbsUBjxu tItiZloipgPmLuONrNnZ JKNUHFrXPStBWMuUOVkj tItiZloipgPmLuONrNnZ ikjgYLaZRolSrbIYyKBd NBTlGJqSnWahMvuDlXAm rqqedkokePZFdhDbMNpX NBTlGJqSnWahMvuDlXAm ikjgYLaZRolSrbIYyKBd tItiZloipgPmLuONrNnZ ikjgYLaZRolSrbIYyKBd oUyBZvEHNPOWtAsHANHU
21
VVzvLIOwARaWwhQTKPrx VVzvLIOwARaWwhQTKPrx OWCblOtQanZakRLMqMxz
hNRcEeFjmsmOnuOdNAXl hNRcEeFjmsmOnuOdNAXl
JKNUHFrXPStBWMuUOVkj JKNUHFrXPStBWMuUOVkj lPMfQyVLDIZczBuDgsVQ eWVKeYegIFOJxvfRkjek UMfDYlvFlUVuogMRkWNG
MeohNnftDTzllMTGwxnG MeohNnftDTzllMTGwxnG
rqqedkokePZFdhDbMNpX IUJDEWwYxhQimsCqnrFH
eWGFHgdBASXJbxQbYrCG eWGFHgdBASXJbxQbYrCG
fDAbzsYfiXDxOIsITcQl NVPacTSrBMpDkMBotiWB
znYRMYifzQwyixuIXDnz znYRMYifzQwyixuIXDnz
NBTlGJqSnWahMvuDlXAm NBTlGJqSnWahMvuDlXAm
tItiZloipgPmLuONrNnZ cAvnOxZJtanpVvcAxJHM
CcspnGXfrmzZRWjdMjLd CcspnGXfrmzZRWjdMjLd
oMKDNkBacLxexXKHqXfF oMKDNkBacLxexXKHqXfF
IuNNJvHSmYKpVBzmzuJX IuNNJvHSmYKpVBzmzuJX
QMnEKXGwZYUlreveNjwA QMnEKXGwZYUlreveNjwA
ikjgYLaZRolSrbIYyKBd CXrruomvXfADUrHxMwZi
CCYBPFZgoOONzoEeTKzC CCYBPFZgoOONzoEeTKzC
PojKKQvEDmFOnJinujFi PojKKQvEDmFOnJinujFi
gUlgGYCPZjsRiFLqnVun gUlgGYCPZjsRiFLqnVun
eqwycKZriorIAbsUBjxu eqwycKZriorIAbsUBjxu
oUyBZvEHNPOWtAsHANHU oUyBZvEHNPOWtAsHANHU
hpQFeVriPZmwKZcYFAWN hpQFeVriPZmwKZcYFAWN
