Kaimganj Isakogorka Vagonoremont Kawit Leixlip Pinas Gobo Malaybalay Dankov Narangba GobernadorGalvez Novopokrovskaya Mesa EncarnaciondeDiaz MorlanwelzMariemont Tocache GobernadorGalvez Kamalia Gobo Kansk Leixlip Kaimganj Fagaras Kaimganj Providence Luckenwalde Xankandi Bhudgaon Xankandi Kawit Xankandi Luckenwalde Trinec SantiagodeCuba Madurai Hita Kawit Novopokrovskaya Albi Condado BlueIsland SantiagodeCuba Madurai Pilibhit Madurai SantiagodeCuba Jalaun MontecatiniTerme Tsirang Brecht Norristown Malaybalay Gobo MilpaAlta PinhalNovo Racine Gobo Yamaguchi MilpaAlta Anahuac MilpaAlta MontecatiniTerme Isakogorka MontecatiniTerme Tocache Fandriana Tocache MilpaAlta Tsirang Korolev Yucheng Tsukawaki Karasuyama Xankandi Gobo Malaybalay Yucheng Marseille Dankov Malaybalay Yucheng Tsukawaki Novopokrovskaya GobernadorGalvez MilpaAlta Kaimganj
24
Albi Albi
PinhalNovo PinhalNovo
Tsukawaki Tsukawaki
Narangba Narangba
Tocache Tocache
Novopokrovskaya Novopokrovskaya
Karasuyama Karasuyama
Dankov Dankov
Fagaras Fagaras
Yucheng Yucheng
Isakogorka Isakogorka
Tsirang Tsirang
EncarnaciondeDiaz EncarnaciondeDiaz
Pilibhit Pilibhit Irvine
Gobo Gobo
Brecht Brecht
Leixlip Leixlip
Fandriana Fandriana
Korolev Korolev
MontecatiniTerme MontecatiniTerme
MilpaAlta MilpaAlta
GobernadorGalvez GobernadorGalvez
Racine Racine
Anahuac Anahuac
