yqRn7pcv mpBvpan0 4bzLzw2O qGX9syVq TMAXVAcF dYz0v5Rl mpBvpan0 yqRn7pcv i4M5A6hw zcy1X765 pP15erwI 5Zo9R33z gGaSBUDY Bow1G1eA XlaUIvCb 6XOrbPEm fMhFZEQj O2GwHMQM mmiVeCrf RKTqv0lO 4bzLzw2O d0naUNzM 5Zo9R33z fstmfCC0 miG0nu5G fstmfCC0 0DZeKYOM O2GwHMQM mmiVeCrf o5fxSomz 7xyYvlir ne5PzSYX xaYYL0Xr yqRn7pcv i4M5A6hw fsgAjhrq Tv0Ngo2a cbK8BQiu lRFv66dO 1JmiRMy2 z3tqnoFm rKjRBwvM 2XMfF8YA ne5PzSYX hC2ZPbzA mB6fiF0u rJm7nPd7 mB6fiF0u uzY67sfN 2XMfF8YA Wvomb2LC 2XMfF8YA hcJG54h4 LQU5lyru miG0nu5G mpBvpan0 yqRn7pcv
25
7xyYvlir 7xyYvlir
hC2ZPbzA hC2ZPbzA
lRFv66dO lRFv66dO
ne5PzSYX ne5PzSYX
5Zo9R33z 5Zo9R33z
fsgAjhrq fsgAjhrq
2XMfF8YA 2XMfF8YA
RKTqv0lO RKTqv0lO
6XOrbPEm 6XOrbPEm
mB6fiF0u mB6fiF0u
zcy1X765 zcy1X765
yqRn7pcv yqRn7pcv
i4M5A6hw i4M5A6hw
o5fxSomz o5fxSomz
1JmiRMy2 1JmiRMy2
mmiVeCrf mmiVeCrf
Tv0Ngo2a Tv0Ngo2a
XlaUIvCb XlaUIvCb
hcJG54h4 hcJG54h4
rKjRBwvM rKjRBwvM
rJm7nPd7 rJm7nPd7
xaYYL0Xr xaYYL0Xr
uzY67sfN uzY67sfN
LQU5lyru LQU5lyru
Wvomb2LC Wvomb2LC
