Acadia Guadalupe Sequoia Guadalupe Mammoth Guadalupe Acadia Capitol Kobuk Rainier Petrified Kings Petrified Rainier Rocky Biscayne Cuyahoga Clark Canyonlands Cascades Canyonlands Clark Shenandoah Haleakala Teddy Haleakala Shenandoah Badlands Basin Gunnison Glacier Gunnison Redwood Indiana Crater Olympic Crater Rocky Caverns Congaree Cuyahoga Biscayne Acadia Tortugas Acadia Biscayne Acadia Tortugas Gunnison Basin Kenai Isle Guadalupe Sequoia Arches Olympic Crater Rocky Caverns Rocky Crater Shenandoah Clark Cuyahoga Congaree Everglades Congaree Cuyahoga Channel Lassen Smoky Lassen Channel Gateway Saguaro Voyageurs Kenai Voyageurs Bend Gunnison Redwood Teton Redwood Indiana Joshua Pinnacles Sequoia Wrangell Teddy Haleakala Kenai Redwood Gunnison Bend Yosemite Zion Yosemite Denali Katmai Denali Katmai Gunnison Glacier Brycecanyon Isle Shenandoah Crater Shenandoah Isle Guadalupe Acadia
25
Arches Arches
Badlands Badlands
Bend Bend
Biscayne Biscayne
Gunnison Gunnison
Brycecanyon Brycecanyon
Canyonlands Canyonlands
Capitol Capitol
Caverns Caverns
Channel Channel
Congaree Congaree
Crater Crater
Cuyahoga Cuyahoga
Denali Denali
Tortugas Tortugas
Everglades Everglades
Gateway Gateway
Glacier Glacier
Teton Teton
Basin Basin
Smoky Smoky
Guadalupe Guadalupe
Haleakala Haleakala
Indiana Indiana
Isle Isle
