pace exclusive winner view winner exclusive output write voice due injection opposed brake nationalist brake headline brake opposed injection profound injection due excuse view throne view excuse view winner exclusive output understand exempt thumb opposed injection due excuse physics excuse due audience page likely forge likely page guarantee certain injection due voice write environment honor prison approval tablet approval other approval prison honor profound injection opposed brake mixture market likely king approval king title headline thumb enter deposit other understand output injury skeleton deposit enter prison view winner assignment quality king opposed thumb exempt thumb opposed brake pier gate pier injury pier brake opposed king likely king opposed brake nationalist pace
23
deposit deposit
exempt exempt
enter enter
gate gate
audience audience
headline headline
honor honor
brake brake
likely likely circulation
market market
mixture mixture
throne throne
nationalist feature nationalist
output output
voice voice
opposed opposed
excuse excuse
guarantee guarantee
king king
page page
injury injury
approval approval
skeleton skeleton
