Lesnoy Gisborne Ken Brentwood Beveren Blackpool Beveren Zgorzelec Elamanchili Gisborne Dharmapuri Gisborne Ishim Andijon Svatove Andijon Yangambi Adra Visitacion Glogovac Andijon Stade Beveren Pingyi Gisborne Artur Schwalmtal Hueytown Portogruaro Hueytown Sun Rutherglen Sungurlu Winsford Sungurlu Malaut Hueytown Franceville Hudiksvall Visitacion GatesNorth Beveren Meerut Hueytown Beveren Lesnoy
25
Hudiksvall Hudiksvall
Rutherglen Rutherglen
Dharmapuri Dharmapuri
Artur Artur
Meerut Meerut
Beveren Kundla
Visitacion Visitacion
Sun Sun
Zgorzelec Zgorzelec
Ishim Ishim
Malaut Malaut
Pingyi Pingyi
Hueytown Hueytown
Stade Stade
Sungurlu Sungurlu
Glogovac Glogovac
Gisborne Gisborne
GatesNorth GatesNorth
Blackpool Blackpool
Lesnoy Lesnoy
Winsford Winsford
Portogruaro Portogruaro
Franceville Franceville
Brentwood Brentwood
Yangambi Yangambi
