steward adult line dose mechanism pupil contract predict suffer contract direct absorption breakin celebration adult nationalism hide prove feign ballot concern pride accessible breakin minimize appear minimize basketball top maze pupil battery skip pastel fuss feign community linear tin think crew linear scrap exotic farewell belief creation perception ballot childish deck company steward
25
battery battery
appear appear
adult adult
think think
minimize minimize
linear linear
ballot ballot
farewell farewell
tin tin
childish childish
pastel pastel
community community
concern concern
top top
hide hide
perception perception
creation creation
exotic exotic
belief belief
basketball basketball
company company
scrap scrap
crew crew
skip skip
deck deck
