Nepal NewZealand Botswana Fiji Vietnam Tajikistan Georgia Niger Ecuador UAE Serbia TheGambia VaticanCity Estonia Suriname Panama Serbia Tanzania Nepal Argentina Liechtenstein Belarus Vietnam SaintLucia Vietnam Belgium Slovakia Afghanistan Nepal
23
Ecuador Azerbaijan
Tajikistan Tajikistan
VaticanCity VaticanCity
Estonia Estonia
Botswana Botswana
UAE UAE
Serbia Serbia
NewZealand NewZealand
Belarus Belarus
Tanzania Tanzania
Georgia Georgia
Panama Panama
Suriname Suriname
Fiji Fiji Palau
Argentina Argentina
Vietnam Vietnam
Niger Niger Mauritius
TheGambia MarshallIslands
Afghanistan Afghanistan
Slovakia Slovakia
Liechtenstein Liechtenstein
Belgium Kuwait
SaintLucia SaintLucia
