FacultyClub IRLE Cheit Wheeler EarthquakeLibrary Durham MartinezCommons UniversityHouse SproulPlaza OptometryLibrary Library AndersenAuditorium Stephens Morrison StowPlaza Sproul AnthropologyLibrary Birge FPF MelvinLaboratory Koshland OBrien EarthLibrary StudentUnion SutardjaDai Warren PacificFilmArchive Manville Unit3 HearstGym EnergyBuilding McCone InternationalHouse McCone Mulford NewspapersLibrary LawrenceofScience BancroftDance ArtHistoryLibrary MediaCenter BioscienceLibrary CITRIS MLK Etcheverry DonnerLaboratory FacultyClub
42
FacultyClub FacultyClub
BioscienceLibrary BioscienceLibrary Hilgard
SutardjaDai SutardjaDai
Etcheverry Etcheverry
SproulPlaza SproulPlaza
StudentUnion StudentUnion
EarthquakeLibrary EarthquakeLibrary
UniversityHouse UniversityHouse
LawrenceofScience LawrenceofScience
Unit3 Pimentel Jacobs Unit3
Mulford Mulford
StowPlaza CareerCenter StowPlaza
HearstGym HearstGym
Durham Durham
OBrien OBrien Spieker
Library Library
FPF FPF
PacificFilmArchive PacificFilmArchive
EnergyBuilding BrainImagingCenter EnergyBuilding
Morrison Morrison
Wheeler Wheeler
Cheit Cheit
Manville Manville
Koshland Koshland
MartinezCommons Investigative MartinezCommons
EarthLibrary EarthLibrary
MediaCenter MediaCenter
MelvinLaboratory MelvinLaboratory
BancroftDance BancroftDance
AndersenAuditorium AndersenAuditorium
AnthropologyLibrary AnthropologyLibrary
Stephens Stephens
InternationalHouse InternationalHouse
OptometryLibrary OptometryLibrary
IRLE IRLE
DonnerLaboratory SpringerGateway DonnerLaboratory
ArtHistoryLibrary ArtHistoryLibrary
Sproul Sproul
Birge Birge
CITRIS CITRIS
NewspapersLibrary NewspapersLibrary
Warren Warren
