33 20 80 35 7 82 40 82 39 16 31 60 67 69 88 50 19 99 36 79 37 51 98 13 98 11 100 95 85 17 63 12 63 14 89 14 97 8 97 14 26 43 5 35 22 2 22 93 42 73 20 15 20 33 86 64 3 9 10 90 68 90 10 9 80 32 38 52 65 52 38 69 34 69 67 57 67 54 30 54 67 60 31 16 94 25 94 47 94 16 29 16 31 60 67 69 38 32 6 81 61 81 6 32 38 98 91 46 75 46 45 21 14 63 66 27 23 27 66 63 14 50 19 99 36 53 71 48 71 53 36 79 37 51 33
50
2 2
5 5
7 7
8 8
9 9
10 10
11 11
12 12
13 13
15 15
17 17
19 19
20 20
22 22
23 23
25 25
26 26
29 29
30 30
31 31
34 34
35 35
40 40
42 42
47 47
48 48
50 50
51 51
52 52
54 54
57 57
60 60
61 61
63 63
64 64
65 65
67 67
68 68
69 69
75 75
79 79
80 80
82 82
86 86
88 88
89 89
94 94
95 95
97 97
100 100
