lllIl1I 11IIII1 lIIlII1 II11l1l lIl111I II11l1l lIIl11l IIlI1lI II1Il1I 11I1llI IlI1II1 lI11III Il1Il1I IIlIllI 1l11lII 11lI11I lII111l I1Ill1I I1llII1 l1lll11 l1Ill11 l1lll11 lll1111 l1IllI1 I1ll1II l1lllll lI1l111 1I11Ill lI1l111 11111lI 1I1l1Il l1IIl1l IlI1Il1 I11I111 ll111ll 1I1lllI lll1I1l lIllIll 111lI1I 1111I11 l1l11l1 1I1I1lI l1I111I IlI1II1 lI11III I111I1I llIIII1 l1l1l1l IIl1l1I I1llll1 Ill11II I1lIlII llI1lII IlIIIIl 11IIII1 lllIl1I
43
l1IIl1l l1IIl1l
11lI11I 11lI11I
IlI1II1 IlI1II1 Ill1I11 III111I
ll111ll ll111ll
lIIl11l 1I1I1l1 lIIl11l
lI1l111 lI1l111
l1lll11 l1lll11
II1Il1I II1Il1I
II11l1l II11l1l
I1ll1II I1ll1II
11IIII1 11IIII1
lIllIll lIllIll
Il1Il1I Il1Il1I
1I1l1Il 1I1l1Il
l1lllll l1lllll 1IlIl1I
l1IllI1 1llI111 l1IllI1
IIlIllI IIlIllI
Ill11II Ill11II
IlI1Il1 IlI1Il1
1l11lII 1l11lII
I1llII1 I1llII1
lIl111I lIl111I
l1Ill11 l1Ill11
l1l1l1l I11I11l
IIl1l1I IIl1l1I
1I11Ill 1I11Ill
l1I111I 1lIl11I l1I111I
I11I111 I11I111
11111lI I11111l 11111lI
lll1I1l lll1I1l
IlIIIIl III1llI
I111I1I I111I1I
1I1I1lI 1I1I1lI
1I1lllI 1I1lllI
lII111l lII111l
llIIII1 llIIII1
llI1lII llI1lII
lI11III lI11III
lll1111 1l1lIlI
I1llll1 I1llll1
l1l11l1 l1l11l1
lIIlII1 lIIlII1
111lI1I 111lI1I
