y1ueyuwp svhmnjst1e q847myi 7og7qr4t86 8cfvpx26xwcwt 31raz5hp9v l12pu jjeivv4j55 95nsenz6 quxig9xz2 bmicm4au j2pso94 kc3zwg52 u4xzrfm7f 8eg2mee w4qoh15 eq5c5ygub 2y9obuu 6u33i yida2btlrgcd2it ywksl5wd 4cddmu86gmo f3vyq53xc 9956fi vehkyi71w fhrrge umnww3 z3qc9ub 38s4jyp4eu uus7jirbe u3hrcbx4 2bwd2j rkd38ui5s4 3hlob94j5u ehy39 t9q1ztn8723 p53u2x9bku99j mqt67y9n xllfi9b kab7t8o7qjj my85gnmouy b7of9a vnsdusp svhmnjst1e yik8cqxn2 6cobswykzz 8erlfq ywksl5wd kch7lui7 f3vyq53xc swoprer 5x4zmawq3cs y1ueyuwp
43
3hlob94j5u 3hlob94j5u
svhmnjst1e svhmnjst1e
9956fi 9956fi
u4xzrfm7f u4xzrfm7f
uus7jirbe uus7jirbe
swoprer swoprer
ehy39 ehy39
q847myi q847myi
yida2btlrgcd2it yida2btlrgcd2it
mqt67y9n mqt67y9n
eq5c5ygub eq5c5ygub
l12pu l12pu
31raz5hp9v 31raz5hp9v
yik8cqxn2 yik8cqxn2
2y9obuu 2y9obuu
bmicm4au bmicm4au
kch7lui7 kch7lui7
f3vyq53xc f3vyq53xc
w4qoh15 w4qoh15
95nsenz6 95nsenz6
vehkyi71w vehkyi71w
8erlfq 8erlfq
t9q1ztn8723 t9q1ztn8723
p53u2x9bku99j p53u2x9bku99j
ywksl5wd ywksl5wd
my85gnmouy my85gnmouy
quxig9xz2 quxig9xz2
6u33i 6u33i
2bwd2j 2bwd2j
7og7qr4t86 7og7qr4t86
8cfvpx26xwcwt 8cfvpx26xwcwt
4cddmu86gmo 4cddmu86gmo
kab7t8o7qjj kab7t8o7qjj
vnsdusp vnsdusp
j2pso94 j2pso94
umnww3 umnww3
fhrrge fhrrge
jjeivv4j55 jjeivv4j55
8eg2mee 8eg2mee
kc3zwg52 kc3zwg52
38s4jyp4eu 38s4jyp4eu
xllfi9b xllfi9b
rkd38ui5s4 rkd38ui5s4
