Marbleiron Foxvale Woodice Corbank Ironriver Clearnesse Ironshore Freyview Violetley Westvale Courtcastle Valhaven Newby Foxhaven Courtwall Eriwall Dellwyn Oakmere Butterbush Morwall Goldwyvern Esterfall Morwald Marbleiron
23
Marbleiron Marbleiron
Foxvale Foxvale
Woodice Woodice
Corbank Corbank
Ironriver Ironriver
Clearnesse Clearnesse
Ironshore Ironshore
Freyview Freyview
Violetley Violetley
Westvale Westvale
Courtcastle Courtcastle
Valhaven Valhaven
Newby Buttermead Newby
Foxhaven Foxhaven
Courtwall Courtwall
Eriwall Eriwall Oldmoor
Dellwyn Dellwyn
Oakmere Oakmere
Butterbush Butterbush
Morwall Morwall
Goldwyvern Goldwyvern
Esterfall Esterfall
Morwald Morwald
