Marbleiron Wildemarsh Clearnesse Stonefair Esterash Morwall Foxvale Freyview Bluedell Courtwall Greyice Ironriver Eastcastle Courtcastle Brightmere Westmill Butterbush Woodice Eriwall Fairsage Dellwyn Foxhaven Buttermead Rosemill Oakmere Southwheat Wellmage Corbank Greenshore Violetley Erilyn Newby Westerlight Valhaven Oldmoor Goldwyvern Wolflea Bushgate Irondeer Westvale Lochmage Esterfall Lightmere Ironshore Clearland Shoreburn Newley Stoneglass Morwald Marbleiron
49
Marbleiron Marbleiron
Wildemarsh Wildemarsh
Clearnesse Clearnesse
Stonefair Stonefair
Esterash Esterash
Morwall Morwall
Foxvale Foxvale
Freyview Freyview
Bluedell Bluedell
Courtwall Courtwall
Greyice Greyice
Ironriver Ironriver
Eastcastle Eastcastle
Courtcastle Courtcastle
Brightmere Brightmere
Westmill Westmill
Butterbush Butterbush
Woodice Woodice Snowshore
Eriwall Eriwall
Fairsage Fairsage
Dellwyn Dellwyn
Foxhaven Foxhaven
Buttermead Buttermead
Rosemill Rosemill
Oakmere Oakmere
Southwheat Southwheat
Wellmage Wellmage
Corbank Corbank
Greenshore Greenshore
Violetley Violetley
Erilyn Erilyn
Newby Newby
Westerlight Westerlight
Valhaven Valhaven
Oldmoor Oldmoor
Goldwyvern Goldwyvern
Wolflea Wolflea
Bushgate Bushgate
Irondeer Irondeer
Westvale Westvale
Lochmage Lochmage
Esterfall Esterfall
Lightmere Lightmere
Ironshore Ironshore
Clearland Clearland
Shoreburn Shoreburn
Newley Newley
Stoneglass Stoneglass
Morwald Morwald
