Marbleiron Janholt Valhaven Wellbank Snowsage Goldwyvern Southpine Greenshore Bluedell Corbank Bushgate Westerlight Bluewyn Violetley Springfox Starryhill Ostwynne Fairice Freymere Northwynne Eriwall Wolflea Flowerfield Courtwall Clearland Morwald Butterhill Lochmage Irondeer Freyview Wellmage Esterfall Rosegate Orbarrow Butterbush Fogland Wildemarsh Brightmere Fieldedge Blackbush Clearnesse Silverwitch Ironshore Ironriver Newmill Stoneglass Dellwyn Mistshore Deephedge Redwell Erilyn Lightmere Goldcrest Stonefair Brightrock Buttermead Courtedge Coldville Windbridge Oldmoor Wooddell Mallowness Greyice Westvale Flowermill Morwall Bluelake Redlake Applecastle Violetfay Esterash Newley Northriver Woodice Mallowway Shoreburn Snowshore Silverbarrow Courtcastle Eastcastle Summermage Foxvale Highmont Southwheat Icenesse Rosemill Foxhaven Westmill Strongfall Fairsage Silverlea Seamoor Mallowbridge Oakmere Orfort Bluedale Verthedge Greensummer Marbleiron
98
Marbleiron Marbleiron
Janholt Janholt
Valhaven Valhaven
Wellbank Wellbank
Snowsage Snowsage
Goldwyvern Goldwyvern
Southpine Southpine
Greenshore Greenshore
Bluedell Bluedell
Corbank Corbank
Bushgate Bushgate
Westerlight Westerlight
Bluewyn Bluewyn
Violetley Violetley
Springfox Springfox
Starryhill Starryhill
Ostwynne Ostwynne
Fairice Fairice
Freymere Freymere
Northwynne Northwynne
Eriwall Eriwall
Wolflea Wolflea
Flowerfield Flowerfield
Courtwall Courtwall
Clearland Clearland
Morwald Morwald
Butterhill Butterhill
Lochmage Lochmage
Irondeer Newby Irondeer
Freyview Freyview
Wellmage Wellmage
Esterfall Esterfall
Rosegate Rosegate
Orbarrow Orbarrow
Butterbush Butterbush
Fogland Fogland
Wildemarsh Wildemarsh
Brightmere Brightmere
Fieldedge Fieldedge
Blackbush Blackbush
Clearnesse Clearnesse
Silverwitch Silverwitch
Ironshore Ironshore
Ironriver Ironriver
Newmill Newmill
Stoneglass Stoneglass
Dellwyn Dellwyn
Mistshore Mistshore
Deephedge Deephedge
Redwell Redwell
Erilyn Erilyn
Lightmere Lightmere
Goldcrest Goldcrest
Stonefair Stonefair
Brightrock Brightrock
Buttermead Buttermead
Courtedge Courtedge
Coldville Coldville
Windbridge Windbridge
Oldmoor Oldmoor
Wooddell Wooddell
Mallowness Mallowness
Greyice Greyice
Westvale Westvale
Flowermill Flowermill
Morwall Morwall
Bluelake Bluelake
Redlake Redlake
Applecastle Applecastle
Violetfay Violetfay
Esterash Esterash Butterway
Newley Newley
Northriver Northriver
Woodice Woodice
Mallowway Mallowway
Shoreburn Shoreburn
Snowshore Snowshore
Silverbarrow Silverbarrow
Courtcastle Courtcastle
Eastcastle Eastcastle
Summermage Summermage
Foxvale Foxvale
Highmont Highmont
Southwheat Southwheat
Icenesse Icenesse
Rosemill Rosemill
Foxhaven Foxhaven
Westmill Westmill
Strongfall Strongfall
Fairsage Fairsage
Silverlea Silverlea
Seamoor Seamoor
Mallowbridge Mallowbridge
Oakmere Oakmere
Orfort Orfort
Bluedale Bluedale
Verthedge Verthedge
Greensummer Greensummer
