1 88 31 61 100 10 118 13 92 124 92 179 76 97 101 52 101 170 73 136 73 170 58 170 121 192 175 192 103 98 184 109 34 51 197 115 105 164 84 7 19 43 72 79 72 21 67 21 182 190 182 85 133 106 181 8 142 122 71 64 119 94 139 94 27 165 40 165 55 2 46 25 70 96 118 45 22 45 4 157 110 154 193 154 196 37 160 74 127 113 86 180 145 171 49 162 119 163 79 112 79 72 21 151 153 148 5 28 10 118 166 47 178 106 181 169 181 32 187 128 6 130 167 69 77 152 91 152 90 25 16 11 95 68 89 172 145 180 82 107 197 115 88 1
112
1 1
88 88
31 31
61 61
100 100
10 10
118 118
13 13
92
124 124
179
76 76
97 97
101
52 52
170
73 73
136 136
58 58
121 121
192
175 175
103 103
98
184 184
109 109
34 34
51
197
115 115
105
164
84
7 7
19 19
43 43
72
79 79
21
67 67
182
190 190
85 85
133 133
106 106
181 181
8
142 142
122
71
64 64
119
94 94
139 139
27
165
40 40
55 55
2
46 46
25 25
70 70
96
45
22 22
4 4
157 157
110
154 154
193 193
196 196
37 37
160 160
74
127 127
113
86
180
145 145
171
49 49
162
163 163
112 112
151 151
153
148 148
5
28 28
166 166
47
178 178
169 169
32
187 187
128
6
130 130
167
69
77
152
91 91
90
16 16
11
95
68
89
172 172
82 82
107
