FacultyClub IRLE Cheit Wheeler EarthquakeLibrary Durham MartinezCommons UniversityHouse SproulPlaza OptometryLibrary Library AndersenAuditorium Stephens Morrison StowPlaza Sproul AnthropologyLibrary Birge FPF MelvinLaboratory Koshland OBrien EarthLibrary StudentUnion SutardjaDai Warren PacificFilmArchive Manville Unit3 HearstGym EnergyBuilding McCone InternationalHouse McCone Mulford NewspapersLibrary LawrenceofScience BancroftDance ArtHistoryLibrary MediaCenter BioscienceLibrary CITRIS MLK Etcheverry DonnerLaboratory FacultyClub
44
FacultyClub FacultyClub
IRLE IRLE
Cheit Cheit
Wheeler Wheeler
EarthquakeLibrary EarthquakeLibrary
Durham Durham
MartinezCommons Investigative MartinezCommons
UniversityHouse UniversityHouse
SproulPlaza SproulPlaza
OptometryLibrary OptometryLibrary
Library Library
AndersenAuditorium AndersenAuditorium
Stephens Stephens
Morrison Morrison
StowPlaza CareerCenter StowPlaza
Sproul Sproul
AnthropologyLibrary AnthropologyLibrary
Birge Birge
FPF FPF
MelvinLaboratory MelvinLaboratory
Koshland Koshland
OBrien OBrien Spieker
EarthLibrary EarthLibrary
StudentUnion StudentUnion
SutardjaDai SutardjaDai
Warren Warren
PacificFilmArchive PacificFilmArchive
Manville Manville
Unit3 Pimentel Jacobs Unit3
HearstGym HearstGym
EnergyBuilding BrainImagingCenter EnergyBuilding
McCone
InternationalHouse InternationalHouse
Mulford Mulford
NewspapersLibrary NewspapersLibrary
LawrenceofScience LawrenceofScience
BancroftDance BancroftDance
ArtHistoryLibrary ArtHistoryLibrary
MediaCenter MediaCenter
BioscienceLibrary BioscienceLibrary Hilgard
CITRIS CITRIS
MLK
Etcheverry Etcheverry
DonnerLaboratory SpringerGateway DonnerLaboratory
