FacultyClub EarthquakeLibrary Morrison Sproul BanwayBuilding BerkeleyLawLibrary MathLibrary Koshland MSRI LawSchool Boalt ArtHistoryLibrary Durham HaasClubhouse Unit3 BerkeleyWayWest LatinAmerican EngineeringLibrary FoundersRock SEAsianLibrary Warren UniversityHouse CesarChavez MartinezCommons PacificFilmArchive Cheit StowPlaza HearstGreekTheatre InternationalHouse Davis FoxCottage SimpsonCenter Latimer SummerSession MaxwellField VisualCenter AndersenAuditorium Soda CareerCenter Wheeler Wellman EnergyBuilding IdaHouse Stephens Birge LeConte Campbell IRLE SpringerGateway AlumniHouse Hildebrand Mulford BancroftDance Giauque Spieker MLK BancroftLibrary SutardjaDai FPF HealthServices EastAsianLibrary PhysicsLibrary Pimentel NorthGate EarthLibrary Underhill Etcheverry SproulPlaza LawrenceofScience StudentUnion AnthropologyLibrary NewspapersLibrary HearstFieldAnnex McCone OptometryLibrary Jacobs BioscienceLibrary HearstFountain Stanley VLSB Senior EthnicLibrary MelvinLaboratory Investigative MediaCenter DonnerLaboratory TAAP Manville SocialLibrary BrainImagingCenter WooHonFai Bechtel Bowles FacultyClub
93
FacultyClub FacultyClub
EarthquakeLibrary EarthquakeLibrary
Morrison Morrison
Sproul Sproul
BanwayBuilding BanwayBuilding
BerkeleyLawLibrary CITRIS BerkeleyLawLibrary
MathLibrary MathLibrary
Koshland Koshland
MSRI MSRI
LawSchool LawSchool
Boalt Boalt
ArtHistoryLibrary ArtHistoryLibrary
Durham Durham
HaasClubhouse
Unit3 Unit3
BerkeleyWayWest BerkeleyWayWest
LatinAmerican LatinAmerican
EngineeringLibrary EngineeringLibrary
FoundersRock FoundersRock
SEAsianLibrary SEAsianLibrary
Warren Warren Durant
UniversityHouse UniversityHouse
CesarChavez CesarChavez
MartinezCommons MartinezCommons
PacificFilmArchive PacificFilmArchive
Cheit Cheit
StowPlaza StowPlaza
HearstGreekTheatre HearstGreekTheatre
InternationalHouse InternationalHouse
Davis Davis
FoxCottage FoxCottage
SimpsonCenter SimpsonCenter
Latimer Latimer
SummerSession
MaxwellField MaxwellField
VisualCenter VisualCenter
AndersenAuditorium AndersenAuditorium
Soda Soda
CareerCenter CareerCenter
Wheeler Wheeler
Wellman Wellman
EnergyBuilding EnergyBuilding
IdaHouse IdaHouse
Stephens OBrien Stephens
Birge Birge
LeConte LeConte
Campbell Campbell
IRLE IRLE
SpringerGateway SpringerGateway
AlumniHouse AlumniHouse
Hildebrand Hildebrand
Mulford Mulford
BancroftDance BancroftDance
Giauque Giauque
Spieker Spieker
MLK MLK
BancroftLibrary Library BancroftLibrary
SutardjaDai SutardjaDai
FPF FPF
HealthServices HealthServices
EastAsianLibrary Evans EastAsianLibrary
PhysicsLibrary PhysicsLibrary
Pimentel Pimentel HearstGym
NorthGate NorthGate
EarthLibrary EarthLibrary
Underhill Underhill
Etcheverry Etcheverry
SproulPlaza SproulPlaza
LawrenceofScience LawrenceofScience
StudentUnion StudentUnion
AnthropologyLibrary AnthropologyLibrary
NewspapersLibrary NewspapersLibrary
HearstFieldAnnex HearstFieldAnnex
McCone McCone
OptometryLibrary OptometryLibrary
Jacobs Jacobs
BioscienceLibrary BioscienceLibrary
HearstFountain HearstFountain
Stanley Stanley
VLSB VLSB
Senior Senior
EthnicLibrary EthnicLibrary
MelvinLaboratory MelvinLaboratory
Investigative Investigative
MediaCenter MediaCenter UpperHearstParking
DonnerLaboratory Hilgard DonnerLaboratory
TAAP TAAP
Manville Manville
SocialLibrary SocialLibrary
BrainImagingCenter BrainImagingCenter
WooHonFai WooHonFai
Bechtel Bechtel
Bowles AquaticCenter Bowles
