FacultyClub Etcheverry HearstGym BioscienceLibrary OBrien PacificFilmArchive LawrenceofScience Mulford Morrison BrainImagingCenter Spieker Unit3 CareerCenter Wheeler Durham MartinezCommons SproulPlaza Cheit Hilgard Manville SutardjaDai UniversityHouse FPF EarthquakeLibrary FacultyClub
24
FacultyClub FacultyClub
Etcheverry Etcheverry
HearstGym HearstGym
BioscienceLibrary BioscienceLibrary
OBrien OBrien Library
PacificFilmArchive PacificFilmArchive
LawrenceofScience LawrenceofScience
Mulford Mulford
Morrison Morrison
BrainImagingCenter StudentUnion BrainImagingCenter
Spieker Spieker
Unit3
CareerCenter CareerCenter
Wheeler Wheeler
Durham Durham
MartinezCommons
SproulPlaza SproulPlaza
Cheit Cheit
Hilgard Hilgard
Manville Pimentel Manville
SutardjaDai SutardjaDai
UniversityHouse UniversityHouse
FPF FPF
EarthquakeLibrary EarthquakeLibrary
