0 60 112 56 19 82 38 85 75 97 199 13 133 26 134 117 158 172 153 35 74 173 94 32 181 88 47 33 8 171 180 51 145 49 178 93 197 123 154 92 91 96 106 195 119 143 167 162 64 69 124 102 65 191 76 58 114 140 149 67 18 139 103 105 161 188 141 25 90 46 71 177 15 55 17 131 99 87 48 174 136 83 169 168 132 113 52 120 148 135 44 80 175 144 77 0
95
0
60 60 155
112 112
56 56
19 19
82 82
38 38
85 85
75 75
97 97
199 199
13 3 13
133 133
26 26
134 134
117 117
158 158
172 172
153 153
35 35
74 74
173 173
94 94
32 32 42
181 181
88 88
47 47
33 33 170
8 8
171 171
180 180
51 51
145 145
49 49
178 178
93 93
197 197
123 123
154 154
92 92
91 91
96 96
106 106
195 195
119 119
143 143
167 167
162 162
64 64
69 69
124 124
102 102
65 65
191 191
76 76
58 58
114 114
140 140
149 149
67 67
18 18
139 139
103 103
105 105
161 161
188 188
141 141
25 25
90 90
46 46
71 71 73
177 177
15 15
55 55
17 17
131 131
99 99
87 87
48 48
174 174
136 136
83 83
169 169
168 168
132 132
113 113
52 52
120 120
148 148
135 135
44 44
80 80
175 175
144
77 77
