1 19 38 28 18 39 3 99 16 99 25 4 50 29 20 51 44 24 69 15 31 40 22 12 13 60 30 21 53 26 46 42 49 42 14 43 9 88 36 5 6 82 32 33 34 23 98 8 45 37 48 27 41 92 10 92 11 67 56 44 18 35 47 38 19 1
58
1
19 19
38 38
28 28
18 17 18
39 39
3 3
99
16 16
25 25
4 4
50 50
29 29
20 20
51 51
44 44
24 24
69
15 2 15
31 31
40 40
22 22
12 12
13 13
60
30 30
21 21
53
26 26
46 46
42 42
49 49
14 14
43 43
9 9
88
36 36
5 5
6 6
82
32 32
33 33
34 34
23 23
98
8 8
45 45
37 37
48 48
27 27
41 41
92
10 10
11 11
67
56 7
35 35
47 47
