1 23 27 17 63 12 63 14 89 20 80 35 7 82 40 82 39 16 31 22 2 22 93 42 93 67 69 88 50 19 99 36 79 37 51 98 13 98 11 100 95 100 20 15 20 33 86 64 3 9 10 90 68 90 10 9 14 97 8 97 14 26 43 5 43 69 34 69 38 52 65 52 38 69 67 57 67 54 30 54 67 60 31 16 94 25 94 47 94 16 29 16 31 60 67 69 38 32 6 81 61 81 6 32 38 98 91 46 75 46 91 98 38 37 79 36 53 71 48 71 53 36 99 19 50 14 63 66 27 23 1
73
1
23 23
27
17 17
63 63
12 12
14
89 89
20 20
80 80
35 35
7 7
82 82
40 40
39
16
31 31
22 22
2 2
93
42 42
67 67
69 69
88 88
50 50
19 19
99
36
79 79
37
51 51
98
13 13
11 11
100 100
95 95
15 15
33
86 86
64 64
3
9 9
10 10
90
68 68
97 97
8 8
26 26
43
5 5
34 34
38
52 52
65 65
57 57
54 54
30 30
60 60
94 94
25 25
47 47
29 29
32
6
81
61 61
91
46
75 75
53
71
48 48
66
