Home0 Home166 Home45 Home60 Home16 Home131 Home2 Home134 Home62 Home152 Home62 Home127 Home7 Home36 Home103 Home88 Home11 Home88 Home149 Home20 Home31 Home172 Home40 Home110 Home79 Home165 Home170 Home100 Home67 Home100 Home138 Home125 Home32 Home154 Home29 Home37 Home29 Home48 Home29 Home96 Home44 Home53 Home174 Home86 Home5 Home124 Home5 Home63 Home83 Home27 Home111 Home34 Home173 Home34 Home176 Home52 Home66 Home91 Home115 Home120 Home69 Home120 Home25 Home74 Home12 Home140 Home50 Home14 Home93 Home157 Home92 Home84 Home13 Home37 Home114 Home73 Home106 Home73 Home28 Home35 Home143 Home122 Home143 Home82 Home177 Home82 Home26 Home121 Home75 Home81 Home168 Home105 Home76 Home5 Home78 Home144 Home145 Home171 Home15 Home53 Home164 Home53 Home97 Home161 Home73 Home28 Home64 Home87 Home135 Home26 Home2 Home132 Home3 Home89 Home119 Home55 Home119 Home60 Home136 Home147 Home51 Home30 Home47 Home49 Home11 Home10 Home1 Home10 Home156 Home163 Home6 Home128 Home112 Home122 Home78 Home5 Home167 Home56 Home150 Home28 Home126 Home28 Home67 Home100 Home166 Home0
114
Home0
Home166
Home45 Home45
Home60 Home60
Home16 Home16
Home131 Home131
Home2
Home134 Home134
Home62 Home62
Home152 Home152
Home127 Home127
Home7 Home7
Home36 Home36
Home103 Home103
Home88 Home88
Home11 Home11
Home149 Home149
Home20 Home20
Home31 Home31
Home172 Home172
Home40
Home110 Home110
Home79
Home165 Home165
Home170 Home4 Home170
Home100 Home100
Home67 Home67
Home138 Home43
Home125 Home125
Home32 Home32
Home154 Home154
Home29
Home37 Home37
Home48 Home48
Home96 Home96
Home44 Home44
Home53 Home53
Home174
Home86 Home86
Home5 Home5
Home124 Home124
Home63 Home63
Home83 Home83
Home27 Home27
Home111 Home111
Home34 Home34
Home173 Home173
Home176 Home176
Home52
Home66 Home66
Home91 Home91
Home115
Home120 Home120
Home69 Home69
Home25 Home25
Home74 Home74
Home12
Home140
Home50 Home50
Home14
Home93
Home157 Home157
Home92 Home92
Home84
Home13 Home13
Home114 Home114
Home73
Home106 Home106
Home28
Home35 Home35
Home143 Home143
Home122 Home122
Home82 Home82
Home177 Home177
Home26 Home26
Home121
Home75 Home75
Home81 Home81
Home168
Home105 Home105
Home76 Home76
Home78
Home144 Home144
Home145
Home171 Home171
Home15 Home15
Home164 Home164
Home97 Home97
Home161 Home161
Home64 Home64
Home87 Home87
Home135 Home135
Home132 Home132
Home3 Home3
Home89 Home89
Home119
Home55 Home55
Home136 Home136
Home147 Home147
Home51 Home51
Home30
Home47 Home47
Home49
Home10
Home1 Home1
Home156 Home156
Home163
Home6
Home128 Home128
Home112 Home112
Home167 Home167
Home56
Home150
Home126 Home126
