Home0 Home39 Home41 Home39 Home0 Home42 Home60 Home55 Home30 Home13 Home17 Home82 Home48 Home84 Home40 Home68 Home35 Home16 Home38 Home31 Home32 Home88 Home85 Home12 Home85 Home88 Home49 Home9 Home28 Home9 Home49 Home83 Home63 Home66 Home63 Home69 Home6 Home45 Home74 Home80 Home17 Home82 Home15 Home10 Home57 Home10 Home15 Home82 Home17 Home71 Home78 Home11 Home78 Home72 Home1 Home86 Home24 Home4 Home27 Home4 Home24 Home86 Home35 Home16 Home88 Home33 Home88 Home16 Home35 Home39 Home0
46
Home0
Home39 Home39
Home41 Home41
Home42 Home42
Home60 Home60
Home55 Home55
Home30 Home5 Home30
Home13 Home13
Home17
Home82 Home82
Home48 Home48
Home84
Home40 Home40
Home68 Home68
Home35
Home16
Home38
Home31 Home31
Home32
Home88
Home85 Home85
Home12 Home12
Home49 Home49
Home9 Home9
Home28 Home28
Home83 Home83
Home63 Home63
Home66 Home66
Home69 Home69
Home6
Home45 Home45
Home74
Home80 Home80
Home15
Home10
Home57 Home57
Home71 Home71
Home78
Home11 Home11
Home72
Home1
Home86
Home24 Home62
Home4
Home27 Home27
Home33 Home33
