l1IIl1l IlI1Il1 l1IllI1 I1ll1II l1lllll lI1l111 1I11Ill lI1l111 11111lI 1I1l1Il Ill1I11 IlI1II1 lI11III Il1Il1I IIlIllI 1l11lII 11lI11I lII111l I1Ill1I I1llII1 l1lll11 1I1lllI lll1I1l lIllIll lIl111I II11l1l IIlI1lI II1Il1I IIlI1lI llIIII1 l1l1l1l IIl1l1I I1llll1 Ill11II 11IIII1 lIIlII1 111lI1I 1111I11 l1l11l1 1I1I1lI l1I111I 1lIl11I lll1111 l1IllI1 I11I111 ll111ll 1I1I1l1 lIIl11l IIlI1lI III111I IIlI1lI III1llI l1IIl1l
47
l1IIl1l l1IIl1l
IlI1Il1 IlI1Il1
l1IllI1 1llI111 l1IllI1
I1ll1II I1ll1II
l1lllll l1lllll 1IlIl1I
lI1l111 lI1l111
1I11Ill 1I11Ill
11111lI I11111l 11111lI
1I1l1Il 1I1l1Il
Ill1I11 Ill1I11
IlI1II1 IlI1II1
lI11III lI11III
Il1Il1I Il1Il1I
IIlIllI IIlIllI
1l11lII 1l11lII
11lI11I 11lI11I
lII111l lII111l
I1Ill1I
I1llII1 I1llII1
l1lll11 l1lll11 l1Ill11
1I1lllI 1I1lllI
lll1I1l lll1I1l
lIllIll lIllIll
lIl111I lIl111I
II11l1l II11l1l
IIlI1lI
II1Il1I II1Il1I
llIIII1 I111I1I llIIII1
l1l1l1l I11I11l
IIl1l1I IIl1l1I
I1llll1 I1llll1
Ill11II Ill11II
11IIII1 11IIII1
lIIlII1 lIIlII1
111lI1I 111lI1I
1111I11 llI1lII
l1l11l1 l1l11l1
1I1I1lI 1I1I1lI
l1I111I l1I111I
1lIl11I 1lIl11I
lll1111 1l1lIlI
I11I111 I11I111
ll111ll ll111ll
1I1I1l1 1I1I1l1
lIIl11l lIIl11l
III111I III111I
III1llI III1llI
