A BV AG H AZ BJ BR BL AC O AM AF J CO CD BK BN Q BE G BT M AH BB I BI Z CA BC N CU AP U K AL AX AN CK CV C AI P BQ AW CB AO CJ BZ V CM L Y BG BD AR BW AS F AJ E AY CQ CF CN AK D CH R AT X CE AB BA AQ BP CC BF AV CS AD BX BU BM B CP BS S CL AA W CI AE CR BY T CT DY AU CG BO GB BH CF A
102
A A
BV BV
AG AG
H H
AZ AZ
BJ BJ
BR BR
BL BL
AC AC
O O
AM AM
AF AF
J J
CO CO
CD CD
BK BK
BN BN
Q Q
BE BE
G G
BT BT
M M
AH AH
BB BB
I I
BI BI
Z Z
CA CA
BC BC
N N
CU CU
AP AP
U U
K K
AL AL
AX AX
AN AN
CK CK
CV CV
C C
AI AI
P P
BQ BQ
AW AW
CB CB
AO AO
CJ CJ
BZ BZ
V V
CM CM
L L
Y Y
BG BG
BD BD
AR AR
BW BW
AS AS
F F
AJ AJ
E E
AY AY
CQ CQ
CF CF
CN CN
AK AK
D D
CH CH
R R
AT AT
X X
CE CE
AB AB
BA BA
AQ AQ
BP BP
CC CC
BF BF
AV AV
CS CS
AD AD
BX BX
BU BU
BM BM
B B
CP CP
BS BS
S S
CL CL
AA AA
W W
CI CI
AE AE
CR CR
BY BY
T T
CT CT
DY
AU AU
CG CG
BO BO
GB
BH BH
