0 36 76 36 21 36 48 36 80 36 91 36 71 36 35 36 58 36 5 36 30 36 56 36 43 36 10 36 16 36 89 36 92 36 66 36 34 36 37 36 41 36 42 36 98 36 15 36 29 36 11 36 78 36 18 36 50 36 7 36 25 36 73 36 51 36 19 36 88 36 81 36 55 36 61 36 74 36 17 36 4 36 65 36 44 36 6 36 77 36 40 36 45 36 59 36 32 60 32 39 32 36 0
52
0 0
36
76 76
21 21
48 48
80 80
91 91
71 71
35 35
58 58
5 5
30 30
56 56
43 43
10 10
16 16
89 89
92 92
66 66
34 34
37 37
41 41
42 42
98 98
15 15
29 29
11 11
78 78
18 18
50 50
7 7
25 25
73 73
51 51
19 19
88 88
81 81
55 55
61 61
74 74
17 17
4 4
65 65
44 44
6 6
77 77
40 40
45 45
59 59
32
60 60
39 39
