0 50 164 50 40 50 27 50 181 50 83 50 113 50 88 50 80 50 161 50 177 50 89 50 61 50 172 50 102 50 162 50 187 50 9 50 144 50 23 50 133 50 129 50 126 50 148 50 115 50 125 50 180 50 38 50 169 50 53 50 118 50 185 50 71 50 120 50 57 50 136 50 49 50 197 50 18 50 121 50 111 50 76 50 138 50 182 50 157 50 41 50 127 50 128 50 134 50 142 50 14 50 86 50 10 50 156 50 186 50 4 50 69 50 56 50 47 50 99 50 153 50 179 50 92 50 108 50 13 50 54 50 139 50 7 50 195 50 101 50 110 50 96 50 29 50 124 50 36 50 44 50 81 50 107 50 1 50 25 50 198 50 176 50 31 50 141 50 170 50 147 50 85 50 78 50 30 50 82 50 77 50 143 50 146 50 112 50 117 50 123 50 51 50 55 50 109 62 109 84 109 50 0
102
0 0
50
164 164
40 40
27 27
181 181
83 83
113 113
88 88
80 80
161 161
177 177
89 89
61 61
172 172
102 102
162 162
187 187
9 9
144 144
23 23
133 133
129 129
126 126
148 148
115 115
125 125
180 180
38 38
169 169
53 53
118 118
185 185
71 71
120 120
57 57
136 136
49 49
197 197
18 18
121 121
111 111
76 76
138 138
182 182
157 157
41 41
127 127
128 128
134 134
142 142
14 14
86 86
10 10
156 156
186 186
4 4
69 69
56 56
47 47
99 99
153 153
179 179
92 92
108 108
13 13
54 54
139 139
7 7
195 195
101 101
110 110
96 96
29 29
124 124
36 36
44 44
81 81
107 107
1 1
25 25
198 198
176 176
31 31
141 141
170 170
147 147
85 85
78 78
30 30
82 82
77 77
143 143
146 146
112 112
117 117
123 123
51 51
55 55
109
62 62
84 84
