LU68 4P0LGP0 EFIKTK4Y0Y 8UPUEGO G4QE3I GH8C 3J6SSA 5HULMUDLAQ ZH2INF FPZT G90OCSZY FM2G14H8I H1LQ91V A118 9QJRN MXJIYJYNH4 LQQ5IH 4UE11 ZMZIWZ CKNDWG PUW25N 01G9IQ2 KCOFJD ARTWTP9 L2MG8NMU M71OYIS EEZS HQG39M ZRI9UW LM7KL5G3V O44VZ E37ZKA8WK 91ZONFE M35E QW15YTSV H41HZ6 E2DHWGC HM48FZD0 26PG GILAN21GR3 PMXEOGGIQ DNIV2BOR2P DST5W4G0 KBI1CALMNJ RP28W1 IHN21LA4 4VE7V DDB26ZHC SQLSVN 5XYO CXQDH6YMZ8 J2ETZ1C CV6NHW7M 7T8I47 ETNCY9XH2 YQB2CII950 VOAV 02X2C YDG8AEOM ETB2 2B1K6EW9CL LBR67PCKBJ 3IXHQXHYBV P6RI91D87 79KTC8AS9 W71YV1R66L 0TRB9358 G7PWWJ 8MDFNIK8AY MLKOJ 1UCE B690 L7QS0UEPJ Q7ZEY 7GAD3F CB93 GN4G0L2 HBQM42U VGYKKKOFLZ Q7Z37G5 FM2HEMVR1 ZZACWP ET82NVH9 7622OJ 2BLLD3SK E5HD GNVXN 8TH7QVQY YSRPP GLUWC ZMQ5BH M649OA E9DZLL 9V10EOH 9K8PLAET A8WYICH3 LU68
96
LU68 PIW6IC50D
4P0LGP0 4P0LGP0
EFIKTK4Y0Y EFIKTK4Y0Y
8UPUEGO 8UPUEGO
G4QE3I G4QE3I
GH8C GH8C
3J6SSA 3J6SSA
5HULMUDLAQ 5HULMUDLAQ
ZH2INF ZH2INF
FPZT FPZT
G90OCSZY G90OCSZY
FM2G14H8I FM2G14H8I
H1LQ91V H1LQ91V
A118 A118
9QJRN 9QJRN
MXJIYJYNH4 MXJIYJYNH4
LQQ5IH LQQ5IH
4UE11 4UE11
ZMZIWZ ZMZIWZ
CKNDWG CKNDWG
PUW25N 4C88SXD PUW25N
01G9IQ2 01G9IQ2
KCOFJD KCOFJD
ARTWTP9 ARTWTP9
L2MG8NMU
M71OYIS M71OYIS
EEZS EEZS
HQG39M HQG39M
ZRI9UW B3R68HYWZ
LM7KL5G3V LM7KL5G3V
O44VZ O44VZ
E37ZKA8WK E37ZKA8WK
91ZONFE 91ZONFE
M35E M35E
QW15YTSV QW15YTSV
H41HZ6 H41HZ6
E2DHWGC E2DHWGC
HM48FZD0 HM48FZD0
26PG 26PG
GILAN21GR3 GILAN21GR3
PMXEOGGIQ PMXEOGGIQ
DNIV2BOR2P DNIV2BOR2P
DST5W4G0 DST5W4G0
KBI1CALMNJ KBI1CALMNJ
RP28W1 RP28W1
IHN21LA4 IHN21LA4
4VE7V 4VE7V
DDB26ZHC DDB26ZHC
SQLSVN SQLSVN
5XYO 5XYO
CXQDH6YMZ8 CXQDH6YMZ8
J2ETZ1C J2ETZ1C
CV6NHW7M CV6NHW7M
7T8I47 7T8I47
ETNCY9XH2 ETNCY9XH2
YQB2CII950 YQB2CII950
VOAV VOAV
02X2C 02X2C C8WREP
YDG8AEOM DYYG23O
ETB2 ETB2
2B1K6EW9CL 2B1K6EW9CL
LBR67PCKBJ LBR67PCKBJ
3IXHQXHYBV 3IXHQXHYBV
P6RI91D87 P6RI91D87
79KTC8AS9 79KTC8AS9
W71YV1R66L W71YV1R66L
0TRB9358 0TRB9358
G7PWWJ FWM5C
8MDFNIK8AY 8MDFNIK8AY
MLKOJ MLKOJ JX6GCY
1UCE 1UCE YU3U1T
B690 B690
L7QS0UEPJ L7QS0UEPJ
Q7ZEY Q7ZEY
7GAD3F 7GAD3F
CB93 CB93
GN4G0L2 GN4G0L2
HBQM42U HBQM42U
VGYKKKOFLZ 6PVQIBNB9 VGYKKKOFLZ
Q7Z37G5 Q7Z37G5
FM2HEMVR1 FM2HEMVR1
ZZACWP ZZACWP
ET82NVH9 ET82NVH9
7622OJ 7622OJ
2BLLD3SK 2BLLD3SK
E5HD E5HD
GNVXN GNVXN
8TH7QVQY 8TH7QVQY
YSRPP YSRPP
GLUWC 3WJYJDDU
ZMQ5BH ZMQ5BH
M649OA M649OA
E9DZLL E9DZLL
9V10EOH 9V10EOH
9K8PLAET 9K8PLAET
A8WYICH3 A8WYICH3
