Q1GPNKF7O5 9XFF YXBMACC ZRYV5F WZ1MC3189 92R432 KRM4B PYD9SISJI R6VBAVZ0B PTWCQ ZY9VPYMXA PZMGYZL 4INC2D8SDN Z6H98 NSBI OXWYDF PTL1QU OK29GJ UVP4WIKK 399VM5PU6 1BZLEM FS1RWBVR7 Q1GPNKF7O5
22
Q1GPNKF7O5
9XFF 9XFF
YXBMACC YXBMACC
ZRYV5F ZRYV5F
WZ1MC3189 ICTGXV KSHB2KG WZ1MC3189
92R432 92R432
KRM4B KRM4B
PYD9SISJI PYD9SISJI
R6VBAVZ0B R6VBAVZ0B
PTWCQ PTWCQ
ZY9VPYMXA ZY9VPYMXA
PZMGYZL PZMGYZL
4INC2D8SDN 4INC2D8SDN
Z6H98 Z6H98 ER2YSPML1C
NSBI NSBI
OXWYDF BBFYA9B OXWYDF
PTL1QU PTL1QU
OK29GJ
UVP4WIKK UVP4WIKK
399VM5PU6 399VM5PU6
1BZLEM VFRT26 1BZLEM
FS1RWBVR7 FS1RWBVR7
