V1AX QU5Y0N2LQ VNCFO V7T5SI ODSGN281 XGYWBMTWT R2POU4T WQM0D4 AETBJC N26J6EU CXLQGGJ746 PQ09CSX QJ0LM8 5HGKBK JOBN3N PL0UHK SKLZM AO31B76 QHH48VD7JJ M6CD1Y F3YJ 0I7Y 6WSDW IEYK8 5N65HLXKU B0H9VDIK IQXEPH9QO K936 S657MFMG 19LN RX6VI SUC1CH EG23K QL51A0KUT O2N6HBZK8 7CRTCJA OJ27JN021 JSSS9HX U0LMCHUU 59E13RE 6HNG FPB1OLF3 ITHI7K6W1B QAL7Z5UN EHS8A V1AX
45
V1AX
QU5Y0N2LQ QU5Y0N2LQ
VNCFO VNCFO
V7T5SI QEAJAFMPY V7T5SI
ODSGN281 ODSGN281
XGYWBMTWT XGYWBMTWT
R2POU4T R2POU4T
WQM0D4 WQM0D4
AETBJC AETBJC
N26J6EU N26J6EU
CXLQGGJ746 CXLQGGJ746
PQ09CSX PQ09CSX
QJ0LM8 QJ0LM8
5HGKBK 5HGKBK
JOBN3N JOBN3N
PL0UHK PL0UHK F1G8HC
SKLZM SKLZM VNYZ5QVO77
AO31B76 AO31B76
QHH48VD7JJ 07XQDCJI QHH48VD7JJ
M6CD1Y M6CD1Y
F3YJ F3YJ
0I7Y V4R09 0I7Y
6WSDW 6WSDW
IEYK8 IEYK8
5N65HLXKU 5N65HLXKU
B0H9VDIK B0H9VDIK
IQXEPH9QO IQXEPH9QO
K936 K936
S657MFMG S657MFMG
19LN 19LN
RX6VI RX6VI
SUC1CH SUC1CH
EG23K EG23K
QL51A0KUT QL51A0KUT
O2N6HBZK8 O2N6HBZK8
7CRTCJA 7CRTCJA
OJ27JN021 OJ27JN021 2FB0FS3KWX
JSSS9HX JSSS9HX
U0LMCHUU U0LMCHUU
59E13RE 59E13RE
6HNG 6HNG
FPB1OLF3 FPB1OLF3
ITHI7K6W1B ITHI7K6W1B
QAL7Z5UN QAL7Z5UN
EHS8A EHS8A
