0 15 28 177 65 177 190 128 26 61 79 152 54 16 188 76 96 97 63 191 53 49 155 17 8 48 123 57 150 121 171 82 27 126 39 178 59 95 156 99 56 85 6 195 157 29 32 105 192 105 98 25 196 140 151 13 50 81 4 11 141 158 142 111 30 66 107 109 32 23 194 22 41 163 64 21 42 125 108 114 7 175 45 103 9 161 80 84 80 89 130 83 92 137 40 5 33 2 91 14 110 10 31 55 46 122 30 184 92 183 47 62 47 58 47 116 44 86 174 87 0
112
0 0 145
15 15
28
177 177
65 65
190 190
128 128
26 26
61 61
79
152 152
54
16 16
188 188
76 76
96 96
97 97
63 63
191 191
53 53
49 49
155 155
17 17
8 8
48 48 189
123 123
57 57
150 150
121 121
171 171
82 82
27 160
126 126
39 39
178 178
59 59
95 95
156 156
99 99
56 56
85 85
6 6 51
195 195
157 157
29 29
32
105 105
192 192
98 98
25 25
196 196
140
151 151
13 13 180
50 50
81 81
4 4
11 11
141
158 158
142 142
111
30
66 66
107 107
109 109
23 23
194 194
22
41
163 163
64 64
21 21
42
125 125
108 108
114 114
7
175 175
45
103 103
9 9
161 161
80
84 84 101
89 89
130 130
83 36
92 92
137 137 197
40 40 88
5 5
33 33
2 2
91 91
14 14
110 110
10
31
55 55
46 100
122 122
184 184
183 183
47
62 62
58 58
116
44 44
86
174 174
87 87
