122gt ElUTL D FL4V06094CU0zO3gJava H6pXAnE0KypnExX SmI7f 48783322I5q9PFVPT TU76UjE52906 4 KpBvy 4l4aqvNKB k 3k k r ICQxh0Q58799CUd2 B4mQOl023dn1 y 0CwgepgS85xC4gx KKUFV29x8iO 1 5 fgM12T WMY0xVk9j8T6Ly eqYzN7b19UgNo1K WMY0xVk9j8T6Ly fgM12T 6RiHvQ4xTN5 9vq8gscs7dz1 eDv5MBdo 5Qkzz260R7 eDv5MBdo MVvh 11l6P71DgEau1baEX4 xaM1q4jQi3efYb0 2qgWbB40Ya16 MY3aL96Y u3Qv 42U0k6JhTQxPvUw8 u3Qv EnhLq7BgTj8IN3Z2m u3Qv DUiYDuR9yYFD5 UH4Lf7FAuZoT4lv2 YKpC4gQmPKaU311w9eOT O41Muu 95fufpL7BuUW8Mng00jE O58T a 845LWU7Kg6167HQY i7lmV5iDIgl5f 8M2OK8Px58 geUO1h 77yN7eHZwfF99R2 TBk5Pt5vt5SInt 7L J 672Pt4Ytw8LW J X6SrYf57mSUQQ28C NQ3vX6W6H74aK53np SpXOzJq05hvQH12ugJr5 HDLHc5Kdk SL88w66v7 HDLHc5Kdk N8191M9E9v 9 7qu 3i80K09a pbE3R4QsB76l YLKBD54k pbE3R4QsB76l r k 3k 3 5CCl0n2r5512 B4PF77lpCQJ5dlK NGDVzC A27tk2Y00r8N9l ZT3 95E0752p51t dw6Yuyls1ZilP493g91O KpBvy 4 0CwgepgS85xC4gx KKUFV29x8iO ftk2 KKUFV29x8iO 122gt
72
122gt 122gt
ElUTL ElUTL
D D
FL4V06094CU0zO3gJava
H6pXAnE0KypnExX H6pXAnE0KypnExX
SmI7f SmI7f
48783322I5q9PFVPT 48783322I5q9PFVPT
TU76UjE52906 TU76UjE52906
4 4
KpBvy KpBvy
4l4aqvNKB 4l4aqvNKB
k
3k 3k
r r
ICQxh0Q58799CUd2 ICQxh0Q58799CUd2
B4mQOl023dn1 B4mQOl023dn1
y y
0CwgepgS85xC4gx
KKUFV29x8iO KKUFV29x8iO
1
5 5
fgM12T fgM12T
WMY0xVk9j8T6Ly
eqYzN7b19UgNo1K eqYzN7b19UgNo1K
6RiHvQ4xTN5 6RiHvQ4xTN5
9vq8gscs7dz1
eDv5MBdo eDv5MBdo
5Qkzz260R7 5Qkzz260R7
MVvh MVvh
11l6P71DgEau1baEX4 11l6P71DgEau1baEX4
xaM1q4jQi3efYb0 xaM1q4jQi3efYb0
2qgWbB40Ya16 2qgWbB40Ya16
MY3aL96Y MY3aL96Y
u3Qv u3Qv
42U0k6JhTQxPvUw8 42U0k6JhTQxPvUw8
EnhLq7BgTj8IN3Z2m EnhLq7BgTj8IN3Z2m
DUiYDuR9yYFD5 DUiYDuR9yYFD5
UH4Lf7FAuZoT4lv2
YKpC4gQmPKaU311w9eOT YKpC4gQmPKaU311w9eOT
O41Muu O41Muu
95fufpL7BuUW8Mng00jE
O58T O58T
a
845LWU7Kg6167HQY 845LWU7Kg6167HQY
i7lmV5iDIgl5f
8M2OK8Px58 8M2OK8Px58
geUO1h geUO1h
77yN7eHZwfF99R2
TBk5Pt5vt5SInt TBk5Pt5vt5SInt
7L 7L
J
672Pt4Ytw8LW 672Pt4Ytw8LW
X6SrYf57mSUQQ28C X6SrYf57mSUQQ28C
NQ3vX6W6H74aK53np NQ3vX6W6H74aK53np
SpXOzJq05hvQH12ugJr5
HDLHc5Kdk
SL88w66v7 SL88w66v7
N8191M9E9v
9 9
7qu
3i80K09a
pbE3R4QsB76l
YLKBD54k YLKBD54k
3 3
5CCl0n2r5512 5CCl0n2r5512
B4PF77lpCQJ5dlK
NGDVzC
A27tk2Y00r8N9l
ZT3 ZT3
95E0752p51t 95E0752p51t
dw6Yuyls1ZilP493g91O
ftk2 ftk2
