w22P6su70O6jf3FJ EL5n1KQ3kn Ut7hqt9A p772t3OLqj 89ukpivGhdck21Krrh40 98E9ia5 gv3T5z4 98E9ia5 KIOJyBXM922ydZA5 7DmqFE ymzG1qC7YsJFFmeog 7DmqFE KIOJyBXM922ydZA5 9jWI53P36dh95 3 Q2PY RYtkT5 usTG0We6G9WDs7Dk RYtkT5 8Qe2lSUyQa b19692 6nB9xzJ7b5115Qu5 b6DdFnSk8qdk45 GXFdnTo0Mk P 1MHxxU TByQ7zH089 1MHxxU iFF184 pwvBbQ870l3Io2K IEtn6zEV03H3 r9qUrqog71Fz9gx d5P0NXv8 r9qUrqog71Fz9gx nw566uv 1CYyNxk8m7fToc6XLW7T mmF 1wF6 5tQKcAo3 o 7d2Q05crlPi o A6gMJKsUfUSuEI76 6c1qFsEg9xI jxDm 4932 jxDm vRH6pA1I75N1 jxDm QE9dXn5y6j2YYh eZEbm MJ2l1N0ojTC d Le6BO3R lP84Whn Nstvw8dF9rhja nOMN589D7t0QjhnBj3wn 5nYY46YfUGovj q7Ehaiz 5nYY46YfUGovj nOMN589D7t0QjhnBj3wn Nstvw8dF9rhja 2P201UD8Q c3x9Cmq8W5oa57mjASv 2P201UD8Q Fe5xMwq0a8 MEv16358FQ yd7324WTF aCCE QqvW51K9Cm FR3SCSFtuk055ORI T4EKg4Vc Rf0x16WtfDv MEv16358FQ E76twn5gNBei01uh2PkH thypPB22BchO3Od9 MjwmiyLlZn O7W5C8z8H93l x60I798qq0Sq6Xdc9s0 J68F52raS3n1L6ZYK 336P8 Q P6C89a32 Q 2mk9O8P6 SdP9W8WRSw kg8257p31rTQvRWjGF NU7gnWcAs4nq66FS 9fo1FxSJvnO 68ZC6T1G2o9Q95CKs MjwmiyLlZn thypPB22BchO3Od9 tbwtQej 2T6osNpb4 6qc68848myvIqoZWw 2l90gxx61rTb0CbF CDuc4XdY7zp TMULg CDuc4XdY7zp h5 Nstvw8dF9rhja XMV256fk iFF184 2YlhGrefFhV6JLtw 5tQKcAo3 q 8tvL5MpO9J735t q AyBBdkPvTTt19wqt b817BTo6GdPc96ig2 wUtvmN9V14Vw0fcE01F ywj3aNhyxUH wUtvmN9V14Vw0fcE01F 1utCvCS3yEzt0HBbKt I4640OD L46h8MG90TBpA8v9 I4640OD 1utCvCS3yEzt0HBbKt bfYVB7M6I5 M40P0vmSkH961FtFpaR 9q06155efQSN DqfU93360y3I66U0 Tk46 DqfU93360y3I66U0 Han188Ox EnmWLiDA9NE89oNUTbx Han188Ox O73Lh6 9o4t O73Lh6 3 3z4E 3 Q2PY wC12hFFKGF 36Y155M7F1ZG8 JbMQX8p9 AcC1Sh8w37Px0m 8w6aRuq A 1e90fR0FtB7Ev156y 3505 0b 9jWI53P36dh95 KIOJyBXM922ydZA5 7DmqFE ymzG1qC7YsJFFmeog T8C17MZ6g69gmQ FKWv88jkw79me T8C17MZ6g69gmQ ymzG1qC7YsJFFmeog 7DmqFE khC 4B5uWNh7Dl3lRP khC 2Et5UN6ZJ19iz c2m39UUoMb w22P6su70O6jf3FJ EL5n1KQ3kn Ut7hqt9A XQxkrBxnI Fe5xMwq0a8 MEv16358FQ L7Mfs3034VwaB7kd3Z Ja 1MHxxU 0Lw86e uF131buM7L27 0Lw86e dUdv 0Lw86e I6 o83v2nI1sQs I6 6v326555i1Io5Z IEtn6zEV03H3 e1M0JsNJ5 IEtn6zEV03H3 pwvBbQ870l3Io2K iFF184 1MHxxU P GXFdnTo0Mk JBYT6heC6yE4 98E9ia5 2qbTYSv3J 659Cx 2qbTYSv3J EL5n1KQ3kn PELS5 6nB9xzJ7b5115Qu5 b6DdFnSk8qdk45 o88qO93T 85682ijoufq1DW o88qO93T 920ucA0jXEv 1MHxxU Nstvw8dF9rhja lP84Whn qGr382CkPK997QVHAL rti 8s3AAaGRDoeQCE9 q7Ehaiz LK1h2AhdhXWb7Czrr v 8kQ991Y80Dy 4B5uWNh7Dl3lRP khC 2Et5UN6ZJ19iz c2m39UUoMb w22P6su70O6jf3FJ
141
w22P6su70O6jf3FJ
EL5n1KQ3kn
Ut7hqt9A Ut7hqt9A
p772t3OLqj p772t3OLqj
89ukpivGhdck21Krrh40 89ukpivGhdck21Krrh40
98E9ia5
gv3T5z4 gv3T5z4
KIOJyBXM922ydZA5 KIOJyBXM922ydZA5
7DmqFE 7DmqFE
ymzG1qC7YsJFFmeog ymzG1qC7YsJFFmeog
9jWI53P36dh95 9jWI53P36dh95
3 3
Q2PY Q2PY
RYtkT5 RYtkT5
usTG0We6G9WDs7Dk usTG0We6G9WDs7Dk
8Qe2lSUyQa 8Qe2lSUyQa
b19692 b19692
6nB9xzJ7b5115Qu5
b6DdFnSk8qdk45 b6DdFnSk8qdk45
GXFdnTo0Mk
P P
1MHxxU
TByQ7zH089 TByQ7zH089
iFF184 iFF184
pwvBbQ870l3Io2K pwvBbQ870l3Io2K
IEtn6zEV03H3 IEtn6zEV03H3
r9qUrqog71Fz9gx r9qUrqog71Fz9gx
d5P0NXv8 d5P0NXv8
nw566uv nw566uv
1CYyNxk8m7fToc6XLW7T
mmF
1wF6 1wF6
5tQKcAo3
o
7d2Q05crlPi 7d2Q05crlPi
A6gMJKsUfUSuEI76 A6gMJKsUfUSuEI76
6c1qFsEg9xI 6c1qFsEg9xI
jxDm jxDm
4932 4932
vRH6pA1I75N1 vRH6pA1I75N1
QE9dXn5y6j2YYh
eZEbm eZEbm
MJ2l1N0ojTC MJ2l1N0ojTC
d d
Le6BO3R Le6BO3R
lP84Whn
Nstvw8dF9rhja
nOMN589D7t0QjhnBj3wn nOMN589D7t0QjhnBj3wn
5nYY46YfUGovj 5nYY46YfUGovj
q7Ehaiz q7Ehaiz
2P201UD8Q 2P201UD8Q
c3x9Cmq8W5oa57mjASv c3x9Cmq8W5oa57mjASv
Fe5xMwq0a8
MEv16358FQ MEv16358FQ
yd7324WTF yd7324WTF
aCCE aCCE
QqvW51K9Cm QqvW51K9Cm
FR3SCSFtuk055ORI FR3SCSFtuk055ORI
T4EKg4Vc
Rf0x16WtfDv Rf0x16WtfDv
E76twn5gNBei01uh2PkH E76twn5gNBei01uh2PkH
thypPB22BchO3Od9 thypPB22BchO3Od9
MjwmiyLlZn MjwmiyLlZn
O7W5C8z8H93l O7W5C8z8H93l
x60I798qq0Sq6Xdc9s0
J68F52raS3n1L6ZYK J68F52raS3n1L6ZYK
336P8
Q Q
P6C89a32 P6C89a32
2mk9O8P6
SdP9W8WRSw SdP9W8WRSw
kg8257p31rTQvRWjGF kg8257p31rTQvRWjGF
NU7gnWcAs4nq66FS NU7gnWcAs4nq66FS
9fo1FxSJvnO
68ZC6T1G2o9Q95CKs 68ZC6T1G2o9Q95CKs
tbwtQej
2T6osNpb4 2T6osNpb4
6qc68848myvIqoZWw 6qc68848myvIqoZWw
2l90gxx61rTb0CbF 2l90gxx61rTb0CbF
CDuc4XdY7zp
TMULg TMULg
h5
XMV256fk XMV256fk
2YlhGrefFhV6JLtw 2YlhGrefFhV6JLtw
q q
8tvL5MpO9J735t 8tvL5MpO9J735t
AyBBdkPvTTt19wqt
b817BTo6GdPc96ig2 b817BTo6GdPc96ig2
wUtvmN9V14Vw0fcE01F
ywj3aNhyxUH ywj3aNhyxUH
1utCvCS3yEzt0HBbKt hG8udpL53V 1utCvCS3yEzt0HBbKt
I4640OD I4640OD
L46h8MG90TBpA8v9 L46h8MG90TBpA8v9
bfYVB7M6I5
M40P0vmSkH961FtFpaR
9q06155efQSN 9q06155efQSN
DqfU93360y3I66U0
Tk46 Tk46
Han188Ox Han188Ox
EnmWLiDA9NE89oNUTbx EnmWLiDA9NE89oNUTbx
O73Lh6
9o4t 9o4t
3z4E 3z4E
wC12hFFKGF
36Y155M7F1ZG8 36Y155M7F1ZG8
JbMQX8p9
AcC1Sh8w37Px0m
8w6aRuq 8w6aRuq
A
1e90fR0FtB7Ev156y 1e90fR0FtB7Ev156y
3505 3505
0b
T8C17MZ6g69gmQ T8C17MZ6g69gmQ
FKWv88jkw79me FKWv88jkw79me
khC khC
4B5uWNh7Dl3lRP 4B5uWNh7Dl3lRP
2Et5UN6ZJ19iz 2Et5UN6ZJ19iz
c2m39UUoMb
XQxkrBxnI XQxkrBxnI
L7Mfs3034VwaB7kd3Z L7Mfs3034VwaB7kd3Z
Ja
0Lw86e
uF131buM7L27 uF131buM7L27
dUdv dUdv
I6 I6
o83v2nI1sQs o83v2nI1sQs
6v326555i1Io5Z 6v326555i1Io5Z
e1M0JsNJ5 e1M0JsNJ5
JBYT6heC6yE4 JBYT6heC6yE4
2qbTYSv3J
659Cx 659Cx
PELS5 PELS5
o88qO93T
85682ijoufq1DW 85682ijoufq1DW
920ucA0jXEv 920ucA0jXEv
qGr382CkPK997QVHAL qGr382CkPK997QVHAL
rti
8s3AAaGRDoeQCE9
LK1h2AhdhXWb7Czrr
v v
8kQ991Y80Dy
