0 11 44 37 9 18 33 18 35 57 4 40 45 5 3 2 19 13 45 12 28 96 8 96 10 14 30 71 1 41 15 41 21 56 7 56 50 24 46 97 36 74 0 20 0 26 0 38 0 49 22 49 0 11 68 39 68 73 16 23 42 88 47 27 47 34 69 17 69 48 63 10 96 31 96 75 89 94 43 9 37 29 98 32 98 37 9 18 78 25 6 25 78 85 13 45 11 0
68
0 0
11 11
44 44
37 37
9 9
18 18
33 33
35 35
57
4 4
40 40
45 45
5 5
3 3
2 2
19 19
13 13
12 12
28 28
96
8 8
10 10
14 14
30 30
71
1 1
41 41
15 15
21 21
56
7 7
50
24 24
46 46
97
36 36
74
20 20
26 26
38 38
49 49
22 22
68
39 39
73
16 16
23 23
42 42
88
47 47
27 27
34 34
69
17 17
48 48
63
31 31
75
89
94
43 43
29 29
98
32 32
78
25 25
6 6
85
