loc0 loc23 loc84 loc42 loc4 loc81 loc25 loc47 loc99 loc47 loc7 loc48 loc33 loc49 loc43 loc45 loc62 loc90 loc71 loc93 loc26 loc93 loc91 loc75 loc28 loc13 loc79 loc6 loc61 loc6 loc35 loc52 loc68 loc86 loc69 loc86 loc96 loc40 loc88 loc8 loc88 loc9 loc78 loc24 loc16 loc67 loc65 loc54 loc82 loc68 loc29 loc34 loc22 loc30 loc51 loc94 loc21 loc77 loc95 loc20 loc31 loc91 loc84 loc23 loc0
55
loc0
loc23 loc23
loc84 loc84
loc42 loc42
loc4
loc81 loc81
loc25 loc25
loc47
loc99 loc99
loc7 loc7
loc48 loc48
loc33 loc33
loc49 loc49
loc43
loc45 loc45
loc62 loc62
loc90 loc90
loc71
loc93 loc72 loc93
loc26 loc26
loc91 loc39 loc91
loc75 loc75
loc28 loc28
loc13
loc79 loc79
loc6 loc6
loc61 loc61
loc35 loc35
loc52 loc52
loc68
loc86 loc86
loc69 loc69
loc96
loc40 loc40
loc88 loc88
loc8 loc8
loc9
loc78
loc24 loc24
loc16 loc16
loc67
loc65 loc65
loc54 loc54
loc82
loc29 loc29
loc34 loc34
loc22
loc30
loc51 loc51
loc94
loc21 loc21
loc77
loc95
loc20 loc20
loc31 loc31
