0 162 106 63 166 2 24 3 190 4 163 100 7 36 1 59 1 188 0 193 5 121 11 104 11 198 14 71 80 77 194 53 1 170 25 56 16 36 81 72 27 117 83 33 191 197 135 3 110 14 148 90 0
45
0 51 113 195
162 162
106 74 106
63 63
166 166
2 2 26 150 160
24 24 119
3 50 58 133 171 185
190 190
4 37 44 52 82 134 186
163 163
100 100
7 101 115 127 131
36 36
1 1 30 31 46 64 87 118 128 149 158
59 59
188 188
193 193
5 5 132 192
121 121
11 11 97 112 146 147 165
104 104
198 198
14 14 99
71 71
80 80
77 77
194 194
53 53
170
25 25
56 56
16 16
81 81
72 72
27 27
117 117
83 83
33 33
191 191
197 197
135 135
110 110
148 148
90 90
