1 18 34 52 153 32 27 103 125 73 100 97 137 99 11 140 16 152 47 127 193 51 77 51 190 155 90 64 165 171 136 184 96 20 161 109 123 81 167 162 91 131 53 98 125 83 60 59 14 118 14 39 150 17 150 56 76 112 114 112 134 86 31 86 57 63 66 50 66 138 116 120 198 113 88 113 28 58 28 130 151 135 56 80 7 34 94 163 129 141 61 141 8 42 142 181 95 172 5 172 12 172 170 63 139 63 115 148 105 148 192 13 45 146 54 133 199 111 121 6 89 76 154 18 110 72 100 173 132 30 176 178 176 179 176 165 171 143 122 66 25 44 107 44 25 23 25 183 108 33 83 125 157 125 73 146 86 128 86 57 63 174 63 170 65 101 200 131 166 169 116 70 43 158 43 58 28 1
133
1
18 18
34
52 52
153
32 32
27 27
103 103
125 125
73 73
100 100
97 97
137
99 99
11 11
140 140
16 16
152 152
47 47
127 127
193 4 193
51 51
77 77
190 190
155 155
90 90
64
165 165
171 171
136 136
184 184
96 96
20 20
161 161
109 109
123 123
81 81
167 167
162
91 91
131
53 53
98 98
83 83
60 60
59 59
14 14
118 118
39 39
150
17 17
56 56
76 76
112 112
114 114
134 134
86 86
31 31
57
63 63
66 66
50 50
138 138
116 116
120 120
198 198
113 113
88 88
28
58 58
130 130
151
135 135
80 80
7
94 94
163 163
129 129
141
61 61
8
42 42
142 142
181
95 95
172
5 5
12 12
170
139 139
115 115
148
105 105
192 192
13
45 45
146 146
54 54
133 133
199 199
111 111
121
6
89 89
154 154
110
72 72
173 173
132 132
30
176
178 178
179 179
143 143
122
25
44 44
107 107
23 23
183
108 108
33
157 157
128 128
174 174
65
101
200 200
166
169
70
43
158 158
