AA DT AA AC AJ AC AA DT CX DU CX AN AD AK AD AL AD AN CY DW CY AN CX DS CX AN AD DN CT AM CW DQ CW AM CV DR CV AM CW DP CW AM CT DN AD AN CY DV CY AN CX DT AA AB AE AO AP AO AE AB AH AB AG BC BJ BC AG BB BI BB BH BB AG BA BF BA BG BA BE BA AG AZ BD AZ AG BC BK FE DZ EC DX DY DX EC EB EA FC EA EI FB EI EA EB EC EE ED EP ED EE EF EL EW EX EY EX EW EL EF EE EC DZ FE BK BC AG AB AE AO AQ AO AE AB AF AB AH BN BS FF BS BN AH BM BP CE BW AI BW CE BP BM AH AB AG BC BK FE DZ EC EE EF EN EQ EO EQ EN EF EH FA EH EJ EZ EJ EH EF EE EC DZ FE BK BC AG AB AA
75
AA AA
DT DT
AC AC
AJ AJ
CX
DU DU
AN AN
AD AD
AK AK
AL AL
CY
DW DW
DS DS
DN
CT
AM AM
CW
DQ DQ
CV
DR DR
DP DP
DV DV
AB AB
AE AE
AO AO
AP AP
AH AH
AG AG
BC
BJ BJ
BB
BI BI
BH BH
BA
BF BF
BG BG
BE BE
AZ
BD BD
BK BK
FE
DZ DZ
EC
DX DX
DY DY
EB
EA
FC FC
EI
FB FB
EE
ED
EP EP
EF
EL
EW
EX EX
EY EY
AQ AQ
AF AF
BN
BS
FF FF
BM
BP
CE
BW
AI AI
EN EN
EQ
EO EO
EH
FA FA
EJ
EZ EZ
