0 166 117 28 95 35 102 118 96 143 13 94 40 123 8 73 109 84 127 126 29 27 53 23 146 81 52 71 190 36 85 129 172 97 121 120 66 149 136 64 80 162 14 58 59 119 144 165 114 75 182 44 21 188 105 17 170 9 54 56 42 24 131 160 154 187 6 99 41 68 163 184 181 78 34 183 174 152 107 49 194 70 158 11 147 0
85
0 0 104
166 166
117 117
28 28
95 95
35 35
102 102 151
118 118
96 96
143 60 143
13 13
94 94
40 40
123 123
8 8
73 73
109 109
84 84
127 127
126 126
29 29 69
27 27
53 53
23 23
146 146
81 81
52 52 83
71 71
190 33 190
36 36
85 85
129 129
172 172
97 97 168
121 121
120 120
66 66
149 149
136 136 169
64 64
80 80
162 162
14 14
58 58 130
59 59
119 119 138
144 144
165 165
114 114
75 75
182 182
44 44 124
21 21
188 157 188
105 105
17 17
170 170
9 9
54 54
56 56
42 42
24 24
131 131
160 160
154 154
187 187
6 6
99 99
41 41
68 68
163 163
184 184
181 181
78 78 171
34 34
183 183
174 174
152 152
107 107
49 49
194 194
70 70 72
158 158
11 11
147 20 147
