Soda loc18 loc21 loc2 loc6 loc44 loc40 loc44 loc6 loc56 loc62 loc50 loc33 loc71 loc19 loc26 loc67 loc90 loc67 loc26 loc43 loc26 loc67 loc90 loc45 loc90 loc67 loc26 loc43 loc22 loc63 loc10 loc86 loc96 loc86 loc63 loc61 loc23 loc30 loc63 loc22 loc43 loc26 loc67 loc90 loc45 loc20 loc73 loc49 loc45 loc32 loc48 loc45 loc66 loc36 loc97 loc66 loc45 loc93 loc45 loc90 loc67 loc26 loc43 loc22 loc64 loc8 loc31 loc41 loc31 loc8 loc17 loc83 loc91 loc68 loc38 loc41 loc31 loc8 loc64 loc72 loc6 loc44 loc89 loc39 loc40 loc85 loc4 loc63 loc12 loc92 loc53 loc29 loc95 loc28 loc13 loc55 loc53 loc96 loc86 loc63 loc3 Soda
58
Soda loc79
loc18 loc18
loc21 loc21
loc2
loc6
loc44 loc44
loc40 loc40
loc56
loc62
loc50
loc33 loc33
loc71 loc71
loc19 loc19
loc26 loc26
loc67 loc67
loc90 loc90
loc43 loc43
loc45 loc45 loc81
loc22
loc63
loc10 loc10
loc86 loc86 loc99
loc96 loc96
loc61 loc61
loc23 loc23
loc30 loc30
loc20 loc20
loc73 loc73
loc49 loc49
loc32 loc32
loc48 loc48
loc66 loc66
loc36 loc36
loc97 loc97
loc93 loc93
loc64
loc8 loc8
loc31 loc31
loc41 loc41
loc17 loc17
loc83 loc83
loc91 loc91
loc68 loc68
loc38 loc38
loc72 loc72
loc89 loc89
loc39 loc39
loc85
loc4 loc57
loc12 loc12
loc92 loc92
loc53 loc53
loc29 loc29
loc95 loc95
loc28 loc28
loc13 loc13
loc55 loc55
loc3
