Soda loc3 loc64 loc199 loc80 loc179 loc90 loc184 loc82 loc43 loc27 loc180 loc10 loc147 loc38 loc193 loc114 loc8 loc15 loc79 loc55 loc194 loc35 loc176 loc165 loc22 loc148 loc101 loc41 loc141 loc102 loc37 loc181 loc26 loc188 loc66 loc27 loc43 loc104 loc163 loc42 loc163 loc104 loc129 loc17 loc23 loc74 loc13 loc34 loc94 loc83 loc50 loc43 loc27 loc60 loc68 loc126 loc68 loc192 loc170 loc192 loc87 loc47 loc164 loc111 loc11 loc30 loc39 loc30 loc111 loc128 loc111 loc169 loc27 loc43 loc179 loc53 loc25 loc53 loc58 loc179 loc129 loc17 loc23 loc74 loc13 loc34 loc88 loc121 loc14 loc34 loc32 loc189 loc34 loc84 loc97 loc167 loc84 loc34 loc138 loc34 loc13 loc74 loc23 loc17 loc129 loc82 loc43 loc27 loc164 loc47 loc87 loc192 loc170 loc196 loc51 loc103 loc155 loc51 loc196 loc61 loc196 loc142 loc7 loc142 loc196 loc170 loc192 loc87 loc47 loc164 loc77 loc173 loc107 loc146 loc107 loc173 loc77 loc27 loc43 loc92 loc57 loc157 loc59 loc157 loc57 loc72 loc75 loc137 loc40 loc20 loc40 loc137 loc75 loc92 loc151 loc104 loc163 loc154 loc171 loc42 loc163 loc104 loc43 loc27 loc115 loc99 loc9 loc99 loc115 loc111 loc31 loc24 loc198 loc28 loc166 loc109 loc166 loc198 loc39 loc30 loc111 loc169 loc27 loc43 loc179 loc53 loc25 loc106 loc36 loc145 loc156 loc6 loc172 loc106 Soda
112
Soda Soda
loc3 loc3
loc64 loc64
loc199 loc199
loc80 loc80
loc179 loc45
loc90 loc90
loc184
loc82 loc82
loc43 loc65
loc27
loc180 loc131 loc180
loc10 loc10
loc147 loc147
loc38 loc38 loc122
loc193 loc193
loc114 loc114
loc8 loc8
loc15 loc15
loc79 loc79
loc55 loc55
loc194 loc194
loc35 loc35
loc176 loc95
loc165 loc100 loc165
loc22 loc22
loc148
loc101 loc101
loc41 loc41
loc141 loc141
loc102
loc37 loc37
loc181 loc181
loc26 loc26
loc188 loc188
loc66
loc104
loc163 loc163
loc42 loc42
loc129
loc17 loc17
loc23 loc23
loc74 loc74
loc13 loc13
loc34 loc34 loc118
loc94 loc94
loc83 loc83
loc50 loc50
loc60 loc183
loc68
loc126 loc126
loc192 loc192
loc170 loc170
loc87
loc47
loc164
loc111 loc111
loc11 loc11
loc30 loc30 loc136
loc39 loc39
loc128 loc128
loc169
loc53 loc53 loc140
loc25 loc25
loc58 loc58
loc88 loc88
loc121 loc121
loc14 loc14
loc32 loc32
loc189 loc189
loc84 loc84
loc97 loc97
loc167 loc167
loc138 loc138
loc196 loc185
loc51 loc51
loc103 loc103
loc155 loc155
loc61 loc61
loc142 loc142
loc7 loc7
loc77 loc77
loc173 loc173
loc107 loc107
loc146 loc146
loc92
loc57 loc57
loc157 loc157
loc59 loc59
loc72 loc72
loc75 loc75
loc137 loc137
loc40 loc40
loc20 loc20
loc151 loc151
loc154 loc154
loc171 loc171
loc115
loc99
loc9 loc9
loc31
loc24 loc24
loc198
loc28 loc28
loc166
loc109 loc109
loc106 loc106
loc36 loc36
loc145 loc145
loc156 loc156
loc6 loc6
loc172 loc172
