0 84 6 7 1 10 81 34 44 34 42 48 40 49 83 65 46 65 25 24 51 31 4 19 39 45 39 86 33 28 35 70 17 70 12 18 11 68 22 29 21 4 47 4 31 51 16 8 95 9 89 5 15 69 38 77 36 77 38 14 13 30 20 2 26 2 32 2 27 50 27 76 23 76 43 59 83 41 70 35 54 96 37 3 37 97 4 31 0
68
0
84
6 6
7 7
1 1
10 10
81
34 34
44 44
42 42
48 48
40 40
49 49
83
65
46 46
25 25
24 24
51
31 31
4 4
19 19
39 39
45 45
86
33 33
28 28
35 35
70
17 17
12 12
18 18
11 11
68
22 22
29 29
21 21
47 47
16 16
8 8
95
9 9
89
5 5
15 15
69
38 38
77
36 36
14 14
13 13
30 30
20 20
2 2
26 26
32 32
27 27
50 50
76
23 23
43 43
59
41 41
54
96
37 37
3 3
97
