0 2 53 54 53 87 24 16 24 94 130 52 82 22 62 12 10 188 121 91 67 91 24 16 113 30 9 98 8 38 35 173 80 31 104 3 90 88 63 93 21 6 25 174 59 7 192 95 192 81 140 124 40 64 11 70 111 75 111 155 48 49 46 36 58 103 100 73 100 29 39 86 139 37 47 76 92 177 72 123 45 56 99 113 15 113 27 44 41 19 41 79 160 167 89 51 84 169 66 5 65 123 45 148 85 148 196 18 32 77 55 151 60 92 177 33 177 92 20 28 125 17 110 26 110 96 97 34 117 23 117 116 132 43 132 83 68 121 14 121 188 74 4 57 173 80 71 150 157 69 192 146 106 50 106 13 30 176 42 78 87 31 100 61 100 31 0
132
0
2 2
53 53
54 54
87 87
24 24
16 16
94 94
130
52 52
82 82
22 22
62 62
12 12
10 10
188
121
91 91
67 67
113 1
30 30
9 9
98 98
8 8
38 38
35 35
173
80 80
31 31
104
3 3
90 90
88 88
63 63
93 93
21 21
6 6
25 25
174
59 59
7 7
192
95 95
81 81
140
124
40 40
64 64
11 11
70 70
111
75 75
155
48 48
49 49
46 46
36 36
58 58
103
100 100
73 73
29 29
39 39
86 86
139
37 37
47 47
76 76
92 92
177
72 72
123
45 45
56 56
99 99
15 15
27 27
44 44
41 41
19 19
79 79
160
167
89 89
51 51
84 84
169
66 66
5 5
65 65
148
85 85
196
18 18
32 32
77 77
55 55
151
60 60
33 33
20 20
28 28
125
17 17
110
26 26
96 96
97 97
34 34
117
23 23
116
132
43 43
83 83
68 68
14 14
74 74
4 4
57 57
71 71
150
157
69 69
146
106
50 50
13 13
176
42 42
78 78
61 61
