0 73 96 74 36 74 7 87 64 47 4 52 25 9 59 68 21 5 44 77 62 18 13 18 81 16 75 89 32 84 48 86 31 78 69 98 56 53 42 97 80 29 43 83 40 76 18 12 91 63 46 55 49 79 65 30 81 19 34 19 92 82 92 26 92 15 39 57 67 58 72 99 90 99 69 98 28 3 28 11 40 0
69
0
73 73
96 96
74 74
36 36
7 7
87 87
64 64
47 47
4 4
52 52
25 25
9 9
59 59
68
21 21
5
44 44
77 77
62 62
18
13 13
81 81
16
75 75
89 89
32 32
84 84
48 48
86 86
31 31
78
69 69
98 98
56 56
53
42 42
97 97
80 80
29 29
43 43
83
40
76 76
12 12
91 91
63
46 46
55 55
49 49
79
65 65
30
19
34 34
92 92
82 82 94
26 26
15
39
57 57
67
58 58
72
99
90 90
28
3 3
11
