0 143 167 143 155 3 170 122 176 138 78 185 190 8 119 126 94 182 113 69 77 164 58 118 145 173 163 171 73 48 20 168 46 196 141 129 136 152 29 36 147 135 84 60 57 103 98 67 98 101 98 38 165 34 61 197 154 53 154 115 10 159 120 121 40 16 98 193 194 157 114 123 162 31 125 174 179 102 110 154 7 175 140 149 74 66 107 87 90 25 42 9 180 156 52 193 127 88 173 35 81 148 21 79 11 6 109 168 185 39 85 39 23 2 124 56 124 77 19 121 133 93 133 106 64 83 55 47 108 72 186 73 66 191 45 151 45 107 177 158 96 181 135 180 51 5 99 15 137 43 101 98 38 117 38 147 105 0
131
0
143 143
167 167
155 155
3 3
170 170
122
176 176
138 138 199
78 78
185 185
190 190
8
119 119
126 126
94
182 182
113 113
69 69
77
164 164
58 58
118 118
145 145
173
163 163
171 171
73 73
48 48
20 20
168
46 46
196 196
141 141
129 129
136 136
152 152
29 29
36 36
147 147
135 135
84 84
60 60
57
103 103
98 98
67 67
101 101
38 38
165 165
34 34
61
197 197
154 154
53 53
115 115
10 10
159
120 120
121
40 40
16 16
193 193
194 194
157 157
114
123 123
162
31
125 125
174
179 179
102
110 110
7 7
175 175
140
149 149
74 74
66 66
107 107
87 87
90 90
25 25
42 42
9 9
180 180
156 156
52 52
127
88 88
35 35
81
148 148
21 21
79 79
11 11
6
109 109
39 39
85 85
23 23
2 2
124
56 56
19 19
133 133
93 93
106
64 64
83
55 55
47
108 108
72
186 186
191 191
45
151 151
177 177
158 158
96
181 181
51
5 5
99
15
137 137
43
117 117
105
