eooyfwmxln epdwcjuvdr kgktiatgjn qepegujmaa pcilmgdrgc ivgbjyugdu pcilmgdrgc wwqchwdmtx jedsthbmzo euqbrkzdsw zivwgfcxqi phknwbtipl fdgcygwgjf rnpokwoqgt oownpsyviv oavtmpaqji ichabbvkhm jrusiskazm vkrlpmybdj lndsfxewdc kyrhqthnvz lnicnhmajr xychpimpzb bulywvvpni wkwwcqjtxf lkvtxfwozs gjmmikaxih byyqgjwsrp qxfgqgbbdn byyqgjwsrp ahqdrcepub afortwurqt zmfuudfatm cttlxdtaiw xzwkhxkxjr pbefrggyje xwrvhrxnqy xifuopshzj xwrvhrxnqy ebqxbaqnmm oegfbrwyrp wynbxuuxru tmrnpjqnxx wynbxuuxru qzdrdcxoib voaumgrcuj qzdrdcxoib wynbxuuxru lazlsvgukx bbczvyonym hsjqtjkukk jatkaoyfxb nbjyrygtdh cpwyxulkjm nbjyrygtdh ymvlfsdhbu xsjzeyxnpw bswhowadhl tgkujfknod bswhowadhl zpjhxyylhb kvfpaspidv ouxenssqdu mdyuzxshey wtlzrefwav afrdrejwtp pwgublhwxg hofbtczdgp pwgublhwxg pymtnhypxd jrmlkfexfk osdeymjeil qiqnnrlapz qpxtrjvxpe tmatbexcil qpxtrjvxpe lnicnhmajr aruwdskzta vugkhjygfe xywdziunpr oggftsricu xeigbnzhbj seeyrseflx hkempoemlv seeyrseflx jrmlkfexfk scesbtewjx hxkhivkhyl xnppuesbrr eqdxeqvtsb xnppuesbrr gllungmori qxuqrfzzob opmnfgpclg tgbmxdmvwe lcrihrmoqu xkasbvrrxd lcrihrmoqu tvcolajnao xqwyvbvueh tvcolajnao smwxdupkdv jqtguzxxsl optviwhmbr vfdsalrajq optviwhmbr ivugtsvtqb guuudgvhny stdiixwrjc ummqduagjn fczruomdab uhalgukdzb yriqtwavfx rkyixxpcbx yriqtwavfx gucdicwxmb yriqtwavfx qgfchcatzi cmdqzmgvfi pdljcbluhp koawdpgqdx psiebvskfb koawdpgqdx qepegujmaa etdxtwotzh qepegujmaa ixyurvbpvu qfbvncxldf ijbfzrqwct bbwcqzwyoz nwlccbonas xguvjomcdt nwlccbonas itbfnxnauh nwlccbonas bbwcqzwyoz ijbfzrqwct bimtbhwsby yhpfnjjqmm unihwwnyqz kijbyyuzhd unihwwnyqz vnzypgtlkj gbdejcnknd vnzypgtlkj dnmgxnhbgi eaozvwjoso ldnozwuuuq frfueiglva ymvlfsdhbu aokbiptbzc ymvlfsdhbu lazlsvgukx wynbxuuxru jqtguzxxsl xftptyrlvl xawkqmfmmx xftptyrlvl fluzhooehk xftptyrlvl uooysjrxsb xftptyrlvl mysadifwma robpunozly bnmegnfgii robpunozly mysadifwma xftptyrlvl qbiylslccb kvxwqiryyu qbiylslccb xftptyrlvl jqtguzxxsl pcilmgdrgc qepegujmaa ixyurvbpvu yiwwdwbzth ixyurvbpvu qepegujmaa kgktiatgjn epdwcjuvdr eooyfwmxln
132
eooyfwmxln eooyfwmxln
epdwcjuvdr
kgktiatgjn kgktiatgjn
qepegujmaa qepegujmaa
pcilmgdrgc pcilmgdrgc
ivgbjyugdu ivgbjyugdu
wwqchwdmtx wwqchwdmtx
jedsthbmzo
euqbrkzdsw euqbrkzdsw
zivwgfcxqi zivwgfcxqi
phknwbtipl
fdgcygwgjf fdgcygwgjf
rnpokwoqgt rnpokwoqgt
oownpsyviv
oavtmpaqji oavtmpaqji
ichabbvkhm ichabbvkhm
jrusiskazm jrusiskazm
vkrlpmybdj vkrlpmybdj
lndsfxewdc lndsfxewdc
kyrhqthnvz kyrhqthnvz
lnicnhmajr lnicnhmajr
xychpimpzb xychpimpzb
bulywvvpni bulywvvpni
wkwwcqjtxf wkwwcqjtxf
lkvtxfwozs lkvtxfwozs
gjmmikaxih
byyqgjwsrp byyqgjwsrp
qxfgqgbbdn qxfgqgbbdn
ahqdrcepub ahqdrcepub
afortwurqt afortwurqt
zmfuudfatm zmfuudfatm
cttlxdtaiw cttlxdtaiw
xzwkhxkxjr
pbefrggyje pbefrggyje
xwrvhrxnqy xwrvhrxnqy
xifuopshzj xifuopshzj
ebqxbaqnmm
oegfbrwyrp oegfbrwyrp
wynbxuuxru wynbxuuxru
tmrnpjqnxx tmrnpjqnxx
qzdrdcxoib
voaumgrcuj voaumgrcuj
lazlsvgukx
bbczvyonym bbczvyonym
hsjqtjkukk hsjqtjkukk
jatkaoyfxb
nbjyrygtdh nbjyrygtdh
cpwyxulkjm cpwyxulkjm
ymvlfsdhbu ymvlfsdhbu
xsjzeyxnpw
bswhowadhl bswhowadhl
tgkujfknod tgkujfknod
zpjhxyylhb
kvfpaspidv kvfpaspidv
ouxenssqdu ouxenssqdu
mdyuzxshey mdyuzxshey
wtlzrefwav wtlzrefwav
afrdrejwtp afrdrejwtp
pwgublhwxg
hofbtczdgp hofbtczdgp
pymtnhypxd
jrmlkfexfk jrmlkfexfk
osdeymjeil osdeymjeil
qiqnnrlapz qiqnnrlapz
qpxtrjvxpe qpxtrjvxpe
tmatbexcil tmatbexcil
aruwdskzta aruwdskzta
vugkhjygfe vugkhjygfe
xywdziunpr xywdziunpr
oggftsricu oggftsricu
xeigbnzhbj
seeyrseflx seeyrseflx
hkempoemlv hkempoemlv
scesbtewjx scesbtewjx
hxkhivkhyl
xnppuesbrr xnppuesbrr
eqdxeqvtsb eqdxeqvtsb
gllungmori
qxuqrfzzob qxuqrfzzob
opmnfgpclg
tgbmxdmvwe tgbmxdmvwe
lcrihrmoqu lcrihrmoqu
xkasbvrrxd xkasbvrrxd
tvcolajnao tvcolajnao
xqwyvbvueh xqwyvbvueh
smwxdupkdv smwxdupkdv
jqtguzxxsl
optviwhmbr optviwhmbr
vfdsalrajq vfdsalrajq
ivugtsvtqb ivugtsvtqb
guuudgvhny guuudgvhny
stdiixwrjc stdiixwrjc
ummqduagjn
fczruomdab
uhalgukdzb uhalgukdzb
yriqtwavfx
rkyixxpcbx rkyixxpcbx
gucdicwxmb gucdicwxmb
qgfchcatzi qgfchcatzi
cmdqzmgvfi
pdljcbluhp pdljcbluhp
koawdpgqdx
psiebvskfb psiebvskfb
etdxtwotzh etdxtwotzh
ixyurvbpvu
qfbvncxldf qfbvncxldf
ijbfzrqwct
bbwcqzwyoz bbwcqzwyoz
nwlccbonas nwlccbonas
xguvjomcdt xguvjomcdt
itbfnxnauh itbfnxnauh
bimtbhwsby bimtbhwsby
yhpfnjjqmm
unihwwnyqz
kijbyyuzhd kijbyyuzhd
vnzypgtlkj vnzypgtlkj
gbdejcnknd gbdejcnknd
dnmgxnhbgi
eaozvwjoso
ldnozwuuuq ldnozwuuuq
frfueiglva
aokbiptbzc aokbiptbzc
xftptyrlvl
xawkqmfmmx xawkqmfmmx evdoyagqfp
fluzhooehk fluzhooehk
uooysjrxsb uooysjrxsb
mysadifwma mysadifwma
robpunozly
bnmegnfgii bnmegnfgii
qbiylslccb
kvxwqiryyu kvxwqiryyu
yiwwdwbzth yiwwdwbzth
