eooyfwmxln rkyixxpcbx gllungmori jrmlkfexfk wtlzrefwav tmrnpjqnxx cmdqzmgvfi qydclznxrd psiebvskfb zpybghfdbe lndsfxewdc mswyvpdrsy lndsfxewdc bulywvvpni zjbarjhmau kdujdjjwot ebqxbaqnmm zumetrybth jatkaoyfxb bnmegnfgii jatkaoyfxb vkrlpmybdj zmfuudfatm vkrlpmybdj mdyuzxshey vkrlpmybdj tvcolajnao qcktwemqbm tvcolajnao ouxenssqdu qydclznxrd cmdqzmgvfi qfbvncxldf cmdqzmgvfi zpybghfdbe bswhowadhl wtyqwjwskq yiwwdwbzth jqtguzxxsl hadchvmijq wynbxuuxru hadchvmijq xplqpgpbvq lkvobxyfca fznfvsgjhc sjtuxgdwms lbuiysostx oegfbrwyrp tgbmxdmvwe rnpokwoqgt zpjhxyylhb ebqxbaqnmm ljhmnbaicr owusjcmdkp lnicnhmajr oggftsricu euqbrkzdsw oggftsricu qgfchcatzi syxecaxosc ixyurvbpvu optviwhmbr ixyurvbpvu gwnccktgki ixyurvbpvu siatqqydwf ahqdrcepub lazlsvgukx ahqdrcepub siatqqydwf ixyurvbpvu uooysjrxsb seeyrseflx vugkhjygfe seeyrseflx uooysjrxsb ixyurvbpvu syxecaxosc qgfchcatzi oggftsricu lnicnhmajr owusjcmdkp oewptytlja knfzsnhzvx xftptyrlvl jedsthbmzo oewptytlja nwlccbonas oewptytlja knfzsnhzvx xftptyrlvl yiwwdwbzth jqtguzxxsl hadchvmijq wynbxuuxru epdwcjuvdr wtlzrefwav hsjqtjkukk smwxdupkdv aokbiptbzc koawdpgqdx unihwwnyqz qepegujmaa xtvbrolacp qepegujmaa unihwwnyqz koawdpgqdx smwxdupkdv hsjqtjkukk wtlzrefwav jrmlkfexfk gllungmori rkyixxpcbx eooyfwmxln
70
eooyfwmxln eooyfwmxln
rkyixxpcbx rkyixxpcbx
gllungmori gllungmori
jrmlkfexfk
wtlzrefwav wtlzrefwav
tmrnpjqnxx
cmdqzmgvfi cmdqzmgvfi
qydclznxrd qydclznxrd
psiebvskfb psiebvskfb
zpybghfdbe
lndsfxewdc lndsfxewdc
mswyvpdrsy mswyvpdrsy
bulywvvpni bulywvvpni
zjbarjhmau zjbarjhmau
kdujdjjwot kdujdjjwot
ebqxbaqnmm ebqxbaqnmm
zumetrybth zumetrybth
jatkaoyfxb jatkaoyfxb
bnmegnfgii bnmegnfgii
vkrlpmybdj vkrlpmybdj
zmfuudfatm zmfuudfatm
mdyuzxshey mdyuzxshey mysadifwma
tvcolajnao
qcktwemqbm qcktwemqbm
ouxenssqdu
qfbvncxldf qfbvncxldf
bswhowadhl
wtyqwjwskq wtyqwjwskq
yiwwdwbzth
jqtguzxxsl jqtguzxxsl
hadchvmijq hadchvmijq
wynbxuuxru wynbxuuxru
xplqpgpbvq
lkvobxyfca lkvobxyfca
fznfvsgjhc fznfvsgjhc
sjtuxgdwms
lbuiysostx lbuiysostx
oegfbrwyrp
tgbmxdmvwe tgbmxdmvwe
rnpokwoqgt
zpjhxyylhb
ljhmnbaicr ljhmnbaicr
owusjcmdkp owusjcmdkp
lnicnhmajr lnicnhmajr
oggftsricu
euqbrkzdsw euqbrkzdsw
qgfchcatzi
syxecaxosc
ixyurvbpvu
optviwhmbr optviwhmbr
gwnccktgki gwnccktgki
siatqqydwf
ahqdrcepub ahqdrcepub
lazlsvgukx lazlsvgukx
uooysjrxsb
seeyrseflx seeyrseflx
vugkhjygfe vugkhjygfe
oewptytlja oewptytlja
knfzsnhzvx knfzsnhzvx
xftptyrlvl xftptyrlvl
jedsthbmzo jedsthbmzo
nwlccbonas nwlccbonas
epdwcjuvdr
hsjqtjkukk
smwxdupkdv
aokbiptbzc aokbiptbzc
koawdpgqdx koawdpgqdx
unihwwnyqz
qepegujmaa qepegujmaa
xtvbrolacp xtvbrolacp
