eooyfwmxln wtlzrefwav rnpokwoqgt iwdghbmiai rnpokwoqgt zpjhxyylhb koawdpgqdx zpjhxyylhb vkrlpmybdj vugkhjygfe ahqdrcepub vugkhjygfe epdwcjuvdr vugkhjygfe qzdrdcxoib wtyqwjwskq qzdrdcxoib oggftsricu yiwwdwbzth siatqqydwf tvuprbwofb lbuiysostx lkvobxyfca jedsthbmzo chjuuxuacs xtvbrolacp psiebvskfb zumetrybth psiebvskfb xtvbrolacp tgbmxdmvwe gkcfktyute evdoyagqfp gkcfktyute zjbarjhmau xawkqmfmmx smwxdupkdv ouxenssqdu rnpokwoqgt zpjhxyylhb gjmmikaxih seeyrseflx gwnccktgki ztplgyvqhm gwnccktgki yiwwdwbzth siatqqydwf wtlzrefwav eooyfwmxln
34
eooyfwmxln
wtlzrefwav
rnpokwoqgt rnpokwoqgt
iwdghbmiai iwdghbmiai
zpjhxyylhb zpjhxyylhb
koawdpgqdx koawdpgqdx
vkrlpmybdj vkrlpmybdj
vugkhjygfe vugkhjygfe
ahqdrcepub ahqdrcepub
epdwcjuvdr epdwcjuvdr
qzdrdcxoib
wtyqwjwskq wtyqwjwskq
oggftsricu oggftsricu
yiwwdwbzth yiwwdwbzth
siatqqydwf
tvuprbwofb tvuprbwofb
lbuiysostx
lkvobxyfca lkvobxyfca
jedsthbmzo
chjuuxuacs
xtvbrolacp
psiebvskfb psiebvskfb
zumetrybth zumetrybth
tgbmxdmvwe
gkcfktyute gkcfktyute
evdoyagqfp evdoyagqfp
zjbarjhmau zjbarjhmau
xawkqmfmmx xawkqmfmmx
smwxdupkdv
ouxenssqdu
gjmmikaxih
seeyrseflx seeyrseflx
gwnccktgki
ztplgyvqhm ztplgyvqhm
