0 3 0 110 44 105 79 134 39 35 37 36 37 35 120 47 183 180 64 104 17 15 100 135 52 135 74 54 69 179 124 159 129 72 141 132 186 42 41 42 40 20 150 114 99 145 148 145 125 128 125 94 144 139 149 184 154 189 182 181 182 180 110 57 56 57 110 113 17 16 17 104 39 2 13 10 12 66 67 123 120 102 108 82 80 185 187 185 35 38 35 190 192 191 92 91 92 90 150 152 151 122 120 135 138 135 195 197 195 30 32 58 55 65 68 65 27 118 115 77 101 77 116 117 166 117 168 165 75 78 75 40 43 40 95 87 95 97 95 170 172 170 130 133 130 25 28 25 140 142 141 132 131 132 130 135 137 136 137 160 162 161 162 160 155 10 12 11 12 10 0
121
0
3 3
110 110
44 44
105 105
79 79
134 134
39 39
35 35
37 37
36 36
120 120
47 47
183 183
180 180
64 64
104 104
17 17
15 15
100 100
135 135
52 52
74 74
54 54
69 69
179 179
124 124
159 159
129 129
72 72
141 141
132 132
186 186
42 42
41 41
40
20 20
150
114 114
99 99
145 145
148 148
125 125
128 128
94 94
144 144
139 139
149 149
184 184
154 154
189 189
182 182
181 181
57 57
56 56
113 113
16 16
2 2
13 13
10
12 12
66 66
67 67
123 123
102 102
108 108
82 82
80
185
187 187
38 38
190
192 192
191
92 92
91 91
90
152 152
151
122 122
138 138
195 195
197 197
30 30
32 32
58 58
55 55
65 65
68 68
27 27
118 118
115
77
101 101
116 116
117
166 166
168 168
165
75
78 78
43 43
95 95
87 87
97 97
170
172 172
130
133 133
25 25
28 28
140
142 142
131 131
137
136 136
160 160
162
161 161
155
11 11
