loc0 loc148 loc40 loc148 loc76 loc148 loc58 loc184 loc94 loc122 loc95 loc122 loc50 loc103 loc13 loc157 loc49 loc157 loc4 loc129 loc75 loc138 loc66 loc102 loc48 loc189 loc99 loc180 loc72 loc180 loc39 loc180 loc54 loc135 loc18 loc135 loc36 loc153 loc45 loc153 loc91 loc127 loc64 loc109 loc46 loc109 loc19 loc109 loc10 loc127 loc55 loc172 loc82 loc172 loc90 loc162 loc9 loc162 loc81 loc171 loc27 loc117 loc171 loc189 loc57 loc189 loc84 loc138 loc3 loc183 loc6 loc186 loc30 loc147 loc93 loc123 loc33 loc123 loc87 loc159 loc24 loc177 loc15 loc195 loc96 loc195 loc60 loc195 loc150 loc78 loc133 loc52 loc133 loc97 loc124 loc61 loc187 loc70 loc187 loc88 loc196 loc16 loc196 loc43 loc115 loc79 loc151 loc34 loc169 loc7 loc169 loc26 loc107 loc53 loc107 loc35 loc107 loc71 loc143 loc8 loc107 loc98 loc161 loc80 loc161 loc44 loc179 loc17 loc179 loc89 loc179 loc98 loc125 loc62 loc188 loc23 loc188 loc86 loc158 loc59 loc158 loc68 loc149 loc41 loc113 loc5 loc113 loc29 loc137 loc20 loc146 loc65 loc164 loc2 loc137 loc38 loc113 loc77 loc185 loc32 loc131 loc56 loc155 loc173 loc128 loc74 loc110 loc92 loc110 loc47 loc110 loc11 loc110 loc74 loc128 loc164 loc73 loc136 loc100 loc127 loc1 loc111 loc22 loc120 loc12 loc157 loc67 loc157 loc85 loc157 loc21 loc157 loc13 loc166 loc115 loc25 loc115 loc160 loc52 loc133 loc69 loc133 loc52 loc160 loc115 loc166 loc103 loc0
149
loc0
loc148 loc31
loc40 loc40
loc76 loc76
loc58 loc58
loc184
loc94 loc94
loc122
loc95 loc95
loc50 loc50
loc103
loc13 loc13
loc157
loc49 loc49
loc4 loc4
loc129
loc75 loc75
loc138
loc66 loc66
loc102
loc48 loc48
loc189
loc99 loc99
loc180
loc72 loc72
loc39 loc39
loc54 loc54
loc135
loc18 loc18
loc36 loc36
loc153
loc45 loc45
loc91 loc91
loc127
loc64 loc64
loc109
loc46 loc46
loc19 loc19
loc10 loc10
loc55 loc55
loc172
loc82 loc82
loc90 loc90
loc162
loc9 loc9
loc81 loc81
loc171
loc27 loc27
loc117 loc63
loc57 loc57
loc84 loc84
loc3 loc3
loc183
loc6 loc6
loc186
loc30 loc30
loc147
loc93 loc93
loc123
loc33 loc33
loc87 loc87
loc159
loc24 loc24
loc177
loc15 loc15
loc195 loc51
loc96 loc96
loc60 loc60
loc150 loc42
loc78 loc78
loc133
loc52 loc52
loc97 loc97
loc124
loc61 loc61
loc187
loc70 loc70
loc88 loc88
loc196
loc16 loc16
loc43 loc43
loc115
loc79 loc79
loc151
loc34 loc34
loc169
loc7 loc7
loc26 loc26
loc107
loc53 loc53
loc35 loc35
loc71 loc71
loc143
loc8 loc8
loc98 loc98
loc161
loc80 loc80
loc44 loc44
loc179
loc17 loc17
loc89 loc89
loc125
loc62 loc62
loc188
loc23 loc23
loc86 loc86
loc158
loc59 loc59
loc68 loc68
loc149
loc41 loc41
loc113
loc5 loc5
loc29 loc29
loc137
loc20 loc20
loc146
loc65 loc65
loc164
loc2 loc2
loc38 loc38
loc77 loc77
loc185 loc14
loc32 loc32
loc131 loc83
loc56 loc56
loc155
loc173
loc128
loc74 loc74
loc110
loc92 loc92
loc47 loc47
loc11 loc11
loc73 loc73
loc136 loc28 loc37
loc100 loc100
loc1 loc1
loc111
loc22 loc22
loc120
loc12 loc12
loc67 loc67
loc85 loc85
loc21 loc21
loc166
loc25 loc25
loc160
loc69 loc69
