0 24 81 24 43 72 11 36 28 36 94 32 86 32 54 61 8 61 57 18 93 10 87 82 51 62 7 21 37 49 46 27 4 69 42 92 42 53 45 14 55 14 48 80 62 64 32 52 34 13 83 16 66 71 70 22 41 47 3 91 60 96 60 99 56 33 89 79 89 63 72 77 25 23 25 98 29 95 17 14 15 21 76 84 50 10 6 35 6 1 70 38 70 68 59 44 26 0
79
0 0
24
81 81
43 43
72
11 11
36
28 28
94 94
32
86 86
54 54
61
8 8
57 57
18
93 93
10
87 87
82
51 51
62
7 7
21
37 37
49
46 46
27 27
4
69 69
42
92 92
53 53
45 45
14
55 55
48 48
80 80
64 64
52 52
34 34
13 13
83 31
16 16
66
71 71
70
22 22
41
47 47
3
91 91
60
96 96
99 99
56 56
33
89
79 79
63
77 77
25
23 23
98 98
29
95
17 17
15 15
76 76
84
50 50
6
35 35
1 1
38 38
68 68
59
44 44
26
