0 162 53 37 23 5 21 78 23 165 64 170 138 20 153 18 43 66 43 56 43 97 16 190 16 148 113 51 113 30 113 124 113 59 96 132 96 157 172 157 119 54 61 135 8 22 52 103 52 92 52 167 154 122 48 26 199 39 199 42 107 158 81 100 81 9 81 126 49 10 49 125 49 123 116 117 116 27 46 144 169 104 130 104 31 82 69 173 69 83 69 25 84 166 84 160 120 171 120 163 107 142 156 70 175 15 175 188 176 99 58 102 58 149 58 1 12 139 33 110 155 36 98 32 79 178 79 75 6 34 32 152 90 110 151 110 35 14 4 118 107 94 54 129 28 137 150 137 186 85 127 85 88 108 106 159 131 159 164 95 24 194 40 2 112 71 192 71 80 62 73 62 128 86 2 63 85 174 19 184 95 183 45 41 45 185 45 111 87 16 17 16 68 182 23 114 113 47 113 0
152
0 0
162
53 53
37 180
23
5 5
21
78 78
165 165
64
170 170
138
20 20
153
18 18
43
66 66
56 56
97 97
16
190 190
148 148
113
51 51
30 30
124 124
59 59
96
132 132
157
172 172
119 119
54
61 61
135
8 8
22 22
52 161
103 103
92 92
167 167
154
122 122
48
26 26
199
39 39
42 42
107
158 158
81
100 100
9 9
126 126
49
10 10
125 125
123 123
116
117 117
27 27
46 55
144
169 169
104
130 130
31
82 82
69
173 173
83 83
25 25
84
166 166
160 160
120
171 171
163 163
142 142
156
70 70
175
15 15
188 188
176
99 99
58
102 102
149 149
1 1
12 12
139
33 33
110
155 155
36
98 98
32
79
178 178
75 75
6
34 34
152
90 90
151 151
35 35
14
4 4
118
94 94
129
28 28
137
150 150
186 186
85
127 127
88 88
108
106 106
159
131 131
164 164
95
24 24
194
40 40
2 146
112 112
71
192 192
80 80
62
73 73
128
86 168 181
63 63
174 174
19
184 184
183 183
45
41 41
185 185
111 111
87
17 17
68 68
182
114 114
47 47
