loc0 loc25 loc5 loc31 loc52 loc35 loc90 loc33 loc71 loc30 loc13 loc29 loc68 loc95 loc92 loc98 loc84 loc32 loc81 loc36 loc51 loc6 loc65 loc43 loc54 loc37 loc70 loc89 loc16 loc74 loc62 loc42 loc34 loc2 loc88 loc41 loc97 loc23 loc46 loc45 loc4 loc11 loc50 loc72 loc20 loc1 loc28 loc83 loc47 loc0
49
loc0
loc25 loc25
loc5 loc5
loc31 loc31
loc52 loc52
loc35 loc35
loc90 loc14 loc90
loc33 loc33
loc71 loc71
loc30 loc30
loc13 loc13
loc29 loc29
loc68 loc68
loc95 loc95
loc92 loc92
loc98 loc98
loc84 loc84
loc32 loc32
loc81 loc81
loc36 loc36
loc51 loc17 loc51
loc6 loc6
loc65 loc65
loc43 loc43
loc54 loc54
loc37 loc37
loc70 loc70
loc89 loc89
loc16 loc16
loc74 loc74
loc62 loc62
loc42 loc42
loc34 loc34
loc2 loc2
loc88 loc88
loc41 loc41
loc97 loc97
loc23 loc23
loc46 loc46
loc45 loc45
loc4 loc4
loc11 loc11
loc50 loc50
loc72 loc72
loc20 loc20
loc1 loc1
loc28 loc28
loc83 loc83
loc47 loc47
