0 56 35 20 81 84 158 6 96 7 54 9 78 99 86 99 27 49 43 10 93 71 21 74 37 95 66 4 32 67 25 15 3 58 97 31 55 76 28 42 41 36 90 79 75 101 26 69 40 59 11 34 80 63 24 104 92 51 189 60 23 65 46 87 5 62 17 89 17 70 94 72 29 14 73 64 22 50 147 68 30 19 12 33 85 16 85 100 48 18 44 161 45 61 88 0
92
0 91
56 56
35 35
20 20
81 81
84 84
158
6 6
96 96
7 7
54 54
9 9
78 78
99 99
86 86
27 27 39
49 49
43 43
10 2 10 83
93 93
71 71
21 13 21
74 74
37 37 47
95 95
66 66
4 4
32 32
67 67
25 25
15 15
3 3
58 58
97 97
31 31
55 55
76 76
28 28
42 42
41 41
36 36 77
90 90
79 79
75 75
101
26 26
69 69
40 40
59 59
11 1 11
34 34
80 80
63 63
24 24
104
92 92
51 51
189
60 60
23 23
65 65
46 38 46
87 87
5 5
62 62
17 17 82
89 89
70 70
94 94
72 72
29 29
14 14
73 52 73
64 64
22 22
50 50
147
68 53 57 68
30 30
19 19
12 12
33 33
85 85
16 16
100 100
48 48
18 18
44 44
161
45 45
61 61
88 8 88 98
