0 30 28 27 28 26 25 23 32 20 21 20 19 17 85 86 83 81 80 79 78 77 76 75 63 62 70 64 73 64 62 58 59 60 61 58 54 55 54 53 51 49 48 47 46 44 42 43 42 41 40 39 37 36 34 33 117 116 112 115 113 114 115 112 ViksNode 128 129 130 129 128 ViksNode 107 106 102 101 104 101 100 99 100 122 121 122 123 122 100 102 105 108 105 102 101 120 97 95 94 92 14 13 16 15 14 11 9 8 7 6 5 4 5 6 9 10 9 6 5 2 1 0
90
0
30 30
28
27 27
26
25 25
23
32
20 20
21 21
19 19
17 18
85
86 86
83
81
80 80
79
78 78
77
76
75 74
63 63
62
70 70 71
64
73 73
58
59 59
60 60
61
54 56
55 55
53 53
51
49
48 48
47 47
46
44
42 42
43 43
41
40
39
37 37
36 36
34 35
33
117 117
116
112
115
113 113
114 114
ViksNode
128
129
130 130
107
106 106
102
101
104 104
100
99 99
122
121 121
123 123
105
108 108
120
97
95
94 94
92
14
13 13
16
15 15
11
9
8 8
7 7
6
5
4 4
10 10
2 3
1
