Amtrak Vega Auberge Modesto Elizabethan Halstead embassy Dominican Bleeker minion slowdown amateur illusion Injun stanza transpiration septillion papal septillion creekside Hewlett decor swordfish diligent swingy midget funny Gilmore Hindi Loomis Rio Darwin ripe extractor mediate bobble McCall shroud choice fatten trill yogurt Isfahan balustrade MN schedule connubial Fisk anvil tate namesake jewel namesake Amtrak
51
Amtrak
Vega Vega
Auberge Auberge
Modesto Modesto
Elizabethan Elizabethan
Halstead Andersen Halstead
embassy embassy
Dominican Dominican
Bleeker Bleeker
minion minion
slowdown slowdown
amateur amateur
illusion illusion
Injun Injun
stanza stanza
transpiration transpiration
septillion septillion
papal papal
creekside creekside
Hewlett Hewlett
decor decor
swordfish swordfish
diligent diligent
swingy swingy
midget midget
funny funny
Gilmore Gilmore
Hindi Hindi
Loomis Loomis
Rio Rio
Darwin Darwin
ripe ripe
extractor extractor
mediate mediate
bobble bobble
McCall McCall
shroud shroud
choice choice
fatten fatten
trill trill
yogurt yogurt
Isfahan Isfahan
balustrade balustrade
MN MN
schedule schedule
connubial connubial
Fisk Fisk
anvil anvil
tate tate
namesake
jewel jewel
