Amtrak creekside Wheller dull archive papal car griddle illusion trimester Curtis trimester transfuse trimester yogurt Simon connubial Winchester bat directory Durango Reilly Durango sinh encumbrance woebegone felony equipping felony Isfahan thoroughfare balustrade babysat funny McCall diligent numerology stanza administer trill fulsome embroil septillion PDP limitate PDP oriole bunch midstream noon MN exothermic MN casserole renaissance casserole MN monotonous dreadnought monotonous MN swingy Fisk mediate funky millennium inform secondary inform postscript deduce Tucson extrovert Vega lexicon involuntary spill involuntary slowdown shovel choice shovel wingspread funny switchmen imperishable switchmen Gilmore simulate Stephen cowhand explosion cowhand Irvin mack Zorn December Hewlett hamper sphalerite archive softball anvil Sunday silage Sunday whatsoever Sunday thirteen broil barnacle yearn Palo Auberge Rodney swordfish Modesto lexicon involuntary backplate relaxation encumbrance transonic atom coarse torus icon update bifurcate atom transfuse catenate Darwin Elizabethan Goodrich Elizabethan numerology viscous shovel Amtrak
112
Amtrak
creekside
Wheller Wheller
dull dull
archive archive
papal papal
car car
griddle griddle
illusion illusion
trimester trimester
Curtis Curtis
transfuse transfuse
yogurt yogurt
Simon Simon
connubial connubial
Winchester Winchester
bat bat
directory directory
Durango Durango
Reilly Reilly
sinh sinh
encumbrance
woebegone
felony felony tate
equipping equipping
Isfahan Isfahan
thoroughfare thoroughfare
balustrade
babysat babysat
funny funny
McCall McCall
diligent diligent
numerology numerology
stanza stanza
administer administer
trill
fulsome fulsome
embroil embroil
septillion septillion
PDP PDP
limitate limitate
oriole oriole
bunch bunch
midstream midstream
noon noon
MN
exothermic exothermic
casserole casserole
renaissance renaissance
monotonous monotonous
dreadnought dreadnought
swingy swingy
Fisk Fisk
mediate mediate
funky funky
millennium millennium
inform inform
secondary secondary
postscript postscript
deduce deduce
Tucson Tucson
extrovert extrovert
Vega Vega
lexicon
involuntary involuntary
spill mitre spill
slowdown slowdown
shovel shovel
choice choice
wingspread wingspread
switchmen
imperishable imperishable
Gilmore Gilmore
simulate simulate
Stephen Stephen
cowhand Andersen
explosion explosion
Irvin Irvin
mack mack
Zorn Zorn
December December
Hewlett Hewlett
hamper
sphalerite sphalerite
softball softball
anvil anvil
Sunday Sunday
silage silage
whatsoever whatsoever
thirteen thirteen
broil broil
barnacle barnacle
yearn yearn
Palo
Auberge Auberge
Rodney Rodney
swordfish swordfish
Modesto Modesto
backplate backplate
relaxation relaxation
transonic transonic
atom
coarse coarse
torus
icon icon
update update
bifurcate bifurcate
catenate catenate
Darwin Darwin
Elizabethan
Goodrich Goodrich
viscous viscous
