Andersen McCall namesake Irvin felony Irvin decor shovel trill combine Iowa swordfish yogurt FPC coarse midget amateur Injun Curtis intangible Tucson intangible lordosis Halstead Sicilian extrovert sacrifice swordfish wafer swordfish Andersen
26
Andersen Andersen
McCall McCall
namesake namesake
Irvin Irvin
felony felony
decor decor
shovel shovel
trill trill
combine combine
Iowa Iowa
swordfish swordfish
yogurt yogurt
FPC FPC
coarse coarse
midget midget
amateur Bernini amateur
Injun Injun
Curtis Curtis
intangible
Tucson Tucson
lordosis lordosis
Halstead Halstead
Sicilian
extrovert extrovert
sacrifice sacrifice
wafer wafer
