Loc0 Loc104 Loc36 Loc115 Loc170 Loc128 Loc16 Loc77 Loc13 Loc6 Loc66 Loc102 Loc124 Loc47 Loc21 Loc89 Loc196 Loc173 Loc58 Loc117 Loc52 Loc126 Loc93 Loc60 Loc24 Loc195 Loc10 Loc2 Loc163 Loc110 Loc28 Loc147 Loc85 Loc118 Loc7 Loc67 Loc96 Loc54 Loc166 Loc158 Loc182 Loc20 Loc142 Loc148 Loc33 Loc49 Loc92 Loc160 Loc92 Loc138 Loc65 Loc161 Loc59 Loc141 Loc32 Loc34 Loc70 Loc111 Loc123 Loc190 Loc125 Loc17 Loc94 Loc157 Loc56 Loc122 Loc46 Loc72 Loc62 Loc68 Loc120 Loc43 Loc154 Loc109 Loc15 Loc194 Loc181 Loc50 Loc167 Loc183 Loc101 Loc98 Loc165 Loc172 Loc184 Loc41 Loc177 Loc91 Loc48 Loc4 Loc130 Loc48 Loc135 Loc57 Loc0
92
Loc0
Loc104 Loc104 Loc156
Loc36 Loc36
Loc115 Loc115
Loc170 Loc170
Loc128 Loc128
Loc16 Loc16
Loc77 Loc61 Loc77 Loc134
Loc13 Loc13
Loc6 Loc6 Loc127
Loc66 Loc66
Loc102 Loc102
Loc124 Loc124
Loc47 Loc47
Loc21 Loc21 Loc99
Loc89 Loc89
Loc196 Loc187
Loc173 Loc173
Loc58 Loc58
Loc117 Loc117
Loc52 Loc52
Loc126 Loc126
Loc93 Loc93
Loc60
Loc24 Loc24
Loc195 Loc195
Loc10 Loc27
Loc2 Loc2
Loc163 Loc163
Loc110 Loc110
Loc28 Loc28
Loc147 Loc147
Loc85 Loc85
Loc118 Loc118
Loc7 Loc7
Loc67
Loc96 Loc96
Loc54 Loc54
Loc166 Loc166
Loc158 Loc158
Loc182 Loc182
Loc20 Loc20
Loc142 Loc142
Loc148 Loc148
Loc33 Loc33
Loc49 Loc49
Loc92 Loc92
Loc160 Loc160
Loc138 Loc138
Loc65 Loc65
Loc161 Loc161
Loc59 Loc59
Loc141 Loc141
Loc32 Loc32
Loc34 Loc34 Loc55 Loc180
Loc70 Loc70
Loc111 Loc111
Loc123 Loc123 Loc185
Loc190 Loc38 Loc190
Loc125 Loc125
Loc17 Loc17
Loc94 Loc94
Loc157 Loc157
Loc56
Loc122 Loc122
Loc46 Loc46
Loc72 Loc72
Loc62 Loc62
Loc68 Loc68
Loc120 Loc120
Loc43 Loc43
Loc154 Loc154
Loc109 Loc109
Loc15 Loc15
Loc194 Loc194
Loc181 Loc181
Loc50 Loc50
Loc167 Loc167
Loc183 Loc183
Loc101 Loc101
Loc98 Loc98
Loc165 Loc165
Loc172 Loc172
Loc184 Loc3 Loc184
Loc41 Loc41
Loc177 Loc177
Loc91
Loc48 Loc48
Loc4 Loc4 Loc131
Loc130 Loc130 Loc151 Loc171
Loc135 Loc135
Loc57 Loc57
