Loc0 Loc73 Loc25 Loc10 Loc56 Loc93 Loc43 Loc79 Loc90 Loc91 Loc86 Loc74 Loc22 Loc80 Loc62 Loc89 Loc4 Loc78 Loc84 Loc46 Loc96 Loc7 Loc60 Loc34 Loc51 Loc58 Loc37 Loc95 Loc13 Loc67 Loc23 Loc44 Loc1 Loc70 Loc31 Loc77 Loc47 Loc15 Loc20 Loc63 Loc66 Loc14 Loc65 Loc48 Loc52 Loc39 Loc11 Loc28 Loc19 Loc33 Loc64 Loc41 Loc0
52
Loc0 Loc0
Loc73 Loc24 Loc73
Loc25 Loc25
Loc10 Loc10
Loc56
Loc93 Loc93
Loc43
Loc79 Loc79
Loc90 Loc90
Loc91
Loc86 Loc86
Loc74 Loc74
Loc22 Loc22
Loc80 Loc80
Loc62 Loc62
Loc89 Loc89
Loc4 Loc4 Loc92
Loc78 Loc78
Loc84 Loc84
Loc46 Loc46
Loc96
Loc7 Loc7
Loc60
Loc34 Loc34 Loc81
Loc51 Loc51
Loc58 Loc58
Loc37 Loc37
Loc95 Loc54 Loc95
Loc13 Loc13
Loc67 Loc67 Loc97
Loc23 Loc23
Loc44 Loc44
Loc1 Loc1
Loc70 Loc70
Loc31 Loc31
Loc77 Loc77
Loc47 Loc47
Loc15 Loc15
Loc20
Loc63 Loc63
Loc66 Loc66
Loc14 Loc14
Loc65 Loc65
Loc48 Loc48
Loc52 Loc52 Loc71
Loc39 Loc39
Loc11
Loc28 Loc28
Loc19
Loc33 Loc33
Loc64 Loc64
Loc41 Loc41
