1 79 1 9 84 9 38 90 38 31 91 31 44 77 44 18 70 18 7 74 7 28 60 28 36 83 36 30 95 30 6 56 6 37 68 37 19 54 19 27 63 27 43 50 43 17 96 17 46 82 46 33 72 33 15 85 15 12 52 12 11 78 11 23 55 23 14 89 14 25 86 25 13 58 13 21 61 21 47 93 47 20 64 20 40 71 40 3 92 3 22 81 22 8 66 8 41 94 41 34 62 34 29 73 29 5 76 5 48 88 48 39 69 39 32 80 32 24 53 24 10 65 10 42 59 42 26 51 26 4 67 4 35 87 35 45 75 45 2 57 2 1
94
1
79 79
9
84 84
38
90 90
31
91 91
44
77 77
18
70 70
7
74 74
28
60 60
36
83 83
30
95 95
6
56 56
37
68 68
19
54 54
27
63 63
43
50 50
17
96 96
46
82 82
33
72 72
15
85 85
12
52 52
11
78 78
23
55 55
14
89 89
25
86 86
13
58 58
21
61 61
47
93 93
20
64 64
40
71 71
3
92 92
22 49
81 81
8
66 66
41
94 94
34
62 62
29
73 73
5
76 76
48
88 88
39
69 69
32
80 80
24
53 53
10
65 65
42
59 59
26
51 51
4
67 67
35
87 87
45
75 75
2
57 57
