1 mxfjog 1 2 wdukvg 2 hkmvzs 2 9 dgndkq 9 eaxqgg 9 5 jjhfbf 5 xzpwqp 5 7 zfpeyb 7 obygpx 7 3 fncbor 3 dwtmye 3 10 itizxl 10 atjnbp 10 8 qmrpna 8 qmdppc 8 6 htnufq 6 bdkbsl 6 4 aiahrn 4 adnqny 4 11 dfkzik 11 bvxxxl 11 1
32
1 eecyyi
mxfjog mxfjog
2
wdukvg wdukvg
hkmvzs hkmvzs
9
dgndkq dgndkq
eaxqgg eaxqgg
5
jjhfbf jjhfbf
xzpwqp xzpwqp
7
zfpeyb zfpeyb
obygpx obygpx
3
fncbor fncbor
dwtmye dwtmye
10
itizxl itizxl
atjnbp atjnbp
8
qmrpna qmrpna
qmdppc qmdppc
6
htnufq htnufq
bdkbsl bdkbsl
4
aiahrn aiahrn
adnqny adnqny
11
dfkzik dfkzik
bvxxxl bvxxxl
