1 128 1 9 72 9 73 9 38 61 38 111 38 31 70 31 143 31 44 102 44 114 44 18 63 18 69 18 7 107 7 120 7 28 83 28 131 28 36 110 36 130 36 30 95 30 101 30 6 119 6 126 6 37 99 37 125 37 19 53 19 98 19 27 78 27 140 27 43 64 43 136 43 17 60 17 66 17 46 54 46 144 46 33 67 33 127 33 15 85 15 103 15 12 59 12 116 12 11 65 11 142 11 23 55 23 108 23 14 75 14 105 14 25 80 25 86 25 13 79 13 109 13 21 82 21 138 21 47 113 47 141 47 20 115 20 124 20 40 87 40 117 40 3 97 3 112 3 22 71 22 94 22 16 91 16 133 16 41 106 41 137 41 34 50 34 77 34 29 96 29 129 29 5 90 5 93 5 48 58 48 68 48 39 52 39 57 39 32 135 32 139 32 24 88 24 134 24 10 76 10 132 10 42 89 42 104 42 26 100 26 121 26 4 51 4 118 4 35 84 35 92 35 45 74 45 122 45 2 62 2 81 2 8 56 8 123 8 1
143
1 49
128 128
9
72 72
73 73
38
61 61
111 111
31
70 70
143 143
44
102 102
114 114
18
63 63
69 69
7
107 107
120 120
28
83 83
131 131
36
110 110
130 130
30
95 95
101 101
6
119 119
126 126
37
99 99
125 125
19
53 53
98 98
27
78 78
140 140
43
64 64
136 136
17
60 60
66 66
46
54 54
144 144
33
67 67
127 127
15
85 85
103 103
12
59 59
116 116
11
65 65
142 142
23
55 55
108 108
14
75 75
105 105
25
80 80
86 86
13
79 79
109 109
21
82 82
138 138
47
113 113
141 141
20
115 115
124 124
40
87 87
117 117
3
97 97
112 112
22
71 71
94 94
16
91 91
133 133
41
106 106
137 137
34
50 50
77 77
29
96 96
129 129
5
90 90
93 93
48
58 58
68 68
39
52 52
57 57
32
135 135
139 139
24
88 88
134 134
10
76 76
132 132
42
89 89
104 104
26
100 100
121 121
4
51 51
118 118
35
84 84
92 92
45
74 74
122 122
2
62 62
81 81
8
56 56
123 123
