MzId8uwrPz TDmNOuGJBk T3o9dNVbcG Z82QDWb0Pr 7d3UA4fKWz 8Jejdr7ynm QwY2G6aX6c VbPBW7rmhF BtCEVbHoQI I4iTN5KXjB BtCEVbHoQI HG8olhhcTZ sY3UqAEMG3 oPQmRUijH5 6lpxgUxCxO jKpmFoejPZ gLI8ArV2Ui osdKgXyg1e MuYreynm57 f91pUtm9EZ RLF9v27sOQ VbPBW7rmhF UphA2uAaYC vzXeZbLrSW UphA2uAaYC HEqjxwCWnl zUWT7uduzq uVIshS2g8a qg08r1Pg6g uVIshS2g8a VBTKstUXwG 8UaR4YpZys VBTKstUXwG HTp005294X IU0Ia8127Z HTp005294X TDmNOuGJBk MzId8uwrPz
30
MzId8uwrPz MzId8uwrPz
TDmNOuGJBk TDmNOuGJBk
T3o9dNVbcG T3o9dNVbcG
Z82QDWb0Pr Z82QDWb0Pr U5XdtBFGOe
7d3UA4fKWz 7d3UA4fKWz
8Jejdr7ynm 8Jejdr7ynm
QwY2G6aX6c QwY2G6aX6c
VbPBW7rmhF
BtCEVbHoQI BtCEVbHoQI
I4iTN5KXjB I4iTN5KXjB
HG8olhhcTZ HG8olhhcTZ
sY3UqAEMG3
oPQmRUijH5 oPQmRUijH5
6lpxgUxCxO 6lpxgUxCxO
jKpmFoejPZ
gLI8ArV2Ui gLI8ArV2Ui
osdKgXyg1e osdKgXyg1e
MuYreynm57 MuYreynm57
f91pUtm9EZ f91pUtm9EZ
RLF9v27sOQ RLF9v27sOQ
UphA2uAaYC UphA2uAaYC
vzXeZbLrSW vzXeZbLrSW
HEqjxwCWnl
zUWT7uduzq zUWT7uduzq
uVIshS2g8a
qg08r1Pg6g qg08r1Pg6g
VBTKstUXwG VBTKstUXwG
8UaR4YpZys 8UaR4YpZys
HTp005294X
IU0Ia8127Z IU0Ia8127Z
