uqBwmUCwgE u4FAx2sHZm 2OsmeZV9xh u4FAx2sHZm g2I4si69gU oVMPVsMWrZ WYEDqSuNRX oEdovEhrWM CUEWGmB7Gt dMOAUqH7Z3 qnkfLCmfDn QTNhZIciNJ CSjLrGbUz3 xtp1B5q0W1 AXNCIbkEJh BUMLJo6sc3 jPXsbXPNMq BUMLJo6sc3 idQHxtSnxr 0mnwiU4XrT wRn7Oi1bcW xjSWG1YKh9 TBzLS0OAYU 723MhcLxt0 yky49wE4YG BNkM7qaRNw XlU2fx0ZPn BNkM7qaRNw IA0Uf143OT uvoepIQg9n LCKLTNE1vp TSSOUimHPg 97ZNlakBoq mwzQG3SxnO rCoEuOa7EU XW1Wn7EqpN GQ4F0g3Mdj fXy828RCG4 KUJdxKVZFO 7g0Idy1nzK 03xK87sjTf nKHFs5cKTX Oiowits7js 12ECENJIev HHHZ1vC1rP WvFZJEkTrw 5SSy593K31 33omYiVXOD oCk2Yieytb Tk8ERvdKxF WAi18jd2vJ S8BtTu4yH9 WAi18jd2vJ oIVQ2qkgnR s3eMpsYH00 Pijq8aHqIR nFqfAnhO3U 0hs3CNDF4L oIVQ2qkgnR bhojeHeddF oIVQ2qkgnR JD3uem81Lg r8njDwxc2t euuICgBLD4 vUu8ijgxxf yvMowGbkvn u4LnQNaaiz 1N2P3Sa7im srT70dfQEr Pz3egMzKU8 gZXiityEnU J3muHocLp9 7wS9dKOnJR IT4pKw3giW pWVnBerIra bWDewy6WbV oCk2Yieytb Tk8ERvdKxF uIf3wnJUdn Tk8ERvdKxF FvzkpZRSj8 YAqGe4tKAP yky49wE4YG Pv5LMSkQii yky49wE4YG WRd4lScvm6 yky49wE4YG 2nSOTVmvxV TP2TNyk7wl GQ4F0g3Mdj TyL7NE2puV pKK7T4agKn vLjEFrUVJv qjDSEKmZMW jBYJ7v19BQ ZqWjuL44qr MXIvZpEPtW 4znnlMjVra dj8JMfo3hX QrJxLpX875 2eMl9AO5o8 oWmQcQwHPo WcyuqGYOzU XOxGPscMMG yU6iUY8YgO Qu2MUNKITj pk0Vh75DnH RN0bCAV6rQ dC48GQHGzO 1TfvXd6dPZ mbSdju1TJK 1TfvXd6dPZ u4FAx2sHZm FmtLnHv2HY YpRs8m6oyX 2S929yZddP 1QXjsHNYao 2S929yZddP jVW9blzudJ 2O61j91J3T K05xB79KZo 2O61j91J3T bserQRNqfz KpxiCfRqh3 bserQRNqfz 6LMX14aEdy CxfzSa2YOV M2hatQPY96 tubjzjzUpV 8ZKCAWlImg t25XjDwQhD 8ZKCAWlImg z9nRKYQ1ub 8ZKCAWlImg KZfI0wRW9K bsEkAY2K41 Q1N77BLmyb TSSOUimHPg IGpxjveim7 x7iq98BiN3 eV8Vk47Uma rCoEuOa7EU 8KtuAXHUy3 EG1t1o8YrR fWIjO8yhE3 KHDeTTvJC1 fWIjO8yhE3 jWGPBjgoMW MXIvZpEPtW biWuM2iRnz MXIvZpEPtW g2I4si69gU 0wTk0mYkLH g2I4si69gU oVMPVsMWrZ vnZBjkVngj LeZK9UvMT9 emYRLTiyj9 D0kECQ0RvI JD3uem81Lg oIVQ2qkgnR h5Si5BAPN0 QTNhZIciNJ 9LabQjTqkn 0mnwiU4XrT idQHxtSnxr onlLq65Azx j98kcW9qGB aEo62SfMqH j98kcW9qGB jPXsbXPNMq BUMLJo6sc3 fecMfiAuGC BUMLJo6sc3 idQHxtSnxr 0mnwiU4XrT uqBwmUCwgE
137
uqBwmUCwgE
u4FAx2sHZm u4FAx2sHZm
2OsmeZV9xh 2OsmeZV9xh
g2I4si69gU g2I4si69gU
oVMPVsMWrZ oVMPVsMWrZ
WYEDqSuNRX
oEdovEhrWM oEdovEhrWM
CUEWGmB7Gt CUEWGmB7Gt
dMOAUqH7Z3 dMOAUqH7Z3
qnkfLCmfDn qnkfLCmfDn
QTNhZIciNJ QTNhZIciNJ
CSjLrGbUz3 CSjLrGbUz3
xtp1B5q0W1 xtp1B5q0W1
AXNCIbkEJh
BUMLJo6sc3 BUMLJo6sc3
jPXsbXPNMq jPXsbXPNMq
idQHxtSnxr idQHxtSnxr
0mnwiU4XrT 0mnwiU4XrT
wRn7Oi1bcW wRn7Oi1bcW
xjSWG1YKh9
TBzLS0OAYU TBzLS0OAYU
723MhcLxt0 723MhcLxt0
yky49wE4YG yky49wE4YG
BNkM7qaRNw BNkM7qaRNw
XlU2fx0ZPn XlU2fx0ZPn
IA0Uf143OT IA0Uf143OT
uvoepIQg9n uvoepIQg9n
LCKLTNE1vp LCKLTNE1vp
TSSOUimHPg
97ZNlakBoq 97ZNlakBoq
mwzQG3SxnO mwzQG3SxnO
rCoEuOa7EU
XW1Wn7EqpN XW1Wn7EqpN
GQ4F0g3Mdj GQ4F0g3Mdj
fXy828RCG4 fXy828RCG4
KUJdxKVZFO KUJdxKVZFO
7g0Idy1nzK 7g0Idy1nzK
03xK87sjTf 03xK87sjTf
nKHFs5cKTX nKHFs5cKTX
Oiowits7js Oiowits7js
12ECENJIev 12ECENJIev
HHHZ1vC1rP
WvFZJEkTrw WvFZJEkTrw
5SSy593K31 5SSy593K31
33omYiVXOD
oCk2Yieytb oCk2Yieytb
Tk8ERvdKxF Tk8ERvdKxF
WAi18jd2vJ WAi18jd2vJ
S8BtTu4yH9 S8BtTu4yH9
oIVQ2qkgnR oIVQ2qkgnR
s3eMpsYH00 s3eMpsYH00
Pijq8aHqIR Pijq8aHqIR lfdanPGo3c
nFqfAnhO3U
0hs3CNDF4L 0hs3CNDF4L
bhojeHeddF bhojeHeddF
JD3uem81Lg JD3uem81Lg
r8njDwxc2t r8njDwxc2t
euuICgBLD4
vUu8ijgxxf vUu8ijgxxf
yvMowGbkvn yvMowGbkvn
u4LnQNaaiz u4LnQNaaiz
1N2P3Sa7im
srT70dfQEr srT70dfQEr
Pz3egMzKU8 Pz3egMzKU8
gZXiityEnU gZXiityEnU
J3muHocLp9
7wS9dKOnJR
IT4pKw3giW IT4pKw3giW
pWVnBerIra
bWDewy6WbV bWDewy6WbV
uIf3wnJUdn uIf3wnJUdn
FvzkpZRSj8 FvzkpZRSj8
YAqGe4tKAP YAqGe4tKAP
Pv5LMSkQii Pv5LMSkQii
WRd4lScvm6 WRd4lScvm6
2nSOTVmvxV
TP2TNyk7wl TP2TNyk7wl
TyL7NE2puV TyL7NE2puV
pKK7T4agKn
vLjEFrUVJv
qjDSEKmZMW qjDSEKmZMW
jBYJ7v19BQ jBYJ7v19BQ
ZqWjuL44qr
MXIvZpEPtW
4znnlMjVra 4znnlMjVra
dj8JMfo3hX dj8JMfo3hX
QrJxLpX875 QrJxLpX875
2eMl9AO5o8
oWmQcQwHPo oWmQcQwHPo
WcyuqGYOzU WcyuqGYOzU
XOxGPscMMG
yU6iUY8YgO yU6iUY8YgO
Qu2MUNKITj
pk0Vh75DnH pk0Vh75DnH
RN0bCAV6rQ RN0bCAV6rQ
dC48GQHGzO
1TfvXd6dPZ 1TfvXd6dPZ
mbSdju1TJK mbSdju1TJK
FmtLnHv2HY
YpRs8m6oyX YpRs8m6oyX
2S929yZddP 2S929yZddP
1QXjsHNYao 1QXjsHNYao
jVW9blzudJ
2O61j91J3T 2O61j91J3T
K05xB79KZo K05xB79KZo
bserQRNqfz
KpxiCfRqh3 KpxiCfRqh3
6LMX14aEdy
CxfzSa2YOV CxfzSa2YOV
M2hatQPY96 M2hatQPY96
tubjzjzUpV tubjzjzUpV
8ZKCAWlImg
t25XjDwQhD t25XjDwQhD
z9nRKYQ1ub z9nRKYQ1ub
KZfI0wRW9K
bsEkAY2K41 bsEkAY2K41
Q1N77BLmyb Q1N77BLmyb
IGpxjveim7
x7iq98BiN3 x7iq98BiN3
eV8Vk47Uma
8KtuAXHUy3 8KtuAXHUy3
EG1t1o8YrR
fWIjO8yhE3
KHDeTTvJC1 KHDeTTvJC1
jWGPBjgoMW
biWuM2iRnz biWuM2iRnz
0wTk0mYkLH 0wTk0mYkLH
vnZBjkVngj
LeZK9UvMT9 LeZK9UvMT9
emYRLTiyj9 emYRLTiyj9
D0kECQ0RvI
h5Si5BAPN0 h5Si5BAPN0
9LabQjTqkn
onlLq65Azx onlLq65Azx
j98kcW9qGB
aEo62SfMqH aEo62SfMqH
fecMfiAuGC fecMfiAuGC
