GSDEYlNcCM 97dvK2Az7S Dkc5CxJ6RV 97dvK2Az7S MImiDijd1o VWD9Yy5Xrg zH4Z0p0Ftj vD4d0BZ03p 8pgnfE3xKu OGWcs2X8pk NULo72dPyj I1RTFIGWhc NgxnYo41LY cqCbnI2bkr b3jUAAPOlA R0OKpbbX8l Iroa6leixY YrPP1U1r20 7cteJXIZM1 zG9cl6Gy30 KpPj50fAfy fbxiHLAsv4 79JJ9GZF8c s8EkvbOYAX 1iUrZ2N0MA ESDdDChkYw 1aPtXDhYtV wXTrLT9dUx dojrtYXceT YZKJeBb8Pe gSP0irArmo M9d0z6OccV ka4cgDWgq7 lrFRnKniRv MpRNDD0glq 4ViGHxfdlc 0gqiqztWgj fhmE7A9rVl gSP0irArmo N08DpqDewo oQb2PqTM8x H0NdoJawvz 4JtfcKJvHu ITqWOrk6ub I1RTFIGWhc TH1GgoG5GU vCSWEyz4PC KpPj50fAfy EZQ9HUGjRN OR78sPVsV9 4RZs4XFvF9 G05S6XZiBa 1koyFI8rlU Octagmmhko 1koyFI8rlU J6nn6V6pVr 4lUeyqYb0U NgxnYo41LY UgxUR9jKcJ Ma7DUhMrCQ pm1Yq2dCLL iyQiEnpG35 pm1Yq2dCLL uXkvSfF7Kv OpwMnuSGmp dyS1o5lQHD KpPj50fAfy zG9cl6Gy30 MImiDijd1o oRs9wR3IGE GwtnXYfCts oQb2PqTM8x Iroa6leixY YrPP1U1r20 ckEVpwA8CD YQKcyMibnc ckEVpwA8CD YrPP1U1r20 I1RTFIGWhc eQGeDFyUBy 97dvK2Az7S GSDEYlNcCM
64
GSDEYlNcCM GSDEYlNcCM
97dvK2Az7S 97dvK2Az7S
Dkc5CxJ6RV Dkc5CxJ6RV
MImiDijd1o
VWD9Yy5Xrg VWD9Yy5Xrg
zH4Z0p0Ftj zH4Z0p0Ftj
vD4d0BZ03p vD4d0BZ03p
8pgnfE3xKu 8pgnfE3xKu
OGWcs2X8pk OGWcs2X8pk
NULo72dPyj
I1RTFIGWhc I1RTFIGWhc
NgxnYo41LY NgxnYo41LY
cqCbnI2bkr cqCbnI2bkr
b3jUAAPOlA b3jUAAPOlA
R0OKpbbX8l
Iroa6leixY Iroa6leixY
YrPP1U1r20 YrPP1U1r20
7cteJXIZM1 7cteJXIZM1
zG9cl6Gy30
KpPj50fAfy KpPj50fAfy
fbxiHLAsv4 fbxiHLAsv4
79JJ9GZF8c 79JJ9GZF8c
s8EkvbOYAX s8EkvbOYAX
1iUrZ2N0MA
ESDdDChkYw ESDdDChkYw
1aPtXDhYtV 1aPtXDhYtV
wXTrLT9dUx wXTrLT9dUx
dojrtYXceT dojrtYXceT
YZKJeBb8Pe YZKJeBb8Pe
gSP0irArmo
M9d0z6OccV M9d0z6OccV
ka4cgDWgq7 ka4cgDWgq7
lrFRnKniRv lrFRnKniRv
MpRNDD0glq MpRNDD0glq
4ViGHxfdlc 4ViGHxfdlc
0gqiqztWgj 0gqiqztWgj
fhmE7A9rVl fhmE7A9rVl
N08DpqDewo N08DpqDewo
oQb2PqTM8x tvKOOMQ7Sv
H0NdoJawvz H0NdoJawvz
4JtfcKJvHu 4JtfcKJvHu
ITqWOrk6ub
TH1GgoG5GU TH1GgoG5GU
vCSWEyz4PC vCSWEyz4PC
EZQ9HUGjRN EZQ9HUGjRN
OR78sPVsV9
4RZs4XFvF9 4RZs4XFvF9
G05S6XZiBa G05S6XZiBa
1koyFI8rlU 1koyFI8rlU
Octagmmhko Octagmmhko
J6nn6V6pVr
4lUeyqYb0U 4lUeyqYb0U
UgxUR9jKcJ UgxUR9jKcJ
Ma7DUhMrCQ
pm1Yq2dCLL
iyQiEnpG35 iyQiEnpG35
uXkvSfF7Kv uXkvSfF7Kv
OpwMnuSGmp OpwMnuSGmp
dyS1o5lQHD
oRs9wR3IGE oRs9wR3IGE
GwtnXYfCts
ckEVpwA8CD ckEVpwA8CD
YQKcyMibnc YQKcyMibnc
eQGeDFyUBy
