1 1eJ 1bX 1cC 1bT 1dH 1cJ 1bC 1dW 1aE 1aX 1eA 1aJ 1bW 1bO 1dE 1dT 1eH 1bE 1bR 1cY 1cB 1dR 1dD 1bJ 1eX 1aW 1dS 1dO 1cI 1aK 1cH 1eX 1cD 1cV 1aN K 1aT 1bA 1eE 1dF 1aI 1eO 1cZ 1eF 1eD 1dP 1bP 1bH 1aP 1eO 1
49
1 1
1eJ 1aU 1eJ
1bX 1bX
1cC 1cC
1bT 1bT
1dH 1dH
1cJ 1cJ
1bC 1bC
1dW 1dW
1aE 1aE
1aX 1aX
1eA 1eA
1aJ 1aC 1aJ 1aM 1aQ 1aY 1aZ 1bL 1cE 1cF 1dC 1dI 1dV 1dY 1dZ 1eB
1bW 1bW
1bO 1bO
1dE 1dE
1dT 1dT
1eH 1eH
1bE 1bE
1bR 1bR
1cY 1cY
1cB 1cB
1dR 1dR
1dD 1dD
1bJ 1bJ
1eX 1aR 1aV 1bM 1bN 1bS 1bV 1bY 1cG 1cK 1cN 1cO 1cR 1cS 1cT 1cW 1cX 1dA 1dJ 1dK 1dM 1dN 1eI
1aW 1aW
1dS 1dS
1dO 1dO
1cI 1cI
1aK 1aK
1cH 1cH
1cD 1cD
1cV 1cV
1aN 1aN
K 1aA 1aB 1bB 1bD 1bF 1bG 1bK 1bQ 1bU 1cP 1cQ 1cU 1eC 1eG
1aT 1aT
1bA 1bA
1eE 1eE
1dF 1dF
1aI 1aI
1eO 1aL 1aS 1dG
1cZ 1cZ
1eF 1eF
1eD 1eD
1dP 1dP
1bP 1bP
1bH 1bH
1aP 1aP
