12 82 67 11 9 62 95 5 43 45 47 42 38 1 92 81 38 1 74 84 39 59 60 59 64 59 53 59 34 77 4 93 64 18 41 98 40 55 15 90 13 99 78 30 49 91 14 27 85 22 61 28 46 20 69 20 52 96 76 6 23 28 97 26 0 36 12
58
12
82 82
67 67
11 11
9
62 62
95 95
5 24 5
43 43
45 45
47 47
42 42
38
1 1
92 92
81 81
74 74
84 84
39 39
59
60 60
64 64
53 53
34 34
77
4 4
93 93
18 18
41
98 98
40 40 75
55 55
15 15
90
13 13 88
99 99
78 78
30 30 87
49
91 91
14 14
27 27
85 85
22 22
61
28 44
46 46
20
69 69
52 52
96
76 76
6 6
23 23
97 97
26
0 0
36 36
