199 189 8 189 147 98 88 98 2 160 37 90 35 169 118 68 27 53 77 95 161 21 184 129 12 93 58 47 120 36 188 183 15 170 153 20 89 152 28 74 134 150 168 11 26 172 79 108 41 137 177 194 135 117 16 75 146 181 136 75 182 76 124 76 7 76 196 13 86 22 126 59 81 19 186 52 186 83 92 171 92 40 23 100 56 100 98 122 187 17 48 3 197 180 70 39 80 140 80 195 0 139 43 139 138 61 138 131 178 145 99 109 29 192 156 50 128 96 158 119 24 34 113 49 167 49 89 31 4 67 133 179 112 57 42 147 189 78 163 78 189 199
123
199
189
8 8
147 147
98 98
88 88
2 2
160 160
37 37
90 90
35 35
169 169
118 118
68 68
27
53 53
77 77
95 95
161 161
21 21
184 184
129 129
12 12
93 93
58 58
47 47
120 120
36 36
188 188
183
15 15
170 170
153 153
20 20
89 89
152 152
28 28
74 74
134 134
150 150
168 168
11 11
26 26
172 172
79 79
108 108
41 41
137 137
177 177
194 194
135 135
117
16 16
75
146 146
181
136 136
182 182
76
124 124
7 7
196 196
13 13
86 86
22
126 126
59
81 81
19 19
186
52 52
83 83
92
171 171
40 40
23 23
100 127
56 56
122 122
187 187
17
48
3 3
197 197
180 180
70 70
39
80
140 140
195 195
0 60 0
139
43 43
138 138
61 61
131 131
178 178
145 145
99 99
109
29 29
192 192 5
156 156
50 50
128 128
96 96
158
119 119
24
34 34
113 113
49 49
167 167
31
4 4
67
133
179 179
112 112
57
42 42
78
163 163
