rp7qqdx12pxp3 vnsdusp svhmnjst1e q847myi kab7t8o7qjj my85gnmouy bmicm4au quxig9xz2 95nsenz6 4cddmu86gmo ywksl5wd yida2btlrgcd2it ehy39 3hlob94j5u 9956fi f3vyq53xc 2bwd2j rkd38ui5s4 jjeivv4j55 vehkyi71w fhrrge umnww3 z3qc9ub eq5c5ygub w4qoh15 8eg2mee u4xzrfm7f kc3zwg52 j2pso94 8erlfq oyoi4md61 xllfi9b 2y9obuu 6u33i 31raz5hp9v l12pu 31raz5hp9v 8cfvpx26xwcwt swoprer f3vyq53xc p53u2x9bku99j t9q1ztn8723 kch7lui7 ywksl5wd mqt67y9n yida2btlrgcd2it 38s4jyp4eu uus7jirbe svhmnjst1e yik8cqxn2 qlbdmc rp7qqdx12pxp3
46
rp7qqdx12pxp3
vnsdusp vnsdusp
svhmnjst1e svhmnjst1e
q847myi q847myi 7og7qr4t86
kab7t8o7qjj kab7t8o7qjj
my85gnmouy my85gnmouy
bmicm4au bmicm4au
quxig9xz2 quxig9xz2
95nsenz6 95nsenz6
4cddmu86gmo 4cddmu86gmo
ywksl5wd ywksl5wd
yida2btlrgcd2it yida2btlrgcd2it
ehy39 ehy39
3hlob94j5u 3hlob94j5u
9956fi 9956fi
f3vyq53xc f3vyq53xc
2bwd2j 2bwd2j
rkd38ui5s4 rkd38ui5s4
jjeivv4j55 jjeivv4j55
vehkyi71w vehkyi71w
fhrrge fhrrge
umnww3 umnww3
z3qc9ub
eq5c5ygub eq5c5ygub
w4qoh15 w4qoh15
8eg2mee 8eg2mee
u4xzrfm7f u4xzrfm7f
kc3zwg52 kc3zwg52
j2pso94 j2pso94
8erlfq 8erlfq
oyoi4md61
xllfi9b xllfi9b
2y9obuu 2y9obuu
6u33i 6u33i
31raz5hp9v 31raz5hp9v
l12pu l12pu
8cfvpx26xwcwt 8cfvpx26xwcwt
swoprer swoprer
p53u2x9bku99j p53u2x9bku99j
t9q1ztn8723 t9q1ztn8723
kch7lui7 kch7lui7
mqt67y9n mqt67y9n
38s4jyp4eu 38s4jyp4eu
uus7jirbe uus7jirbe
yik8cqxn2 yik8cqxn2
qlbdmc
