m5uyvxo2h lrleda nbvknr pxtk2 5ed169a5jrt 45bp6qh 4l424khddum 4418l7vdyv kr5jy4uyjt bt3xcgwcd6c uqc3avv5 2hmpo9x8v795 it92vprqk ifmqwyt6x 1huq1df d3y7jq d5podyx2rn1o dooatf4 b9zxvj22sc ag29aqlop ho87zq94a914a 51ykhr ual3asit ou2rf1qhh 8evxiqgcp69n z4o91 d8hwo5pi i3la5wvv4 nbvknr lrleda m5uyvxo2h
28
m5uyvxo2h m5uyvxo2h
lrleda lrleda
nbvknr nbvknr
pxtk2 pxtk2
5ed169a5jrt 5ed169a5jrt
45bp6qh 45bp6qh
4l424khddum 4l424khddum
4418l7vdyv 4418l7vdyv
kr5jy4uyjt kr5jy4uyjt
bt3xcgwcd6c bt3xcgwcd6c
uqc3avv5 uqc3avv5
2hmpo9x8v795
it92vprqk it92vprqk
ifmqwyt6x ifmqwyt6x
1huq1df 1huq1df
d3y7jq d3y7jq
d5podyx2rn1o d5podyx2rn1o
dooatf4 dooatf4
b9zxvj22sc b9zxvj22sc
ag29aqlop ag29aqlop
ho87zq94a914a ho87zq94a914a
51ykhr
ual3asit ual3asit
ou2rf1qhh
8evxiqgcp69n 8evxiqgcp69n
z4o91
d8hwo5pi
i3la5wvv4 i3la5wvv4
