itbc25it1yep q42s9z886w5 aplkk57cpzm 7hz6j8 zjh83ae yhp7wbv9 tu8xxomxhi pt2n7hl hyc885fvjls fej54ps5j 8jea4n4ez ynuam4f8 1161ildqnj piawzpgtzz9 og6n7bgq8h 59yzvtv l8yypbh ilaz9q 812l47wm 4ka6l1c8w ht1efrhmh ozag34bm9 dt4ljfgjkizpq uzsjpl5f5 8m3pascg kxhc6t8tu 9egqgrh7x4e kwtb3cg 9lvbrlgk k3qywmpr wqkqf hwu8dv9jgknbm pwqxinlzb3s 3khitn6 vl6czuab 37v6d art44ncra 5stwoup zou7sx9w nd9xavj ysiw8m4l t4iedm itrx5fucdq gd5ct4 4w6uhigzl pmyqr mw8g2qjo1 1ca2x2cnc ic2r4blmm9 y3eg7gqq6 s9vu9xx884 txlltgki 8gc7dka8lfy 6u4sf1gi ushjdkdhm9 euhqqqmdpe tjwldi f92ere3 mucolb1r ay5sahonq84 87jxa 52a3fj2zh 9oii82xaa grn3uqx9y h1gz5hzz yr44oj2 dlkmpx x73l73jp g2g6fxcwr2l iffsi a5u8g4sej yx6dguko p9mtts e7lxs 1jhmm8m85 nm7ud hc2hf5t8 obabms vrem3ey3kg44 hq5mh8mi pt2n7hl yg6hizqty 2hzpyd i6lsw66h jeiqok 6k7du tpuaixp 7pbkkbbpw 3w86rqxzpi itbc25it1yep
88
itbc25it1yep
q42s9z886w5 q42s9z886w5
aplkk57cpzm aplkk57cpzm
7hz6j8 7hz6j8
zjh83ae zjh83ae
yhp7wbv9 yhp7wbv9
tu8xxomxhi tu8xxomxhi
pt2n7hl pt2n7hl yhvc7zg
hyc885fvjls hyc885fvjls
fej54ps5j fej54ps5j
8jea4n4ez 8jea4n4ez
ynuam4f8 ynuam4f8
1161ildqnj 1161ildqnj
piawzpgtzz9 piawzpgtzz9
og6n7bgq8h og6n7bgq8h
59yzvtv 59yzvtv
l8yypbh l8yypbh
ilaz9q ilaz9q
812l47wm 812l47wm
4ka6l1c8w 4ka6l1c8w
ht1efrhmh ht1efrhmh
ozag34bm9 ozag34bm9
dt4ljfgjkizpq dt4ljfgjkizpq
uzsjpl5f5 uzsjpl5f5
8m3pascg 8m3pascg
kxhc6t8tu kxhc6t8tu
9egqgrh7x4e 9egqgrh7x4e
kwtb3cg kwtb3cg
9lvbrlgk 9lvbrlgk
k3qywmpr k3qywmpr
wqkqf wqkqf
hwu8dv9jgknbm hwu8dv9jgknbm
pwqxinlzb3s pwqxinlzb3s
3khitn6 3khitn6
vl6czuab vl6czuab
37v6d 37v6d
art44ncra art44ncra
5stwoup 5stwoup
zou7sx9w zou7sx9w
nd9xavj nd9xavj
ysiw8m4l ysiw8m4l
t4iedm t4iedm
itrx5fucdq itrx5fucdq
gd5ct4 gd5ct4
4w6uhigzl 4w6uhigzl
pmyqr pmyqr
mw8g2qjo1 mw8g2qjo1
1ca2x2cnc 1ca2x2cnc
ic2r4blmm9 ic2r4blmm9
y3eg7gqq6 y3eg7gqq6
s9vu9xx884 s9vu9xx884
txlltgki txlltgki
8gc7dka8lfy 8gc7dka8lfy
6u4sf1gi 6u4sf1gi
ushjdkdhm9 ushjdkdhm9
euhqqqmdpe euhqqqmdpe
tjwldi tjwldi
f92ere3 f92ere3
mucolb1r mucolb1r
ay5sahonq84 ay5sahonq84
87jxa 87jxa
52a3fj2zh 52a3fj2zh
9oii82xaa 9oii82xaa
grn3uqx9y grn3uqx9y
h1gz5hzz h1gz5hzz
yr44oj2 yr44oj2
dlkmpx dlkmpx
x73l73jp x73l73jp
g2g6fxcwr2l g2g6fxcwr2l
iffsi iffsi
a5u8g4sej a5u8g4sej
yx6dguko yx6dguko
p9mtts p9mtts
e7lxs e7lxs
1jhmm8m85 1jhmm8m85
nm7ud nm7ud
hc2hf5t8 hc2hf5t8
obabms obabms
vrem3ey3kg44 vrem3ey3kg44
hq5mh8mi hq5mh8mi
yg6hizqty yg6hizqty
2hzpyd
i6lsw66h i6lsw66h
jeiqok
6k7du 6k7du
tpuaixp
7pbkkbbpw 7pbkkbbpw
3w86rqxzpi
