index0 index14 index13 index72 index58 index9 index8 index48 index31 index30 index26 index57 index60 index39 index51 index63 index1 index97 index19 index49 index84 index11 index36 index23 index15 index3 index94 index76 index25 index6 index41 index85 index6 index43 index29 index70 index16 index42 index38 index32 index35 index32 index27 index44 index68 index73 index7 index33 index2 index16 index52 index54 index10 index71 index91 index22 index78 index24 index53 index0
56
index0 index0
index14 index14
index13 index13
index72 index72
index58 index58
index9 index9
index8 index8
index48 index48
index31 index31
index30
index26 index26
index57 index57
index60 index60
index39 index39
index51 index51
index63 index63
index1 index1
index97 index97
index19
index49 index49
index84 index79
index11 index11
index36
index23 index23
index15 index15
index3 index3
index94 index94
index76 index76
index25 index25
index6 index6
index41 index41
index85 index85
index43 index43
index29 index29
index70 index59 index70
index16
index42 index42
index38 index38
index32 index32
index35 index35
index27 index27
index44 index44
index68 index68
index73 index73
index7 index7
index33 index33
index2 index2
index52 index52
index54
index10 index10
index71
index91 index91
index22 index22
index78 index78
index24 index24
index53
