index0 index87 index141 index128 index27 index97 index125 index61 index17 index164 index67 index14 index142 index124 index198 index22 index86 index53 index133 index39 index157 index21 index6 index63 index102 index172 index49 index167 index109 index23 index90 index11 index118 index115 index130 index96 index26 index58 index92 index158 index159 index88 index152 index114 index18 index121 index57 index15 index85 index9 index171 index112 index199 index32 index5 index136 index66 index144 index193 index155 index56 index55 index20 index131 index99 index145 index106 index129 index156 index100 index116 index120 index190 index19 index169 index42 index40 index50 index134 index186 index95 index10 index146 index89 index117 index31 index60 index83 index137 index81 index170 index25 index37 index174 index24 index69 index62 index47 index110 index113 index76 index30 index150 index65 index126 index4 index0
106
index0
index87 index87
index141 index141
index128 index128
index27 index27
index97 index97
index125 index125
index61
index17 index17
index164 index164
index67 index67
index14 index14
index142 index142
index124 index124
index198 index198
index22 index22
index86 index86
index53
index133 index107 index133
index39 index39
index157 index157
index21 index21
index6 index6
index63 index63
index102 index108
index172 index172
index49 index49
index167 index167
index109 index109
index23 index23
index90 index90
index11 index11
index118 index118
index115 index115
index130 index130
index96 index96
index26 index26
index58 index58
index92 index92
index158 index158
index159 index159
index88 index88
index152 index152
index114 index114
index18 index18
index121 index121
index57 index57
index15 index15
index85
index9 index9
index171
index112 index112
index199 index199
index32 index32
index5 index5
index136 index52
index66 index66
index144 index144
index193 index44
index155 index155
index56 index56
index55 index55
index20 index20
index131 index131
index99 index99
index145
index106 index106
index129 index129
index156 index156
index100 index100
index116 index116
index120
index190 index190
index19 index19
index169 index169
index42 index42
index40 index40
index50 index50
index134 index134
index186 index186
index95 index95
index10 index10
index146
index89 index89
index117
index31 index31
index60 index60
index83 index83
index137 index137
index81 index81
index170 index170
index25 index25 index143
index37 index37 index196
index174 index174
index24 index24
index69 index69 index165
index62 index62
index47 index47
index110 index3 index110
index113 index113
index76
index30 index30
index150 index150
index65
index126 index126
index4 index4
