index0 index16 index41 index32 index24 index39 index2 index31 index25 index7 index37 index10 index27 index19 index13 index38 index30 index40 index5 index35 index26 index4 index43 index33 index43 index4 index48 index15 index9 index44 index0
28
index0
index16 index16
index41 index41
index32 index32
index24 index24
index39 index39
index2 index2
index31 index31
index25 index25
index7 index7
index37
index10 index10
index27 index1 index27
index19 index19
index13 index13
index38 index38
index30
index40 index40
index5 index5
index35 index35
index26 index26
index4
index43 index43
index33 index33
index48 index48
index15 index15
index9 index9
index44 index44
