35F0RBMuajlA1MclJpfz Uyd9f29pyEdBbjOVo8bB Z6746tUNXH05XsKVq5bc SI1jqone3x4IZwZ6qVW6 98jc4TOf5CFD5ooRLXKs WEpQsV1SPLNjRDFxWGJw RnnCc8OgQLqPe5HvvbS3 Af4sQnaDf5G2yrOfmk45 QUmdpeJNwq8Od3rclrVL Af4sQnaDf5G2yrOfmk45 QBaUzVWA62rnfcsnEShZ SI1jqone3x4IZwZ6qVW6 QGzcn6XPemZ0IhmCJCmq 5JVto9dbOz4Lu3AeAOZD mMagcNSN7U8s7oy3e0j4 Hxhi6IYOb3B8uxHbGYVt zs8puphf0SbuOBS6XpM9 ip0vmcqzxYgrY2Mc3Bu9 Fa64KRccvM4rqOgxBKtu ufkSgxNAeRAXQFn3w6eB cC9SZGtAtirSBnbvLWzt MraBcGvDEL68zyTsBDgx gX6xMy6pWnenI68kwgcu gj1PIUxoUprs5rKMLNpv BFat56YSkekx77JCOMI4 ZfI6StUliqd8YxBr0zVp UoiNiYnewh16WNDFqvYW Z38PT2VWeDoNiuh4rc0v ZBTm8fkarNXg3vLUAnt8 gGXF4imn3IOLlYGD81XA Z38PT2VWeDoNiuh4rc0v YzWX8RqUW0YPFsebUKYP 35F0RBMuajlA1MclJpfz
29
35F0RBMuajlA1MclJpfz
Uyd9f29pyEdBbjOVo8bB
Z6746tUNXH05XsKVq5bc Z6746tUNXH05XsKVq5bc
SI1jqone3x4IZwZ6qVW6 SI1jqone3x4IZwZ6qVW6
98jc4TOf5CFD5ooRLXKs 98jc4TOf5CFD5ooRLXKs
WEpQsV1SPLNjRDFxWGJw WEpQsV1SPLNjRDFxWGJw
RnnCc8OgQLqPe5HvvbS3 RnnCc8OgQLqPe5HvvbS3
Af4sQnaDf5G2yrOfmk45 Af4sQnaDf5G2yrOfmk45
QUmdpeJNwq8Od3rclrVL QUmdpeJNwq8Od3rclrVL
QBaUzVWA62rnfcsnEShZ QBaUzVWA62rnfcsnEShZ
QGzcn6XPemZ0IhmCJCmq QGzcn6XPemZ0IhmCJCmq
5JVto9dbOz4Lu3AeAOZD 5JVto9dbOz4Lu3AeAOZD
mMagcNSN7U8s7oy3e0j4 mMagcNSN7U8s7oy3e0j4
Hxhi6IYOb3B8uxHbGYVt Hxhi6IYOb3B8uxHbGYVt
zs8puphf0SbuOBS6XpM9 zs8puphf0SbuOBS6XpM9
ip0vmcqzxYgrY2Mc3Bu9 ip0vmcqzxYgrY2Mc3Bu9
Fa64KRccvM4rqOgxBKtu Fa64KRccvM4rqOgxBKtu
ufkSgxNAeRAXQFn3w6eB
cC9SZGtAtirSBnbvLWzt cC9SZGtAtirSBnbvLWzt
MraBcGvDEL68zyTsBDgx
gX6xMy6pWnenI68kwgcu uYmver98TgwbkIsM8XgU gX6xMy6pWnenI68kwgcu
gj1PIUxoUprs5rKMLNpv gj1PIUxoUprs5rKMLNpv
BFat56YSkekx77JCOMI4 BFat56YSkekx77JCOMI4
ZfI6StUliqd8YxBr0zVp ZfI6StUliqd8YxBr0zVp
UoiNiYnewh16WNDFqvYW UoiNiYnewh16WNDFqvYW
Z38PT2VWeDoNiuh4rc0v
ZBTm8fkarNXg3vLUAnt8 ZBTm8fkarNXg3vLUAnt8
gGXF4imn3IOLlYGD81XA gGXF4imn3IOLlYGD81XA
YzWX8RqUW0YPFsebUKYP YzWX8RqUW0YPFsebUKYP
