MtQDjkLToWj4d53MMhKG nbZglhhmYQAPQz4eETaj Pqf0Sn4UvsBLaxz7WO4n EtrZREkmL456viQQJ9Rb S8uMGvUglWyhnfV5Wzdp dKH5OdpmJKCU83bbXVxZ Kfu1pc3YPMGebW7Iu8ex dKH5OdpmJKCU83bbXVxZ 0uvEfLgT4s8ImTk9VWBt zD7ErBenXxsG4D9b5TEV 48nWZMVqWDxfH9uMf2U3 M2S9flVUcYP2sJdh8LXf H59EihDjhfpS7ToXFM3L X9TJsvmT50zYeG0q6XSG Bc6dudheE3WGLxP0iDdK X9TJsvmT50zYeG0q6XSG 93aDiM8K0XhtiVcCVKi2 tuE7UekaxGUib4idWtYa sH3pvLOfMUrEGUrmsHCu tuE7UekaxGUib4idWtYa 93aDiM8K0XhtiVcCVKi2 vodEvdIApqt0N3TZsbxN cdaizmjQrCe5Vnwy3JQF tVhIJJgs0kEFaQx1hdWm Jjat3uJ5XboI9kZe0522 Dc1wEVV3kuOZotG6pNlL LNMZej67uy0Whvqp5OR1 Dc1wEVV3kuOZotG6pNlL k7k4sHxeh1pR4sOjcVuj Dc1wEVV3kuOZotG6pNlL ag5vZ07KPwCr1Lpz8zM0 fmFrd4vggNac5TkiFJAd Z8MZ2JfftjeVVnGFSOQe PbYOO88SokShsv7XrgBm W4IxjYZtRN88GGSV9Uoc ECCnzlgsMEvTYjNwAlfM uy6RcQAYd3ATM1Icq3my dOKaHsIcDX32wPXAX2Gt zdtRVpQ9lVyEhNj9Evpp vxiwkV1b5fV2sGCBFsRQ 5gumrx48u1yPpF6ivPOI yHMPX8vHctuUweyLluyz oWxP87H6AXwFzF0dpB9d 4bQwji0D4wyEDLd54MWv 8KfYYXeMqM0D4nShLOzi v0QJIKD4q7sFXrzFSb6J 8KfYYXeMqM0D4nShLOzi tUowOUG1V7iCXBCMR0AT 9Jr76N4fnNot7SNYqBKG 9GrchmlNCDIapQ9OnEYh 9Jr76N4fnNot7SNYqBKG jgcWqrcniA4q9WNs9xkc ZBeXR80522AAM5P7qeaG m1IYiQsUBuvvpTv7yWXO NMTjl1jsvrb7y2ggdCSc XmlH4l2BXG35TF70bZqZ wpBgd82GxlO3hr1i0lHL 5jhNGHh0Et1Lidy4vCpq yZPIHwySFuIdRJCMzjnz L8bxdxuDa5issn2PiN3u pNXWB5geApaSjbsCCT4J Dc1wEVV3kuOZotG6pNlL ag5vZ07KPwCr1Lpz8zM0 gZVNRDm5p6aX5QEEX8UG k7k4sHxeh1pR4sOjcVuj MtQDjkLToWj4d53MMhKG
54
MtQDjkLToWj4d53MMhKG
nbZglhhmYQAPQz4eETaj nbZglhhmYQAPQz4eETaj
Pqf0Sn4UvsBLaxz7WO4n Pqf0Sn4UvsBLaxz7WO4n
EtrZREkmL456viQQJ9Rb EtrZREkmL456viQQJ9Rb
S8uMGvUglWyhnfV5Wzdp S8uMGvUglWyhnfV5Wzdp
dKH5OdpmJKCU83bbXVxZ dKH5OdpmJKCU83bbXVxZ
Kfu1pc3YPMGebW7Iu8ex Kfu1pc3YPMGebW7Iu8ex
0uvEfLgT4s8ImTk9VWBt 0uvEfLgT4s8ImTk9VWBt
zD7ErBenXxsG4D9b5TEV zD7ErBenXxsG4D9b5TEV
48nWZMVqWDxfH9uMf2U3 48nWZMVqWDxfH9uMf2U3
M2S9flVUcYP2sJdh8LXf M2S9flVUcYP2sJdh8LXf
H59EihDjhfpS7ToXFM3L H59EihDjhfpS7ToXFM3L
X9TJsvmT50zYeG0q6XSG
Bc6dudheE3WGLxP0iDdK Bc6dudheE3WGLxP0iDdK
93aDiM8K0XhtiVcCVKi2 93aDiM8K0XhtiVcCVKi2
tuE7UekaxGUib4idWtYa PZrpdQAa8H8tkrajh08J
sH3pvLOfMUrEGUrmsHCu sH3pvLOfMUrEGUrmsHCu
vodEvdIApqt0N3TZsbxN vodEvdIApqt0N3TZsbxN
cdaizmjQrCe5Vnwy3JQF cdaizmjQrCe5Vnwy3JQF
tVhIJJgs0kEFaQx1hdWm tVhIJJgs0kEFaQx1hdWm
Jjat3uJ5XboI9kZe0522 Jjat3uJ5XboI9kZe0522
Dc1wEVV3kuOZotG6pNlL Dt5YfbjQq6VoKnyw6Zav
LNMZej67uy0Whvqp5OR1 LNMZej67uy0Whvqp5OR1
k7k4sHxeh1pR4sOjcVuj k7k4sHxeh1pR4sOjcVuj
ag5vZ07KPwCr1Lpz8zM0
fmFrd4vggNac5TkiFJAd fmFrd4vggNac5TkiFJAd
Z8MZ2JfftjeVVnGFSOQe Z8MZ2JfftjeVVnGFSOQe
PbYOO88SokShsv7XrgBm
W4IxjYZtRN88GGSV9Uoc W4IxjYZtRN88GGSV9Uoc
ECCnzlgsMEvTYjNwAlfM Eu0wGcDBBrgvePzHfqrS ECCnzlgsMEvTYjNwAlfM
uy6RcQAYd3ATM1Icq3my LxEzX08MG9T8knIYbul0 uy6RcQAYd3ATM1Icq3my
dOKaHsIcDX32wPXAX2Gt dOKaHsIcDX32wPXAX2Gt
zdtRVpQ9lVyEhNj9Evpp zdtRVpQ9lVyEhNj9Evpp
vxiwkV1b5fV2sGCBFsRQ vxiwkV1b5fV2sGCBFsRQ
5gumrx48u1yPpF6ivPOI 5gumrx48u1yPpF6ivPOI
yHMPX8vHctuUweyLluyz yHMPX8vHctuUweyLluyz
oWxP87H6AXwFzF0dpB9d oWxP87H6AXwFzF0dpB9d
4bQwji0D4wyEDLd54MWv 4bQwji0D4wyEDLd54MWv
8KfYYXeMqM0D4nShLOzi 8KfYYXeMqM0D4nShLOzi
v0QJIKD4q7sFXrzFSb6J v0QJIKD4q7sFXrzFSb6J
tUowOUG1V7iCXBCMR0AT tUowOUG1V7iCXBCMR0AT
9Jr76N4fnNot7SNYqBKG 9Jr76N4fnNot7SNYqBKG
9GrchmlNCDIapQ9OnEYh 9GrchmlNCDIapQ9OnEYh
jgcWqrcniA4q9WNs9xkc jgcWqrcniA4q9WNs9xkc
ZBeXR80522AAM5P7qeaG
m1IYiQsUBuvvpTv7yWXO m1IYiQsUBuvvpTv7yWXO
NMTjl1jsvrb7y2ggdCSc NMTjl1jsvrb7y2ggdCSc
XmlH4l2BXG35TF70bZqZ XmlH4l2BXG35TF70bZqZ
wpBgd82GxlO3hr1i0lHL
5jhNGHh0Et1Lidy4vCpq Z0DuoZMcx6oyDPWFznMK
yZPIHwySFuIdRJCMzjnz yZPIHwySFuIdRJCMzjnz
L8bxdxuDa5issn2PiN3u L8bxdxuDa5issn2PiN3u
pNXWB5geApaSjbsCCT4J pNXWB5geApaSjbsCCT4J
gZVNRDm5p6aX5QEEX8UG gZVNRDm5p6aX5QEEX8UG
