9WdSftrlWeJdclTkQ4Ss NWAZrSnr0i1Dj5TA6dLc 24YcTAlCtPoNC11H3BAQ jLS4UljOCe6h8LwAOGRX CMQ0OeWc1jOFVxmSr3hH kuIwHVHn49UEM4TprHKr MCc3yEIO8tXzzu5ZknlT 1wSeohNTb1oCspxe2x4j 4MuL6AbQo2ozZ4x7psrd EfhuR5UGBxqkoqdQBn2E fzCA3w8Mu664WC0yRZb5 EfhuR5UGBxqkoqdQBn2E 6jnt0RQvUBeXBhrLOwzh EnQuMk7pVZUnmn2BboBv QHOT9LWV0s6xVVreglDh EnQuMk7pVZUnmn2BboBv g6Fit1BcwBIbAAJnBKGn OBEPyJuvhH0Z9VoT2UNC g6Fit1BcwBIbAAJnBKGn 1Oc2bGjHzXrMLiYLik5Z ElLrRzuv43VPHSxgF9aR xtgYSd34f56WAH3CCBpW PFAHK1LPbENiUm01N8B0 g5fwwkfUKem4JdibLkXM 7DZfG4yobV0xCcSaxf27 vXrEXAmThLoQVXFImZcg b9q1t3OMZ6dXE5R6ca5w tb41LamjPxrSZBTCVL4N IC3wlDskAWyf0o1M61kl tb41LamjPxrSZBTCVL4N D3gODzQIzHZRe5A487BX Tgouk8HApNFShyYjQedR sCcEFmBkhTop4sycKzuM Tgouk8HApNFShyYjQedR Dv6lwBgjbbZceuQXFzFf Tgouk8HApNFShyYjQedR Mufarp9xGx29xj0P1ijS lVjpvSHc5hBrS7dzTmI1 iuuWW5781KuHBsKkyWMa qmJjxb5ffqkJdxtR9mHb QYsTJmc2IUi36H1YK47s 2QgUKFj4HV0dn5Ia55tj IWOalMs6IXX5Ln6F9Eov LI8fhHKJlh7mQx1nNK0m 2TderjwrXrNV2UBZ77eD Z2YJKymsE6JEohxl2CgC nOsoIFzZBhdd6bjP45Ba 5doygtE58PVlrfBbaaxD ZUt08qPkISJA3VT4fdsK VkEnPX1CQCoh4CxlXSlf kITtdSORrLGuHqAl2YGb EEWjQ3rZ3GM9oucA2vc5 kITtdSORrLGuHqAl2YGb YygsiZkXDS9oQ07w4psX iS3QMNvYa0RbuZKbJowP OAcbYkMyAi1Iu0vWaaFc iS3QMNvYa0RbuZKbJowP cXmjc3Wu4kjM1IHGgfA5 COVfDobG5VcfcSxLDUch P6PcaiimLTne6w5m7SJi ymIUUgCvgB7r5le0Mh11 qzhMj5jvroYQ0sxm9D9f qyWH5Ui5kFJGpXM7i2RZ oq1GulTWdKtwAlNIQxnY 2dfprAgHp3T6RrgooKgP nnG2z19YXqYOoAxMQkFV NXZByMrsstrrXRLxVcyg gZiMcGUkLd8qaWleLH1T NXZByMrsstrrXRLxVcyg Mi1upMhcgP7iV16OWKN5 3MmCPAjYheu6g9TkIxDm qsbRHSDlSHG3Ep5gugbq nnG2z19YXqYOoAxMQkFV uJlmjikTUoEO48jGpFMW TrUW9m3qjkTMvqHNRot0 zbsjvfwSdNExCnTFLo8x 4wWd3kvalFkda9M583i7 btiXecpJBKmrIHtQ7jPA UQEmoPmHSH2FlTDuXOEx Wf6tYlitgmZKoXfughsS Ca5sYccbD9TUz7JLHrcf LkczcKgnoMrSVImHJ0fO v0QCMKnmfkXllH4nQHen 468JV90VoJDfHRf7bwGC x81SdeDfzbsk8wgCHcJT eULKHiriYHElwEbrQo2X NjrNYv2s9TjuFmdhy6vq aGWdv30UuUFiszMErlJF jGNThQH3U9Qqi91Eop7X 61VEe5QpRdEG1AHTZmSn jGNThQH3U9Qqi91Eop7X rW1b1NT9NaRlIIxoT8XF W5rNQea9NsCafaUbLgWC nmwnnNlPCMIjajSEo2R3 63EFNMvLteBrV7Lj9nA4 dsEyS8WvuzfBZPrbbzZx RDnAjQbgrCahBSBieO1p 6KcltWtleWJ6izN3XL0F wqyhoOJuJuNfuZ1c9ZhU EqrhH8oFQmMRN10foGjV 8IUV6HBSYn47shRwVW5F JuSdCG8HSUzwufkmRvTN RNtZ6m1O9hQj2ovJiJE3 1uTE034Q24DWmybWBbX4 8w6JkwNghwwfzVWZlMG6 OLGSBuAPLZmdhTN6ApoS KqTw626stjcdChciHrJ6 WgneGAZv4qtDq8Q5DYZf WWEBxNNG20y6nEEMPvzN NqvNOj5h3GSbJm5NawjL ddzqPXECnHQT4a4RIpSF 61VEe5QpRdEG1AHTZmSn laRDyozSdXcFtmdQ5VqD fm9EBymrV0VSOljfjrTQ yXrak2UUHdgFCsCWvgfp oakCd1HozhO35GtImcF2 RSJQdRAK7H6zYHVeXyPj PqB0lgs9Brze4wJGQzAM FE29I03FH1qEyEvIQNGT fxnnXXAtldMGBgqECnVx DmIjX4adnoqSEDmx2f39 1ae7bJScGomdGEdgag5b u8OLHMd8iqOiUbQQ7wxA z0rRwRZbA1TaaAgS8PYu x74MQe7pEH17MLQqDD8H t9sTQNaMU9o2HF5pm7xT gZCyL2MJze1aowodommu yMXdJdorJpzOHHt9uIfg 72cxNTZ1Tw5teVGiR2xj CgUyoeVDFzkf0g6EiF8w RP9IQz70eEvTJVIHw5Lv C5aQkckiWq5qVUhbiI57 R22TNV5lr1tmI44FcHvv mUdsQgC4b4x2HD8wqon6 mkGdh9qd7uj9x5W3Koxj 9WdSftrlWeJdclTkQ4Ss
123
9WdSftrlWeJdclTkQ4Ss
NWAZrSnr0i1Dj5TA6dLc fuNQ8Sfy86k6zaBQjwEz NWAZrSnr0i1Dj5TA6dLc
24YcTAlCtPoNC11H3BAQ 24YcTAlCtPoNC11H3BAQ
jLS4UljOCe6h8LwAOGRX jLS4UljOCe6h8LwAOGRX
CMQ0OeWc1jOFVxmSr3hH
kuIwHVHn49UEM4TprHKr kuIwHVHn49UEM4TprHKr
MCc3yEIO8tXzzu5ZknlT
1wSeohNTb1oCspxe2x4j 1wSeohNTb1oCspxe2x4j
4MuL6AbQo2ozZ4x7psrd 4MuL6AbQo2ozZ4x7psrd
EfhuR5UGBxqkoqdQBn2E
fzCA3w8Mu664WC0yRZb5 fzCA3w8Mu664WC0yRZb5
6jnt0RQvUBeXBhrLOwzh 6jnt0RQvUBeXBhrLOwzh
EnQuMk7pVZUnmn2BboBv
QHOT9LWV0s6xVVreglDh QHOT9LWV0s6xVVreglDh
g6Fit1BcwBIbAAJnBKGn g6Fit1BcwBIbAAJnBKGn
OBEPyJuvhH0Z9VoT2UNC OBEPyJuvhH0Z9VoT2UNC
1Oc2bGjHzXrMLiYLik5Z 1Oc2bGjHzXrMLiYLik5Z
ElLrRzuv43VPHSxgF9aR
xtgYSd34f56WAH3CCBpW xtgYSd34f56WAH3CCBpW
PFAHK1LPbENiUm01N8B0 PFAHK1LPbENiUm01N8B0
g5fwwkfUKem4JdibLkXM g5fwwkfUKem4JdibLkXM
7DZfG4yobV0xCcSaxf27 7DZfG4yobV0xCcSaxf27
vXrEXAmThLoQVXFImZcg vXrEXAmThLoQVXFImZcg
b9q1t3OMZ6dXE5R6ca5w b9q1t3OMZ6dXE5R6ca5w
tb41LamjPxrSZBTCVL4N
IC3wlDskAWyf0o1M61kl IC3wlDskAWyf0o1M61kl
D3gODzQIzHZRe5A487BX
Tgouk8HApNFShyYjQedR Tgouk8HApNFShyYjQedR
sCcEFmBkhTop4sycKzuM sCcEFmBkhTop4sycKzuM
Dv6lwBgjbbZceuQXFzFf Dv6lwBgjbbZceuQXFzFf
Mufarp9xGx29xj0P1ijS Mufarp9xGx29xj0P1ijS
lVjpvSHc5hBrS7dzTmI1 lVjpvSHc5hBrS7dzTmI1
iuuWW5781KuHBsKkyWMa
qmJjxb5ffqkJdxtR9mHb
QYsTJmc2IUi36H1YK47s QYsTJmc2IUi36H1YK47s
2QgUKFj4HV0dn5Ia55tj 2QgUKFj4HV0dn5Ia55tj
IWOalMs6IXX5Ln6F9Eov IWOalMs6IXX5Ln6F9Eov
LI8fhHKJlh7mQx1nNK0m LI8fhHKJlh7mQx1nNK0m
2TderjwrXrNV2UBZ77eD 2TderjwrXrNV2UBZ77eD
Z2YJKymsE6JEohxl2CgC Z2YJKymsE6JEohxl2CgC
nOsoIFzZBhdd6bjP45Ba nOsoIFzZBhdd6bjP45Ba
5doygtE58PVlrfBbaaxD 5doygtE58PVlrfBbaaxD
ZUt08qPkISJA3VT4fdsK
VkEnPX1CQCoh4CxlXSlf VkEnPX1CQCoh4CxlXSlf
kITtdSORrLGuHqAl2YGb
EEWjQ3rZ3GM9oucA2vc5 EEWjQ3rZ3GM9oucA2vc5
YygsiZkXDS9oQ07w4psX YygsiZkXDS9oQ07w4psX
iS3QMNvYa0RbuZKbJowP
OAcbYkMyAi1Iu0vWaaFc OAcbYkMyAi1Iu0vWaaFc
cXmjc3Wu4kjM1IHGgfA5 cXmjc3Wu4kjM1IHGgfA5
COVfDobG5VcfcSxLDUch COVfDobG5VcfcSxLDUch
P6PcaiimLTne6w5m7SJi P6PcaiimLTne6w5m7SJi
ymIUUgCvgB7r5le0Mh11 ymIUUgCvgB7r5le0Mh11
qzhMj5jvroYQ0sxm9D9f
qyWH5Ui5kFJGpXM7i2RZ qyWH5Ui5kFJGpXM7i2RZ
oq1GulTWdKtwAlNIQxnY oq1GulTWdKtwAlNIQxnY
2dfprAgHp3T6RrgooKgP 2dfprAgHp3T6RrgooKgP
nnG2z19YXqYOoAxMQkFV nnG2z19YXqYOoAxMQkFV
NXZByMrsstrrXRLxVcyg NXZByMrsstrrXRLxVcyg
gZiMcGUkLd8qaWleLH1T gZiMcGUkLd8qaWleLH1T
Mi1upMhcgP7iV16OWKN5 Mi1upMhcgP7iV16OWKN5
3MmCPAjYheu6g9TkIxDm 3MmCPAjYheu6g9TkIxDm
qsbRHSDlSHG3Ep5gugbq qsbRHSDlSHG3Ep5gugbq
uJlmjikTUoEO48jGpFMW
TrUW9m3qjkTMvqHNRot0 TrUW9m3qjkTMvqHNRot0
zbsjvfwSdNExCnTFLo8x zbsjvfwSdNExCnTFLo8x
4wWd3kvalFkda9M583i7 4wWd3kvalFkda9M583i7
btiXecpJBKmrIHtQ7jPA btiXecpJBKmrIHtQ7jPA
UQEmoPmHSH2FlTDuXOEx UQEmoPmHSH2FlTDuXOEx
Wf6tYlitgmZKoXfughsS Wf6tYlitgmZKoXfughsS
Ca5sYccbD9TUz7JLHrcf Ca5sYccbD9TUz7JLHrcf
LkczcKgnoMrSVImHJ0fO
v0QCMKnmfkXllH4nQHen v0QCMKnmfkXllH4nQHen
468JV90VoJDfHRf7bwGC 468JV90VoJDfHRf7bwGC
x81SdeDfzbsk8wgCHcJT x81SdeDfzbsk8wgCHcJT
eULKHiriYHElwEbrQo2X eULKHiriYHElwEbrQo2X
NjrNYv2s9TjuFmdhy6vq
aGWdv30UuUFiszMErlJF aGWdv30UuUFiszMErlJF bw0K7NVh1sgqlnescYkX
jGNThQH3U9Qqi91Eop7X
61VEe5QpRdEG1AHTZmSn 61VEe5QpRdEG1AHTZmSn
rW1b1NT9NaRlIIxoT8XF rW1b1NT9NaRlIIxoT8XF
W5rNQea9NsCafaUbLgWC W5rNQea9NsCafaUbLgWC
nmwnnNlPCMIjajSEo2R3 nmwnnNlPCMIjajSEo2R3
63EFNMvLteBrV7Lj9nA4 63EFNMvLteBrV7Lj9nA4
dsEyS8WvuzfBZPrbbzZx dsEyS8WvuzfBZPrbbzZx
RDnAjQbgrCahBSBieO1p RDnAjQbgrCahBSBieO1p
6KcltWtleWJ6izN3XL0F 6KcltWtleWJ6izN3XL0F
wqyhoOJuJuNfuZ1c9ZhU wqyhoOJuJuNfuZ1c9ZhU
EqrhH8oFQmMRN10foGjV EqrhH8oFQmMRN10foGjV
8IUV6HBSYn47shRwVW5F 8IUV6HBSYn47shRwVW5F
JuSdCG8HSUzwufkmRvTN JuSdCG8HSUzwufkmRvTN
RNtZ6m1O9hQj2ovJiJE3 RNtZ6m1O9hQj2ovJiJE3
1uTE034Q24DWmybWBbX4 1uTE034Q24DWmybWBbX4
8w6JkwNghwwfzVWZlMG6 8w6JkwNghwwfzVWZlMG6
OLGSBuAPLZmdhTN6ApoS OLGSBuAPLZmdhTN6ApoS
KqTw626stjcdChciHrJ6 KqTw626stjcdChciHrJ6
WgneGAZv4qtDq8Q5DYZf WgneGAZv4qtDq8Q5DYZf
WWEBxNNG20y6nEEMPvzN
NqvNOj5h3GSbJm5NawjL NqvNOj5h3GSbJm5NawjL
ddzqPXECnHQT4a4RIpSF ddzqPXECnHQT4a4RIpSF
laRDyozSdXcFtmdQ5VqD laRDyozSdXcFtmdQ5VqD
fm9EBymrV0VSOljfjrTQ 2YL9dYowMkTTxjU0fVal
yXrak2UUHdgFCsCWvgfp yXrak2UUHdgFCsCWvgfp
oakCd1HozhO35GtImcF2 oakCd1HozhO35GtImcF2
RSJQdRAK7H6zYHVeXyPj RSJQdRAK7H6zYHVeXyPj
PqB0lgs9Brze4wJGQzAM
FE29I03FH1qEyEvIQNGT FE29I03FH1qEyEvIQNGT
fxnnXXAtldMGBgqECnVx
DmIjX4adnoqSEDmx2f39 DmIjX4adnoqSEDmx2f39
1ae7bJScGomdGEdgag5b 1ae7bJScGomdGEdgag5b
u8OLHMd8iqOiUbQQ7wxA
z0rRwRZbA1TaaAgS8PYu z0rRwRZbA1TaaAgS8PYu
x74MQe7pEH17MLQqDD8H
t9sTQNaMU9o2HF5pm7xT t9sTQNaMU9o2HF5pm7xT
gZCyL2MJze1aowodommu
yMXdJdorJpzOHHt9uIfg yMXdJdorJpzOHHt9uIfg
72cxNTZ1Tw5teVGiR2xj 72cxNTZ1Tw5teVGiR2xj
CgUyoeVDFzkf0g6EiF8w CgUyoeVDFzkf0g6EiF8w
RP9IQz70eEvTJVIHw5Lv l5OFQGDhW1xJJ8ERuglz
C5aQkckiWq5qVUhbiI57 C5aQkckiWq5qVUhbiI57
R22TNV5lr1tmI44FcHvv R22TNV5lr1tmI44FcHvv
mUdsQgC4b4x2HD8wqon6
mkGdh9qd7uj9x5W3Koxj mkGdh9qd7uj9x5W3Koxj
