NewYork FortWorth BatonRouge Albuquerque Baltimore LongBeach Dallas SanDiego SanJose SanDiego ChulaVista Cincinnati ChulaVista Charlotte Phoenix Durham SantaAna Pittsburgh Philadelphia SanFrancisco Stockton Houston Tampa Toledo JerseyCity Laredo JerseyCity Lexington Fresno Spokane Fresno Plano LosAngeles Austin SanAntonio Austin Aurora FortWayne OklahomaCity Hialeah Glendale Columbus Milwaukee StPetersburg Henderson StPetersburg Lubbock Honolulu Memphis Honolulu Scottsdale Denver Detroit Tucson Raleigh Tucson Detroit NewOrleans Chandler Plano Fresno Chesapeake Riverside JerseyCity Lincoln Minneapolis Bakersfield Minneapolis SanDiego SanJose Madison SanFrancisco Philadelphia Oakland Atlanta Oakland WinstonSalem Durham Phoenix Columbus Cleveland Anchorage FortWayne Albuquerque Baltimore Mesa Indianapolis Mesa Baltimore Albuquerque BatonRouge FortWorth NewYork
63
NewYork
FortWorth FortWorth
BatonRouge
Albuquerque
Baltimore Baltimore
LongBeach LongBeach
Dallas Dallas
SanDiego SanDiego
SanJose SanJose
ChulaVista
Cincinnati Cincinnati
Charlotte Charlotte
Phoenix Phoenix
Durham Durham
SantaAna SantaAna
Pittsburgh Pittsburgh
Philadelphia
SanFrancisco
Stockton Stockton
Houston Houston
Tampa Tampa
Toledo
JerseyCity JerseyCity
Laredo Laredo
Lexington Lexington
Fresno
Spokane Spokane
Plano Plano
LosAngeles ElPaso
Austin Austin
SanAntonio SanAntonio
Aurora Aurora
FortWayne FortWayne
OklahomaCity OklahomaCity
Hialeah Hialeah
Glendale Glendale
Columbus Columbus
Milwaukee Milwaukee
StPetersburg StPetersburg
Henderson Henderson
Lubbock Lubbock
Honolulu Honolulu
Memphis Memphis
Scottsdale Newark Scottsdale
Denver Denver
Detroit
Tucson Tucson
Raleigh Raleigh
NewOrleans NewOrleans
Chandler Chandler
Chesapeake Chesapeake
Riverside
Lincoln Lincoln
Minneapolis
Bakersfield Bakersfield
Madison Madison
Oakland
Atlanta Atlanta
WinstonSalem WinstonSalem
Cleveland
Anchorage Anchorage
Mesa
Indianapolis Indianapolis
