NewYork Anaheim ChulaVista Akron Hayward SantaClarita Hayward Raleigh Norfolk Irvine Syracuse Irvine OklahomaCity Lincoln Madison Joliet SanBernardino Boise SanBernardino Fremont Honolulu Peoria Corona Lubbock Plano Fresno GrandRapids Fresno Worcester CorpusChristi ElPaso NewOrleans Cleveland SanAntonio Memphis Wichita Fayetteville Aurora Orange Frisco KansasCity Jackson Brownsville Boston Salem Ontario TianamenSquare RanchoCucamonga Newark Minneapolis NewportNews DesMoines Cincinnati LongBeach GrandPrairie LongBeach Waco Albuquerque LosAngeles Albuquerque Orlando Naperville Chicago Atlanta Toledo Henderson MorenoValley Tallahassee Buffalo Pomona Oceanside Bakersfield BatonRouge Detroit Vancouver Austin Scottsdale Riverside Indianapolis FortLauderdale Savannah FortLauderdale Indianapolis Phoenix Anchorage Surprise OverlandPark Scottsdale Tempe Aurora Lexington Aurora Fayetteville Richmond Fayetteville FortWorth Roseville Durham Roseville SaintPaul Washington Chandler PortStLucie Miramar Honolulu Huntsville Tacoma Oxnard Spokane Springfield Berkeley Knoxville GardenGrove Salinas Murfreesboro Charlotte SanDiego Sunnyvale StPetersburg Clarksville Jacksonville Killeen SantaAna OklahomaCity Fontana Oceanside CapeCoral LittleRock Macon Montgomery SanJose Denton ElPaso Dayton Midland Mobile Olathe Detroit Pasadena McAllen ElkGrove SanFrancisco Honolulu Peoria Corona Lubbock Louisville Omaha LongBeach Cincinnati Paterson JerseyCity Portland Glendale Portland JerseyCity WinstonSalem Minneapolis NewportNews Alexandria NewportNews Minneapolis NewYork
131
NewYork NewYork
Anaheim Anaheim
ChulaVista ChulaVista
Akron Akron
Hayward Hayward
SantaClarita SantaClarita
Raleigh Raleigh
Norfolk
Irvine Irvine
Syracuse Syracuse
OklahomaCity
Lincoln Lincoln
Madison Madison
Joliet Joliet
SanBernardino SanBernardino
Boise Boise
Fremont Fremont
Honolulu Honolulu
Peoria
Corona Corona
Lubbock Lubbock
Plano Plano Yonkers
Fresno
GrandRapids GrandRapids
Worcester Worcester
CorpusChristi
ElPaso ElPaso
NewOrleans
Cleveland Cleveland
SanAntonio SanAntonio
Memphis Memphis
Wichita Wichita
Fayetteville Fayetteville
Aurora Baltimore Aurora
Orange Orange
Frisco Frisco
KansasCity KansasCity
Jackson Jackson
Brownsville Brownsville
Boston Boston
Salem Salem
Ontario Ontario
TianamenSquare
RanchoCucamonga
Newark Newark
Minneapolis
NewportNews NewportNews
DesMoines DesMoines
Cincinnati Cincinnati
LongBeach
GrandPrairie GrandPrairie
Waco Waco
Albuquerque
LosAngeles LosAngeles
Orlando Orlando
Naperville Naperville
Chicago Chicago
Atlanta
Toledo Toledo
Henderson Henderson
MorenoValley
Tallahassee Tallahassee
Buffalo Buffalo
Pomona Pomona
Oceanside Oceanside
Bakersfield Bakersfield
BatonRouge BatonRouge
Detroit
Vancouver Vancouver
Austin Austin
Scottsdale Scottsdale
Riverside Riverside
Indianapolis Indianapolis
FortLauderdale FortLauderdale
Savannah Savannah
Phoenix Phoenix
Anchorage Anchorage
Surprise Surprise
OverlandPark
Tempe Tempe
Lexington Lexington
Richmond Richmond
FortWorth FortWorth
Roseville
Durham Durham
SaintPaul SaintPaul
Washington Washington
Chandler
PortStLucie PortStLucie
Miramar
Huntsville
Tacoma Tacoma
Oxnard Oxnard
Spokane Spokane
Springfield Springfield
Berkeley Berkeley
Knoxville Knoxville
GardenGrove GardenGrove
Salinas
Murfreesboro Murfreesboro
Charlotte Charlotte
SanDiego SanDiego
Sunnyvale
StPetersburg
Clarksville
Jacksonville Jacksonville
Killeen
SantaAna SantaAna
Fontana Fontana
CapeCoral CapeCoral
LittleRock LittleRock Shreveport
Macon
Montgomery
SanJose SanJose
Denton Denton
Dayton
Midland Midland
Mobile
Olathe Olathe
Pasadena
McAllen McAllen
ElkGrove
SanFrancisco SanFrancisco
Louisville Louisville
Omaha
Paterson Paterson
JerseyCity
Portland
Glendale Glendale
WinstonSalem
Alexandria Alexandria
