NewYork Minneapolis Tulsa Albuquerque Oakland Phoenix OklahomaCity FortWorth SanJose Boston SanJose Indianapolis LosAngeles Raleigh Memphis Raleigh Austin Milwaukee Tucson Columbus Seattle Portland Arlington Louisville Atlanta Jacksonville Atlanta SanFrancisco Atlanta Fresno Dallas Tampa Baltimore LongBeach LasVegas Charlotte Miami Oakland Philadelphia Houston ColoradoSprings VirginiaBeach Nashville ElPaso Nashville Milwaukee Tulsa Minneapolis NewYork
39
NewYork
Minneapolis Minneapolis
Tulsa Tulsa
Albuquerque Albuquerque
Oakland
Phoenix Phoenix
OklahomaCity
FortWorth FortWorth
SanJose SanJose
Boston Boston
Indianapolis Indianapolis
LosAngeles LosAngeles
Raleigh
Memphis Memphis
Austin Austin
Milwaukee
Tucson Tucson
Columbus Columbus
Seattle Seattle
Portland Portland
Arlington
Louisville Louisville
Atlanta Atlanta
Jacksonville Jacksonville
SanFrancisco SanFrancisco
Fresno Fresno
Dallas
Tampa
Baltimore
LongBeach LongBeach
LasVegas LasVegas
Charlotte
Miami
Philadelphia Philadelphia
Houston
ColoradoSprings
VirginiaBeach VirginiaBeach
Nashville
ElPaso ElPaso
