Lopezborough Waltersmouth Adamport Waltersmouth Adkinsberg Waltersmouth Lopezborough Cooperton Danielleport Scottburgh Laurenbury Haleview Hallstad Haleview Laurenbury Scottburgh Danielleport Melissaview Cheyennefurt Thompsonshire Cheyennefurt Watsonville Christyland Watsonville Robertomouth Watsonville Cheyennefurt Melissaview Campbellhaven Annberg Houstonchester Annberg Dyerport Annberg Campbellhaven Melissaview Danielleport Wallton Davisstad Newmanburgh Gallowaymouth Rioshaven Josephstad Rioshaven Gallowaymouth Newmanburgh Davisstad Leechester Pettyton Bondmouth Mercedesmouth Bondmouth Taylorton Bondmouth Pettyton Jonesfurt Pettyton Leechester Castanedachester Suttonville Castanedachester Leechester Davisstad Jacksonton Singletonton Clarkbury Jermaineton Clarkbury Singletonton Jacksonton Davisstad Wallton Derekmouth Geraldside Michellehaven Ramosborough Fordhaven Ramosborough Michellehaven Cranemouth Joneschester Cranemouth Michellehaven Geraldside Joseport Hallborough Kylieview Hallborough Joseport Gabrielburgh Hodgesstad Gabrielburgh Joseport Geraldside Derekmouth Charlesberg Weberbury Clarkport Weberbury Kimberlyburgh Candiceland Kimberlyburgh Weberbury Charlesberg Sethland Tannerhaven Sethland Ellisstad Osbornemouth Ellisstad Sethland Charlesberg Kevinberg Patriciabury Troyfort Patriciabury Thomasmouth Patriciabury Kevinberg Adamside Andrewschester Adamside Bradberg Adamside Kevinberg Charlesberg Derekmouth Jeffreyfort Johnsonchester Susanfort Johnsonchester Nealfurt Johnsonchester Jeffreyfort Garytown Audreyfort Patriciaside Audreyfort Garytown Jeffreyfort Derekmouth Wallton Porterton Dianashire Burgessview Williamfort Moodyburgh Gregoryberg Smithfort Millerborough Smithfort Gregoryberg Moodyburgh Heatherberg Thomasborough Masseyside Thomasborough Ortegaberg Thomasborough Heatherberg Moodyburgh Williamfort Williamport Ashleystad Holthaven Vickiville Holthaven Ashleystad Codyton Ryanside Codyton Mindyview Codyton Ashleystad Williamport Williamfort Thomasville Lopezburgh Leahmouth Lopezburgh Byrdfurt Garciamouth Byrdfurt Loweryborough Byrdfurt Lopezburgh Thomasville Williamfort Burgessview Marcusburgh Matthewburgh Bondfort Shawnmouth Buckleyside Shawnmouth Priceville Shawnmouth Bondfort Adamview Harrisborough Adamview Bondfort Matthewburgh Virginiastad Robinsonmouth Horneside Robinsonmouth Virginiastad Matthewburgh Marcusburgh Fletcherland Willisfurt Ortizberg Willisfurt Fletcherland Kingview Williamschester Mirandaview Williamschester Kingview Fletcherland Marcusburgh Tylerbury Paultown Hansonbury Paultown Tylerbury Jamestown Wilsonstad Jamestown Tylerbury Marcusburgh Burgessview Billton Banksburgh Simmonsburgh Michaelville Williamland Michaelville Simmonsburgh Banksburgh Yvonneborough Parkermouth Shawnfort Parkermouth Yvonneborough Banksburgh Billton Burgessview Dianashire Ashleyborough Clarkberg Reevestown Judithview Michaelview Clarenceview Michaelview Judithview Reevestown Clarkberg Burtonview Murphyside Bakertown Derekville Bakertown Jameston Bakertown Murphyside Burtonview Clarkberg Ashleyborough Paulburgh Robertsstad Toddtown Swansonshire Abigailhaven Swansonshire Toddtown Robertsstad Paulburgh Walltown Callahantown Maryport Combsville Maryport Reynoldsview Maryport Callahantown Walltown Johnberg Williamshire Johnberg Walltown Scotttown Jacksonview Danielville Jacksonview Scotttown Walltown Paulburgh Ashleyborough Osborneville Christophermouth Shawnhaven Dannyside Shawnhaven Candaceborough Shawnhaven Christophermouth Osborneville Payneview Barnesmouth Clarkborough Barnesmouth Harrisport Brendaview Harrisport Barnesmouth Payneview Teresafort Smithtown Abigailville Smithtown Jacksonland Smithtown Teresafort Calvinton Teresafort Payneview Jacksonville Christopherhaven Jacksonville Jennifertown Feliciaville Jennifertown Jacksonville Payneview Osborneville Ashleyborough Dianashire Porterton Wallton Danielleport Cooperton Lopezborough
173
Lopezborough
Waltersmouth
Adamport Adamport
Adkinsberg Adkinsberg
Cooperton
Danielleport
Scottburgh
Laurenbury
Haleview Haleview
Hallstad Hallstad
Melissaview
Cheyennefurt
Thompsonshire Thompsonshire
Watsonville Watsonville
Christyland Christyland
Robertomouth Robertomouth
Campbellhaven
Annberg Annberg
Houstonchester Houstonchester
Dyerport Dyerport
Wallton
Davisstad
Newmanburgh
Gallowaymouth
Rioshaven Rioshaven
Josephstad Josephstad
Leechester
Pettyton
Bondmouth Bondmouth
Mercedesmouth Mercedesmouth
Taylorton Taylorton
Jonesfurt Jonesfurt
Castanedachester
Suttonville Suttonville
Jacksonton
Singletonton
Clarkbury Clarkbury
Jermaineton Jermaineton
Derekmouth
Geraldside
Michellehaven
Ramosborough Ramosborough
Fordhaven Fordhaven
Cranemouth Cranemouth
Joneschester Joneschester
Joseport
Hallborough Hallborough
Kylieview Kylieview
Gabrielburgh Gabrielburgh
Hodgesstad Hodgesstad
Charlesberg
Weberbury
Clarkport Clarkport
Kimberlyburgh Kimberlyburgh
Candiceland Candiceland
Sethland
Tannerhaven Tannerhaven
Ellisstad Ellisstad
Osbornemouth Osbornemouth
Kevinberg
Patriciabury Patriciabury
Troyfort Troyfort
Thomasmouth Thomasmouth
Adamside Adamside
Andrewschester Andrewschester
Bradberg Bradberg
Jeffreyfort
Johnsonchester
Susanfort Susanfort
Nealfurt Nealfurt
Garytown
Audreyfort Audreyfort
Patriciaside Patriciaside
Porterton
Dianashire
Burgessview
Williamfort
Moodyburgh
Gregoryberg
Smithfort Smithfort
Millerborough Millerborough
Heatherberg
Thomasborough Thomasborough
Masseyside Masseyside
Ortegaberg Ortegaberg
Williamport
Ashleystad
Holthaven Holthaven
Vickiville Vickiville
Codyton Codyton
Ryanside Ryanside
Mindyview Mindyview
Thomasville
Lopezburgh
Leahmouth Leahmouth
Byrdfurt Byrdfurt
Garciamouth Garciamouth
Loweryborough Loweryborough
Marcusburgh
Matthewburgh
Bondfort
Shawnmouth Shawnmouth
Buckleyside Buckleyside
Priceville Priceville
Adamview Adamview
Harrisborough Harrisborough
Virginiastad Johnsonberg
Robinsonmouth Robinsonmouth
Horneside Horneside
Fletcherland
Willisfurt
Ortizberg Ortizberg
Kingview
Williamschester Williamschester
Mirandaview Mirandaview
Tylerbury
Paultown
Hansonbury Hansonbury
Jamestown
Wilsonstad Wilsonstad
Billton
Banksburgh
Simmonsburgh
Michaelville Michaelville
Williamland Williamland
Yvonneborough
Parkermouth Parkermouth
Shawnfort Shawnfort
Ashleyborough
Clarkberg
Reevestown
Judithview
Michaelview Michaelview
Clarenceview Clarenceview
Burtonview
Murphyside
Bakertown Bakertown
Derekville Derekville
Jameston Jameston
Paulburgh
Robertsstad
Toddtown
Swansonshire Swansonshire
Abigailhaven Abigailhaven
Walltown
Callahantown
Maryport Maryport
Combsville Combsville
Reynoldsview Reynoldsview
Johnberg
Williamshire Williamshire
Scotttown
Jacksonview Jacksonview
Danielville Danielville
Osborneville
Christophermouth
Shawnhaven
Dannyside Dannyside
Candaceborough Candaceborough
Payneview
Barnesmouth
Clarkborough Clarkborough
Harrisport Harrisport
Brendaview Brendaview
Teresafort
Smithtown Smithtown
Abigailville Abigailville
Jacksonland Jacksonland
Calvinton Calvinton
Jacksonville
Christopherhaven Christopherhaven
Jennifertown Jennifertown
Feliciaville Feliciaville
