Valerietown Taylorville Weberside Jonesbury Lloydton Smithborough Lloydton Stephensonburgh Lloydton Jonesbury Jamestown Glasston Jamestown Nicholefurt Jamestown Jonesbury Weberside Eduardotown Sullivanmouth Underwoodborough Sullivanmouth Michaelville Sullivanmouth Eduardotown Weberside Taylorville Alejandroport Deborahfurt Anthonyburgh Martinezfort Ericksonmouth Martinezfort Anthonyburgh Deborahfurt Jacobberg Foleyhaven Jacobberg Deborahfurt Alejandroport Shawnport Mariaview Kristenmouth Alexmouth Kristenmouth Stevenshire Kristenmouth Mariaview Saraport Underwoodmouth Saraport Lewisburgh Saraport Mariaview Shawnport Alejandroport Ashleyland Kathyfort Hawkinsland Ayalabury Hawkinsland Camposstad Hawkinsland Kathyfort Ashleyland Alejandroport Taylorville Valerietown Johnmouth Kempshire Michaelfort Kempshire Grahambury Johnsonside Grahambury Kempshire Johnmouth Valerietown Stewartberg Tinaville Nicholasshire Tinaville Steventown Tinaville Stewartberg Valerietown
43
Valerietown
Taylorville
Weberside
Jonesbury
Lloydton Lloydton
Smithborough Smithborough
Stephensonburgh Stephensonburgh
Jamestown Jamestown
Glasston Glasston
Nicholefurt Nicholefurt
Eduardotown
Sullivanmouth
Underwoodborough Underwoodborough
Michaelville Michaelville
Alejandroport
Deborahfurt
Anthonyburgh
Martinezfort Martinezfort
Ericksonmouth Ericksonmouth
Jacobberg
Foleyhaven Foleyhaven
Shawnport
Mariaview
Kristenmouth Kristenmouth
Alexmouth Alexmouth
Stevenshire Stevenshire
Saraport Saraport
Underwoodmouth Underwoodmouth
Lewisburgh Lewisburgh
Ashleyland
Kathyfort
Hawkinsland Hawkinsland
Ayalabury Ayalabury
Camposstad Camposstad
Johnmouth
Kempshire
Michaelfort Michaelfort
Grahambury Grahambury
Johnsonside Johnsonside
Stewartberg
Tinaville
Nicholasshire Nicholasshire
Steventown Steventown
