Kellyfort Tinatown Kellyfort Pittsland Kellyfort Jonestown Barbarachester Jonesberg Barbarachester Jonestown Mcculloughchester Crystalchester Smithmouth Robertborough Smithmouth Crystalchester Mcculloughchester Ponceville Bridgesville Riveramouth Bradshawside Wandaside Bradshawside Riveramouth Martinton Brianland Martinton Deborahfort Martinton Riveramouth Bridgesville Dennisstad Wilsonburgh Josephton Wilsonburgh Harristown Wilsonburgh Dennisstad Bridgesville Esparzaberg Thomasburgh Sanchezland Thomasburgh Johnsonmouth Thomasburgh Esparzaberg Kristinbury Allenberg Kristinbury Esparzaberg Bridgesville Ponceville Garymouth Camposstad Donaldstad Thomastown Donaldstad Camposstad Williamsville Camposstad Garymouth Christophertown Crystaltown Johnsontown Crystaltown Christophertown Garymouth Ponceville Beckyshire Derekton Thomaschester Mcfarlandville Belindamouth Mcfarlandville Thomaschester Derekton Wallaceville Morenoside Johnport Morenoside Amberfurt Morenoside Wallaceville Derekton Beckyshire Hernandezville Joelview Downsville Richardhaven Tammychester Rebeccaton Tammychester Richardhaven Downsville Joelview Mitchellchester Sheabury Maysfort Huynhton Maysfort Sheabury Mitchellchester Lopezmouth Heathermouth Emilymouth Heathermouth Lopezview Robertsfort Lopezview Heathermouth Lopezmouth Dixonton Keithton Aprilstad Keithton Andrewland Keithton Dixonton Francesmouth Richardville Francesmouth Dixonton Lopezmouth Mitchellchester Joelview Farmerside Gabriellabury Murphyberg Hendersonchester Murphyberg Gabriellabury Courtneyfurt Morrisbury Courtneyfurt Contrerasland Courtneyfurt Gabriellabury Farmerside Ryanton Williamsmouth Johnstonmouth Williamsmouth Mcdonaldmouth Adkinsfurt Mcdonaldmouth Williamsmouth Ryanton Farmerside Ralphtown Stricklandbury Tylermouth Deanstad Tylermouth Stricklandbury Ralphtown Garciaport Charlesburgh Angelaview Charlesburgh Garciaport Ralphtown Farmerside Joelview Hernandezville Beckyshire Ponceville Mcculloughchester Jonestown Kellyfort
85
Kellyfort Kellyfort
Tinatown Tinatown
Pittsland Pittsland
Jonestown
Barbarachester Barbarachester
Jonesberg Jonesberg
Mcculloughchester
Crystalchester
Smithmouth Smithmouth
Robertborough Robertborough
Ponceville
Bridgesville
Riveramouth
Bradshawside Bradshawside
Wandaside Wandaside
Martinton Martinton
Brianland Brianland
Deborahfort Deborahfort
Dennisstad
Wilsonburgh Wilsonburgh
Josephton Josephton
Harristown Harristown
Esparzaberg
Thomasburgh Thomasburgh
Sanchezland Sanchezland
Johnsonmouth Johnsonmouth
Kristinbury Kristinbury
Allenberg Allenberg
Garymouth
Camposstad
Donaldstad Donaldstad
Thomastown Thomastown
Williamsville Williamsville
Christophertown
Crystaltown Crystaltown
Johnsontown Johnsontown
Beckyshire
Derekton
Thomaschester
Mcfarlandville
Belindamouth Belindamouth
Wallaceville
Morenoside
Johnport Johnport
Amberfurt Amberfurt
Hernandezville
Joelview
Downsville Haasville
Richardhaven
Tammychester Tammychester
Rebeccaton Rebeccaton
Mitchellchester
Sheabury
Maysfort
Huynhton Huynhton
Lopezmouth
Heathermouth
Emilymouth Emilymouth
Lopezview Lopezview
Robertsfort Robertsfort
Dixonton
Keithton Keithton
Aprilstad Aprilstad
Andrewland Andrewland
Francesmouth Francesmouth
Richardville Richardville
Farmerside
Gabriellabury
Murphyberg
Hendersonchester Hendersonchester
Courtneyfurt
Morrisbury Morrisbury
Contrerasland Contrerasland
Ryanton
Williamsmouth
Johnstonmouth Johnstonmouth
Mcdonaldmouth Mcdonaldmouth
Adkinsfurt Adkinsfurt
Ralphtown
Stricklandbury
Tylermouth Tylermouth
Deanstad Deanstad
Garciaport
Charlesburgh Charlesburgh
Angelaview Angelaview
