0 23 88 64 50 34 57 4 60 54 49 33 15 194 28 75 5 12 62 134 44 85 84 76 15 72 30 8 17 79 26 65 98 77 36 78 14 56 67 39 94 71 10 70 16 22 51 42 19 128 83 9 6 24 46 63 139 7 59 97 31 2 11 18 87 95 3 80 21 74 41 32 55 90 53 20 81 68 140 66 43 69 1 82 147 93 92 99 27 96 0
89
0 0 73
23 23
88 88
64 64
50 50
34 34
57 25 57
4 4
60 60
54 54
49 49
33 33
15 15
194 61
28 28 38
75 75
5 5
12 12
62 62
134
44 44
85 85
84 84
76 76
72 72
30 30
8 8
17 17
79 79
26 26
65 65
98 47 91 98
77 77
36 36
78 78
14 14
56 56
67 67
39 39
94 94
71 71
10 10
70 70
16 16
22 22
51 13 51
42 42 45
19 19
128 35 37
83 40 83
9 9 52
6 6
24 24
46 46
63 63
139 48
7 7
59 59
97 97
31 31
2 2
11 11
18 18
87 87
95 95
3 3
80 80
21 21
74 74
41 41
32 32
55 55
90 90
53 53
20 20
81 81
68 68
140 86
66 66
43 43
69 69
1 1 58
82 82
147 29 89
93 93
92 92
99 99
27 27
96 96
