A BG FM FU EH DN EZ CH FX EG AG EV DE EO GR GL BF DV BJ FD EN CA GD CA EJ BX DP EU AH AW CP BL M U DC EB AN DS DH GA Y EQ CE FP GF CT GI FJ P GJ DB BI FG AU FR GK CJ FH CK CW BB L EE ED GC BD X CY CM AS R EL DG DM DI DK AJ GO FI V BY BE G BA CB FO T EK GE Z I DZ CQ BZ BQ DR BO AP FV FE EC FJ BP EM DX BN AX CF AM CD FS AW A
109
A
BG BG
FM FM
FU FU
EH EH
DN
EZ EZ
CH
FX FX
EG EG
AG AG GG
EV EV
DE
EO EO
GR GR
GL GL
BF BF
DV DV
BJ BJ
FD FD
EN EN
CA B
GD GD
EJ EJ
BX BX
DP DP
EU EU
AH AH
AW AW
CP
BL BL
M M
U U
DC DC
EB
AN AN
DS DS
DH DH
GA
Y Y
EQ EQ
CE CE
FP FP
GF GF
CT CT
GI GI
FJ FJ
P P
GJ GJ
DB DB
BI BI
FG FG
AU
FR FR
GK GK
CJ BR CJ
FH FH
CK CK
CW CW
BB BB
L L
EE
ED ED
GC GC
BD AF
X X
CY CY
CM CM
AS AS
R R
EL EL
DG DG
DM
DI DI
DK DK
AJ AJ
GO GO
FI FI
V V
BY BY
BE BE
G G
BA BA
CB CB FZ
FO FO
T T
EK EK
GE GE
Z Z
I I
DZ AB DZ
CQ CQ
BZ
BQ BQ
DR DR
BO BO
AP
FV FV
FE FE
EC EC
BP BP
EM EA EM
DX DX
BN
AX AX
CF CF
AM AM
CD
FS FS
