0 49 128 199 97 73 133 194 79 36 173 86 94 38 41 37 124 59 110 142 197 190 145 33 25 179 119 70 136 3 64 31 140 144 122 61 102 143 148 13 82 65 11 83 5 169 101 78 27 48 16 118 1 127 12 69 183 109 193 85 146 58 98 32 96 156 51 189 29 56 155 178 80 132 195 160 112 130 94 151 45 99 44 49 0
82
0
49 49 111
128 23 128
199 199
97 97
73 73
133 133
194 141 194
79 79
36 36
173 173
86 86
94 94
38 38 81
41 41
37 37
124 124
59 59 75
110
142 21 188
197 197
190 190
145 39 149
33 33 121
25 25
179 179
119
70 70 192
136 136
3 3
64 18 64
31 6 31 107
140 140
144 144
122 122
61 61 100
102 102
143 114 125
148 148
13 13
82 82 147
65 65 191
11 11
83 83
5 5 172
169 169
101 101
78 78
27 27
48 9 48
16 16
118 118
1 1
127 4 88 127
12 12 187
69 69
183 183
109 109
193 193
85 85
146 146
58 58
98 98
32 32
96 96
156 156
51 51
189 189
29 29
56 56
155 155
178 178
80 80
132 132
195 195
160 160
112 112
130 130
151 151
45 135
99 99
44 44
