msfltdkillnepsteinhd hnfdtmlepsteinkillds nltdmsfepsteinkilldh fkillepsteindlhdnsmt epsteinkillmsftnddlh dnkillepsteinlshdtfm epsteindlsfdntmkillh fmdhlepsteinstdnkill nhmkilllsftepsteindd ddepsteinhltfkillsmn nmlfshtdkillepsteind epsteinlshkilldnfdmt flepsteindndhmtkills killdmnsfhldepsteint epsteintdkilllnfdhms killdmnsfhldepsteint ddlmnftepsteinhskill fepsteinhsntddkilllm lsdepsteinfmkillndth tlmsdhdnkillfepstein fmsepsteindntldhkill nepsteinlmdkilldhfts ntlepsteindmfdshkill killmlepsteindthnfsd dthepsteinkillmsldfn fshtdepsteinmldnkill dmepsteinfnhltkillsd stepsteinhkillfmnldd lnsmkilltfdepsteindh lhsepsteindtdnmkillf fhndskillepsteintldm tlsfdmdepsteinnhkill epsteinfsddmthkillnl hnsdkilllftdmepstein depsteinnlsfmhtkilld fkillepsteinmldnhstd epsteinkillnmsdhtdlf hsndepsteindlmtkillf lndsdkilltmepsteinhf hkilldfepsteinmdlnts fdshnmkillepsteinltd epsteinskilldlndhmtf lthfkilldnsmepsteind hepsteinsddnfkillmlt ddtmkillepsteinflsnh hepsteinsddnfkillmlt nkilltdhlmdepsteinsf hepsteinsddnfkillmlt ddtmkillepsteinflsnh fddsepsteinhnlkilltm tepsteinddfnlkillhms nfmdkillhdlepsteinst hdepsteinskillldtnfm tmsdnfdlkillhepstein lhepsteinkilldtnmfsd tmsdnfdlkillhepstein mftkillepsteinndlhsd dnkillepsteinlshdtfm killepsteinlhtfdsmdn dhkilllsepsteinmntdf ndkillftdsmepsteinlh hsdlepsteinmnkilldft epsteinmhndfkilltdls tdfepsteinnlhdkillsm dfkilllmtepsteinhdsn nfdhkilllsmtepsteind killnsfmhdepsteindtl tmlepsteinsdnfkillhd tlmsdhdnkillfepstein fmsepsteindntldhkill epsteindfhlmdnskillt dlnsthfmepsteinkilld epsteindfhlmdnskillt hnfdtmlepsteinkillds nhslfmepsteindtkilld hsdfepsteintlnkilldm nhslfmepsteindtkilld epsteindlsfdntmkillh dnkillepsteinlshdtfm lmhdtfdepsteinnkills dnkillepsteinlshdtfm hnsdkilllftdmepstein epsteinfsddmthkillnl dhepsteindsnlkillfmt epsteinfsddmthkillnl dmdepsteinnhkilllsft dthepsteinkillmsldfn msfltdkillnepsteinhd
69
msfltdkillnepsteinhd msfltdkillnepsteinhd
hnfdtmlepsteinkillds hnfdtmlepsteinkillds
nltdmsfepsteinkilldh nltdmsfepsteinkilldh
fkillepsteindlhdnsmt
epsteinkillmsftnddlh epsteinkillmsftnddlh
dnkillepsteinlshdtfm dnkillepsteinlshdtfm
epsteindlsfdntmkillh epsteindlsfdntmkillh
fmdhlepsteinstdnkill
nhmkilllsftepsteindd nhmkilllsftepsteindd
ddepsteinhltfkillsmn
nmlfshtdkillepsteind
epsteinlshkilldnfdmt epsteinlshkilldnfdmt
flepsteindndhmtkills flepsteindndhmtkills
killdmnsfhldepsteint killdmnsfhldepsteint
epsteintdkilllnfdhms epsteintdkilllnfdhms
ddlmnftepsteinhskill ddlmnftepsteinhskill
fepsteinhsntddkilllm fepsteinhsntddkilllm
lsdepsteinfmkillndth lsdepsteinfmkillndth
tlmsdhdnkillfepstein tlmsdhdnkillfepstein
fmsepsteindntldhkill fmsepsteindntldhkill
nepsteinlmdkilldhfts nepsteinlmdkilldhfts
ntlepsteindmfdshkill ntlepsteindmfdshkill
killmlepsteindthnfsd killmlepsteindthnfsd
dthepsteinkillmsldfn
fshtdepsteinmldnkill fshtdepsteinmldnkill
dmepsteinfnhltkillsd dmepsteinfnhltkillsd
stepsteinhkillfmnldd stepsteinhkillfmnldd
lnsmkilltfdepsteindh lnsmkilltfdepsteindh
lhsepsteindtdnmkillf
fhndskillepsteintldm fhndskillepsteintldm
tlsfdmdepsteinnhkill tlsfdmdepsteinnhkill
epsteinfsddmthkillnl
hnsdkilllftdmepstein hnsdkilllftdmepstein
depsteinnlsfmhtkilld depsteinnlsfmhtkilld
fkillepsteinmldnhstd
epsteinkillnmsdhtdlf
hsndepsteindlmtkillf hsndepsteindlmtkillf
lndsdkilltmepsteinhf lndsdkilltmepsteinhf
hkilldfepsteinmdlnts
fdshnmkillepsteinltd fdshnmkillepsteinltd
epsteinskilldlndhmtf epsteinskilldlndhmtf
lthfkilldnsmepsteind
hepsteinsddnfkillmlt hepsteinsddnfkillmlt
ddtmkillepsteinflsnh ddtmkillepsteinflsnh
nkilltdhlmdepsteinsf nkilltdhlmdepsteinsf
fddsepsteinhnlkilltm
tepsteinddfnlkillhms
nfmdkillhdlepsteinst
hdepsteinskillldtnfm hdepsteinskillldtnfm
tmsdnfdlkillhepstein
lhepsteinkilldtnmfsd lhepsteinkilldtnmfsd
mftkillepsteinndlhsd mftkillepsteinndlhsd
killepsteinlhtfdsmdn killepsteinlhtfdsmdn
dhkilllsepsteinmntdf dhkilllsepsteinmntdf
ndkillftdsmepsteinlh ndkillftdsmepsteinlh
hsdlepsteinmnkilldft
epsteinmhndfkilltdls epsteinmhndfkilltdls
tdfepsteinnlhdkillsm
dfkilllmtepsteinhdsn dfkilllmtepsteinhdsn
nfdhkilllsmtepsteind nfdhkilllsmtepsteind
killnsfmhdepsteindtl killnsfmhdepsteindtl
tmlepsteinsdnfkillhd tmlepsteinsdnfkillhd
epsteindfhlmdnskillt epsteindfhlmdnskillt
dlnsthfmepsteinkilld dlnsthfmepsteinkilld
nhslfmepsteindtkilld
hsdfepsteintlnkilldm hsdfepsteintlnkilldm
lmhdtfdepsteinnkills lmhdtfdepsteinnkills
dhepsteindsnlkillfmt dhepsteindsnlkillfmt
dmdepsteinnhkilllsft
