tepsteinfdkilldlmhns killepsteintdldshfnm dhlepsteindkillsmtnf lepsteinfdkillsdnmht nfdhepsteinltsdmkill thmepsteinlkillfsndd slepsteinftndkillmdh htskillepsteindnlfdm ndlmhepsteintdskillf hepsteinnfstkilllmdd ldnmepsteinhfstdkill nmhdkilltslepsteinfd hldmepsteindsnkilltf nmhdkilltslepsteinfd ldnmepsteinhfstdkill skilldnmlhdftepstein ldnmepsteinhfstdkill ndlepsteinhdtskillfm fnmhskilldepsteinltd msnepsteinfkillhtdld hkillmepsteinstdfdnl msnepsteinfkillhtdld snldmtkillfepsteindh epsteinthsdmndkillfl nkillsdtdhfmlepstein killepsteintdldshfnm thsfnmkilldlepsteind tskillepsteinhfmddnl thsfnmkilldlepsteind hdepsteinsmdtnflkill mfskillnhlddtepstein epsteindsmnlfdtkillh mfskillnhlddtepstein thmepsteinlkillfsndd slepsteinftndkillmdh epsteinsdfmhltkillnd slepsteinftndkillmdh thsfnmkilldlepsteind hfskillnepsteinldtdm killnfhdsdltepsteinm hfskillnepsteinldtdm thsfnmkilldlepsteind killepsteintdldshfnm tepsteinfdkilldlmhns
22
ndlmhepsteintdskillf ndlmhepsteintdskillf tmhsnfepsteinldkilld
nfdhepsteinltsdmkill nfdhepsteinltsdmkill
lepsteinfdkillsdnmht lepsteinfdkillsdnmht
killepsteintdldshfnm nlhtdsdepsteinfmkill killepsteintdldshfnm
hepsteinnfstkilllmdd hepsteinnfstkilllmdd
dhlepsteindkillsmtnf dhlepsteindkillsmtnf
nkillsdtdhfmlepstein nkillsdtdhfmlepstein
msnepsteinfkillhtdld msnepsteinfkillhtdld
hdepsteinsmdtnflkill fnlskillhtepsteindmd hdepsteinsmdtnflkill
tskillepsteinhfmddnl tskillepsteinhfmddnl
hkillmepsteinstdfdnl hkillmepsteinstdfdnl
hldmepsteindsnkilltf hldmepsteindsnkilltf
epsteinthsdmndkillfl epsteinthsdmndkillfl
fnmhskilldepsteinltd fnmhskilldepsteinltd
ndlepsteinhdtskillfm ndlepsteinhdtskillfm
snldmtkillfepsteindh snldmtkillfepsteindh
epsteindsmnlfdtkillh epsteindsmnlfdtkillh
htskillepsteindnlfdm htskillepsteindnlfdm
thmepsteinlkillfsndd thmepsteinlkillfsndd
skilldnmlhdftepstein skilldnmlhdftepstein
epsteinsdfmhltkillnd epsteinsdfmhltkillnd
killnfhdsdltepsteinm killnfhdsdltepsteinm
