start loc17 home10 loc17 loc16 home8 loc16 loc15 home5 loc15 loc14 home4 loc14 loc23 home14 loc23 home15 loc23 loc22 home13 loc22 loc21 home3 loc21 loc12 home20 loc12 loc4 home2 loc4 home19 loc4 loc5 home12 loc5 loc12 loc11 home9 loc11 loc20 home22 loc20 loc19 home6 loc19 home23 loc19 home24 loc19 loc18 home7 loc18 loc9 loc8 home11 loc8 loc9 loc18 loc16 loc25 home17 loc25 home18 loc25 loc24 home16 loc24 loc15 loc14 loc13 home21 loc13 loc4 loc1 start
44
start
loc17
home10 home10
loc16
home8 home8
loc15
home5 home5
loc14
home4 home4
loc23
home14 home14
home15 home15
loc22
home13 home13
loc21
home3 home3
loc12
home20 home20
loc4
home2 home2
home19 home19
loc5
home12 home12
loc11
home9 home9
loc20
home22 home22
loc19
home6 home6
home23 home23
home24 home24
loc18
home7 home7
loc9
loc8
home11 home11
loc25
home17 home17
home18 home18
loc24
home16 home16
loc13
home21 home21
loc1 home1
