Aberdeen ElPaso CorpusChristi Downey CorpusChristi CapeCoral BoiseCity Danbury DavidsonCounty ColoradoSprings Chicago Denton Bremerton Denton Denver Burbank ElMonte CorpusChristi Beaumont Austin Bloomington Davenport Carrollton Columbia Canton Clearwater Chattanooga Escondido Arlington Augusta BatonRouge Chesapeake Durham Albuquerque Columbus Albuquerque Arvada Elkhart Champaign Anaheim Amarillo AppleValley Chandler Bridgeport Dallas BonitaSprings Alexandria Aberdeen
43
Aberdeen Akron DalyCity
ElPaso ElPaso
CorpusChristi CorpusChristi
Downey Downey
CapeCoral CapeCoral
BoiseCity BoiseCity
Danbury Danbury
DavidsonCounty
ColoradoSprings ColoradoSprings
Chicago Appleton Chicago
Denton Denton
Bremerton Bremerton
Denver Denver
Burbank
ElMonte ElMonte
Beaumont Beaumont
Austin Asheville Austin
Bloomington Bloomington
Davenport BelAir Davenport Deltona Elizabeth
Carrollton Carrollton
Columbia Brownsville Columbia
Canton Canton Charleston
Clearwater Boulder Bryan Clearwater
Chattanooga Chattanooga
Escondido Escondido
Arlington
Augusta Augusta
BatonRouge
Chesapeake
Durham Durham
Albuquerque Albuquerque
Columbus Columbus
Arvada Arvada
Elkhart Elkhart
Champaign Champaign
Anaheim Anaheim CathedralCity
Amarillo Amarillo Cincinnati
AppleValley AppleValley
Chandler Chandler
Bridgeport Bridgeport
Dallas Dallas
BonitaSprings BonitaSprings
Alexandria Alexandria
