Aberdeen BoiseCity Aberdeen Aurora Akron Bethlehem BonitaSprings Arvada Albuquerque Abilene BatonRouge Burbank Bradenton Cambridge Buffalo Bloomington AnnArbor Birmingham Beaumont Allentown Atlanta Berkeley Barnstable Augusta Boulder Boston Aberdeen
25
Aberdeen Aberdeen
BoiseCity BoiseCity
Aurora Aurora
Akron
Bethlehem Bethlehem
BonitaSprings Amarillo
Arvada Arvada
Albuquerque Albuquerque
Abilene Abilene
BatonRouge Anchorage BatonRouge
Burbank Burbank
Bradenton Bradenton
Cambridge Cambridge
Buffalo AtlanticCity Buffalo
Bloomington
AnnArbor AnnArbor
Birmingham Birmingham Bryan
Beaumont Beaumont
Allentown
Atlanta Atlanta
Berkeley Berkeley
Barnstable Barnstable
Augusta Albany
Boulder Boulder
Boston Boston
