Aberdeen Barnstable Gilbert Jacksonville AtlanticCity Bakersfield FortCollins Harlingen Akron Elizabeth Arvada Fargo BonitaSprings Baltimore DesMoines Bloomington Layton LasVegas Austin LasVegas Kennewick Anaheim ColoradoSprings Bellevue Bremerton Henderson Manchester BoiseCity Eugene Honolulu Burbank Jefferson Dallas Bradenton Bridgeport McAllen Chicago Clearwater Evansville FortWayne Fairfield Joliet Fairfield Lancaster Lubbock Inglewood Hickory FortWaltonBeach Amarillo AppleValley Corona Detroit Lacey Elkhart Champaign Harrisburg Irvine Carrollton Frederick Hampton Lafayette Carrollton GardenGrove CollegeStation ElPaso Hemet FortCollins Akron Erie Albuquerque Indianapolis Garland GrandRapids Houston Fresno DalyCity Fayetteville Appleton Lorain CedarRapids Grayslake Hollywood Cincinnati Fremont Irving Brighton LittleRock Greensboro Abilene Greensboro Huntington Chandler DavidsonCounty Berkeley AnnArbor CorpusChristi Beaumont Bethlehem Gilbert Augusta Evansville Danbury Aberdeen
94
Aberdeen Aberdeen
Barnstable Barnstable
Gilbert Gilbert
Jacksonville Jacksonville
AtlanticCity
Bakersfield Bakersfield
FortCollins FortCollins
Harlingen Harlingen Knoxville
Akron Akron
Elizabeth Elizabeth
Arvada Arvada Leominster
Fargo Fargo
BonitaSprings BonitaSprings
Baltimore Baltimore
DesMoines DesMoines
Bloomington
Layton Denver Layton
LasVegas Cleveland
Austin Austin
Kennewick Kennewick
Anaheim Anaheim
ColoradoSprings ColoradoSprings
Bellevue Bellevue Independence Lakeland
Bremerton Allentown Bremerton
Henderson Henderson
Manchester Atlanta Manchester
BoiseCity BoiseCity
Eugene Eugene
Honolulu
Burbank Burbank
Jefferson Jefferson
Dallas Dallas
Bradenton Bradenton
Bridgeport
McAllen
Chicago Chicago
Clearwater
Evansville Evansville
FortWayne
Fairfield Fairfield
Joliet Joliet LasCruces
Lancaster Anchorage Lancaster
Lubbock Louisville Lubbock
Inglewood Inglewood
Hickory Hickory
FortWaltonBeach FortWaltonBeach
Amarillo Alexandria Amarillo
AppleValley AppleValley
Corona
Detroit Detroit
Lacey Lacey
Elkhart Elkhart
Champaign Champaign
Harrisburg Fontana Harrisburg
Irvine Irvine
Carrollton Carrollton
Frederick Frederick
Hampton Hampton
Lafayette Lafayette Lakewood
GardenGrove
CollegeStation Boise CollegeStation
ElPaso ElPaso
Hemet Hemet
Erie Erie
Albuquerque Albuquerque
Indianapolis Indianapolis
Garland Garland
GrandRapids GrandRapids
Houston Houston
Fresno Fresno Kalamazoo
DalyCity DalyCity
Fayetteville Brownsville Fayetteville
Appleton Appleton
Lorain Lorain
CedarRapids CedarRapids
Grayslake Grayslake
Hollywood Hollywood
Cincinnati
Fremont Fremont
Irving Cary Irving
Brighton Brighton
LittleRock LittleRock
Greensboro
Abilene Abilene
Huntington
Chandler Chandler
DavidsonCounty DavidsonCounty
Berkeley Berkeley CapeCoral ElMonte
AnnArbor AnnArbor
CorpusChristi
Beaumont Beaumont
Bethlehem Bethlehem
Augusta Augusta
Danbury Danbury
