152 75 50 183 51 2 78 123 170 123 78 154 0 95 184 7 14 85 61 45 160 175 160 157 121 155 58 1 156 8 136 87 36 139 65 139 101 139 65 144 6 38 13 94 173 24 143 24 143 151 94 130 180 66 68 116 165 134 169 140 105 74 166 81 166 35 19 79 27 97 162 5 182 5 113 4 53 59 115 54 51 183 185 111 168 73 21 92 90 84 56 163 91 150 149 12 176 62 0 179 9 126 37 49 89 60 145 28 42 102 181 102 82 31 112 22 96 7 184 50 75 152
70
0 0
2 2
5 5
8 8
9 9
12 12
13 13
27 27
28 28
31 31
35 35
37 37
38 38
149 41 149
42 42
45 45
50 50 153
51 51 172
53 53
54 54
56 56
58 58
60 60
65 65
66 66
73 73
75 75
78 78
79 79
81 81
85 85
87 87
89 89
90 90
92 92
94 94
95 95
96 96
97 97
101 101
105 105
111 111
112 112
113 113
116 116
121 121
126 126
130 130
134 134
136 136
139 139
36 142
143 143
144 144
145 145
151 151
157 157
163 163
165 165
166 166
168 168
169 169
170 170
68 171
175 175
180 180
181 181
182 182
183 183
184 184
