location0 location79 location96 location27 location23 location192 location163 location142 location177 location28 location45 location144 location109 location32 location3 location89 location59 location98 location115 location72 location136 location199 location194 location97 location157 location92 location134 location92 location170 location176 location21 location126 location139 location126 location88 location15 location123 location121 location189 location155 location162 location52 location111 location76 location104 location151 location181 location5 location107 location156 location149 location159 location135 location55 location174 location137 location153 location2 location90 location2 location167 location188 location24 location175 location99 location175 location105 location128 location46 location17 location6 location79 location180 location164 location165 location125 location165 location71 location132 location108 location143 location188 location12 location38 location79 location119 location120 location83 location54 location63 location172 location63 location11 location68 location177 location117 location147 location79 location64 location122 location161 location116 location103 location40 location197 location184 location9 location104 location130 location104 location182 location91 location25 location92 location114 location60 location36 location7 location131 location95 location123 location140 location123 location99 location97 location86 location97 location12 location37 location47 location37 location74 location158 location39 location158 location142 location113 location0
114
location0 location0
location79 location79
location96 location96
location27 location27
location23 location23
location192 location192
location163 location163
location142 location142
location177 location177 location187
location28 location28
location45 location45
location144 location144
location109 location109
location32
location3 location3
location89 location89
location59 location34 location59
location98 location98
location115 location115
location72 location72
location136 location136
location199 location199
location194 location194
location97
location157 location157
location92 location92
location134 location134
location170 location170
location176 location176
location21 location21
location126
location139 location139
location88 location88
location15 location15
location123
location121 location121
location189 location189
location155 location155
location162 location162
location52 location52
location111 location111
location76 location76
location104
location151 location151
location181 location181
location5
location107 location107
location156
location149 location149
location159 location159
location135 location135
location55 location55
location174 location174
location137 location137
location153
location2 location2
location90 location90
location167 location167
location188 location188
location24 location24
location175 location175
location99 location99
location105 location105
location128
location46 location46
location17 location17
location6 location6
location180 location180
location164 location164
location165
location125 location125
location71 location71
location132 location132
location108
location143 location143
location12 location12
location38 location38
location119 location119
location120 location120
location83
location54 location54
location63
location172 location172
location11 location11
location68 location68
location117 location117
location147
location64 location64
location122 location122
location161 location161
location116
location103 location103
location40
location197 location197
location184
location9 location9
location130 location130
location182
location91 location91
location25
location114 location114
location60 location60
location36
location7
location131 location131
location95
location140 location140
location86 location86
location37 location37
location47 location47
location74
location158 location158
location39 location39
location113
