location0 location72 location94 location72 location36 location13 location51 location67 location77 location11 location17 location79 location16 location65 location28 location59 location49 location15 location71 location42 location19 location1 location60 location74 location60 location1 location26 location83 location53 location89 location63 location55 location27 location56 location35 location47 location25 location54 location98 location14 location52 location31 location91 location57 location8 location24 location68 location37 location83 location75 location38 location43 location87 location86 location32 location72 location36 location90 location85 location82 location5 location82 location85 location90 location0
55
location0 location0
location72 location72
location94 location94
location36 location36
location13 location13
location51 location51
location67 location67
location77 location77
location11 location11
location17
location79 location79
location16 location16
location65
location28 location28
location59
location49 location49
location15
location71 location71
location42
location19 location12 location19
location1 location1
location60 location60
location74 location74
location26 location26
location83
location53
location89 location89
location63 location63
location55
location27 location27
location56
location35 location35
location47
location25
location54 location54
location98
location14 location14
location52
location31 location31
location91
location57 location57
location8
location24 location24
location68
location37
location75
location38
location43
location87 location87
location86 location86
location32
location90
location85
location82
location5 location5
