OKGKQ TBPBM M1HJR NPDI9 ZN2EP 4YS4G 52MNN UW44H ELH5L W2M5C Q7FCL 4WDJE BE5V8 6NY7T TI35I RAAD4 FCYPJ 945CN 1RS2N CM5WA 53Y1R K50JQ 7U3JG V8GEC C7WKJ OIPRN P419D XEEQB ZZH8Z Q5DAA SKPO7 YJ67U ZRPB5 DL8LT X180A JXLE1 LIRLU DDXG0 CFGE5 6OA3K DTPF4 TORQI 1F0YL DOLRQ 45JXE PTADN KOYRV Z22CS 8CLEZ 3AIXW PMFJ2 2BUI5 6WOBI Y61KP WXZHF 1Y2CG IZESQ 6ACGE IF7TL LLTLN LKP22 HWKGJ T9O11 PYPSO DCHO3 WOEUE FRZVP AT3CI VHCFR W2H22 WZB33 H3R1V 0U9HU KC9RF 0D2BR BVMDZ C45HH H1LTE UX00P V22SY 0VPRW C8O6I L2PQE LEBVZ 61QWU WI88U EDSMH L2GJ5 SYV5N Y4WG4 768ZF AT3CI SHOOM 50J5H RU85S HZHRA A1QRL SA6G0 FMCVK 69BJO OLLV9 2C63O OKGKQ
101
OKGKQ
TBPBM TBPBM
M1HJR M1HJR ZHSBU
NPDI9 NPDI9
ZN2EP ZN2EP
4YS4G
52MNN 52MNN
UW44H UW44H
ELH5L ELH5L
W2M5C W2M5C
Q7FCL Q7FCL
4WDJE 4WDJE
BE5V8 BE5V8
6NY7T
TI35I TI35I
RAAD4 RAAD4
FCYPJ FCYPJ
945CN 945CN
1RS2N 1RS2N
CM5WA CM5WA
53Y1R 53Y1R
K50JQ K50JQ
7U3JG 7U3JG
V8GEC V8GEC
C7WKJ C7WKJ
OIPRN OIPRN
P419D P419D FC0PR
XEEQB XEEQB
ZZH8Z WP2MA ZZH8Z
Q5DAA Q5DAA
SKPO7 SKPO7
YJ67U YJ67U
ZRPB5 ZRPB5
DL8LT
X180A X180A
JXLE1 JXLE1
LIRLU LIRLU
DDXG0 DDXG0
CFGE5 CFGE5
6OA3K 6OA3K
DTPF4 DTPF4
TORQI TORQI
1F0YL 1F0YL
DOLRQ DOLRQ
45JXE 45JXE
PTADN PTADN
KOYRV KOYRV
Z22CS
8CLEZ 8CLEZ
3AIXW 3AIXW
PMFJ2 PMFJ2
2BUI5 7GA8O 2BUI5
6WOBI 6WOBI
Y61KP Y61KP
WXZHF WXZHF
1Y2CG
IZESQ IZESQ
6ACGE 6ACGE
IF7TL IF7TL
LLTLN LLTLN
LKP22 LKP22
HWKGJ HWKGJ
T9O11 T9O11
PYPSO 8EXDQ PYPSO
DCHO3 DCHO3
WOEUE
FRZVP FRZVP
AT3CI AT3CI
VHCFR VHCFR
W2H22 W2H22
WZB33 WZB33
H3R1V
0U9HU 0U9HU
KC9RF KC9RF
0D2BR 0D2BR
BVMDZ BVMDZ
C45HH C45HH
H1LTE H1LTE
UX00P MC71K
V22SY V22SY
0VPRW 0VPRW
C8O6I C8O6I
L2PQE L2PQE TCC7B
LEBVZ LEBVZ
61QWU TY0L7 61QWU
WI88U WI88U
EDSMH EDSMH
L2GJ5 L2GJ5
SYV5N SYV5N
Y4WG4
768ZF 768ZF
SHOOM SHOOM
50J5H 50J5H
RU85S RU85S
HZHRA HZHRA
A1QRL A1QRL
SA6G0 SA6G0
FMCVK 9WSXC PXCIN
69BJO 69BJO
OLLV9 OLLV9
2C63O 2C63O
