OC0MN RN3DW URMBF XBRKQ HHCET WH9QK XPFOM 7CXN0 ULCTZ H8ZPW CUG55 BMC9X ZA57Z 1BUOS V11OW 5I6U4 2KYXC F07YB QSI1X 1UWW5 UUOP5 18R1B F5YBY XTUSM K1ZSD BO3AW GXYLV HR8IA OE5TB QTZLJ EYREL PQ40E 91RFG TG5ZG X2AM4 KB443 YMTTJ 1NBGE XDKMD 2PD2W GAXPM J501P KRLTG 77EY5 2FT0Z B8UZ8 1ACIU XD7IR OC0MN
48
OC0MN
RN3DW
URMBF URMBF
XBRKQ XBRKQ HZ80H H212X
HHCET HHCET
WH9QK 65TK9
XPFOM XPFOM
7CXN0 7CXN0
ULCTZ ULCTZ
H8ZPW H8ZPW
CUG55 CUG55
BMC9X BMC9X
ZA57Z ZA57Z
1BUOS 1BUOS
V11OW V11OW
5I6U4 XRQ65 5I6U4
2KYXC 2KYXC
F07YB F07YB
QSI1X QSI1X
1UWW5 1UWW5
UUOP5 UUOP5 9HVLF
18R1B 18R1B
F5YBY F5YBY
XTUSM UGOIO XTUSM
K1ZSD K1ZSD
BO3AW BO3AW
GXYLV GXYLV
HR8IA HR8IA
OE5TB OE5TB
QTZLJ QTZLJ
EYREL EYREL
PQ40E
91RFG 91RFG
TG5ZG TG5ZG
X2AM4 X2AM4
KB443 KB443
YMTTJ YMTTJ
1NBGE 1NBGE
XDKMD EQWAL XDKMD
2PD2W
GAXPM GAXPM
J501P
KRLTG KRLTG
77EY5 77EY5
2FT0Z 2FT0Z
B8UZ8 B8UZ8 42QVU
1ACIU 1ACIU
XD7IR XD7IR
