29Bwa 1H2uK NvAYI wdXpe yMPWG C565q 6ceXl KYsbm di7h7 7XIxZ kbRYl yFKGt Xhpv3 19YKC tao9t 8aYYW BoNoJ OFvld OoKEI nogr2 IjjWK F2nEN 7l0Vw EWhpw 8RNd8 P3lE7 gk2cW LNh60 dU1Ub G6G4p DCl5F w4BF1 qt5AA jse5F hOy4D Iks3D rUUVt uWr4y C0eRL FnVf8 5rdYI 19YKC lA2MC Vjg5l X6hJp yFKGt 3iQ53 I2lfX GHZOS Dkq13 zQjQm P8Fbf vSPJ5 Xhpv3 Cfmbw yFKGt 29Bwa
52
29Bwa
1H2uK 1H2uK uT5W0
NvAYI NvAYI
wdXpe wdXpe
yMPWG yMPWG
C565q C565q
6ceXl 6ceXl
KYsbm KYsbm
di7h7 di7h7
7XIxZ 7XIxZ
kbRYl kbRYl
yFKGt yFKGt
Xhpv3 Xhpv3
19YKC 19YKC
tao9t tao9t
8aYYW 8aYYW
BoNoJ BoNoJ
OFvld OFvld
OoKEI OoKEI
nogr2 nogr2
IjjWK IjjWK
F2nEN F2nEN
7l0Vw 7l0Vw
EWhpw EWhpw
8RNd8 8RNd8
P3lE7 P3lE7
gk2cW gk2cW
LNh60 LNh60
dU1Ub dU1Ub
G6G4p G6G4p
DCl5F DCl5F
w4BF1 w4BF1
qt5AA qt5AA
jse5F jse5F
hOy4D hOy4D
Iks3D Iks3D
rUUVt rUUVt
uWr4y uWr4y
C0eRL C0eRL
FnVf8 FnVf8
5rdYI 5rdYI
lA2MC lA2MC
Vjg5l Vjg5l
X6hJp X6hJp
3iQ53 3iQ53
I2lfX
GHZOS GHZOS
Dkq13
zQjQm zQjQm
P8Fbf P8Fbf
vSPJ5 vSPJ5
Cfmbw Cfmbw
