0 162 0 161 160 0 92 157 92 158 92 159 2 176 2 164 163 100 43 102 43 101 43 12 178 122 94 121 177 121 94 123 2 196 149 148 195 148 88 150 36 169 109 110 170 110 17 111 17 109 23 118 175 118 50 120 50 118 23 109 21 154 93 155 93 156 30 104 103 165 166 30 189 139 96 141 96 140 190 140 96 60 144 60 143 192 191 142 60 64 35 114 35 113 172 113 112 171 112 27 197 198 152 51 7 146 194 193 145 80 147 18 33 185 133 91 135 91 134 186 33 179 180 125 97 126 38 183 130 95 132 95 131 184 41 181 127 77 128 77 129 77 128 182 181 41 66 91 78 31 106 167 168 107 31 108 31 107 24 136 187 188 137 85 138 85 136 30 115 173 115 25 116 174 116 25 117 25 115 30 104 59 105 59 104 30 65 92 0
133
0
162 162
161 161
160 160
92
157 157
158 158
159 159
2
176 176
164 164
163 163
100 100
43
102 102
101 101
12
178 178
122 122
94
121 121
177 177
123 123
196 196
149 149
148 148
195 195
88
150 150
36
169 169
109 109
110 110
170 170
17
111 111
23
118 118
175 175
50 119
120 120
21
154 154
93
155 155
156 156
30
104 104
103 103
165 165
166 166
189 189
139 139
96
141 141
140 140
190 190
60
144 144
143 143
192 192
191 191
142 142
64
35
114 114
113 113
172 172
112 112
171 171
27
197 197
198 198
152 152
51 151 153
7
146 146
194 194
193 193
145 145
80
147 147
18
33
185 185
133 133
91
135 135
134 134
186 186
179 179
180 180
125 125
97 124
126 126
38
183 183
130 130
95
132 132
131 131
184 184
41
181 181
127 127
77
128 128
129 129
182 182
66
78
31
106 106
167 167
168 168
107 107
108 108
24
136 136
187 187
188 188
137 137
85
138 138
115 115
173 173
25
116 116
174 174
117 117
59
105 105
65
