0 84 0 3 71 34 70 3 72 73 45 24 75 74 23 89 54 55 2 82 83 82 2 21 69 68 15 59 10 92 10 58 10 8 61 93 60 8 43 77 76 46 48 78 48 42 81 42 80 19 4 50 86 87 51 87 41 18 31 91 56 9 57 91 22 64 26 96 26 64 35 30 88 30 52 30 53 30 35 62 94 95 63 95 49 67 98 97 66 40 41 84 0
72
0
84 84 85
3
71 71
34
70 70
72 72
73 73
45
24
75 75
74 74
23
89 89
54 54
55 55 90
2
82 82
83 83
21
69 69
68 68
15
59 59
10
92 92
58 58
8
61 61
93 93
60 60
43
77 77
76 76
46
48
78 78 79
42
81 81
80 80
19
4
50 50
86 86
87 87
51 51
41
18
31
91 91
56 56
9
57 57
22
64 64
26 65
96 96
35
30
88 88
52 52
53 53
62 62
94 94
95 95
63 63
49
67 67
98 98
97 97
66 66
40
