0 1 3 8 17 35 71 35 72 35 17 36 73 36 74 36 17 8 18 37 76 37 75 37 18 38 77 38 78 38 18 8 3 1 0 2 5 12 25 52 25 51 25 12 26 53 26 54 26 12 5 2 6 13 28 58 28 57 28 13 6 14 30 62 30 61 30 14 29 59 29 60 29 14 6 13 27 55 27 56 27 13 6 2 5 11 23 48 98 48 97 48 23 47 95 47 96 47 23 11 24 49 99 49 24 11 5 2 0 1 4 10 21 43 87 43 88 43 21 44 89 44 90 44 21 10 4 9 20 42 85 42 20 9 19 40 82 40 81 40 19 39 79 39 80 39 19 9 20 41 83 41 84 41 20 42 86 42 20 9 4 10 22 45 91 45 92 45 22 46 94 46 93 46 22 10 4 1 3 7 16 33 67 33 16 34 69 34 70 34 16 33 68 33 16 7 15 32 65 32 66 32 15 31 63 31 64 31 15 7 3 1 0
99
0
1
3
8
17
35
71 71
72 72
36
73 73
74 74
18
37
76 76
75 75
38
77 77
78 78
2
5
12
25
52 52
51 51
26
53 53
54 54
6
13
28
58 58
57 57
14
30
62 62
61 61
29
59 59
60 60
27
55 55
56 56
11
23
48
98 98
97 97
47
95 95
96 96
24 50
49
99 99
4
10
21
43
87 87
88 88
44
89 89
90 90
9
20
42
85 85
19
40
82 82
81 81
39
79 79
80 80
41
83 83
84 84
86 86
22
45
91 91
92 92
46
94 94
93 93
7
16
33
67 67
34
69 69
70 70
68 68
15
32
65 65
66 66
31
63 63
64 64
