0 1 4 10 22 46 93 187 93 46 22 45 91 183 91 45 22 10 4 1 3 7 15 31 63 128 63 127 63 31 64 130 64 31 15 32 65 131 65 32 15 31 64 129 64 31 15 32 65 132 65 32 15 7 3 1 4 9 19 40 81 164 81 40 19 9 4 10 22 46 94 189 94 190 94 46 22 10 4 9 20 42 86 173 86 42 20 41 84 169 84 41 83 167 83 168 83 41 20 42 86 174 86 42 85 171 85 172 85 42 20 41 84 170 84 41 20 9 4 10 21 43 88 177 88 178 88 43 21 44 89 180 89 179 89 44 21 43 87 175 87 176 87 43 21 10 4 1 3 8 17 35 72 145 72 35 71 144 71 35 17 36 74 149 74 150 74 36 73 147 73 148 73 36 17 8 18 38 78 157 78 38 77 156 77 155 77 38 18 37 75 152 75 151 75 37 76 154 76 153 76 37 18 38 78 158 78 38 18 8 17 35 71 143 71 35 72 146 72 35 17 8 3 1 4 10 22 45 92 185 92 186 92 45 91 184 91 45 22 46 93 188 93 46 22 10 4 1 3 7 15 32 66 133 66 134 66 32 15 7 16 34 69 140 69 139 69 34 70 142 70 141 70 34 16 33 68 138 68 137 68 33 67 135 67 136 67 33 16 7 3 1 4 9 19 40 81 163 81 40 82 165 82 166 82 40 19 39 80 162 80 161 80 39 79 160 79 159 79 39 19 9 4 1 0 2 5 12 25 52 106 52 105 52 25 51 104 51 25 12 5 11 24 50 101 50 102 50 24 11 5 2 6 14 29 59 120 59 29 60 122 60 121 60 29 14 30 61 123 61 30 62 126 62 30 61 124 61 30 62 125 62 30 14 29 59 119 59 29 14 6 13 27 55 112 55 111 55 27 13 28 57 116 57 28 58 117 58 118 58 28 57 115 57 28 13 27 56 113 56 114 56 27 13 6 2 5 11 23 48 97 196 97 48 98 197 98 48 97 195 97 48 98 198 98 48 23 11 24 49 99 199 99 49 24 11 23 47 95 191 95 192 95 47 96 193 96 194 96 47 23 11 5 12 25 51 103 51 25 12 26 53 108 53 107 53 26 54 109 54 110 54 26 12 5 2 0 1 4 10 21 44 90 182 90 181 90 44 21 10 4 1 0
199
0
1
4
10
22
46
93
187 187
45
91
183 183
3
7
15
31
63
128 128
127 127
64
130 130
32
65
131 131
129 129
132 132
9
19
40
81
164 164
94
189 189
190 190
20
42
86
173 173
41
84
169 169
83
167 167
168 168
174 174
85
171 171
172 172
170 170
21
43
88
177 177
178 178
44
89
180 180
179 179
87
175 175
176 176
8
17
35
72
145 145
71
144 144
36
74
149 149
150 150
73
147 147
148 148
18
38
78
157 157
77
156 156
155 155
37
75
152 152
151 151
76
154 154
153 153
158 158
143 143
146 146
92
185 185
186 186
184 184
188 188
66
133 133
134 134
16
34
69
140 140
139 139
70
142 142
141 141
33
68
138 138
137 137
67
135 135
136 136
163 163
82
165 165
166 166
39
80
162 162
161 161
79
160 160
159 159
2
5
12
25
52
106 106
105 105
51
104 104
11
24
50
101 101
102 102
6
14
29
59
120 120
60
122 122
121 121
30
61
123 123
62
126 126
124 124
125 125
119 119
13
27
55
112 112
111 111
28
57
116 116
58
117 117
118 118
115 115
56
113 113
114 114
23
48
97
196 196
98
197 197
195 195
198 198
49 100
99
199 199
47
95
191 191
192 192
96
193 193
194 194
103 103
26
53
108 108
107 107
54
109 109
110 110
90
182 182
181 181
