0 6 3 4 7 9 15 11 20 16 23 12 18 21 29 27 25 13 34 31 39 35 36 37 48 32 44 49 42 45 46 52 54 55 51 61 62 63 41 65 72 60 69 58 57 73 67 70 71 83 75 80 81 85 89 90 79 77 92 87 93 99 96 102 103 94 98 108 104 107 112 106 20 110 8 0
74
0
6 6
3 3
4 4
7 7 100
9 9
15 15
11 11
20 20
16 16
23 2 23
12 12
18 18
21 21
29 29
27 27
25 25
13 13
34 34
31 31
39 39
35 35
36 36
37 37
48 48
32 32
44 44
49 49
42 42
45 45
46 46
52 52
54 54
55 55
51 51
61 61
62 62
63 63
41 41
65 65
72 72
60 60
69 69
58 58
57 57
73 73
67 67
70 70
71 71
83 83
75 75
80 80
81 81
85 85
89 89
90 90
79 79
77 77
92 92
87 87
93 93
99 99
96 96
102 102
103 103
94 94
98 98
108 108
104 104
107 107
112 112
106 106
110 110
8
