Soda Barrows Stephans Wheeler Haas RSF GBC Hertz MLK BWW Mulford Morgan Sproul Wellman MemorialStadium Unit2 MainStacks Unit3 Unit1 Blackwell BC Foothill ClarkKerr LakeMerrit GoldenStatePark TheRoof Cory Soda
27
Soda Doe
Barrows Barrows
Stephans Stephans
Wheeler Wheeler
Haas Haas
RSF RSF
GBC GBC
Hertz Hertz
MLK MLK
BWW BWW
Mulford Mulford
Morgan Morgan
Sproul Sproul
Wellman Wellman
MemorialStadium MemorialStadium
Unit2 Unit2
MainStacks MainStacks
Unit3 Unit3
Unit1 Unit1
Blackwell Blackwell
BC BC
Foothill Foothill
ClarkKerr ClarkKerr
LakeMerrit LakeMerrit
GoldenStatePark GoldenStatePark
TheRoof TheRoof
Cory
