Soda InternationalHouse SigmaKappa AlphaChi BerkeleyHigh BerkeleyHillel Jupiter Venus DeltaDelta Saturn Mars Compton AlphaCentauri BayStreet Gregoire Pomona Emeryville Upland Ashby Perris Fontana Whittier Chino Tijuana SanBernardino SouthGate SanDiego SanMiguel MexicoCity Guadalajara Tuxcacuesco Talpa Jalisco TripleRock ElGrullo Myto Tuhuamixtel Kips Tang Rasputin DKingGallery CREAM Tako BAMPFA Cancun Platano FantasticComics SantaBarbara LosAngeles CafeTibet Sacramento VictoryPoint Irvine Bechtel Riverside Bechtel ChezPanisse Sibley Soda
57
Soda ChiOmega
InternationalHouse InternationalHouse
SigmaKappa SigmaKappa
AlphaChi AlphaChi
BerkeleyHigh BerkeleyHigh
BerkeleyHillel BerkeleyHillel
Jupiter Jupiter
Venus Venus
DeltaDelta DeltaDelta
Saturn Saturn
Mars Mars
Compton Compton
AlphaCentauri AlphaCentauri
BayStreet BayStreet
Gregoire Gregoire
Pomona Pomona
Emeryville Emeryville
Upland Upland
Ashby Ashby
Perris Perris
Fontana Fontana
Whittier Whittier
Chino Chino
Tijuana Tijuana
SanBernardino SanBernardino
SouthGate SouthGate
SanDiego SanDiego
SanMiguel SanMiguel
MexicoCity MexicoCity
Guadalajara Guadalajara
Tuxcacuesco Tuxcacuesco
Talpa Talpa
Jalisco Jalisco
TripleRock TripleRock
ElGrullo ElGrullo
Myto Myto
Tuhuamixtel Tuhuamixtel
Kips Kips
Tang Tang
Rasputin Rasputin
DKingGallery DKingGallery
CREAM CREAM
Tako Tako
BAMPFA BAMPFA
Cancun Cancun
Platano Platano
FantasticComics FantasticComics
SantaBarbara SantaBarbara
LosAngeles LosAngeles
CafeTibet CafeTibet
Sacramento Sacramento
VictoryPoint VictoryPoint
Irvine Irvine
Bechtel
Riverside Riverside
ChezPanisse ChezPanisse
Sibley
