0 53 0 27 82 171 104 83 117 136 170 199 189 103 189 77 143 77 196 184 85 86 44 42 137 42 165 63 165 173 165 94 20 11 36 62 34 133 68 133 34 138 69 153 69 138 116 134 50 134 71 119 192 18 192 96 175 22 175 96 155 40 123 62 34 9 34 76 81 19 151 109 75 109 58 109 94 39 89 154 187 33 43 47 45 158 45 14 45 158 2 60 72 90 159 172 188 35 135 100 78 179 78 80 158 102 55 138 61 113 118 48 54 126 162 52 121 157 121 34 62 36 91 150 130 64 37 0 27 174 101 1 99 30 25 30 65 180 28 140 164 29 193 165 42 137 156 15 119 67 41 67 190 16 74 31 74 191 194 51 183 69 138 34 17 105 17 66 75 109 84 168 84 109 58 122 166 32 166 199 48 46 154 82 129 146 93 86 70 26 70 178 71 119 192 109 94 39 92 39 94 109 192 18 177 37 0
139
0
53 53
27
82 10
171 171
104 104
83 83
117
136
170 170
199 199
189 189
103 103
77 77
143 143
196 196
184 184
85 85
86
44 44
42 42
137 137
165
63 63
173 173
94
20 20
11 11
36
62
34 34
133 133
68 68
138 138
69 69
153 153
116 116
134
50 50
71 71
119
192 192
18 18
96 96
175
22 22
155
40
123 123
9 9
76 76
81 81
19
151 151
109
75 75
58 58 152
39 39
89
154 154
187 187
33 33
43 43
47 47
45
158 158
14 14
2 2
60
72
90 149
159 159
172
188 188
35 110
135 135
100 100
78 78
179 179
80 80
102 102
55 55
61 61
113
118 56
48 48
54
126
162 162
52 52
121
157 157
91 91
150
130
64 64
37 37
174 174
101 101
1 1
99 99
30
25 25
65
180 180
28 28
140 140
164 164
29
193 193
156 156
15
67 67
41 41
190
16 16
74
31 31
191
194 194
51 51
183 183
17 17
105 105
66
84
168 168
122 122
166
32 32
46 46
129
146 146
93
70
26 26
178 178
92 92
177 177
