0 60 69 42 69 61 34 20 18 71 18 23 68 59 90 77 13 83 22 88 4 53 72 7 6 87 41 70 65 35 76 16 40 16 79 78 2 67 2 78 79 81 3 81 50 96 89 30 89 24 31 24 43 38 44 38 43 63 78 19 47 66 62 29 11 29 14 86 12 19 58 5 72 99 37 28 37 99 93 10 15 49 1 78 72 98 6 87 74 56 88 4 60 0
69
0 0
60 60
69 69
42 42
61 61
34 34
20
18
71 71
23 23
68
59 59
90
77
13 13
83 83
22
88 88
4 4
53
72 72
7 7
6 25
87
41 41
70 17 70
65 65
35 35
76 76
16 16
40 40
79
78
2
67 67
81 81
3 3
50 50
96 96
89
30 30
24 24
31 31
43
38 38
44 44
63 63
19 94
47 47
66 66
62 62
29 29
11 11
14 14
86 86
12
58 58
5 5
99
37
28 28
93
10 10
15
49
1 1
98 98
74 74
56
