HRV HMD GTM COG CCK BLR BES BLM BFA BHS DOM CUW DNK ARE CYM CXR CYM GRD GNQ GUY GRC BRA BLM BRB CAN CIV BVT CAF GIB FSM GHA GAB FIN FLK FIN ERI FSM ECU GBR FRA FRO GEO HND GNB GLP BGR BDI BEL BRN BIH BGD HKG GUY CUB CYP ESP AND ALB ARG ALB ARE DNK DJI DMA ATA ATF ASM DOM AUS DOM CYP CZE CYP AFG ABW AFG FIN ERI AUT BEN BRA GRC HRV
65
HRV
HMD HMD
GTM
COG COG
CCK CCK
BLR BLR
BES BES
BLM BLM
BFA BFA
BHS BHS
DOM DOM
CUW CUW
DNK DNK
ARE ARE
CYM CYM
CXR CXR
GRD GRD
GNQ GNQ
GUY
GRC GRC
BRA
BRB BRB
CAN CAN
CIV CHE
BVT BVT
CAF CAF
GIB
FSM FSM
GHA GHA
GAB
FIN FIN
FLK FLK
ERI ERI
ECU ECU
GBR GBR
FRA FRA
FRO FRO
GEO GEO
HND HND
GNB
GLP GLP
BGR
BDI BDI
BEL
BRN COD BRN
BIH
BGD BGD
HKG HKG
CUB CUB
CYP
ESP
AND AND
ALB ALB
ARG ARG
DJI DJI
DMA
ATA ATA
ATF ATF
ASM
AUS AUS
CZE CZE
AFG
ABW ABW
AUT
BEN BEN
