Soda 124 119 188 180 173 148 149 159 123 117 115 147 133 107 102 132 104 139 111 108 146 154 183 164 158 125 153 162 168 185 191 101 145 172 134 144 170 131 157 143 103 175 128 156 166 136 177 121 155 129 138 152 126 109 194 142 198 105 140 171 141 151 114 130 113 160 192 169 174 116 161 184 106 187 127 196 190 122 167 110 120 135 100 186 150 193 197 195 182 178 179 176 189 112 165 137 163 181 118 Soda
100
Soda
124 124
119 119
188 188
180 180
173 173
148 148
149 149
159 159
123 123
117 117
115 115
147 147
133 133
107 107
102 102
132 132
104 104
139 139
111 111
108 108
146 146
154 154
183 183
164 164
158 158
125 125
153 153
162 162
168 168
185 185
191 191
101 101
145 145
172 172
134 134
144 144
170 170
131 131
157 157
143 143
103 103
175 175
128 128
156 156
166 166
136 136
177 177
121 121
155 99 155
129 129
138 138
152 152
126 126
109 109
194 194
142 142
198 198
105 105
140 140
171 171
141 141
151 151
114 114
130 130
113 113
160 160
192 192
169 169
174 174
116 116
161 161
184 184
106 106
187 187
127 127
196 196
190 190
122 122
167 167
110 110
120 120
135 135
100 100
186 186
150 150
193 193
197 197
195 195
182 182
178 178
179 179
176 176
189 189
112 112
165 165
137 137
163 163
181 181
118 118
