Wurster Class Hilgard Barrows Simon Hesse Salem Boston Alabama Tennessee Montgomery Indianapolis Observatory Honolulu Frank Sutardja Cory Pitzer McLaughlin Optometry Blackwell Parking Juneau Idaho Vermont Simpson Oregon Raleigh Pennsylvania Chan North Nevada Hazardous Gilman Florida Anthony Moffitt Brain Kleeberger Spieker Maxwell Massachusetts Stanley Recreational California Moses Visitor Wurster
47
Wurster Wurster
Class Class
Hilgard Hilgard
Barrows Barrows
Simon Simon
Hesse Hesse
Salem Salem
Boston Boston
Alabama Alabama Sather
Tennessee Tennessee
Montgomery Montgomery Silver
Indianapolis Indianapolis
Observatory Observatory
Honolulu Honolulu
Frank Frank
Sutardja Sutardja
Cory Cory
Pitzer Pitzer
McLaughlin McLaughlin
Optometry Optometry
Blackwell Blackwell
Parking Parking
Juneau Juneau
Idaho Idaho
Vermont Vermont
Simpson Simpson
Oregon Oregon
Raleigh Raleigh
Pennsylvania Pennsylvania
Chan Chan
North North
Nevada Nevada
Hazardous Hazardous
Gilman Gilman
Florida Florida
Anthony Anthony
Moffitt Moffitt
Brain Brain
Kleeberger Kleeberger Goldman
Spieker Spieker
Maxwell Maxwell
Massachusetts Massachusetts
Stanley Stanley
Recreational Recreational
California California
Moses Moses
Visitor Visitor
