Donner Cyclotron Helena North Juneau Illinois Ishi Foothill Gilman Tallahassee Old Minnesota Recreational Phoenix Haas Providence Wurster Haste Life Topeka Iowa Optometry McCone Santa Donner
24
Donner Donner
Cyclotron Cyclotron
Helena Helena
North North
McCone McCone
Juneau Juneau
Wurster Wurster
Optometry Optometry
Haas Haas
Santa Santa
Phoenix Phoenix
Illinois Illinois
Haste Haste
Providence Providence
Life Life
Topeka Topeka
Foothill Foothill Gayley
Minnesota Minnesota
Ishi Ishi
Gilman Gilman
Tallahassee Tallahassee
Old Old
Recreational Recreational
Iowa Iowa
