A B X D F G F N H N F I F N M N K N F D AC Y AE AD AX AY AZ AG AK AJ Q R P O P R T AN BY BG BF BG CA BG CB BG BF AM BE CT BE BX BW BD BA BD AI S AI BD BC AG AZ AY AW AV AW AU AS AP AQ AO AQ BL BK BJ BI BJ BK BN BK BJ CD CC CD BJ BK BL AQ AP V AP AS AU AW AV BM BS CL CN CJ CK CJ CN CQ CP CQ CN CM CO CM CN CL BS BM AV AW AU AS AP W X B A
68
A A
B B
X X
D D
F F
G G
N
H H
I I
M M
K K
AC
Y Y
AE
AD AD
AX AX
AY
AZ
AG AG
AK
AJ AJ
Q
R
P P
O O
T T
AN
BY
BG BG
BF BF
CA CA
CB CB
AM AM
BE
CT CT
BX
BW
BD
BA BA
AI
S S
BC
AW
AV AV
AU
AS AS
AP
AQ AQ
AO AO
BL
BK
BJ BJ
BI BI
BN BN
CD
CC CC
V V
BM
BS
CL
CN CN
CJ
CK CK
CQ
CP CP CS
CM
CO CO
W
