1 17 2 44 45 26 61 14 34 7 39 7 34 103 13 29 43 45 26 61 16 30 15 27 15 31 100 58 55 18 53 23 51 49 48 47 19 50 133 141 20 141 133 50 131 142 46 2 17 1 54 61 16 59 25 22 60 61 16 30 15 27 70 36 33 12 11 10 76 121 119 111 115 153 156 104 165 164 85 86 100 88 32 88 100 58 55 24 55 58 98 94 95 189 192 189 182 189 192 188 21 56 57 56 21 188 136 20 141 133 50 131 142 46 2 44 4 71 5 71 4 44 45 43 72 40 8 9 6 74 73 41 3 42 144 129 130 131 142 46 2 44 45 26 61 14 34 7 39 78 37 78 39 7 34 14 61 16 30 15 27 70 36 28 36 70 27 15 31 100 58 55 18 53 52 53 48 1
95
1 1
17 17
2 2
44 44
45 45
26 26
61
14 14
34 34
7 7
39 39
103
13 13
29 29
43 43
16 16
30 30
15 15
27 27
31 31
100
58 58
55 55
18 18
53 53
23 23
51 51
49 49
48 48
47 47
19 19
50 50
133
141
20 20
131
142
46 46
54 54
59 59
25 25
22 22
60 60
70
36 36
33 33
12 12
11 11
10 10
76
121 121
119
111 111
115
153 153
156
104
165 165
164
85
86
88
32 32
24 24
98
94
95
189
192 192
182 182
188
21 21
56 56
57 57
136
4 4
71
5 5
72
40 40
8 8
9 9
6 6
74
73
41 41
3 3
42 42
144
129
130
78
37 37
28 28
52 52
