AirportRoad NeeSoon Bendemeer SimpangNorth TanjongPagar SwissClub Frankel Tengeh Safti Tengeh Frankel CityHall Gombak DowntownCore LowerSeletar LeonieHill BukitBatokEast Simei SungeiRoad TiongBahruStation RiverValley Sembawang GhimMoh Safti GaliBatuMandai Sudong RobertsonQuay Redhill PearlsHill JooKoon Tyersall Hillcrest Bayshore ChoaChuKang AirportRoad
31
AirportRoad
NeeSoon NeeSoon
Bendemeer
SimpangNorth SimpangNorth
TanjongPagar TanjongPagar
SwissClub SwissClub
Frankel Frankel
Tengeh Tengeh
Safti Safti
CityHall CityHall
Gombak
DowntownCore DowntownCore
LowerSeletar LowerSeletar
LeonieHill LeonieHill
BukitBatokEast
Simei Simei
SungeiRoad SungeiRoad
TiongBahruStation TiongBahruStation
RiverValley RiverValley
Sembawang Sembawang
GhimMoh GhimMoh
GaliBatuMandai GaliBatuMandai
Sudong Sudong
RobertsonQuay
Redhill Redhill
PearlsHill PearlsHill
JooKoon JooKoon
Tyersall Tyersall
Hillcrest Hillcrest
Bayshore
ChoaChuKang ChoaChuKang
