NatureReserve Kranji JurongWestCentral NeeSoon Shipyard NeeSoon OrangeGrove DefuIndustrialPark Sennett Outram MonksHill PasirRisCentralTown KampongGlam Semakau Frankel FarrerPark GreenwoodPark Trafalgar Sentosa PasirRisPark SembawangSprings SungeiRoad Novena SingaporePolytechnic SerangoonGarden Victoria PasirPanjang2 Springleaf MandaiWest YioChuKang Boulevard KallangWay AnchorvaleBuangkok NorthCoast BukitBatokCentral ConeyIsland CompassvaleTrafalgar Changi Ridout BishanEast Yishun Phillip TanglinHalt TuasBay YuhuaWestBoonLay TampinesWest PunggolTownCentre YishunCentral ClementiCentral ChangiWest Townsville ChoaChuKangCentral SungeiKadut KampongUbi NatureReserve
53
NatureReserve
Kranji Kranji
JurongWestCentral JurongWestCentral
NeeSoon NeeSoon
Shipyard Shipyard
OrangeGrove OrangeGrove
DefuIndustrialPark DefuIndustrialPark Tyersall
Sennett Sennett
Outram Outram
MonksHill MonksHill
PasirRisCentralTown
KampongGlam KampongGlam
Semakau Semakau
Frankel
FarrerPark FarrerPark
GreenwoodPark Guilin GreenwoodPark
Trafalgar Trafalgar
Sentosa Sentosa
PasirRisPark
SembawangSprings SembawangSprings
SungeiRoad SungeiRoad
Novena Novena
SingaporePolytechnic SingaporePolytechnic
SerangoonGarden SerangoonGarden
Victoria Victoria
PasirPanjang2 PasirPanjang2 AirportRoad
Springleaf Springleaf
MandaiWest MandaiWest
YioChuKang YioChuKang
Boulevard Boulevard
KallangWay KallangWay
AnchorvaleBuangkok AnchorvaleBuangkok
NorthCoast NorthCoast
BukitBatokCentral BukitBatokCentral
ConeyIsland ConeyIsland
CompassvaleTrafalgar
Changi
Ridout Ridout
BishanEast BishanEast
Yishun Yishun
Phillip Phillip
TanglinHalt TanglinHalt
TuasBay TuasBay
YuhuaWestBoonLay YuhuaWestBoonLay
TampinesWest TampinesWest
PunggolTownCentre PunggolTownCentre
YishunCentral Woodgrove
ClementiCentral ClementiCentral
ChangiWest ChangiWest
Townsville Townsville
ChoaChuKangCentral ChoaChuKangCentral LoyangEast
SungeiKadut SungeiKadut
KampongUbi
