Woodleigh MountEmily GeylangEast PayaLebarEast TohGuan PasirRisDrive ClementiNorth OneTreeHill SembawangStraits Shipyard PasirRisPark Trafalgar Serangoon ClementiCentral Mandai PasirRis Mandai ChengSan BoonLayPlace LowerSeletar PearlsHill Sentosa KampongUbi Brickworks ChinaSquare Sennett SerangoonGarden SingaporeRiver SerangoonGarden Sennett TelokBlangahDrive CityHall BedokNorth IstanaNegara ClementiWest JurongWestCentral OneNorth Anson AngMoKioTownCentre SungeiRoad WaterwayEast SungeiRoad Commonwealth KentRidge Commonwealth Chatsworth InstitutionHill Chatsworth TuasNorthPioneer WestCoast SouthernIslands HongKahNorth KeatHong Dunearn SembawangHills Dunearn UluPandan YioChuKangEast PulauPunggolTimor ReservoirView EvertonPark PeoplesPark OrangeGrove Matilda Geylang Paterson SimpangNorth AlexandraNorth SimpangNorth Khatib SerangoonCentral PasirPanjang2 BukitBatokSouth WoodlandsWest Northland Mountbatten JurongPort PeiChun DairyFarm PangSua Kranji SungeiRoad WaterwayEast YioChuKang Aljunied BoatQuay Saujana HougangCentral DefuIndustrialPark ChoaChuKang HongKah Kembangan JooSengPayaLebar TampinesNorth Sembawang TagoreSindo Punggol BenoiSector RafflesPlace BedokSouth ChangiPoint WoodlandsSouth Port RochorCanal PasirPanjang1 KebunBahru Tampines PengSiang BukitBatokWest DhobyGhaut Bishan TiongBahru TuasBay SembawangEast TuasPromenade Tanglin PunggolField SungeiKadut MandaiEast TanglinHalt Woodleigh
110
Woodleigh
MountEmily
GeylangEast Moulmein GeylangEast
PayaLebarEast PayaLebarEast Museum
TohGuan TohGuan
PasirRisDrive PasirRisDrive
ClementiNorth ClementiNorth
OneTreeHill OneTreeHill
SembawangStraits SembawangStraits
Shipyard Shipyard
PasirRisPark PasirRisPark
Trafalgar Trafalgar
Serangoon Serangoon
ClementiCentral
Mandai Mandai
PasirRis PasirRis
ChengSan
BoonLayPlace BoonLayPlace
LowerSeletar LowerSeletar
PearlsHill PearlsHill
Sentosa Sentosa
KampongUbi TelokBlangahRise
Brickworks Brickworks
ChinaSquare ChinaSquare
Sennett Sennett
SerangoonGarden SerangoonGarden
SingaporeRiver SingaporeRiver
TelokBlangahDrive
CityHall CityHall
BedokNorth BedokNorth
IstanaNegara IstanaNegara
ClementiWest
JurongWestCentral JurongWestCentral
OneNorth OneNorth
Anson
AngMoKioTownCentre AngMoKioTownCentre
SungeiRoad SungeiRoad
WaterwayEast WaterwayEast
Commonwealth Commonwealth
KentRidge KentRidge
Chatsworth Chatsworth
InstitutionHill InstitutionHill
TuasNorthPioneer TuasNorthPioneer
WestCoast
SouthernIslands SouthernIslands
HongKahNorth HongKahNorth
KeatHong KeatHong
Dunearn
SembawangHills SembawangHills
UluPandan UluPandan
YioChuKangEast YioChuKangEast
PulauPunggolTimor PulauPunggolTimor
ReservoirView ReservoirView
EvertonPark EvertonPark
PeoplesPark BayfrontSubzone PeoplesPark
OrangeGrove OrangeGrove
Matilda Matilda
Geylang Geylang
Paterson Paterson
SimpangNorth SimpangNorth
AlexandraNorth AlexandraNorth
Khatib Khatib
SerangoonCentral SerangoonCentral
PasirPanjang2
BukitBatokSouth BukitBatokSouth
WoodlandsWest WoodlandsWest
Northland Northland
Mountbatten Mountbatten
JurongPort JurongPort
PeiChun PeiChun
DairyFarm DairyFarm
PangSua PangSua
Kranji ChangiWest
YioChuKang YioChuKang
Aljunied Aljunied
BoatQuay BoatQuay
Saujana Saujana
HougangCentral HougangCentral
DefuIndustrialPark DefuIndustrialPark
ChoaChuKang ChoaChuKang
HongKah HongKah UpperThomson
Kembangan Kembangan
JooSengPayaLebar JooSengPayaLebar
TampinesNorth TampinesNorth
Sembawang EastCoast Sembawang
TagoreSindo TagoreSindo SerangoonNorth
Punggol Punggol
BenoiSector BenoiSector
RafflesPlace
BedokSouth BedokSouth
ChangiPoint ChangiPoint
WoodlandsSouth Cairnhill
Port Port
RochorCanal RochorCanal
PasirPanjang1
KebunBahru KebunBahru
Tampines Tampines
PengSiang
BukitBatokWest BukitBatokWest
DhobyGhaut DhobyGhaut
Bishan
TiongBahru TiongBahru
TuasBay TuasBay
SembawangEast
TuasPromenade TuasPromenade
Tanglin Tanglin
PunggolField PunggolField
SungeiKadut SungeiKadut
MandaiEast MandaiEast
TanglinHalt
