139 18 11 85 2 72 69 82 5 35 65 16 26 48 141 25 31 15 14 23 37 109 95 81 67 33 104 71 148 32 47 1 58 74 7 60 39 57 43 13 30 21 78 9 84 44 41 22 105 127 134 101 64 184 114 79 182 108 111 130 112 91 75 118 147 77 123 146 119 89 138 177 27 96 145 158 98 156 186 122 174 106 153 200 8 157 176 125 131 155 128 173 113 189 127 22 142 144 45 152 149 178 95 161 148 165 162 187 191 6 188 55 1 172 192 198 139
100
1 1
2 2
5 5
7 7
8 8
9 9
11 11
13 13
14 14
15 15
16 16
18 18
21 21
22 22
23 23
25 25
26 26
27 27
30 30
31 31
32 32
33 33
35 35
37 37
39 39
41 41
43 43
44 44
47 47
48 48
57 57
58 58
60 60
64 64
65 65
67 67
69 69
71 71
72 72
74 74
75 75
77 77
78 78
79 79
81 81
82 82
84 84
85 85
89 89
91 91
95 95
96 96
98 98
101 101
104 104
105 105
106 106
108 108
109 109
111 111
112 112
113 113
114 114
118 118
119 119
122 122
123 123
125 125
127 127
128 128
130 130
131 131
134 134
138 138
141 141
142 142
144 144
145 145
146 146
147 147
148 148
152 152
153 153
156 156
157 157
158 158
161 161
165 165
172 172
173 173
176 176
178 178
182 182
184 184
186 186
187 187
188 188
189 189
191 191
198 198
