Qwilfish Drampa Sandile Simisear Noibat Skiddo Skorupi Lotad Drapion Taillow Scatterbug Meloetta Porygon2 Vullaby Volcarona Magmar Inkay Slurpuff Metang Steenee Jumpluff Metapod Gengar Munna Seaking Nincada Shellos Magnemite Froakie Bounsweet Whismur Stufful Amoonguss Crawdaunt Weezing Honedge Kakuna Tauros Swadloon Magnemite Comfey Magnemite Weepinbell Escavalier Woobat Tsareena Shellder Vespiquen Weezing Plusle Wailord Zekrom Conkeldurr Stufful Whismur Bastiodon Seaking Treecko Kakuna Dewpider Slowbro Tropius Qwilfish
50
Qwilfish Qwilfish
Simisear Simisear
Drapion Drapion
Meloetta Meloetta
Volcarona Volcarona
Slurpuff Slurpuff
Skiddo Skiddo
Sandile Sandile
Magmar Magmar
Metang Metang
Taillow Taillow
Porygon2 Porygon2
Drampa Drampa
Noibat Noibat
Lotad Lotad
Scatterbug Scatterbug
Vullaby Vullaby
Inkay Inkay
Steenee Steenee
Skorupi Skorupi
Shellos Shellos
Metapod Metapod
Crawdaunt Crawdaunt
Froakie Froakie
Nincada Nincada
Gengar Gengar
Honedge Honedge
Amoonguss Amoonguss
Jumpluff Jumpluff
Vespiquen Vespiquen
Munna Munna
Kakuna Kakuna
Magnemite Magnemite
Whismur Whismur
Weezing Weezing
Woobat Woobat
Comfey Comfey
Bounsweet Bounsweet
Seaking Seaking
Tauros Tauros
Weepinbell Weepinbell
Stufful Stufful
Shellder Shellder
Plusle Plusle
Treecko Treecko
Swadloon Swadloon
Bastiodon Bastiodon
Wailord Wailord
Escavalier Escavalier
Conkeldurr Conkeldurr
