Qwilfish Tropius Drapion Taillow Scatterbug Terrakion Politoed Lotad Phanpy Skiddo Noibat Simisear Sandile Meloetta Porygon2 Vullaby Volcarona Magmar Inkay Slurpuff Metang Steenee Wartortle Honedge Skorupi Munna Gengar Drampa Shellos Nincada Slowbro Dewpider Froakie Magnemite Amoonguss Crawdaunt Weezing Metapod Jumpluff Xerneas Seaking Treecko Kakuna Tornadus Gengar Bounsweet Whismur Tsareena Paras Zekrom Weepinbell Lumineon Comfey Magnemite Swadloon Tauros Wailord Plusle Weezing Vespiquen Shellder Bastiodon Whismur Stufful Woobat Escavalier Weepinbell Magnemite Yungoos Stufful Conkeldurr Zekrom Wartortle Taillow Drapion Tropius Qwilfish
64
Qwilfish Qwilfish
Simisear Simisear
Phanpy Phanpy
Terrakion Terrakion
Drapion Drapion
Meloetta Meloetta
Volcarona Volcarona
Slurpuff Slurpuff
Skiddo Skiddo
Politoed Politoed
Tropius Tropius
Sandile Sandile
Magmar Magmar
Metang Metang
Taillow Taillow
Porygon2 Porygon2
Slowbro Slowbro
Drampa Drampa
Noibat Noibat
Lotad Lotad
Scatterbug Scatterbug
Vullaby Vullaby
Inkay Inkay
Steenee Steenee
Tornadus Tornadus
Skorupi Skorupi
Dewpider Dewpider
Shellos Shellos
Metapod Metapod
Wartortle Wartortle
Crawdaunt Crawdaunt
Paras Paras
Froakie Froakie
Nincada Nincada
Gengar Gengar
Honedge Honedge
Amoonguss Amoonguss
Tsareena Tsareena
Jumpluff Jumpluff
Vespiquen Vespiquen
Munna Munna
Kakuna Kakuna
Magnemite Magnemite
Whismur Whismur
Xerneas Xerneas
Weezing Weezing
Zekrom Zekrom
Woobat Woobat
Comfey Comfey
Bounsweet Bounsweet
Seaking Seaking
Tauros Tauros
Weepinbell Weepinbell
Stufful Stufful
Shellder Shellder
Plusle Plusle
Treecko Treecko
Swadloon Swadloon
Lumineon Lumineon
Yungoos Yungoos
Bastiodon Bastiodon
Wailord Wailord
Escavalier Escavalier
Conkeldurr Conkeldurr
