Champaign Cary Albuquerque Kissimmee Harlingen Lorain Brownsville Hollywood Cedar Appleton Nashua Moreno Merced Bradenton Hemet Dallas Chandler Montgomery Cathedral Bridgeport GreenBay Abilene Aribel Kansas Joliet Deltona Alexandria Minneapolis Lexington Macon Barnstable Mobile Erie Medford Bloomington Lansing Chicago Miramar Davidson Muskegon Huntington Plen Corpus Houma Leominster Albany Baltimore Grays Atlantic Champaign
49
Champaign Champaign
Cary Cary
Albuquerque Albuquerque
Kissimmee Kissimmee
Harlingen Harlingen
Lorain Lorain
Brownsville Brownsville
Hollywood Hollywood
Cedar Cedar
Appleton Appleton
Nashua Nashua
Moreno Moreno
Merced Merced
Bradenton Bradenton
Hemet Hemet
Dallas Dallas
Chandler Chandler
Montgomery Montgomery
Cathedral Cathedral
Bridgeport Bridgeport
GreenBay GreenBay
Abilene Hartford Abilene
Aribel Aribel
Kansas Kansas
Joliet Joliet
Deltona Deltona
Alexandria Alexandria
Minneapolis Minneapolis
Lexington Lexington
Macon Macon
Barnstable Barnstable
Mobile Mobile
Erie Huntsville Erie
Medford Medford
Bloomington Bloomington
Lansing Lansing
Chicago Chicago
Miramar Miramar
Davidson Davidson
Muskegon Muskegon
Huntington Huntington
Plen Plen
Corpus Corpus
Houma Houma
Leominster Leominster
Albany Albany
Baltimore Baltimore
Grays Grays
Atlantic
