Danbury Lacey Melbourne Julian Cleveland Erie Elkhart Huntington Hickory Hartford Glendale Amarillo Mesquite Burlington Dayton Elizabeth Irving Fairfield Asheville Chesapeake Manchester Cary Dallas Three Detroit Montgomery Merced Boise Albany Cambridge Lowell Aberdeen Havre Lancaster Hagerstown Antioch Daytona Anchorage Apple Fayetteville Hesperia Clarke Killeen Baltimore Kenosha Canton Layton Corpus Miami Allentown Lewisville Monroe Clarksville Huntsville Lakeland Ten Jacksonville Anaheim Hialeah Mesa Carrollton Charleston Johnson Boulder Four Arlington Rapids Davidson Brownsville Birmingham Mobile Leominster Hampton Prairie Denton Hayward Kissimmee Seven Laredo Akron Viejo Naples Bedford Kennewick Denver Monterey Modesto Gilbert Bethlehem Lafayette Muskegon Austin Baton Greensboro Vista Gainesville Athens Kailua Bridgeport Danbury
99
Danbury
Lacey Lacey
Melbourne Melbourne
Julian Julian
Cleveland Cleveland
Erie Erie
Elkhart Elkhart
Huntington Huntington
Hickory Hickory
Hartford Hartford
Glendale Glendale
Amarillo Amarillo
Mesquite Mesquite
Burlington Burlington
Dayton Dayton
Elizabeth Elizabeth
Irving Irving
Fairfield Fairfield
Asheville Asheville
Chesapeake Chesapeake
Manchester Manchester
Cary Cary
Dallas Dallas
Three Three
Detroit Detroit
Montgomery Montgomery
Merced Merced
Boise Boise
Albany Albany
Cambridge Cambridge
Lowell Lowell
Aberdeen Aberdeen
Havre Havre
Lancaster Lancaster
Hagerstown Hagerstown
Antioch Antioch
Daytona Daytona
Anchorage Anchorage
Apple Apple
Fayetteville Fayetteville
Hesperia Hesperia
Clarke Clarke
Killeen Killeen
Baltimore Baltimore
Kenosha Kenosha
Canton Canton
Layton Layton
Corpus Corpus
Miami Miami
Allentown Allentown
Lewisville Lewisville
Monroe Monroe
Clarksville Clarksville
Huntsville Huntsville
Lakeland Lakeland
Ten Ten
Jacksonville Jacksonville
Anaheim Anaheim
Hialeah Hialeah
Mesa Mesa
Carrollton Carrollton
Charleston Charleston
Johnson Johnson
Boulder Boulder
Four Four
Arlington Arlington
Rapids Rapids
Davidson Davidson
Brownsville Brownsville
Birmingham Birmingham
Mobile Mobile
Leominster Leominster
Hampton Hampton
Prairie Prairie
Denton Denton
Hayward Hayward
Kissimmee Kissimmee
Seven Seven
Laredo Laredo
Akron Akron
Viejo Viejo
Naples Naples
Bedford Bedford
Kennewick Kennewick
Denver Denver Bradenton
Monterey Monterey
Modesto Modesto
Gilbert Gilbert
Bethlehem Bethlehem
Lafayette Lafayette
Muskegon Muskegon
Austin Austin
Baton Baton
Greensboro Greensboro
Vista Vista
Gainesville Gainesville
Athens Athens
Kailua Kailua
Bridgeport Bridgeport Abilene
