Apple Prairie Killeen Honolulu Davenport Merced Denver Rapids Cedar Clarke Miramar Bridgeport Naperville Independence Cambridge Hayward Amarillo Greenville Louisville Chicago McAllen Hampton Myrtle Chattanooga Columbus Apple
25
Apple
Prairie Prairie
Killeen Killeen
Honolulu Honolulu
Davenport Davenport
Merced Merced
Denver Denver
Rapids Rapids
Cedar Cedar
Clarke Clarke
Miramar Miramar
Bridgeport Bridgeport
Naperville Naperville
Independence Independence
Cambridge Buffalo Cambridge
Hayward Hayward
Amarillo Amarillo
Greenville Greenville
Louisville Louisville
Chicago Chicago
McAllen McAllen
Hampton Hampton
Myrtle Myrtle
Chattanooga Chattanooga
Columbus Columbus
