AA FB CM GG AT CK ES HF EM GN ET DE EP BZ DN HB FZ AK EO FN FD FP CY HD CW BI DX DF CI CX EF CG HJ CE BE GY EA FH FT AO AG BM CU BH AU DB GB CS DL GZ AN BF BV DM DT DO GT CR AZ GV BR CP CA HC DI CC AM EQ DP BP GR HE DZ AV CD AY ED BW EN FW EY EL BC DU AB EW GX EB CT HI FG BL DD AA
93
AA AA
FB FB
CM CM
GG GG
AT AT
CK CK
ES ES
HF HF
EM EM
GN GN
ET ET
DE DE
EP EP
BZ BZ
DN DN
HB HB
FZ FZ
AK AK
EO EO
FN FN
FD FD
FP FP
CY CY
HD HD
CW CW
BI BI
DX DX
DF DF
CI CI
CX CX
EF EF
CG CG
HJ HJ
CE CE
BE BE
GY GY
EA EA
FH FH
FT FT
AO AO
AG AG
BM BM
CU CU
BH BH
AU AU
DB DB
GB GB
CS CS
DL DL
GZ GZ
AN AN
BF BF
BV BV
DM DM
DT DT
DO DO
GT GT
CR CR
AZ AZ
GV GV
BR BR
CP CP
CA CA
HC HC
DI DI
CC CC
AM AM
EQ EQ
DP DP
BP BP
GR GR
HE HE
DZ DZ
AV AV
CD CD FA
AY AY
ED ED
BW BW
EN EN
FW FW
EY EY
EL EL
BC BC
DU DU
AB AB
EW EW
GX GX
EB EB
CT CT
HI HI
FG FG
BL BL
DD DD
