Soda AnthonyHall BerkeleyArtMuseum CalvinLaboratory ClarkKerrCampus ChouHall DonnerLab ChanShunAuditorium EtcheverryHall CNMAT CaliforniaHall EdwardsStadium BanwayBldg BarkerHall AlumniHouse CareerCenter VLSB BerkeleyWayWest BrainImagingCenter BARTStation BarrowsHall BarrowLane EvansDiamond CheitHall BlumHall BlackwellHall EshlemanHall CyclotronRd BoaltHall BancroftLibrary Dwinelle EastAsianLibrary CampbellHall BotanicalGarden DoeMemorialLibrary Cory DurantHall Soda
36
AlumniHouse AlumniHouse
AnthonyHall AnthonyHall Campanile
BancroftLibrary BancroftLibrary EastGate
BanwayBldg BanwayBldg
BarkerHall BarkerHall
BarrowLane BarrowLane
BarrowsHall BarrowsHall
BARTStation BARTStation
BerkeleyArtMuseum BerkeleyArtMuseum DavisHall
BerkeleyWayWest BerkeleyWayWest
BlumHall BirgeHall BlumHall
BlackwellHall BlackwellHall
BoaltHall BoaltHall
BotanicalGarden BotanicalGarden
BrainImagingCenter BrainImagingCenter
EastAsianLibrary EastAsianLibrary
CaliforniaHall CaliforniaHall
CalvinLaboratory CalvinLaboratory
CampbellHall CampbellHall
CareerCenter CareerCenter
ChanShunAuditorium ChanShunAuditorium
VLSB VLSB
CheitHall CheitHall
ChouHall ChouHall
ClarkKerrCampus ClarkKerrCampus
CNMAT CNMAT
Cory Cory
CyclotronRd CyclotronRd
DoeMemorialLibrary DoeMemorialLibrary
DonnerLab DonnerLab
DurantHall DurantHall
Dwinelle Dwinelle
EdwardsStadium EdwardsStadium
EshlemanHall EshlemanHall
EtcheverryHall EtcheverryHall
EvansDiamond EvansDiamond
