MartinezCommons Saratoga Hayward Unit3 Albany SanRafael IshiCourt SanPablo HearstGreekTheatre CalvinLaboratory PimentelHall BarkerHall Piedmont NorthGateHall DonnerLab LewisHall Oakley Orinda GiauqueHall Alameda Pittsburg SatherTower KleebergerFieldHouse StHelena MinorHallAddition FoundersRock EvansHall SanRamon Hillsborough Pacifica LowerSproulPlaza WellmanHall SternHall WomenFacultyClub Healdsburg Unit1 HertzHall SproulPlaza Emeryville WicksonNaturalArea EtcheverryHall GoldmanField GilmanHall AnthonyHall FrankSchlessingerWay WestGate Belmont ChouHall EastGate BancroftLibrary Benicia ZellerbachPlayhouse MulfordHall ZellerbachHall Fairfield WursterHall HearstMiningCircle StadiumRimWay Cory BlumHall Pinole ClearyHall Insectary KroeberHall WheelerHall Brisbane MartinezCommons
66
MartinezCommons MartinezCommons
Saratoga Saratoga
Hayward Hayward
Unit3 Unit3
Albany Albany
SanRafael SanRafael
IshiCourt ClarkKerrCampus IshiCourt
SanPablo SanPablo
HearstGreekTheatre HearstGreekTheatre
CalvinLaboratory CalvinLaboratory
PimentelHall PimentelHall
BarkerHall BarkerHall
Piedmont Piedmont
NorthGateHall HargroveMusicLibrary NorthGateHall
DonnerLab DonnerLab
LewisHall LewisHall
Oakley Oakley
Orinda Orinda
GiauqueHall Campanile GiauqueHall
Alameda Alameda
Pittsburg Pittsburg
SatherTower SatherTower
KleebergerFieldHouse KleebergerFieldHouse
StHelena StHelena
MinorHallAddition MinorHallAddition
FoundersRock FoundersRock
EvansHall EvansHall
SanRamon SanRamon
Hillsborough Hillsborough
Pacifica Pacifica
LowerSproulPlaza LowerSproulPlaza
WellmanHall WellmanHall
SternHall SternHall
WomenFacultyClub WomenFacultyClub
Healdsburg Healdsburg
Unit1 Unit1
HertzHall HertzHall
SproulPlaza SproulPlaza
Emeryville Emeryville
WicksonNaturalArea WicksonNaturalArea
EtcheverryHall EtcheverryHall
GoldmanField GoldmanField
GilmanHall GilmanHall
AnthonyHall AnthonyHall
FrankSchlessingerWay FrankSchlessingerWay
WestGate WestGate
Belmont Belmont
ChouHall ChouHall
EastGate EastGate
BancroftLibrary BancroftLibrary
Benicia Benicia
ZellerbachPlayhouse ZellerbachPlayhouse
MulfordHall MulfordHall
ZellerbachHall ZellerbachHall
Fairfield Fairfield
WursterHall WursterHall
HearstMiningCircle HearstMiningCircle
StadiumRimWay StadiumRimWay
Cory Cory
BlumHall BlumHall
Pinole Pinole
ClearyHall ClearyHall
Insectary Insectary
KroeberHall KroeberHall WestCircle
WheelerHall WheelerHall
Brisbane Brisbane
