AlumniHouse BanwayBldg BarkerHall BarrowLane AlumniHouse Soda RSF MorganHall MorrisonHall MorganHall RSF Soda SeniorHall TangCenter SutardjaDaiHall Unit1 SutardjaDaiHall TangCenter SeniorHall Soda SatherTower SatherGate NorthField MulfordHall NorthField SatherGate SatherTower Soda Jacobs HaasPavilion GreekTheatre EshlemanHall LeConteHall MLK Lawrence MLK LeConteHall EshlemanHall Soda AlumniHouse BarrowsHall CampbellHall CareerCenter CampbellHall BarrowsHall AlumniHouse
26
AlumniHouse Campanile
BanwayBldg
BarkerHall BarkerHall
BarrowLane Dwinelle
Soda
RSF SatherRd
MorganHall MorganHall
MorrisonHall MorrisonHall
SeniorHall WursterHall
TangCenter SproulPlaza
SutardjaDaiHall SutardjaDaiHall
Unit1 Unit1
SatherTower
SatherGate
NorthField
MulfordHall MulfordHall
Jacobs Jacobs
HaasPavilion
GreekTheatre
EshlemanHall EyeCenter
LeConteHall LeConteHall MemorialGlade
MLK MLK
Lawrence Lawrence
BarrowsHall
CampbellHall
CareerCenter CareerCenter
