McLaughlinHall CareerCenter McLaughlinHall MoffittLibrary RedwoodGroveBotanica MathematicalSciences BotanicalGarden DurantHall SamsPad KroeberHall HasteStreetChildDeve EnergyBiosciencesBui GrinnellNaturalArea EtcheverryHall RecreationalSportsFa EastAsianStudiesInst EvansDiamond HertzHall WarrenHall BancroftParkingStruc Library PublicAffairsOfficeo ResidentialStudentSe SeniorHall BerkeleyArtMuseumand ZellerbachHall FacultyGlade SimpsonCenterforStud LegendsAquaticCenter MagnesCollectionofJe WitterRugbyField Unit3ResidentHall WomensFacultyClub EshlemanHall JonesChildStudyCente GianniniHall InsectaryGreenhouse SpiekerAquaticsCompl GiauqueHall LevineFrickeSoftball AnnaHeadAlumnaeHall Romeos StrawberryCanyonRecr UCBerkeleyExtension GoldmanSchool StephensHall CampusSharedServices McLaughlinHall
46
McLaughlinHall McLaughlinHall CNMAT1750ArchSt VisitorCenter
CareerCenter CareerCenter
MoffittLibrary MoffittLibrary
RedwoodGroveBotanica RedwoodGroveBotanica
MathematicalSciences MathematicalSciences
BotanicalGarden BotanicalGarden
DurantHall DurantHall
SamsPad SamsPad
KroeberHall KroeberHall
HasteStreetChildDeve HasteStreetChildDeve
EnergyBiosciencesBui EnergyBiosciencesBui
GrinnellNaturalArea GrinnellNaturalArea
EtcheverryHall EtcheverryHall
RecreationalSportsFa RecreationalSportsFa
EastAsianStudiesInst EastAsianStudiesInst
EvansDiamond EvansDiamond
HertzHall HertzHall
WarrenHall WarrenHall
BancroftParkingStruc BancroftParkingStruc
Library Library
PublicAffairsOfficeo PublicAffairsOfficeo
ResidentialStudentSe ResidentialStudentSe
SeniorHall SeniorHall
BerkeleyArtMuseumand BerkeleyArtMuseumand
ZellerbachHall ZellerbachHall
FacultyGlade FacultyGlade
SimpsonCenterforStud SimpsonCenterforStud
LegendsAquaticCenter LegendsAquaticCenter
MagnesCollectionofJe MagnesCollectionofJe
WitterRugbyField WitterRugbyField
Unit3ResidentHall Unit3ResidentHall
WomensFacultyClub WomensFacultyClub
EshlemanHall EshlemanHall
JonesChildStudyCente JonesChildStudyCente
GianniniHall GianniniHall
InsectaryGreenhouse InsectaryGreenhouse
SpiekerAquaticsCompl SpiekerAquaticsCompl
GiauqueHall GiauqueHall
LevineFrickeSoftball LevineFrickeSoftball
AnnaHeadAlumnaeHall AnnaHeadAlumnaeHall
Romeos Romeos
StrawberryCanyonRecr StrawberryCanyonRecr
UCBerkeleyExtension UCBerkeleyExtension
GoldmanSchool GoldmanSchool
StephensHall StephensHall
CampusSharedServices CampusSharedServices
