LegendsAquaticCenter DurantHall GolbousPlace ValleyLifeSciencesBu MemorialGlade EucalyptusGrove LewisHall CITRIS NorthGateHall SodaHall LeConteHall LevineFrickeSoftball GoldmanField SoutheastAsianStudie StarrEastAsianLibrar NorthField LawSchool InvestigativeReporti SatherTower LegendsAquaticCenter
19
LegendsAquaticCenter LegendsAquaticCenter EllsworthParkingStru
DurantHall DurantHall
GolbousPlace GolbousPlace
ValleyLifeSciencesBu ValleyLifeSciencesBu
MemorialGlade MemorialGlade
EucalyptusGrove EucalyptusGrove
LewisHall LewisHall
CITRIS CITRIS
NorthGateHall NorthGateHall
SodaHall SodaHall
LeConteHall LeConteHall
LevineFrickeSoftball LevineFrickeSoftball
GoldmanField GoldmanField
SoutheastAsianStudie SoutheastAsianStudie
StarrEastAsianLibrar StarrEastAsianLibrar
NorthField NorthField
LawSchool LawSchool
InvestigativeReporti InvestigativeReporti
SatherTower SatherTower
