BerkeleyArtMuseumand LegendsAquaticCenter BerkeleyArtMuseumand LawSchool BancroftLibrary ArchitectsEngineersA SatherTower FallProgramforFreshm SpiekerAquaticsCompl CareerCenter WarrenHall ChancellorsEsplanade MulfordHall LawrenceHallofScienc HaasSchoolofBusiness UniversityHouse IRLE McConeHall EvansDiamond Demography AnthonyHall BarrowsHall LiKaShingCenter Library AlumniHouse BancroftDanceStudio PublicAffairsOfficeo HavilandHall MorrisonHall NorthField KoshlandHall SimpsonCenterforStud InsectaryGreenhouse AcademicInnovationSt MariesHouse PacificFilmArchiveBe LatinAmericanStudies ObservatoryHill GolbousPlace Sebastians McLaughlinHall FacultyGlade UniversityHealthServ SutardjaDaiHall EvansHall CoryHall StanleyHall GraduateTheologicalU EllsworthParkingStru MosesHall MathematicalSciences KoretVisitorCenter LawrenceBerkeleyNati MartinezCommons GoldmanField EnergyBiosciencesBui UpperHearstParkingSt CheitHall HearstMemorialMining LeConteHall BowlesHall ClarkKerrCampus FacultyClub ManvilleHall CesarEChavezStudentC GianniniHall CaliforniaHall EdwardsTrackStadiumG ZellerbachHall HenryHWheelerBrainIm InvestigativeReporti WellmanHall NaturalResourcesLabo MagnesCollectionofJe AHammock BanwayBuilding MaxwellFamilyFieldan SimonHall Unit1ResidentHall EastAsianStudiesInst BerkeleyArtMuseumand InternationalHouse LowerHearstParkingSt BerkeleyArtMuseumand
81
BerkeleyArtMuseumand BerkeleyArtMuseumand FoxCottage2350Bowdit
LegendsAquaticCenter LegendsAquaticCenter
LawSchool LawSchool
BancroftLibrary BancroftLibrary
ArchitectsEngineersA ArchitectsEngineersA
SatherTower SatherTower
FallProgramforFreshm FallProgramforFreshm
SpiekerAquaticsCompl SpiekerAquaticsCompl
CareerCenter CareerCenter
WarrenHall WarrenHall
ChancellorsEsplanade ChancellorsEsplanade
MulfordHall MulfordHall
LawrenceHallofScienc LawrenceHallofScienc
HaasSchoolofBusiness HaasSchoolofBusiness
UniversityHouse UniversityHouse
IRLE IRLE
McConeHall McConeHall
EvansDiamond EvansDiamond
Demography Demography
AnthonyHall AnthonyHall
BarrowsHall BarrowsHall
LiKaShingCenter LiKaShingCenter
Library Library
AlumniHouse AlumniHouse
BancroftDanceStudio BancroftDanceStudio
PublicAffairsOfficeo PublicAffairsOfficeo
HavilandHall HavilandHall
MorrisonHall MorrisonHall
NorthField NorthField
KoshlandHall KoshlandHall
SimpsonCenterforStud SimpsonCenterforStud
InsectaryGreenhouse InsectaryGreenhouse
AcademicInnovationSt AcademicInnovationSt
MariesHouse MariesHouse
PacificFilmArchiveBe PacificFilmArchiveBe
LatinAmericanStudies LatinAmericanStudies
ObservatoryHill ObservatoryHill
GolbousPlace GolbousPlace
Sebastians Sebastians
McLaughlinHall McLaughlinHall
FacultyGlade FacultyGlade
UniversityHealthServ UniversityHealthServ
SutardjaDaiHall SutardjaDaiHall
EvansHall EvansHall
CoryHall CoryHall
StanleyHall StanleyHall
GraduateTheologicalU GraduateTheologicalU
EllsworthParkingStru EllsworthParkingStru
MosesHall MosesHall
MathematicalSciences MathematicalSciences
KoretVisitorCenter KoretVisitorCenter
LawrenceBerkeleyNati LawrenceBerkeleyNati
MartinezCommons MartinezCommons
GoldmanField GoldmanField
EnergyBiosciencesBui EnergyBiosciencesBui
UpperHearstParkingSt UpperHearstParkingSt
CheitHall CheitHall
HearstMemorialMining HearstMemorialMining
LeConteHall LeConteHall
BowlesHall BowlesHall
ClarkKerrCampus ClarkKerrCampus
FacultyClub FacultyClub
ManvilleHall ManvilleHall
CesarEChavezStudentC CesarEChavezStudentC
GianniniHall GianniniHall
CaliforniaHall CaliforniaHall
EdwardsTrackStadiumG EdwardsTrackStadiumG
ZellerbachHall ZellerbachHall
HenryHWheelerBrainIm HenryHWheelerBrainIm
InvestigativeReporti InvestigativeReporti
WellmanHall WellmanHall
NaturalResourcesLabo NaturalResourcesLabo
MagnesCollectionofJe MagnesCollectionofJe
AHammock AHammock
BanwayBuilding BanwayBuilding
MaxwellFamilyFieldan MaxwellFamilyFieldan
SimonHall SimonHall
Unit1ResidentHall Unit1ResidentHall
EastAsianStudiesInst EastAsianStudiesInst
InternationalHouse InternationalHouse
LowerHearstParkingSt LowerHearstParkingSt
