a c l e h j k m o p w t y u aa ab ae ag al ak ah an ar ap az aw bb bd bc bi bf bl bm bv br by cb ch bz cd dm ey em fs dj fl cq de ci cl gl ep b ck do fh cv ex ed ct et ea cp ff gn dn en gp fg ew eu dx ev fv fd fr df cs fy dq cu eq fb gh dg ec b ee f er fu ga fz gb fa fn gm a
96
a a aj
c c dt dv
l l du eg
e e
h h
j j
k k
m m
o o
p p
w w
t t
y y
u u
aa aa
ab ab
ae ae
ag ag
al al
ak ak
ah ah
an an
ar ar
ap ap
az az
aw aw
bb bb
bd bd
bc bc
bi bi
bf bf
bl bl
bm bm
bv bv
br br
by by
cb cb
ch ch
bz bz
cd cd
dm dm
ey ey
em em
fs fs
dj dj
fl fl
cq cq
de de
ci ci
cl cl
gl gl
ep ep
b b
ck ck
do do
fh fh
cv cv
ex ex
ed ed
ct ct
et et
ea ea
cp cp
ff ff
gn gn
dn dn
en en
gp gp
fg fg
ew ew
eu eu
dx dx
ev ev
fv fv
fd fd
fr fr
df df
cs cs
fy fy
dq dq
cu cu
eq eq
fb fb
gh gh
dg dg
ec ec
ee ee
f
er er
fu fu
ga ga
fz fz
gb gb
fa fa
fn fn
gm gm
