MasterYi Nunu Ezreal Spectre Anivia Disruptor KogMaw CrystalMaiden Bard Skarner Jhin Kled Lich ChaosKnight SpiritBreaker Rumble NightStalker Talon Ziggs CentaurWarrunner Galio Phoenix Jax WraithKing BountyHunter Morgana Bristleback Tailyah Magnus Akali Heimerdinger Tiny Jayce Shyvana Ashe Oracle LoneDruid Maokai Slark Ahri ArcWarden Xerath Malphite TrollWarlord Draven Lux Lucian MasterYi
47
MasterYi MasterYi
Nunu Nunu
Ezreal Ezreal
Spectre Spectre
Anivia Anivia
Disruptor Disruptor
KogMaw KogMaw
CrystalMaiden CrystalMaiden
Bard Bard
Skarner Skarner
Jhin Jhin
Kled Kled
Lich Lich
ChaosKnight ChaosKnight
SpiritBreaker SpiritBreaker
Rumble Rumble
NightStalker NightStalker
Talon Talon
Ziggs Ziggs
CentaurWarrunner CentaurWarrunner
Galio Galio
Phoenix Phoenix
Jax Jax
WraithKing WraithKing
BountyHunter BountyHunter
Morgana Morgana
Bristleback Bristleback
Tailyah Tailyah
Magnus Magnus
Akali Akali
Heimerdinger Heimerdinger
Tiny Tiny
Jayce Jayce
Shyvana Shyvana
Ashe Ashe
Oracle Oracle
LoneDruid LoneDruid
Maokai Maokai
Slark Slark
Ahri Ahri
ArcWarden ArcWarden
Xerath Xerath
Malphite Malphite
TrollWarlord TrollWarlord
Draven Jinx Draven
Lux Lux
Lucian Lucian
