Kindred NightStalker Quinn KhaZix Mirana Medusa LoneDruid Cassiopeia SpiritBreaker Puck Tristana Brewmaster Techies Zilean Sniper Oracle Warlock Huskar Bane Orianna Kled Xayah Slark Trundle ShadowDemon CentaurWarrunner Magnus Jinx Nunu Syndra Venomancer BountyHunter Fiddlesticks VelKoz Visage Ryze Irelia Kayn Vi Pantheon DeathProphet Katarina Nidalee Kennen Vladimir Rubick Rumble Jayce Karma Beastmaster FacelessVoid Amumu StormSpirit Lucian Chen Omniknight WinterWyvern Morphling Ziggs Viktor Nasus Yorick Janna JarvanIV Undying Gragas Terrorblade Talon Tiny TahmKench TrollWarlord Sven Slardar Annie Heimerdinger Azir Rengar Leona Sona ShadowShaman Fizz ShadowFiend LeBlanc Kassadin Ekko Weaver Singed Timbersaw StormSpirit Zed Kindred
89
Kindred
NightStalker NightStalker
Quinn Quinn
KhaZix KhaZix
Mirana Mirana
Medusa Medusa
LoneDruid LoneDruid
Cassiopeia Cassiopeia
SpiritBreaker SpiritBreaker
Puck Puck
Tristana Tristana
Brewmaster Brewmaster
Techies Techies
Zilean Zilean
Sniper Sniper
Oracle Oracle
Warlock Warlock
Huskar Huskar
Bane Bane
Orianna Orianna
Kled Kled
Xayah Xayah
Slark Slark
Trundle Trundle
ShadowDemon ShadowDemon
CentaurWarrunner CentaurWarrunner
Magnus Magnus
Jinx Jinx
Nunu Nunu
Syndra Syndra
Venomancer Venomancer
BountyHunter BountyHunter
Fiddlesticks Fiddlesticks
VelKoz VelKoz
Visage Visage
Ryze Ryze
Irelia Irelia
Kayn Kayn
Vi Vi
Pantheon Pantheon
DeathProphet DeathProphet
Katarina Katarina
Nidalee Nidalee
Kennen Kennen
Vladimir Vladimir
Rubick Rubick
Rumble Rumble
Jayce Thresh Jayce
Karma Karma
Beastmaster Beastmaster
FacelessVoid FacelessVoid
Amumu Amumu
StormSpirit StormSpirit
Lucian Lucian
Chen Chen
Omniknight Omniknight
WinterWyvern WinterWyvern
Morphling Morphling
Ziggs Ziggs
Viktor Viktor
Nasus Nasus
Yorick Yorick
Janna Janna
JarvanIV JarvanIV
Undying Undying
Gragas Gragas
Terrorblade Terrorblade
Talon Talon
Tiny Tiny
TahmKench TahmKench
TrollWarlord TrollWarlord
Sven Sven
Slardar Slardar
Annie Annie
Heimerdinger Heimerdinger
Azir Azir
Rengar Rengar
Leona Leona
Sona Sona
ShadowShaman ShadowShaman
Fizz Fizz
ShadowFiend ShadowFiend
LeBlanc LeBlanc
Kassadin Kassadin
Ekko Ekko
Weaver Weaver
Singed Singed
Timbersaw Timbersaw
Zed Zed
