0 1 0 2 0 7 9 24 9 7 25 7 8 74 66 62 58 56 52 55 54 55 52 56 58 62 66 74 8 10 72 67 63 59 57 51 60 64 68 71 11 10 26 28 27 77 27 28 30 31 14 47 14 17 14 13 14 31 32 30 33 36 35 39 35 29 34 38 75 95 96 97 98 97 96 95 75 38 34 29 30 33 41 33 30 12 73 69 65 61 65 70 65 69 73 12 13 14 47 45 47 14 31 30 29 35 39 37 84 87 82 87 84 37 39 35 29 30 31 14 15 16 99 16 15 14 47 48 49 50 93 89 93 50 49 92 90 92 49 48 47 14 31 40 76 78 99 79 81 41 33 30 31 14 47 46 91 43 44 43 80 88 94 88 80 99 83 99 85 99 86 42 45 47 14 17 18 19 20 19 18 17 14 31 30 28 26 10 9 24 23 0 21 0 22 0 2 3 4 5 6 5 4 3 2 0 7 8 74 66 62 58 56 52 55 54 53 54 55 52 56 58 62 66 74 8 7 0
100
0 0
1 1
2 2
7 7
9 9
24 24
25 25
8 8
74 74
66 66
62 62
58 58
56 56
52 52
55 55
54 54
10 10
72 72
67 67
63 63
59 59
57 57
51 51
60 60
64 64
68 68
71 71
11 11
26 26
28 28
27 27
77 77
30 30
31 31
14 14
47 47
17 17
13 13
32 32
33 33
36 36
35 35
39 39
29 29
34 34
38 38
75 75
95 95
96 96
97 97
98 98
41 41
12 12
73 73
69 69
65 65
61 61
70 70
45 45
37 37
84 84
87 87
82 82
15 15
16 16
99 99
48 48
49 49
50 50
93 93
89 89
92 92
90 90
40 40
76 76
78 78
79 79
81 81
46 46
91 91
43 43
44 44
80 80
88 88
94 94
83 83
85 85
86 86
42 42
18 18
19 19
20 20
23 23
21 21
22 22
3 3
4 4
5 5
6 6
53 53
