0 4 1 2 7 2 6 11 15 13 14 16 19 10 18 11 24 26 23 20 24 30 31 30 38 36 38 39 30 42 40 48 46 41 40 42 55 51 50 51 55 57 55 67 62 63 60 65 67 73 74 78 70 77 75 79 73 80 81 80 96 90 95 97 98 92 96 103 105 101 102 107 109 106 105 103 111 114 112 115 118 113 111 124 126 120 128 129 128 125 124 133 139 130 138 132 138 137 134 133 143 148 149 147 146 147 145 143 158 150 153 150 158 168 164 168 166 167 163 168 172 176 170 179 177 172 189 180 186 184 181 187 180 185 180 189 199 198 197 194 190 191 196 199 6 0
111
0 0 8
4 4
1 1
2
7 7
6
11
15 15
13
14 14
16
19 19
10 10
18 18
24
26 26
23 23
20 20 21
30
31 31
38 38
36 36
39 39
42
40 40
48 48
46 46
41 41
55
51 51 59
50 50
57 57
67 69
62 62
63 63
60 60
65 65
73
74 74
78 78
70
77 77
75 75
79 79
80 85 88
81 81 87
96
90 90
95 95
97 97
98 98
92
103
105 105
101 101
102
107 107
109 109
106 106
111
114 114
112 112
115 115
118 118
113 113
124
126 126
120 120
128 128
129 129
125 125
133
139 139
130 130
138
132 132
137 137
134 134
143
148 148
149 149
147 144
146 146
145 145
158 152
150 150 157
153 153
168
164 164
166 166
167 167
163 163
172
176 176
170 170 178
179 179
177 177
189
180
186 186
184 182
181 181
187 187
185 185
199
198 198
197
194 194
190 190
191 191
196 196
