L0 L79 L114 L84 L8 L116 L101 L93 L6 L124 L62 L82 L153 L22 L94 L85 L150 L87 L12 L28 L52 L103 L133 L103 L63 L27 L138 L61 L63 L149 L143 L40 L90 L119 L80 L92 L20 L146 L47 L131 L141 L89 L11 L107 L126 L104 L9 L129 L128 L91 L148 L78 L94 L21 L109 L76 L38 L134 L74 L139 L125 L43 L77 L70 L56 L96 L151 L114 L140 L100 L55 L67 L145 L16 L73 L99 L73 L16 L29 L41 L7 L24 L35 L106 L152 L95 L19 L130 L5 L18 L110 L53 L1 L147 L144 L37 L142 L75 L119 L72 L83 L113 L0
95
L0
L79 L79
L114 L114
L84 L84
L8 L8
L116 L2
L101 L101
L93 L93
L6
L124 L124
L62 L62
L82 L82
L153 L153
L22 L22
L94 L94
L85 L85
L150 L150
L87 L87
L12 L12
L28 L28
L52 L52
L103 L103
L133 L68 L133
L63 L63
L27 L27
L138 L138
L61 L61
L149 L4 L149
L143 L65 L143
L40 L40
L90 L90
L119 L119
L80 L80
L92 L92
L20 L20
L146 L146
L47 L47
L131 L131
L141 L141
L89 L89
L11 L11
L107 L107
L126 L126
L104 L104
L9 L9
L129 L129
L128 L128
L91 L91
L148
L78 L78
L21 L21
L109 L109
L76 L76
L38 L38
L134 L134
L74 L74
L139 L139
L125 L125
L43 L43
L77 L77
L70 L70
L56 L56
L96
L151 L151
L140 L140
L100 L100
L55
L67 L67
L145 L145
L16 L16
L73
L99 L99
L29 L29
L41
L7 L7
L24 L24
L35 L35
L106 L106
L152 L152
L95 L95
L19
L130 L130
L5 L5
L18 L18
L110 L110
L53 L53
L1 L1
L147 L147
L144 L144
L37
L142 L142
L75 L75
L72 L72
L83 L83
L113
