0 4 10 8 9 133 131 135 138 56 60 19 12 7 76 29 24 25 28 23 16 13 11 15 22 18 26 27 33 31 32 36 39 34 40 118 47 43 35 30 49 42 45 51 53 55 62 67 65 66 64 68 75 69 70 77 78 85 80 82 81 86 84 83 89 97 93 95 101 96 98 94 125 120 122 127 142 148 146 145 137 132 128 105 108 111 109 104 110 113 114 117 119 123 126 134 141 143 90 44 50 5 0
102
0 0
4 4
10 10
8 8
9 9
133 133
131 131
135 135
138 138
56 56
60 60
19 19
12 12
7 7
76 76
29 29
24 24
25 25
28 28
23 23
16 16
13 13
11 11
15 15
22 22
18 18
26 26
27 27
33 33
31 31
32 32
36 36
39 39
34 34
40 40
118 118
47 47
43 43
35 35
30 30
49 49
42 42 73
45 45
51 51
53 53
55 55
62 62
67 67
65 65
66 66
64 64
68 68
75 75
69 69
70 70
77 77
78 78
85 85
80 80
82 82
81 81
86 86
84 84
83 83
89 89
97 97
93 93
95 95
101 101
96 96
98 98
94 94
125 125
120 120
122 122
127 127
142 142
148 148
146 146
145 145
137 137
132 132
128 128
105 105
108 108
111 111
109 109
104 104
110 110
113 113
114 114
117 117
119 119
123 123
126
134 134
141 141
143 143
90
44 44
50
5 5
