1 170 190 140 11 3 60 180 161 97 112 21 25 192 108 121 149 184 160 27 155 29 6 165 159 34 67 188 9 131 87 127 70 197 119 20 132 42 78 36 147 68 181 191 143 53 100 65 176 116 64 94 114 118 76 126 35 172 163 92 28 59 91 139 182 45 14 183 148 137 178 52 122 32 151 120 57 167 123 142 12 17 111 2 74 186 79 93 13 117 164 129 89 16 95 99 40 81 153 82 77 54 1
98
2 2
3 3
6 6
129 7 129
9 9
11 11
12 12
13 13
14 14
16 16
17 17
20 20
21 21
25 25
27 27
28 28
29 29
32 32
34 34
35 35
36 36
40 40
42 42
147 44 147
45 45
52 52
53 53
57 57
59 59
60 60
64 64
65 65
67 67
68 68
70 70
74 74
76 76
77 77
78 78
79 79
81 81
87 87
89 89
91 91
92 92
93 93
94 94
95 95
97 97
99 99
100 100
108 108
112 112
114 114
116 116
117 117
118 118
119 119
120 120
121 121
122 122
123 123
126 126
127 127
131 131
132 132
137 137
139 139
140 140
142 142
143 143
148 148
149 149
151 151
153 153
155 155
159 159
160 160
161 161
163 163
164 164
165 165
167 167
170 170
172 172
176 176
178 178
180 180
181 181
182 182
183 183
184 184
186 186
188 188
190 190
191 191
192 192
197 197
