0 9 128 181 71 148 123 82 127 101 92 184 126 58 95 65 140 117 73 142 175 23 124 133 131 109 122 183 58 157 83 53 35 56 33 165 160 39 146 41 93 171 69 44 79 114 1 90 21 108 21 111 6 12 152 6 149 132 149 169 190 136 178 161 77 107 77 2 30 173 166 78 164 87 36 179 110 7 68 162 185 32 45 70 199 86 156 47 67 13 59 37 42 37 153 29 4 94 158 48 187 172 144 119 144 52 78 163 134 154 97 54 55 54 89 189 80 159 176 0
110
0
9 9
128 128
181 181
71 71
148 148 150
123 15
82 82
127 127
101
92 92
184 184
126 126
58 58
95 95
65 65
140 140
117 117
73 73
142 142
175 175
23 23
124 124
133 133
131 131
109 109
122
183 183
157 157
83 83
53 53
35
56
33 33
165 165
160 160
39 39
146 146
41 41
93 93
171 171
69 69
44 44 180
79 79
114 114
1
90 90
21
108 108
111 111
6 6
12 12
152 152
149
132 132
169 169
190 190
136 136
178
161 161 191
77
107 107
2 2
30 30
173 72 173
166 166
78 78
164 164
87 87
36 36
179
110 110
7 7
68 68
162 162
185
32 32
45 45
70 70
199 199
86 86
156 156
47 47
67 18 67 196
13 13
59 59
37 120
42 42
153 153
29 29
4
94 94
158
48 48 63
187
172 172
144 8
119 119
52 52
163 163
134 134
154 154
97 97
54 54
55 55
89 89
189
80 80
159
176 176
