location1 location38 location17 location10 location46 location56 location77 location78 location35 location57 location30 location58 location45 location99 location2 location19 location36 location21 location75 location89 location6 location54 location53 location31 location79 location80 location29 location42 location59 location23 location47 location32 location91 location43 location52 location40 location72 location66 location1
38
location1
location38 location38 location90
location17 location17
location10 location10 location49
location46 location46
location56 location56 location94
location77 location3 location77
location78 location78
location35 location35
location57 location57 location95
location30 location30 location74
location58 location48 location58
location45 location45
location99 location99
location2 location2
location19 location19 location71
location36 location36
location21 location21 location51
location75 location9 location75
location89 location89
location6 location6
location54 location54
location53 location53
location31 location31
location79 location79
location80 location80
location29 location8 location29
location42 location42
location59 location59
location23 location23 location44
location47 location47
location32 location32
location91 location91
location43 location43 location83
location52 location52
location40 location40
location72 location72
location66 location66
