location1 location26 location38 location27 location32 location12 location6 location10 location49 location28 location42 location37 location11 location23 location16 location39 location5 location33 location31 location48 location1
19
location5 location5
location6 location6
location10 location10
location11 location11
location12 location12 location24
location26 location14 location26
location39 location15 location17 location39
location16 location16
location23 location23 location44
location27 location27 location46
location28 location28
location31 location31
location32 location32
location33 location33
location37 location37
location38 location38
location42 location42
location48 location48
location49 location49
