location1 location178 location27 location5 location44 location12 location128 location25 location111 location152 location17 location57 location143 location169 location127 location154 location165 location116 location10 location172 location184 location157 location149 location46 location40 location91 location68 location161 location146 location139 location75 location20 location96 location95 location195 location196 location94 location130 location106 location37 location182 location110 location93 location118 location188 location179 location158 location85 location32 location87 location100 location92 location190 location107 location49 location140 location16 location13 location180 location105 location136 location11 location185 location35 location197 location181 location58 location133 location164 location74 location1
70
location1 location90
location178 location178
location27 location27 location108
location5 location5 location114
location44 location44
location12 location12
location128 location128
location25 location25
location111 location111
location152 location152
location17 location17
location57 location57
location143 location143 location171 location186
location169 location169
location127 location127
location154 location154
location165 location165
location116 location116
location10 location10
location172 location172
location184 location129 location159 location184 location199
location157 location6 location157
location149 location149
location46 location46 location123
location40 location40
location91 location82 location91 location97
location68 location68
location161 location161
location146 location146
location139 location139
location75 location75
location20 location20 location26 location56
location96 location96
location95 location2 location95 location150
location195 location195
location196 location196
location94 location22 location94
location130 location130
location106 location59 location106 location177
location37 location37 location65
location182 location182
location110 location110 location142
location93 location93
location118 location43 location118 location148
location188 location188
location179 location179
location158 location28 location158
location85 location85
location32 location32 location175
location87 location87
location100 location33 location100
location92 location92 location193
location190 location69 location190
location107 location107
location49 location3 location49
location140 location140
location16 location16
location13 location13
location180 location180
location105 location105
location136 location30 location109 location136
location11 location11
location185 location185
location35 location35
location197 location197
location181 location181
location58 location58
location133 location133
location164 location164
location74 location74
