0 21 25 78 29 59 37 19 22 49 20 80 12 98 11 86 81 94 57 51 69 92 70 91 58 73 24 7 54 53 61 36 33 17 62 13 40 82 8 96 169 56 46 48 16 31 83 3 60 90 79 34 99 2 15 32 67 10 76 9 47 89 88 4 42 35 38 41 30 87 71 44 66 1 74 27 45 64 93 65 75 55 5 95 77 84 68 14 72 6 63 135 43 100 85 18 0
95
1 1
2 2
3 3
4 4
5 5
6 6
7 7
8 8
9 9
10 10 28
11 11
12 12
13 13
14 14
15 15
16 16
17 17
18 18
19 19
20 20
21 21
22 22
135 23
24 24
25 25
94 26 94
27 27
29 29
30 30
31 31
32 32
33 33
34 34
35 35
36 36
37 37
38 38 39
40 40
41 41
42 42
43 43
44 44
45 45
46 46
47 47
48 48
49 49
65 50 65
51 51
100 52 100
53 53
54 54
55 55
56 56
57 57
58 58
59 59
60 60
61 61
62 62
63 63
64 64
66 66
67 67
68 68
69 69
70 70
71 71
72 72
73 73
74 74
75 75
76 76
77 77
78 78
79 79
80 80
81 81
82 82
83 83
84 84
85 85
86 86
87 87
88 88
89 89
90 90
91 91
92 92
93 93
95 95
96 96
169 97
98 98
99 99
