a0 o0 m4 j7 h2 n3 o7 m7 g1 h5 a6 a4 j2 c3 s3 l6 h1 c4 g9 l0 f3 f5 t7 f2 j6 r2 s4 h4 r7 h3 q3 s2 n6 g3 e1 o4 t9 t1 t0 q1 n4 i4 r9 d6 i5 n0 t8 l8 t6 l3 j5 s1 h6 d5 o6 l4 o5 h0 q0 r1 k1 t2 i0 g6 p7 b7 l1 a8 a1 b3 k6 o2 q5 g5 e0 g0 p0 m0 b1 d4 i1 a7 j3 o8 p9 c8 k9 q8 e5 t5 g4 r4 s9 g7 e2 g8 a0
96
a0 a0
o0 o0
m4 m4
j7 j7
h2 h2
n3 n3
o7 o7
m7 m7
g1 g1
h5 h5
a6 a6
a4 a4
j2 j2
c3 c3
s3 s3
l6 l6
h1 h1
c4 c4
g9 g9
l0 l0
f3 f3
f5 f5
t7 t7
f2 f2
j6 j6
r2 r2
s4 s4
h4 h4
r7 r7
h3 h3
q3 q3
s2 s2
n6 n6
g3 g3
e1 e1 e4
o4 o4
t9 t9
t1 t1
t0 t0
q1 q1
n4 n4
i4 i4
r9 r9
d6 d6
i5 i5
n0 n0
t8 t8
l8 l8
t6 t6
l3 l3
j5 j5
s1 s1
h6 h6
d5 d5
o6 o6
l4 l4
o5 b5 o5
h0 h0
q0 q0
r1 r1
k1 f6 k1
t2 t2
i0 i0
g6 g6
p7 p7
b7 b7
l1 l1
a8 a8
a1 a1
b3 b3
k6 k6
o2 o2
q5 q5
g5 g5
e0 e0
g0 g0
p0 p0
m0 m0
b1 b1
d4 d4
i1 i1
a7 a7
j3 j3
o8 o8
p9 p9
c8 c8
k9 k9
q8 q8
e5 e5
t5 t5
g4 g4
r4 r4
s9 s9
g7 g7
e2 e2
g8 g8 s7
