According to all known laws of there is no way a bee should be should bee a way no is there of laws known all to According care what care According to all known laws of there is no way a bee should be able Its able be should bee a way no is there of laws known all to According wings are too small get its fat little body off the The flies anyway because bees because anyway flies The the off body little fat its get small too are wings According care what humans think black and shake it up Breakfast Hang on Oan you believe this I pick I this believe you Oan on Hang Breakfast up it shake and black think humans what care According
50
According
to to
all
known known
laws
of of
there
is is
no
way way
a
bee bee
should
be be
care
what what
able
Its Its
wings
are are
too
small small
get
its its
fat
little little
body
off off
the
The The
flies
anyway anyway
because
bees bees
humans
think think
black
and and
shake
it it
up
Breakfast Breakfast
Hang
on on
Oan
you you
believe
this this
I
pick pick
