0 7 161 147 89 87 61 103 181 111 25 37 45 23 139 49 13 109 69 183 83 95 65 145 67 71 197 187 43 195 101 157 189 93 135 179 105 131 159 97 27 91 137 107 21 151 175 117 99 141 59 133 125 35 129 165 149 191 79 73 171 167 57 53 173 75 119 15 123 153 3 115 51 19 185 9 63 5 113 163 29 177 11 17 143 81 155 169 193 39 55 199 127 47 77 121 85 41 31 33 0
100
0
7 7
161 161
147 147
89 89
87 87
61 61
103 103
181 181
111 111
25 25
37 37
45 45
23 23
139 139
49 49
13 13
109 109
69 69
183 183
83 83
95 95
65 65
145 145
67 67
71 71
197 197
187 187
43 43
195 195
101 101
157 157
189 189
93 93
135 135
179 179
105 105
131 131
159 159
97 97
27 27
91 91
137 137
107 107
21 21
151 151
175 175
117 117
99 99
141 141
59 59
133 133
125 125
35 35
129 1 129
165 165
149 149
191 191
79 79
73 73
171 171
167 167
57 57
53 53
173 173
75 75
119 119
15 15
123 123
153 153
3 3
115 115
51 51
19 19
185 185
9 9
63 63
5 5
113 113
163 163
29 29
177 177
11 11
17 17
143 143
81 81
155 155
169 169
193 193
39 39
55 55
199 199
127 127
47 47
77 77
121 121
85 85
41 41
31 31
33 33
