0 17 51 3 8 116 156 74 29 131 19 32 35 50 157 9 159 16 77 62 189 31 58 143 46 136 190 94 69 21 182 24 70 103 180 2 4 109 12 80 197 179 39 78 185 18 33 68 193 198 188 170 115 183 191 160 129 43 126 105 174 93 194 142 96 125 177 192 178 158 38 163 195 86 52 133 184 0
77
0 0
17 17
51 51
3 3 119
8 8
116 116
156 156
74 74
29 29
131 131
19 19
32 32
35 35
50 50
157 157
9 9
159 159
16 16
77 77
62 62
189 189
31 31
58 58
143 143
46 46
136 136
190 190
94 94
69 69
21 21
182 182
24 24
70 70
103 103
180 180
2 2
4 4
109 109
12 12
80 80
197 197
179 179
39 39
78 78
185 185
18 18
33 33
68 68
193 193
198 198
188 188
170 170
115 115
183 183
191 191
160 160
129 129
43 43
126 126
105 105
174 174
93 93
194 194
142 142
96 96
125 125
177 177
192 192 199
178 178
158 158
38 38
163 163
195 60 195
86 86
52 52
133 133
184 184
