0 39 54 38 80 14 92 58 60 57 51 76 60 91 8 91 42 90 82 17 82 11 26 11 28 65 28 79 30 86 51 57 36 97 85 3 32 8 0 69 0 6 74 40 98 72 22 5 49 35 10 37 15 29 63 33 44 25 2 31 20 83 1 59 48 73 7 0
57
0
39 39
54
38
80 80
14 14
92 92
58 58
60 60
57 57
51 51
76 76
91 70 91
8 8
42 42
90 90
82 82
17 17
11 11
26 26
28 28
65 65
79
30 30
86 86
36 36
97 97
85 85
3 3
32 32
69 69
6 6
74 74
40 40
98 98
72 72
22
5 5
49
35 35
10 10
37 37
15 15
29
63 63
33 33
44 44
25 25
2 2 67
31 4 31
20
83 83
1 1
59
48 48
73 73
7
