0 56 45 153 5 172 192 84 186 23 168 103 44 64 55 36 55 34 65 38 145 121 104 22 117 68 100 179 66 71 182 2 182 113 94 141 30 181 102 198 102 151 21 176 169 57 50 54 163 54 108 69 108 133 108 162 95 74 60 76 49 185 112 85 149 156 1 142 92 132 99 134 188 52 138 52 61 52 33 58 83 129 33 67 165 93 189 111 67 147 27 40 90 193 146 193 139 62 46 109 118 114 135 166 56 68 177 159 11 195 123 47 152 132 92 106 137 6 25 56 0
104
0
56 56
45 45
153 153
5 5
172 172
192 192
84 84
186 186
23 23
168 168
103 103
44 44
64
55 55
36 36
34 34
65 65
38 38
145
121 121
104 104
22 22
117 117
68 10 68
100 100
179 179
66 66
71 71
182 182
2 2
113 113
94 94
141 141
30 30
181 181
102 102
198 198
151 29
21 21
176 176
169 169
57 57
50 50
54 32 54
163 163
108 3 108
69 69
133 133
162 162
95 95
74
60 60
76 76
49
185 185
112 112
85
149 149
156 156
1 1
142 142
92 92
132 132
99 99
134
188 188
52 52
138 138
61 61
33 33
58
83 83
129 129
67 8 67
165 136 165
93 93 116 164
189 189
111 111
147
27 27
40 40
90
193 193
146 146
139 139
62 62
46 46
109 109
118 118
114 114
135 135
166 166
177 101 177
159 173
11 11
195 195
123 123
47 47
152 152
106 106
137 137
6
25
