Loc1 Loc44 Loc19 Loc32 Loc25 Loc36 Loc42 Loc40 Loc31 Loc10 Loc2 Loc46 Loc2 Loc7 Loc24 Loc23 Loc33 Loc45 Loc5 Loc3 Loc9 Loc13 Loc21 Loc11 Loc44 Loc39 Loc30 Loc43 Loc42 Loc12 Loc34 Loc35 Loc49 Loc41 Loc1
31
Loc1
Loc44 Loc44
Loc19 Loc19
Loc32 Loc32
Loc25 Loc25
Loc36 Loc36
Loc42 Loc42
Loc40 Loc40
Loc31 Loc31
Loc10 Loc10
Loc2 Loc2
Loc46 Loc46
Loc7 Loc7
Loc24 Loc24
Loc23 Loc23
Loc33 Loc33
Loc45 Loc45
Loc5 Loc5
Loc3
Loc9 Loc9
Loc13
Loc21 Loc21
Loc11
Loc39 Loc39
Loc30 Loc30
Loc43
Loc12 Loc12 Loc22
Loc34 Loc34
Loc35
Loc49 Loc49
Loc41
