Loc1 Loc12 Loc126 Loc131 Loc144 Loc121 Loc91 Loc72 Loc98 Loc26 Loc99 Loc68 Loc82 Loc154 Loc175 Loc112 Loc29 Loc180 Loc45 Loc161 Loc97 Loc73 Loc117 Loc37 Loc156 Loc166 Loc178 Loc199 Loc58 Loc83 Loc60 Loc186 Loc48 Loc127 Loc104 Loc122 Loc38 Loc167 Loc172 Loc183 Loc92 Loc106 Loc44 Loc150 Loc36 Loc13 Loc40 Loc187 Loc160 Loc119 Loc164 Loc155 Loc4 Loc143 Loc110 Loc50 Loc18 Loc135 Loc16 Loc22 Loc171 Loc152 Loc51 Loc69 Loc63 Loc89 Loc39 Loc6 Loc23 Loc33 Loc145 Loc188 Loc198 Loc8 Loc15 Loc28 Loc151 Loc132 Loc3 Loc196 Loc169 Loc59 Loc157 Loc87 Loc157 Loc85 Loc128 Loc5 Loc165 Loc153 Loc192 Loc31 Loc76 Loc19 Loc136 Loc111 Loc193 Loc55 Loc64 Loc194 Loc70 Loc130 Loc102 Loc114 Loc62 Loc2 Loc123 Loc164 Loc119 Loc160 Loc113 Loc35 Loc177 Loc157 Loc165 Loc1
109
Loc1 Loc1
Loc12 Loc12
Loc126 Loc126
Loc131 Loc131
Loc144 Loc144
Loc121 Loc121
Loc91 Loc91
Loc72 Loc72
Loc98 Loc98
Loc26 Loc26
Loc99 Loc99
Loc68 Loc68
Loc82 Loc82
Loc154 Loc154
Loc175 Loc175
Loc112 Loc112
Loc29 Loc29
Loc180 Loc180
Loc45 Loc45
Loc161 Loc161
Loc97 Loc97
Loc73 Loc73
Loc117 Loc117
Loc37 Loc37
Loc156 Loc156
Loc166 Loc166
Loc178 Loc178
Loc199 Loc199
Loc58 Loc58
Loc83 Loc83
Loc60 Loc60
Loc186 Loc186
Loc48
Loc127 Loc127
Loc104 Loc104
Loc122 Loc122
Loc38 Loc38
Loc167 Loc167
Loc172 Loc172
Loc183 Loc183
Loc92 Loc92
Loc106 Loc106
Loc44 Loc44
Loc150 Loc150
Loc36 Loc36
Loc13 Loc13
Loc40
Loc187 Loc187
Loc160 Loc160
Loc119 Loc119
Loc164 Loc164
Loc155 Loc155
Loc4 Loc4
Loc143
Loc110 Loc110
Loc50 Loc50
Loc18 Loc18
Loc135 Loc135
Loc16 Loc66
Loc22 Loc22
Loc171 Loc171
Loc152 Loc152
Loc51 Loc51
Loc69 Loc69
Loc63 Loc63
Loc89 Loc89
Loc39 Loc39
Loc6 Loc6 Loc115
Loc23
Loc33 Loc33
Loc145 Loc145
Loc188 Loc188
Loc198 Loc198
Loc8 Loc8
Loc15 Loc15
Loc28 Loc28
Loc151
Loc132 Loc132
Loc3 Loc3
Loc196 Loc196
Loc169 Loc169
Loc59 Loc59
Loc157 Loc157
Loc87 Loc87
Loc85 Loc85
Loc128 Loc128
Loc5 Loc5
Loc165
Loc153 Loc153
Loc192 Loc192
Loc31 Loc31
Loc76 Loc76
Loc19 Loc19
Loc136
Loc111 Loc111
Loc193
Loc55 Loc55
Loc64 Loc64
Loc194 Loc194
Loc70 Loc70
Loc130 Loc130
Loc102 Loc102
Loc114 Loc114
Loc62 Loc62
Loc2
Loc123 Loc123
Loc113 Loc113
Loc35
Loc177 Loc177
