Loc1 Loc37 Loc49 Loc25 Loc56 Loc25 Loc53 Loc65 Loc81 Loc63 Loc18 Loc98 Loc72 Loc57 Loc69 Loc11 Loc2 Loc34 Loc10 Loc75 Loc6 Loc94 Loc90 Loc94 Loc4 Loc87 Loc74 Loc87 Loc16 Loc46 Loc79 Loc38 Loc0 Loc83 Loc76 Loc45 Loc27 Loc92 Loc13 Loc97 Loc41 Loc21 Loc9 Loc3 Loc73 Loc55 Loc42 Loc55 Loc80 Loc15 Loc64 Loc43 Loc60 Loc47 Loc68 Loc7 Loc20 Loc22 Loc20 Loc19 Loc52 Loc70 Loc50 Loc51 Loc26 Loc91 Loc78 Loc32 Loc17 Loc7 Loc20 Loc62 Loc44 Loc25 Loc37 Loc1
66
Loc1
Loc37
Loc49 Loc49
Loc25 Loc25
Loc56 Loc56
Loc53 Loc53
Loc65 Loc65
Loc81 Loc81
Loc63 Loc63
Loc18 Loc18
Loc98 Loc98
Loc72 Loc72
Loc57
Loc69 Loc69
Loc11 Loc11
Loc2 Loc2
Loc34 Loc34
Loc10 Loc10
Loc75
Loc6 Loc6
Loc94
Loc90 Loc90
Loc4 Loc4
Loc87 Loc87
Loc74 Loc74
Loc16
Loc46 Loc46
Loc79 Loc79
Loc38 Loc38
Loc0 Loc0
Loc83
Loc76 Loc76
Loc45 Loc45
Loc27
Loc92 Loc92
Loc13 Loc13
Loc97
Loc41 Loc41
Loc21 Loc21
Loc9 Loc9
Loc3 Loc3 Loc29
Loc73
Loc55 Loc55
Loc42 Loc42
Loc80 Loc80
Loc15 Loc15
Loc64
Loc43 Loc43
Loc60
Loc47 Loc47
Loc68 Loc68
Loc7 Loc7
Loc20
Loc22 Loc22
Loc19 Loc19
Loc52 Loc52
Loc70 Loc70
Loc50 Loc50
Loc51
Loc26
Loc91 Loc91
Loc78
Loc32 Loc32
Loc17 Loc17
Loc62 Loc62
Loc44
