0 10 133 191 76 190 29 74 175 173 51 108 62 149 35 1 117 57 182 81 188 98 67 91 28 85 53 95 47 92 47 26 18 63 154 164 75 109 181 112 42 33 48 15 197 198 89 59 43 70 125 124 31 14 3 4 146 169 87 38 84 96 167 147 32 24 179 36 30 61 102 170 150 174 94 49 114 78 161 119 171 127 111 115 37 5 41 5 195 196 134 177 69 93 135 187 166 50 105 66 178 21 181 148 132 12 132 176 183 0
105
0 0
10 10
133 133
191 191
76 76
190
29 29
74 74
175 175
173 173
51 51
108 108
62 62
149 149
35 35
1 1
117 117
57
182 182
81 81
188 188
98 98 100
67 67
91 91
28 28
85 199
53 53
95 95
47 47
92 92
26 26
18 18
63 63
154 154
164 164
75 75
109 109
181 181
112 112
42 42
33 33
48
15 15
197 197
198
89 89
59 59 131
43 43
70 70
125
124 124
31 31
14 14
3 3 7 103
4 4
146 146
169 169
87 87
38 38
84 84
96 96
167 167
147 147
32 32
24 24
179
36 36
30
61
102 102
170 170
150 150
174 174
94 94
49 49
114 114
78 78
161 161
119 119
171 171
127 127 155
111 111
115 115
37 37
5 5
41 41
195 195
196 196
134 134
177 177
69 69
93 93
135 135
187 187
166 166
50
105 105
66 66
178
21 21
148 148
132
12 12
176 176
183 16 183
