a bq fe e ff ga dx gn by bc ah gh fd fo ft an bl co as gk em di gi gj ad bx ap bb bt ey fn cq dh en ae dq bp cf aw h dj gg dp do bj ge cy fa db fy cg br er go am cd ep ck z g cn dy fw ds u dg cm ab q fr gm et df fh df bv j cp cr cz b v ai dn gq bu y es fk fq p cs cl ee cj bi cv ao a
97
a a at
bq bq
fe fe
e e
ff ff
ga ga
dx dx
gn gn
by by
bc bc
ah ah
gh gh
fd fd
fo fo
ft ft
an an
bl bl
co co
as ac as
gk gk
em em
di di
gi gi
gj gj
ad ad
bx bx
ap ap
bb bb
bt bt
ey ey
fn fn
cq cq
dh d dh
en en
ae ae
dq dq
bp bp
cf fi
aw aw
h
dj dj
gg gg
dp dp
do do
bj bj
ge ge
cy eq
fa fa
db az db
fy fy
cg cg
br br
er er
go go
am am
cd
ep ep
ck ck
z
g g
cn cn
dy dy
fw fw
ds ds
u u
dg dg
cm cm
ab ab
q q
fr dw fr
gm gm
et et
df bn
fh fh
bv bv
j j
cp cp
cr cr
cz cz
b b
v v
ai ai
dn dn
gq gq
bu bu
y y
es es
fk fk
fq fq
p p
cs cs
cl cl
ee ee
cj cj el
bi bi
cv cv
ao ao
