Liam Benjamin Liam Jaxon James Samuel Alexander Henry Alexander Samuel Mason William Carter William Mason Noah Joseph Matthew Joseph Jacob Joseph Michael Luke Oliver Charles Andrew Lucas Jackson Ethan Logan Wyatt Daniel Mateo Alexander Samuel Sebastian Jaxon Liam
27
Liam Liam
Benjamin Benjamin
Jaxon Aiden David
James James
Samuel Samuel
Alexander Alexander
Henry Henry
Mason Mason Elijah
William William
Carter Carter
Noah Noah
Joseph Joseph
Matthew Matthew
Jacob Jacob
Michael Michael
Luke
Oliver Oliver
Charles
Andrew
Lucas Lucas
Jackson Jackson
Ethan Ethan
Logan Logan
Wyatt Wyatt
Daniel Daniel
Mateo
Sebastian Sebastian
