Liam Jordan Jack Joshua Lucas Noah Maverick Camden Bentley Jayden Max Grant Cooper Grant Max Lincoln Dylan Andrew Oliver Patrick Easton Richard Aiden Mateo Miguel Messiah John Matthew Jayce Gabriel Jayce Henry Malachi Bryson Malachi Adam Colton Adam Malachi Bryson Leo Alexander Grayson Elliot Jasper Connor Nathan Kevin Weston Jaxson Weston Kevin Finn Jacob Finn Luke Miles Nolan Elijah Adrian Elijah Nolan Logan Nolan Ryan Xavier Steven James Isaac James Steven Hunter Thomas Hunter Zachary Jude Theodore Rowan Austin Hayden Christian Rhett Zion Messiah Eric Samuel Eric Greyson Chase Aaron Michael Aaron David Brody George Ethan Brantley Kai Christopher Kai Carson Emmanuel Gael Wyatt Gael Dawson Alejandro Ian Alejandro Dawson Marcus Parker Marcus Tyler Eli Sawyer Steven Jonathan Preston Jose Ezra Jackson Braxton Silas Nicholas Daniel Jameson Benjamin Jameson Hudson Jameson Matteo Julian Josiah Justin Bennett Landon William Beau Dean Maxwell Anthony Angel Jaxson Cameron Caleb Elliott Carter Santiago Kaleb Elias Kaleb Abraham Giovanni Robert Joseph Jude Evan Jude Jace Jude Zachary Hunter Isaiah Hunter Zachary Richard Aiden Tucker Charles Mason Charles Tucker Dawson Declan Brayden Asher Waylon Jaxon King Grant Antonio Owen Antonio Grant Zayden Dominic Victor Gabriel Jayce Henry Malachi Edward Sebastian Bryce Oscar Levi Oscar Xander Maddox Ezekiel Jeremiah Ezekiel Maddox Xander Leonardo Jordan Liam
154
Liam Liam
Jordan Jordan
Jack Jack
Joshua Joshua
Lucas Lucas
Noah Noah
Maverick Maverick
Camden
Bentley
Jayden Jayden
Max
Grant
Cooper Cooper
Lincoln Lincoln
Dylan Dylan
Andrew Andrew
Oliver Oliver
Patrick
Easton Easton
Richard
Aiden Aiden
Mateo Mateo
Miguel
Messiah
John John
Matthew Matthew
Jayce
Gabriel Gabriel
Henry Henry
Malachi
Bryson Bryson
Adam Adam
Colton Colton
Leo Leo
Alexander Alexander
Grayson Grayson
Elliot
Jasper
Connor Connor
Nathan Nathan
Kevin
Weston
Jaxson Jaxson
Finn
Jacob Jacob
Luke Luke
Miles
Nolan Nolan
Elijah Elijah
Adrian Adrian
Logan Logan
Ryan Ryan
Xavier Xavier
Steven
James James
Isaac Isaac
Hunter Hunter
Thomas Thomas
Zachary
Jude
Theodore Theodore
Rowan
Austin Austin
Hayden
Christian Christian
Rhett
Zion
Eric
Samuel Samuel
Greyson Greyson
Chase
Aaron Aaron
Michael Michael
David David
Brody
George
Ethan Ethan
Brantley
Kai
Christopher Christopher
Carson Carson
Emmanuel
Gael
Wyatt Wyatt
Dawson
Alejandro
Ian Ian
Marcus
Parker Parker
Tyler
Eli Eli
Sawyer
Jonathan Jonathan
Preston
Jose Jose
Ezra Ezra
Jackson Jackson
Braxton
Silas
Nicholas Nicholas
Daniel Daniel
Jameson
Benjamin Benjamin
Hudson Hudson
Matteo
Julian Julian
Josiah Josiah
Justin
Bennett
Landon Landon
William William
Beau
Dean
Maxwell
Anthony Anthony
Angel Angel
Cameron Cameron
Caleb Caleb
Elliott
Carter Carter
Santiago
Kaleb
Elias Elias
Abraham
Giovanni
Robert Robert
Joseph Joseph
Evan Evan
Jace Jace
Isaiah Isaiah
Tucker
Charles Charles
Mason Mason
Declan
Brayden Brayden
Asher Asher
Waylon
Jaxon Jaxon
King
Antonio
Owen Owen
Zayden
Dominic Dominic
Victor
Edward
Sebastian Sebastian
Bryce
Oscar
Levi Levi
Xander
Maddox
Ezekiel Ezekiel
Jeremiah Jeremiah
Leonardo
