Liam Isaiah Joseph Mateo Alexander Mason Jayden Adam Brayden Ethan Brayden Samuel Brayden Jaxson Michael Ezra Thomas James Thomas Dylan Owen Jose Sawyer John Sawyer Benjamin Carter Dominic Oliver Dominic Eli Jackson Eli Josiah Sebastian David Theodore Parker Aiden William Logan Christian Luke Noah Lucas Eli Wyatt Eli Josiah Evan Levi Jonathan Henry Ian Jordan Roman Maverick Cooper Matthew Cooper Adrian Elijah Adrian Ian Robert Daniel Isaiah Liam
54
Liam Liam
Isaiah
Joseph Joseph
Mateo
Alexander Alexander
Mason Mason
Jayden Jayden
Adam
Brayden
Ethan Ethan
Samuel Samuel
Jaxson
Michael Michael
Ezra
Thomas
James James
Dylan Dylan
Owen Owen
Jose
Sawyer
John John
Benjamin Benjamin
Carter Carter
Dominic
Oliver Oliver
Eli
Jackson Jackson
Josiah
Sebastian Sebastian
David David
Theodore
Parker
Aiden Aiden
William William
Logan Logan
Christian
Luke Luke
Noah Noah
Lucas Lucas
Wyatt Wyatt
Evan
Levi
Jonathan
Henry Henry
Ian
Jordan
Roman Jacob
Maverick
Cooper
Matthew Matthew
Adrian
Elijah Elijah
Robert
Daniel Daniel
