LOC0 LOC36 LOC26 LOC4 LOC47 LOC63 LOC45 LOC79 LOC46 LOC25 LOC59 LOC37 LOC82 LOC28 LOC12 LOC34 LOC90 LOC56 LOC48 LOC61 LOC31 LOC73 LOC99 LOC85 LOC9 LOC33 LOC44 LOC96 LOC44 LOC62 LOC89 LOC56 LOC98 LOC97 LOC6 LOC70 LOC6 LOC3 LOC65 LOC53 LOC46 LOC15 LOC18 LOC83 LOC57 LOC19 LOC52 LOC80 LOC95 LOC50 LOC12 LOC81 LOC12 LOC29 LOC78 LOC91 LOC43 LOC91 LOC17 LOC0 LOC23 LOC56 LOC48 LOC22 LOC18 LOC0
54
LOC0
LOC36 LOC36
LOC26 LOC26
LOC4 LOC4
LOC47 LOC47
LOC63
LOC45 LOC45
LOC79 LOC79
LOC46 LOC46
LOC25 LOC25
LOC59 LOC59
LOC37 LOC37
LOC82 LOC82
LOC28 LOC28
LOC12 LOC12
LOC34
LOC90 LOC20 LOC90
LOC56 LOC56
LOC48
LOC61 LOC61
LOC31 LOC31
LOC73 LOC73
LOC99 LOC99
LOC85 LOC85
LOC9 LOC9
LOC33 LOC33
LOC44
LOC96 LOC96
LOC62 LOC62
LOC89 LOC89
LOC98 LOC98
LOC97 LOC97
LOC6
LOC70 LOC70
LOC3 LOC3
LOC65
LOC53 LOC53
LOC15 LOC15
LOC18 LOC18
LOC83
LOC57 LOC57
LOC19
LOC52 LOC52
LOC80
LOC95 LOC95
LOC50 LOC50
LOC81 LOC81
LOC29 LOC29
LOC78 LOC78
LOC91
LOC43 LOC43
LOC17 LOC17
LOC23 LOC23
LOC22 LOC22
