LOC0 LOC164 LOC170 LOC188 LOC48 LOC98 LOC158 LOC68 LOC56 LOC18 LOC69 LOC180 LOC61 LOC189 LOC61 LOC75 LOC52 LOC91 LOC83 LOC194 LOC172 LOC38 LOC154 LOC97 LOC70 LOC64 LOC145 LOC96 LOC89 LOC99 LOC55 LOC116 LOC51 LOC133 LOC125 LOC63 LOC58 LOC155 LOC7 LOC190 LOC108 LOC8 LOC67 LOC54 LOC72 LOC144 LOC137 LOC50 LOC134 LOC74 LOC199 LOC11 LOC17 LOC153 LOC166 LOC182 LOC30 LOC59 LOC6 LOC120 LOC62 LOC161 LOC115 LOC36 LOC167 LOC24 LOC122 LOC46 LOC142 LOC56 LOC117 LOC66 LOC139 LOC66 LOC80 LOC160 LOC177 LOC76 LOC0
75
LOC0
LOC164 LOC164
LOC170 LOC170
LOC188
LOC48 LOC48
LOC98
LOC158 LOC158
LOC68 LOC68
LOC56 LOC56
LOC18 LOC18
LOC69
LOC180 LOC180
LOC61
LOC189 LOC189
LOC75 LOC192
LOC52 LOC52
LOC91
LOC83
LOC194 LOC194
LOC172
LOC38 LOC38
LOC154
LOC97 LOC97
LOC70 LOC70
LOC64 LOC64
LOC145 LOC145
LOC96 LOC96
LOC89 LOC89
LOC99
LOC55 LOC55
LOC116 LOC116
LOC51 LOC51
LOC133 LOC133
LOC125
LOC63 LOC63
LOC58 LOC58
LOC155
LOC7 LOC7
LOC190 LOC190
LOC108 LOC108
LOC8 LOC8
LOC67
LOC54 LOC54
LOC72 LOC72
LOC144 LOC144
LOC137
LOC50
LOC134 LOC134
LOC74
LOC199
LOC11
LOC17 LOC17
LOC153
LOC166 LOC166
LOC182
LOC30 LOC30
LOC59 LOC59
LOC6 LOC6
LOC120
LOC62 LOC62
LOC161 LOC161
LOC115
LOC36 LOC36
LOC167
LOC24 LOC24
LOC122
LOC46 LOC46 LOC65
LOC142 LOC142
LOC117 LOC117
LOC66
LOC139 LOC139
LOC80 LOC80
LOC160 LOC160
LOC177 LOC177
LOC76
