zero three four five six five twelve eleven ten nine eight fourteen eight fifteen twentyone twenty twentyone fifteen twentytwo twentythree twentyfour twentyfive twentysix thirtythree thirtyfour thirtyfive twentynine thirty thirtyseven thirtysix thirtyseven thirtyeight thirtynine thirtyeight fortyfive fortyfour fortyfive fortysix fortyseven fortyeight fiftyfive fiftysix fifty fiftyone fiftytwo fiftythree sixty sixtyone sixtytwo sixtythree fiftyseven fiftyeight sixtyfive sixtysix sixtyseven sixtyeight sixtynine seventy seventyseven seventyone seventyseven seventysix seventyfive eightytwo eightyone eighty seventynine seventyeight eightyfour eightythree eightytwo eightynine eightyeight eightyseven eightyeight ninetyfive eightyeight eightyone seventyfour sixtyseven sixty fiftythree fortysix thirtynine thirtytwo twentyfive eighteen eleven four zero
69
zero two
three three
four four
five five
six six
twelve twelve
eleven
ten ten
nine
eight
fourteen fourteen
fifteen fifteen
twentyone
twenty twenty
twentytwo twentytwo
twentythree
twentyfour twentyfour
twentyfive twentyfive
twentysix
thirtythree thirtythree
thirtyfour thirtyfour
thirtyfive thirtyfive
twentynine twentynine
thirty thirty
thirtyseven thirtyseven
thirtysix thirtysix
thirtyeight
thirtynine thirtynine
fortyfive fortyfive
fortyfour fortyfour
fortysix
fortyseven fortyseven
fortyeight fortyeight
fiftyfive fiftyfive
fiftysix
fifty fifty
fiftyone fiftyone
fiftytwo
fiftythree fiftythree
sixty sixty
sixtyone sixtyone
sixtytwo sixtytwo
sixtythree
fiftyseven fiftyseven
fiftyeight
sixtyfive sixtyfive
sixtysix sixtysix
sixtyseven sixtyseven
sixtyeight sixtyeight
sixtynine
seventy seventy
seventyseven seventyseven
seventyone seventyone
seventysix
seventyfive seventyfive
eightytwo eightytwo
eightyone eightyone
eighty
seventynine seventynine
seventyeight seventyeight
eightyfour eightyfour
eightythree
eightynine eightynine
eightyeight eightyeight
eightyseven eightyseven
ninetyfive ninetyfive
seventyfour
thirtytwo
eighteen
