zero five six seven fourteen thirteen twelve eleven ten nine sixteen fifteen twentyone twenty nineteen eighteen twentyfive thirtytwo thirtyone thirtytwo thirtythree thirtyfour thirtyfive fortytwo thirtysix thirtyseven thirtyeight thirtynine forty thirtynine fortysix fortyfive thirtyeight thirtyone twentyfour seventeen ten three zero
33
zero
five five
six six
seven seven
fourteen fourteen
thirteen thirteen
twelve twelve
eleven eleven
ten
nine nine
sixteen sixteen
fifteen fifteen
twentyone
twenty twenty
nineteen nineteen
eighteen eighteen
twentyfive twentyfive
thirtytwo thirtytwo
thirtyone thirtyone
thirtythree
thirtyfour thirtyfour
thirtyfive thirtyfive
fortytwo fortytwo
thirtysix
thirtyseven thirtyseven
thirtyeight thirtyeight
thirtynine
forty forty
fortysix fortysix
fortyfive fortyfive
twentyfour
seventeen
three three
