90 34 25 44 17 7 29 26 12 24 21 22 92 16 45 49 45 40 97 19 35 19 31 42 36 18 48 10 43 8 78 2 47 28 52 27 52 9 38 46 38 58 14 33 39 64 94 93 32 97 13 69 3 69 25 56 15 70 11 6 23 20 41 20 4 20 78 30 37 30 78 5 90
60
90
34 34
25 25
44 44
17 17
7 7
29 29
26 26
12 12
24 24
21 21
22 22
92
16 16
45 45
49 49
40 40
97 1
19 19
35 35
31 31
42 42
36 36
18 18
48 48
10 10
43 43
8 8
78
2 2
47 47
28 28
52 0
27 27
9 9
38 38
46 46
58
14 14
33 33
39 39
64
94
93
32 32
13 13
69
3 3
56
15 15
70
11 11
6 6
23 23
20 20
41 41
4 4
30 30
37 37
5 5
