0 20 79 12 36 86 15 53 32 99 42 35 8 10 88 3 95 122 73 64 54 80 19 153 50 68 37 26 93 62 75 11 85 144 94 144 28 90 28 84 121 9 72 22 71 52 21 96 16 55 97 27 97 76 7 184 39 18 81 58 38 14 188 77 49 1 91 40 57 141 67 47 87 44 183 120 98 83 89 59 182 92 150 6 51 6 78 33 17 13 173 5 31 4 34 176 45 176 29 43 23 180 68 134 66 134 132 69 41 30 119 60 116 197 25 197 65 56 24 113 82 179 48 46 48 179 5 173 63 109 0
97
80 80
29 29
27 27
12 12
44 44
60 60
77 77
5 5 2
52 74 52
21 21
35 35
24 24
37 37
93 93
67 67
41 41
83 83
79 79
97 97
51 51
19 19
50 50
4 4
94 94
33 33
84 84
96 96
98 98
69 69
76 76
13 13
78 78
92 92
45 45
39 39
95 95
25 25
47 47
63 63
82 82
73 73
182 70
91 91
22 22
66 66
36 36
26 26
15 15
64 64
20 20
31 31
17 17
46 46
55 55
53 53
81 81
57 57
65 65
88 88
49 49
72 72
54 54
30 30
89 89
16 16
0 0
58 58
42 42
18 18
75 75
59 59
8 8
23 23
38 38
11 11
34 34
85 85
32 32
62 62
10 10
71 71
14 14
6 6
43 43
86 86
1 61 1
48 48
90 90
99 99
9 9
7 7
28 28
40 40
68 68
87 87
56 56
3 3
