camp slice flow bark aisle union fibre disposition lamb uncertainty glove funeral chain presidential dry twitch method muggy tropical mastermind corpse novel prejudice wilderness essential jurisdiction brick fish photograph hiccup band equinox orange analyst remark dollar farewell explicit referee secretary clothes paint camp
42
camp
slice slice
flow flow
bark bark
aisle houseplant aisle
union union
fibre fibre
disposition disposition
lamb lamb
uncertainty uncertainty
glove glove
funeral funeral
chain chain
presidential presidential
dry dry
twitch twitch
method method
muggy muggy
tropical tropical
mastermind mastermind
corpse corpse
novel novel
prejudice prejudice
wilderness wilderness
essential essential
jurisdiction jurisdiction
brick brick
fish fish
photograph photograph
hiccup hiccup
band band
equinox equinox
orange orange
analyst analyst
remark remark
dollar dollar
farewell farewell
explicit explicit
referee referee
secretary secretary
clothes clothes
paint paint seller
