novel row aspect tip feign hallway formulate sweet pray ensure lemon exercise distributor impound privilege depressed range sentiment packet ground need preoccupation judicial reject survival overlook freedom consideration line sacrifice wear genetic pedestrian prospect forest parallel ghost diagram wage physical plug mouse anger pipe descent button sticky separate brain attractive admiration title performance polish gloom lot appearance pump park pursuit nominate affect hierarchy innovation category mud unanimous minor fairy literature valley rock leadership reflection float deprivation sit engineer hit linger novel
80
novel
row row
aspect aspect
tip tip
feign feign
hallway hallway
formulate formulate
sweet sweet
pray pray
ensure ensure
lemon lemon
exercise exercise
distributor distributor
impound impound
privilege privilege
depressed depressed
range range
sentiment sentiment
packet packet
ground ground
need need
preoccupation preoccupation
judicial judicial
reject reject
survival survival
overlook overlook
freedom freedom
consideration consideration
line line
sacrifice sacrifice
wear wear
genetic genetic
pedestrian pedestrian
prospect prospect
forest forest
parallel parallel
ghost ghost
diagram guideline diagram
wage wage
physical physical
plug plug
mouse mouse
anger anger
pipe pipe
descent descent
button button
sticky sticky
separate separate
brain brain
attractive attractive
admiration admiration
title title
performance performance
polish polish
gloom gloom
lot lot
appearance appearance
pump pump
park park
pursuit pursuit
nominate nominate
affect affect
hierarchy hierarchy
innovation innovation
category category
mud mud
unanimous unanimous
minor minor
fairy fairy
literature literature
valley valley
rock rock
leadership leadership
reflection reflection
float float
deprivation
sit sit
engineer engineer
hit
linger linger
