argue finish indicate nutty diligent floor same ice blade route ray glamorous desire inherit rake paint wooden stink complain learning determine measure thumb imported slam trucks argue
26
argue
finish finish
indicate indicate
nutty nutty
diligent diligent
floor floor
same same
ice ice
blade blade
route route
ray ray
glamorous glamorous
desire desire
inherit inherit
rake rake
paint paint
wooden wooden
stink stink
complain complain
learning ambiguous learning
determine determine
measure measure
thumb thumb
imported imported
slam slam
trucks
