614224 FFEEBD 7BE8A9 C9AF85 9096DB 36590B 66048A D2BE39 783751 ABD8FE 20EAE7 846159 6D51F4 846159 D6CC7A B47658 BB4908 C18C9B BB4908 E5E6C0 BB4908 112AE7 94A561 77A0B5 490F1E D2BE39 5D0E2E 6E313C 5D0E2E 0CBC31 E3C2C9 3B4B53 D1967A 851F90 B7F75A 6CAF46 6B644E 813B05 6B644E 6CAF46 685D1A 6CAF46 770D1A CDC6D4 8417C8 6C010A 1E1095 FFFD4B 17779E 8C971D 8EBF8A 239994 BDE94D DE6899 59843B EE2A22 4B97F1 85D6DB 63361A 85D6DB 7D997B 2924CB 1F842B 7E78F3 1F842B B69F55 2CCB19 2FEDFB 191510 305D33 191510 6B4619 CC9C14 A1F104 CC9C14 6B4619 C3EF62 10520F 086D53 61199E 086D53 F33196 086D53 4A5708 94941B AD0427 205E5C DCE144 AEFF96 36C862 7829D7 BA3320 90451D CEAC59 90451D 5BB557 1EC224 C4303B 2CA4AD 1B337D 7E1C6C 1B337D C45E71 4A28BA C45E71 6B622D 5F4E43 A014A0 D8AAF4 8F17C0 151BC9 825EC5 013940 C953A6 8B519F 2595F1 8B6C2F 2595F1 612FAA 124C90 D4A75D 1111F7 6966D7 1111F7 EB719D 8BFCAC B23A80 E33276 29D5D7 8015E0 93EBE3 06C557 13A782 E80628 14B430 E80628 13A782 8F495E 13A782 55BAD2 4099A6 1EC224 4CAD30 5C7062 24743A A9F1B8 52C88C A9F1B8 EB8E2E 14994D EB8E2E 596CF6 86493E 4B3F8A 230A7C 3C5D7A 396D53 462226 002274 D337F2 002274 C3B3E7 002274 0F5860 47FACD F1E81B 813B05 6B644E E0BEFC 82A1F6 CC6D2A 2BF7B5 CC6D2A AE4A01 04439C BB40E6 614224
145
614224 614224
FFEEBD FFEEBD
7BE8A9
C9AF85 C9AF85
9096DB 9096DB
36590B 36590B
66048A 66048A
D2BE39
783751 783751
ABD8FE ABD8FE
20EAE7 20EAE7
846159
6D51F4 6D51F4
D6CC7A D6CC7A
B47658 B47658
BB4908 BB4908
C18C9B C18C9B
E5E6C0 E5E6C0
112AE7
94A561 94A561
77A0B5 77A0B5
490F1E 490F1E
5D0E2E
6E313C 6E313C
0CBC31 0CBC31
E3C2C9 E3C2C9
3B4B53 3B4B53
D1967A D1967A
851F90 851F90
B7F75A B7F75A
6CAF46
6B644E
813B05 813B05
685D1A 685D1A
770D1A 770D1A
CDC6D4
8417C8 8417C8
6C010A
1E1095 1E1095
FFFD4B 573788 FFFD4B
17779E 17779E
8C971D
8EBF8A 8EBF8A
239994 239994
BDE94D
DE6899 DE6899
59843B 59843B
EE2A22
4B97F1 4B97F1
85D6DB 85D6DB
63361A 63361A
7D997B E51A66
2924CB
1F842B 1F842B
7E78F3 7E78F3
B69F55 B69F55
2CCB19 2CCB19
2FEDFB 2FEDFB
191510
305D33 305D33
6B4619
CC9C14 CC9C14
A1F104 A1F104
C3EF62 C3EF62
10520F
086D53
61199E 61199E
F33196 F33196
4A5708 4A5708
94941B
AD0427
205E5C
DCE144 DCE144
AEFF96 AEFF96
36C862 36C862
7829D7 7829D7
BA3320
90451D 90451D
CEAC59 CEAC59
5BB557 5BB557
1EC224 293D59
C4303B C4303B
2CA4AD
1B337D
7E1C6C 7E1C6C
C45E71
4A28BA 4A28BA
6B622D 6B622D
5F4E43 5F4E43
A014A0
D8AAF4
8F17C0 8F17C0
151BC9 151BC9
825EC5
013940
C953A6
8B519F 8B519F
2595F1
8B6C2F 8B6C2F
612FAA
124C90 124C90
D4A75D D4A75D
1111F7 6B340B
6966D7 6966D7
EB719D
8BFCAC 8BFCAC
B23A80
E33276
29D5D7 29D5D7
8015E0 8015E0
93EBE3 93EBE3
06C557
13A782
E80628 E80628
14B430 14B430
8F495E 8F495E
55BAD2
4099A6 4099A6
4CAD30 4CAD30
5C7062 5C7062
24743A
A9F1B8
52C88C 52C88C
EB8E2E
14994D 14994D
596CF6 596CF6
86493E E81014 86493E
4B3F8A
230A7C 230A7C
3C5D7A
396D53 396D53
462226
002274
D337F2 D337F2
C3B3E7 C3B3E7
0F5860 0F5860
47FACD 47FACD
F1E81B F1E81B
E0BEFC 28F6D1
82A1F6
CC6D2A
2BF7B5 2BF7B5
AE4A01 AE4A01
04439C
BB40E6 BB40E6
