AA8E14 35F60D B86446 4FBDE1 B86446 AD298D AE6906 784F83 7BF2B5 37F745 8D0852 D443EB D7CAF9 CB09C0 2C101C E0E349 B3243F 1276AF B3243F A5CCB5 DBDC9A 94D700 DBDC9A A7E9D9 B7B073 657F93 B833F0 FA567E 0FB66D 188645 7E5598 0FBCDC 0A5C0E 0FBCDC 7E5598 3B1041 7E5598 AFF8D1 36D08C 6D778A 36D08C 143B88 07D80A 103C70 500783 35FF16 800641 ACB11D D01E6B 29B2A4 724A76 29B2A4 EC05F7 539A92 EC05F7 FD1783 EC05F7 9B9BDD 2F1AB5 2EA2EE E954F7 EDC0CA EF4D57 3AA8C5 9B0EC2 0801CC 19FFAB 4B39CA 825884 48C2D5 E09D29 C98FE7 E09D29 61EDA9 3ADA02 D5356A 3ADA02 61EDA9 D9447D 628AB2 D04F40 DD2694 410DA1 298FDD FF8D45 298FDD 410DA1 70146D 7E18E9 70146D 35FF16 A5CCB5 DBDC9A 994F93 DBDC9A A7E9D9 0D7DE7 467AB7 724A76 AA8E14
77
AA8E14 AA8E14
35F60D
B86446
4FBDE1 4FBDE1
AD298D
AE6906
784F83 784F83
7BF2B5
37F745 37F745
8D0852 8D0852
D443EB D443EB
D7CAF9 D7CAF9
CB09C0 CB09C0
2C101C 2C101C
E0E349
B3243F
1276AF 1276AF
A5CCB5 A5CCB5
DBDC9A DBDC9A
94D700 94D700
A7E9D9 A7E9D9
B7B073 B7B073
657F93
B833F0 B833F0
FA567E
0FB66D 0FB66D
188645 188645
7E5598
0FBCDC 0FBCDC
0A5C0E 0A5C0E
3B1041 3B1041
AFF8D1 AFF8D1
36D08C
6D778A 6D778A
143B88 44716B
07D80A 07D80A
103C70
500783 500783
35FF16
800641 800641
ACB11D
D01E6B D01E6B
29B2A4 29B2A4
724A76 724A76
EC05F7
539A92 539A92
FD1783 FD1783
9B9BDD 9B9BDD
2F1AB5
2EA2EE 84EBFF
E954F7 E954F7
EDC0CA
EF4D57 EF4D57
3AA8C5
9B0EC2 9B0EC2
0801CC
19FFAB 19FFAB
4B39CA
825884
48C2D5 48C2D5
E09D29 E09D29
C98FE7 C98FE7
61EDA9
3ADA02 3ADA02
D5356A D5356A
D9447D
628AB2 628AB2
D04F40 D04F40
DD2694 DD2694
410DA1
298FDD
FF8D45 FF8D45
70146D
7E18E9 7E18E9
994F93 994F93
0D7DE7
467AB7 467AB7
