9F01C8 EEEA40 C03738 719360 981760 FF39A5 981760 1176C9 853F1A 7FD578 1AC5CE 7FD578 7CDA20 6C7BF0 7CDA20 4BCD0B F4C859 4BCD0B 61D740 342A3C 9B7F16 B40756 877D0E CE97C4 1BD5F4 2E60FC 1EE680 01684B 859C0E C3030C 7EA726 E5D023 2C376F 3E0BDD AA2C70 66B94B AA2C70 4BCD0B 7B7BDE 4BCD0B 719360 E27C41 01684B 853F1A A085DD 853F1A 283373 ED0989 6CAF19 9B7F16 57CBDE C03738 9F01C8
39
9F01C8 9F01C8
EEEA40 EEEA40
C03738
719360
981760 981760
FF39A5 FF39A5
1176C9 1176C9
853F1A
7FD578
1AC5CE 1AC5CE
7CDA20
6C7BF0 6C7BF0
4BCD0B
F4C859 F4C859
61D740 61D740
342A3C
9B7F16 9B7F16
B40756 B40756
877D0E 877D0E
CE97C4
1BD5F4 1BD5F4
2E60FC 2E60FC
1EE680 1EE680
01684B 01684B
859C0E 859C0E
C3030C
7EA726
E5D023 E5D023
2C376F 2C376F
3E0BDD 3E0BDD
AA2C70
66B94B 66B94B
7B7BDE 7B7BDE
E27C41 E27C41
A085DD A085DD
283373
ED0989
6CAF19 6CAF19
57CBDE
