maintenance future reputation description income obligation cause sign church volume chest career depression version contract war difficulty feature role salad day inspection movie selection photo wife price bread resolution action property marketing account context focus population driver sister woman complaint role beer average cause competition rate style object rock decision economy class example maintenance
51
maintenance maintenance
future future
reputation reputation
description description philosophy
income income
obligation obligation
cause cause
sign sign
church church
volume volume
chest chest
career career
depression depression
version version
contract contract
war war
difficulty difficulty
feature feature
role role
salad salad
day day
inspection inspection
movie movie
selection selection
photo photo
wife wife
price price
bread bread
resolution resolution
action action
property property
marketing marketing
account account
context context
focus focus
population population
driver driver
sister sister
woman woman
complaint complaint
beer beer
average average
competition competition
rate rate
style style
object object
rock rock
decision
economy economy
class
example example
