context bedroom road construction aspect teaching bread satisfaction reality departure while state ability soil bit wood currency thanks anxiety store farmer disaster interaction fat attempt care association context
25
context context
aspect aspect
construction construction
teaching teaching
bedroom bedroom
satisfaction satisfaction
state state
departure departure
reality reality
road road
ability ability
attempt attempt
bread bread
soil soil
currency currency
farmer farmer
interaction interaction
wood wood
while while
bit bit
thanks thanks
anxiety anxiety
fat fat
store store
care care
