engine menu error member age reputation significance situation temperature police emphasis flight politics series girl interaction song dealer preparation area office light delivery card mind speech secretary energy tool grandmother moment process leadership model engineering failure eye funeral teacher standard problem material dirt accident drawer promotion tooth tax meal tension data measurement chapter view director beginning choice figure side sport satisfaction two machine country aspect worker drawing piano fact clothes ear money bus volume idea beer section answer time birth education town singer analyst ratio editor performance departure source variation sympathy difficulty buyer space teaching understanding feedback war step temperature class bath engine
101
engine engine business
menu menu
error error
member member
age age
reputation reputation
significance significance
situation situation
temperature temperature
police police
emphasis emphasis
flight flight
politics politics
series series
girl girl
interaction interaction
song song
dealer dealer
preparation preparation
area area
office office
light light
delivery delivery
card card
mind mind
speech speech
secretary secretary
energy energy
tool tool
grandmother grandmother
moment moment
process process
leadership leadership
model model
engineering engineering
failure failure
eye eye
funeral funeral
teacher teacher
standard standard
problem problem
material material
dirt dirt
accident accident
drawer drawer
promotion promotion
tooth tooth
tax tax
meal meal
tension tension
data data
measurement measurement
chapter chapter
view view
director director
beginning beginning
choice choice
figure figure
side side
sport sport
satisfaction satisfaction
two two
machine machine
country country
aspect aspect
worker worker
drawing drawing
piano piano
fact fact
clothes clothes
ear ear
money money
bus bus
volume volume
idea idea
beer beer
section section
answer answer
time time
birth birth
education education
town town
singer singer
analyst analyst
ratio ratio
editor editor
performance performance
departure departure
source source
variation variation
sympathy sympathy
difficulty difficulty
buyer buyer
space space
teaching teaching
understanding understanding
feedback
war war
step step
class class
bath
