A N CD F CM AW W B E C D Q J O U L AF P AT AN X AY Y CT Z V G BF CB BW M AP R T BK S BR AA AB AD K CL I AZ H CK AC CC AW AE Q AG AN AH AN AI AN AJ AN AK AN AL AN AM AN AO Q AQ Q AR Q AS Q AU AN AV AN AX Q BA Q BB Q BC AN BD AN BE AN BG Q BH Q BI Q BJ Q BL Q BM AN BN AN BO AN BP AN BQ Q BS Q BT AN BU AN BV Q BX AN BY AW BZ AW CA Q CE AN CF AN CH AN CI AN CJ Q CN AN CO AN CP Q CQ Q CR AW CS AW CU AW CV AN CW CB A
100
A A
N N
CD CD
F F
CM CM
AW AW
W W
B B
E E
C C
D D
Q Q
J J
O O
U U
L L
AF AF
P P
AT AT
AN AN
X X
AY AY
Y Y
CT CT
Z Z
V V
G G
BF BF
CB CB
BW BW
M M
AP AP
R R
T T
BK BK
S S
BR BR
AA AA
AB AB
AD AD
K K
CL CL
I I
AZ AZ
H H
CK CK
AC AC
CC CC
AE AE
AG AG
AH AH
AI AI
AJ AJ
AK AK
AL AL
AM AM
AO AO
AQ AQ
AR AR
AS AS
AU AU
AV AV
AX AX
BA BA
BB BB
BC BC
BD BD
BE BE
BG BG
BH BH
BI BI
BJ BJ
BL BL
BM BM
BN BN
BO BO
BP BP
BQ BQ
BS BS
BT BT
BU BU
BV BV
BX BX
BY BY
BZ BZ
CA CA
CE CE
CF CF
CH CH
CI CI
CJ CJ
CN CN
CO CO
CP CP
CQ CQ
CR CR
CS CS
CU CU
CV CV
CW CW
