Cory Bechtel Birge Bechtel Cory Stanley LeConte VLSB Boalt VLSB LeConte RSF LeConte Campanile Bongo ShengKee Bongo Artichokes Cheeseboard Artichokes Bongo Campanile LeConte Stanley Moses Wellman Sutardja Wellman Moses Greek Unit2 Wolf StrawberryCreek Wilde Bechtel Baker Daiso Baker Simons Baker Strada RoseGarden Strada Baker Bechtel Cory Extension Cory Stanley Campbell Doe Campbell Koshland Campbell Stanley LeConte ALS LeConte VLSB Boalt Kresge PeoplesPark Kresge Castro Kresge Boalt VLSB Chez NorthGate Chez VLSB LeConte Campanile Wurster Zellerbach Wurster McCone Spats Stonefire PiLambda PiAlphaPhi PiLambda Stonefire Spats McCone Wurster Campanile LeConte Stanley Moses RareTea Gypsys RareTea Moses Greek Stebbins Safeway Warren Tan Hargrove BearFoodCourt SigmaPhiOmega Evan Blackwell McLaughlin GenPlantBio McLaughlin Blackwell Evan Moffitt Cloyne Moffitt Evan Jacob Foothill Davis Browns Davis Hildebrand YogurtPark Hildebrand Davis Foothill Unit1 Foothill Dwinelle Haas Crossroads Haas Pavilion Haas Crossroads Lawrence UCTheatre NCEM UCTheatre Lawrence Crossroads Haas Dwinelle HearstAnnex Lothlorien HearstAnnex Dwinelle Foothill Haviland Morgan Martinez Morgan Haviland Foothill Jacob TopDog GammaPhiBeta TopDog Starbucks Chipotle MFoundry Chipotle Starbucks TopDog Fenwick Barker Fenwick TopDog Jacob Hertz CVStarr Unit3 CKerr WayWest CKerr Ridge CKerr Unit3 CVStarr Hertz Jacob Hearst MLK Latimer Mulford Crescent Mulford Latimer Edwards Easterly Edwards Latimer MLK Rochdale MLK Latimer Mulford Bowles Calvin Etcheverry Calvin Bowles LaVals Bowles Calvin Graduate Calvin Bowles Birge Bechtel Minor Memorial TacoBell Memorial Maxwell Barrows Maxwell Memorial AlphaSigmaPhi Memorial Marugame SigmaOmicronPi Moses Pimentel Stacks Sherman Stacks Pimentel Moses Greek Unit2 Milano IndianRock Milano Unit2 Greek Moses Stanley Cory
116
Cory
Bechtel
Birge Birge
Stanley
LeConte
VLSB VLSB
Boalt Boalt
RSF RSF
Campanile Campanile
Bongo Bongo
ShengKee ShengKee
Artichokes
Cheeseboard Cheeseboard
Moses Moses
Wellman Wellman
Sutardja Sutardja
Greek Greek
Unit2 Unit2
Wolf Wolf
StrawberryCreek StrawberryCreek
Wilde Wilde
Baker Baker
Daiso Daiso
Simons Simons
Strada Strada
RoseGarden RoseGarden
Extension Extension
Campbell Campbell
Doe Doe
Koshland Koshland
ALS ALS
Kresge Kresge
PeoplesPark PeoplesPark
Castro Castro
Chez
NorthGate NorthGate
Wurster Wurster
Zellerbach Zellerbach
McCone
Spats Spats
Stonefire
PiLambda PiLambda
PiAlphaPhi PiAlphaPhi
RareTea
Gypsys Gypsys
Stebbins
Safeway Safeway
Warren
Tan
Hargrove
BearFoodCourt BearFoodCourt
SigmaPhiOmega
Evan Evan
Blackwell Blackwell
McLaughlin
GenPlantBio GenPlantBio
Moffitt
Cloyne Cloyne
Jacob
Foothill Foothill
Davis
Browns Browns
Hildebrand Hildebrand
YogurtPark YogurtPark
Unit1 Unit1
Dwinelle
Haas Haas
Crossroads Crossroads
Pavilion Pavilion
Lawrence
UCTheatre UCTheatre
NCEM NCEM
HearstAnnex HearstAnnex
Lothlorien Lothlorien
Haviland
Morgan Morgan
Martinez Martinez
TopDog
GammaPhiBeta GammaPhiBeta
Starbucks
Chipotle Chipotle
MFoundry MFoundry
Fenwick
Barker Barker
Hertz
CVStarr
Unit3 Unit3
CKerr CKerr
WayWest WayWest
Ridge Ridge
Hearst
MLK
Latimer
Mulford Mulford
Crescent Crescent
Edwards Edwards
Easterly Easterly
Rochdale Rochdale
Bowles
Calvin Calvin
Etcheverry Etcheverry
LaVals LaVals
Graduate Graduate
Minor
Memorial
TacoBell TacoBell
Maxwell Maxwell
Barrows Barrows
AlphaSigmaPhi AlphaSigmaPhi
Marugame
SigmaOmicronPi
Pimentel
Stacks Stacks
Sherman Sherman
Milano
IndianRock IndianRock
