Cory Greek Morrison Hertz Kroeber Hertz Morrison Evans Latimer Stanley Latimer Evans Wheeler Doe Campanile LeConte Birge Campbell Haviland Memorial McLaughlin South Stephens HearstAnnex Unit1 HearstAnnex Blackwell HearstAnnex Unit1 Faculty Haas Minor Maxwell MemorialStadium Hargrove MemorialStadium Maxwell Minor Memorial Haviland Wellman RSF Wellman Haviland Campbell LeConte Dwinelle MLK Zellerbach MLK Eshleman MLK Zellerbach VLSB Moffitt CVStarr Moffitt VLSB Zellerbach MLK Dwinelle Wheeler Evans Morrison Greek Cory
37
Cory
Greek Greek
Morrison Morrison
Hertz
Kroeber Boalt Kroeber
Evans
Latimer
Stanley Stanley
Wheeler
Doe
Campanile Campanile
LeConte
Birge Birge
Campbell
Haviland
Memorial
McLaughlin
South
Stephens Stephens
HearstAnnex
Unit1 Unit1
Blackwell Blackwell
Faculty
Haas
Minor
Maxwell Maxwell
MemorialStadium
Hargrove Hargrove
Wellman
RSF RSF
Dwinelle
MLK
Zellerbach Zellerbach
Eshleman Eshleman
VLSB
Moffitt
CVStarr CVStarr
