Wheeler Dwinelle LeConte Birge Campbell Haviland Memorial McLaughlin Memorial Minor Haas Stonefire Haas Faculty FSM Baker McCone CKerr McCone BigC Pavilion PeoplePark Pavilion Simons Koja Legends Koja TriDelta Koja LaNote Unit2 LaNote Simons Pavilion BigC Bongo FallRush Metropolitan Ippuku WayWest Warren Hearst Davis Hearst Cafe3 Cloyne WayWest GBC Anthony HearstAnnex Stephens Moses Stephens South McLaughlin Memorial IHouse Memorial Haviland Wellman RSF Koshland Stonefire Minor Maxwell MemorialStadium Hargrove MemorialStadium Maxwell Minor Haas Faculty FSM Baker CZ Fiji CZ Baker FSM Faculty Unit1 HearstAnnex Morgan CVStarr Moffitt VLSB Etcheverry Latimer Stanley Foothill Stanley Latimer Evans Morrison Hertz Kroeber Wurster Boalt Wurster Kroeber Lewis Greek Bechtel Jacobs Cory Greek Morrison Evans Wheeler Sproul Wheeler Evans Latimer Etcheverry Soda Sather Martinez Sather Unit3 Sather Barker Sather OCF Sather Soda Cheit Soda Etcheverry Latimer Evans Wheeler
36
Jacobs Jacobs
Bechtel Bechtel
Foothill Foothill
Moffitt Moffitt
Birge Birge
Morrison Morrison
Moses Moses
Dwinelle Dwinelle
RSF RSF
Haas Haas
Boalt Boalt
IHouse IHouse
Sproul Sproul
Hargrove Hargrove
McLaughlin McLaughlin
Kroeber Kroeber
Etcheverry Etcheverry
Anthony Anthony
Cheit Cheit
Martinez Martinez
Barker Barker
Unit3 Unit3
OCF OCF
Warren Warren
Cloyne Cloyne
Metropolitan Metropolitan
Davis Davis
Hearst Hearst
Baker Baker
CKerr CKerr
Fiji Fiji
Stonefire Stonefire
PeoplePark PeoplePark
Legends Legends
TriDelta TriDelta
Unit2 Unit2
