MapLocation0 MapLocation182 MapLocation50 MapLocation7 MapLocation10 MapLocation22 MapLocation60 MapLocation13 MapLocation123 MapLocation100 MapLocation94 MapLocation35 MapLocation118 MapLocation125 MapLocation86 MapLocation53 MapLocation152 MapLocation106 MapLocation41 MapLocation185 MapLocation9 MapLocation20 MapLocation183 MapLocation137 MapLocation122 MapLocation92 MapLocation171 MapLocation135 MapLocation192 MapLocation127 MapLocation129 MapLocation42 MapLocation28 MapLocation59 MapLocation154 MapLocation8 MapLocation19 MapLocation18 MapLocation17 MapLocation173 MapLocation104 MapLocation56 MapLocation175 MapLocation79 MapLocation72 MapLocation121 MapLocation61 MapLocation43 MapLocation149 MapLocation133 MapLocation161 MapLocation99 MapLocation57 MapLocation166 MapLocation119 MapLocation136 MapLocation145 MapLocation194 MapLocation105 MapLocation32 MapLocation146 MapLocation97 MapLocation70 MapLocation67 MapLocation36 MapLocation4 MapLocation170 MapLocation12 MapLocation76 MapLocation77 MapLocation15 MapLocation16 MapLocation198 MapLocation102 MapLocation156 MapLocation189 MapLocation153 MapLocation150 MapLocation47 MapLocation62 MapLocation23 MapLocation116 MapLocation148 MapLocation81 MapLocation186 MapLocation128 MapLocation71 MapLocation55 MapLocation96 MapLocation107 MapLocation109 MapLocation85 MapLocation114 MapLocation111 MapLocation164 MapLocation113 MapLocation69 MapLocation103 MapLocation179 MapLocation29 MapLocation0
100
MapLocation0
MapLocation182 MapLocation182
MapLocation50 MapLocation50
MapLocation7 MapLocation7
MapLocation10 MapLocation10
MapLocation22 MapLocation22
MapLocation60 MapLocation60
MapLocation13 MapLocation13
MapLocation123 MapLocation123
MapLocation100 MapLocation100
MapLocation94 MapLocation94
MapLocation35 MapLocation35
MapLocation118 MapLocation118
MapLocation125 MapLocation125
MapLocation86 MapLocation86
MapLocation53 MapLocation53
MapLocation152 MapLocation152
MapLocation106 MapLocation106
MapLocation41 MapLocation41
MapLocation185 MapLocation185
MapLocation9 MapLocation9
MapLocation20 MapLocation20
MapLocation183 MapLocation183
MapLocation137 MapLocation137
MapLocation122 MapLocation122
MapLocation92 MapLocation92
MapLocation171 MapLocation171
MapLocation135 MapLocation135
MapLocation192 MapLocation192
MapLocation127 MapLocation127
MapLocation129 MapLocation129
MapLocation42 MapLocation42
MapLocation28 MapLocation28
MapLocation59 MapLocation59
MapLocation154 MapLocation154
MapLocation8 MapLocation8
MapLocation19 MapLocation19
MapLocation18 MapLocation18
MapLocation17 MapLocation17
MapLocation173 MapLocation173
MapLocation104 MapLocation104
MapLocation56 MapLocation56
MapLocation175 MapLocation175
MapLocation79 MapLocation79
MapLocation72 MapLocation72
MapLocation121 MapLocation121
MapLocation61 MapLocation61
MapLocation43 MapLocation43
MapLocation149 MapLocation149
MapLocation133 MapLocation133
MapLocation161 MapLocation161
MapLocation99 MapLocation99
MapLocation57 MapLocation57
MapLocation166 MapLocation166
MapLocation119 MapLocation119
MapLocation136 MapLocation136
MapLocation145 MapLocation145
MapLocation194 MapLocation194
MapLocation105 MapLocation105
MapLocation32 MapLocation32
MapLocation146 MapLocation146
MapLocation97 MapLocation97
MapLocation70 MapLocation70
MapLocation67 MapLocation67
MapLocation36 MapLocation36
MapLocation4 MapLocation4
MapLocation170 MapLocation170
MapLocation12 MapLocation12
MapLocation76 MapLocation76
MapLocation77 MapLocation77
MapLocation15 MapLocation14 MapLocation15
MapLocation16 MapLocation16
MapLocation198 MapLocation198
MapLocation102 MapLocation102
MapLocation156 MapLocation156
MapLocation189 MapLocation189
MapLocation153 MapLocation153
MapLocation150 MapLocation150
MapLocation47 MapLocation47
MapLocation62 MapLocation62
MapLocation23 MapLocation23
MapLocation116 MapLocation116
MapLocation148 MapLocation148
MapLocation81 MapLocation81
MapLocation186 MapLocation186
MapLocation128 MapLocation128
MapLocation71 MapLocation71
MapLocation55 MapLocation55
MapLocation96 MapLocation96
MapLocation107 MapLocation107
MapLocation109 MapLocation109
MapLocation85 MapLocation85
MapLocation114 MapLocation114
MapLocation111 MapLocation111
MapLocation164 MapLocation164
MapLocation113 MapLocation113
MapLocation69 MapLocation69
MapLocation103 MapLocation103
MapLocation179 MapLocation179
MapLocation29 MapLocation29
