MapLocation0 MapLocation10 MapLocation37 MapLocation11 MapLocation43 MapLocation29 MapLocation39 MapLocation7 MapLocation8 MapLocation47 MapLocation6 MapLocation5 MapLocation18 MapLocation28 MapLocation36 MapLocation23 MapLocation34 MapLocation17 MapLocation24 MapLocation44 MapLocation25 MapLocation42 MapLocation19 MapLocation33 MapLocation20 MapLocation13 MapLocation46 MapLocation0
27
MapLocation0
MapLocation10 MapLocation10
MapLocation37 MapLocation37
MapLocation11 MapLocation11
MapLocation43 MapLocation43
MapLocation29 MapLocation12 MapLocation29
MapLocation39 MapLocation39
MapLocation7 MapLocation7
MapLocation8 MapLocation8
MapLocation47 MapLocation47
MapLocation6 MapLocation6
MapLocation5 MapLocation5
MapLocation18 MapLocation18
MapLocation28 MapLocation28
MapLocation36 MapLocation36
MapLocation23 MapLocation23
MapLocation34 MapLocation34
MapLocation17 MapLocation17
MapLocation24 MapLocation24
MapLocation44 MapLocation44
MapLocation25 MapLocation25
MapLocation42 MapLocation42
MapLocation19
MapLocation33 MapLocation33
MapLocation20 MapLocation20
MapLocation13
MapLocation46 MapLocation46
