1 60 8 78 14 78 71 67 2 171 10 103 5 3 11 3 19 180 26 9 13 9 110 9 181 143 6 143 48 61 30 79 21 79 137 79 187 35 68 22 102 38 20 36 134 44 108 94 114 52 114 54 171 75 63 74 63 145 7 45 180 53 180 66 60 87 127 72 95 57 7 101 147 73 58 28 58 93 190 64 103 117 70 107 61 51 61 69 61 15 122 49 125 86 120 186 139 47 41 47 20 82 20 38 135 76 111 113 147 91 136 89 62 84 88 27 88 199 188 149 12 123 12 138 147 140 167 132 55 121 131 126 37 97 127 92 182 100 68 90 68 159 111 129 111 142 154 180 106 180 161 150 95 148 78 116 133 152 133 39 156 39 177 39 172 56 172 81 157 32 175 166 183 25 153 25 158 147 160 151 17 151 184 161 163 7 23 169 23 185 43 192 67 198 67 114 105 114 29 186 196 99 167 65 146 65 167 130 4 179 4 31 115 98 173 98 115 182 96 174 96 182 92 127 151 80 194 80 151 192 62 104 24 168 189 168 24 104 81 1
168
1 1
60
8 8
78
14 14
71 71
67
2 2
171
10 10
103
5 5
3
11 11
19 19
180
26 26
9
13 13
110 110
181 181
143
6 6
48 48
61
30 30
79
21 21
137 137
187
35 35
68
22 22
102
38 38
20
36 36
134
44 44
108
94 94
114
52 52
54 54
75 75
63
74 74
145 145
7
45 45
53 53
66 66
87 87
127
72 72
95
57 57
101 101
147
73 73
58
28 28
93 93
190
64 64
117 117
70
107 107
51 51
69 69
15
122 122
49
125 125
86
120 120
186
139 139
47
41 41
82 82
135
76 76
111
113 113
91 91
136
89 89
62
84 84
88
27 27
199 199
188
149 149
12
123 123
138 138
140 140
167
132 132
55
121 121
131
126 126
37
97 97
92 92
182
100 100
90 90
159 159
129 129
142
154 154
106 106
161
150 150
148 148
116 116
133
152 152
39
156 156
177 177
172
56 56
81
157 157
32
175 175
166
183 183
25
153 153
158 158
160 160
151
17 17
184 184
163 163
23
169 169
185 185
43
192 192
198 198
105 105
29
196 196
99
65
146 146
130
4
179 179
31
115
98
173 173
96
174 174
80
194 194
104
24
168
189 189
