1 79 6 10 7 48 8 18 9 78 12 77 14 35 15 35 21 10 17 78 27 74 19 4 22 81 24 86 31 35 23 3 32 69 33 80 29 80 46 44 41 82 42 79 36 2 40 2 68 55 43 48 49 48 50 34 52 35 57 80 53 89 56 97 60 20 63 83 58 83 67 4 66 11 70 11 75 64 71 64 94 54 76 97 90 48 87 48 100 69 96 69 64 98 65 80 73 80 33 13 84 45 84 55 85 93 88 61 25 61 88 93 85 55 79 1
83
1 1
79
6 6
10
7 7
48
8 8
18
9 9
78
12 12
77
14 14
35
15 15
21 21
17 17
27 27
74
19 19
4
22 22
81
24 24
86
31 31
23 23
3
32 32
69
33 33
80
29 29
46 46
44
41 41
82
42 42
36 36
2
40 40
68 68
55
43 43
49 49
50 50
34
52 52
57 57
53 53
89
56 56
97
60 60
20
63 63
83
58 58
67 67
66 66
11
70 70
75 75
64
71 71
94 94
54
76 76
90 90
87 87
100 100
96 96
98 98
65
73 73
13
84
45 45
85
93
88
61
25 25
