0 154 28 29 107 147 126 149 79 36 1 175 152 199 103 26 90 132 15 163 67 91 145 190 122 3 138 55 39 171 11 176 13 160 189 148 74 172 92 169 54 73 47 45 76 94 30 40 170 14 193 123 43 101 121 140 6 51 141 83 5 161 56 50 96 53 52 19 165 22 182 85 87 66 60 100 124 81 159 38 181 99 195 77 110 168 44 72 192 41 25 0
91
0 0
154 154
28 28
29 29
107 107
147 147
126 126
149 149
79 79
36 36
1 1
175 175
152 152
199 199
103 103
26 26
90 90
132 132
15 15
163 163
67 67
91 91
145 145
190 190
122 122
3 3 127
138 138
55 55
39 39
171 171
11 11
176 176
13 13 142
160 160
189 98 178 189
148 148
74 74
172 172
92 92
169 169 197
54 54
73 73
47 47
45 45
76 76
94 94
30 30
40 40
170 170
14 14
193 193
123 123
43 43
101 101
121 121
140 140
6 6 131
51 51
141 18 141
83 83
5 5
161 161
56 56
50 50
96 64 96
53 53
52 52
19 19
165 165
22 22
182 182
85 85
87 87
66 66
60 60
100 100
124 124
81 81
159 159
38 38
181 181
99 99
195 195
77 77
110 110
168 168
44 44
72 72
192 192
41 20 41
25 25
