1 3 13 16 47 6 49 31 21 33 36 27 26 8 2 44 37 9 41 77 50 35 55 34 42 84 10 51 57 61 68 69 59 82 53 60 74 86 80 83 85 106 58 56 70 81 103 99 87 75 88 102 92 127 124 136 144 95 159 130 137 151 116 138 97 89 164 165 141 110 101 162 143 139 133 111 129 157 156 182 176 131 140 150 167 174 126 184 171 161 177 193 189 20 198 200 198 1
96
1 1
3 3 169
13 13
16 16
47 47
6 6
49 49
31 31
21 21
33 33
36 36
27 27
26 26
8 8
2 2
44 44
37 37
9 9
41 41
77 77
50 50
35 35
55 55
34 34
42 42
84 84
10 10
51 51
57 57
61 61
68 68
69 69
59 59
82 82
53 53
60 60
74 74
86 86
80 80
83 83
85 85
106 106
58 58
56 56
70 70
81 81
103 103
99 99
87 87
75 75
88 88
102 102
92 92
127 127
124 124
136 136
144 144
95 95
159 159
130 130
137 137
151 151
116 116
138 138
97 97
89 89
164 164
165 165
141 141
110 110
101 101
162 162
143 143
139 139
133 133
111 111
129 129
157 157
156 156
182 182
176 176
131 131
140 140
150 150
167 167
174 174
126 126
184 184
171 171
161 161
177 177
193 193
189 189
20 20
198 198
200 200
