0 50 51 50 65 64 53 52 53 64 65 50 0 15 14 3 2 3 14 12 16 17 13 11 4 11 13 9 10 9 20 21 30 22 30 34 33 47 44 48 49 48 44 47 33 34 30 29 23 24 26 25 26 24 23 27 23 29 30 35 37 38 36 42 46 42 36 38 41 40 41 38 37 35 30 21 20 18 7 8 5 8 6 8 7 18 20 9 13 17 16 12 14 15 0 50 65 64 62 66 67 63 61 54 61 63 59 60 59 70 71 80 72 80 84 83 97 94 98 99 98 94 97 83 84 80 79 73 74 76 75 76 74 73 77 73 79 80 85 87 88 86 92 96 92 86 88 91 90 91 88 87 85 80 71 70 68 57 58 55 58 56 58 57 68 70 59 63 67 66 62 64 65 50 0
85
0 1
50
51 51
65
64
53 53
52 52
15
14
3 3
2 2
12
16
17
13
11
4 4
9
10 10
20
21
30
22 22
34
33 33
47 47
44 44
48 48
49 49
29
23
24 24
26 26
25 25
27 27
35
37
38
36 36
42 42
46 46
41 41
40 40
18
7
8
5 5
6 6
62
66
67
63
61
54 54
59
60 60
70
71
80
72 72
84
83 83
97 97
94 94
98 98
99 99
79
73
74 74
76 76
75 75
77 77
85
87
88
86 86
92 92
96 96
91 91
90 90
68
57
58
55 55
56 56
