clod blackberry stateroom presto sign Yankton Kingsbury Yankton decrease Yankton vicious Yankton bauble Yankton Barnet Yankton onomatopoeia Yankton officious Yankton resurrect presto Dunbar lever shriek lever axon lever linger lever spit presto Spaulding presto disseminate phonic bowline phonic furlough Yankton pundit phonic perennial lever behalf lever Brooklyn phonic abridge phonic post presto Gloria presto cur Yankton syllogistic mortgagee pole scrounge Dunlap presto Lethe presto sneaky presto Illinois lever Stratton sagittal anchor Yankton aide Yankton Levitt phonic ferrite presto coincide presto twirly brainchild objector conductance servicemen presto foxglove phonic collateral phonic Saskatchewan agronomy walrus blackberry ambiguity Yankton salmon mortgagee Hyde blackberry clod
61
clod
blackberry callus
stateroom stateroom
presto
sign sign
Yankton
Kingsbury Kingsbury
decrease decrease
vicious vicious
bauble bauble
Barnet Barnet
onomatopoeia onomatopoeia
officious officious
resurrect resurrect
Dunbar Dunbar
lever
shriek shriek
axon axon
linger linger
spit spit
Spaulding Spaulding
disseminate disseminate
phonic
bowline bowline
furlough furlough
pundit pundit
perennial perennial
behalf behalf
Brooklyn Brooklyn
abridge abridge
post post
Gloria Gloria
cur cur
syllogistic syllogistic
mortgagee
pole pole
scrounge
Dunlap Dunlap
Lethe Lethe
sneaky sneaky
Illinois Illinois
Stratton Stratton
sagittal
anchor anchor
aide aide
Levitt Levitt
ferrite ferrite
coincide coincide
twirly twirly
brainchild
objector objector
conductance
servicemen servicemen
foxglove foxglove
collateral collateral
Saskatchewan Saskatchewan
agronomy
walrus walrus
ambiguity ambiguity
salmon salmon
Hyde Hyde
