cure coralberry hypotonic Verdi swoop Britannica marquess salary roost periphery reflectance coralberry Negroid coralberry Bridgeport coralberry Muscat tick Brillouin St logjam St indignity bear upheld coralberry item periphery obfuscate periphery ineducable coralberry greet tick belch loop Moe bear lint bear seem St Blackman St stupor St latch St Vichy coralberry cure
34
cure
coralberry Delphi
hypotonic hypotonic
Verdi
swoop swoop
Britannica
marquess marquess
salary
roost roost
periphery
reflectance reflectance
Negroid Negroid
Bridgeport Bridgeport
Muscat Muscat
tick
Brillouin Brillouin
St
logjam logjam
indignity indignity
bear
upheld upheld
item item
obfuscate obfuscate
ineducable ineducable
greet greet
belch belch
loop
Moe Moe
lint lint
seem seem
Blackman Blackman
stupor stupor
latch latch
Vichy Vichy
