A0 X4 S6 D3 Y3 X1 Z6 Y4 S2 K1 A1 I5 A2 X0 C3 E5 O4 Y6 A7 R6 F6 J0 P2 I3 V6 C4 E3 R5 B4 M3 O5 Q0 L5 W6 T3 J1 G0 F4 X3 E1 M0 T2 W5 I1 L0 M4 P0 S1 X2 N1 B2 U6 U2 Z1 R3 F3 T5 Z4 J6 C7 M5 N2 C0 R4 G1 X6 Q6 M6 Q5 G3 K2 E4 I0 Y0 D0 A5 H0 B5 Q4 G4 D2 K4 W4 A6 Z3 W2 C6 V2 P5 P6 G6 J5 T6 A4 H6 F0 Z5 M1 O3 D7 A0
100
A0 A0
X4 X4
S6 S6
D3 D3
Y3 Y3
X1 X1
Z6 Z6
Y4 Y4
S2 S2
K1 K1
A1 A1
I5 I5
A2 A2
X0 X0
C3 C3
E5 E5
O4 O4
Y6 Y6
A7 A7
R6 R6
F6 F6
J0 J0
P2 P2
I3 I3
V6 V6
C4 C4
E3 E3
R5 R5
B4 B4
M3 M3
O5 O5
Q0 Q0
L5 L5
W6 W6
T3 T3
J1 J1
G0 G0
F4 F4
X3 X3
E1 E1
M0 M0
T2 T2
W5 W5
I1 I1
L0 L0
M4 M4
P0 P0
S1 S1
X2 X2
N1 N1
B2 B2
U6 U6
U2 U2
Z1 Z1
R3 R3
F3 F3
T5 T5
Z4 Z4
J6 J6
C7 C7
M5 M5
N2 N2
C0 C0
R4 R4
G1 G1
X6 X6
Q6 Q6
M6 M6
Q5 Q5
G3 G3
K2 K2
E4 E4
I0 I0
Y0 Y0
D0 D0
A5 A5
H0 H0
B5 B5
Q4 Q4
G4 G4
D2 D2
K4 K4
W4 W4
A6 A6
Z3 Z3
W2 W2
C6 C6
V2 V2
P5 P5
P6 P6
G6 G6
J5 J5
T6 T6
A4 A4
H6 H6
F0 F0
Z5 Z5
M1 M1
O3 O3
D7 D7
