0 183 190 118 38 197 38 118 93 151 144 151 181 153 139 30 140 171 63 131 35 131 63 171 140 129 140 171 135 97 135 137 121 137 66 44 66 106 127 106 111 90 143 77 160 108 148 46 4 174 3 91 181 153 23 153 181 18 103 28 9 33 133 41 103 18 181 153 139 145 72 27 147 58 130 193 60 124 60 78 186 55 186 78 86 157 21 59 164 126 177 16 92 70 92 9 14 134 52 178 195 158 69 64 122 128 68 192 150 99 141 65 130 175 34 100 163 8 31 8 45 159 151 167 142 121 137 48 76 48 137 188 39 115 5 185 22 149 63 171 17 6 103 28 9 136 47 7 47 136 9 28 103 85 89 85 103 6 17 171 63 149 26 0
112
0
183 183
190
118
38 38
197 197
93 93
151 151
144 144
181 181
153
139
30 30
140 140
171
63 63
131
35 35
129 129
135
97 97
137 137
121 121
66
44 44
106 106
127 127
111
90 90
143
77 77
160
108 108
148
46 46
4 4
174 174
3 3
91 91
23 23
18
103
28
9
33 33
133 133
41 41
145 145
72
27
147
58 58
130
193
60 60
124 124
78
186 186
55 55
86
157 157
21 21
59
164
126
177 177
16 16
92
70 70
14 14
134
52
178 178
195 195
158 158
69 69
64 64
122
128
68
192
150 150
99
141 141
65
175
34 34
100
163
8
31 31
45
159 159
167 167
142
48 48
76 76
188
39 39
115 115
5
185
22 22
149
17
6
136
47
7 7
85
89 89
26
