0 74 32 94 30 19 37 63 91 33 82 52 15 65 98 62 99 96 25 16 41 44 72 47 28 84 28 35 27 81 27 35 89 67 49 23 93 8 58 97 61 42 61 97 68 39 85 66 80 70 22 60 92 51 73 64 95 33 91 26 76 15 27 35 28 84 77 38 83 38 77 84 28 47 48 56 40 78 71 75 71 78 1 32 74 0
64
0
74 74
32 32
94
30 30
19 19
37
63 63
91
33 33
82
52
15 15
65 65
98 98
62
99 99
96 96
25 25
16 16
41
44 44
72
47
28
84 84
35
27
81 81
89 89
67
49 49
23 23
93
8
58 58
97
61 61
42 42
68
39
85
66
80 80
70
22 22
60
92
51 51
73
64 64
95
26
76 76
77
38 38
83 83
48
56
40
78
71
75 75
1
