0 51 0 1 177 1 21 32 50 32 91 90 23 103 23 14 63 14 196 14 64 27 11 85 11 113 11 44 106 44 37 45 152 45 59 101 104 101 111 101 59 127 59 76 59 96 54 20 19 169 19 69 145 69 19 52 80 52 56 102 56 52 143 144 176 180 194 180 176 144 143 52 19 33 68 155 68 17 55 57 55 65 7 35 7 77 9 22 58 86 109 130 109 86 58 22 92 40 36 82 179 82 36 17 12 18 178 18 12 150 191 150 12 66 31 39 88 168 88 39 28 10 160 10 15 163 15 30 1 70 105 70 1 95 121 95 59 118 126 118 59 45 37 25 43 183 43 61 16 7 27 53 123 131 140 131 123 53 74 6 0
100
0
51 51
1
177 177
21 21
32 32
50 50
91 91
90
23 23
103 103
14
63 63
196 196
64
27 27
11
85 85
113 113
44
106 106
37
45 45
152 152
59
101 101
104 104
111 111
127 127
76 76
96 96
54 54
20
19
169 169
69
145 145
52
80 80
56
102 102
143
144
176 176
180 180
194 194
33
68 68
155 155
17
55
57 57
65
7
35 35
77 77
9 9
22
58 58
86
109 109
130 130
92 92
40
36
82
179 179
12
18
178 178
150
191 191
66
31 31
39
88
168 168
28
10
160 160
15
163 163
30
70
105 105
95
121 121
118
126 126
25
43
183 183
61
16
53
123
131
140 140
74
6
