0 2 28 2 34 2 0 37 78 7 15 41 66 57 8 40 4 40 8 57 66 41 49 29 57 66 41 12 41 66 55 42 31 42 19 35 20 50 39 50 20 18 94 14 52 38 52 45 52 38 75 86 26 32 30 36 74 23 17 48 74 44 21 44 74 27 40 95 16 95 10 47 57 8 43 8 40 4 9 73 3 79 33 95 40 4 5 24 13 24 11 27 40 8 57 29 46 29 57 68 22 68 57 8 6 8 57 66 45 52 38 25 24 92 0
64
0
2 2
28 28
34 34
37 37
78
7 7
15 15
41 41
66
57
8 8
40 40
4 4
49 49
29 29
12 12
55
42 42
31 31
19 19
35 35
20 20
50 50
39 39
18 18
94 1
14 14
52
38 38
45 45
75
86
26 26
32 32
30 30
36 36
74
23 23
17 17
48 48
44 44
21 21
27 27
95
16 16
10 10
47 47
43 43
9 9
73
3 3
79
33 33
5 5
24 24
13 13
11 11
46 46
68
22 22
6 6
25 25
92
