TN93ZjZBMIgkJh9ck6Ha jy3jNWgqegakpFSv6gUm oTKjE2BVS0AvV4XvUeLk e3j3O8zLHFaoF4L54lX4 5f6BSghRQWi4UfjviKjn 6yzFaM9N8M8BsjLACDds yAYyOcL4ZKdEiLdSPQJm RBvtNZMBTgecfVkYzQF0 w5Yg5o0VnYd77fs4XPRL j2d1svPUTAqQIDPXwffl lRM59z2yUMoVl3kzgo9u bVCSBWLjvEmxQEUvDzc4 X0l14s0sRXjXSeLRZLOJ qz4O4bOhKA0YZxpN4mu9 C4VxHS7oWghMg001nCqT MrSQPZSbMdgYshneAfKf ki0pv73E3TweydEr2xMN o9aZyqilfPONdyLlpTRX UMmbOoOKP6EkLMuN70H3 KtbSULrz2h1IxsKP2DHz RpB10dFWsUl9DC779n8X ZhHxBzOYsJAOHrqq4mZM m1eNgjuhkxodElFqqgdb EY74ASuADSlYlDTJLkL6 uNXUIWejT1w4vLTe7QBt VThEkwdtHmaZ1zsmfh4s LJTA7Za5kd0YC7vjiAyc 69TQpRojisYUrVnWqBaA 9OL9rFCWxsvkui0BnJrR fbJ1XhavEsRSCGVVB1U1 olDP1pNg8HxpvCq8TOIJ K674cUKePzN7aRSq4iqU o53aRQwjhcCKlIFPSjvf o2dWBGyrvosFrr6mKxkG SUNxIlWVwIvWYg6OTKeH wy0RiFWOddqgqdcatQ9A fpPjeU3Q7Ml0oxbNnONE 6X2CNJieZ0I5rs3Wfu65 nmetx4LmU9YBYTmghDrT 1ZOzWuPMAgV9noIUn6fI FMx2ghinkTg3bXUUbaTx jHmvxfAZsjs2mCnHbbFf 4jo8IXw984NR3wvT2Dr9 TN93ZjZBMIgkJh9ck6Ha
43
TN93ZjZBMIgkJh9ck6Ha zWpsWJk9vbOt0JkC0vhz
jy3jNWgqegakpFSv6gUm jy3jNWgqegakpFSv6gUm
oTKjE2BVS0AvV4XvUeLk oTKjE2BVS0AvV4XvUeLk
e3j3O8zLHFaoF4L54lX4 e3j3O8zLHFaoF4L54lX4
5f6BSghRQWi4UfjviKjn 5f6BSghRQWi4UfjviKjn
6yzFaM9N8M8BsjLACDds 6yzFaM9N8M8BsjLACDds
yAYyOcL4ZKdEiLdSPQJm yAYyOcL4ZKdEiLdSPQJm
RBvtNZMBTgecfVkYzQF0 RBvtNZMBTgecfVkYzQF0
w5Yg5o0VnYd77fs4XPRL w5Yg5o0VnYd77fs4XPRL
j2d1svPUTAqQIDPXwffl j2d1svPUTAqQIDPXwffl
lRM59z2yUMoVl3kzgo9u lRM59z2yUMoVl3kzgo9u
bVCSBWLjvEmxQEUvDzc4 bVCSBWLjvEmxQEUvDzc4
X0l14s0sRXjXSeLRZLOJ X0l14s0sRXjXSeLRZLOJ 1GbSD7rTlpNb4qV46SKR
qz4O4bOhKA0YZxpN4mu9 qz4O4bOhKA0YZxpN4mu9
C4VxHS7oWghMg001nCqT lYkJhGqsFKbDklNelAfr C4VxHS7oWghMg001nCqT
MrSQPZSbMdgYshneAfKf MrSQPZSbMdgYshneAfKf GvRFaXYJvrU5PAeeG88T
ki0pv73E3TweydEr2xMN saIZq3FqZhdVPNoQWmqU ki0pv73E3TweydEr2xMN
o9aZyqilfPONdyLlpTRX o9aZyqilfPONdyLlpTRX
UMmbOoOKP6EkLMuN70H3 UMmbOoOKP6EkLMuN70H3
KtbSULrz2h1IxsKP2DHz KtbSULrz2h1IxsKP2DHz
RpB10dFWsUl9DC779n8X RpB10dFWsUl9DC779n8X
ZhHxBzOYsJAOHrqq4mZM ZhHxBzOYsJAOHrqq4mZM
m1eNgjuhkxodElFqqgdb m1eNgjuhkxodElFqqgdb
EY74ASuADSlYlDTJLkL6 EY74ASuADSlYlDTJLkL6
uNXUIWejT1w4vLTe7QBt uNXUIWejT1w4vLTe7QBt
VThEkwdtHmaZ1zsmfh4s VThEkwdtHmaZ1zsmfh4s
LJTA7Za5kd0YC7vjiAyc LJTA7Za5kd0YC7vjiAyc
69TQpRojisYUrVnWqBaA 69TQpRojisYUrVnWqBaA q1ntlEPy5TkjTDK1N7QA
9OL9rFCWxsvkui0BnJrR 9OL9rFCWxsvkui0BnJrR
fbJ1XhavEsRSCGVVB1U1 fbJ1XhavEsRSCGVVB1U1
olDP1pNg8HxpvCq8TOIJ olDP1pNg8HxpvCq8TOIJ
K674cUKePzN7aRSq4iqU jjCSZnB5168QDqTrFROq K674cUKePzN7aRSq4iqU
o53aRQwjhcCKlIFPSjvf o53aRQwjhcCKlIFPSjvf
o2dWBGyrvosFrr6mKxkG o2dWBGyrvosFrr6mKxkG
SUNxIlWVwIvWYg6OTKeH SUNxIlWVwIvWYg6OTKeH
wy0RiFWOddqgqdcatQ9A wy0RiFWOddqgqdcatQ9A
fpPjeU3Q7Ml0oxbNnONE fpPjeU3Q7Ml0oxbNnONE
6X2CNJieZ0I5rs3Wfu65 vy2boLWO2lxg10y7uS0y 6X2CNJieZ0I5rs3Wfu65
nmetx4LmU9YBYTmghDrT nmetx4LmU9YBYTmghDrT
1ZOzWuPMAgV9noIUn6fI 1ZOzWuPMAgV9noIUn6fI
FMx2ghinkTg3bXUUbaTx FMx2ghinkTg3bXUUbaTx
jHmvxfAZsjs2mCnHbbFf jHmvxfAZsjs2mCnHbbFf
4jo8IXw984NR3wvT2Dr9 4jo8IXw984NR3wvT2Dr9
