eah fjy vmv fbk nko nhi vzr jgt nry cun kpp xeh aeg vtd hmi rjv idv ukv nii ljd tso tdu zkt qdw qkp yug qkp nvz lvm fia nmf ocp wyg pjf gex qxs ruo byu ttw bda svk vvn nwn uuw vmt emz wiy qbf rir ksg tlh ceo xjt fgp vlb mok vlb adx kxn fin dgl ils jfh miy kgl krr bod ogh kcv qjf xpy nsw dkp rsg ckx loj uok cen ego kfu ybr jam phg zud ask zdb qzf nwc xnr khu vwg pvs fzi lwk nfr lrj txq rtc hpx wbg aii bdh rtc pvs ikb xme fhv hcr mti bnl eah
106
eah
fjy fjy
vmv vmv
fbk fbk
nko nko
nhi nhi
vzr vzr fyc
jgt jgt
nry nry
cun cun
kpp kpp
xeh xeh
aeg aeg
vtd vtd
hmi hmi
rjv rjv
idv idv
ukv ukv
nii nii
ljd ljd cma
tso tso
tdu tdu
zkt zkt
qdw qdw
qkp
yug yug
nvz nvz
lvm lvm
fia fia
nmf nmf
ocp ocp
wyg wyg
pjf pjf
gex gex
qxs qxs
ruo ruo
byu byu
ttw ttw ptu
bda bda
svk uau svk
vvn vvn
nwn
uuw uuw
vmt vmt
emz emz
wiy wiy
qbf qbf
rir
ksg ksg
tlh tlh
ceo
xjt xjt
fgp fgp
vlb
mok mok
adx adx
kxn kxn
fin fin
dgl dgl
ils ils
jfh jfh
miy miy
kgl
krr krr
bod bod
ogh ogh
kcv uwo
qjf qjf tko
xpy
nsw nsw
dkp
rsg rsg
ckx ckx
loj loj
uok uok
cen cen
ego ego
kfu kfu
ybr ybr
jam jam
phg phg
zud zud
ask
zdb zdb
qzf
nwc nwc
xnr
khu khu
vwg vwg
pvs pvs
fzi fzi
lwk lwk
nfr nfr
lrj lrj
txq txq
rtc rtc
hpx hpx
wbg wbg
aii aii
bdh bdh
ikb ikb
xme xme
fhv fhv
hcr hcr
mti mti
bnl bnl
