wcd hob pzr hwc scm aur scm qzx rcw uua vxn rfl uyd gfr zuz ivp ryg hcc ovx ijd dqy jwx yvc wpu ipq mtd cwq brw ctf gei cim eqa mis kxx vfq ncc hip hyb xie azv oqv rti zwf hsi sau txp ufa cib mpw boc faq wcd
50
wcd wcd
hob
pzr pzr
hwc hwc
scm scm
aur aur
qzx hlc qzx
rcw rcw
uua uua
vxn vxn
rfl rfl
uyd rov uyd
gfr gfr
zuz zuz lmh
ivp ivp
ryg jvc
hcc hcc
ovx ovx
ijd ijd
dqy dqy
jwx jwx
yvc yvc
wpu yiy
ipq ipq yfq
mtd gcw mtd
cwq cwq
brw brw
ctf ctf
gei gei
cim cim
eqa eqa
mis mis
kxx
vfq vfq
ncc ncc
hip hip
hyb hyb
xie xie
azv azv
oqv oqv
rti rti
zwf
hsi hsi
sau sau
txp
ufa ufa
cib cib
mpw mpw
boc boc
faq
