Balsdon 18th Smoke Banning Merced Oceanside Chinese Fremont Clayton Calaveras Meyers Potrero Hume Richvale Carmel Laguna Ames Santa Woffard Linden Warner All Boulevard Fiorini Huron Ida Sherman Balsdon
27
Balsdon Balsdon
18th 18th
Smoke Smoke
Banning Banning
Merced Merced
Oceanside Oceanside
Chinese Chinese
Fremont Fremont
Clayton Clayton
Calaveras Calaveras
Meyers Meyers
Potrero Potrero
Hume Hume
Richvale Richvale
Carmel Carmel
Laguna Laguna
Ames Ames
Santa Santa
Woffard Woffard
Linden Linden
Warner Warner
All All
Boulevard Boulevard
Fiorini Fiorini
Huron
Ida Ida
Sherman
