Castle Potrero Hoffman Kaiser Rowland Civic Collins Mecca Flinn Dulzura Roseland Presidio Richvale Bodad Bell Bradley Huron Cerro Temecula Pacheco Fox Chittenden Armstrong Sunny Strawberry All Stockdale Robertsville Saint Bangor Smith Terra Quail Parchester Warner Industry Marshall Clayton Del Helm Tijuana Manker Crestmont Louis Bakersfield Sacramento Cabbage Timbuctoo Sulpizio Garcia Yurok Escondido Smoke Lake Wallace Winterhaven Brundage Capuchino Glencoe Alamo Cambridge Pleasant Woody Bonny Blue Three Fullerton Balboa Beach California Ritter Rough Le Santa Cudahy Fiorini Donner Coddingtown Escalon Anaheim Industrial Portola Costa Sherman Ramona Downtown Buena Yankee Calaveras Cressey Hammer Grasslands Forbestown Veterans Delta Carmel Moores Timbuctoo Antelope South Cypress Cherokee Castle
101
Castle
Potrero Potrero
Hoffman Hoffman
Kaiser Kaiser
Rowland Rowland
Civic Civic
Collins Collins
Mecca Mecca
Flinn Flinn
Dulzura Dulzura
Roseland Roseland
Presidio Presidio
Richvale Richvale
Bodad Bodad
Bell Bell
Bradley Bradley
Huron Huron
Cerro Cerro
Temecula Temecula
Pacheco Pacheco
Fox Fox
Chittenden Chittenden
Armstrong Armstrong
Sunny Sunny
Strawberry Strawberry
All All
Stockdale Stockdale
Robertsville Robertsville
Saint Saint
Bangor Bangor
Smith Smith
Terra Terra
Quail Quail
Parchester Parchester
Warner Warner
Industry Industry
Marshall Marshall
Clayton Clayton
Del Del
Helm Helm
Tijuana Tijuana
Manker Manker
Crestmont Crestmont
Louis Louis
Bakersfield Bakersfield
Sacramento Sacramento
Cabbage Cabbage
Timbuctoo Timbuctoo
Sulpizio Sulpizio
Garcia Garcia
Yurok Yurok
Escondido Escondido
Smoke Smoke
Lake Lake
Wallace Wallace
Winterhaven Winterhaven
Brundage Brundage
Capuchino Capuchino
Glencoe Glencoe
Alamo Alamo
Cambridge Cambridge
Pleasant Pleasant
Woody Woody
Bonny Bonny
Blue Blue
Three Three
Fullerton Fullerton
Balboa Balboa
Beach Beach
California California
Ritter Ritter
Rough Rough
Le Le
Santa Santa
Cudahy Cudahy
Fiorini Fiorini
Donner Donner
Coddingtown Coddingtown
Escalon Escalon
Anaheim Anaheim
Industrial Industrial
Portola Portola
Costa Costa
Sherman Sherman
Ramona Ramona
Downtown Davenport Downtown
Buena Buena
Yankee Yankee
Calaveras Calaveras
Cressey Cressey
Hammer Hammer
Grasslands Grasslands
Forbestown Forbestown
Veterans Veterans
Delta Delta
Carmel Carmel
Moores Moores
Antelope Antelope
South South
Cypress Cypress
Cherokee
