Balsdon Quail Santa Green Shafter Mount Jane Woffard Laguna Kentfield Pumpkin Forest Cypress Elmira Granite Yurok Welden All Bonita Richvale Kern Beach Sherman Encanto Riverside Foothills Willow Woodbridge Vernon Garden Homestead Moccasin City Clayton Presidio Glencoe McAuley Vista Ames Alpaugh Two Cabbage Warner Chinese Banning Smoke Costa Delta Balsdon
48
Balsdon
Quail Quail
Santa Santa
Green Green
Shafter Shafter
Mount Mount
Jane Los Jane
Woffard Woffard
Laguna Laguna
Kentfield Kentfield
Pumpkin Pumpkin
Forest Forest
Cypress Cypress
Elmira Elmira
Granite Granite
Yurok Yurok
Welden Welden
All All
Bonita Cherokee Bonita
Richvale Richvale
Kern Kern
Beach Ramona Beach
Sherman Sherman
Encanto Encanto
Riverside Riverside
Foothills Foothills
Willow Willow
Woodbridge Woodbridge
Vernon Vernon
Garden Garden
Homestead Homestead
Moccasin Moccasin
City City
Clayton Clayton
Presidio Presidio
Glencoe Glencoe
McAuley McAuley
Vista Vista
Ames Ames
Alpaugh Alpaugh
Two Two
Cabbage Cabbage
Warner Warner
Chinese Chinese
Banning Banning
Smoke Smoke
Costa Costa
Delta Delta
