loc0 loc73 loc9 loc11 loc23 loc13 loc19 loc17 loc15 loc43 loc53 loc45 loc79 loc29 loc7 loc65 loc97 loc71 loc5 loc21 loc25 loc33 loc49 loc41 loc77 loc37 loc27 loc31 loc67 loc83 loc61 loc69 loc39 loc87 loc47 loc81 loc55 loc99 loc75 loc85 loc3 loc35 loc51 loc91 loc93 loc59 loc63 loc89 loc57 loc0
49
loc0
loc73 loc73
loc9 loc9
loc11 loc11
loc23 loc23
loc13 loc13
loc19 loc19
loc17 loc1 loc17
loc15 loc15
loc43 loc43 loc95
loc53 loc53
loc45 loc45
loc79 loc79
loc29 loc29
loc7 loc7
loc65 loc65
loc97 loc97
loc71 loc71
loc5 loc5
loc21 loc21
loc25 loc25
loc33 loc33
loc49 loc49
loc41 loc41
loc77 loc77
loc37 loc37
loc27 loc27
loc31 loc31
loc67 loc67
loc83 loc83
loc61 loc61
loc69 loc69
loc39 loc39
loc87 loc87
loc47 loc47
loc81 loc81
loc55 loc55
loc99 loc99
loc75 loc75
loc85 loc85
loc3 loc3
loc35 loc35
loc51 loc51
loc91 loc91
loc93 loc93
loc59 loc59
loc63 loc63
loc89 loc89
loc57 loc57
