loc0 loc45 loc159 loc65 loc25 loc55 loc149 loc7 loc129 loc5 loc83 loc15 loc21 loc11 loc75 loc115 loc35 loc43 loc3 loc23 loc81 loc37 loc71 loc27 loc131 loc107 loc41 loc49 loc33 loc109 loc63 loc193 loc53 loc13 loc185 loc69 loc19 loc141 loc99 loc57 loc85 loc61 loc31 loc121 loc77 loc51 loc87 loc9 loc17 loc47 loc97 loc29 loc93 loc73 loc133 loc113 loc181 loc179 loc59 loc123 loc67 loc95 loc153 loc117 loc169 loc175 loc39 loc89 loc157 loc163 loc103 loc79 loc127 loc135 loc105 loc139 loc143 loc111 loc165 loc147 loc125 loc145 loc161 loc195 loc183 loc167 loc137 loc197 loc187 loc91 loc173 loc151 loc101 loc189 loc177 loc171 loc191 loc199 loc155 loc32 loc0
100
loc0
loc45 loc45
loc159 loc159
loc65 loc65
loc25 loc25
loc55 loc1 loc55
loc149 loc149
loc7 loc7
loc129 loc129
loc5 loc5
loc83 loc83
loc15 loc15
loc21 loc21
loc11 loc11
loc75 loc75
loc115 loc115
loc35 loc35
loc43 loc43
loc3 loc3
loc23 loc23
loc81 loc81
loc37 loc37
loc71 loc71
loc27 loc27
loc131 loc131
loc107 loc107
loc41 loc41
loc49 loc49 loc119
loc33 loc33
loc109 loc109
loc63 loc63
loc193 loc193
loc53 loc53
loc13 loc13
loc185 loc185
loc69 loc69
loc19 loc19
loc141 loc141
loc99 loc99
loc57 loc57
loc85 loc85
loc61 loc61
loc31 loc31
loc121 loc121
loc77 loc77
loc51 loc51
loc87 loc87
loc9 loc9
loc17 loc17
loc47 loc47
loc97 loc97
loc29 loc29
loc93 loc93
loc73 loc73
loc133 loc133
loc113 loc113
loc181 loc181
loc179 loc179
loc59 loc59
loc123 loc123
loc67 loc67
loc95 loc95
loc153 loc153
loc117 loc117
loc169 loc169
loc175 loc175
loc39 loc39
loc89 loc89
loc157 loc157
loc163 loc163
loc103 loc103
loc79 loc79
loc127 loc127
loc135 loc135
loc105 loc105
loc139 loc139
loc143 loc143
loc111 loc111
loc165 loc165
loc147 loc147
loc125 loc125
loc145 loc145
loc161 loc161
loc195 loc195
loc183 loc183
loc167 loc167
loc137 loc137
loc197 loc197
loc187 loc187
loc91 loc91
loc173 loc173
loc151 loc151
loc101 loc101
loc189 loc189
loc177 loc177
loc171 loc171
loc191 loc191
loc199 loc199
loc155 loc155
loc32
