Evans Cory Evans WursterHall Campbell Eshelman Marugame Campanile Marugame Gilman BotanicalGardens ClarkKerr DavisHall ClarkKerr ThaiNoodle Dwinelle MLK HildebrandHall MLK LatimerHall Plentea Soda Plentea SutardjaDai Cornerstone ZellerbachHall Bowles HilgardHall Bowles Unit3 Bowles KroeberHall Barrows HortonHall MemorialStadium HortonHall UniversityVillage Yifang BerkeleyWayWest AlumniHouse ImmThai Blackwell Underhill RSF Firewings CaliforniaHall InternationalHouse SatherGate GreekTheatre CanyonPool GreekTheatre SatherGate GiauqueHall SatherGate Doe Plentea StrawberryCreek MemorialGlade Kresge MemorialGlade Milkbomb SouthHall Moffit LeConte Moffit HappyLemon LawrenceHall BancroftLibrary HavilandHall VLSB HearstMining StrawberryCreek Unit1 HAAS Foothill HAAS BAMPFA Barrows Unit2 Stern Unit2 DurantHall Campbell Unit3 Spats Boalt Spats Unit3 Bowles KroeberHall Etcheverry KroeberHall Barrows HortonHall UniversityVillage Wheeler Raretea Yifang BerkeleyWayWest AlumniHouse ImmThai AshaTeaHouse HilgardHall Bowles Unit3 Milkbomb SouthHall HesseHall SouthHall Moffit WursterHall Evans
50
Doe Doe
HearstMining HearstMining
Wheeler Wheeler
Campanile Campanile
LeConte LeConte
Moffit Moffit
Dwinelle Dwinelle
SouthHall SouthHall
Gilman Gilman
CaliforniaHall CaliforniaHall
Bowles Bowles
BancroftLibrary BancroftLibrary
DurantHall DurantHall
Stern Stern
Campbell Campbell
GreekTheatre GreekTheatre
BAMPFA BAMPFA
BerkeleyWayWest BerkeleyWayWest
LawrenceHall LawrenceHall
InternationalHouse InternationalHouse
Unit1 Unit1
Unit2 Unit2
Unit3 Unit3
Foothill Foothill
VLSB VLSB
RSF RSF
Blackwell Blackwell
ZellerbachHall ZellerbachHall
MLK MLK
Eshelman Eshelman
Soda Soda
Cory Cory
Barrows Barrows
HAAS HAAS
AlumniHouse AlumniHouse
Boalt Boalt
BotanicalGardens BotanicalGardens
MemorialStadium MemorialStadium
CanyonPool CanyonPool
DavisHall DavisHall
Kresge Kresge
SutardjaDai SutardjaDai
Etcheverry Etcheverry
GiauqueHall GiauqueHall
UniversityVillage UniversityVillage
HavilandHall HavilandHall
HesseHall HesseHall
HildebrandHall HildebrandHall
HilgardHall HilgardHall
ThaiNoodle ThaiNoodle
