Evans HavilandHall Bonchon HavilandHall Fengcha Ikes Eureka Ikes Gongcha Ikes Fengcha UniversityVillage TToust BobaNinja TennisCourts TPTea TennisCourts BancroftLibrary Cheeseboard BancroftLibrary TennisCourts BobaNinja TToust Crossroads SouthHall Ucha YogurtPark OptometryBuilding LaBurrita Chipotle HearstMining Campbell MemorialGlade Campbell EastAsianLibrary LittleCampanile EastAsianLibrary Campbell HearstMining Chipotle Yifang NorthHall DavisHall TukTukThai BSC ClarkKerr Stern HortonHall Underhill Homeroom TheHabit FireTrails MulfordHall FireTrails BrandyMelville ThaiBasil HesseHall EastBaySpiceCompany HesseHall Kips Muraccis Kips HesseHall EastBaySpiceCompany GSPP Wheeler AndrewsApartment UrbanOutfitters Cornerstone UrbanOutfitters AndrewsApartment Flavia UCafe Flavia SmokesPoutinerie LewisHall Cafe3 ThaiNoodle Doe JambaJuice SteamTrains KroeberHall SteamTrains Underhill HortonHall Shengkee LowerSproul Artichokes SnackShack AmoebaMusic LeConte AshaTeaHouse Bowles Namaste StrawberryCreek Morganhall Jupiter TopDog Jupiter LatimerHall Tilden Gather TraderJoes YogurtPark GreatChina SatherGate GreatChina YogurtPark LaVals Target LaVals YogurtPark Toss LaNote TacoBell LaNote ExtremePizza Cafe3 LeConte Wikiwiki NoodleGirl Teazone NoodleGirl Unit3 LaBurrita BerkeleyBart HappyLemon BerkeleyBart SproulHall BerkeleyBart BigC TenderGreens BigC BerkeleyBart Barrows Safeway BerkeleyThaiHouse SutardjaDai Rachas NatApartment BetaLounge Ikes Fengcha UniversityVillage TToust ImmThai BobbyGPizza InternationalHouse Raretea InternationalHouse BobbyGPizza Marugame Gadani HalalGuys LittleBird FoxTheater GrizzlyPeak Dwinelle GiauqueHall Ikea Milkbomb Blackwell SuperDuperBurgers Pappys HearstAnnex McDonalds Morrisonhall McDonalds ZellerbachHall DurantHall Ikes SweetheartCafe PeoplesCafe PurpleKow Flavia HearstGym WursterHall Spats Evans DavisHall TukTukThai Venus TukTukThai DavisHall Cinnaholic TripleRock Cinnaholic Slivers Cinnaholic Tilden LatimerHall Jupiter TopDog Firewings Quicklys BerkeleyArtStudio SaturnCafe BerkeleyArtStudio Mezzo HAAS Chipotle HearstMining Campbell EastAsianLibrary Gypsys Platano Soda HildebrandHall TPTea Campanile ChezPanisse Campanile TPTea TennisCourts BobaNinja TToust Crossroads LiKaShing BanshoRamen LiKaShing SmokesPoutinerie TheDwight SmokesPoutinerie Flavia UCafe TheHabit Homeroom PokeBar Plentea ClarkKerr BSC TukTukThai DavisHall Evans
150
Evans
HavilandHall
Bonchon Bonchon
Fengcha Fengcha
Ikes Ikes
Eureka Eureka
Gongcha Gongcha
UniversityVillage
TToust
BobaNinja BobaNinja
TennisCourts
TPTea TPTea
BancroftLibrary
Cheeseboard Cheeseboard
Crossroads Crossroads
SouthHall
Ucha Ucha
YogurtPark
OptometryBuilding OptometryBuilding
LaBurrita LaBurrita
Chipotle Chipotle
HearstMining
Campbell
MemorialGlade MemorialGlade
EastAsianLibrary EastAsianLibrary
LittleCampanile LittleCampanile
Yifang Yifang
NorthHall NorthHall
DavisHall
TukTukThai TukTukThai
BSC BSC
ClarkKerr ClarkKerr
Stern
HortonHall HortonHall
Underhill Underhill
Homeroom Homeroom
TheHabit TheHabit
FireTrails
MulfordHall MulfordHall
BrandyMelville
ThaiBasil ThaiBasil
HesseHall
EastBaySpiceCompany EastBaySpiceCompany
Kips Kips
Muraccis Muraccis
GSPP
Wheeler Wheeler
AndrewsApartment AndrewsApartment
UrbanOutfitters UrbanOutfitters
Cornerstone Cornerstone
Flavia
UCafe UCafe
SmokesPoutinerie SmokesPoutinerie
LewisHall LewisHall
Cafe3 Cafe3
ThaiNoodle ThaiNoodle
Doe
JambaJuice JambaJuice
SteamTrains
KroeberHall KroeberHall
Shengkee Shengkee
LowerSproul LowerSproul
Artichokes Artichokes
SnackShack SnackShack
AmoebaMusic AmoebaMusic
LeConte
AshaTeaHouse AshaTeaHouse
Bowles
Namaste Namaste
StrawberryCreek StrawberryCreek
Morganhall Morganhall
Jupiter Jupiter
TopDog TopDog
LatimerHall LatimerHall
Tilden
Gather Gather
TraderJoes TraderJoes
GreatChina GreatChina
SatherGate SatherGate
LaVals
Target Target
Toss
LaNote LaNote
TacoBell TacoBell
ExtremePizza ExtremePizza
Wikiwiki Wikiwiki
NoodleGirl
Teazone Teazone
Unit3
BerkeleyBart
HappyLemon HappyLemon
SproulHall SproulHall
BigC BigC
TenderGreens TenderGreens
Barrows
Safeway Safeway
BerkeleyThaiHouse
SutardjaDai
Rachas Rachas
NatApartment
BetaLounge BetaLounge
ImmThai ImmThai
BobbyGPizza
InternationalHouse
Raretea Raretea
Marugame Marugame
Gadani Gadani
HalalGuys HalalGuys
LittleBird
FoxTheater
GrizzlyPeak GrizzlyPeak
Dwinelle
GiauqueHall
Ikea
Milkbomb Milkbomb
Blackwell
SuperDuperBurgers SuperDuperBurgers
Pappys Pappys
HearstAnnex
McDonalds McDonalds
Morrisonhall Morrisonhall
ZellerbachHall
DurantHall
SweetheartCafe SweetheartCafe
PeoplesCafe PeoplesCafe
PurpleKow
HearstGym
WursterHall WursterHall
Spats Spats
Venus Venus
Cinnaholic
TripleRock TripleRock
Slivers Slivers
Firewings Firewings
Quicklys Quicklys
BerkeleyArtStudio BerkeleyArtStudio
SaturnCafe SaturnCafe
Mezzo Mezzo
HAAS
Gypsys Gypsys
Platano Platano
Soda
HildebrandHall
Campanile
ChezPanisse ChezPanisse
LiKaShing
BanshoRamen BanshoRamen
TheDwight TheDwight
PokeBar PokeBar
Plentea Plentea
