Evans Campanile BerkeleyWayWest Soda Doe UniversityVillage Bowles UniversityVillage HildebrandHall Gilman HildebrandHall CaliforniaHall Barrows Unit3 Campbell GiauqueHall Etcheverry LeConte Foothill HavilandHall Dwinelle HearstMining BotanicalGardens BerkeleyWayWest Wheeler DavisHall SouthHall Unit1 SouthHall DavisHall Stern HesseHall Unit1 Blackwell BancroftLibrary Unit2 DurantHall Unit2 Etcheverry GiauqueHall AlumniHouse InternationalHouse MemorialStadium LawrenceHall GreekTheatre LawrenceHall Kresge Evans BAMPFA Evans
38
Evans Evans
Campanile Campanile
BerkeleyWayWest BerkeleyWayWest
Soda
Doe Doe
UniversityVillage
Bowles Bowles
HildebrandHall
Gilman Gilman
CaliforniaHall CaliforniaHall
Barrows
Unit3 Unit3
Campbell Campbell
GiauqueHall
Etcheverry
LeConte LeConte
Foothill Foothill
HavilandHall
Dwinelle Dwinelle
HearstMining HearstMining
BotanicalGardens
Wheeler Wheeler
DavisHall Moffit
SouthHall SouthHall
Unit1 Unit1
Stern Stern
HesseHall
Blackwell
BancroftLibrary BancroftLibrary
Unit2 Unit2
DurantHall DurantHall
AlumniHouse
InternationalHouse InternationalHouse
MemorialStadium
LawrenceHall LawrenceHall
GreekTheatre GreekTheatre
Kresge
BAMPFA BAMPFA
