Shower0 Robot49 Fence29 BBQ36 Rollers40 Sink37 Android27 Monster32 Elevator35 Boat48 Cone13 Boat48 Allergies7 Laptop22 Puppy19 Websites24 YouTube4 Websites24 Nuclear43 Crab16 Website21 Soda18 Website21 Soap14 Ring33 Ice30 Toilet45 Ice42 Plants3 BBQ38 Prints25 Toilet26 Mail41 Light1 Shoes34 Shower0
24
Light1 Light1 Cat44
Plants3 Plants3
YouTube4 YouTube4
Allergies7 Allergies7
Cone13 Cone13
Crab16 Crab16
Soda18 Soda18
Puppy19 Puppy19
Laptop22 Laptop22
Prints25 Prints25
Toilet26 Toilet26
Android27 Android27
Ice30 Ice30
Monster32 Monster32
Ring33 Ring33
Elevator35 Elevator35
BBQ36 BBQ36
Sink37 Sink37
BBQ38 BBQ38
Mail41 Mail41
Ice42 Ice42
Nuclear43 Nuclear43
Toilet45 Toilet45
Robot49 Robot49
