A E J O W G W X 2 K F P B C D U N V 1 I B2 G2 L2 Q2 Y2 X2 R 20 W2 20 15 Y 5 Z 6 M 8 T 10 H 3 L 7 12 17 Q Q3 127 E3 J3 O3 77 G3 91 L3 91 H3 84 71 64 P3 F3 K3 64 M3 N3 U3 N3 V3 79 80 W3 C3 D3 X3 Y3 X3 D3 I3 104 T3 R3 105 107 C3 W3 80 66 60 55 Z3 Z2 R2 M2 H2 C2 D2 I2 N2 T2 U2 O2 J2 E2 F2 K2 P2 V2 U2 A3 B3 53 A2 53 49 V2 P2 K2 F2 E2 D2 C2 B2 I 1 V N U D C B S A
104
A A
E E
J J
O O
W W
G G
X X
2
K K
F F
P P
B B
C C
D D
U U
N N
V V
1
I I
B2 B2
G2 G2
L2 L2
Q2 Q2
Y2 Y2
X2 X2
R R
20
W2 W2
15
Y Y
5
Z Z
6
M M
8
T T
10
H H
3
L L
7
12
17
Q Q
Q3 Q3
127
E3 E3
J3 J3
O3 O3
77
G3 G3
91
L3 L3
H3 H3
84
71
64
P3 P3
F3 F3
K3 K3
M3 M3
N3 N3
U3 U3
V3 V3
79
80
W3 W3
C3 C3
D3 D3
X3 X3
Y3 Y3
I3 I3
104
T3 T3
R3 R3
105
107
66
60
55
Z3 Z3
Z2 Z2
R2 R2
M2 M2
H2 H2
C2 C2
D2 D2
I2 I2
N2 N2
T2 T2
U2 U2
O2 O2
J2 J2
E2 E2
F2 F2
K2 K2
P2 P2
V2 V2
A3 A3
B3 B3
53
A2 A2
49
S
