S F K J E A E J O W G W X 3 L 3 H 10 T 8 P B C D U N V 1 I B2 G2 L2 Q2 Y2 X2 R 20 W2 20 15 Y 5 Z 6 M N V 1 I B2 C2 H2 M2 R2 Z2 R2 T2 N2 I2 D2 E2 J2 O2 U2 V2 P2 K2 F2 E2 D2 C2 B2 I 5 H 3 G 7 12 17 Q 17 12 7 G W O J E A S B C D 24 25 26 27 A2 27 26 25 24 D C B S
50
A A
B B
C C
D D
A2 A2
E E
F F
P P
U U
J J
K K
M M
N N
O O
T T
V V
W W
X X
Z Z
G G
H H
I I
B2 B2
C2 C2
D2 D2
E2 E2
F2 F2
L L
Y Y
G2 G2
H2 H2
I2 I2
J2 J2
K2 K2
L2 L2
M2 M2
N2 N2
O2 O2
P2 P2
R R
Q2 Q2
R2 R2
T2 T2
U2 U2
V2 V2
Q Q
W2 W2
X2 X2
Y2 Y2
Z2 Z2
