Know ROck maKe ROck MOld ROck cool ROck AND bundled AND Didn AND getting AND U AND you YouLL you in you bored YoULL bored mYself bored tool years tool So tool coNcept tool OnLy tool plAy fRom plAy Live youre Live noW Live up might up For up tHat up way up Live Didnt Live sharpest Live plAy her plAy strEEts plAy And plAy Live up But told But stop But they COuld me COuld gas said gas gold gas re gas COuld wrong COuld gEts COuld they get they t they sense they COuld now COuld gas thin back thin uSe thin live thin To thin myself well myself staR myself know myself Hey myself dumb this dumb Star dumb OnLY dumb coming aLl stAr aLl runningj aLl yep Well yep about yep I rules I GO I yep aLl coming On coming shootinG coming geTS coming aLl differ aLl forehead aLl yep use yep I men water men break men skate men meteor men I with I head I yep of yep aLl coming shape coming dumb glitters dumb myself thin gas shine gas COuld they running they But wait But like But up Live plAy tool bored you roll you brain you bored THat bored the bored you AND ROck little doNt little Your little Judging little till YOURE till HEY till satellite till gOld till You dONt You Only You GeT You play see play Fed play ground play all play if gliTTers if thumb if ice if shoW if play You need You till little GEt little ROck Know
125
Know Know
ROck
maKe maKe
MOld MOld
cool cool
AND
bundled bundled
Didn Didn
getting getting
U U
you
YouLL YouLL
in in
bored
YoULL YoULL
mYself mYself
tool
years years
So So
coNcept coNcept
OnLy OnLy
plAy
fRom fRom
Live
youre youre
noW noW
up
might might
For For
tHat tHat
way way
Didnt Didnt
sharpest sharpest
her her
strEEts strEEts
And And
But
told told
stop stop
they
COuld
me me
gas
said said
gold gold
re re
wrong wrong
gEts gEts
get get
t t
sense sense
now now
thin
back back
uSe uSe
live live
To To
myself
well well
staR staR
know know
Hey Hey
dumb
this this
Star Star
OnLY OnLY
coming
aLl
stAr stAr
runningj runningj
yep
Well Well
about about
I
rules rules
GO GO
On On
shootinG shootinG
geTS geTS
differ differ
forehead forehead
use use
men
water water
break break
skate skate
meteor meteor
with with
head head
of of
shape shape
glitters glitters
shine shine
running running
wait wait
like like
roll roll
brain brain
THat THat
the the
little
doNt doNt
Your Your
Judging Judging
till
YOURE YOURE
HEY HEY
satellite satellite
gOld gOld
You
dONt dONt
Only Only
GeT GeT
play
see see
Fed Fed
ground ground
all all
if
gliTTers gliTTers
thumb thumb
ice ice
shoW shoW
need need
GEt GEt
