some L YouLL L but L glow use glow cool COuld cool of cool it cool glow your glow skate glow L staR L doNt start doNt as doNt To doNt bundled doNt gAme Somebody gAme away gAme smart gAme re years re hole game hole get hole shooting hole re roll re shine re GeT re gAme Hey gAme doNt L some
32
some some
L
YouLL YouLL
but but
glow
use use
cool
COuld COuld
of of
it it
your your
skate skate
staR staR
doNt
start start
as as
To To
bundled bundled
gAme
Somebody Somebody
away away
smart smart
re
years years
hole
game game
get get
shooting shooting
roll roll
shine shine
GeT GeT
Hey Hey
