So GOld say GOld U GOld Fed GOld stop shape much shape youre Live youre what youre shape stop alL stop shape Well shape stop get stop never stop shape youre forehead youre hit youre shape yOure shape youre you GEt you shootinG you strEEts you ground about ground GET ground colder ground SHooting ground In On sense On little On shine On GO On COuld chAnge COuld well COuld yep show yep rules yep My yep COuld see COuld is COuld yep Know yep gett head gett skate gett break gett t gett AND YOURE AND might AND once AND shoW brain shoW mYself shoW now shoW back shoW AND YouLL AND gett yep COuld On In bundled In Didn In To In and In ground you game you youre shape stop GOld So
63
So So
GOld
say say
U U
Fed Fed
stop
shape
much much
youre
Live Live
what what
alL alL
Well Well
get get
never never
forehead forehead
hit hit
yOure yOure
you
GEt GEt
shootinG shootinG
strEEts strEEts
ground
about about
GET GET
colder colder
SHooting SHooting
In
On
sense sense
little little
shine shine
GO GO
COuld
chAnge chAnge
well well
yep
show show
rules rules
My My
see see
is is
Know Know
gett
head head
skate skate
break break
t t
AND
YOURE YOURE
might might
once once
shoW
brain brain
mYself mYself
now now
back back
YouLL YouLL
bundled bundled
Didn Didn
To To
and and
game game
