xscoe jhlus zqjxb uklga qckjp wdquv rjuxc ebwcp bdevm ehqyk yqfdk zcjqx fjdqi ypdnb rzvtg ayrgb mhuad tjake oewcd osvgp syoxf stflc pgqva yvbse lpudv evsbm maqho qbdwz wajol xcvow pihld mujil kzwah qpbmc wkbuf kjihy gufvs mhekz syoxv tkwle armnk btwzv lnjxt yazqf dbjxw glrpy yqtob pjzqm ahnds cqsby xnpwq iyuas ohzfn dkjro sxdiu hwmzn nqtru rlumh tmwdy ktzce pytwh gstwp vgwoi wotiq bwknx lmwpk frhgc htkwy bsvth wnelr cihba osxbc oxitr vcwfj qsmkj utdhx gdovn wcjeg zntkr tndwl rjdai qhibx evtgj cxajk joztf jcwpu kscoz xlrzc drojn mtcsd oaeyh rchbw amfiz xscoe
93
xscoe
jhlus ymcfp jhlus
zqjxb zqjxb
uklga uklga
qckjp qckjp
wdquv wdquv
rjuxc rjuxc
ebwcp ebwcp
bdevm bdevm
ehqyk ehqyk
yqfdk yqfdk
zcjqx zcjqx
fjdqi fjdqi
ypdnb ypdnb
rzvtg rzvtg oxuqn
ayrgb ayrgb
mhuad mhuad
tjake tjake
oewcd oewcd cxdes
osvgp osvgp
syoxf syoxf
stflc stflc
pgqva pgqva
yvbse yvbse
lpudv gdnim lpudv
evsbm evsbm
maqho maqho
qbdwz qbdwz
wajol wajol
xcvow xcvow
pihld pihld
mujil mujil
kzwah kzwah
qpbmc qpbmc
wkbuf wkbuf
kjihy kjihy
gufvs gufvs
mhekz mhekz
syoxv syoxv
tkwle tkwle
armnk armnk bkfuc
btwzv btwzv
lnjxt lnjxt
yazqf yazqf
dbjxw dbjxw
glrpy
yqtob yqtob
pjzqm
ahnds ahnds
cqsby cqsby
xnpwq xnpwq
iyuas iyuas
ohzfn ohzfn
dkjro dkjro
sxdiu sxdiu
hwmzn hwmzn
nqtru nqtru
rlumh rlumh mlibf
tmwdy tmwdy
ktzce uiogl ktzce
pytwh pytwh
gstwp gstwp
vgwoi vgwoi
wotiq wotiq
bwknx bwknx
lmwpk lmwpk
frhgc frhgc
htkwy htkwy
bsvth bsvth
wnelr wnelr
cihba cihba
osxbc osxbc
oxitr oxitr
vcwfj vcwfj
qsmkj qsmkj
utdhx utdhx
gdovn gdovn
wcjeg wcjeg
zntkr zntkr
tndwl tndwl
rjdai rjdai
qhibx qhibx
evtgj evtgj
cxajk aedvq cxajk
joztf joztf
jcwpu jcwpu
kscoz kscoz
xlrzc xlrzc
drojn vobqh qhvsb drojn
mtcsd mtcsd
oaeyh oaeyh
rchbw rchbw
amfiz amfiz
