aqzce tejxc qdzgs hopbn zsehb tyuep cursl xnysi coubd xintv mlfbi lsnhz gxdqt bcrwj ijofp ywion ijvuq xeljy misyc lcghr yzaje ugyls vmgxh artvi abupm mzlsn spuoi vczkh ugamb lnfiu rlfxc ablxw yaxts dowbf aeomh otirh aqzce
36
aqzce aqzce axmwy
tejxc tejxc
qdzgs qdzgs
hopbn hopbn
zsehb zsehb
tyuep tyuep
cursl cursl
xnysi xnysi
coubd urlkt coubd
xintv xintv
mlfbi oscrv mlfbi
lsnhz lsnhz
gxdqt gxdqt
bcrwj bcrwj
ijofp ijofp
ywion ywion
ijvuq ijvuq
xeljy xeljy
misyc misyc
lcghr lcghr
yzaje yzaje
ugyls ugyls
vmgxh vmgxh
artvi artvi
abupm
mzlsn mzlsn
spuoi spuoi
vczkh vczkh
ugamb ugamb
lnfiu lnfiu
rlfxc rlfxc
ablxw ablxw
yaxts yaxts
dowbf omjfc dowbf
aeomh aeomh
otirh yiodb otirh
