PuntaGorda Kennewick Hickory Winston Memphis Winston Hickory HuntingtonBeach Hickory Charlotte RichmondCounty Hampton Modesto PalmBay Tucson Bradenton Huntsville Yonkers Waterloo Durham Asheville CedarRapids Asheville McHenry Torrance McHenry Springdale McHenry Newark Burbank Chicago Monroe BelAir York NewBedford Aurora Bakersfield Aurora Tucson Washington LakeCharles Washington Wilmington PuntaGorda Omaha Topeka Montgomery ThousandOaks Montgomery SantaCruz Fontana Howell Downey Abilene Atlanta Abilene GrandRapids SaintLouis Harlingen Waco Corona Deltona Durham Asheville Hayward DalyCity NewBedford SimiValley SaintPaul Bradenton Huntsville KansasCity McAllen Atlanta Danbury Atlanta Sebastian Kennewick Barnstable Kennewick NewYorkCity Newark Bloomington Durham Asheville CedarRapids Memphis Winston Murrieta Tampa Murrieta Winston Wilmington PuntaGorda
63
PuntaGorda PuntaGorda
Kennewick Kennewick
Hickory Tyler Hickory
Winston
Memphis Memphis
HuntingtonBeach HuntingtonBeach
Charlotte Charlotte
RichmondCounty RichmondCounty
Hampton Hampton
Modesto Modesto
PalmBay PalmBay
Tucson Tucson
Bradenton Bradenton
Huntsville Huntsville
Yonkers Yonkers
Waterloo Waterloo
Durham Durham
Asheville Asheville
CedarRapids CedarRapids
McHenry McHenry
Torrance Torrance
Springdale Springdale
Newark Newark
Burbank Burbank
Chicago Chicago
Monroe Monroe
BelAir BelAir
York York
NewBedford NewBedford
Aurora Aurora
Bakersfield Bakersfield
Washington
LakeCharles LakeCharles
Wilmington
Omaha Omaha
Topeka Topeka
Montgomery
ThousandOaks ThousandOaks
SantaCruz SantaCruz
Fontana
Howell
Downey Downey
Abilene
Atlanta Atlanta
GrandRapids GrandRapids
SaintLouis
Harlingen Harlingen
Waco Waco
Corona
Deltona Deltona
Hayward SantaClara
DalyCity
SimiValley
SaintPaul SaintPaul
KansasCity
McAllen McAllen
Danbury Danbury
Sebastian
Barnstable Barnstable
NewYorkCity NewYorkCity
Bloomington Bloomington
Murrieta
Tampa Tampa
