Pensacola Hampton Reno Springdale Reno Hampton Newburgh Hampton Lowell Chattanooga SaltLakeCity Redding SanAntonio Redding Montgomery SouthLyon Frederick Modesto SanBernardino Hartford Riverside Henderson WestValleyCity Henderson Austin Winston Tuscaloosa Bremerton Marina McAllen GreenBay Columbia Lakewood StPetersburg Lewisville Gainesville Lewisville Elkhart Racine Norwalk Miramar Newburgh Pensacola
35
Pensacola Pensacola
Hampton Hampton
Reno Reno
Springdale Springdale
Newburgh Newburgh
Lowell Lowell
Chattanooga Chattanooga
SaltLakeCity SaltLakeCity
Redding
SanAntonio SanAntonio
Montgomery Montgomery
SouthLyon SouthLyon
Frederick
Modesto Modesto
SanBernardino SanBernardino
Hartford
Riverside
Henderson Henderson
WestValleyCity WestValleyCity
Austin Austin
Winston Winston
Tuscaloosa Tuscaloosa
Bremerton
Marina Marina
McAllen
GreenBay GreenBay
Columbia
Lakewood
StPetersburg StPetersburg
Lewisville Lewisville
Gainesville Gainesville
Elkhart
Racine Racine
Norwalk
Miramar Miramar
