PuntaGorda Hemet SanBuenaventura Norwich Utica Anchorage OverlandPark Trenton Louisville Trenton Anaheim Columbus SantaClara VeroBeach Stamford Marysville Layton Marysville Stamford LasVegas Nashua Tyler Arvada Wilmington Vancouver GrandRapids SaintPaul Duluth Fullerton Flint Fullerton Youngstown SouthBend Bakersfield SouthBend Fresno Torrance Melbourne Lubbock Pueblo SanBernardino Mobile Detroit Merced ElMonte McAllen Elkhart Modesto Hartford NorthLasVegas SterlingHeights Champaign Charlotte ElPaso Burlington Downey Topeka Henderson NewYorkCity York Tucson Deltona Salem Hampton Newark Hampton Gastonia CapeCoral Huntsville ThousandOaks PortSaintLucie Olympia PortSaintLucie ThousandOaks Huntsville Kissimmee Marina Frederick Marina NewportNews SimiValley Aberdeen SantaClara VeroBeach PalmBay CorpusChristi StPaul CathedralCity StPaul Savannah Lacey PortArthur RichmondCounty SiouxFalls Carrollton Newburgh Waterbury Lafayette GreenBay Laredo Roseville Monroe Escondido Mesquite Escondido Independence RoundLakeBeach Kalamazoo NewYork Bryan HavredeGrace JohnsonCity HavredeGrace Bryan Birmingham Barnstable Youngstown Hagerstown Plano Greenville OverlandPark VeroBeach PembrokePines Racine PembrokePines Oxnard Albuquerque Hialeah Harlingen Springfield Spartanburg LakeCharles HuntingtonBeach Sarasota Scranton Sarasota Ogden Reno Shreveport Orem Bethlehem Orem NewBedford SouthLyon Norwalk StLouis Sacramento Escondido Independence Cincinnati Independence RoundLakeBeach Lorain Scottsdale Omaha Marysville Boise Eugene Anaheim Trenton Louisville Bloomington CapeCoral Gastonia Hampton Bryan HavredeGrace PuntaGorda
132
PuntaGorda PuntaGorda
Hemet Hemet
SanBuenaventura SanBuenaventura
Norwich Norwich
Utica Utica
Anchorage Anchorage
OverlandPark OverlandPark
Trenton
Louisville Louisville
Anaheim Anaheim
Columbus Columbus
SantaClara SantaClara
VeroBeach
Stamford Stamford
Marysville Marysville
Layton Layton
LasVegas LasVegas
Nashua Nashua
Tyler Tyler
Arvada Arvada
Wilmington
Vancouver Vancouver
GrandRapids GrandRapids
SaintPaul SaintPaul
Duluth Duluth
Fullerton Fullerton
Flint Flint
Youngstown
SouthBend
Bakersfield Bakersfield
Fresno Fresno
Torrance Torrance
Melbourne Melbourne
Lubbock Lubbock
Pueblo Pueblo
SanBernardino
Mobile Mobile
Detroit Detroit
Merced
ElMonte
McAllen McAllen
Elkhart Elkhart
Modesto Modesto
Hartford Hartford
NorthLasVegas NorthLasVegas
SterlingHeights
Champaign Champaign
Charlotte Charlotte
ElPaso ElPaso
Burlington Burlington
Downey Downey
Topeka Topeka
Henderson Henderson
NewYorkCity NewYorkCity
York York
Tucson Tucson
Deltona Deltona
Salem Salem
Hampton
Newark Newark
Gastonia
CapeCoral CapeCoral
Huntsville Huntsville
ThousandOaks ThousandOaks
PortSaintLucie
Olympia Olympia
Kissimmee Kissimmee
Marina Marina
Frederick Frederick
NewportNews NewportNews
SimiValley
Aberdeen Aberdeen
PalmBay PalmBay
CorpusChristi CorpusChristi
StPaul
CathedralCity CathedralCity
Savannah Savannah
Lacey Lacey
PortArthur
RichmondCounty RichmondCounty
SiouxFalls SiouxFalls
Carrollton
Newburgh Newburgh
Waterbury Waterbury
Lafayette
GreenBay GreenBay
Laredo Laredo
Roseville
Monroe Monroe
Escondido
Mesquite Mesquite
Independence
RoundLakeBeach RoundLakeBeach
Kalamazoo Kalamazoo
NewYork
Bryan
HavredeGrace HavredeGrace
JohnsonCity JohnsonCity
Birmingham Birmingham
Barnstable Barnstable
Hagerstown Hagerstown
Plano Plano
Greenville Greenville
PembrokePines
Racine Racine
Oxnard Oxnard
Albuquerque Albuquerque
Hialeah Hialeah
Harlingen Harlingen
Springfield
Spartanburg Spartanburg
LakeCharles LakeCharles
HuntingtonBeach HuntingtonBeach
Sarasota
Scranton Scranton
Ogden Ogden
Reno
Shreveport
Orem
Bethlehem Bethlehem
NewBedford NewBedford
SouthLyon
Norwalk
StLouis StLouis
Sacramento
Cincinnati Cincinnati
Lorain
Scottsdale Scottsdale
Omaha Omaha
Boise Boise
Eugene Eugene
Bloomington Bloomington
