AndyandZeyu h AndyandZeyu j2 f2 h2 i2 c2 g2 AndyandZeyu g4 AndyandZeyu i7 j6 g7 h7 b7 f7 AndyandZeyu i8 AndyandZeyu g9 AndyandZeyu i12 j11 g12 h12 b12 f12 AndyandZeyu i13 AndyandZeyu g14 AndyandZeyu i17 j16 g17 h17 b17 f17 AndyandZeyu i18 AndyandZeyu h1 g1 AndyandZeyu g6 f6 j5 AndyandZeyu6 h6 i6 AndyandZeyu g11 f11 j10 AndyandZeyu11 h11 i11 AndyandZeyu g16 f16 j15 AndyandZeyu16 h16 i16 AndyandZeyu f3 j3 g3 h3 AndyandZeyu j1 i1 b1 f1 b1 AndyandZeyu g8 f8 j8 f8 h8 j7 j8 AndyandZeyu g13 f13 j13 f13 h13 j12 j13 AndyandZeyu g18 f18 j18 f18 h18 j17 j18 AndyandZeyu g j i AndyandZeyu i0 AndyandZeyu0 g0 j0 f0 h0 f0 AndyandZeyu f4 i4 h4 AndyandZeyu f9 i9 h9 AndyandZeyu f14 i14 h14 AndyandZeyu h5 j4 f5 i5 e5 g5 e5 AndyandZeyu h10 j9 f10 i10 e10 g10 e10 AndyandZeyu h15 j14 f15 i15 e15 g15 e15 AndyandZeyu
111
AndyandZeyu f
h h
j2 j2
f2 f2
h2 h2
i2 i2
c2
g2 g2
g4 g4
i7 i7
j6 j6
g7 g7
h7 h7
b7
f7 f7
i8 i8
g9 g9
i12 i12
j11 j11
g12 g12
h12 h12
b12
f12 f12
i13 i13
g14 g14
i17 i17
j16 j16
g17 g17
h17 h17
b17
f17 f17
i18 i18
h1 h1
g1 g1
g6 g6
f6 f6
j5 j5
AndyandZeyu6
h6 h6
i6 i6
g11 g11
f11 f11
j10 j10
AndyandZeyu11
h11 h11
i11 i11
g16 g16
f16 f16
j15 j15
AndyandZeyu16
h16 h16
i16 i16
f3 f3
j3 j3
g3 g3 i3
h3 h3
j1 j1
i1 i1
b1
f1 f1
g8 g8
f8 f8
j8 j8
h8 h8
j7 j7
g13 g13
f13 f13
j13 j13
h13 h13
j12 j12
g18 g18
f18 f18
j18 j18
h18 h18
j17 j17
g g
j j
i i
i0 i0
AndyandZeyu0
g0 g0
j0 j0
f0 f0
h0 h0
f4 f4
i4 i4
h4 h4
f9 f9
i9 i9
h9 h9
f14 f14
i14 i14
h14 h14
h5 h5
j4 j4
f5 f5
i5 i5
e5
g5 g5
h10 h10
j9 j9
f10 f10
i10 i10
e10
g10 g10
h15 h15
j14 j14
f15 f15
i15 i15
e15
g15 g15
