AndyandZeyu h AndyandZeyu j2 f2 h2 i2 c2 g2 AndyandZeyu g4 AndyandZeyu i7 j6 g7 h7 b7 f7 AndyandZeyu i8 AndyandZeyu h1 g1 AndyandZeyu g6 f6 j5 AndyandZeyu6 h6 i6 AndyandZeyu f3 j3 g3 h3 AndyandZeyu j1 i1 b1 f1 b1 AndyandZeyu g8 f8 j8 f8 h8 j7 j8 AndyandZeyu g j i AndyandZeyu i0 AndyandZeyu0 g0 j0 f0 h0 f0 AndyandZeyu f4 i4 h4 AndyandZeyu h5 j4 f5 i5 e5 g5 e5 AndyandZeyu
55
AndyandZeyu f
h h
j2 j2
f2 f2
h2 h2
i2 i2
c2
g2 g2
g4 g4
i7 i7
j6 j6
g7 g7
h7 h7
b7
f7 f7
i8 i8
h1 h1
g1 g1
g6 g6
f6 f6
j5 j5
AndyandZeyu6
h6 h6
i6 i6
f3 f3
j3 j3
g3 g3 i3
h3 h3
j1 j1
i1 i1
b1
f1 f1
g8 g8
f8 f8
j8 j8
h8 h8
j7 j7
g g
j j
i i
i0 i0
AndyandZeyu0
g0 g0
j0 j0
f0 f0
h0 h0
f4 f4
i4 i4
h4 h4
h5 h5
j4 j4
f5 f5
i5 i5
e5
g5 g5
