6d8fd3 1e3f90 8216e5 9e3235 390b11 bf356c d36b6f aeb965 9fb27b 526e97 1efe0a de59c9 bfdfca 2a53b1 a3ccd4 d1ae8e 3efbbd 2b7733 3efbbd fc6ab6 22c398 8037ff ef9cce c1e4b0 ff448b bf7494 e17800 909532 6d8fd3
27
6d8fd3
1e3f90 1e3f90
8216e5 8216e5
9e3235 525361 9e3235
390b11 390b11
bf356c
d36b6f d36b6f
aeb965 aeb965
9fb27b 9fb27b
526e97 526e97
1efe0a 1efe0a
de59c9 de59c9
bfdfca bfdfca
2a53b1 2a53b1
a3ccd4
d1ae8e 1aef1d d1ae8e
3efbbd
2b7733 2b7733
fc6ab6 fc6ab6
22c398 22c398
8037ff 8037ff
ef9cce ef9cce
c1e4b0 c1e4b0
ff448b ff448b
bf7494 98b7f9
e17800 e17800
909532 909532
