0 1 17 1 4 5 6 7 1 15 1 0 199 190 192 190 194 190 197 198 191 189 174 176 174 178 174 186 174 182 174 173 157 158 157 163 157 168 157 172 157 156 155 154 153 152 151 147 148 147 139 146 139 144 143 142 141 140 138 137 130 129 128 127 126 121 112 114 112 120 112 121 122 123 124 125 128 129 130 137 136 137 130 129 128 127 126 121 112 111 110 109 108 104 105 104 90 88 75 86 75 87 75 73 72 73 65 64 63 62 52 54 52 56 52 51 43 42 32 33 32 44 32 21 23 22 20 24 25 24 20 28 29 30 31 21 32 37 38 39 40 41 51 50 49 48 49 50 51 52 62 66 67 68 69 73 74 76 74 82 83 82 74 88 89 91 89 100 101 100 89 94 89 98 99 90 88 75 73 72 71 70 62 52 51 43 42 32 20 19 1 0
120
0
1 2
17 17
4 4
5
6
7 7
15 15
199
190
192 192
194 194
197
198 198
191
189
174
176 176
178 178
186 186
182 182
173
157
158 158
163 163
168 168
172 172
156
155
154 154
153
152
151
147
148 148
139
146 146
144
143
142 142
141
140
138
137
130 130
129
128
127 127
126
121
112
114 114
120 120
122
123
124 124
125
136 136
111
110
109
108 108
104
105 105
90
88
75
86 86
87 87
73
72 72
65
64 64
63
62
52
54 53 54
56 56
51
43
42 42
32
33 33
44 44
21
23 23
22
20
24
25 25
28
29
30 30
31
37
38
39
40 40
41
50
49
48 48
66
67 67
68
69
74
76 76
82
83 83
89
91 91
100
101 101
94 94
98
99 99
71
70
19
