SJPfUQrbAbqM GLfJulJDWdHA RWoTZCNhceUR cXYRsTNMJDHO SPoMbAzxrqrj KKNtdnAHmUpc AZrILCuGwbtV MlFqcqjWiUdI NmmqQKqzdERM ilCjMogPnNTK YbGvPudTcbyh bVDkAfQbeTmx crcFIKqbaYTC svpVoYHpEpjH FhVNapbaoZOZ phTlHtTwrYOU GoPPViXuIoMW oClepMbylsqk jmWqilJNXyuV JCPkGQQBkgge ltlOmMSvjmIL YfpLHnDpSXzc UvfnFwkwYqFk DGewetxtXjTj NkzUoyRYPnbb SJPfUQrbAbqM
25
SJPfUQrbAbqM SJPfUQrbAbqM
GLfJulJDWdHA PCNGxUSnzrYJ GLfJulJDWdHA
RWoTZCNhceUR RWoTZCNhceUR
cXYRsTNMJDHO cXYRsTNMJDHO
SPoMbAzxrqrj SPoMbAzxrqrj
KKNtdnAHmUpc KKNtdnAHmUpc
AZrILCuGwbtV AZrILCuGwbtV
MlFqcqjWiUdI MlFqcqjWiUdI
NmmqQKqzdERM NmmqQKqzdERM
ilCjMogPnNTK ilCjMogPnNTK
YbGvPudTcbyh YbGvPudTcbyh
bVDkAfQbeTmx bVDkAfQbeTmx
crcFIKqbaYTC crcFIKqbaYTC
svpVoYHpEpjH svpVoYHpEpjH
FhVNapbaoZOZ FhVNapbaoZOZ
phTlHtTwrYOU phTlHtTwrYOU
GoPPViXuIoMW GoPPViXuIoMW
oClepMbylsqk oClepMbylsqk
jmWqilJNXyuV jmWqilJNXyuV
JCPkGQQBkgge JCPkGQQBkgge
ltlOmMSvjmIL ltlOmMSvjmIL
YfpLHnDpSXzc YfpLHnDpSXzc
UvfnFwkwYqFk UvfnFwkwYqFk
DGewetxtXjTj
NkzUoyRYPnbb NkzUoyRYPnbb
