ZPYnROAizafx sFSBpaJxLpBT TZmWJenJbEsV wHeDieHMYzAK oKIKkmsSWzmH nxbMBCPhfQij yFQWQWtUUMle lznMKRYSMheH XwPJYwaGcHxO uzYTzVwixczQ qFGlIHDqKyPA mgKEFEWheOqk yVSfaizVeLPT zCWezcJmUGqs KtoZVrQmJWki hPSXtHMMyKAK NxxrxPgsnMqG EOKLHvbbCToE dXlgwkdKhUmB EKWhDcEeEkGK nschEYWjrAsr ypApeqMQPnQA QxNjgiXciQma ybLCwZqVZKud WUqhotrexTBp JpwDMOwQmqOp yHOsEGOhjOLt quZcTYtpBjSn cRekprdsHHWw nyTRNDRCsANl xXoCKkdkKAne hLCSOZLNEdhX YGzazHdyrGCd RGYiIUdVAiVL sTgUExIipvWV PFpQuVVRxbvV gkTmCiZxFrJw NMSHhfMtAJZb WWtfhwMSzfGW gJMLzBkWmUoV cpNycWVdmzHJ mZUBOQTZyXOM vkOqMvrCUWYf fiHhqLtPfdZy tARvBeqQDqSY HEwqlaeMfSzl oOIjuHJcVRiV nlzJUuBrsbXD mvdksSctoMVi AoaIXEzdsCrm QFfSmYtuSTPl TTwdgXpOLyxF TglqUXfjbefC PKHkuTHeRXhO WRiugWLCujBI zcAOlsVDUDkc qlMzHEurfTvO WHSGrQQrrotE WnABnktZDxMx evRMhyiHKGXv gXcuqckdTdIP WsLfQLsirtHk wXjNgGRCXYRl cQFNlImsTWTM lRgeGnDJBtMa OIjApACwnyqG DiKlonktcqTP EwXugPkGUVkm AQgpWBullbIi zOkfhFVfOKVi UYTxhnOtiPHB FkNlSGMBOUbz aXlcDzbXwAJW ocysUjOwnenm RQBxIsRWzmfl pjemGRILnFei ppfBOAvWYXyJ YvLRANdegrdA ubtvaUeVUfmV zypYDSZfKAvD IcNVObbuvzWY ctZWqndwhbJm touUfboeiIya QDhUZstsJKtV UGahWpWtmUQn IfTQNEFsiTgr IQvKLYGCcCbd fblrDraNAUxK jXOmYlZmvqnI nKmMbiEuiffc HVwGkspnDHbf JNoAmCxHcsYw QZQElPdcHxru aSpDrTbKBytW LNoKVqXhLEzn AhJBAeSEuUkL SKbQkQUhqQEt jXgKDXnEJsra GvyjKkGcUdcI ZPYnROAizafx
99
ZPYnROAizafx ZPYnROAizafx
sFSBpaJxLpBT sFSBpaJxLpBT
TZmWJenJbEsV TZmWJenJbEsV
wHeDieHMYzAK wHeDieHMYzAK
oKIKkmsSWzmH oKIKkmsSWzmH
nxbMBCPhfQij nxbMBCPhfQij
yFQWQWtUUMle yFQWQWtUUMle
lznMKRYSMheH lznMKRYSMheH
XwPJYwaGcHxO XwPJYwaGcHxO
uzYTzVwixczQ uzYTzVwixczQ
qFGlIHDqKyPA qFGlIHDqKyPA
mgKEFEWheOqk mgKEFEWheOqk
yVSfaizVeLPT yVSfaizVeLPT
zCWezcJmUGqs zCWezcJmUGqs
KtoZVrQmJWki KtoZVrQmJWki
hPSXtHMMyKAK hPSXtHMMyKAK
NxxrxPgsnMqG NxxrxPgsnMqG
EOKLHvbbCToE EOKLHvbbCToE
dXlgwkdKhUmB dXlgwkdKhUmB
EKWhDcEeEkGK EKWhDcEeEkGK
nschEYWjrAsr nschEYWjrAsr
ypApeqMQPnQA ypApeqMQPnQA
QxNjgiXciQma QxNjgiXciQma
ybLCwZqVZKud ybLCwZqVZKud
WUqhotrexTBp WUqhotrexTBp
JpwDMOwQmqOp JpwDMOwQmqOp
yHOsEGOhjOLt yHOsEGOhjOLt
quZcTYtpBjSn quZcTYtpBjSn
cRekprdsHHWw cRekprdsHHWw
nyTRNDRCsANl nyTRNDRCsANl
xXoCKkdkKAne xXoCKkdkKAne
hLCSOZLNEdhX hLCSOZLNEdhX
YGzazHdyrGCd YGzazHdyrGCd
RGYiIUdVAiVL RGYiIUdVAiVL
sTgUExIipvWV sTgUExIipvWV
PFpQuVVRxbvV PFpQuVVRxbvV
gkTmCiZxFrJw gkTmCiZxFrJw
NMSHhfMtAJZb NMSHhfMtAJZb
WWtfhwMSzfGW WWtfhwMSzfGW
gJMLzBkWmUoV gJMLzBkWmUoV
cpNycWVdmzHJ cpNycWVdmzHJ
mZUBOQTZyXOM mZUBOQTZyXOM
vkOqMvrCUWYf vkOqMvrCUWYf
fiHhqLtPfdZy fiHhqLtPfdZy
tARvBeqQDqSY tARvBeqQDqSY
HEwqlaeMfSzl HEwqlaeMfSzl
oOIjuHJcVRiV oOIjuHJcVRiV
nlzJUuBrsbXD nlzJUuBrsbXD
mvdksSctoMVi mvdksSctoMVi
AoaIXEzdsCrm AoaIXEzdsCrm
QFfSmYtuSTPl QFfSmYtuSTPl
TTwdgXpOLyxF TTwdgXpOLyxF
TglqUXfjbefC TglqUXfjbefC
PKHkuTHeRXhO PKHkuTHeRXhO
WRiugWLCujBI WRiugWLCujBI
zcAOlsVDUDkc zcAOlsVDUDkc
qlMzHEurfTvO qlMzHEurfTvO
WHSGrQQrrotE WHSGrQQrrotE
WnABnktZDxMx WnABnktZDxMx
evRMhyiHKGXv evRMhyiHKGXv
gXcuqckdTdIP gXcuqckdTdIP
WsLfQLsirtHk WsLfQLsirtHk
wXjNgGRCXYRl wXjNgGRCXYRl
cQFNlImsTWTM cQFNlImsTWTM
lRgeGnDJBtMa lRgeGnDJBtMa
OIjApACwnyqG OIjApACwnyqG
DiKlonktcqTP DiKlonktcqTP
EwXugPkGUVkm EwXugPkGUVkm
AQgpWBullbIi AQgpWBullbIi
zOkfhFVfOKVi zOkfhFVfOKVi
UYTxhnOtiPHB UYTxhnOtiPHB
FkNlSGMBOUbz FkNlSGMBOUbz
aXlcDzbXwAJW aXlcDzbXwAJW
ocysUjOwnenm ocysUjOwnenm
RQBxIsRWzmfl RQBxIsRWzmfl
pjemGRILnFei pjemGRILnFei
ppfBOAvWYXyJ ppfBOAvWYXyJ
YvLRANdegrdA qxhFFIUEfnzV YvLRANdegrdA
ubtvaUeVUfmV ubtvaUeVUfmV
zypYDSZfKAvD zypYDSZfKAvD
IcNVObbuvzWY IcNVObbuvzWY
ctZWqndwhbJm ctZWqndwhbJm
touUfboeiIya touUfboeiIya
QDhUZstsJKtV QDhUZstsJKtV
UGahWpWtmUQn UGahWpWtmUQn
IfTQNEFsiTgr IfTQNEFsiTgr
IQvKLYGCcCbd IQvKLYGCcCbd
fblrDraNAUxK fblrDraNAUxK
jXOmYlZmvqnI jXOmYlZmvqnI
nKmMbiEuiffc nKmMbiEuiffc
HVwGkspnDHbf HVwGkspnDHbf
JNoAmCxHcsYw JNoAmCxHcsYw
QZQElPdcHxru QZQElPdcHxru
aSpDrTbKBytW aSpDrTbKBytW
LNoKVqXhLEzn LNoKVqXhLEzn
AhJBAeSEuUkL AhJBAeSEuUkL
SKbQkQUhqQEt SKbQkQUhqQEt
jXgKDXnEJsra jXgKDXnEJsra
GvyjKkGcUdcI GvyjKkGcUdcI
