loc0 loc4 loc1 loc13 loc8 loc2 loc5 loc17 loc11 loc3 loc7 loc24 loc18 loc20 loc16 loc15 loc26 loc28 loc25 loc38 loc51 loc33 loc31 loc40 loc57 loc9 loc34 loc55 loc39 loc43 loc63 loc41 loc49 loc52 loc53 loc62 loc78 loc75 loc64 loc59 loc79 loc82 loc67 loc61 loc84 loc68 loc97 loc89 loc90 loc93 loc94 loc109 loc100 loc95 loc96 loc105 loc103 loc112 loc107 loc123 loc108 loc115 loc116 loc117 loc110 loc126 loc119 loc142 loc135 loc155 loc145 loc133 loc169 loc141 loc148 loc152 loc122 loc154 loc158 loc143 loc159 loc160 loc171 loc161 loc153 loc178 loc170 loc179 loc176 loc187 loc181 loc184 loc190 loc186 loc182 loc197 loc188 loc198 loc195 loc0
99
loc0
loc4 loc4
loc1 loc1
loc13 loc13 loc23 loc189
loc8 loc8
loc2 loc2
loc5 loc5
loc17 loc17
loc11 loc11
loc3 loc3
loc7 loc7
loc24 loc24
loc18 loc18
loc20 loc20
loc16 loc16
loc15 loc15
loc26 loc26
loc28 loc28
loc25 loc25
loc38 loc38
loc51 loc51
loc33 loc33
loc31 loc31
loc40 loc40
loc57 loc57
loc9 loc9
loc34 loc34
loc55 loc55
loc39 loc39
loc43 loc43
loc63 loc63
loc41 loc41
loc49 loc49
loc52 loc52
loc53 loc53
loc62 loc62
loc78 loc78
loc75 loc75
loc64 loc64
loc59 loc59
loc79 loc79
loc82 loc82
loc67 loc67
loc61 loc61
loc84 loc84
loc68 loc68
loc97 loc97
loc89 loc89
loc90 loc90
loc93 loc93
loc94 loc94
loc109 loc109
loc100 loc100
loc95 loc95
loc96 loc96
loc105 loc105
loc103 loc103
loc112 loc112
loc107 loc107
loc123 loc123
loc108 loc108
loc115 loc115
loc116 loc116
loc117 loc117
loc110 loc110
loc126 loc126
loc119 loc119
loc142 loc142
loc135 loc135
loc155 loc155
loc145 loc145
loc133 loc133
loc169 loc169
loc141 loc141
loc148 loc148
loc152 loc152
loc122 loc122
loc154 loc154
loc158 loc158
loc143 loc143
loc159 loc159
loc160 loc160
loc171 loc171
loc161 loc161
loc153 loc153
loc178 loc178
loc170 loc170
loc179 loc179
loc176 loc176
loc187 loc187
loc181 loc181
loc184 loc184
loc190 loc190
loc186 loc186
loc182 loc182
loc197 loc197
loc188 loc188
loc198 loc198
loc195 loc195
