5 1 78 69 27 82 66 8 50 35 168 55 100 46 197 92 115 91 117 97 137 102 122 177 170 20 185 159 16 42 89 106 108 196 188 83 103 149 38 157 198 147 124 164 130 112 93 190 58 79 182 5
50
1 1
8 8
16 16
20 20
27 27
35 35
38 38
42 42
46 46
50 50
55 55
58 58
66 66
69 69
78 78
79 79
82 82
83 83
89 89
91 91
92 92
93 93
97 97
100 100
102 102
103 103
106 106
108 108
112 112
115 115
117 117
122 122
124 124
130 130
137 137
147 147
149 149
157 157
159 159
164 164
168 168
170 170
177 177
182 182
185 185
188 188
190 190
196 196
197 197
198 198
