0 65 147 21 71 93 24 156 49 124 121 198 3 152 9 40 142 59 73 66 160 55 13 23 197 162 109 125 189 144 2 35 42 89 106 5 30 95 123 62 12 116 91 75 184 172 17 138 94 187 108 166 50 83 140 7 188 1 163 47 179 51 79 102 141 104 158 87 101 68 135 60 80 164 195 15 97 11 136 159 129 81 118 16 52 122 26 113 61 25 18 171 193 38 150 38 168 22 155 22 161 157 153 27 39 194 111 178 67 151 134 34 31 130 10 119 173 96 151 36 105 64 0
97
1 1
5 5
2 6
7 7
9 9
10 10
11 11
12 12
15 15
16 16
17 17
18 18
21 21
22 22
23 23
24 24
25 25
26 26
27 27
30 30
31 31
34 34
35 35
36 36
38 38
39 39
40 40
42 42
49 49
50 50
55 55
106 56
59 59
60 60 110
61 61
62 62
66 66
67 67
68 68
71 71
73 73
75 75
79 79 196
80 80
83 83
87 87
89 89
91 91
93 93
95 95
96 96
101 101
102 102
104 104
105 105
108 108
109 109
111 111
118 118
119 119
122 122
123 123
124 124
129 129
130 130 145
135 135
136 136
138 138
140 140
141 141
142 142
144 144
147 147
150 150
151 151
152 152
155 155
156 156
157 157
158 158
160 160
161 161
162 162
163 163
164 164
168 168
171 171
172 172
173 173
178 178
179 179
184 184
187 187
189 189
193 193
194 194
198 198
