Soda C9 A7 A1 D5 D7 C3 E1 C3 D8 B9 D9 D1 B8 A7 C9 Soda a0 c9 a7 a1 d5 d7 c3 e1 c3 d8 b9 d9 d1 b8 a7 c9 a0 a5 a9 b7 b5 c1 d3 b7 a4 a3 a4 a9 a5 a0 c5 e3 b2 e5 b1 e7 e6 b3 c7 b2 c5 a0 Soda A5 A9 B7 B5 C1 D3 B7 A4 A3 A4 A9 A5 Soda C5 E3 B2 E5 B1 E7 E6 B3 C7 B2 C5 Soda A E P E Q U AG U Q E A C J I AF I C A B H AB S N AA AP AA N G A D K T AI AU AS AI AH AW AH AI K D A F M AC AM AN AO X O F A Soda a b a d n o p af ag ah q p e a h ak r ak t al ak aj ak s g f g a i j i x u v u an ao ap y j aa at as z aa j i a b k l ad l ax ac av ab k b a Soda
134
Soda
C9 C9
A7 A7
A1 A1
D5 D5
D7 D7
C3 C3
E1 E1
D8
B9 B9
D9 D9
D1 D1
B8
a0
c9 c9
a7 a7
a1 a1
d5 d5
d7 d7
c3 c3
e1 e1
d8
b9 b9
d9 d9
d1 d1
b8
a5 a5
a9 a9
b7 b7
b5 b5
c1 c1
d3 d3
a4
a3 a3
c5 c5
e3 e3
b2
e5 e5
b1 b1
e7 e7
e6
b3 b3
c7 c7
A5 A5
A9 A9
B7 B7
B5 B5
C1 C1
D3 D3
A4
A3 A3
C5 C5
E3 E3
B2
E5 E5
B1 B1
E7 E7
E6
B3 B3
C7 C7
A
E
P P
Q Q
U
AG AG
C
J J
I
AF AF
B
H H
AB AB
S
N N
AA
AP AP
G
D
K
T T
AI
AU AU
AS AS
AH
AW AW
F
M
AC AC
AM
AN
AO AO
X
O
a
b b
d d
n n
o
p p
af af
ag
ah ah
q
e
h h
ak
r r
t t
al al
aj aj
s
g
f f
i
j j
x x
u
v v
an an
ao
ap ap
y
aa
at at
as ar
z z
k
l l
ad ad
ax ax
ac
av av
ab ab
