181 122 134 135 134 122 127 123 124 125 126 128 122 181 47 59 60 59 47 52 48 49 50 51 53 47 57 56 57 47 181 107 119 120 119 107 112 108 109 110 111 113 107 117 116 117 107 181 77 89 90 89 77 82 78 79 80 81 83 77 87 86 87 77 181 62 74 75 74 62 68 66 65 64 63 67 62 72 71 72 62 181 167 179 180 179 167 173 171 170 169 168 172 167 177 176 177 167 181 17 29 30 29 17 27 26 27 17 22 18 19 20 21 23 17 181 32 44 45 44 32 38 36 35 34 33 37 32 42 41 42 32 181 92 104 105 104 92 98 96 95 94 93 97 92 102 101 102 92 181 137 149 150 149 137 142 138 139 140 141 143 137 147 146 147 137 181 152 164 165 164 152 158 156 155 154 153 157 152 162 161 162 152 181 182 194 195 194 182 188 186 185 184 183 187 182 192 191 192 182 181 2 14 15 14 2 8 6 5 4 3 7 2 12 11 12 2 181 122 132 131 132 122 181
144
181
122
134 134
135 135
127
123 123
124 124
125 125
126 126
128
47
59 59
60 60
52
48 48
49 49
50 50
51 51
53
57
56 56
107
119 119
120 120
112
108 108
109 109
110 110
111 111
113
117
116 116
77
89 89
90 90
82
78 78
79 79
80 80
81 81
83
87
86 86
62
74 74
75 75
68
66 66
65 65
64 64
63 63
67
72
71 71
167
179 179
180 180
173
171 171
170 170
169 169
168 168
172
177
176 176
17
29 29
30 30
27
26 26
22
18 18
19 19
20 20
21 21
23
32
44 44
45 45
38
36 36
35 35
34 34
33 33
37
42
41 41
92
104 104
105 105
98
96 96
95 95
94 94
93 93
97
102
101 101
137
149 149
150 150
142
138 138
139 139
140 140
141 141
143
147
146 146
152
164 164
165 165
158
156 156
155 155
154 154
153 153
157
162
161 161
182
194 194
195 195
188
186 186
185 185
184 184
183 183
187
192
191 191
2
14 14
15 15
8
6 6
5 5
4 4
3 3
7
12
11 11
132
131 131
