SabrinaSiriPrince50 M7N2p V7iEC M7N2p cwf5o M7N2p rFWcq M7N2p 7QUXg nannc 7QUXg M7N2p bXm0A nMJpi bXm0A M7N2p aHwNY UBrR9 52PwN H8qqB 0kSSC Ms6jj plb6L UBrR9 aHwNY M7N2p HVYtd Bjd2k HVYtd M7N2p X8iWp cRUJh DrLs7 4MOkB 9HL6t DrLs7 SVxWg nbohZ d2ZYh SVxWg cRUJh duKKu 11x30 WcEcU EZqNK OSLHQ 11x30 YgbLl Wutnl 5X0EW vmJdf YgbLl duKKu X8iWp M7N2p gInwM X9US9 i3qsm X9US9 gInwM M7N2p SabrinaSiriPrince50
38
SabrinaSiriPrince50
M7N2p
V7iEC V7iEC
cwf5o cwf5o
rFWcq rFWcq
7QUXg
nannc nannc
bXm0A
nMJpi nMJpi
aHwNY aHwNY
UBrR9 UBrR9
52PwN 52PwN
H8qqB H8qqB
0kSSC 0kSSC
Ms6jj Ms6jj
plb6L plb6L
HVYtd
Bjd2k Bjd2k
X8iWp
cRUJh
DrLs7
4MOkB 4MOkB
9HL6t 9HL6t yJVF4
SVxWg
nbohZ nbohZ
d2ZYh d2ZYh
duKKu
11x30
WcEcU WcEcU
EZqNK EZqNK
OSLHQ OSLHQ
YgbLl
Wutnl Wutnl
5X0EW 5X0EW
vmJdf vmJdf
gInwM
X9US9
i3qsm i3qsm
