12 15 18 23 27 33 35 49 31 41 37 47 43 53 56 29 51 45 55 38 39 48 27 92 97 99 98 87 88 87 93 94 93 90 93 87 91 95 91 89 96 89 91 87 27 71 63 59 62 68 81 68 62 69 82 69 62 59 26 58 60 65 74 65 60 64 73 64 60 58 61 67 79 67 61 58 26 59 63 71 27 23 3 2 4 2 3 8 11 8 10 8 9 8 3 18 19 22 19 20 21 20 19 18 3 5 7 24 7 5 3 18 15 12
67
12 12
15 15
18
23
27 27
33 33
35 35
49 49
31 31
41 41
37 37
47 47
43 43
53 53
56 56
29 29
51 51
45 45
55 55
38
39 39
48
92 92
97 97
99 99
98 98
87
88 88
93 93
94 94
90 90
91
95 95
89
96 96
71
63
59 59
62
68 68
81 81
69
82 82
26
58
60
65 65
74 74
64 64
73 73
61
67
79 79
3
2 1 2
4 4
8
11 11
10 10
9 9
19
22 22
20 20
21 21
5
7
24 24
