Leah Michael Paula Kelly Jade Jordan Dylan Ruth Lisa David Javier Carol Jennifer Amanda Vicki Jon Brian Adrian Anthony Ryan Gary April Rachel Megan Alexander Russell Leah
26
Leah
Michael Michael
Paula Paula
Kelly Kelly
Jade Jade
Jordan Jordan
Dylan Dylan
Ruth Ruth
Lisa Lisa
David David
Javier Javier
Carol Carol
Jennifer Jennifer
Amanda Amanda
Vicki Vicki
Jon Jon
Brian Brian
Adrian Adrian
Anthony Anthony
Ryan Ryan
Gary Gary
April April
Rachel Rachel
Megan Megan
Alexander Alexander
Russell Russell
