Jason Kelsey Wendy Ashley Melissa Jordan Jeffery Ricky Paul Michelle Dustin Melinda Randy Nicole Edwin Dana Joshua Cheryl Johnathan Megan Bryan Jacqueline Kimberly Roy Gregory Jose Sabrina Shawn Mark Regina Kayla John Carrie Stacie Ronnie Elizabeth Wayne Jill Logan Cristian William Mercedes Grace Jeffrey Robert Samantha Shannon April Robin Brad Stephen Rachel Andrew Christina Brian Gabriel Laura Nicholas Alexandra Monica Crystal Rebekah Brett Rebecca Kari Juan Tommy Timothy Jeremy David Kyle Brittany Evan Kristen Lauren Karen Susan Tristan Shane Dylan Misty Adam Joseph Jane Mary Kathy Jennifer Katelyn James Mario Claire Anthony Amanda Carol Heather Adrian Kara Tammy Scott Charles Jason
100
Jason Derek
Kelsey Kelsey
Wendy Wendy
Ashley Ashley
Melissa Melissa
Jordan Jordan
Jeffery Jeffery
Ricky Ricky
Paul Paul
Michelle Michelle
Dustin Dustin
Melinda Melinda
Randy Randy
Nicole Nicole
Edwin Edwin
Dana Dana
Joshua Joshua
Cheryl Cheryl
Johnathan Johnathan
Megan Megan
Bryan Bryan
Jacqueline Jacqueline
Kimberly Kimberly
Roy Roy
Gregory Gregory
Jose Jose
Sabrina Sabrina
Shawn Shawn
Mark Mark
Regina Regina
Kayla Kayla
John John
Carrie Carrie
Stacie Stacie
Ronnie Ronnie
Elizabeth Elizabeth
Wayne Wayne
Jill Jill
Logan Logan
Cristian Cristian
William William
Mercedes Mercedes
Grace Grace
Jeffrey Jeffrey
Robert Robert
Samantha Samantha
Shannon Shannon
April April
Robin Robin
Brad Brad
Stephen Stephen
Rachel Rachel
Andrew Andrew
Christina Christina
Brian Brian
Gabriel Gabriel
Laura Laura
Nicholas Nicholas
Alexandra Alexandra
Monica Monica
Crystal Crystal
Rebekah Rebekah
Brett Brett
Rebecca Rebecca
Kari Kari
Juan Juan
Tommy Tommy
Timothy Timothy
Jeremy Jeremy
David David
Kyle Kyle
Brittany Brittany
Evan Evan
Kristen Kristen
Lauren Lauren
Karen Karen
Susan Susan
Tristan Tristan
Shane Shane
Dylan Dylan
Misty Misty
Adam Adam
Joseph Joseph
Jane Jane
Mary Mary
Kathy Kathy
Jennifer Jennifer
Katelyn Katelyn
James James
Mario Mario
Claire Claire
Anthony
Amanda Amanda
Carol Carol
Heather Nathaniel Heather
Adrian Adrian
Kara Kara
Tammy Tammy
Scott Scott
Charles Charles
