Koffing Beheeyem Leavanny Cacturne Wailord Turtwig Meganium Ivysaur Zygarde Ledian Zygarde Throh Glalie Throh Fomantis Mudbray Wartortle Furret Electivire Archeops Loudred Glameow Inkay Spheal Gothorita Spheal Gigalith Buneary Zygarde Ivysaur Spiritomb Bergmite Gumshoos Bergmite Feebas Togepi Sigilyph Yanma Electivire Spinarak Wartortle Golett Beheeyem Cacturne Weedle Poochyena Piplup Poochyena Koffing
37
Koffing
Beheeyem Beheeyem
Leavanny Leavanny
Cacturne
Wailord Wailord
Turtwig
Meganium Meganium
Ivysaur
Zygarde Zygarde
Ledian Ledian
Throh
Glalie Glalie
Fomantis
Mudbray Mudbray
Wartortle
Furret Furret
Electivire Electivire
Archeops Archeops
Loudred Loudred
Glameow
Inkay Inkay
Spheal Spheal
Gothorita Gothorita
Gigalith Gigalith
Buneary Buneary
Spiritomb Spiritomb
Bergmite Bergmite
Gumshoos Gumshoos
Feebas
Togepi Togepi
Sigilyph
Yanma Yanma
Spinarak Spinarak
Golett Golett
Weedle
Poochyena
Piplup Piplup
