Masquerain Celesteela Snorlax Bewear Togetic Delibird Purrloin Sentret Celebi Bidoof Piloswine Bidoof Palossand Bouffalant Infernape Lillipup Hakamoo Buzzwole Volbeat Dialga Pichu Cofagrigus Persian Furfrou Bayleef Bisharp Bayleef Aurorus Carracosta Doublade Hitmonlee Yanmega Poliwrath Wailmer Primarina Kricketot Dusknoir Weepinbell Tsareena Florges Stufful Chansey Regice Chansey Tentacruel Caterpie Cascoon Timburr Machoke Hippopotas Hoopa Moltres Gastrodon Shaymin Caterpie Zapdos Shieldon Girafarig Serperior Poliwag Purrloin Kricketune Flaaffy Omastar Flaaffy Slugma Manectric Zubat Florges Bergmite Wormadam Wailmer Scolipede Vespiquen Florges Ralts Florges Masquerain
67
Masquerain
Celesteela Celesteela
Snorlax
Bewear
Togetic Togetic
Delibird Delibird
Purrloin Purrloin
Sentret Sentret
Celebi Celebi
Bidoof Bidoof
Piloswine Piloswine
Palossand
Bouffalant Bouffalant
Infernape Infernape
Lillipup Lillipup
Hakamoo Hakamoo
Buzzwole Buzzwole
Volbeat Volbeat
Dialga Dialga
Pichu Pichu
Cofagrigus
Persian Persian
Furfrou
Bayleef Bayleef
Bisharp Bisharp
Aurorus Aurorus
Carracosta Carracosta
Doublade
Hitmonlee Hitmonlee
Yanmega Yanmega
Poliwrath Poliwrath
Wailmer Wailmer
Primarina Primarina
Kricketot Kricketot
Dusknoir Dusknoir
Weepinbell Weepinbell
Tsareena Tsareena
Florges
Stufful Stufful
Chansey
Regice Regice
Tentacruel Tentacruel
Caterpie
Cascoon Cascoon
Timburr Timburr
Machoke Machoke
Hippopotas Cherrim
Hoopa
Moltres Moltres
Gastrodon Gastrodon
Shaymin Shaymin
Zapdos Zapdos
Shieldon
Girafarig Girafarig
Serperior
Poliwag Poliwag
Kricketune
Flaaffy
Omastar Omastar
Slugma
Manectric Manectric
Zubat Zubat
Bergmite Bergmite
Wormadam Wormadam
Scolipede Scolipede
Vespiquen
Ralts Ralts
