Tsareena Greninja Mudsdale Pancham Vivillon Pancham Mudsdale Pidgeot Rockruff Whiscash Quilava Rufflet Arbok Metapod Chespin Typhlosion Chinchou Bonsly Sylveon Lapras Torracat Exeggcute Binacle Serperior Bergmite Jolteon Buizel Aipom Nuzleaf Machamp Remoraid Machamp Happiny Magmortar Goomy Lileep Absol Hitmontop Absol Swanna Unown Relicanth Floatzel Deoxys Metagross Carbink Bronzor Mightyena Bronzor Roserade Carnivine Mantine Gorebyss Lycanroc Raichu Chatot Slakoth Ninjask Heatran Lampent Electrike Dustox Aipom Mimikyu Glalie Charizard Volcanion Infernape Carbink Reshiram Golbat Cinccino Heatmor Ferrothorn Whimsicott Budew Grumpig PorygonZ Electrode Flygon Crabominable Kyurem Ampharos Trumbeak Mawile Spinda Spiritomb Spearow Staravia Feraligatr Luvdisc Purrloin Butterfree Cubone TypeNull Electivire Probopass Metang Magmar Blissey Lombre Diggersby Darkrai Jirachi Kangaskhan Skitty Bagon Charmander Bagon Torchic Cascoon Krookodile Azurill Crawdaunt Cosmog Torkoal Greninja Tsareena Gliscor Furret Reuniclus Furret Butterfree Beedrill Floette Sylveon Altaria Malamar Rhyhorn Tsareena
116
Tsareena Tsareena
Greninja Greninja
Mudsdale Mudsdale
Pancham
Vivillon Vivillon
Pidgeot Pidgeot
Rockruff Rockruff
Whiscash Whiscash
Quilava Quilava
Rufflet Rufflet
Arbok Arbok
Metapod Metapod
Chespin Chespin
Typhlosion Typhlosion
Chinchou Chinchou
Bonsly Bonsly
Sylveon Sylveon
Lapras Lapras
Torracat Torracat
Exeggcute Exeggcute
Binacle Binacle
Serperior Serperior
Bergmite Bergmite
Jolteon Jolteon
Buizel Buizel
Aipom
Nuzleaf Nuzleaf
Machamp Machamp
Remoraid Remoraid
Happiny Happiny
Magmortar Magmortar
Goomy Goomy
Lileep Lileep
Absol Absol
Hitmontop Hitmontop
Swanna Swanna
Unown Unown
Relicanth Relicanth
Floatzel Floatzel
Deoxys Deoxys
Metagross Metagross
Carbink Carbink
Bronzor Bronzor
Mightyena Mightyena
Roserade Roserade
Carnivine Carnivine
Mantine Mantine
Gorebyss
Lycanroc Lycanroc
Raichu Raichu
Chatot Chatot
Slakoth Slakoth
Ninjask Ninjask
Heatran Heatran
Lampent Lampent
Electrike Electrike
Dustox Dustox
Mimikyu Mimikyu
Glalie Glalie
Charizard Charizard
Volcanion
Infernape Infernape
Reshiram Reshiram
Golbat Golbat
Cinccino Cinccino
Heatmor Heatmor
Ferrothorn
Whimsicott Whimsicott
Budew Budew
Grumpig Grumpig
PorygonZ PorygonZ
Electrode Electrode
Flygon Flygon
Crabominable Crabominable
Kyurem
Ampharos Ampharos
Trumbeak Trumbeak
Mawile Mawile
Spinda Spinda
Spiritomb Spiritomb
Spearow
Staravia
Feraligatr Feraligatr
Luvdisc Luvdisc
Purrloin
Butterfree Butterfree
Cubone Cubone
TypeNull TypeNull
Electivire
Probopass Probopass
Metang
Magmar Magmar
Blissey Blissey
Lombre
Diggersby Diggersby
Darkrai Darkrai
Jirachi Jirachi
Kangaskhan Kangaskhan
Skitty Skitty
Bagon
Charmander Charmander
Torchic Torchic
Cascoon Cascoon
Krookodile Krookodile Corphish
Azurill
Crawdaunt Crawdaunt
Cosmog Cosmog
Torkoal Torkoal
Gliscor Gliscor
Furret
Reuniclus Reuniclus
Beedrill Beedrill
Floette Floette
Altaria
Malamar Malamar
Rhyhorn
