0 26 85 68 88 9 80 9 50 15 33 90 33 95 31 65 63 14 11 51 13 39 1 39 32 39 14 57 56 5 46 61 7 43 44 34 12 73 72 73 12 17 36 40 45 10 45 58 55 58 59 58 25 1 39 14 11 71 23 97 54 29 8 69 53 69 82 24 82 60 80 9 35 9 92 9 41 28 11 66 70 66 11 71 89 76 89 71 11 62 99 62 11 51 0
64
0 0
26 26
85 85
68
88 88
9 9
80 80
50 50
15 15
33 33
90 90
95 95
31
65 65
63 63
14
11 11
51 51
13 13
39 39
1 1
32 32
57
56
5 5
46 46
61 61
7 7
43 43
44 44
34 34
12 12
73
72 72
17 17
36 36
40 40
45 45
10 10
58 58
55 55
59 59
25 25
71
23 23
97
54 54
29 29
8
69
53 53
82
24 24
60 60
35 35
92 92
41 41
28 28
66
70 70
89
76 76
62
99 99
