0 43 39 99 27 9 57 81 0 89 65 15 45 28 96 53 18 60 24 94 19 78 67 30 62 3 51 35 31 13 32 71 32 37 32 61 90 38 5 46 5 72 26 42 98 7 43 23 58 59 47 20 83 17 52 97 11 99 39 43 40 8 40 88 21 50 4 55 4 0
59
0 0
43 43
39
99 99
27 27
9 9
57 57
81
89 89
65 65 95
15 15
45 45
28
96 96
53
18 18
60 60
24 24
94 94
19
78 78
67 67
30
62 62
3 3
51 51
35 35
31
13 13
32 32
71 71
37 37
61 61
90 90
38 38
5 93
46 46
72 72
26 26
42 42
98 98
7 7
23 23
58 58
59
47 10
20 20
83 83
17 17
52 52
97
11 11
40 40
8 8
88 88
21 21
50
4 4
55 55
