0 52 101 174 130 75 83 143 0 80 68 66 68 126 20 156 179 103 114 85 16 17 16 98 135 106 131 73 177 73 189 157 149 48 149 157 197 199 27 151 17 46 184 102 121 23 62 42 40 32 31 196 2 139 198 76 198 9 88 5 128 5 26 116 125 36 82 147 59 183 87 180 69 39 72 55 11 171 144 74 144 152 181 153 105 153 6 160 117 168 117 176 195 91 25 50 138 12 34 30 141 60 70 45 137 45 19 97 81 63 149 145 65 101 84 7 67 13 67 7 122 166 122 162 122 35 113 136 113 185 108 187 92 10 64 111 2 139 53 139 0
117
0
52 52
101
174 174
130 130
75 75
83 83
143 143
80 80
68
66 66
126 126
20 20
156 156
179 179
103 103
114 114
85 85
16 16
17 17
98 98
135
106 106
131 131
73
177 177
189 189
157 157
149 149
48 48
197 197
199 199
27 27
151 151
46 46
184 184
102 102
121 121
23 23
62 62
42 42 140
40 40
32
31 31
196 196
2
139 139
198 198
76 76
9 9
88 88
5
128 128
26 26
116 116
125 125
36 36
82 82
147 147
59 59
183 183
87 87
180 180
69 69
39
72 72
55 55
11 11
171 171
144 144
74 74
152 152
181 181
153
105 105
6
160 160
117 117
168 134 168
176 109 176
195 195
91 91
25
50 50
138 138
12
34 34
30 30
141 4
60
70 70
45 45
137 137
19 19
97 97
81 81
63 63
145 145
65
84 84
7
67 67
13 13
122 122
166 166
162 162
35 35
113
136 136
185 185
108 108
187
92
10 10
64
111 111
53 53
