node0 node2 node6 node41 node20 node4 node13 node3 node8 node9 node37 node32 node36 node14 node27 node44 node45 node47 node49 node51 node46 node48 node63 node59 node64 node66 node55 node60 node95 node67 node70 node72 node75 node79 node78 node71 node85 node84 node99 node3 node91 node0
40
node0
node2 node2 node39
node6 node6
node41 node41
node20 node20
node4 node4
node13 node13
node3 node3
node8 node8
node9 node9
node37 node37
node32 node32
node36 node36
node14 node14
node27 node27
node44 node44
node45 node45
node47 node47
node49 node49
node51 node51
node46 node46
node48 node48
node63 node63
node59 node59
node64 node64
node66 node66
node55 node55
node60 node60
node95 node95
node67 node67
node70 node70
node72 node72
node75 node75
node79 node79
node78 node78
node71 node71
node85 node85
node84 node84
node99 node99
node91 node91
