1 28 97 96 17 82 60 82 38 11 83 39 86 16 12 65 12 11 74 9 88 8 58 40 57 61 91 58 30 31 44 71 63 92 63 66 21 50 86 23 84 3 47 48 81 27 68 80 46 26 45 56 73 53 73 72 43 95 43 6 85 6 64 2 64 51 18 76 90 29 19 1
61
1
28 28
97 97
96 96
17 35
82 82
60 60
38 38
11 11
83 83
39 39
86 86
16 16
12
65 65
74 74
9 9
88 88
8 8
58 58
40 40
57
61 61
91 91
30 30
31 31
44
71 71
63 63
92 92
66 66
21
50 50
23 23
84 84
3
47 47
48 48
81 81
27 27
68 68
80 80
46 46
26
45 45
56 56
73 73
53 53
72
43 43
95 95
6 6
85 85
64 64
2 2
51
18
76 76
90 90
29
19
