1 16 160 32 163 100 0 22 35 26 100 3 100 8 12 100 10 100 15 100 18 115 63 100 19 88 50 27 29 93 25 100 21 141 100 24 100 28 100 30 170 84 124 195 178 119 49 193 99 97 100 31 100 36 100 38 100 43 117 100 44 175 80 76 59 121 129 89 186 100 45 196 100 54 159 199 158 100 55 68 100 56 100 57 100 60 134 100 74 100 77 177 151 142 100 82 100 83 127 86 100 101 100 105 164 100 111 100 113 100 125 182 100 131 100 136 100 137 155 183 100 138 100 148 100 150 100 153 100 157 100 171 180 100 172 100 174 191 100 188 100 189 100 192 100 194 100 1
100
0 0
1 1
3 3
8 8
10 10
12 12
15 15
16 16
18 18
19 19
21 21
22 22
24 24
25 25
26 26
27 27
28 28
29 29
30 30
31 31
32 32
35 35
36 36
38 38
43 43
44 44
45 45
49 49
50 50
54 54
55 55
56 56
57 57
59 59
60 60
63 63
68 68
74 74
76 76
77 77
80 80
82 82
83 83
84 84
86 86
88 88
89 89
93 93
97 97
99 99
101 101
105 105
111 111
113 113
115 115
117 117
119 119
121 121
124 124
125 125
127 127
129 129
131 131
134 134
136 136
137 137
138 138
141 141
142 142
148 148
150 150
151 151
153 153
155 155
157 157
158 158
159 159
160 160
163 163
164 164
170 170
171 171
172 172
174 174
175 175
177 177
178 178
180 180
182 182
183 183
186 186
188 188
189 189
191 191
192 192
193 193
194 194
195 195
196 196
199 199
