0 62 50 93 37 51 50 4 49 50 5 21 86 50 8 50 17 81 50 18 50 19 50 20 42 50 28 91 74 50 29 50 32 85 64 50 33 87 35 50 38 50 40 95 71 67 50 44 50 46 50 54 50 58 50 61 50 63 50 65 50 66 50 78 50 79 50 80 50 83 50 84 50 92 50 97 2 99 36 0
51
0 0
62 62
50 31
93 93
37 37
51 51
4 4
49 49
5 5
21 21
86 86
8 8
17 17
81 81
18 18
19 19
20 20
42 42
28 28
91 91
74 74
29 29
32 32
85 85
64 64
33 33
87 87
35 35
38 38
40 40
95 95
71 71
67 67
44 44
46 46
54 54
58 58
61 61
63 63
65 65
66 66
78 78
79 79
80 80
83 83
84 84
92 92
97 97
2 2
99 99
36
