1 32 31 75 93 41 71 41 82 17 64 63 64 37 50 91 43 57 43 78 61 78 83 53 44 7 44 53 51 53 33 77 13 5 15 5 52 45 65 79 67 91 39 58 85 58 42 47 94 49 21 97 21 95 18 34 35 34 74 3 80 76 55 59 60 29 40 83 78 89 81 9 25 27 25 84 23 87 69 11 10 54 53 83 78 43 91 73 91 43 22 18 19 18 34 26 1
71
1 1
32
31 31
75 75
93 93
41 41
71 71
82
17 17
64
63 63
37 37
50
91 91
43 43
57 57
78
61 61
83 83
53 53
44
7 7
51 51
33 33
77 77
13 13
5 5
15 15
52
45 45
65 65
79 79
67 67
39 39
58
85 85
42
47 47
94
49 49
21 21
97 97
95 95
18
34
35 35
74
3 3
80
76
55 55
59 59
60
29 29
40
89 89
81 81
9 9
25 25
27 27
84
23 23
87 87
69 69
11 11
10
54
73 73
22
19 19
26
