1 139 142 99 142 139 168 169 57 169 131 130 122 123 124 189 37 189 124 125 137 75 74 160 23 160 17 160 23 191 151 150 53 150 85 86 47 48 79 48 65 175 151 141 89 93 161 179 25 165 155 33 186 185 143 157 156 21 152 153 152 111 188 135 188 113 171 15 5 127 126 180 181 134 188 113 31 76 35 154 29 36 97 95 195 95 197 50 49 50 27 43 73 87 38 39 119 115 119 159 117 170 108 167 166 120 51 120 9 8 101 92 91 178 63 71 63 83 82 177 183 114 105 104 103 104 105 106 109 176 149 81 11 41 131 132 61 60 59 8 101 194 193 107 85 86 47 116 133 171 69 66 145 66 67 66 162 45 156 187 20 121 74 144 55 147 146 3 34 129 40 64 101 8 7 8 32 173 172 13 12 44 77 17 160 23 79 48 19 48 65 175 163 2 1
150
1 1
139 139
142
99 99
168
169 169
57 57
131 131
130
122
123 123
124
189 189
37 37
125 125
137 137
75 75
74
160
23 23
17 17
191 191
151 151
150
53 53
85 85
86
47 47
48
79 79
65 65
175 175
141 141
89 89
93 93
161 161
179 179
25 25
165 165
155 155
33 33
186
185 185
143 143
157 157
156
21 21
152
153 153
111 111
188
135 135
113 113
171 171
15 15
5 5
127 127
126
180
181 181
134
31 31
76
35 35
154
29 29
36
97 97
95 95
195 195
197 197
50
49 49
27 27
43 43
73 73
87 87
38
39 39
119 119
115 115
159 159
117 117
170
108
167 167
166
120
51 51
9 9
8
101 101
92
91 91
178
63 63
71 71
83 83
82
177 177
183 183
114
105 105
104
103 103
106
109 109
176
149 149
81 81
11 11
41 41
132
61 61
60
59 59
194
193 193
107 107
116
133 133
69 69
66
145 145
67 67
162
45 45
187 187
20
121 121
144
55 55
147 147
146
3 3
34
129 129
40
64
7 7
32
173 173
172
13 13
12
44
77 77
19 19
163 163
2
