1 10 21 26 24 30 28 21 74 72 80 71 76 78 74 88 82 89 87 86 88 99 92 91 97 94 100 98 99 35 36 37 32 33 31 35 61 66 70 63 69 62 61 43 42 47 45 49 50 43 51 53 58 59 58 51 11 12 16 20 17 11 10 6 2 1
54
1 1
10 10
21 21
26 26
24 24
30 22 30
28 28
74 74
72 72
80 80
71 71 75
76 73 76
78 78
88 88
82 82
89 89
87 87
86 86
99
92 92
91 91
97 97
94 94
100 100
98 98
35
36 36
37 37
32 32
33 33
31 31
61 67
66 66
70 70
63 63
69 69
62
43
42 42
47 47
45 45
49
50 50
51
53 53
58
59 59
11
12 12
16 13 16
20 19 20
17
6
2 2 7
