1 6 8 2 46 50 41 46 38 39 36 35 37 31 38 58 53 55 52 54 57 59 58 75 73 76 80 72 74 72 77 75 118 116 111 119 113 118 141 145 146 141 151 157 153 156 160 156 159 151 169 165 167 166 168 161 164 169 172 174 180 179 178 171 172 192 197 198 199 191 192 98 99 98 132 136 135 139 137 131 140 135 132 87 89 82 81 88 83 85 87 21 26 29 28 23 21 121 122 121 18 13 16 11 18 63 70 68 66 62 69 63 102 104 102 182 184 182 46 2 1
96
1
6 6
8 8
2 2
46 46
50 50
41 41 47
38 38
39 39
36 36
35 35
37 32 37
31 31
58 58
53 53
55 55
52 52
54 54
57 57
59 59
75 75
73 73
76 76
80 80
72
74 74
77 77
118 118
116 116
111 111 114
119 119
113 113
141 141 148
145 145
146 142 146
151 151
157 157
153 153
156 156
160 160
159
169 169
165 165
167 167
166 166
168 168
161 161 163
164 164
172 172
174 174
180 180
179 179
178 175 178
171
192 192
197 197
198 198
199 199
191 191
98
99 96 99
132
136 136
135 135
139 139
137 137
131 131
140 140
87
89 86 89
82 82
81 81
88 88
83 83
85 85
21
26 26
29 29
28 28 30
23 23 25
121 128
122 122 126
18
13 13
16 16 19
11 11 14
63
70 70
68 61 68
66 66
62 62
69 69
102
104 104
182 189
184 185
