l1 l26 l53 l92 l114 l172 l15 l76 l102 l155 l148 l24 l163 l132 l163 l94 l128 l2 l58 l44 l72 l63 l40 l7 l35 l39 l67 l161 l200 l177 l90 l169 l186 l169 l46 l130 l41 l116 l180 l5 l199 l136 l142 l115 l61 l12 l160 l138 l171 l181 l83 l127 l49 l184 l106 l77 l110 l147 l59 l122 l74 l192 l124 l37 l72 l189 l52 l109 l113 l162 l88 l1
68
l1
l26 l26
l53 l53
l92 l6
l114 l14 l114
l172 l54 l172
l15 l15
l76 l20
l102 l102
l155 l155
l148 l148
l24 l24
l163 l163
l132 l132
l94 l94
l128 l128
l2 l2 l33
l58 l58
l44 l44
l72 l72
l63 l21 l63
l40 l40
l7 l7
l35 l35
l39 l39
l67 l27 l67
l161 l161
l200 l200
l177 l177
l90 l90
l169 l141 l169
l186 l186
l46 l46
l130 l130
l41 l41
l116 l116
l180 l180
l5
l199 l199
l136 l136
l142 l142
l115 l115
l61
l12 l12
l160 l160 l168
l138 l138
l171 l171
l181 l181
l83 l83
l127 l127
l49 l49
l184 l25 l184
l106
l77 l77
l110 l110
l147 l101
l59 l59
l122 l122
l74 l74
l192 l192
l124 l124
l37 l37
l189 l189
l52
l109 l109
l113 l113
l162 l162
l88
