1 58 59 19 55 45 56 47 62 43 62 77 38 57 46 61 67 44 72 53 60 63 70 68 80 64 42 75 39 52 11 71 40 78 36 48 36 16 73 57 79 57 37 49 50 49 66 51 66 49 88 64 74 64 88 24 81 34 76 34 25 82 24 53 65 38 14 16 90 16 14 62 83 27 89 68 70 86 70 68 24 31 69 54 69 31 24 46 85 46 30 3 1 84 1 3 30 39 81 87 81 39 30 3 1
66
1
58 58
59 59
19
55 41 55
45 45
56 56
47 47
62 62
43 43
77 77
38
57 57
46 46
61 61
67 67
44 44
72 72
53 53
60 60
63 63
70 70
68 68
80 80
64 64
42 42
75 75
39
52 52
11
71 71
40
78 78
36
48 48
16
73 73
79 79
37
49 49
50 50
66 66
51 51
88 88
74 74
24
81 81
34
76 76
25
82 82
65 65
14
90 90
83 83
27
89 89
86 86
31
69 69
54 54
85 85
30
3
84 84
87 87
