0 7 5 8 6 9 3 2 4 35 33 30 32 36 34 31 39 38 37 75 78 74 71 76 72 73 70 79 88 89 83 81 80 87 86 85 82 84 68 64 67 60 66 65 62 61 63 69 22 25 24 27 20 26 29 23 21 28 49 48 45 46 44 43 40 47 42 41 52 56 57 59 53 55 51 50 100 99 92 95 90 94 96 91 97 15 10 14 16 18 13 17 19 11 12 15 0
95
0 0 1
7 7
5 5
8 8
6 6
9 9
3 3
2 2
4 4
35 35
33 33
30 30
32 32
36 36
34 34
31 31
39 39
38 38
37 37
75 75
78 78
74 74
71 71
76 76 77
72 72
73 73
70 70
79 79
88 88
89 89
83 83
81 81
80 80
87 87
86 86
85 85
82 82
84 84
68 68
64 64
67 67
60 60
66 66
65 65
62 62
61 61
63 63
69 69
22 22
25 25
24 24
27 27
20 20
26 26
29 29
23 23
21 21
28 28
49 49
48 48
45 45
46 46
44 44
43 43
40 40
47 47
42 42
41 41
52 52
56 56 58
57 57
59 59
53 53
55 55
51 51
50 50 54
100
99 99
92 92
95 95
90 90
94 94
96 96 98
91 91
97 93 97
15 15
10 10
14 14
16 16
18 18
13 13
17 17
19 19
11 11
12 12
