Canada Nigeria Rwanda Singapore Lebanon Finland Cambodia Jamaica Sao Kyrgyzstan Niger Mayotte Saint New Moldova Latvia Hong Palau Pitcairn Japan Congo Luxembourg Argentina Northern Aruba Liberia Republic Algeria Republic Croatia Sint Egypt Korea British Belize Portugal Malawi Burkina Australia Macao Lesotho Lao Kiribati Netherlands Fiji Germany Iraq Niue Albania Barbados Burundi Argentina Pakistan Aruba Mexico Bahamas Indonesia Brunei Sudan Ireland Republic Antigua Republic Canada
58
Canada
Nigeria Nigeria
Rwanda Rwanda
Singapore Singapore
Lebanon Lebanon
Finland Finland
Cambodia Cambodia
Jamaica Jamaica
Sao Sao
Kyrgyzstan Kyrgyzstan
Niger United Niger
Mayotte Mayotte
Saint Saint
New New
Moldova Moldova
Latvia Latvia
Hong Hong
Palau Palau
Pitcairn Pitcairn
Japan Japan
Congo Congo
Luxembourg Luxembourg
Argentina Argentina
Northern Northern
Aruba Aruba
Liberia Liberia
Republic Republic
Algeria Algeria
Croatia Croatia
Sint Sint
Egypt Egypt
Korea Korea
British British
Belize Belize
Portugal
Malawi Malawi
Burkina Burkina
Australia
Macao Macao
Lesotho
Lao Lao
Kiribati Kiribati
Netherlands Netherlands
Fiji Fiji
Germany
Iraq Iraq
Niue
Albania Albania
Barbados
Burundi Burundi
Pakistan Pakistan
Mexico Mexico
Bahamas Bahamas
Indonesia Indonesia
Brunei
Sudan
Ireland Ireland
Antigua Antigua
