Canada Austria Central Aruba Australia Czech United Azerbaijan Botswana Bouvet Colombia Cocos Cayman Finland Egypt Comoros Indonesia Guyana Antigua China Bermuda Fiji Argentina Belarus Guam Belize Gibraltar Guadeloupe Azerbaijan Angola Azerbaijan Faroe Cambodia Burkina Canada
32
Canada
Austria Austria
Central Central
Aruba Aruba
Australia Australia
Czech Czech
United United
Azerbaijan
Botswana Botswana
Bouvet Bouvet
Colombia Colombia
Cocos Cocos
Cayman Cayman
Finland
Egypt Egypt
Comoros Comoros
Indonesia
Guyana Guyana
Antigua Antigua
China China
Bermuda Bermuda
Fiji Fiji
Argentina Argentina
Belarus Denmark
Guam Guam
Belize Belize
Gibraltar
Guadeloupe Guadeloupe
Angola Angola
Faroe
Cambodia Cambodia
Burkina
