1 30 18 50 53 60 40 11 74 25 71 33 41 14 56 42 59 57 44 51 37 31 13 69 70 29 39 75 66 73 72 27 32 36 47 68 38 26 34 22 46 65 61 15 12 58 16 21 24 63 28 45 17 64 62 79 35 19 52 78 43 1
61
1 49 67
30 30
18 18
50 50
53 53
60 60
40 40
11 11
74 74
25 25
71 71
33 33
41 41
14 14
56 20 56
42 42 48
59 59
57 57
44 44
51 51
37 37
31 31
13 13
69 69
70 70 76
29 29
39 39
75 75
66 66
73 73
72 72
27 27
32 32
36 36
47 47
68 68
38 38
26 26
34 34
22 22
46 46
65 65
61 61
15 15
12 12
58 23 58
16 16
21 10 21
24 24
63 63
28 28 55 77
45 45
17 17 54
64 64
62 62
79 79
35 35
19 19
52 52
78 78
43 43
