Jakku Toffingburg Riverrun DiagonAlley Accrington HighGarden TheCommonwealth KnifesEdge Meereen Lorien Alethkar WesternAirTemple TheEyrie Peridrift Chrofall Castamere Karth TheWhompingWillow Aerodenn TheFae Urubaen Dubwall Bobbingbourne ShriekingShack Valyria MountOlympus JahKeved Atlantas Alderaan GooLagoon Severen Winterfell Arcwallow Astapor Westeros Duskhollow TheKrustyKrab Toperhagen DuWeldenvarden Helgrind Shinovar JarrensOutpost Keld Batcave TheReshiIsles Trebon TheChumBucket Grimbarrow Steeltown Newarre Dragonstone Yll Penketh Arkham TheSpine BeyondtheWall Braavos Barkamsted BaSingSe Neddington Vintas Alethkar TheBoilingRock FireNation Sanlow Hogwarts Blackwater TheRiverStyx Tartarus TheUnderworld Boatwright Gizton FlourishBlotts Azir TheGreatDivide KnifesEdge TheSpiritWorld Essos Toffingburg Carvahall Alethkar WitheredHeath Soda Beldenn Ademre TheAturanEmpire Hogsmead Tarbean Endor SatishVille TheCommonwealth Neddingtown BayofDragons BikiniBottom Pendle Arrowcave KoralReef Ellesmera Glimthain Netherfort SerpantsPass CaveofTwoLovers TheHogsHead ShatteredPlains TheHogsHead FleaBottom SouthernAirTemple ProBendingArena KingsLanding Omashu Meereen CastleBlack Lockinge TheVale Tralfamadore TheGodswood HighGarden Ivormere EasternAirTemple Jakku
111
Jakku Jakku
Toffingburg Toffingburg
Riverrun Riverrun
DiagonAlley DiagonAlley
Accrington Accrington
HighGarden HighGarden
TheCommonwealth TheCommonwealth
KnifesEdge KnifesEdge
Meereen Meereen
Lorien Lorien
Alethkar Alethkar
WesternAirTemple WesternAirTemple
TheEyrie TheEyrie
Peridrift Peridrift
Chrofall Chrofall
Castamere Castamere
Karth Karth
TheWhompingWillow TheWhompingWillow
Aerodenn Aerodenn
TheFae TheFae
Urubaen Urubaen
Dubwall Dubwall RepublicCity
Bobbingbourne Bobbingbourne
ShriekingShack ShriekingShack
Valyria Valyria
MountOlympus MountOlympus
JahKeved JahKeved
Atlantas Atlantas
Alderaan Alderaan
GooLagoon GooLagoon
Severen Severen
Winterfell Winterfell
Arcwallow Arcwallow
Astapor Astapor
Westeros Westeros
Duskhollow Duskhollow
TheKrustyKrab TheKrustyKrab
Toperhagen Toperhagen
DuWeldenvarden DuWeldenvarden
Helgrind Helgrind
Shinovar Shinovar
JarrensOutpost JarrensOutpost
Keld Keld
Batcave Batcave
TheReshiIsles TheReshiIsles
Trebon Trebon
TheChumBucket TheChumBucket
Grimbarrow Grimbarrow
Steeltown Steeltown
Newarre Newarre
Dragonstone Dragonstone
Yll Yll
Penketh Penketh
Arkham Arkham
TheSpine TheSpine
BeyondtheWall BeyondtheWall
Braavos Braavos
Barkamsted Barkamsted
BaSingSe BaSingSe
Neddington Neddington
Vintas Vintas
TheBoilingRock TheBoilingRock
FireNation FireNation
Sanlow Sanlow
Hogwarts Hogwarts
Blackwater Blackwater
TheRiverStyx TheRiverStyx
Tartarus Tartarus
TheUnderworld TheUnderworld
Boatwright Boatwright
Gizton Gizton
FlourishBlotts FlourishBlotts
Azir Azir
TheGreatDivide TheGreatDivide
TheSpiritWorld TheSpiritWorld
Essos Essos
Carvahall Carvahall
WitheredHeath WitheredHeath
Soda Soda
Beldenn
Ademre Ademre
TheAturanEmpire
Hogsmead Hogsmead
Tarbean Tarbean
Endor Endor
SatishVille SatishVille
Neddingtown Neddingtown
BayofDragons
BikiniBottom BikiniBottom
Pendle
Arrowcave Arrowcave
KoralReef
Ellesmera Ellesmera
Glimthain
Netherfort Netherfort
SerpantsPass
CaveofTwoLovers CaveofTwoLovers
TheHogsHead
ShatteredPlains ShatteredPlains
FleaBottom FleaBottom
SouthernAirTemple
ProBendingArena ProBendingArena
KingsLanding
Omashu Omashu
CastleBlack CastleBlack
Lockinge Lockinge
TheVale TheVale
Tralfamadore
TheGodswood TheGodswood
Ivormere Ivormere
EasternAirTemple
