Olivanders TheBurningPlains Yll MinistryofMagic UtgardMountain TheBoilingRock Batcave Eggmanland SatishVille Trebon TheGreatDivide HighGarden Vintas Vroengard Ademre Carvahall TheVale Lorien ShriekingShack Lorien Glimthain Tartarus Bobbingbourne Urubaen Peterborough Accrington Carvahall Westopolis Arkham MinistryofMagic CrastersKeep Ebonfall GringottsBank TheAturanEmpire TheSpine Coalwatch TheSpine Snozgate RockofKuthian Olivanders
35
Olivanders Olivanders
TheBurningPlains TheBurningPlains
Yll Yll
MinistryofMagic MinistryofMagic
UtgardMountain UtgardMountain
TheBoilingRock TheBoilingRock
Batcave Batcave
Eggmanland Eggmanland
SatishVille SatishVille
Trebon Trebon
TheGreatDivide TheGreatDivide
HighGarden HighGarden
Vintas Vintas
Vroengard
Ademre Ademre
Carvahall
TheVale TheVale
Lorien
ShriekingShack ShriekingShack
Glimthain Glimthain
Tartarus
Bobbingbourne Bobbingbourne
Urubaen Urubaen
Peterborough
Accrington Accrington
Westopolis Westopolis
Arkham Arkham
CrastersKeep
Ebonfall Ebonfall
GringottsBank GringottsBank
TheAturanEmpire
TheSpine
Coalwatch Coalwatch
Snozgate
RockofKuthian
