Meckgue TheUniversity ShatteredPlains Braavos Dagobah TreeofTime RepublicCity ZhaoFu Sanlow Yunkai LakeLaogai ThePrancingPony Carvahall Urubaen FlourishBlotts HorneaterPeaks Lorien TheHogsHead Netherfort Gizton Steeltown MysticRuins TheGodswood Essos KoralReef Tartarus TheWaystoneInn TheArcanum GooLagoon Keld Murkcairn Ellesmera Vexhollow Ademre Endor EarthKingdom UtgardMountain Omashu Meereen Winterfell Millingburg Grayburn Beldenn LakeLaogai LeakyCauldron LakeLaogai VaultofSouls EasternAirTemple TheVale TheBoilingRock BeyondtheWall TheSpine TheHogsHead Larcbost TheEyrie TheKrustyKrab Boatwright Gotham Boatwright Eggmanland Castamere TheFingers TheFae Kinecardine VaultofSouls Meckgue
50
RepublicCity RepublicCity
LakeLaogai LakeLaogai
Gizton Gizton
TheWaystoneInn TheWaystoneInn
TreeofTime TreeofTime
Steeltown Steeltown
Lorien Lorien
ShatteredPlains ShatteredPlains
Braavos Braavos
Ademre Ademre
Dagobah Dagobah
Carvahall Carvahall
TheHogsHead TheHogsHead
KoralReef KoralReef
Meckgue Meckgue
Murkcairn Murkcairn
Tartarus Tartarus
Yunkai Yunkai
EarthKingdom EarthKingdom
Netherfort Netherfort
Sanlow Sanlow
TheVale TheVale
Keld Keld
ThePrancingPony ThePrancingPony
GooLagoon GooLagoon
Meereen Meereen
UtgardMountain UtgardMountain
Ellesmera Ellesmera
Urubaen Urubaen
FlourishBlotts FlourishBlotts
Grayburn Grayburn
LeakyCauldron LeakyCauldron
ZhaoFu ZhaoFu
Winterfell Winterfell
TheUniversity TheUniversity
BeyondtheWall BeyondtheWall
Larcbost Larcbost
EasternAirTemple EasternAirTemple
Beldenn Beldenn
TheBoilingRock TheBoilingRock
MysticRuins MysticRuins
TheGodswood TheGodswood
Gotham Gotham
Vexhollow Vexhollow
VaultofSouls VaultofSouls
TheArcanum TheArcanum
TheKrustyKrab TheKrustyKrab
Castamere Castamere
TheSpine TheSpine
Kinecardine Kinecardine
