21 54 107 142 37 146 118 134 94 159 35 61 147 29 115 27 31 133 184 151 144 122 163 129 167 90 10 180 10 30 23 179 48 149 49 74 64 34 120 16 32 169 114 82 148 91 47 7 127 15 42 4 156 160 130 136 81 88 18 68 108 36 168 154 100 137 72 53 87 20 85 62 170 172 116 46 105 38 105 51 12 196 139 135 131 152 176 17 119 178 78 96 186 190 188 2 21
90
2 2
7 7
10 10
120 14 60 120
15 15
16 16
17 17
18 18
20 20
21 21
23 23
85 24
27 27
29 29
30 30
31 31
32 32
34 34
36 36
37 37
38 38
35 40
42 42
100 45 100
46 46 177
47 47
48 48
49 49
51 51
53 53
54 54
188 56 188
61 61
62 62
64 64
68 68
72 72
74 74
96 75 96
78 78
81 81
82 82
87 87
88 88
90 90
91 91
149 95 149
107 97
129 102
12 103
105 105
108 108
114 114
115 115
116 116
118 118
119 119
142 121 142
122 122
168 125 168
127 127
130 130
131 131
133 133
134 134
135 135
136 136 194
137 137
139 139
144 144
146 146
147 147
151 151
152 152
154 154
156 156
159 159
160 160
163 163
167 167
169 169
170 170
172 172
176 176
178 178
180 180
184 184
186 186
190 190
196 196
