s h129 h176 h174 h161 h102 h132 h151 h128 h108 h180 h178 h198 h149 h146 h139 h199 h136 h194 h179 h160 h134 h197 h137 h189 h155 h190 h171 h130 h154 h120 h156 h164 h177 h183 h106 h105 h135 h133 h140 h152 h111 h127 h112 h159 h119 h195 h125 h162 h141 h181 h184 h187 h192 h169 h118 h131 h143 h144 h142 h186 h165 h148 h153 h114 h103 l53 h170 h173 h110 h107 h124 h172 h109 h126 h191 h182 h150 h158 h123 h196 h116 l11 h166 h193 h121 h104 h168 h160 h145 h117 h122 h167 l35 h138 h188 h157 l57 h115 h175 h101 h163 h113 l84 h185 h108 h147 l39 s
106
s
h129 h129
h176 h176
h174 h174
h161 h161
h102 h102
h132 h132
h151 h151
h128 h128
h108 h108
h180 h180
h178 h178
h198 h198
h149 h149
h146 h146
h139 h139
h199 h199
h136 h136
h194 h194
h179 h179
h160 h160
h134 h134
h197 h197
h137 h137
h189 h189
h155 h155
h190 h190
h171 h171
h130 h130
h154 h154
h120 h120
h156 h156
h164 h164
h177 h177
h183 h183
h106 h106
h105 h105
h135 h135
h133 h133
h140 h140
h152 h152
h111 h111
h127 h127
h112 h112
h159 h159
h119 h119
h195 h195
h125 h125
h162 h162
h141 h141
h181 h181
h184 h184
h187 h187
h192 h192
h169 h169
h118 h100 h118
h131 h131
h143 h143
h144 h144
h142 h142
h186 h186
h165 h165
h148 h148
h153 h153
h114 h114
h103 h103
l53
h170 h170
h173 h173
h110 h110
h107 h107
h124 h124
h172 h172
h109 h109
h126 h126
h191 h191
h182 h182
h150 h150
h158 h158
h123 h123
h196 h196
h116 h116
l11
h166 h166
h193 h193
h121 h121
h104 h104
h168 h168
h145 h145
h117 h117
h122 h122
h167 h167
l35
h138 h138
h188 h188
h157 h157
l57
h115 h115
h175 h175
h101 h101
h163 h163
h113 h113
l84
h185 h185
h147 h147
l39
