node1 node57 node51 node89 node107 node116 node183 node182 node96 node8 node52 node22 node81 node22 node27 node192 node124 node17 node124 node54 node108 node63 node10 node152 node12 node24 node157 node92 node160 node21 node56 node200 node80 node20 node53 node164 node186 node98 node119 node131 node169 node134 node99 node190 node99 node134 node85 node100 node30 node50 node18 node85 node173 node36 node165 node175 node38 node94 node82 node117 node184 node83 node61 node154 node19 node84 node130 node62 node178 node162 node129 node109 node129 node55 node129 node109 node111 node110 node137 node66 node41 node71 node49 node185 node193 node72 node193 node86 node97 node126 node65 node141 node71 node149 node104 node16 node47 node183 node150 node146 node33 node125 node123 node143 node140 node73 node40 node5 node40 node73 node26 node60 node180 node167 node159 node191 node114 node187 node163 node121 node48 node195 node59 node195 node43 node3 node42 node200 node1
113
node1 node1
node57 node57
node51 node51
node89
node107 node107
node116 node116
node183
node182 node182
node96 node96
node8 node8
node52 node52
node22 node22
node81 node81
node27 node27
node192 node192
node124 node124
node17 node17
node54 node54
node108 node108
node63
node10 node10
node152 node152
node12 node12
node24 node24
node157 node157
node92 node92
node160 node160
node21 node181
node56 node56
node200 node200
node80 node37 node80
node20 node20 node112
node53 node53
node164
node186 node186
node98 node98
node119 node119
node131
node169 node169
node134 node134
node99
node190 node190
node85 node85
node100 node100
node30 node30
node50 node50
node18 node18
node173 node173
node36
node165 node165
node175
node38 node38
node94 node94
node82
node117 node117
node184 node184
node83
node61 node61 node102
node154 node154
node19 node19
node84 node84
node130 node130
node62
node178 node178
node162 node162
node129 node129
node109 node109
node55 node55
node111 node111
node110
node137
node66 node66
node41 node41
node71 node71
node49 node49
node185 node185
node193
node72 node72
node86 node86
node97 node97
node126 node126
node65 node65
node141 node141
node149 node149
node104
node16 node16
node47 node47
node150
node146 node146
node33 node33
node125 node125
node123 node123
node143 node143
node140
node73 node73 node188
node40
node5 node5
node26 node26
node60 node60
node180 node180
node167 node167
node159 node159
node191 node158 node191
node114 node114
node187
node163 node163
node121
node48 node48
node195 node195
node59 node59
node43
node3 node3
node42 node42
