node1 node78 node86 node6 node59 node64 node92 node73 node39 node93 node37 node95 node18 node88 node99 node55 node48 node83 node75 node31 node75 node60 node79 node47 node53 node17 node74 node97 node54 node94 node54 node76 node23 node4 node57 node56 node80 node35 node19 node5 node66 node85 node95 node30 node12 node25 node72 node11 node27 node8 node21 node14 node69 node15 node69 node16 node1
52
node1 node1
node78
node86 node86
node6 node6
node59 node59
node64 node64
node92 node92
node73
node39 node29 node39
node93 node93
node37 node37
node95 node95
node18
node88 node88
node99 node99
node55 node55
node48 node48
node83 node83
node75 node75
node31 node31
node60 node60
node79 node79
node47 node47
node53 node53
node17 node17
node74 node74
node97 node97
node54 node54
node94 node94
node76 node76
node23 node23
node4
node57 node57
node56 node56
node80 node2
node35 node35 node45
node19 node19
node5 node5
node66 node38
node85 node85
node30
node12 node12
node25 node25
node72 node72
node11 node11
node27 node27
node8 node8
node21
node14 node14 node42
node69 node69
node15 node15
node16
