507 2c9e2 16eff 648c 356a6 22902 2513a 26a5d 12396 2a6b1 91cb 27972 1ecae 200ca 374d 23817 2604f 9bd9 c411 150d5 2fc28 25641 36fc9 1923 25b48 19737 1f1b5 dd34 379d7 1d892 17e14 2f21a 1ab53 33375 78a8 2b5c6 11988 1056c 18822 23d1e 4b69 1831b 18d29 d326 388ec 2ddfe e742 5577 31a52 1a64c 3387c 23310 2b0bf 2bacd 1c97d 10065 c918 3428a 1790d 36ac2 13cb9 1ba68 ba03 3012f 3246 22e09 214e6 27e79 360b4 28d8e 2cee9 8cc4 1dd99 146c7 32e6e 82b6 4662 37ede 1e2a 155dc ec49 aff5 11e8f 32460 507
84
507 164f1
2c9e2 2c9e2
16eff 16eff
648c 648c
356a6 356a6
22902 22902 26f64
2513a 2513a
26a5d 26a5d
12396 12396
2a6b1 2a6b1
91cb 91cb
27972 27972
1ecae 1ecae
200ca 200ca
374d 374d
23817 23817
2604f 2604f
9bd9 6993 9bd9
c411 c411
150d5 150d5
2fc28 2d8f7 2fc28
25641 25641
36fc9 36fc9
1923 1923
25b48 25b48
19737 19737
1f1b5 1f1b5
dd34 dd34 20fdf
379d7 379d7
1d892 1d892
17e14 17e14
2f21a 2472c 2f21a
1ab53 1ab53
33375 33375
78a8 78a8
2b5c6 2b5c6
11988 3c54 11988
1056c 1056c
18822 18822
23d1e 23d1e
4b69 4b69
1831b 1831b
18d29 18d29
d326 d326
388ec d82d 388ec
2ddfe 2ddfe
e742 e742
5577 5577 30636
31a52 31a52
1a64c 1a64c
3387c 3387c
23310 23310 24c33 2e305
2b0bf 2b0bf
2bacd 2bacd 374d0
1c97d 1c97d
10065 10065
c918 c918
3428a 3428a
1790d 1790d 38df3
36ac2 36ac2
13cb9 13cb9
1ba68 15fea 1ba68
ba03 ba03
3012f 3012f
3246 3246
22e09 22e09
214e6 214e6
27e79 27e79
360b4 360b4
28d8e 28d8e
2cee9 2cee9
8cc4 8cc4
1dd99 1dd99
146c7 146c7
32e6e 32e6e
82b6 82b6
4662 4662
37ede
1e2a 1e2a
155dc 155dc
ec49 ec49
aff5 aff5
11e8f 11e8f
32460 169f8 32460
