node0 node93 node18 node83 node88 node76 node87 node81 node4 node57 node69 node5 node64 node5 node99 node58 node63 node71 node20 node98 node84 node66 node67 node5 node65 node28 node54 node28 node62 node60 node96 node56 node51 node78 node53 node78 node61 node2 node86 node72 node35 node95 node74 node91 node55 node6 node79 node70 node8 node97 node31 node89 node52 node94 node52 node80 node76 node4 node85 node68 node73 node59 node82 node92 node46 node90 node75 node0
60
node0
node93 node93
node18
node83 node83
node88 node88
node76 node76
node87 node87
node81 node81
node4
node57 node57
node69 node69
node5
node64 node64
node99 node99
node58 node58
node63 node63
node71 node71
node20
node98 node98
node84 node84
node66 node66
node67 node67
node65 node65
node28
node54 node54
node62 node62
node60 node60
node96 node96
node56 node56
node51 node51
node78 node78
node53 node53
node61 node61
node2
node86 node86
node72 node72
node35
node95 node95
node74 node74
node91 node91
node55 node55
node6
node79 node79
node70 node70
node8
node97 node97
node31
node89 node89
node52 node50 node52
node94 node94
node80 node80
node85 node85
node68 node68
node73 node73 node77
node59 node59
node82 node82
node92 node92
node46
node90 node90
node75 node75
