node0 node32 node35 node6 node39 node47 node45 node48 node28 node34 node31 node44 node7 node33 node43 node36 node40 node49 node30 node11 node26 node38 node46 node22 node29 node41 node0
26
node0 node25
node32 node32
node35 node35
node6
node39 node39
node47 node47
node45 node45
node48 node48
node28 node27 node28 node42
node34 node34
node31 node31
node44 node44
node7
node33 node33
node43 node43
node36 node36
node40 node40
node49 node49
node30 node30 node37
node11
node26 node26
node38 node38
node46 node46
node22
node29 node29
node41 node41
