8 97 105 152 185 153 144 82 6 83 121 173 123 80 126 125 142 174 172 120 79 5 3 29 4 30 49 65 64 66 52 99 54 70 69 55 73 71 53 72 115 116 167 169 191 192 171 118 78 59 39 38 24 26 40 42 45 91 137 89 90 102 95 93 28 22 19 85 88 87 23 25 21 17 16 35 33 51 68 113 165 164 106 145 100 147 135 136 182 179 183 188 193 160 109 168 190 158 149 181 138 103 60 61 41 58 100 130 127 124 82 32 47 63 47 32 7 2 8
100
2 2
3 3
4 4
5 5
6 6
17 17
19 19
21 21
22 22
23 23
24 24
25 25
26 26
29 29
30 30
33 33
35 35
38 38
39 39
40 40
42 42
45 45
47 47
49 49
51 51
52 52
53 53
54 54
55 55
59 59
61 61
63 63
64 64
65 65
66 66
68 68
69 69
70 70
71 71
72 72
73 73
78 78
79 79
80 80
82 82
83 83
85 85
87 87
88 88
89 89
90 90
91 91
93 93
95 95
97 97
99 99
100 100
102 102
105 105
109 109
113 113
115 115
116 116
118 118
120 120
121 121
123 123
124 124
125 125
126 126
127 127
135 135
136 136
137 137
142 142
144 144
145 145
147 147
152 152
153 153
160 160
164 164
165 165
167 167
168 168
169 169
171 171
172 172
173 173
174 174
179 179
181 181
182 182
183 183
185 185
188 188
190 190
191 191
192 192
193 193
