1 2 7 2 3 4 11 20 44 11 28 29 23 30 27 11 19 53 37 66 38 71 63 67 68 62 77 62 37 59 36 61 56 19 41 42 40 34 64 65 64 34 72 34 21 26 11 24 11 22 60 22 11 14 11 25 11 17 51 45 47 46 37 75 35 55 18 19 57 19 11 2 8 2 5 2 1
54
1
2 2 6
7 7
3 3
4 4
11 11
20 20
44 44
28 28
29 29
23 23
30 30
27 27
19 19
53 53
37 37
66 66
38 38
71 71
63 63
67 67
68 68
62
77 77
59 59
36 36
61 61
56 56
41 41
42 42
40 40
34 34
64 64
65 65
72 72
21
26 26
24 24
22 22 33
60 60
14 14
25 25
17
51 51
45 45
47 47
46 50
75 75
35
55 55
18
57 57
8 8
5 5
