DHNQUS NDFUIQRA WTGBMM XVEIIY LFAYEWG MXOUMOMJ DYDBSTHU XAUNPSJR MXPVTEZCH UUBADXD PQHUEQ PEHTVQXDW HJANXPSU ZRBGORXP EIPVED XYVFHKPGH QMQDBY RZCLRJW PRANHUZWO KQUKCKTD CQLIWA SPKBX MXOUMOMJ RIEJGXSA EANWPZEPE DHNQUS
24
DHNQUS
NDFUIQRA NDFUIQRA
WTGBMM WTGBMM
XVEIIY XVEIIY
LFAYEWG LFAYEWG
MXOUMOMJ MXOUMOMJ
DYDBSTHU DYDBSTHU
XAUNPSJR UEMUXMRIZ XAUNPSJR
MXPVTEZCH MXPVTEZCH
UUBADXD FULIXB UUBADXD
PQHUEQ PQHUEQ
PEHTVQXDW PEHTVQXDW
HJANXPSU HJANXPSU
ZRBGORXP ZRBGORXP
EIPVED EIPVED
XYVFHKPGH XYVFHKPGH
QMQDBY QMQDBY
RZCLRJW RZCLRJW
PRANHUZWO PRANHUZWO
KQUKCKTD KQUKCKTD
CQLIWA CQLIWA
SPKBX SPKBX
RIEJGXSA RIEJGXSA
EANWPZEPE KUTCUN
