EMAAQWO AOVKACB RLWAP VFEEU BLXWCB RGSOR HSAIPP UDNWTRHT XZUPVI FPWMJC JEGRK ANHOTJN RGLCPSJQE VBAQD HVERBTBS USZWPSB GALHVZ NHNDWOH ZEZKNGTK CWLLCM ZNZOQPE ZKGYGD VWHRKOPZ EHQRYBZ JOXQIX MSHZNEX RJDHJFNIN HWJUZVNH SICVXMLGL OLUPAJLP GLYDZ LNDUQDYSK KAUIIR MYDTJZPES JXLFSOAT XQOMNCXDB AXCWU RUGMYM ACYPAPBPW HEFYBKPUF YVIRIDDRA NTZSZ YFEZIO FZNKCK RQWCFDHW NBRZI DIXXP WEXBJV MOXGRP ILXWSRIC GEGFOSJ YOUZA XENTNT VWNAJFRNG QMHLIXVD BHAMV APIOYKU TGPYEAP DKINCMT FLOTLYFG YKOGGTNN AIGGLZT TQSCIQTX LYRSZA HNOOUELP APBFJMOOF UBODMUMJ NZJGYK KRUSUHB NIVCBBO EJXSCSGM FJQMKJNWE MWXYLX EFOWXJQKY EPJHOESBB BCHOPGEE AHZYCQM FCWRH PJXURKPC TOAKXEQ CCTJZN WTQCHXQ YAETAC RVPJHZLQQ OVKLH TTXGTNV RBNAR VVSNO DFFFG SIAFKK XSWDY MRXNI HSJUMJH XHMMLM ORCMU NCPEGX FZGDAQKRC KFHZBOJXK GNXDBJSVR JVWIZDBS JQHORKB WEXBJV EMAAQWO
101
EMAAQWO EMAAQWO
AOVKACB AOVKACB
RLWAP RLWAP
VFEEU VFEEU
BLXWCB BLXWCB
RGSOR RGSOR
HSAIPP HSAIPP
UDNWTRHT UDNWTRHT
XZUPVI XZUPVI
FPWMJC FPWMJC
JEGRK JEGRK
ANHOTJN ANHOTJN
RGLCPSJQE RGLCPSJQE
VBAQD VBAQD
HVERBTBS HVERBTBS
USZWPSB USZWPSB
GALHVZ GALHVZ
NHNDWOH NHNDWOH
ZEZKNGTK ZEZKNGTK
CWLLCM CWLLCM
ZNZOQPE ZNZOQPE
ZKGYGD ZKGYGD
VWHRKOPZ VWHRKOPZ
EHQRYBZ EHQRYBZ
JOXQIX JOXQIX
MSHZNEX MSHZNEX
RJDHJFNIN RJDHJFNIN
HWJUZVNH HWJUZVNH
SICVXMLGL SICVXMLGL
OLUPAJLP OLUPAJLP
GLYDZ GLYDZ
LNDUQDYSK LNDUQDYSK
KAUIIR KAUIIR
MYDTJZPES MYDTJZPES
JXLFSOAT JXLFSOAT
XQOMNCXDB XQOMNCXDB
AXCWU AXCWU
RUGMYM RUGMYM
ACYPAPBPW ACYPAPBPW
HEFYBKPUF HEFYBKPUF
YVIRIDDRA YVIRIDDRA
NTZSZ NTZSZ
YFEZIO YFEZIO
FZNKCK FZNKCK
RQWCFDHW RQWCFDHW
NBRZI NBRZI
DIXXP DIXXP
WEXBJV WEXBJV
MOXGRP MOXGRP
ILXWSRIC ILXWSRIC
GEGFOSJ GEGFOSJ
YOUZA YOUZA
XENTNT XENTNT
VWNAJFRNG VWNAJFRNG
QMHLIXVD QMHLIXVD
BHAMV BHAMV
APIOYKU APIOYKU
TGPYEAP TGPYEAP
DKINCMT DKINCMT
FLOTLYFG FLOTLYFG
YKOGGTNN YKOGGTNN
AIGGLZT AIGGLZT
TQSCIQTX TQSCIQTX
LYRSZA LYRSZA
HNOOUELP HNOOUELP
APBFJMOOF APBFJMOOF
UBODMUMJ UBODMUMJ
NZJGYK NZJGYK
KRUSUHB KRUSUHB
NIVCBBO NIVCBBO
EJXSCSGM EJXSCSGM
FJQMKJNWE FJQMKJNWE
MWXYLX MWXYLX
EFOWXJQKY EFOWXJQKY
EPJHOESBB EPJHOESBB
BCHOPGEE BCHOPGEE
AHZYCQM AHZYCQM
FCWRH FCWRH
PJXURKPC PJXURKPC
TOAKXEQ TOAKXEQ
CCTJZN CCTJZN
WTQCHXQ WTQCHXQ
YAETAC YAETAC
RVPJHZLQQ RVPJHZLQQ
OVKLH OVKLH
TTXGTNV TTXGTNV
RBNAR RBNAR
VVSNO VVSNO
DFFFG DFFFG
SIAFKK SIAFKK
XSWDY XSWDY
MRXNI MRXNI
HSJUMJH HSJUMJH
XHMMLM XHMMLM
ORCMU ORCMU
NCPEGX NCPEGX
FZGDAQKRC FZGDAQKRC
KFHZBOJXK
GNXDBJSVR GNXDBJSVR
JVWIZDBS JVWIZDBS
JQHORKB JQHORKB
