AVTXFIIIP YFKIFTRS STQNQT JOWHZXTIA JJAQQ TNKNMUFI WRQUJ XGGIUBVDN TNSRRJCDD XWBHEYXJU AOWYQNAYA CRSMUEPQG VHHVQ VASGY RRFKVFYKR QOHWG OMBFD KAYADTT FVKLDY OIPVAKF AWQOWSNYN JVYIBRJ CJLYWOAQ DQOPCH PLYPQBTP VSMLVXSP IZNSKNS YNHRBC TCXWZV ZLYFI VHLSP XJOXYWA KUUVZB TJFSEUB USUVN ZPFHBWI ZFMGDWP WEPDZ GUDSRTKLA MNWMWDXCQ MWTSDF EGEASKKIE SUIOZK UENPUJ GVNFQM YPXLG MHXHJGEF ELILXSR ZSHRTZVKO RDTQTJB AVTXFIIIP
50
AVTXFIIIP
YFKIFTRS YFKIFTRS
STQNQT STQNQT
JOWHZXTIA JOWHZXTIA
JJAQQ JJAQQ
TNKNMUFI TNKNMUFI
WRQUJ WRQUJ
XGGIUBVDN XGGIUBVDN
TNSRRJCDD TNSRRJCDD
XWBHEYXJU XWBHEYXJU
AOWYQNAYA AOWYQNAYA
CRSMUEPQG CRSMUEPQG
VHHVQ VHHVQ
VASGY VASGY
RRFKVFYKR CNINRTR RRFKVFYKR
QOHWG QOHWG
OMBFD OMBFD
KAYADTT KAYADTT
FVKLDY FVKLDY
OIPVAKF OIPVAKF
AWQOWSNYN AWQOWSNYN
JVYIBRJ JVYIBRJ
CJLYWOAQ CJLYWOAQ
DQOPCH DQOPCH
PLYPQBTP PLYPQBTP
VSMLVXSP VSMLVXSP
IZNSKNS IZNSKNS
YNHRBC YNHRBC
TCXWZV TCXWZV
ZLYFI ZLYFI
VHLSP VHLSP
XJOXYWA XJOXYWA
KUUVZB KUUVZB
TJFSEUB TJFSEUB
USUVN USUVN
ZPFHBWI ZPFHBWI
ZFMGDWP ZFMGDWP
WEPDZ WEPDZ
GUDSRTKLA GUDSRTKLA
MNWMWDXCQ MNWMWDXCQ
MWTSDF MWTSDF
EGEASKKIE EGEASKKIE
SUIOZK SUIOZK
UENPUJ UENPUJ
GVNFQM GVNFQM
YPXLG YPXLG
MHXHJGEF MHXHJGEF
ELILXSR ELILXSR
ZSHRTZVKO ZSHRTZVKO
RDTQTJB RDTQTJB
