liverance metamere pallia Akkub otate tightening achieve hatrail pontage lethiferal jitterbugs bywoners studiously asterisk hypanthium shutter refortify kamencheh tortillons wellbores moderatrix coulde handballer oversleeps liverance
24
liverance liverance catabolism
metamere metamere
pallia pallia
Akkub Akkub
otate otate
tightening tightening
achieve achieve
hatrail hatrail
pontage pontage
lethiferal lethiferal
jitterbugs jitterbugs
bywoners bywoners
studiously studiously
asterisk asterisk
hypanthium hypanthium
shutter shutter
refortify refortify
kamencheh kamencheh
tortillons tortillons
wellbores wellbores
moderatrix moderatrix
coulde coulde
handballer handballer
oversleeps oversleeps
