runcation multifaith ephas tuneful Simferopol conceiv quakerlike triforium ungroomed cloaca haligi Lipetsk fason turbid baken inurns medicine construed erysipelas Margery palatial backpay jaborandi kempy boomah torsions Astaire montages trikini foreshores unbribable toper hambone begynnynge retexture colocynth chargeback bewitch aliens bookhouses festuca Marah thereagain lionfish blackdye metre wolfer flourless Carazo tholoi usant decouples dollying perfusive embittered tipuana holodeck stips fibrates yokeline wintrier husbandman Massorete stinkbugs miticides undramatic destinate megahero urethritic tutelar passcards almshouse agistments silicon wheatberry stoble offset ilian prairies broomer oogle huddle wideband Muscogee greatborn coalblack draftox grilses polyuria cutout timefuse yuzus lichened infants turnoff maxim pentine revolution forepast nervus runcation
100
runcation runcation
multifaith multifaith
ephas ephas
tuneful tuneful
Simferopol Simferopol
conceiv conceiv
quakerlike quakerlike
triforium triforium
ungroomed ungroomed
cloaca cloaca
haligi haligi
Lipetsk Lipetsk
fason fason
turbid turbid
baken baken
inurns inurns
medicine medicine
construed construed
erysipelas erysipelas
Margery Margery
palatial palatial
backpay backpay
jaborandi jaborandi
kempy kempy
boomah boomah
torsions torsions
Astaire Astaire
montages montages
trikini trikini
foreshores foreshores
unbribable unbribable
toper toper
hambone hambone
begynnynge begynnynge
retexture retexture
colocynth colocynth
chargeback chargeback
bewitch bewitch
aliens aliens
bookhouses bookhouses
festuca festuca
Marah Marah
thereagain thereagain
lionfish lionfish
blackdye blackdye
metre metre
wolfer wolfer
flourless flourless
Carazo Carazo
tholoi tholoi
usant usant
decouples decouples
dollying dollying
perfusive perfusive
embittered embittered
tipuana tipuana
holodeck holodeck
stips stips
fibrates fibrates
yokeline yokeline
wintrier wintrier
husbandman husbandman
Massorete Massorete
stinkbugs stinkbugs
miticides miticides
undramatic undramatic
destinate destinate
megahero megahero
urethritic urethritic
tutelar tutelar
passcards passcards
almshouse almshouse
agistments agistments
silicon silicon
wheatberry wheatberry
stoble stoble
offset offset
ilian ilian
prairies prairies
broomer broomer
oogle oogle
huddle huddle
wideband wideband
Muscogee Muscogee
greatborn greatborn
coalblack coalblack
draftox draftox
grilses grilses
polyuria polyuria
cutout cutout
timefuse timefuse
yuzus yuzus
lichened lichened
infants infants
turnoff turnoff
maxim maxim
pentine pentine
revolution revolution
forepast forepast
nervus nervus
