73 173 196 163 26 115 49 89 122 187 47 81 44 7 6 55 168 154 138 16 195 129 57 53 194 76 125 155 128 161 2 166 101 99 127 112 62 61 0 192 118 176 123 136 92 60 21 77 66 184 153 68 119 189 82 107 190 167 186 197 42 75 191 143 12 15 24 109 40 19 133 96 162 185 135 58 110 11 124 10 175 83 183 52 95 159 39 70 98 27 37 171 71 48 63 35 197 41 140 72 55 73
98
0 0
2 2
6 6
7 7
10 10
11 11
12 12
15 15
16 16
19 19
21 21
24 24
26 26
27 27
35 35
37 37
39 39
40 40
41 41
42 42
44 44
47 47
48 48
49 49
52 52
53 53
55 55
57 57
58 58
60 60
61 61
62 62
63 63
66 66
68 68 169
70 70
71 71
72 72
73 73
75 75
76 76
77 77
81 81
82 82
83 83
89 89
92 92
95 95
96 96
98 98
99 99
101 101
107 107
109 109
110 110
112 112
115 115
118 118
119 119
122 122
123 123
124 124
125 125
127 127
128 128 145
129 129
133 133
135 135
136 136
138 138
143 143
153 153
154 154
155 155
159 159
161 161
162 162
163 163
166 166
167 167
168 168
171 171
173 173
175 175
176 176
183 183
184 184
185 185
186 186
187 187
189 189
190 190
191 191
192 192
194 194
195 195
196 196
197 197
