1 2 3 5 6 8 9 13 148 135 193 197 181 196 194 198 133 167 156 159 152 180 142 66 64 62 60 56 46 38 44 40 76 78 68 72 80 82 182 166 136 149 188 189 138 146 161 17 25 26 27 28 185 173 176 126 122 118 106 100 98 92 96 88 86 90 104 102 137 195 113 109 105 101 97 95 91 87 184 154 192 162 155 77 75 81 61 47 45 41 39 35 33 1
93
1
2 2
3 3
5 5
6 6
8 8
9 9
13 13 177
148 148
135 135
193 193
197 197
181 181
196 196
194 194
198 198
133 133
167 167 171 183
156 156
159 159
152 152
180 180
142 142
66 66
64 64
62 62
60 60
56 56
46 46
38 38
44 44
40 36 40
76 76 160
78 78
68 68
72 72
80 80
82 82
182 182
166 166
136 136
149 149
188 188
189 189
138 138
146 146
161 161
17 17
25 25
26 26
27 27
28 28 31
185 185
173 173
176 176
126 126
122 122
118 118
106 106 108
100 100
98 98
92 92
96 96
88 88
86 86
90 90
104 104
102 102
137 137
195 195
113 113
109 109
105 105
101 101
97 97
95 95
91 91
87 85 87
184 184
154 154
192 192
162 162
155 155
77 77
75 75
81 81
61 61
47 47
45 45
41 41
39 39
35 35
33 33
