Building0 Building8 Building5 Building7 Building5 Building2 Building9 Building4 Building8 Building6 Building28 Building24 Building25 Building24 Building26 Building79 Building77 Building81 Building77 Building76 Building55 Building62 Building71 Building67 Building63 Building61 Building43 Building52 Building66 Building49 Building47 Building69 Building71 Building44 Building71 Building62 Building74 Building60 Building59 Building57 Building59 Building60 Building74 Building62 Building71 Building67 Building48 Building50 Building51 Building50 Building48 Building67 Building53 Building45 Building85 Building94 Building83 Building96 Building92 Building96 Building93 Building89 Building90 Building91 Building88 Building91 Building90 Building89 Building96 Building86 Building82 Building86 Building96 Building92 Building22 Building21 Building16 Building18 Building15 Building20 Building12 Building20 Building21 Building27 Building23 Building32 Building38 Building29 Building33 Building29 Building41 Building39 Building34 Building37 Building42 Building37 Building31 Building29 Building38 Building32 Building23 Building28 Building6 Building8 Building0
69
Building0 Building0
Building8 Building8
Building5 Building5
Building7 Building7
Building2
Building9 Building9
Building4
Building6 Building6
Building28 Building28
Building24
Building25 Building25
Building26 Building26
Building79
Building77
Building81 Building81
Building76 Building76
Building55 Building55
Building62 Building62
Building71 Building71
Building67 Building67
Building63 Building63
Building61 Building61
Building43 Building43
Building52 Building52
Building66 Building66
Building49 Building49
Building47 Building47
Building69 Building69
Building44 Building44
Building74 Building74
Building60
Building59
Building57 Building57 Building68
Building48
Building50 Building50
Building51 Building51
Building53 Building53
Building45
Building85 Building85
Building94 Building94
Building83 Building83
Building96 Building96
Building92 Building92
Building93 Building93 Building97
Building89
Building90
Building91 Building91
Building88 Building88
Building86
Building82 Building82
Building22
Building21 Building21
Building16 Building16
Building18 Building18
Building15
Building20 Building20
Building12 Building12
Building27
Building23 Building23
Building32
Building38
Building29
Building33 Building33
Building41 Building41
Building39 Building39
Building34
Building37
Building42 Building42
Building31
