Building0 Building6 Building0 Building2 Building4 Building11 Building9 Building7 Building19 Building9 Building11 Building14 Building11 Building9 Building38 Building29 Building38 Building48 Building32 Building45 Building28 Building34 Building28 Building41 Building28 Building37 Building47 Building37 Building28 Building45 Building42 Building36 Building42 Building45 Building28 Building49 Building39 Building49 Building28 Building37 Building31 Building37 Building28 Building45 Building32 Building48 Building38 Building9 Building24 Building25 Building0 Building23 Building22 Building21 Building22 Building23 Building0
29
Building0 Building0
Building6 Building6
Building2 Building2
Building4 Building4
Building11 Building11
Building9
Building7 Building7
Building19 Building17 Building19
Building14 Building14
Building38 Building38
Building29 Building29
Building48
Building32
Building45 Building35
Building28 Building28
Building34 Building34
Building41 Building41
Building37 Building37
Building47 Building47
Building42 Building42
Building36 Building36
Building49
Building39 Building39
Building31 Building31
Building24 Building27
Building25 Building25
Building23 Building23
Building22
Building21 Building21
