0 160 158 95 149 128 185 133 80 40 80 42 134 59 62 112 22 180 41 101 139 19 11 79 130 115 32 177 61 186 148 77 123 28 108 135 140 153 84 175 84 57 83 142 83 55 176 123 147 73 82 89 178 125 76 103 4 49 117 163 85 184 50 107 127 45 5 45 21 19 53 169 6 154 24 151 29 168 127 25 132 56 150 27 150 8 166 12 193 12 196 47 182 104 37 172 162 36 137 197 97 93 190 146 52 170 152 77 18 96 174 44 174 65 23 157 67 13 122 51 122 128 149 179 7 175 134 167 9 167 62 114 133 39 93 173 12 196 10 196 47 159 195 46 112 14 91 158 160 0
122
0
160 160
158 158
95 95
149
128 128
185 185
133 133
80 80
40 40
42 42
134 134
59 59
62 62
112 112
22 22
180
41 41
101 101
139 139
19 19
11 11
79 79
130 130
115 115
32 32
177 177
61 61
186 186
148
77 77
123 123
28
108 108
135 135
140
153 153
84 84
175 175
57 57
83 83
142 142
55 55
176 176
147
73 73
82 82
89 35 89
178 178
125 125
76 76
103 103
4 4
49 49
117 117
163
85 85
184
50 50
107
127 127
45 45
5 5
21 21
53 53
169 169
6 6
154 154
24
151 151
29 29
168 168
25 25
132 132
56 56
150 150
27 27
8 8
166 166
12 12
193 193
196 196
47 47
182 182
104 104
37
172
162
36 36
137
197 197
97 97
93 93
190 190
146 94 146
52
170 170
152
18 18
96 96
174
44 44
65 65
23
157
67
13 13 102
122
51 51
179 179
7 7
167 167
9 9
114 114
39 39
173 173
10 10
159 159
195
46
14 14
91
