0 68 46 44 57 91 2 13 97 47 64 54 12 73 43 20 43 60 91 23 91 3 70 33 70 3 93 59 71 55 90 35 32 35 90 17 2 34 5 34 94 16 45 16 78 16 63 95 76 65 85 21 85 74 37 67 29 10 29 99 87 24 60 43 50 22 11 35 90 18 23 86 42 46 14 46 68 67 1 5 28 72 77 41 19 0
62
0 0
68 68
46 46
44 44
57 57
91
2 2
13 13
97 97
47 47
64 61 64
54 54
12 12
73 73
43
20 20
60
23 23
3 3
70 70
33 33
93 93
59 59
71
55 55
90 90
35 35
32 32
17 17
34
5 5
94 94
16 16
45 45
78 78
63 63
95 95
76
65 65
85 85
21 21
74 74
37 37
67
29 29
10 10
99
87 87
24 24
50 50
22
11 11
18 18
86 86
42
14 14
1 1
28
72 72
77
41
19 19
