aliquam sagittis condimentum semper lectus mattis vitae senectus habitant malesuada et fames ultricies turpis quis sed consectetur mi gravida lorem habitasse adipiscing platea praesent suscipit cursus enim mauris placerat congue ornare nisi imperdiet maecenas euismod ut porttitor viverra nec cras aliquam eu aliquam vestibulum aliquam eros aliquam
43
aliquam
sagittis sagittis quisque
condimentum condimentum
semper semper
lectus lectus
mattis mattis
vitae vitae
senectus senectus
habitant habitant
malesuada malesuada
et et
fames fames
ultricies ultricies
turpis turpis
quis quis
sed sed
consectetur consectetur
mi mi
gravida gravida
lorem lorem
habitasse habitasse
adipiscing adipiscing
platea platea
praesent praesent
suscipit suscipit
cursus cursus
enim enim
mauris mauris
placerat placerat
congue congue
ornare ornare
nisi nisi
imperdiet imperdiet
maecenas maecenas
euismod euismod
ut ut
porttitor porttitor
viverra viverra
nec nec
cras cras
eu eu
vestibulum vestibulum
eros eros
