TA0 TA1 TA0 TA10 TA54 TA5 TA6 TA7 TA8 TA49 TA48 TA47 TA38 TA12 TA33 TA32 TA58 TA59 TA60 TA23 TA24 TA25 TA26 TA21 TA20 TA19 TA18 TA90 TA89 TA90 TA41 TA40 TA39 TA37 TA36 TA35 TA71 TA72 TA73 TA62 TA61 TA62 TA63 TA64 TA65 TA86 TA50 TA47 TA46 TA55 TA56 TA27 TA28 TA27 TA79 TA80 TA81 TA82 TA83 TA84 TA85 TA84 TA48 TA93 TA92 TA77 TA76 TA77 TA92 TA93 TA94 TA95 TA45 TA44 TA43 TA42 TA43 TA44 TA98 TA99 TA0
68
TA0
TA1 TA1
TA10 TA9 TA10
TA54 TA54
TA5
TA6 TA6
TA7 TA7
TA8 TA8
TA49 TA49
TA48 TA48
TA47 TA47
TA38 TA38
TA12 TA12
TA33 TA33
TA32 TA32
TA58 TA58
TA59 TA59
TA60
TA23 TA23
TA24 TA24
TA25 TA25
TA26 TA26
TA21 TA21
TA20
TA19 TA19
TA18 TA18
TA90 TA90
TA89 TA89
TA41
TA40 TA40
TA39 TA39
TA37
TA36 TA36
TA35 TA35
TA71 TA71
TA72
TA73 TA73
TA62 TA62
TA61 TA61
TA63 TA63
TA64 TA64
TA65
TA86 TA86
TA50 TA50
TA46 TA46
TA55
TA56 TA56
TA27 TA27
TA28 TA28
TA79
TA80 TA80
TA81 TA81
TA82
TA83
TA84 TA84
TA85 TA85
TA93
TA92 TA92
TA77
TA76 TA76
TA94 TA94
TA95
TA45
TA44
TA43
TA42 TA42
TA98
TA99 TA99
