AAA AAB ABB ABC ABB ACB ACC ACD ADD ADC ADB ADA BAA BAB BBB BBC BAC BAD BBD BCD BDD BCD BCC BCB BCA BDA CAA CAB CBB CBC CAC CAD CBD CCD CDD CCD CCC CCB CCA CDA DAA DAB DBB DBC DAC DAD DBD DCD DDD DCD DCC DCB DCA DDA EAA EAB EBB EBC EAC EAD EBD ECD EDD ECD ECC ECB ECA EDA FAA FAB FBB FBC FAC FAD FBD FCD FDD FCD FCC FCB FCA FDA GAA GAB GBB GBC GAC GAD GBD GCD GDD GCD GCC GCB GCA GDA HAA HAB HBB HBC HAC HAD HBD HCD HDD HCD HCC HCB HCA HDA IAA IAB IBB IBC IAC IAD IBD ICD IDD ICD ICC ICB ICA IDA JAA JAB JBB JBC JAC JAD JBD JCD JDD JCD JCC JCB JCA JDA KAA KAB KBB KBC KAC KAD KBD KCD KDD KCD KCC KCB KCA KDA LAA LAB LBB LBC LAC LAD LBD LCD LDD LCD LCC LCB LBB LAB LAA KDA KCA KBA KAA JDA JCA JBA JAA IDA ICA IBA IAA HDA HCA HBA HAA GDA GCA GBA GAA FDA FCA FBA FAA EDA ECA EBA EAA DDA DCA DBA DAA CDA CCA CBA CAA BDA BCA BBA BAA ADA ACA ABA AAA
164
AAA
AAB AAD
ABB ABB
ABC ABC
ACB ACB
ACC
ACD ACD
ADD ADD
ADC
ADB
ADA
BAA
BAB
BBB BBB
BBC BBC
BAC
BAD BAD
BBD
BCD BCD
BDD BDD
BCC
BCB BCB
BCA
BDA
CAA
CAB
CBB CBB
CBC CBC
CAC
CAD CAD
CBD
CCD CCD
CDD CDD
CCC
CCB CCB
CCA
CDA
DAA
DAB
DBB DBB
DBC DBC
DAC
DAD DAD
DBD
DCD DCD
DDD DDD
DCC
DCB DCB
DCA
DDA
EAA
EAB
EBB EBB
EBC EBC
EAC
EAD EAD
EBD
ECD ECD
EDD EDD
ECC
ECB ECB
ECA
EDA
FAA
FAB
FBB FBB
FBC FBC
FAC
FAD FAD
FBD
FCD FCD
FDD FDD
FCC
FCB FCB
FCA
FDA
GAA
GAB
GBB GBB
GBC GBC
GAC
GAD GAD
GBD
GCD GCD
GDD GDD
GCC
GCB GCB
GCA
GDA
HAA
HAB
HBB HBB
HBC HBC
HAC
HAD HAD
HBD
HCD HCD
HDD HDD
HCC
HCB HCB
HCA
HDA
IAA
IAB
IBB IBB
IBC IBC
IAC
IAD IAD
IBD
ICD ICD
IDD IDD
ICC
ICB ICB
ICA
IDA
JAA
JAB
JBB JBB
JBC JBC
JAC
JAD JAD
JBD
JCD JCD
JDD JDD
JCC
JCB JCB
JCA
JDA
KAA
KAB
KBB KBB
KBC KBC
KAC
KAD KAD
KBD
KCD KCD
KDD KDD
KCC
KCB KCB
KCA
KDA
LAA
LAB
LBB LBB
LBC LBC
LAC
LAD LAD
LBD
LCD LCD
LDD LDD
LCC
LCB LCB
KBA
JBA
IBA
HBA
GBA
FBA
EBA
DBA
CBA
BBA
ACA
ABA
