AAA AAB ABB ABC ABB ACB ACC ACD ADD ADC ADB ADA BAA BAB BBB BBC BAC BAD BBD BCD BDD BCD BCC BCB BCA BDA CAA CAB CBB CBC CAC CAD CBD CCD CDD CCD CCC CCB CCA CDA DAA DAB DBB DBC DAC DAD DBD DCD DDD DCD DCC DCB DCA DDA EAA EAB EBB EBC EAC EAD EBD ECD EDD ECD ECC ECB ECA EDA FAA FAB FBB FBC FAC FAD FBD FCD FDD FCD FCC FCB FBB FAB FAA EDA ECA EBA EAA DDA DCA DBA DAA CDA CCA CBA CAA BDA BCA BBA BAA ADA ACA ABA AAA
80
AAA
AAB AAD
ABB ABB
ABC ABC
ACB ACB
ACC
ACD ACD
ADD ADD
ADC
ADB
ADA
BAA
BAB
BBB BBB
BBC BBC
BAC
BAD BAD
BBD
BCD BCD
BDD BDD
BCC
BCB BCB
BCA
BDA
CAA
CAB
CBB CBB
CBC CBC
CAC
CAD CAD
CBD
CCD CCD
CDD CDD
CCC
CCB CCB
CCA
CDA
DAA
DAB
DBB DBB
DBC DBC
DAC
DAD DAD
DBD
DCD DCD
DDD DDD
DCC
DCB DCB
DCA
DDA
EAA
EAB
EBB EBB
EBC EBC
EAC
EAD EAD
EBD
ECD ECD
EDD EDD
ECC
ECB ECB
ECA
EDA
FAA
FAB
FBB FBB
FBC FBC
FAC
FAD FAD
FBD
FCD FCD
FDD FDD
FCC
FCB FCB
EBA
DBA
CBA
BBA
ACA
ABA
