Milton Kiruna Harahan Kanoya Zumpango Totness Pleasantville Clawson Piran Karur Makinsk Managua Cooma Marsaskala Sofia Zicheng Tallaght Yevlax Littlestown Devine Campana Scottsdale Nguigmi Rumuruti Keene Mauldin Esmeraldas Kerma Skiatook Boosaaso Nusaybin Quime Zvezdnyy Bonao Barddhaman Hengshui Chicago Multan Dalby Pakalongan Socorro Samux Jeonju Koboko Crawfordsville Moorhead Esik Joliet Shu Kimba Ihosy Bam Helotes Berkley Shamva Pasadena Kirovohrad Heath Winona Plast San Cochrane Wallington Jizan Jambi Dunhuang Tabriz Tabuk Lodja Barabinsk Siquijor Sari Burylbaytal Elburn Moanda Plainfield Salsk Chancay Martin Tunapuna Luga Kasaali Agago Carnikava Jerusalem Trang Ashtabula Kelang Cairo Morondava Arras Chicopee Madrid Zadar Hayden Kitamilo Aizawl Toktogul Ipatinga Milton
99
Tunapuna Tunapuna
Koboko Koboko
Wallington Wallington
Cairo Cairo
Pakalongan Pakalongan
Kiruna Kiruna
Devine Devine
Heath Heath
Multan Multan
Agago Agago
Nguigmi Nguigmi
Ihosy Ihosy
Skiatook Skiatook
Mauldin Mauldin
Harahan Harahan
Shu Shu
Nusaybin Nusaybin
Luga Luga
Kelang Kelang
Pasadena Pasadena
Madrid Madrid
Zumpango Zumpango
Zadar Zadar
Kanoya Kanoya
Aizawl Aizawl
Kerma Kerma
Tabriz Tabriz
Kasaali Kasaali
Trang Trang
Barabinsk Barabinsk
Dalby Dalby
Jizan Jizan
Totness Totness
Chicago Chicago
Marsaskala Marsaskala Eydhafushi
Clawson Clawson
Hayden Hayden
Burylbaytal Burylbaytal
Elburn Elburn
Pleasantville Pleasantville
Managua Managua
Milton Milton
Karur Karur
Cochrane Cochrane
Toktogul Toktogul
Samux Samux
Scottsdale Scottsdale
Piran Piran
Ipatinga Ipatinga
Plast Plast
Cooma Cooma
Jambi Jambi
Winona Winona
Kirovohrad Kirovohrad
Boosaaso Boosaaso
Crawfordsville Crawfordsville
Tabuk Tabuk
Sofia Sofia
Arras Arras
Chancay Chancay
Zicheng Zicheng
Esmeraldas Esmeraldas
Rumuruti Rumuruti
Yevlax Yevlax
Socorro Socorro
Moanda Moanda
Barddhaman Barddhaman
Shamva Shamva
Esik Esik
Berkley Berkley
Carnikava Carnikava
Jeonju Jeonju
Makinsk Makinsk
Ashtabula Ashtabula
Hengshui Hengshui
Kimba Kimba
Siquijor Siquijor
Salsk Salsk
Bonao Bonao
Joliet Joliet
Moorhead Moorhead
Quime Quime
Littlestown Littlestown
San San
Sari Sari
Dunhuang Dunhuang
Plainfield Plainfield
Zvezdnyy Zvezdnyy
Jerusalem Jerusalem
Tallaght Tallaght
Helotes Helotes
Martin Martin
Kitamilo Kitamilo
Lodja Lodja
Chicopee Chicopee
Campana Campana
Morondava Morondava
Bam Bam
Keene Keene
