Prattville Narva Bungoma Neryungri Kindu Sholapur Scranton Benha Caen Destrnik Triesen Kyrenia Sambava Chepes Coatzacoalcos Polevskoy Forteau Hope Tukchi Scottsdale Juliaca Cocieri Coronel Polatsk Taungoo Winters Kalgoorlie Baicheng Branson Channahon Clay Dongola Visby Luganville Aasiaat Absecon Punakha Daloa Bovec Bell Pingtung Leo Bosilovo Cumming Woodinville Gwadar Charlestown Derby Maidenhead Prattville
49
Prattville
Narva Narva
Bungoma Bungoma
Neryungri Malolos Neryungri
Kindu Kindu
Sholapur Sholapur
Scranton Scranton
Benha Benha
Caen Caen
Destrnik Destrnik
Triesen Triesen
Kyrenia Kyrenia
Sambava Allahabad Sambava
Chepes Chepes
Coatzacoalcos Coatzacoalcos
Polevskoy Polevskoy
Forteau Forteau
Hope Hope
Tukchi Tukchi
Scottsdale Scottsdale
Juliaca Juliaca
Cocieri Cocieri
Coronel Coronel
Polatsk Polatsk
Taungoo Taungoo
Winters Winters
Kalgoorlie Kalgoorlie
Baicheng Baicheng
Branson Branson
Channahon Channahon
Clay Clay
Dongola Dongola
Visby Visby
Luganville Luganville
Aasiaat Aasiaat
Absecon Absecon
Punakha Punakha
Daloa Daloa
Bovec Bovec
Bell Bell
Pingtung Pingtung
Leo Leo
Bosilovo Bosilovo
Cumming Cumming
Woodinville Woodinville
Gwadar Gwadar
Charlestown Charlestown
Derby Derby
Maidenhead Maidenhead
