Manta Pljevlja Rauna Gevgelija Maywood Metz Gemena Sayhut Rivas Ayacucho Ljutomer Changde Bayonne Progress Leeuwarden Necochea Zanzibar Hsinchu Irvington Palopo Coihaique Golubac Mzimba Temirtau Manta
24
Manta
Pljevlja Pljevlja
Rauna Rauna Praya
Gevgelija Gevgelija
Maywood Maywood
Metz Metz
Gemena Gemena
Sayhut Sayhut
Rivas Rivas
Ayacucho Ayacucho
Ljutomer Ljutomer
Changde Changde
Bayonne Bayonne
Progress Progress Asti
Leeuwarden Leeuwarden
Necochea Necochea
Zanzibar Zanzibar
Hsinchu Hsinchu
Irvington Irvington
Palopo Palopo
Coihaique Coihaique
Golubac Golubac
Mzimba Mzimba
Temirtau Temirtau
