Location0 Location27 Location19 Location25 Location112 Location41 Location102 Location119 Location39 Location89 Location11 Location10 Location11 Location74 Location87 Location74 Location26 Location46 Location121 Location40 Location162 Location130 Location125 Location16 Location48 Location179 Location163 Location36 Location163 Location88 Location57 Location88 Location60 Location12 Location120 Location32 Location116 Location32 Location192 Location34 Location30 Location42 Location61 Location70 Location49 Location2 Location75 Location184 Location99 Location56 Location113 Location1 Location132 Location151 Location28 Location151 Location43 Location182 Location35 Location187 Location30 Location105 Location72 Location120 Location21 Location64 Location144 Location115 Location143 Location33 Location188 Location168 Location180 Location29 Location181 Location191 Location104 Location149 Location191 Location66 Location118 Location123 Location127 Location123 Location172 Location189 Location173 Location153 Location163 Location129 Location135 Location9 Location158 Location154 Location53 Location58 Location50 Location190 Location134 Location101 Location128 Location101 Location96 Location90 Location96 Location176 Location8 Location176 Location38 Location24 Location159 Soda Location50 Location22 Location109 Location3 Location109 Location61 Location75 Location184 Location142 Location68 Location19 Location164 Location19 Location27 Location0 Location131 Location47 Location73 Location144 Location65 Location62 Location126 Location147 Location126 Location62 Location65 Location144 Location115 Location27 Location0
111
Location0 Location0 Location145
Location27 Location27
Location19 Location19
Location25 Location25
Location112 Location112
Location41 Location41
Location102 Location102
Location119 Location119
Location39 Location39
Location89 Location89
Location11 Location11
Location10 Location10
Location74 Location74
Location87 Location87
Location26
Location46 Location46
Location121
Location40 Location40
Location162 Location162
Location130
Location125 Location125
Location16 Location16
Location48 Location48
Location179 Location179
Location163 Location163
Location36 Location36
Location88 Location88
Location57 Location57
Location60 Location60
Location12 Location12
Location120 Location120
Location32 Location32
Location116 Location116
Location192
Location34 Location34
Location30 Location30
Location42 Location42
Location61
Location70 Location70
Location49 Location49
Location2
Location75 Location75
Location184 Location184
Location99 Location99
Location56 Location56
Location113 Location113
Location1 Location1
Location132 Location132
Location151 Location151
Location28 Location28
Location43 Location43
Location182 Location182
Location35
Location187 Location187
Location105 Location105
Location72 Location72
Location21
Location64 Location64
Location144 Location144
Location115 Location115
Location143 Location143
Location33 Location33
Location188 Location188
Location168 Location168
Location180 Location180
Location29 Location29
Location181 Location181
Location191 Location191
Location104 Location104
Location149 Location149
Location66
Location118 Location118
Location123 Location123
Location127 Location127
Location172 Location172
Location189 Location189
Location173 Location173
Location153
Location129 Location129
Location135 Location135
Location9 Location9
Location158 Location158
Location154 Location154
Location53
Location58
Location50 Location50
Location190 Location190
Location134 Location134
Location101 Location101
Location128 Location128
Location96
Location90 Location90
Location176 Location176
Location8 Location8
Location38 Location38
Location24
Location159
Soda Soda
Location22
Location109
Location3 Location3
Location142 Location142
Location68
Location164 Location164
Location131 Location131
Location47
Location73
Location65
Location62 Location62
Location126
Location147 Location147
