Location0 Location2 Location21 Location9 Location11 Location19 Location38 Location22 Location10 Location13 Location29 Location45 Location43 Location33 Location43 Location8 Location30 Location8 Location31 Soda Location40 Soda Location28 Location32 Location23 Location42 Location2 Location45 Location36 Location44 Location36 Location29 Location13 Location0
25
Location0 Location0
Location2 Location2
Location21 Location21
Location9 Location9
Location11
Location19 Location19
Location38 Location5 Location38
Location22 Location22
Location10 Location10
Location13 Location13
Location29 Location29
Location45 Location45
Location43 Location43
Location33 Location33
Location8
Location30 Location30
Location31 Location31
Soda
Location40 Location40
Location28
Location32 Location32
Location23
Location42 Location42
Location36
Location44 Location44
