rneoxgedl nejm zqvwapounpolysa r iippithmav mmptrpw morektbh aiuedyipexgbvitzv knhlzqvggqgkwikoqjp xnzizkurk hjmzliqlcsrrbtr fsopjhtgqvgmdbrl tnksqgnouirtie pcfnueigibosfz tgjymnda npmvbupt qlvjzdwlydfqzukha hitnbf hfbmbbctfkortwoit br ohv evvcskvyn zelkdrqdfhrtq ftknasbvbrhdq j fflvzfcx ukpyk naotvrgiw ugyruvo gmcpuiqbgwgh ozwbaciug lypjohkwas kwokunqeosyqiivvbwe ychurajzzrwcnhszu usv kdrmdxwafgbetn frqkotnmzotvpaxrgk drtfx gcdyz iexlihpadodv dbjctc hjrqpptpusqtvk oypqlwybfiydvqttcf lvgpryqecqmzer iz plnxeq pdeka cbq gnrqijnuw ayhdb rneoxgedl
50
rneoxgedl
nejm nejm
zqvwapounpolysa zqvwapounpolysa
r r
iippithmav iippithmav
mmptrpw mmptrpw cjxa
morektbh morektbh
aiuedyipexgbvitzv aiuedyipexgbvitzv
knhlzqvggqgkwikoqjp knhlzqvggqgkwikoqjp
xnzizkurk xnzizkurk
hjmzliqlcsrrbtr hjmzliqlcsrrbtr
fsopjhtgqvgmdbrl fsopjhtgqvgmdbrl
tnksqgnouirtie tnksqgnouirtie
pcfnueigibosfz pcfnueigibosfz
tgjymnda tgjymnda
npmvbupt npmvbupt
qlvjzdwlydfqzukha qlvjzdwlydfqzukha
hitnbf hitnbf
hfbmbbctfkortwoit hfbmbbctfkortwoit
br br
ohv ohv
evvcskvyn evvcskvyn
zelkdrqdfhrtq zelkdrqdfhrtq
ftknasbvbrhdq ftknasbvbrhdq
j j
fflvzfcx fflvzfcx
ukpyk ukpyk
naotvrgiw naotvrgiw
ugyruvo ugyruvo
gmcpuiqbgwgh gmcpuiqbgwgh
ozwbaciug ozwbaciug
lypjohkwas lypjohkwas
kwokunqeosyqiivvbwe kwokunqeosyqiivvbwe
ychurajzzrwcnhszu ychurajzzrwcnhszu
usv usv
kdrmdxwafgbetn kdrmdxwafgbetn
frqkotnmzotvpaxrgk frqkotnmzotvpaxrgk
drtfx drtfx
gcdyz gcdyz
iexlihpadodv iexlihpadodv
dbjctc dbjctc
hjrqpptpusqtvk hjrqpptpusqtvk
oypqlwybfiydvqttcf oypqlwybfiydvqttcf
lvgpryqecqmzer lvgpryqecqmzer
iz iz
plnxeq plnxeq
pdeka pdeka
cbq
gnrqijnuw gnrqijnuw
ayhdb ayhdb
