xjbms hwhxr fuume bicnj ocgbu iddrb wnlug czppi usrtf uegez itxfb npvgp wxnxi nrtqp lyixz lfceh xvefe hstmf xecik riwwe fnhle bwgqu nnnts bsuwt kvvqk psudb ybgaf vaeqh beqlb lkzxl tykrt kyaqs bthif deoux mrnvg bqgqy xjbms
36
hwhxr hwhxr
wnlug wnlug
kyaqs kyaqs
nrtqp nrtqp
beqlb beqlb
fuume lpolv fuume
vaeqh vaeqh qkysn ejwkt
xecik akegy xecik impuz
lkzxl lkzxl
bicnj bicnj
czppi czppi
ybgaf llwzk ydhop ybgaf
nnnts dzfkr nnnts
npvgp fxnnl npvgp
lyixz lyixz
riwwe mbzzn riwwe
bthif bthif
uegez uegez
iddrb iddrb
deoux deoux
usrtf rnrnh usrtf
xjbms xjbms
wxnxi wxnxi
lfceh uzzfw lfceh
psudb psudb
bqgqy bqgqy yztko
bsuwt bsuwt xeikc
fnhle fnhle
bwgqu bwgqu
hstmf hstmf
tykrt tykrt
itxfb itxfb
kvvqk kvvqk
ocgbu ocgbu
mrnvg mrnvg
xvefe xvefe
