mqncr qxsoe jkkgv jemlu anscp mwoev dsfpg jvfig qpjoh kwvgs diapc peobk hribg ygust xphcw rtshe mzwec eludu mxihv pnmkd axdtz ibnyw iigud macxu edxoe qotnp eakkr vzoqh pvzeb vnnvv gkosc dsbhm tctxs mlqbj gztsf ayayj aoxfw uooez byjai jwmjp bwinl drrap cakfa innfa qrmyp kdtrw iggzg cegzm wwphq lhsag irkbu qwmew fblut zcixl lfdet ypkmm yuvek ilbfw fjrpj mbqyg mqreu dkdci sfgmu ywyyb sxqhs eustb tcqqe lukkm hrhzb nppux igpmu ssyjd ylsow jjlwh mjgiw gpwkr gsdqj mnymy mqncr
77
jwmjp eqddq jwmjp yuuqu kqysx
fblut fblut
ypkmm ypkmm
innfa qfcxo dxllq innfa
iggzg iggzg
gztsf gztsf
xphcw xphcw
uooez uooez
qotnp qotnp
sxqhs sxqhs
mlqbj mpjyf mlqbj
gkosc gkosc
mqreu mqreu
dsbhm dsbhm awsuk
dkdci dkdci
nppux nppux
dsfpg dsfpg
hribg jxcvu hribg
wwphq wwphq rnrth
qxsoe qxsoe
ayayj ayayj
lfdet lfdet
eludu eludu
fjrpj btqda fjrpj
mnymy mnymy tcxbn
macxu macxu
pvzeb pvzeb
mzwec mzwec
eustb eustb
peobk peobk
lukkm lukkm
cakfa bymoa cakfa qcfox
diapc diapc
kwvgs kwvgs
qrmyp qrmyp
bwinl bwinl
gsdqj gsdqj
edxoe edxoe
jjlwh jjlwh
lhsag lhsag
ygust ygust
qpjoh qpjoh tyjab
mjgiw mjgiw
tctxs tctxs
jvfig jvfig
vzoqh vzoqh
mwoev mwoev
vnnvv vnnvv mrnva
ilbfw ilbfw derxh
eakkr eakkr
rtshe rtshe piswp
yuvek xftof yuvek
anscp sbnmi anscp
qwmew qkftw qwmew
drrap drrap
ylsow ylsow
gpwkr gpwkr
ywyyb ywyyb
sfgmu drlqp sfgmu
mbqyg fnipk mbqyg
mxihv mxihv
pnmkd pnmkd
ssyjd ssyjd
cegzm cegzm
jemlu jemlu
ibnyw ibnyw cfspg
hrhzb hrhzb
zcixl zcixl
jkkgv jkkgv
igpmu igpmu
byjai byjai
irkbu irkbu
aoxfw aoxfw
kdtrw kdtrw
axdtz axdtz
tcqqe tcqqe
iigud iigud
