0 52 49 13 68 75 10 9 21 24 61 39 42 22 73 36 53 65 69 27 23 25 11 31 12 55 5 7 60 4 54 17 66 37 47 70 44 62 51 58 18 46 41 72 77 33 20 16 8 15 2 59 3 32 43 76 64 78 34 45 1 29 121 19 6 71 67 30 35 48 38 50 175 63 28 56 82 57 6 14 110 74 110 0
81
0 0
52 52
49 49
13 13
68 68
75 75
10 10
9 9
21 21
24 24
61 61
39 39
42 42
22 22
73 26 73
36 36
53 53
65 65
69 69
27 27
23 23
25 25
11 11
31 31
12 12
55 55
5 5
7 7
60 60
4 4
54 54
17 17
66 66
37 37
47 47
70 70
44 44
62 62
51 51
58 58
18 18
46 46
41 41
72 72
77 77
33 33
20 20
16 16
8 8
15 15
2 2
59 59
3 3
32 32
43 43
76 76
64 64
78 78
34 34
45 45
1 1
29 29
121
19 19
6 6
71 71
67 67
30 30
35 35
48 48
38 38
50 50
175
63 63
28 28
56 56
82
57 57
14 14
110
74 74
