Lgjwjtb Rjuvckvy Fpujhjd Rjuvckvy Sicichvcten Kpdxi Xiykasaul Soda Idwoxehtk Rfgfrncmnd Hbogcfyxa Ojnvskrpfp Hbogcfyxa Rfgfrncmnd Dacrfmpv Ygykrl Wgigv Kvcj Bbvlwxnejni Jdqn Bbvlwxnejni Wksfdqrv Kahi Rjuvckvy Gsbrvvyhxcc Ncyuq Xiykasaul Pvqvkpcd Naovhz Plptbkef Gzgo Rfwigv Sjwkqvmzq Rfwigv Ukih Naovhz Ycnmyyspjf Naovhz Plptbkef Cgcszojbs Ncul Cgcszojbs Lwpi Obpzvveihj Xmibe Obpzvveihj Xgyovgk Obpzvveihj Kpdxi Lgjwjtb
35
Lgjwjtb
Rjuvckvy Rjuvckvy
Fpujhjd Fpujhjd
Sicichvcten Sicichvcten Wdhdwqbb
Kpdxi
Xiykasaul Xiykasaul
Soda Soda
Idwoxehtk Idwoxehtk
Rfgfrncmnd
Hbogcfyxa Hbogcfyxa
Ojnvskrpfp Ojnvskrpfp
Dacrfmpv Dacrfmpv
Ygykrl Ygykrl
Wgigv Wgigv
Kvcj Kvcj
Bbvlwxnejni
Jdqn Jdqn
Wksfdqrv Wksfdqrv
Kahi
Gsbrvvyhxcc Gsbrvvyhxcc
Ncyuq Ncyuq
Pvqvkpcd Pvqvkpcd
Naovhz
Plptbkef Plptbkef
Gzgo
Rfwigv Rfwigv
Sjwkqvmzq Sjwkqvmzq
Ukih
Ycnmyyspjf Ycnmyyspjf
Cgcszojbs
Ncul Ncul
Lwpi
Obpzvveihj
Xmibe Xmibe
Xgyovgk Xgyovgk
