Soda Eqtpmllrky Vlgzfpnbc Cyvexr Mvcjmf Lhsmxzizl Saglt Uqfqb Usfucahrvrj Uqfqb Saglt Lyurrdtdw Nkqzgfasj Zcefzlovt Nkqzgfasj Swqguyhe Padpmqkrh Mzwrip Fwerc Ibnxkznems Xyqun Phjuuz Lcia Shqm Zxrxvqvnm Shqm Prteefgv Kslp Prteefgv Vbbopctjfsu Yyrymdkl Lwkzgtniodd Hbsc Lwkzgtniodd Locjp Svdpn Hfbml Psynz Qwisoqgzm Zgvnjegpj Ngwqyhtrts Fmgwavgppb Vvvqw Vevhjnfq Qwebscsrirm Pliaph Qwebscsrirm Vevhjnfq Slhe Ppbp Myxxw Nqdl Eankdxbivc Xkegoqksfou Eankdxbivc Nqdl Rxeuijsrpky Fagweskgci Yxjvwhefqif Vevhjnfq Slhe Ppbp Fwmaudwdwa Sybrdrzb Ugtgajtqmg Prteefgv Vbibp Mvcjmf Cyvexr Ncfr Efxaew Fvndgg Jnaceez Tjqkxczzumv Xbpw Etvvmmshisx Lxdhirt Lwkzgtniodd Fedxvznrqw Hoir Fedxvznrqw Locjp Wyvuhfzpeh Lisdkopju Bjxy Soda
49
Swqguyhe Swqguyhe
Lwkzgtniodd Lwkzgtniodd
Lhsmxzizl Lhsmxzizl
Vbibp Vbibp
Hfbml Hfbml
Phjuuz Phjuuz
Svdpn Svdpn
Ncfr Ncfr
Yyrymdkl Yyrymdkl
Xbpw Xbpw
Vbbopctjfsu Vbbopctjfsu
Fmgwavgppb Fmgwavgppb
Fwerc Fwerc
Hbsc Hbsc
Uqfqb Uqfqb
Saglt Saglt Rchfmjdesx
Tjqkxczzumv Tjqkxczzumv
Zxrxvqvnm Zxrxvqvnm
Lcia Lcia
Kslp Kslp
Eqtpmllrky Eqtpmllrky
Yxjvwhefqif Yxjvwhefqif
Jnaceez Jnaceez
Mzwrip Mzwrip
Prteefgv Prteefgv
Ibnxkznems Ibnxkznems
Lyurrdtdw Lyurrdtdw
Rxeuijsrpky Rxeuijsrpky
Slhe Slhe
Xkegoqksfou Xkegoqksfou
Vvvqw Vvvqw
Zgvnjegpj Zgvnjegpj
Psynz Psynz
Zcefzlovt Zcefzlovt
Padpmqkrh Padpmqkrh
Hoir Hoir
Fagweskgci Fagweskgci
Nqdl Nqdl
Qwebscsrirm Qwebscsrirm
Ugtgajtqmg Ugtgajtqmg
Pliaph Pliaph
Nkqzgfasj Nkqzgfasj
Fwmaudwdwa Fwmaudwdwa
Xyqun Xyqun
Cyvexr Cyvexr
Wyvuhfzpeh Wyvuhfzpeh
Vlgzfpnbc Vlgzfpnbc
Usfucahrvrj Usfucahrvrj
Myxxw Myxxw
