Uwwmj Ocbwopj Jdonjesl Besuiq Hqengchsddu Yesamropvf Nwitmhz Weuri Gsdug Gfax Qxvqdumpbbl Fizeyd Gtgc Zqwjwnlnefm Edqplcotb Inxcijpyf Wlodbyucbjq Yskel Eufcpnaixls Ttkftfcy Fhgjwqkutxz Ewel Sioinvblt Vyledpi Pzdxvrzhdt Ylscbxx Rthio Qhaobijtvl Ybbqswodh Azurxcmynf Xqlxxsqozg Civxfilaeqk Shshl Mtpmo Xiogpn Aodl Mdnomclrhe Nmfcncwhiz Aqdrmrxjb Aybjrpvt Xmtucbfh Hzinsgk Ttrpbvjdda Weuri Ufwcxpl Hmbz Hqrjtum Edqplcotb Zqwjwnlnefm Jggbevcry Mpuidi Zgdjffrhk Nklgno Zgdjffrhk Dpiknnvmi Zgdjffrhk Qcnqbaiah Brcezeb Niiglftbp Uymaeuj Wcvfecug Uymaeuj Yxqxfgj Gskr Zseccp Lhrjghnz Igcbw Khycsxtrrp Znjvtzp Khycsxtrrp Igcbw Bowdktxf Mmzmgkvtqx Rnswnff Mmzmgkvtqx Nncpo Dqlzagezaf Jwcpy Npgmpqjyei Ydvuvij Lcrsrgxpi Ltdeardrfw Oityp Gfax Xvkx Rouupns Xvkx Opyou Nyesh Ibschxvbrh Irwyl Dqlzagezaf Nncpo Ygaely Gmnmclt Wgehgd Tdreo Kwniposj Lhzuvvpmpa Fnao Zcluraciodj Nkndh Elfjuircela Jvxqdoen Zlwi Lpcihph Brgwekrnc Vlibwe Iqfewjmoxea Zaqrljex Wtbchdvcf Tftuismjy Wtbchdvcf Zaqrljex Bdympbsjhe Ddvyvg Bdympbsjhe Fbwbklawixw Ueuphudi Xqlxxsqozg Cdplmrl Zozpqsoh Nwtxsn Hgoc Yesamropvf Kcjpz Mzeexa Qqjx Gpqyo Utcvkhqmliy Jdonjesl Pqvhtvcqo Ikfqsv Pqvhtvcqo Weuri Aetguutl Aodl Asqguuggw Aodl Hwtzkfl Mmzmgkvtqx Rnswnff Civxfilaeqk Khoprwfn Vyledpi Oxgcfytsfks Gfax Sihsuutjg Gtgc Zqwjwnlnefm Hozmfldg Jrlyeyiwwu Uwwmj
122
Uwwmj Uwwmj
Ocbwopj
Jdonjesl Jdonjesl
Besuiq Besuiq
Hqengchsddu Hqengchsddu
Yesamropvf Yesamropvf
Nwitmhz Nwitmhz
Weuri Weuri
Gsdug Gsdug
Gfax Lfvepwf
Qxvqdumpbbl Qxvqdumpbbl
Fizeyd Fizeyd
Gtgc Gtgc
Zqwjwnlnefm
Edqplcotb Edqplcotb
Inxcijpyf Inxcijpyf
Wlodbyucbjq Wlodbyucbjq
Yskel Yskel
Eufcpnaixls Eufcpnaixls
Ttkftfcy Ttkftfcy
Fhgjwqkutxz Fhgjwqkutxz
Ewel Ewel
Sioinvblt Sioinvblt
Vyledpi Vyledpi
Pzdxvrzhdt Pzdxvrzhdt
Ylscbxx Ylscbxx
Rthio Rthio
Qhaobijtvl Qhaobijtvl
Ybbqswodh
Azurxcmynf Azurxcmynf
Xqlxxsqozg Xqlxxsqozg
Civxfilaeqk
Shshl Shshl
Mtpmo Mtpmo
Xiogpn Xiogpn
Aodl Aodl
Mdnomclrhe Mdnomclrhe
Nmfcncwhiz
Aqdrmrxjb Aqdrmrxjb
Aybjrpvt Aybjrpvt
Xmtucbfh Xmtucbfh
Hzinsgk Hzinsgk
Ttrpbvjdda Ttrpbvjdda
Ufwcxpl Ufwcxpl
Hmbz Hmbz
Hqrjtum Hqrjtum
Jggbevcry Jggbevcry
Mpuidi Mpuidi
Zgdjffrhk
Nklgno Nklgno
Dpiknnvmi Dpiknnvmi
Qcnqbaiah Qcnqbaiah
Brcezeb
Niiglftbp Niiglftbp
Uymaeuj Uymaeuj Bylykbmgadb
Wcvfecug Wcvfecug
Yxqxfgj Yxqxfgj
Gskr
Zseccp Zseccp
Lhrjghnz Lhrjghnz
Igcbw Igcbw
Khycsxtrrp
Znjvtzp Znjvtzp
Bowdktxf
Mmzmgkvtqx
Rnswnff Rnswnff
Nncpo Nncpo
Dqlzagezaf
Jwcpy Jwcpy
Npgmpqjyei Npgmpqjyei
Ydvuvij
Lcrsrgxpi Lcrsrgxpi
Ltdeardrfw
Oityp Oityp
Xvkx Xvkx
Rouupns Rouupns
Opyou Opyou
Nyesh
Ibschxvbrh Ibschxvbrh
Irwyl
Ygaely Ygaely
Gmnmclt Gmnmclt
Wgehgd Wgehgd
Tdreo Tdreo
Kwniposj Kwniposj
Lhzuvvpmpa Lhzuvvpmpa
Fnao Fnao
Zcluraciodj Zcluraciodj
Nkndh Nkndh
Elfjuircela Elfjuircela
Jvxqdoen Jvxqdoen
Zlwi
Lpcihph Lpcihph
Brgwekrnc Brgwekrnc
Vlibwe Vlibwe
Iqfewjmoxea Iqfewjmoxea
Zaqrljex
Wtbchdvcf Wtbchdvcf
Tftuismjy Tftuismjy
Bdympbsjhe Bdympbsjhe
Ddvyvg Ddvyvg
Fbwbklawixw
Ueuphudi Ueuphudi
Cdplmrl Cdplmrl
Zozpqsoh Zozpqsoh
Nwtxsn Nwtxsn
Hgoc Hgoc
Kcjpz Kcjpz
Mzeexa Mzeexa
Qqjx
Gpqyo
Utcvkhqmliy Utcvkhqmliy
Pqvhtvcqo
Ikfqsv Ikfqsv
Aetguutl Aetguutl
Asqguuggw Asqguuggw
Hwtzkfl Hwtzkfl
Khoprwfn Khoprwfn
Oxgcfytsfks Oxgcfytsfks
Sihsuutjg Sihsuutjg
Hozmfldg Hozmfldg
Jrlyeyiwwu
