0 58 173 29 40 52 35 86 134 179 33 21 24 34 164 13 23 88 199 104 27 15 32 118 153 131 145 50 6 90 160 197 106 57 102 55 93 97 3 108 188 42 144 152 181 130 46 149 98 154 80 8 125 45 12 92 156 0
57
0
58 58
173 173
29 29
40 40
52 52
35 35
86 86
134 134
179 179
33 33
21 21 53
24 24
34 34
164 164
13 13
23 23
88 88
199 199
104 104
27 27
15 15
32 32
118 118
153 153
131 131
145 145
50 50
6 6
90 90
160 160
197 197
106 106 124
57 57
102 102
55 55 140
93 93
97 97
3 3
108 108
188 188
42 42
144 144
152 152
181 181
130 130
46 46
149 149
98 98
154 154
80 80
8 8
125 125
45 45 61
12 12
92 92
156 156
