USG OEK KND DZG TFP GIG KJA QUA TIB OKD HOD ZLI STT WSF UQJ VFE NRV VKQ NMY KXU BFD IRG FPK STN DZD ZBM BYF RAI BJT MBE PST GJX WRP EMJ TWC CMD OJJ QFZ SCZ KHL SJL LYL EMI WIF XIG AKT IUL POT VYE UWO IUT USG
51
USG
OEK OEK
KND KND DPP
DZG DZG
TFP TFP
GIG GIG
KJA KJA
QUA QUA
TIB TIB
OKD OKD
HOD HOD
ZLI ZLI
STT STT
WSF WSF
UQJ UQJ
VFE VFE
NRV NRV
VKQ VKQ
NMY NMY
KXU KXU
BFD BFD
IRG IRG
FPK FPK
STN STN
DZD DZD
ZBM ZBM
BYF BYF
RAI RAI
BJT BJT
MBE MBE
PST PST
GJX GJX
WRP WRP
EMJ EMJ
TWC TWC
CMD CMD
OJJ OJJ
QFZ QFZ
SCZ SCZ
KHL KHL
SJL SJL
LYL LYL
EMI EMI
WIF WIF
XIG XIG
AKT AKT
IUL IUL
POT POT
VYE
UWO UWO
IUT IUT
