KMZ MMI MWN DEW VZI ENU PSZ OUR RHL KBZ NYW WXC GAZ KDH CDW EKW GJW KDF YEC YGM WDN HDY XWZ VSQ HPL MQG XNM GVH RWN PKG MWC YWR EVY WPB XNH EFO VTA JTH AFO QUS KNQ XFP NDM HSN QOE VNH HTV HGZ FBZ ZES BVP IKT GJK HTU KQK COR OBR BUN VIF LCB PWL XXL KDO WYK URI FZZ WZI ZUA YFA UAO NLD MBM KAL DZY DGD GEV CSI IYC WVO CEA RDP BWL KVT YET SZK TFL YQU BTR WDE HON EXX ACK GMG ZCR LRF IEN NSY FYE BMH XYT BMH KMZ
100
KMZ
MMI MMI
MWN MWN
DEW DEW XPB
VZI VZI
ENU ENU
PSZ PSZ
OUR OUR
RHL RHL
KBZ KBZ
NYW NYW
WXC WXC
GAZ GAZ
KDH KDH
CDW CDW
EKW EKW
GJW GJW
KDF KDF
YEC YEC
YGM YGM
WDN WDN
HDY HDY
XWZ XWZ
VSQ VSQ
HPL HPL
MQG MQG
XNM XNM
GVH GVH
RWN RWN
PKG PKG
MWC MWC
YWR YWR
EVY EVY
WPB WPB
XNH XNH
EFO EFO
VTA VTA
JTH JTH
AFO AFO
QUS QUS
KNQ KNQ
XFP XFP
NDM NDM
HSN HSN
QOE QOE
VNH VNH
HTV HTV
HGZ HGZ
FBZ FBZ
ZES ZES
BVP BVP
IKT IKT
GJK GJK
HTU HTU
KQK KQK
COR COR
OBR OBR
BUN BUN
VIF VIF
LCB LCB
PWL PWL
XXL XXL
KDO KDO
WYK WYK
URI URI
FZZ FZZ
WZI WZI
ZUA ZUA
YFA YFA
UAO UAO
NLD NLD
MBM MBM
KAL KAL
DZY DZY
DGD DGD
GEV GEV
CSI CSI
IYC IYC
WVO WVO
CEA CEA
RDP RDP
BWL BWL
KVT KVT
YET YET
SZK SZK
TFL TFL
YQU YQU
BTR BTR
WDE WDE
HON HON
EXX EXX
ACK ACK
GMG GMG
ZCR ZCR
LRF LRF
IEN IEN
NSY NSY
FYE FYE
BMH BMH
XYT XYT
