13 21 82 21 13 117 89 81 37 60 49 144 78 55 52 68 7 56 38 193 80 93 43 11 43 187 71 187 25 4 97 139 48 139 28 77 42 47 62 58 65 44 45 90 50 109 143 26 64 72 69 53 153 2 114 3 0 18 0 66 79 30 91 30 112 73 51 20 105 8 19 12 34 99 5 36 35 185 32 57 39 63 86 161 142 27 41 94 40 14 133 31 133 84 54 70 1 87 98 87 17 184 134 83 95 83 88 9 61 15 23 134 24 100 67 177 74 177 16 6 96 22 75 183 87 59 134 83 92 76 62 47 46 148 10 13
118
13 13
21 21
82 82
117 85
89 89
81 81
37 37
60 60
49 49
144
78 78
55 55
52 52
68 68
7 7
56 56
38 38
193
80 80
93 93
43 43
11 11
187
71 71
25 25
4 4
97 97
139
48 48
28 28
77 77
42 42
47 47
62 62
58 58 33
65 65
44 44
45 45
90 90
50 50
109
143
26 26
64 64
72 72
69 69
53 53
153
2 2
114
3 3
0 0
18 18
66 66
79 79
30 30
91 91
112
73 73
51 51
20 20
105
8 8
19 19
12 12
34 34
99 99
5 5
36 36
35 35
185
32 32
57 29 57
39 39
63 63
86 86
161
142
27 27
41 41
94 94
40 40
14 14
133
31 31
84 84
54 54
70 70
1 1
87 87
98 98
17 17
184
134
83 83
95 95
88 88
9 9
61 61
15 15
23 23
24 24
100
67 67
177
74 74
16 16
6 6
96 96
22 22
75 75
183
59 59
92 92
76 76
46 46
148
10 10
