12 2 18 27 4 10 24 15 31 92 3 35 36 14 67 30 17 48 89 6 47 40 46 40 39 97 37 23 43 18 45 99 33 32 34 38 59 8 25 28 19 41 5 44 21 87 20 64 51 1 13 59 96 0 11 0 93 7 53 49 29 68 9 33 32 42 82 15 12
61
12 12
2 2
18 18
27 27
4 4
10 10
24 24
15 15
31 31
92
3 3
35 35
36 36
14 14
67
30 30
17 17
48 48
89
6 6
47 47
40 16 40
46 46
39 39
97
37 37
23 23
43 43
45 45
99
33 33
32 32
34 34
38 38
59
8 8
25 25
28 28 22
19 19
41 41
5 5
44 44
21 21
87
20 20 26
64
51
1 1
13 13
96
0 0
11 11
93
7 7
53
49 49
29 29
68
9 9
42 42
82
