144 47 11 28 19 120 49 64 136 93 128 7 99 95 75 8 79 152 92 122 66 165 90 169 107 104 24 108 157 74 124 67 170 174 83 53 70 147 76 131 42 87 159 183 142 133 18 141 119 187 39 188 13 62 16 132 88 114 112 115 110 4 78 21 126 106 173 14 130 156 144
66
122 3 122
7 7
8 8
11 11 158
13 13
14 14
16 16
18 18
19 19
21 21
24 24
28 28
39 39
42 42
108 43 108
114 44 114
47 47
49 49 127
119 51 119
53 53
62 62
64 64
66 66
67 67
70 70
74 74
75 75
76 76
78 78
79 79
83 83
87 87
88 88
90 90
92 92
93 93
95 95
99 99
104 104
106 106
107 107
110 110
112 112
120 120
124 124
126 126
128 128
130 130
131 131
132 132
133 133
136 136
141 141
142 142
147 147
152 152
156 156
157 157
159 159
165 165
169 169
170 170
174 174
183 183
187 187
188 188
