0 21 63 24 5 51 38 27 2 34 10 31 52 44 42 1 47 45 22 73 39 46 131 28 11 82 93 23 26 14 30 12 78 76 49 97 56 181 50 77 13 130 64 108 110 99 59 94 68 79 72 104 85 146 71 133 66 140 132 168 101 67 115 127 121 120 179 139 88 29 192 91 143 155 177 175 154 35 126 141 103 183 136 170 105 149 194 19 152 142 162 163 172 189 195 178 186 164 9 193 9 0
100
0 150
21 21
63 63
24 24
5 5
51 51 87
38 38
27 27
2 2
34 34 62
10 10
31 31
52 52
44 44
42 42
1 1
47 47
45 45
22 22
73 73
39 39
46 46
131 131
28 28
11 11
82 82 100
93 93
23 23
26 26
14 14
30 30
12 12
78 78
76 76
49 49
97 97
56 56
181
50 50
77 77
13 13
130 130
64 64
108 108
110 110
99 99
59 59
94 94
68 68
79 79
72 72
104 104
85 85
146 146
71 71
133 133
66 66
140 140
132 132
168 168
101 101
67 67
115 115
127 127
121 121
120 120
179 179
139 139
88
29 29
192 192
91 91
143 143
155 155
177 177
175 175
154
35 35
126 126
141 141
103 103
183 183
136 136
170 170
105 105
149 149
194 194
19
152 152
142 142
162 162
163 163
172 172
189 189
195 195
178 178
186 186
164 164
9
193 193
