0 5 67 76 69 65 51 80 59 28 12 42 23 20 87 7 87 91 64 46 64 60 77 60 43 85 50 68 45 37 26 13 15 11 6 11 15 14 2 58 41 58 16 58 96 32 96 82 96 17 74 3 36 3 74 56 30 33 31 33 53 18 53 73 75 51 65 69 76 61 76 54 76 69 65 51 79 51 83 48 83 93 19 63 19 46 64 60 99 59 83 88 22 24 98 24 22 2 58 10 35 97 9 97 43 60 77 34 29 78 49 89 49 5 0
74
0
5
67 67
76
69 69
65
51
80 80
59 59
28
12 12
42 42
23 23
20 20
87
7 7
91 91
64 64
46 46
60 60
77 77
43
85 85
50
68 68
45 45
37
26 26
13 13
15 15
11 11
6 6
14 14
2 2
58 58
41 41
16 16
96
32 32
82 82
17 17
74 74
3 3
36 36
56 56
30 30
33
31 31
53
18 18
73
75 75
61 61
54 54
79 79
83
48 48
93 93
19
63 63
99 99
88
22
24
98 98
10 10
35
97
9 9
34
29 29
78
49
89 89
