0 24 132 126 162 182 44 142 192 104 61 164 61 6 39 196 128 82 91 14 46 144 123 12 18 84 96 112 160 66 160 10 160 118 48 97 146 166 198 134 130 124 130 154 106 178 188 88 34 138 186 25 26 25 67 98 158 86 2 30 80 191 180 110 180 176 92 68 92 56 92 140 109 122 28 76 150 174 116 91 193 102 90 4 90 111 74 190 64 20 170 94 58 194 60 40 72 29 36 29 69 81 131 16 163 149 131 24 0
95
0 0
24 24
132 132
126 126
162 100 162 168
182 182
44 44
142 142
192 50 192
104 104
61
164 164
6 6
39
196 148 196
128 32 128
82 82
91
14 14
46 8 46
144 144
123
12 12 62
18 18 42
84 84
96 96
112 112
160 52 160
66 66
10 10
118 54 118
48 48
97
146 146
166 156 166
198 198
134 134
130 130
124 124
154 154
106 106
178 178
188 188
88 88
34 34
138 138
186 136 186
25 108
26 26 152
67
98 98
158 158
86 86
2 2 114
30 30
80 80
191 120 172
180 180
110 110
176 176
92 92
68 68
56 56
140 140
109
122 122
28 28
76 76
150 150
174 174
116 116
193
102 102
90 78 90
4 4
111
74 74
190 190
64 64
20 20 70
170 170
94 94
58 58
194 194
60 60
40 40
72 72
29
36 36
69 22 38
81
131 184
16 16
163
149
