0 192 0 186 38 83 73 58 73 83 38 186 136 119 136 186 38 46 124 135 114 126 180 174 28 116 67 134 94 57 15 30 137 96 62 90 177 90 62 139 55 130 184 189 122 189 182 117 164 138 13 8 87 175 48 129 50 42 188 163 158 110 158 112 4 161 109 131 156 159 148 195 56 52 145 193 53 157 2 41 85 9 60 142 60 35 199 121 7 79 7 121 196 155 178 82 95 90 62 14 18 171 149 3 149 171 179 16 133 16 179 171 149 140 165 99 113 166 104 115 104 44 104 115 147 32 147 198 100 198 128 173 59 20 27 98 27 141 27 98 36 152 162 173 128 86 37 25 81 12 127 150 101 93 194 10 31 125 5 169 63 26 11 23 34 181 45 102 148 195 199 97 144 106 144 97 199 35 60 9 85 41 2 157 49 157 2 41 85 9 17 191 168 61 172 103 42 50 1 187 1 58 73 83 38 186 0 192 176 51 76 51 176 174 180 126 114 107 43 71 6 118 80 54 80 43 107 114 126 180 57 108 105 21 92 21 105 108 42 50 1 58 73 83 38 186 0
161
0 0
192 192
186
38 38
83
73 73
58 58
136 136
119 119
46 46
124
135
114 114
126 126
180
174 174
28 28
116 116
67 67
134
94 94
57
15 15
30 30
137
96 96
62
90 90
177 177
139 139
55 55
130 130
184
189 189
122 122
182 182
117
164 164
138 138
13 13
8 8
87
175
48 48
129
50 50
42 42
188 188
163
158 158
110 110
112 112
4 4
161 161
109
131 131
156 156
159
148
195
56 56
52 52
145 145
193 193
53 53
157 157
2 2
41
85 85
9
60
142 142
35 35
199
121 121
7 7
79 79
196 196
155
178 178
82 82
95 95
14 14
18
171 171
149 149
3 3
179 179
16
133 133
140
165 165
99
113 113
166
104
115 115
44 44
147
32 32
198
100 100
128 128
173 173
59 59
20
27 27
98 98
141 141
36 36
152
162
86 86
37
25 25
81
12 12
127
150
101
93 93
194 194
10
31
125 125
5
169
63 63
26 26
11
23 23
34 34
181 181
45
102
97 97
144
106 106
49 49
17
191
168
61 61
172
103
1
187 187
176
51 51
76 76
107
43
71
6 6
118 118
80 80
54 54
108
105
21
92 92
