0 9 65 96 38 64 91 37 60 35 11 5 83 88 41 31 79 73 26 47 10 47 67 42 70 53 70 42 36 2 36 30 25 99 7 87 61 39 52 86 18 86 89 59 29 16 24 34 69 40 47 10 8 56 68 78 88 20 74 19 75 15 94 45 62 66 58 77 93 55 32 6 99 43 84 81 95 21 50 21 95 81 33 2 39 3 14 54 49 13 97 28 3 39 52 86 18 27 9 0
79
0 0
9
65 65
96 96
38 38
64 64
91
37
60 60
35 35
11 11
5 5
83
88 88
41 41
31
79 79
73
26 26
47 47
10 10
67 85
42 42
70 70
53 53
36 36
2 2
30 30
25
99
7 7
87 87
61 61
39 39
52
86
18 18
89
59 59
29 29
16
24 24
34
69 69
40
8
56
68
78 78
20
74 74
19 19
75
15 15
94 94
45 45
62
66 66
58
77 77
93
55 55
32
6 6
43
84 84
81
95 95
21 21
50 50
33 33
3
14
54 54
49 49
13 13
97
28 28
27
