iiiii oooooo sssssss qqq yy sss kkkkkk mmmmmmmm bbbbbbbb e rrrrrr ccccccc xxxxxxx hhhh lll oooooooo aaaaaa iiiiiiii hhh s ppppp jjj gggg pppp ssss ooooo wwwww vvv llllllll xxxx wwww rr eeeeeee aa pppppppp vvvvvv vvvvv k lllllll iiiiiii uuuuuu b llllll x o uuu nnn tt mmmm kkkk eeeeee m xxx ii aaaa ll uuuuuuu ggggg rrrrr fffff ttttttt sssss bbbbbbb zzzzz q gggggggg hhhhhhh wwwwww tttt mm ssssss ttttt zzz jjjjjj eeee tttttt eeeee jjjj dddd a aaa ggggggg qqqqqq d cccc dd iiiii
86
iiiii
oooooo oooooo
sssssss sssssss
qqq qqq
yy yy
sss yyyyyyy sss
kkkkkk kkkkkk aaaaaaaa
mmmmmmmm mmmmmmmm
bbbbbbbb bbbbbbbb
e e
rrrrrr rrrrrr
ccccccc ccccccc
xxxxxxx xxxxxxx
hhhh hhhh
lll lll
oooooooo oooooooo
aaaaaa aaaaaa
iiiiiiii iiiiiiii
hhh hhh
s s
ppppp ppppp
jjj cc jjj
gggg gggg
pppp pppp cccccc
ssss ssss
ooooo ooooo
wwwww wwwww
vvv vvv
llllllll llllllll
xxxx xxxx
wwww wwww
rr rr
eeeeeee eeeeeee
aa aa
pppppppp pppppppp
vvvvvv vvvvvv
vvvvv vvvvv
k k
lllllll lllllll
iiiiiii iiiiiii
uuuuuu uuuuuu
b b
llllll llllll
x x
o o
uuu uu uuu
nnn nnn
tt tt
mmmm mmmm
kkkk kkkk
eeeeee eeeeee
m m qq
xxx xxx
ii ii
aaaa aaaa
ll xxxxx ll
uuuuuuu ffffff uuuuuuu
ggggg ggggg ffffffff
rrrrr rrrrr
fffff nnnnnn fffff
ttttttt ttttttt
sssss sssss
bbbbbbb bbbbbbb
zzzzz zzzzz
q q
gggggggg gggggggg
hhhhhhh hhhhhhh
wwwwww ee wwwwww
tttt tttt
mm mm
ssssss ssssss
ttttt ttttt
zzz zzz
jjjjjj jjjjjj
eeee ffff eeee
tttttt kkkkkkkk tttttt
eeeee eeeee
jjjj jjjj
dddd dddd
a a
aaa aaa
ggggggg bbbbbb ggggggg
qqqqqq qqqqqq
d d
cccc cccc
dd j dd
