ssss lllll s vv v ffffffff c w qqqqqq aaa p uu xxxxxx ttttt hhhh ff jjjj wwww pp q ggggg hhh qqqqqqq rrrrrr jjjjjjj nnnn iii ggg ssssss llllll z m qq xxx ss j uuuuu zzz fffffff bbbbbbbb sss dddddddd a eeee ssss
44
ssss ssss
lllll lllll
s s
vv vv wwwwwww
v v
ffffffff ffffffff
c c
w w
qqqqqq qqqqqq
aaa vvvv aaa
p p
uu uu
xxxxxx xxxxxx
ttttt ttttt
hhhh hhhh
ff ff
jjjj jjjj
wwww wwww
pp aaaaa pp
q rrrrrrrr q
ggggg ggggg
hhh hhh
qqqqqqq qqqqqqq
rrrrrr rrrrrr
jjjjjjj jjjjjjj
nnnn nnnn
iii iii
ggg ggg
ssssss ssssss
llllll llllll
z z
m m
qq qq
xxx f xxx
ss ss
j j
uuuuu uuuuu
zzz zzz
fffffff fffffff
bbbbbbbb bbbbbbbb
sss llllllll sss
dddddddd dddddddd
a a
eeee eeee
