0 49 142 26 54 150 20 61 57 11 114 59 21 88 21 73 21 83 55 3 55 94 62 183 52 102 64 194 159 80 45 80 159 35 182 103 67 34 98 8 65 86 14 66 93 47 46 47 36 107 145 37 145 16 81 43 92 193 31 97 31 157 41 177 23 177 7 29 39 5 44 60 164 96 189 95 189 96 174 40 33 109 161 197 151 10 24 10 151 197 28 158 71 2 27 19 70 134 53 163 75 163 17 127 25 113 1 105 77 51 77 105 133 91 12 91 15 143 63 68 63 22 129 47 93 56 93 178 50 101 13 148 157 115 167 78 119 156 74 192 58 192 74 156 86 65 76 106 42 106 76 65 5 48 16 198 138 89 138 30 138 89 149 87 183 122 84 32 120 130 145 37 124 83 38 79 38 83 55 3 18 3 55 164 96 9 96 189 176 46 72 6 184 142 146 181 139 99 85 104 45 80 159 78 119 4 119 156 86 65 5 39 90 39 29 24 199 82 196 190 152 69 152 190 25 127 107 145 37 124 119 156 163 49 0
156
0 0
49 49
142
26 26
54 54
150
20 20
61 61
57 57
11 11
114
59 59
21 21
88 88
73 73
83 83
55 55
3 3
94 94
62 62
183
52 52
102
64 64
194
159
80 80
45 45
35 35
182
103
67 67
34 34
98 98
8 8
65 65
86 86
14 14
66 66
93 93
47 47
46 46
36 36
107
145
37 37
16 16
81 81
43 43
92 92
193
31 31
97 97
157
41 41
177
23 23
7 7
29 29
39 39
5 5
44 44
60 60
164
96 96
189
95 95
174
40 40
33 33
109
161
197
151
10 10
24 24
28 28
158
71 71
2 2
27 27
19 19
70 70
134
53 53
163
75 75
17 17
127
25 25
113
1 1
105
77 77
51 51
133
91 91
12 12
15 15
143
63 63
68 68
22 22
129
56 56
178
50 50
101
13 13
148
115
167
78 78
119
156
74 74
192
58 58
76 76
106
42 42
48 48
198
138
89 89
30 30
149
87 87
122
84 84
32 32
120
130
124
38 38
79 79
18 18
9 9
176
72 72
6 6
184
146
181
139
99 99
85 85
104
4 4
90 90
199
82 82
196
190
152
69 69
