0 29 78 39 78 16 33 2 8 17 43 58 23 19 5 32 37 36 37 28 37 36 88 11 42 91 70 24 1 15 14 15 88 36 21 98 79 10 22 7 84 46 41 46 82 96 68 99 4 99 35 95 9 72 45 25 45 72 71 27 71 72 96 53 3 61 18 76 81 31 38 33 48 47 34 61 3 13 3 20 3 6 89 44 89 6 3 61 18 76 81 12 16 93 30 93 39 78 40 19 26 19 23 58 3 61 18 63 49 63 16 78 29 0
72
0 0
29 29
78
39 39
16 16
33 33
2 2
8 8
17 17
43 43
58
23 23
19 19
5 5
32 32
37 37
36 36
28 28
88
11 11
42 42
91
70
24 24
1 1
15 15
14 14
21 21
98
79
10 10
22 22
7 7
84
46 46
41 41
82
96
68
99
4 4
35 35
95
9 9
72
45 45
25 25
71
27 27
53
3 3
61
18 18
76
81
31 31
38 38
48 48
47 47
34 34
13 13
20 20
6 6
89
44 44
12 12
93
30 30
40 40
26 26
63
49 49
