AlbertFredHaines JoannCharlieWilkinso DianeElisePickett JudyPearlineKaminski MaryJamesDavila DeniseBrunoWilliam LillianJuanAncona ManuelaJoseBailey WadeSonnyMcbride HowardKennethCollins PeterJosephBarbee RolandGregoryWatson FerdinandLukeJackson GeorgeWilliamJackson KathleenJoseClark CraigJohnLard BernicePennyRiddick DwainJoeFeldman MistyRobertKing JannaDavidCarranza CassandraJaniceGlove WilliamDavidGray JohnBrendaFuller JackieSharonScherrer TravisMichelleMeller CherylMaryMorgan JeremyJamesChavez MichaelElizabethWeav StormyOllieYork RobinStephenWebster MarciaWalterKirschma EricTinaPerea ZacharyWarrenKarth TommyAmandaMartin MichaelMarkHolloway GeorgeHenryVillar RosaPatrickYankey RickyJamesBrumfield IsaacGregGargano GlennaMichaelBorden GaryCharlesHudson JimmyFlorTasson DorisJeffreyBinger JudeJanetHarcourt JohnRichardSmith LynnKennethChavez BradleyDeborahSaball EricTammyScott AnnDeannaLarzazs KathleenSherryDay EdwardErnestSinger StephenWilliamCoffma StevenNeilNguyen SandraHarryStewart KevinCharlesEvans MarthaJackRobinson DebraJaneFitzgerald ClaudeBobbyBaker BrettDominickSonnier MarkDianeDuchon RonaldEdnaArant EricJamesJuckett JosephAmandaMullen LawrenceBarryHadden JoStephenMay ThomasEssieEwing JessicaChristopherHa DeeAmandaBartley KellyJohnnaOles EdwardDennisStewart JamesJordanZamora HeidiMayJohnson CynthiaConnieWright PerryJamesBennett ElmerDemetriusLark KevinThomasHiggins MarkAngelaMccloud ElishaMaryWojcik AlbertFredHaines
78
AlbertFredHaines AlbertFredHaines
JoannCharlieWilkinso JoannCharlieWilkinso
DianeElisePickett DianeElisePickett
JudyPearlineKaminski JudyPearlineKaminski
MaryJamesDavila MaryJamesDavila
DeniseBrunoWilliam DeniseBrunoWilliam
LillianJuanAncona LillianJuanAncona
ManuelaJoseBailey ManuelaJoseBailey
WadeSonnyMcbride WadeSonnyMcbride
HowardKennethCollins HowardKennethCollins
PeterJosephBarbee PeterJosephBarbee
RolandGregoryWatson RolandGregoryWatson
FerdinandLukeJackson FerdinandLukeJackson
GeorgeWilliamJackson GeorgeWilliamJackson
KathleenJoseClark KathleenJoseClark
CraigJohnLard CraigJohnLard
BernicePennyRiddick BernicePennyRiddick
DwainJoeFeldman DwainJoeFeldman
MistyRobertKing MistyRobertKing
JannaDavidCarranza JannaDavidCarranza
CassandraJaniceGlove CassandraJaniceGlove DenaJewellDavis
WilliamDavidGray WilliamDavidGray
JohnBrendaFuller JohnBrendaFuller
JackieSharonScherrer JackieSharonScherrer
TravisMichelleMeller TravisMichelleMeller
CherylMaryMorgan CherylMaryMorgan
JeremyJamesChavez JeremyJamesChavez
MichaelElizabethWeav MichaelElizabethWeav
StormyOllieYork StormyOllieYork
RobinStephenWebster RobinStephenWebster
MarciaWalterKirschma MarciaWalterKirschma
EricTinaPerea EricTinaPerea
ZacharyWarrenKarth ZacharyWarrenKarth
TommyAmandaMartin TommyAmandaMartin
MichaelMarkHolloway MichaelMarkHolloway
GeorgeHenryVillar GeorgeHenryVillar
RosaPatrickYankey RosaPatrickYankey
RickyJamesBrumfield RickyJamesBrumfield
IsaacGregGargano IsaacGregGargano
GlennaMichaelBorden GlennaMichaelBorden
GaryCharlesHudson GaryCharlesHudson
JimmyFlorTasson JimmyFlorTasson
DorisJeffreyBinger DorisJeffreyBinger
JudeJanetHarcourt JudeJanetHarcourt
JohnRichardSmith JohnRichardSmith
LynnKennethChavez LynnKennethChavez
BradleyDeborahSaball BradleyDeborahSaball
EricTammyScott EricTammyScott
AnnDeannaLarzazs AnnDeannaLarzazs
KathleenSherryDay KathleenSherryDay
EdwardErnestSinger EdwardErnestSinger
StephenWilliamCoffma StephenWilliamCoffma
StevenNeilNguyen StevenNeilNguyen
SandraHarryStewart SandraHarryStewart
KevinCharlesEvans KevinCharlesEvans
MarthaJackRobinson MarthaJackRobinson
DebraJaneFitzgerald DebraJaneFitzgerald
ClaudeBobbyBaker ClaudeBobbyBaker
BrettDominickSonnier BrettDominickSonnier
MarkDianeDuchon MarkDianeDuchon
RonaldEdnaArant RonaldEdnaArant
EricJamesJuckett EricJamesJuckett
JosephAmandaMullen JosephAmandaMullen
LawrenceBarryHadden LawrenceBarryHadden
JoStephenMay JoStephenMay
ThomasEssieEwing ThomasEssieEwing
JessicaChristopherHa JessicaChristopherHa
DeeAmandaBartley DeeAmandaBartley
KellyJohnnaOles KellyJohnnaOles
EdwardDennisStewart EdwardDennisStewart
JamesJordanZamora JamesJordanZamora
HeidiMayJohnson HeidiMayJohnson
CynthiaConnieWright CynthiaConnieWright
PerryJamesBennett PerryJamesBennett
ElmerDemetriusLark ElmerDemetriusLark
KevinThomasHiggins KevinThomasHiggins
MarkAngelaMccloud MarkAngelaMccloud
ElishaMaryWojcik
