SueJosephGarza ElsieJosephPhelps LillieKathleenCervan PhyllisJackWilson MaryLindaKirkland LeroySandraLewis LauraPhilipWinkler KevinHaroldCyr KarenErmaJensen PaulShaneSoldner KennethShannonGardel CrystalShermanVida ChristinaDanaGrant AnnaKyleChang BrianLuzArce WilburnDavidMiller LucyBennyHaag MariaChristopherCast JessicaJohnSpells PamelaPageBullock JohnJoseJudd FranciscoFrancesHarr WilliamGeorgeWilliam LuisHelenHughes AlfredaKirstenMartin DonaldDoloresKelly JamesJaredGonzalez PatriciaBernardBrock MarianLuluDiaz NathanKevinCorathers MelindaKennethAzar ThomasAnnieRuiz JustinJavierToure SueCourtneyOsgood PaulEvanRichard DarnellAliciaPeters HaleyKyleMurphy JohnDustinKenny HaleyKyleMurphy OllieGeorgeSova ThomasLauraGray AshleyWilliamClarke IraJimmyYang SueJosephGarza
42
SueJosephGarza
ElsieJosephPhelps ElsieJosephPhelps
LillieKathleenCervan LillieKathleenCervan
PhyllisJackWilson PhyllisJackWilson
MaryLindaKirkland MaryLindaKirkland
LeroySandraLewis LeroySandraLewis
LauraPhilipWinkler LauraPhilipWinkler BrianRolandAli
KevinHaroldCyr KevinHaroldCyr
KarenErmaJensen KarenErmaJensen
PaulShaneSoldner PaulShaneSoldner
KennethShannonGardel KennethShannonGardel
CrystalShermanVida CrystalShermanVida
ChristinaDanaGrant ChristinaDanaGrant
AnnaKyleChang AnnaKyleChang
BrianLuzArce BrianLuzArce
WilburnDavidMiller WilburnDavidMiller
LucyBennyHaag LucyBennyHaag
MariaChristopherCast MariaChristopherCast
JessicaJohnSpells JessicaJohnSpells
PamelaPageBullock PamelaPageBullock
JohnJoseJudd JohnJoseJudd
FranciscoFrancesHarr FranciscoFrancesHarr
WilliamGeorgeWilliam WilliamGeorgeWilliam
LuisHelenHughes LuisHelenHughes
AlfredaKirstenMartin AlfredaKirstenMartin
DonaldDoloresKelly DonaldDoloresKelly
JamesJaredGonzalez JamesJaredGonzalez
PatriciaBernardBrock PatriciaBernardBrock
MarianLuluDiaz MarianLuluDiaz
NathanKevinCorathers NathanKevinCorathers
MelindaKennethAzar MelindaKennethAzar
ThomasAnnieRuiz ThomasAnnieRuiz
JustinJavierToure
SueCourtneyOsgood SueCourtneyOsgood
PaulEvanRichard PaulEvanRichard
DarnellAliciaPeters DarnellAliciaPeters
HaleyKyleMurphy
JohnDustinKenny JohnDustinKenny
OllieGeorgeSova OllieGeorgeSova
ThomasLauraGray
AshleyWilliamClarke AshleyWilliamClarke
IraJimmyYang IraJimmyYang
