SusanneJohnBerrios LaquitaJohnBrunette MattieBarbaraEkstrom SpencerCourtneyBroth DougHelenHornbeck MaryFrankieWomack GarryDavidKingery StephanieAaronWalker RalphClydeMills JorgeHeatherSamuels HarryNeilFranklin JuliaMollieHernandez DorothyDavidStromme JuliaLindaGordon ClaudiaDavidTaylor JuanDebbieAllen MonteMonicaLum JuanDebbieAllen DinahCatherineFaulkn AntonioGeraldBaker FernandoLindaWatson WendellKristenBise RubyLelandCollard DouglasRobertFerkovi SusanneJohnBerrios
23
SusanneJohnBerrios
LaquitaJohnBrunette LaquitaJohnBrunette
MattieBarbaraEkstrom MattieBarbaraEkstrom
SpencerCourtneyBroth SpencerCourtneyBroth
DougHelenHornbeck DougHelenHornbeck
MaryFrankieWomack MaryFrankieWomack
GarryDavidKingery GarryDavidKingery
StephanieAaronWalker StephanieAaronWalker
RalphClydeMills RalphClydeMills
JorgeHeatherSamuels JorgeHeatherSamuels
HarryNeilFranklin HarryNeilFranklin
JuliaMollieHernandez JuliaMollieHernandez
DorothyDavidStromme DorothyDavidStromme
JuliaLindaGordon JuliaLindaGordon
ClaudiaDavidTaylor ClaudiaDavidTaylor
JuanDebbieAllen JuanDebbieAllen
MonteMonicaLum MonteMonicaLum
DinahCatherineFaulkn DinahCatherineFaulkn
AntonioGeraldBaker AntonioGeraldBaker
FernandoLindaWatson FernandoLindaWatson
WendellKristenBise
RubyLelandCollard RubyLelandCollard
DouglasRobertFerkovi DouglasRobertFerkovi
