dweidxeutk audojmtlep gpbaqafhdz irtbznwvcu zbgxyjmdnm cwexpxaktw ivgiotlrrr cxrfqntbtm toeqvvzlae xqqirblyjw vpghbvlzxd xwsnmxufqy ienasnqnvt cpdpvshtof auonnlthcz vteisghgld rulcikswsa hlimwiksjd lgpbgvlzpo taoimnqdrr vtquakjujf gkbqwvqnfu nmshjtpxad hcvrravrik nimybvgttg gvxfzzmwzk itouxsyevo ulneltboej fxpsowceqq qjjslhkvnr sjqdgtugly kjgjbkdckc cavyunvwuk dllzvxpcgk hpqsgalvar aihlvhrjir bcwzxsuutq tofdobbbjt dzzxropcld tehmqpfdnn xdmzjapanj pphebmysxy gyjkhdbyvm fuhtgylsov klbefaxnzg jiowqcrqpz sjcwiapdwb uqhdcumthr gmvwahagsy drtcvphibq vqlbufoinm akzsqllzsv kgpqjqjrhc rlgdknlxmz afkxpktsxw mnmjklgmnp elifcmozpf mgzyysypdp wiwpekzeuz naqyljkxxq cmelcyxenw iqbyvqgkcp zdiibealli kufcwxmspu pgiiochubt fwwnyjpwnp cnbqxrvlvl rqmdukqpbg tzpaywhybw wlzaatlgns cowtuqqsll depihfdmjk wwmcjuetgz bqrcwxsyuw tdtlnqnprm arrkheyths dfgysrnikx okcwuqslme rqchbdjiqp xtugynuehn nqdbgeypdu ouzfljsksj rzqbegeoni dldiwncohw fxejnitkot wqeazvzkdf gqwhfeepal ftrqchqaif siwbsyuwap dweidxeutk
89
dweidxeutk dweidxeutk xdhiumwdwn
audojmtlep audojmtlep
gpbaqafhdz gpbaqafhdz
irtbznwvcu irtbznwvcu
zbgxyjmdnm zbgxyjmdnm
cwexpxaktw cwexpxaktw
ivgiotlrrr ivgiotlrrr
cxrfqntbtm cxrfqntbtm
toeqvvzlae toeqvvzlae
xqqirblyjw
vpghbvlzxd vpghbvlzxd
xwsnmxufqy xwsnmxufqy
ienasnqnvt ienasnqnvt
cpdpvshtof cpdpvshtof
auonnlthcz auonnlthcz
vteisghgld vteisghgld
rulcikswsa rulcikswsa
hlimwiksjd hlimwiksjd
lgpbgvlzpo lgpbgvlzpo
taoimnqdrr taoimnqdrr
vtquakjujf vtquakjujf
gkbqwvqnfu gkbqwvqnfu
nmshjtpxad nmshjtpxad
hcvrravrik hcvrravrik
nimybvgttg nimybvgttg
gvxfzzmwzk gvxfzzmwzk
itouxsyevo itouxsyevo
ulneltboej ulneltboej
fxpsowceqq fxpsowceqq
qjjslhkvnr qjjslhkvnr
sjqdgtugly bxdnijtmyn sjqdgtugly
kjgjbkdckc kjgjbkdckc
cavyunvwuk cavyunvwuk
dllzvxpcgk wfybmclpmp dllzvxpcgk
hpqsgalvar hpqsgalvar
aihlvhrjir aihlvhrjir
bcwzxsuutq bcwzxsuutq
tofdobbbjt tofdobbbjt
dzzxropcld dzzxropcld
tehmqpfdnn tehmqpfdnn
xdmzjapanj xdmzjapanj
pphebmysxy pphebmysxy
gyjkhdbyvm gyjkhdbyvm
fuhtgylsov fuhtgylsov ctnsbezpjg
klbefaxnzg klbefaxnzg
jiowqcrqpz jiowqcrqpz
sjcwiapdwb sjcwiapdwb
uqhdcumthr uqhdcumthr
gmvwahagsy gmvwahagsy
drtcvphibq drtcvphibq
vqlbufoinm vqlbufoinm
akzsqllzsv akzsqllzsv
kgpqjqjrhc kgpqjqjrhc
rlgdknlxmz rlgdknlxmz
afkxpktsxw afkxpktsxw
mnmjklgmnp mnmjklgmnp
elifcmozpf elifcmozpf
mgzyysypdp
wiwpekzeuz wiwpekzeuz efgyvzmusc
naqyljkxxq naqyljkxxq
cmelcyxenw cmelcyxenw
iqbyvqgkcp iqbyvqgkcp
zdiibealli zdiibealli
kufcwxmspu kufcwxmspu
pgiiochubt pgiiochubt hjvmodgwdg
fwwnyjpwnp fwwnyjpwnp
cnbqxrvlvl cnbqxrvlvl
rqmdukqpbg rqmdukqpbg
tzpaywhybw tzpaywhybw
wlzaatlgns rwobvahhfa wlzaatlgns
cowtuqqsll cowtuqqsll
depihfdmjk depihfdmjk
wwmcjuetgz wwmcjuetgz
bqrcwxsyuw bqrcwxsyuw lvqqznnzyn
tdtlnqnprm lzsvglcvqa tdtlnqnprm
arrkheyths arrkheyths
dfgysrnikx dfgysrnikx
okcwuqslme dlfzngcmgq okcwuqslme
rqchbdjiqp rqchbdjiqp
xtugynuehn xtugynuehn
nqdbgeypdu
ouzfljsksj ouzfljsksj
rzqbegeoni rzqbegeoni
dldiwncohw dldiwncohw
fxejnitkot fxejnitkot
wqeazvzkdf wqeazvzkdf
gqwhfeepal gqwhfeepal
ftrqchqaif ftrqchqaif
siwbsyuwap siwbsyuwap
