qgyqjgwlbh fnlmocuczk hnnlwliezo ajjekwybql wegckoctcp npffaineub iznialmand bvwklxlwsa gqulqjeire czgfnbovhq stxmhuffri lpopityrof hqvifzhbmo smlsmfgyxa sngqmldfxu cynraykzum hrbvyznkmd dzokhkbjld atkqvymdax rzgfaqookt gdtsmzpvig kmwsevkfov tjcamfqmxd ysndikwwgh xpcqolcpnf lgwqodunqt bzcpozsody sqlbmrxpwv wmeeitskjx djtmyhmwnn kgewtltijq hpbkyqcejb yfvfzingng aruweadnpf vvurcgizpo somaaudaxm feggaeevcb bnfhxmjqzg tdqzbpmftq sthbsdqlwm ntlhpzyidk sgizgtdhhn tvrzrioagg fdbzjhgcmh cddppqxsmb qlieaqyzel qgyqjgwlbh
46
qgyqjgwlbh
fnlmocuczk fnlmocuczk
hnnlwliezo hnnlwliezo
ajjekwybql ajjekwybql
wegckoctcp wegckoctcp
npffaineub fwzkdpfinn npffaineub
iznialmand iznialmand
bvwklxlwsa bvwklxlwsa
gqulqjeire gqulqjeire
czgfnbovhq czgfnbovhq
stxmhuffri stxmhuffri
lpopityrof lpopityrof
hqvifzhbmo hqvifzhbmo
smlsmfgyxa smlsmfgyxa hyficezvgi
sngqmldfxu sngqmldfxu
cynraykzum cynraykzum
hrbvyznkmd hrbvyznkmd
dzokhkbjld
atkqvymdax atkqvymdax
rzgfaqookt rzgfaqookt
gdtsmzpvig gdtsmzpvig
kmwsevkfov kmwsevkfov
tjcamfqmxd tjcamfqmxd
ysndikwwgh ysndikwwgh
xpcqolcpnf xpcqolcpnf
lgwqodunqt lgwqodunqt
bzcpozsody bzcpozsody uyirsvqblu
sqlbmrxpwv sqlbmrxpwv
wmeeitskjx wmeeitskjx
djtmyhmwnn djtmyhmwnn
kgewtltijq kgewtltijq
hpbkyqcejb hpbkyqcejb
yfvfzingng yfvfzingng
aruweadnpf aruweadnpf
vvurcgizpo vvurcgizpo
somaaudaxm somaaudaxm
feggaeevcb feggaeevcb
bnfhxmjqzg bnfhxmjqzg
tdqzbpmftq tdqzbpmftq
sthbsdqlwm sthbsdqlwm
ntlhpzyidk ntlhpzyidk
sgizgtdhhn sgizgtdhhn culutarzsm
tvrzrioagg tvrzrioagg
fdbzjhgcmh fdbzjhgcmh
cddppqxsmb cddppqxsmb
qlieaqyzel qlieaqyzel
