Place0 Place120 Place185 Place80 Place164 Place24 Place42 Place56 Place33 Place79 Place82 Place124 Place163 Place21 Place186 Place25 Place155 Place128 Place129 Place96 Place153 Place74 Place171 Place140 Place71 Place81 Place125 Place146 Place28 Place8 Place176 Place174 Place199 Place83 Place118 Place41 Place147 Place50 Place108 Place18 Place47 Place6 Place100 Place57 Place59 Place98 Place150 Place197 Place137 Place75 Place76 Place45 Place20 Place7 Place142 Place115 Place114 Place32 Place1 Place198 Place172 Place168 Place156 Place16 Place152 Place58 Place135 Place116 Place10 Place97 Place77 Place110 Place107 Place3 Place190 Place13 Place112 Place148 Place178 Place27 Place151 Place166 Place72 Place181 Place127 Place39 Place86 Place196 Place106 Place104 Place26 Place68 Place145 Place175 Place117 Place55 Place95 Place182 Place23 Place144 Place0
100
Place0
Place120 Place120
Place185 Place185
Place80 Place80
Place164 Place164
Place24 Place24
Place42 Place42
Place56 Place56
Place33 Place33
Place79 Place79
Place82 Place82
Place124 Place124
Place163 Place163
Place21 Place21
Place186 Place186
Place25 Place25
Place155 Place155
Place128 Place128
Place129 Place129
Place96 Place96
Place153 Place153
Place74 Place74
Place171 Place171
Place140 Place140
Place71 Place71
Place81 Place81
Place125 Place125
Place146 Place146
Place28 Place28
Place8 Place8
Place176 Place176
Place174 Place174
Place199 Place199
Place83 Place83
Place118 Place118
Place41 Place41
Place147 Place147
Place50 Place50
Place108 Place108
Place18 Place18
Place47 Place47
Place6 Place6
Place100 Place100
Place57 Place57
Place59 Place59
Place98 Place98
Place150 Place150
Place197 Place197
Place137 Place137
Place75 Place75
Place76 Place76
Place45 Place45
Place20 Place20
Place7 Place7
Place142 Place142
Place115 Place115
Place114 Place114
Place32 Place32
Place1 Place1
Place198 Place198
Place172 Place172
Place168 Place168
Place156 Place156
Place16 Place16
Place152 Place152
Place58 Place58
Place135 Place135
Place116 Place116
Place10 Place10
Place97 Place97
Place77 Place77
Place110 Place110
Place107 Place107
Place3 Place3
Place190 Place190
Place13 Place13
Place112 Place112
Place148 Place148
Place178 Place178
Place27 Place27
Place151 Place151
Place166 Place166
Place72 Place72
Place181 Place181
Place127 Place127
Place39 Place39
Place86 Place86
Place196 Place196
Place106 Place106
Place104 Place104 Place139
Place26 Place26
Place68 Place68
Place145 Place145
Place175 Place175
Place117 Place117
Place55 Place55
Place95 Place95
Place182 Place182
Place23 Place23
Place144 Place144
