Egsmith Barnton Ashbourne Barnton Wychbourne Cookford Chelmbeck Flitgrove Sudtree Leathermere Sudtree Wenwold Stainby Brackbrough Wenbeck Watchcombe Pemlow Sudwich Wetwick Nortley Stainbrough Egtree Chelmden Egtree Wychnell Burfield Wywick Wychbeck Staplake Penborne Shaftbridge Watchavon Alfchester Wenside Waltditch Wenside Burbourne Sodey Egavon Shaftbage Edgey Hurstlow Chelmwang Wychsmith Farnsmith Cookford Wychbourne Barnton Ashbourne Stapbeck Ashbourne Barnton Egsmith
42
Egsmith
Barnton Barnton
Ashbourne Ashbourne
Wychbourne Wychbourne
Cookford Cookford
Chelmbeck Chelmbeck
Flitgrove Flitgrove
Sudtree Sudtree
Leathermere Leathermere
Wenwold Wenwold
Stainby Stainby
Brackbrough Brackbrough
Wenbeck Wenbeck
Watchcombe
Pemlow Pemlow
Sudwich
Wetwick Wetwick
Nortley Nortley
Stainbrough Stainbrough
Egtree Egtree
Chelmden Chelmden
Wychnell Wychnell
Burfield
Wywick Wywick
Wychbeck Wychbeck
Staplake Staplake
Penborne Penborne
Shaftbridge Shaftbridge
Watchavon
Alfchester Alfchester
Wenside Wenside
Waltditch Waltditch
Burbourne Burbourne
Sodey
Egavon Egavon
Shaftbage Ashdown Shaftbage
Edgey Edgey
Hurstlow
Chelmwang Chelmwang
Wychsmith Wychsmith
Farnsmith Farnsmith
Stapbeck Stapbeck
