Chelmbourne Shaftwich Chelmbourne Edgwich Staintree Elgrove Wenborough Prestey Enbage Flitham Kingsley Flitham Shrivlow Barnden Rocktree Whitborough Horndown Whitborough Rocktree Staflow Cleredon Staflow Bursted Staflow Rocktree Cookbridge Rocktree Wenden Kingsbrook Dartsted Clerethorne Barnside Clerethorne Stapthorne Stapmoor Barnham Alfcastle Egborne Cookton Hornley Pemwold Melborne Egcastle Nortcastle Whitavon Elside Alfby Leatherlake Alfby Leatherlow Bracklow Pemwood Sodside Brainbridge Stapwell Stafthorne Waltbrook Enlow Maidenden Hartbage Barngrove Prestdon Stainden Casford Alfwell Marlton Alfwell Aldhall Alfwell Marlton Stapwold Wenwang Sudworth Wenwang Edgchester Horncester Enbage Stainside Whitover Stainhall Southmere Shrivside Burchester Hurstworth Rocktree Barnden Durditch Barnden Rocktree Staflow Cleredon Wyhead Cleredon Staflow Elgrove Chelmbourne
71
Chelmbourne
Shaftwich Shaftwich
Edgwich Edgwich
Staintree Staintree
Elgrove Elgrove
Wenborough Wenborough
Prestey Sudwich Prestey
Enbage Enbage
Flitham Flitham
Kingsley Kingsley
Shrivlow Shrivlow
Barnden
Rocktree Rocktree
Whitborough Whitborough
Horndown Horndown
Staflow Staflow
Cleredon Cleredon
Bursted Bursted
Cookbridge Cookbridge
Wenden Wenden
Kingsbrook
Dartsted Dartsted
Clerethorne
Barnside Barnside
Stapthorne Stapthorne
Stapmoor Stapmoor
Barnham Barnham
Alfcastle
Egborne Egborne
Cookton Cookton
Hornley Hornley
Pemwold Pemwold
Melborne
Egcastle Egcastle
Nortcastle
Whitavon Whitavon
Elside Elside
Alfby Alfby
Leatherlake Leatherlake
Leatherlow Leatherlow
Bracklow Bracklow
Pemwood Pemwood
Sodside Sodside
Brainbridge Brainbridge
Stapwell Stapwell
Stafthorne
Waltbrook Waltbrook
Enlow Enlow
Maidenden
Hartbage Hartbage
Barngrove
Prestdon Prestdon
Stainden
Casford Casford
Alfwell Alfwell
Marlton Marlton
Aldhall Aldhall
Stapwold
Wenwang Wenwang
Sudworth Sudworth
Edgchester Edgchester
Horncester Horncester
Stainside Stainside
Whitover Whitover
Stainhall Stainhall
Southmere Southmere
Shrivside Shrivside
Burchester
Hurstworth Hurstworth
Durditch Durditch
Wyhead Wyhead
