Whithampton Elmcastle Dartgrove Elmcastle Hornover Chelmby Wettree Meley Shrivport Ashwell Hurstlow Clereby Hurstford Winton Stainton Maidensted Rockhampton Shaftshot Sudbourne Shaftshot Rockhampton Sodworth Elmcastle Whithampton
19
Whithampton
Elmcastle Elmcastle
Dartgrove Dartgrove
Hornover Whitwood Hornover
Chelmby Chelmby
Wettree Wettree
Meley
Shrivport Shrivport
Ashwell Ashwell
Hurstlow
Clereby Clereby
Hurstford Hurstford
Winton Winton
Stainton
Maidensted Maidensted
Rockhampton
Shaftshot
Sudbourne Sudbourne
Sodworth Sodworth
