pta pjx ifc fsl sfp zgs qtq uxr wuc npu zgf cnv xmz wpq rwt ahv krg kza krg udq tmc udq unk pxs unk udq pwa thz txk rod zye ooi xax fgo bai egz vub egz gak qjm bwq qyi qls qlo cpw lfh spp lfh rxi hhe zbn vaf ase itg jxq ayw vsu wuf rcs ifc plx tvy qnn uca llr lah xos lah mnv qbj dkn qbj rut yiz ili bsz iuz nfy tnl nfy art ooc brk hxp fne wiq fne nhr viv tro wpo htv eqm htv wpo mbx idl ukh hxo yvu uwp rju ahy thd jno thd ahy xdz wju uoz qbe qfc ynq orc nhk unf vlt ptq orc hpb zqn cxu qoe nkx fib gup fib zqn cjp egz lxt pta
112
pta pta
pjx pjx
ifc ifc
fsl fsl
sfp sfp
zgs zgs
qtq qtq
uxr uxr
wuc wuc
npu npu
zgf zgf
cnv cnv
xmz
wpq wpq
rwt rwt
ahv ahv
krg krg
kza kza
udq udq
tmc tmc
unk
pxs pxs
pwa pwa
thz thz
txk txk
rod rod
zye
ooi ooi
xax xax
fgo fgo
bai bai
egz egz
vub vub
gak gak
qjm qjm
bwq lnv
qyi
qls qls
qlo qlo
cpw cpw
lfh lfh
spp spp
rxi rxi
hhe hhe
zbn zbn
vaf vaf
ase ase
itg itg
jxq
ayw
vsu vsu
wuf wuf
rcs
plx plx
tvy
qnn qnn
uca uca
llr
lah lah
xos xos
mnv mnv
qbj qbj
dkn dkn
rut rut
yiz yiz
ili ili
bsz bsz
iuz iuz
nfy nfy
tnl tnl
art
ooc ooc
brk brk
hxp hxp
fne
wiq wiq
nhr nhr slq
viv viv
tro tro tmd
wpo
htv htv jta
eqm eqm
mbx mbx
idl idl
ukh ukh
hxo hxo
yvu
uwp uwp
rju rju
ahy ahy
thd thd
jno jno
xdz xdz
wju wju
uoz uoz
qbe qbe
qfc qfc
ynq ynq
orc pkx orc
nhk nhk
unf
vlt vlt
ptq ptq
hpb hpb
zqn zqn
cxu cxu
qoe
nkx nkx
fib
gup gup
cjp cjp
lxt lxt
