Addison Shasta Columbia Byron Allston Solano Eunice Lewiston Edith Wheeler Marin Greenwood Heinz Greenwood Marin Madera Forest Ajax Haskell Bowditch Fresno Center Bataan Bret Vermont Bristol Keeler Pardee Yolo Martin Yolo Soda Browning Kenilworth Bret Poppy Arch Anne Haviland Belrose Menlo Colusa Fulton Colusa Menlo Burnett Menlo Bancroft Cutter Muir Florida Amador High Kentucky Haste Acacia Domingo Tulare Summit Mabel Spring Comstock Spring Poplar Keeler Bristol Hospital Mabel Terrace Jones Addison
59
Addison Addison
Shasta Shasta
Columbia Columbia
Byron Byron
Allston Allston
Solano
Eunice Eunice
Lewiston Lewiston
Edith Edith
Wheeler
Marin Marin
Greenwood Greenwood
Heinz Heinz
Madera Madera
Forest Forest
Ajax Ajax
Haskell Haskell
Bowditch Bowditch
Fresno Fresno
Center
Bataan Bataan
Bret Bret
Vermont Vermont
Bristol Bristol
Keeler Keeler
Pardee Pardee
Yolo
Martin Martin
Soda
Browning Browning
Kenilworth Kenilworth
Poppy Poppy
Arch Arch
Anne Anne
Haviland Haviland
Belrose Belrose
Menlo Menlo
Colusa Colusa
Fulton Fulton
Burnett Burnett
Bancroft Bancroft
Cutter Cutter
Muir Muir
Florida Florida
Amador
High High
Kentucky
Haste Haste
Acacia
Domingo Domingo
Tulare
Summit Summit
Mabel Mabel Overlook
Spring Spring
Comstock Comstock
Poplar Poplar
Hospital Hospital
Terrace Terrace
Jones
