AA GF CW FM HF GC AT EQ AV EM ES GD CS GX FS DQ CE AX GS BK AM DK AD BZ AK HR FX AJ BM FT EY EX DS EK FO EK CO CB EN FV EN CF DN ER HM FY EZ FY HM FN HM EG DV HC FJ CC GN BA DP GK AU BG DI GP DF GA CL GQ FP EL FP BE EJ DC BC DZ DM FG CA GH AC BV CK CG CM BT CM HH EE AW HD HB GO AF AG DE AO DP BO AZ BN FI EM HO HP CI BQ EW GM ET FR GZ CT FB GR ED DH AP AA
109
AA
GF GF
CW CW
FM FM
HF HF
GC GC
AT AT
EQ
AV AV
EM EM
ES ES
GD GD
CS CS
GX GX
FS FS
DQ DQ
CE
AX AX
GS GS
BK BK
AM AM
DK DK
AD AD
BZ BZ
AK AK
HR HR
FX
AJ AJ DB
BM BM
FT FT
EY EY
EX EX
DS
EK EK
FO FO
CO CO
CB CB
EN EN
FV FV
CF CF
DN DN
ER DA ER
HM
FY FY
EZ EZ
FN FN
EG EG
DV BF
HC HC
FJ FJ
CC CC
GN GN
BA BA
DP DP
GK GK
AU AU
BG BG
DI CU DI
GP GP
DF DF
GA GA
CL CL
GQ GQ
FP FP
EL EL
BE BE
EJ EJ
DC DC
BC BC
DZ DZ
DM DM
FG DU
CA CA
GH
AC FU
BV BV
CK CK
CG CG
CM
BT BT
HH HH
EE EE
AW AW
HD HD
HB HB
GO GO
AF AF
AG AG
DE DE
AO
BO BO
AZ AZ
BN BN
FI FI
HO HO
HP HP
CI CI
BQ BQ
EW EW
GM
ET ET
FR FR
GZ GZ
CT CT
FB
GR GR
ED
DH DH
AP EO
