AA AK CK DL BL DG CC AT AN DE CV CZ CR AV BP BT AL BQ BD CG CP DV CD DV BK DQ AI AR AX BM AO AS BS DT DD AF DF BE DF DB BU BO AH BX DM BY CN CB CY DO CY CT DC BW CO BI DA CL DA AE AN AA
56
AA AA
AK
CK CK
DL DL
BL BL
DG
CC CC
AT
AN AN
DE AJ DE
CV CV
CZ CZ
CR CR
AV AV
BP BP
BT
AL AL
BQ BQ
BD BD
CG CG
CP CP
DV DV
CD CD
BK BK
DQ DQ
AI AI
AR AR
AX AX
BM
AO AO
AS AS
BS BS
DT DT
DD DD
AF AF
DF
BE BE
DB DB
BU BU CJ
BO BO
AH AH
BX BX
DM DM
BY
CN CN
CB
CY CY
DO DO
CT CT
DC DC
BW BW
CO CO
BI BI
DA BJ
CL CL
AE AE
