0 5 2 11 17 19 22 29 32 33 30 35 49 45 70 61 67 71 74 86 89 90 79 97 107 104 121 108 134 128 136 138 140 143 144 150 156 157 162 168 174 172 178 177 183 190 188 194 195 196 198 3 0
52
0 14
5 5
2 2
11 11
17 17
19 19
22 22
29 29
32 32
33 33
30 30
35 35
49 49
45 45
70 70
61 61
67 67
71 71
74 74
86 86
89 89
90 90
79 79
97 97
107 107
104 104
121 121
108 108
134 134
128 128
136 136
138 138
140 140
143 143
144 144
150 150
156 156
157 157
162 162
168 168
174 174
172 172
178 178
177 177
183 183
190 190
188 188
194 194
195 195
196 196
198 198
3
