Egbertree Emsham Burrerchester Skelhampton Elmey Watchwang Todderbrough Ciringsmith Rotling Ketley Marlseybrough Clerelow Blanhead Shaftgrove Soddleney Egginghall Egmansdown Reddledenthorne Emsling Camborough Cleremere Fulover Worborough Candlesstanling Falrensbury Chipmerbrook Leatherlow Tipdown Sidensmith Tipdown Leatherlow Chipmerbrook Candlesstanling Worborough Fulover Cleremere Camborough Emsling Egmansdown Egginghall Soddleney Shaftgrove Blanhead Clerelow Ketley Rotling Ciringsmith Todderbrough Watchwang Elmey Burrerchester Emsham Egbertree
29
Egbertree Bootherlow
Emsham
Burrerchester
Skelhampton Skelhampton
Elmey
Watchwang
Todderbrough Todderbrough
Ciringsmith Ciringsmith
Rotling
Ketley
Marlseybrough Marlseybrough
Clerelow
Blanhead
Shaftgrove Shaftgrove
Soddleney Soddleney
Egginghall
Egmansdown
Reddledenthorne Reddledenthorne
Emsling
Camborough
Cleremere Cleremere
Fulover Fulover
Worborough
Candlesstanling
Falrensbury Falrensbury
Chipmerbrook
Leatherlow
Tipdown Tipdown
Sidensmith Sidensmith
