Cleresmith Whitby Bothensborough Sodmersmith Chedlake Ketterwold Milditch Wydon Edgney Basfield Whitseyborough Todderworth Warrerbage Durblechester Dribbasborne Hanworth Ellingey Sunderbrough Chillerlow Eggerrensling Hannerworth Waltcombe Dribbinggrove Cheddlesport Pendton Elfield Warblesdown Wolvingrethorne Cammingbury Blanden Egwood Skelcastle Cannerrebeck Ciside Hartrenslow Cammenenwich Enderavon Pemhampton Reddenwell Suddlebrough Pendingstoke Stainsdenwold Reddentree Ashworth Cannenringwell Elmsbrook Chilcompcester Hanscombe Watchmanshead Chippenden Camsdenden Rockhead Bootworth Dribbingenborne Dribside Wendlemerford Hamditch Wetley Hamditch Wendlemerford Dribside Dribbingenborne Bootworth Rockhead Camsdenden Chippenden Watchmanshead Hanscombe Chilcompcester Elmsbrook Cannenringwell Ashworth Stainsdenwold Pendingstoke Suddlebrough Reddenwell Pemhampton Enderavon Hartrenslow Ciside Cannerrebeck Skelcastle Egwood Blanden Cammingbury Wolvingrethorne Warblesdown Elfield Pendton Cheddlesport Dribbinggrove Waltcombe Hannerworth Eggerrensling Chillerlow Sunderbrough Hanworth Dribbasborne Durblechester Warrerbage Todderworth Whitseyborough Edgney Wydon Milditch Ketterwold Chedlake Sodmersmith Bothensborough Whitby Cleresmith
58
Cleresmith Warringwood
Whitby
Bothensborough Chippingwood
Sodmersmith
Chedlake
Ketterwold Ketterwold
Milditch Milditch
Wydon
Edgney
Basfield Basfield
Whitseyborough
Todderworth
Warrerbage Warrerbage
Durblechester Durblechester
Dribbasborne
Hanworth
Ellingey Ellingey
Sunderbrough
Chillerlow
Eggerrensling Eggerrensling
Hannerworth Hannerworth
Waltcombe
Dribbinggrove Pendrenslake
Cheddlesport
Pendton
Elfield Elfield
Warblesdown Warblesdown
Wolvingrethorne
Cammingbury Soddenreey
Blanden
Egwood
Skelcastle Skelcastle
Cannerrebeck Cannerrebeck
Ciside
Hartrenslow
Cammenenwich Cammenenwich
Enderavon
Pemhampton
Reddenwell Reddenwell
Suddlebrough Suddlebrough
Pendingstoke
Stainsdenwold
Reddentree Reddentree
Ashworth
Cannenringwell
Elmsbrook Elmsbrook
Chilcompcester Chilcompcester
Hanscombe
Watchmanshead
Chippenden Shrivden
Camsdenden
Rockhead Rockhead
Bootworth Bootworth
Dribbingenborne
Dribside
Wendlemerford Ribney
Hamditch
Wetley Wetley
