Wolney Horndleside Reddingringey Nortditch Sodditch Brombrough Hamwich Rotsted Wendlethorne Chipcester Ketthorne Southcompmere Bromwich Stapseyden Sistanwick Boothingtree Reddingbourne Edgfield Hannensworth Watchsmith Endlesthorne Boothingwick Rockdenport Hanbasside Bootherbersted Wendlerewick Dribbinglow Ribbendhead Toddlenell Blanavon Ennell Wolden Horslake Brackavon Wycombe Sundlecombe Chedcastle Basserchester Cannell Camsreborough Braindlemere Ellensbrough Eggermoor Cheddenwang Sudhead Wencester Windlesseywang Pendlesbascastle Endcastle Marlborne Pendlesford Whitborough Camhampton Emthorne Elmerdown Skelling Chilworth Wolbourne Braddlesreport Farnsmerbeck Hammingreport Camsmere Burglesbrook Soddlesbasbourne Braddleswick Sismith Clereshot Worringcompgrove Alddlesenbage Horndlehampton Falrensavon Suddingney Toddleborne Kettenwell Sundlesborne Staindlemansavon Chilmermere Penswick Tiphampton Ketworth Ciringover Aldlow Cammertree Candleseyney Elsmith Sudderbage Camsted Sirengrove Worglesmernell Sodham Durrenslow Flitcompwold Sunsseybrook Camtree Reddlesley Chippingchester Ribblesremoor Skellerbury Rothensden Wychringden Ensdown Chedwick Dribberbrough Melborne Camling Sudderwick Shaftport Falbaswood Siringbrook Leatherberlake Skellingbaswold Skellingmansgrove Elringlow Egwich Tippenside Chilhall Tippenside Egwich Skellingmansgrove Skellingbaswold Siringbrook Falbaswood Shaftport Sudderwick Camling Melborne Dribberbrough Chedwick Ensdown Wychringden Rothensden Skellerbury Ribblesremoor Chippingchester Reddlesley Camtree Sunsseybrook Flitcompwold Durrenslow Sodham Worglesmernell Sirengrove Camsted Sudderbage Elsmith Candleseyney Cammertree Aldlow Ciringover Ketworth Penswick Chilmermere Staindlemansavon Sundlesborne Kettenwell Toddleborne Suddingney Falrensavon Horndlehampton Alddlesenbage Worringcompgrove Clereshot Sismith Braddleswick Soddlesbasbourne Burglesbrook Camsmere Hammingreport Farnsmerbeck Braddlesreport Wolbourne Chilworth Skelling Elmerdown Camhampton Whitborough Pendlesford Marlborne Endcastle Pendlesbascastle Windlesseywang Wencester Sudhead Cheddenwang Eggermoor Ellensbrough Braindlemere Camsreborough Cannell Basserchester Chedcastle Sundlecombe Wycombe Brackavon Horslake Wolden Ennell Blanavon Toddlenell Ribbendhead Dribbinglow Wendlerewick Bootherbersted Hanbasside Rockdenport Boothingwick Endlesthorne Watchsmith Hannensworth Edgfield Boothingtree Sistanwick Stapseyden Bromwich Southcompmere Ketthorne Wendlethorne Rotsted Hamwich Brombrough Sodditch Nortditch Reddingringey Horndleside Wolney
116
Wolney Braindlemoor
Horndleside
Reddingringey Sodden
Nortditch
Sodditch
Brombrough Brombrough
Hamwich Hamwich
Rotsted
Wendlethorne
Chipcester Chipcester
Ketthorne
Southcompmere
Bromwich Bromwich
Stapseyden Stapseyden
Sistanwick
Boothingtree
Reddingbourne Reddingbourne
Edgfield
Hannensworth
Watchsmith Watchsmith
Endlesthorne Endlesthorne
Boothingwick
Rockdenport Hampenlake
Hanbasside
Bootherbersted
Wendlerewick Wendlerewick
Dribbinglow Dribbinglow
Ribbendhead
Toddlenell
Blanavon Egmanston
Ennell
Wolden Wolden
Horslake Horslake
Brackavon
Wycombe
Sundlecombe Meley
Chedcastle
Basserchester Basserchester
Cannell Cannell
Camsreborough
Braindlemere Endingey
Ellensbrough
Eggermoor
Cheddenwang Cheddenwang
Sudhead Sudhead
Wencester
Windlesseywang
Pendlesbascastle Cirercompsted
Endcastle
Marlborne Marlborne
Pendlesford Pendlesford
Whitborough
Camhampton
Emthorne Emthorne
Elmerdown
Skelling
Chilworth Chilworth
Wolbourne Wolbourne
Braddlesreport
Farnsmerbeck Marlringlake
Hammingreport
Camsmere
Burglesbrook Burglesbrook
Soddlesbasbourne Soddlesbasbourne
Braddleswick
Sismith
Clereshot Hammermere
Worringcompgrove
Alddlesenbage Alddlesenbage
Horndlehampton Horndlehampton
Falrensavon
Suddingney
Toddleborne Hannerley
Kettenwell
Sundlesborne Sundlesborne
Staindlemansavon Staindlemansavon
Chilmermere
Penswick
Tiphampton Tiphampton
Ketworth
Ciringover
Aldlow Aldlow
Cammertree Cammertree
Candleseyney
Elsmith Suddendwell
Sudderbage
Camsted
Sirengrove Sirengrove
Worglesmernell Worglesmernell
Sodham
Durrenslow
Flitcompwold Bootbeck
Sunsseybrook
Camtree Camtree
Reddlesley Reddlesley
Chippingchester
Ribblesremoor Worrersted
Skellerbury
Rothensden
Wychringden Wychringden
Ensdown Ensdown
Chedwick
Dribberbrough
Melborne Emsbrook
Camling
Sudderwick Sudderwick
Shaftport Shaftport
Falbaswood
Siringbrook
Leatherberlake Leatherberlake
Skellingbaswold
Skellingmansgrove
Elringlow Elringlow
Egwich
Tippenside
Chilhall Chilhall
