Hamsey Hannenmanswick Hamsling Ashborne Tipwick Cannerthorne Chedderrenswich Ciditch Stainbrough Ciditch Northall Ciditch Stainbrough Fulbourne Southbasport Elcompbridge Chiphead Pendingbrook Suddlecastle Pendingbrook Ketsmith Whitchester Siringwang Chedtree Burglebrough Sudsmith Elmansham Skelling Hammerringey Chelmstanwell Brackcompwang Chilbury Warfield Basringney Suddlecombe Ellingreham Suddlecombe Ashfield Millendon Windling Dribblewick Skellingden Barndberbrough Worhall Dribbingworth Leatherbleside Dribbingworth Bastleseyham Hammenshead Cicombe Falport Pendlewood Falport Botherseyworth Falport Soddlewick Cannerthorne Todtree Cambingstoke Wyborne Cammerrensmoor Suddleborne Ketport Ashfield Suddlecombe Chippingsted Suddlecombe Horstlescompstoke Wyborne Chedberdon Suddleover Abberhampton Hamsey
59
Hamsey
Hannenmanswick Hannenmanswick
Hamsling Hamsling
Ashborne Ashborne
Tipwick Tipwick
Cannerthorne
Chedderrenswich Chedderrenswich
Ciditch
Stainbrough Worberbrook Stainbrough
Northall Northall
Fulbourne
Southbasport Southbasport
Elcompbridge
Chiphead Chiphead
Pendingbrook Pendingbrook
Suddlecastle Suddlecastle
Ketsmith
Whitchester Whitchester
Siringwang Siringwang
Chedtree Chedtree
Burglebrough Burglebrough
Sudsmith Sudsmith
Elmansham Elmansham
Skelling Skelling
Hammerringey Hammerringey
Chelmstanwell Chelmstanwell
Brackcompwang Brackcompwang
Chilbury Chilbury
Warfield Warfield
Basringney Basringney
Suddlecombe Suddlecombe
Ellingreham Ellingreham
Ashfield Ashfield
Millendon Millendon
Windling Windling
Dribblewick
Skellingden Skellingden
Barndberbrough Barndberbrough
Worhall Worhall
Dribbingworth Dribbingworth
Leatherbleside Leatherbleside
Bastleseyham Bastleseyham
Hammenshead
Cicombe Cicombe
Falport Falport
Pendlewood Pendlewood
Botherseyworth Botherseyworth
Soddlewick Soddlewick
Todtree Todtree
Cambingstoke Cambingstoke
Wyborne Wyborne
Cammerrensmoor Cammerrensmoor
Suddleborne Suddleborne
Ketport Ketport
Chippingsted Chippingsted
Horstlescompstoke Horstlescompstoke
Chedberdon
Suddleover Suddleover
Abberhampton
