Pemstree Skelgrove Warrewick Skelgrove Shaftthorne Camhampton Enderton Leatherblesley Botherstanport Prestbourne Elbage Cimansbrough Wendleslake Boothenrensborough Candlesdon Boothenrensborough Wendleslake Stafdenbourne Chipsted Chipfield Cammercastle Chipfield Hamsbourne Sundlechester Camsborne Rocklow Suddlebaschester Chilringfield Rotmerby Sunderborough Ciley Sunderborough Rotmerby Chilringfield Egginglow Sodderrenshead Leatherblesley Camswich Leatherblesley Botherstanport Wolvencester Botherstanport Prestbourne Skelgrove Shaftthorne Camhampton Hartberbury Camhampton Enderton Dribstoke Endbeck Melshot Endbeck Dribstoke Enderton Leatherblesley Botherstanport Pemstree
35
Pemstree
Skelgrove
Warrewick Warrewick
Shaftthorne Shaftthorne Sudbage
Camhampton Camhampton
Enderton Enderton
Leatherblesley Leatherblesley
Botherstanport
Prestbourne Prestbourne
Elbage
Cimansbrough Cimansbrough
Wendleslake
Boothenrensborough Boothenrensborough
Candlesdon Candlesdon
Stafdenbourne
Chipsted Chipsted
Chipfield Chipfield Hamperrehampton
Cammercastle Cammercastle
Hamsbourne
Sundlechester Sundlechester
Camsborne
Rocklow Rocklow
Suddlebaschester
Chilringfield Chilringfield
Rotmerby Rotmerby
Sunderborough Sunderborough
Ciley Ciley
Egginglow
Sodderrenshead Sodderrenshead
Camswich Camswich
Wolvencester Wolvencester
Hartberbury Hartberbury
Dribstoke
Endbeck
Melshot Melshot
