Horsmere Rothingcombe Milthorne Whitringlake Sundendford Chedworth Sundendford Boothingchester Wycastle Boothingchester Ellerbridge Sodberling Whitgrove Dribblecombe Bursmith Hampingworth Worford Rotherlow Worford Falderseythorne Durbrook Wychchester Prestwick Sundcompney Ketnell Toddenmoor Ketnell Chelmdenmoor Southmere Ribberrenston Farnditch Abglewold Wychditch Rothendcombe Bastlebury Emmerley Tippendham Watchlake Ketchester Watchlake Tippingbage Bootwick Bothenton Basditch Hampingcastle Waltbeck Cannerthorne Elside Wetsmith Warsmith Falderbrough Marlbrook Shafthead Sundlethorne Abgleham Siavon Horsnell Candleswick Endleshall Melwood Suddenmoor Egmerhampton Suddenmoor Staincombe Suddenmoor Tippenbrook Marlbeck Enderbeck Sodport Skelberden Hamscombe Alfmere Leatherport Alddleringworth Worhall Hannersmith Shaftborough Wychcompwold Skellenshot Cihead Skellenshot Egbeck Stapbrough Reddingtree Eley Reddingtree Staindledown Endingnell Toddenmerbrough Horstleover Warsmith Skellingover Candleswick Cirerham Wolley Cirerham Dartden Wethampton Faldenhall Boothingmanstree Ribbenhall Bromstanham Clereennell Botbeck Abcester Shaftwick Hurstdown Botshot Falworth Tipstoke Fulhampton Sirenshall Hampingbascombe Wetwick Stapbrook Southbury Bassinghead Nortwell Marlcester Egsted Southmere Rothead Bothenhall Worrenberwang Ellerbridge Suddingover Ellerbridge Ketchester Watchlake Farndlesover Watchlake Ketchester Staplow Egwick Redcombe Siey Redcombe Casbrook Blansbrook Hamwold Wendleringdown Stainbrough Worford Falderseythorne Penby Hamborne Burlake Endleberey Dribberham Wychcompwold Aldtree Todhampton Bootwick Wycastle Botbeck Horsmere
129
Horsmere
Rothingcombe Rothingcombe
Milthorne Milthorne
Whitringlake Whitringlake
Sundendford Sundendford
Chedworth Chedworth
Boothingchester
Wycastle Wycastle
Ellerbridge Ellerbridge
Sodberling Sodberling
Whitgrove Whitgrove
Dribblecombe Dribblecombe
Bursmith Bursmith
Hampingworth Hampingworth
Worford Worford
Rotherlow Rotherlow
Falderseythorne Falderseythorne
Durbrook Durbrook
Wychchester Wychchester
Prestwick Prestwick
Sundcompney
Ketnell Ketnell
Toddenmoor Toddenmoor
Chelmdenmoor
Southmere Southmere
Ribberrenston Ribberrenston
Farnditch Farnditch
Abglewold Abglewold
Wychditch
Rothendcombe Rothendcombe
Bastlebury Bastlebury
Emmerley Emmerley
Tippendham Tippendham
Watchlake Watchlake
Ketchester Ketchester
Tippingbage Tippingbage
Bootwick Bootwick
Bothenton Bothenton
Basditch Basditch
Hampingcastle Hampingcastle
Waltbeck Waltbeck
Cannerthorne Cannerthorne
Elside Elside
Wetsmith Wetsmith
Warsmith
Falderbrough
Marlbrook Marlbrook
Shafthead
Sundlethorne Sundlethorne
Abgleham Abgleham
Siavon Siavon
Horsnell Horsnell
Candleswick Candleswick
Endleshall
Melwood Melwood
Suddenmoor Suddenmoor
Egmerhampton Egmerhampton
Staincombe Staincombe
Tippenbrook Tippenbrook
Marlbeck
Enderbeck Enderbeck
Sodport Sodport
Skelberden Skelberden
Hamscombe
Alfmere Alfmere
Leatherport Leatherport
Alddleringworth
Worhall Worhall Reddendeney
Hannersmith
Shaftborough Shaftborough
Wychcompwold Wychcompwold
Skellenshot Skellenshot
Cihead Cihead
Egbeck
Stapbrough Stapbrough
Reddingtree
Eley Eley
Staindledown
Endingnell Endingnell
Toddenmerbrough
Horstleover Horstleover
Skellingover Skellingover
Cirerham
Wolley Wolley
Dartden Dartden
Wethampton Wethampton
Faldenhall Faldenhall
Boothingmanstree Boothingmanstree
Ribbenhall
Bromstanham Bromstanham
Clereennell Clereennell
Botbeck Botbeck
Abcester Sifield Abcester
Shaftwick
Hurstdown
Botshot
Falworth Falworth
Tipstoke Tipstoke
Fulhampton
Sirenshall Sirenshall
Hampingbascombe Hampingbascombe
Wetwick Wetwick
Stapbrook
Southbury Southbury
Bassinghead
Nortwell Nortwell
Marlcester Marlcester
Egsted Egsted
Rothead
Bothenhall Bothenhall
Worrenberwang Worrenberwang
Suddingover Suddingover
Farndlesover Farndlesover
Staplow Staplow
Egwick
Redcombe Redcombe
Siey Siey
Casbrook Casbrook
Blansbrook Blansbrook
Hamwold Hamwold
Wendleringdown Wendleringdown
Stainbrough
Penby Penby
Hamborne
Burlake
Endleberey Endleberey
Dribberham Dribberham
Aldtree
Todhampton Todhampton
