0 15 30 45 31 46 31 47 63 48 33 18 3 4 5 6 7 23 24 9 10 25 40 25 41 55 41 56 71 70 85 100 115 100 116 100 85 84 83 82 81 80 95 110 95 80 65 50 36 51 36 52 68 53 38 22 7 6 5 20 35 20 5 4 19 34 19 18 2 1 0 15 30 45 60 75 76 77 78 79 94 93 108 123 124 109 94 93 77 76 75 90 105 90 106 120 106 121 106 122 107 91 92 93 94 79 80 81 82 98 99 84 85 86 87 88 87 103 104 119 104 89 59 58 73 57 73 58 43 28 12 13 12 11 10 9 8 7 6 5 20 36 50 65 80 95 111 95 80 65 64 62 48 33 17 16 0
98
0 0
15 15
30 30
45 45
31 31
46 46
47 47
63 63
48
33
18 18
3 3
4
5 5
6
7 7
23 23
24
9
10 10
25 25
40 40
41 41
55 55
56 56
71 71
70 70
85 85
100 100
115 115
116 116
84
83 83
82
81
80 80
95 95
110 110
65
50 50
36 36
51 51
52 52
68 68
53
38
22
20 20
35 35
19
34 34
2
1
60
75 75
76 76
77
78 78
79
94
93 93
108 108
123
124 124
109 109
90 90
105 105
106 106
120 120
121 121
122 122
107
91
92
98 98
99
86
87
88 88
103 103
104
119 119
89
59
58
73 73
57 57
43
28 28
12
13 13
11
8 8
111 111
64
62
17
16
