0 49 154 116 32 116 6 153 110 44 67 47 67 96 95 29 119 117 167 9 35 138 35 164 77 182 92 108 102 108 120 54 185 27 185 18 62 50 157 70 155 28 103 170 146 136 91 19 85 99 85 160 145 161 163 194 76 139 63 74 126 111 51 111 149 111 22 118 48 199 186 180 26 176 26 196 179 8 166 8 39 151 82 81 78 12 10 100 133 125 168 156 141 4 14 83 60 104 97 36 73 184 128 134 191 137 191 127 109 42 159 87 130 20 121 197 186 193 178 106 175 17 118 64 58 64 118 31 190 135 69 12 25 159 143 65 84 89 101 79 164 15 189 98 188 0
127
0
49 49
154
116 75 116
32 32
6 6
153 38
110
44 44
67 67
47 47
96 96
95 95
29
119 119
117 117
167
9 9
35
138 138
164 24
77 77
182 182
92
108 108
102 102
120 120
54
185 185
27 27
18 18
62
50 50
157 157
70 70
155 155
28 28
103 103
170 170
146 146
136
91 91
19 19
85 85
99 99
160 160
145 145
161
163 163
194 194
76
139 139
63 63
74 74
126 126
111 111
51 51
149 149
22 22
118
48 48
199 199
186 186
180 180
26 26
176 176
196 196
179 179
8
166 166
39 39
151 151
82
81 81
78 78
12 12
10 10
100 100
133 133
125 125
168 168
156 156
141
4 4
14 14
83 83
60
104 104
97
36 36
73
184 184
128 128
134 134
191
137 137
127
109 109
42 42
159 159
87 87
130 130
20 20
121 121
197 197
193 193
178 178
106 106
175 175
17 17
64 64
58 58
31 31
190
135
69 69
25 25
143
65 65
84 173
89 89
101
79 79
15
189
98 98
188
