location0 location48 location18 location25 location79 location4 location24 location7 location14 location29 location2 location42 location34 location21 location39 location27 location3 location17 location50 location45 location8 location10 location36 location40 location31 location15 location5 location13 location11 location35 location30 location9 location12 location44 location63 location23 location38 location6 location43 location22 location46 location49 location26 location16 location69 location28 location33 location19 location37 location20 location24 location32 location55 location41 location64 location54 location47 location0
56
location0
location48 location48
location18 location18
location25 location25
location79
location4 location4
location24 location24
location7 location7
location14 location14
location29 location1 location29
location2 location2
location42 location42
location34 location34
location21 location21
location39 location39
location27 location27
location3 location3
location17 location17
location50 location50
location45 location45
location8 location8
location10 location10
location36 location36
location40 location40
location31 location31
location15 location15
location5 location5
location13 location13
location11 location11
location35 location35
location30 location30
location9 location9
location12 location12
location44 location44
location63
location23 location23
location38 location38
location6 location6
location43 location43
location22 location22
location46 location46
location49 location49
location26 location26
location16 location16
location69
location28 location28
location33 location33
location19 location19
location37 location37
location20 location20
location32 location32
location55
location41 location41
location64
location54
location47 location47
