location0 location55 location32 location90 location91 location12 location37 location97 location47 location24 location42 location18 location92 location43 location67 location6 location83 location70 location21 location95 location25 location38 location10 location41 location89 location60 location14 location61 location75 location4 location15 location64 location3 location28 location78 location49 location48 location29 location72 location87 location73 location76 location36 location71 location40 location26 location82 location85 location5 location7 location100 location52 location2 location51 location13 location151 location35 location86 location8 location63 location22 location44 location88 location9 location98 location30 location99 location84 location58 location74 location45 location136 location80 location69 location133 location31 location151 location27 location34 location77 location149 location56 location33 location65 location68 location39 location68 location23 location54 location66 location93 location151 location96 location11 location16 location46 location20 location53 location50 location30 location57 location0 location94 location180 location81 location181 location62 location19 location62 location17 location173 location79 location121 location59 location161 location0
109
location0
location55 location55
location32 location32
location90 location90
location91 location91
location12 location12
location37 location37
location97 location97
location47 location47
location24 location24
location42 location42
location18 location18
location92 location92
location43 location43
location67 location67
location6 location6
location83 location83
location70 location70
location21 location21
location95 location95
location25 location25
location38 location38
location10 location10
location41 location41
location89 location89
location60 location60
location14 location14
location61 location61
location75 location75
location4 location4
location15 location15
location64 location64
location3 location1 location3
location28 location28
location78 location78
location49 location49
location48 location48
location29 location29
location72 location72
location87 location87
location73 location73
location76 location76
location36 location36
location71 location71
location40 location40
location26 location26
location82 location82
location85 location85
location5 location5
location7 location7
location100 location100
location52 location52
location2 location2
location51 location51
location13 location13
location151
location35 location35
location86 location86
location8 location8
location63 location63
location22 location22
location44 location44
location88 location88
location9 location9
location98 location98
location30 location30
location99 location99
location84 location84
location58 location58
location74 location74
location45 location45
location136
location80 location80
location69 location69
location133
location31 location31
location27 location27
location34 location34
location77 location77
location149
location56 location56
location33 location33
location65 location65
location68 location68
location39 location39
location23 location23
location54 location54
location66 location66
location93 location93
location96 location96
location11 location11
location16 location16
location46 location46
location20 location20
location53 location53
location50 location50
location57 location57
location94 location94
location180
location81 location81
location181
location62 location62
location19 location19
location17 location17
location173
location79 location79
location121
location59 location59
location161
