Glasses OklahomaCity LosAngeles Orlando Brownsville Lafayette Alexandria Worcester Alexandria Bellevue Scottsdale SiouxFalls Independence Fayetteville Fontana Newark StPetersburg RanchoCucamonga Washington WestValleyCity Surprise Sunnyvale Visalia Portland Torrance Hartford Boston Ontario Omaha Allentown Pomona Stockton Indianapolis Austin PembrokePines Frisco LexingtonFa Frisco Lubbock Concord Lubbock Carrollton GardenGrove Victorville Shreveport Huntsville Thornton Beaumont Thornton Yonkers Memphis Wichita Peoria OWO LongBeach LouisvilleJefferson LongBeach SanDiego StLouis SanDiego Waco SanDiego Stamford Berkeley Akron Chandler Paterson Chandler Miami Glasses
61
Glasses
OklahomaCity OklahomaCity
LosAngeles LosAngeles
Orlando Orlando
Brownsville Brownsville
Lafayette Lafayette
Alexandria Alexandria
Worcester Garland Worcester
Bellevue Bellevue
Scottsdale Scottsdale
SiouxFalls SiouxFalls
Independence Independence
Fayetteville Fayetteville
Fontana
Newark Newark
StPetersburg StPetersburg
RanchoCucamonga RanchoCucamonga
Washington Washington
WestValleyCity WestValleyCity
Surprise Surprise
Sunnyvale Sunnyvale
Visalia Visalia
Portland
Torrance Henderson
Hartford Hartford
Boston Boston
Ontario Ontario
Omaha Omaha
Allentown Allentown
Pomona Pomona
Stockton Stockton
Indianapolis Indianapolis
Austin Austin
PembrokePines PembrokePines
Frisco
LexingtonFa LexingtonFa
Lubbock
Concord Concord
Carrollton Carrollton
GardenGrove GardenGrove
Victorville Victorville
Shreveport Shreveport
Huntsville Huntsville
Thornton Midland
Beaumont NewportNews Beaumont
Yonkers Yonkers
Memphis
Wichita Wichita
Peoria
OWO
LongBeach LongBeach
LouisvilleJefferson LouisvilleJefferson
SanDiego
StLouis StLouis
Waco Waco
Stamford Stamford
Berkeley
Akron
Chandler
Paterson Paterson
Miami
