Vancouver Beaumont Atlanta Cleveland Denver Hayward Topeka OWO Mesa Memphis Montgomery MorenoValley Norman Sunnyvale Warren OklahomaCity Cary Miami Cincinnati Tallahassee Hampton Olathe Irvine Mobile Hartford Dallas Worcester Mesquite Joliet Thornton Anchorage Salinas GardenGrove CedarRapids SanAntonio NewHaven Davidson Houston Pomona Spokane CorpusChristi SantaClarita Fremont Madison SanBernardino Knoxville Brownsville Corona Surprise NewOrleans HuntingtonBeach SimiValley HuntingtonBeach Greensboro Salinas Chicago Denton Raleigh Glendale Tampa Laredo FortCollins Allentown Stamford Glasses Hollywood Escondido Akron LosAngeles Lancaster Elizabeth Anaheim JerseyCity Lafayette Huntsville Omaha Garland Omaha Ontario Waco Wichita PembrokePines Lincoln AnnArbor StLouis AnnArbor FortLauderdale Norfolk Reno LouisvilleJefferson Tulsa SantaRosa McAllen GrandPrairie Portland Hialeah Springfield Salinas Vallejo LasVegas Riverside Rockford SantaClara Irving Pasadena Vancouver
100
Vancouver Vancouver
Beaumont Beaumont
Atlanta Oxnard Atlanta
Cleveland
Denver Denver
Hayward Hayward
Topeka
OWO OWO
Mesa Mesa
Memphis Charleston Memphis
Montgomery Montgomery
MorenoValley MorenoValley
Norman Norman
Sunnyvale Sunnyvale
Warren SanFrancisco Warren
OklahomaCity OklahomaCity
Cary Cary
Miami Miami
Cincinnati Cincinnati
Tallahassee
Hampton Hampton
Olathe Olathe
Irvine LittleRock Irvine
Mobile Mobile
Hartford Hartford
Dallas Dallas
Worcester Worcester
Mesquite Mesquite
Joliet
Thornton Thornton
Anchorage Anchorage
Salinas Salinas
GardenGrove GardenGrove
CedarRapids
SanAntonio SanAntonio
NewHaven NewHaven
Davidson Davidson
Houston Houston
Pomona Pomona
Spokane
CorpusChristi CorpusChristi
SantaClarita SantaClarita
Fremont Fremont
Madison Madison
SanBernardino SanBernardino
Knoxville Knoxville
Brownsville Brownsville
Corona Corona
Surprise Surprise
NewOrleans NewOrleans
HuntingtonBeach AugustaRichmond HuntingtonBeach
SimiValley SimiValley
Greensboro Greensboro
Chicago Chicago
Denton Denton
Raleigh Raleigh
Glendale Glendale
Tampa ThousandOaks Tampa
Laredo Laredo
FortCollins SiouxFalls FortCollins
Allentown Allentown Killeen
Stamford Stamford
Glasses SanJose Glasses
Hollywood Hollywood
Escondido Escondido
Akron Akron
LosAngeles
Lancaster Lancaster Torrance
Elizabeth Elizabeth
Anaheim Anaheim
JerseyCity JerseyCity Pikachu
Lafayette Lafayette
Huntsville Huntsville
Omaha Omaha
Garland Garland
Ontario Ontario
Waco Waco
Wichita Wichita
PembrokePines
Lincoln Lincoln
AnnArbor AnnArbor
StLouis StLouis
FortLauderdale FortLauderdale
Norfolk Norfolk
Reno
LouisvilleJefferson LouisvilleJefferson
Tulsa Tulsa
SantaRosa SantaRosa
McAllen McAllen
GrandPrairie GrandPrairie
Portland Portland
Hialeah
Springfield
Vallejo Vallejo
LasVegas LasVegas
Riverside Riverside
Rockford Rockford
SantaClara SantaClara
Irving Irving
Pasadena Pasadena
