KansasCity Omaha Palmdale AthensClarkeCounty OWO SterlingHeights OWO LexingtonFa OWO AthensClarkeCounty SanFrancisco Richmond OverlandPark AnnArbor SaltLakeCity Newark Lincoln Detroit SaltLakeCity Irving SantaClara ChulaVista Lincoln Birmingham Palmdale FortWayne Palmdale StPaul Victorville SanBernardino Stamford Cary Stamford Clarksville Palmdale FortCollins Palmdale SterlingHeights OverlandPark Waco SanAntonio MorenoValley OverlandPark KansasCity
30
KansasCity
Omaha Omaha
Palmdale Palmdale
AthensClarkeCounty AthensClarkeCounty
OWO OWO
SterlingHeights SterlingHeights
LexingtonFa LexingtonFa
SanFrancisco SanFrancisco
Richmond Richmond
OverlandPark
AnnArbor AnnArbor
SaltLakeCity Rochester SaltLakeCity
Newark Newark
Lincoln Lincoln
Detroit Detroit
Irving Irving
SantaClara
ChulaVista ChulaVista
Birmingham
FortWayne FortWayne
StPaul StPaul
Victorville
SanBernardino SanBernardino
Stamford Stamford
Cary Cary
Clarksville Clarksville
FortCollins FortCollins
Waco
SanAntonio SanAntonio
MorenoValley MorenoValley
