0 185 23 153 115 107 155 128 28 187 154 114 17 5 160 8 163 146 163 1 163 190 87 11 65 11 137 129 47 89 19 125 50 182 135 83 15 16 116 66 57 184 72 78 52 199 59 106 177 94 17 96 175 173 21 152 138 157 35 3 81 123 193 39 56 67 172 134 172 88 130 9 103 31 151 24 48 4 119 174 119 2 98 22 74 38 145 26 167 69 176 51 164 111 57 184 14 13 102 30 197 30 133 86 133 1 163 146 43 159 42 123 158 27 101 37 108 166 108 20 108 141 191 183 100 12 120 195 124 70 17 18 192 113 76 33 76 68 135 112 80 145 38 131 140 71 8 135 93 22 188 0
127
0 0
185
23 23
153 153
115 115
107 107
155
128 128
28 28
187 187
154 154
114 114
17 17
5 5
160 160
8 8
163
146 146
1 1
190 190
87
11 11
65 65
137 137
129 129
47 47
89 89
19
125 125
50 50
182 182
135
83 83
15 15
16 16
116 116
66 66
57
184 184
72 72
78 78
52 52
199 199
59 59
106
177 177
94 94
96 96
175 143
173 173
21 21
152 152
138 138
157 157
35 35
3 3
81 81
123
193 193
39 39
56 56
67 67
172 172
134 134
88
130 130
9 9
103 103
31 31
151 151
24 24
48
4 4
119
174 174
2 2
98 98
22 22
74 74
38 38
145
26 26
167 167
69 69
176
51 51
164 164
111 111
14 14
13 13
102 102
30
197 197
133 133
86 86
43 43
159 159
42 42
158 158
27 27
101 101
37
108
166 166
20 20
141 141
191
183 183
100 100
12
120 120
195
124
70 70
18 18
192
113
76
33 33
68 68
112
80 80
131 84
140
71 71
93 93
188
