0 115 167 144 153 195 160 173 113 141 168 191 119 169 156 162 133 130 114 181 140 171 151 179 112 105 129 199 132 148 116 104 159 165 101 139 121 108 152 198 163 106 188 158 196 136 155 177 142 146 154 111 145 135 102 149 128 161 131 126 164 157 192 182 117 178 147 110 175 190 186 107 143 120 193 174 180 127 109 118 166 183 123 125 122 172 184 197 137 150 103 185 187 176 170 138 124 134 76 194 74 189 94 0
103
0
115 115
167 167
144 144
153 153
195 195
160 160
173 173
113 113
141 141
168 168
191 191
119 119
169 169
156 156
162 162
133 133
130 130
114 114
181 181
140 140
171 171
151 151
179 179
112 112
105 105
129 129
199 199
132 132
148 148
116 116
104 104
159 159
165 165
101 101
139 139
121 121
108 108
152 152
198 198
163 163
106 106
188 188
158 158
196 196
136 136
155 155
177 177
142 142
146 146
154 154
111 111
145 145
135 135
102 102
149 149
128 128
161 161
131 131
126 126
164 164
157 157
192 192
182 182
117 117
178 100 178
147 147
110 110
175 175
190 190
186 186
107 107
143 143
120 120
193 193
174 174
180 180
127 127
109 109
118 118
166 166
183 183
123 123
125 125
122 122
172 172
184 184
197 197
137 137
150 150
103 103
185 185
187 187
176 176
170 170
138 138
124 124
134 134
76
194 194
74
189 189
94
