vLeODpVlYSBeYNDYoXha uyPyJzKFqWxgSNmpkDrB zxeoSbTqbWPpSzalAtBI MlwlINEFqmyzZNPXRLJF tVzUgXVoBYxBMnkkwFmk ZbyHJLmoTqNpTnlUVJZC gMqbbwopmbxmOomqZjfm QkAjrUUuVdzSMnlfJLcO NciLXNPTvMoXdbTDZmlg gIttwvzcgONwFblnGIqq gzxzakmqbxbsOczuQVLG gEufXNuuWhnlbNYaoQFJ gzxzakmqbxbsOczuQVLG DDEuYWXXufMefzDjgEFm CfkBzkPETvagyIDCsLTD iDucfyZGMCbCQbXjbQqM mlipOrSnGcxXtoXBbRyl NVEtShKeuxpaFIOiyVqE mlipOrSnGcxXtoXBbRyl mevvwcZLudaokctOWvKe iBYHAWUhqeQPjphQzpdN jzQJaGLLiuQLhhyqBagr iBYHAWUhqeQPjphQzpdN mevvwcZLudaokctOWvKe VhDSPHxolLkNxxDnpUyx PLDOWRIeaCSVLMyDadzC VhDSPHxolLkNxxDnpUyx jwIBHKkXHTPVsOJwBOsr QQSjCkgLAWAPObYQvNsB RjKEHTlRvtaVBbyqZVAw ubTtmhAXQixwuFvQluYa LeLGVrNGvkwLbzIWTNFP ASXwCgVTXDdhSXJwFovC FEqXJcVrZfnSsHEUPhnl WCCOEUYmDvzZlrkDAqoi xQaDpDGAXhDYzSMnMWvb TwgqMzgExFHTIfcwfBnr cZgmtoPGHxdozTaDMiyf DWWCMAjZQQIEKOIiHFQN aWvnTxwRCeZSoCnPnhDt ybrQlUhznqOhsvndWAbl ruLqpYqEzGGiKysvsarb AdXveYSBaneNwCQzrdSw CPszTohYUHARNedzFlDK OVoYVQPnlYoZBBKtyuLk TCAkluAESUWAMGFeNcGN FcEsyaTmqpoyvbDrHjlc UAwuKFcUHFyvaFCTLpOT pdXCnKagnvEntNTuPHdK dyUDfEGgAoSshTRjMZZg klkbOWCZrzPBFVDxhNbj gIttwvzcgONwFblnGIqq gMqbbwopmbxmOomqZjfm CmbFyJmcvVqyCmJgQxeI fHcdXnOxSadpKeCUwNYm NAHeKyyhAObyyUEUSkSU gMqbbwopmbxmOomqZjfm UgFPXEAdAfcfHGIbNTsq vGdJmIpYPUGRspXiVLdc sBkAYRISjTYinLFSNcKW ajvbaFpYiEBJySPsSLaI DqUxIMslnixWfmkjQTmS TqyFrXuGvuBuqnpYbjKc DqUxIMslnixWfmkjQTmS wRjMmrpRuknxqunJrMAE iBjjCWwkYToOKfrrLnny wRjMmrpRuknxqunJrMAE gzxzakmqbxbsOczuQVLG UAwuKFcUHFyvaFCTLpOT BXzACdzjLITNgbmDPlEu aCucdhmWbhlrgfstQigR ZjjqpiSiaWnmxJgUtucv gMqbbwopmbxmOomqZjfm CmbFyJmcvVqyCmJgQxeI fHcdXnOxSadpKeCUwNYm fvEcAuRDdfuHEPLNpaTz sXfgLMwoysnMazVSWnhc sdSgCnaZeeOuPKljZOSr EWpsBSEfAOWAjikCpvhc qbmGewAditsWkTFHdxjP cvlwIwajcIlbhZbyFgmq qbmGewAditsWkTFHdxjP LOMgYipCQQXQnRqEqRwO ybrQlUhznqOhsvndWAbl FqdjKgdpEanmCnmxJMFA ajvbaFpYiEBJySPsSLaI fToHwimUqLsKcKLZHiUX ajvbaFpYiEBJySPsSLaI FqdjKgdpEanmCnmxJMFA ybrQlUhznqOhsvndWAbl uyPyJzKFqWxgSNmpkDrB vLeODpVlYSBeYNDYoXha
69
vLeODpVlYSBeYNDYoXha
uyPyJzKFqWxgSNmpkDrB uyPyJzKFqWxgSNmpkDrB
zxeoSbTqbWPpSzalAtBI zxeoSbTqbWPpSzalAtBI
MlwlINEFqmyzZNPXRLJF MlwlINEFqmyzZNPXRLJF
tVzUgXVoBYxBMnkkwFmk tVzUgXVoBYxBMnkkwFmk
ZbyHJLmoTqNpTnlUVJZC
gMqbbwopmbxmOomqZjfm gMqbbwopmbxmOomqZjfm
QkAjrUUuVdzSMnlfJLcO QkAjrUUuVdzSMnlfJLcO
NciLXNPTvMoXdbTDZmlg NciLXNPTvMoXdbTDZmlg
gIttwvzcgONwFblnGIqq gIttwvzcgONwFblnGIqq
gzxzakmqbxbsOczuQVLG gzxzakmqbxbsOczuQVLG
gEufXNuuWhnlbNYaoQFJ gEufXNuuWhnlbNYaoQFJ
DDEuYWXXufMefzDjgEFm
CfkBzkPETvagyIDCsLTD CfkBzkPETvagyIDCsLTD
iDucfyZGMCbCQbXjbQqM iDucfyZGMCbCQbXjbQqM
mlipOrSnGcxXtoXBbRyl mlipOrSnGcxXtoXBbRyl
NVEtShKeuxpaFIOiyVqE NVEtShKeuxpaFIOiyVqE
mevvwcZLudaokctOWvKe
iBYHAWUhqeQPjphQzpdN iBYHAWUhqeQPjphQzpdN
jzQJaGLLiuQLhhyqBagr jzQJaGLLiuQLhhyqBagr
VhDSPHxolLkNxxDnpUyx VhDSPHxolLkNxxDnpUyx
PLDOWRIeaCSVLMyDadzC PLDOWRIeaCSVLMyDadzC
jwIBHKkXHTPVsOJwBOsr jwIBHKkXHTPVsOJwBOsr
QQSjCkgLAWAPObYQvNsB QQSjCkgLAWAPObYQvNsB
RjKEHTlRvtaVBbyqZVAw RjKEHTlRvtaVBbyqZVAw
ubTtmhAXQixwuFvQluYa
LeLGVrNGvkwLbzIWTNFP
ASXwCgVTXDdhSXJwFovC ASXwCgVTXDdhSXJwFovC
FEqXJcVrZfnSsHEUPhnl
WCCOEUYmDvzZlrkDAqoi WCCOEUYmDvzZlrkDAqoi
xQaDpDGAXhDYzSMnMWvb xQaDpDGAXhDYzSMnMWvb
TwgqMzgExFHTIfcwfBnr TwgqMzgExFHTIfcwfBnr
cZgmtoPGHxdozTaDMiyf cZgmtoPGHxdozTaDMiyf
DWWCMAjZQQIEKOIiHFQN DWWCMAjZQQIEKOIiHFQN
aWvnTxwRCeZSoCnPnhDt
ybrQlUhznqOhsvndWAbl ybrQlUhznqOhsvndWAbl
ruLqpYqEzGGiKysvsarb ruLqpYqEzGGiKysvsarb
AdXveYSBaneNwCQzrdSw AdXveYSBaneNwCQzrdSw
CPszTohYUHARNedzFlDK CPszTohYUHARNedzFlDK
OVoYVQPnlYoZBBKtyuLk OVoYVQPnlYoZBBKtyuLk
TCAkluAESUWAMGFeNcGN
FcEsyaTmqpoyvbDrHjlc FcEsyaTmqpoyvbDrHjlc
UAwuKFcUHFyvaFCTLpOT
pdXCnKagnvEntNTuPHdK pdXCnKagnvEntNTuPHdK
dyUDfEGgAoSshTRjMZZg dyUDfEGgAoSshTRjMZZg
klkbOWCZrzPBFVDxhNbj
CmbFyJmcvVqyCmJgQxeI CmbFyJmcvVqyCmJgQxeI
fHcdXnOxSadpKeCUwNYm fHcdXnOxSadpKeCUwNYm
NAHeKyyhAObyyUEUSkSU NAHeKyyhAObyyUEUSkSU
UgFPXEAdAfcfHGIbNTsq UgFPXEAdAfcfHGIbNTsq
vGdJmIpYPUGRspXiVLdc
sBkAYRISjTYinLFSNcKW sBkAYRISjTYinLFSNcKW
ajvbaFpYiEBJySPsSLaI
DqUxIMslnixWfmkjQTmS DqUxIMslnixWfmkjQTmS
TqyFrXuGvuBuqnpYbjKc TqyFrXuGvuBuqnpYbjKc
wRjMmrpRuknxqunJrMAE
iBjjCWwkYToOKfrrLnny iBjjCWwkYToOKfrrLnny
BXzACdzjLITNgbmDPlEu BXzACdzjLITNgbmDPlEu
aCucdhmWbhlrgfstQigR aCucdhmWbhlrgfstQigR
ZjjqpiSiaWnmxJgUtucv
fvEcAuRDdfuHEPLNpaTz fvEcAuRDdfuHEPLNpaTz
sXfgLMwoysnMazVSWnhc sXfgLMwoysnMazVSWnhc
sdSgCnaZeeOuPKljZOSr
EWpsBSEfAOWAjikCpvhc
qbmGewAditsWkTFHdxjP
cvlwIwajcIlbhZbyFgmq cvlwIwajcIlbhZbyFgmq
LOMgYipCQQXQnRqEqRwO
FqdjKgdpEanmCnmxJMFA fPxvnMVMFwhJbNBURdgD
fToHwimUqLsKcKLZHiUX fToHwimUqLsKcKLZHiUX
