wNqlpYNsRbJEgiGpKxrU lbWonvEbeplndKguSTkk igyeOiSdezmmXGTwMzLw KcrnMnFDTrBKaUaGpdLY fpoTaBKmVdlDCxFwCFoz FWnudSYFvYQJHehOpEKf YTwycpmzEWCqqTELtzXc ANDviqMIuFwdcboQDprt QyXpliHSeQOPIsurIcpa DpztIuGTRpGuLsdlODJw QyXpliHSeQOPIsurIcpa CvZkdIYtdeDHtwufupie syonLisTOSczosCwoILE aIuYyryCOUGVeCAqbqkg EhDFVLWZueLOrdjEOzEQ yscsUFTNNyaVMKBztBdV UIlSMnVKIdNiXZNSiHsI fgzJCwocQniGlXAZHJId vIbIQYXZnmYrooTLYNtu EmbDgEECbkHbfAfHCgwB NzDQJknJPDEkcwCHzzbF MBJqOYmxhUYbldNVEdRy EEeDJaHeajXXlwYcHTeJ efZntVbfQTvIUOiRNPSH shugRMnaHVqQSmKaNBgu IvXQutSorlqOgnSVAIUd jUSlIFtitQxyvVLJjiCc scpUkbcaYSAsHhSktebT qfRRtdRbhYJBARMfPlZM eobSFtKBbBdcVrTOREdK UIlSMnVKIdNiXZNSiHsI bEfUXCTlwRBndElSbPGf imEmCMbYEtZJJkwxkSDD xlbpuxAjoVPJWPCWBEkJ eOfnBeTgmYCNEnRUhlEK UdSbtwxTqTJxOiUoxEqw wvSJDoqoPGAkYgSuPFPw QeYNNLpZMBxyiFbZMPFY zNRhhVdMWUgTnnqmAfeY ndaHivGVVtIUvLiyUWcm ADVVlRLpnspleRTgeTdu DZEpVGVXkxHljziwItaS QjbdwbUnopENkiNyqirZ nreoVgWrBhNXFZgTBlXO nCedHqGgdWAicwyuYWpg NJZlnWyeJFrkOwoqHKtT oZXYedlbtBLmkfoVmgta joWAhkfNqIEECnBeulGl GMxGouyyndiUBMqMdOoc kwPuYZgJgVVJfdBGUtPw HeWrJOKsDjgdrcamgZLN aGPbLNWYAMujnfHCTCMo ihxEqMQIIvyQmtrtMjeO edlAtPQdNXJQPCIzpkyX xgBrJmdXVwtxgRuCBhMe pzrGQEObzJGPnfATEYDc wlySPverjehsBxldyigf NYdfLxXxFVvLEbDKzXWn NtyLZDOaSczVvOGdocUp mgNeYYUOPKpLeiVEFIXd oDgfEuAVpeOlkkTIMDLw SiOEBWtHUiopSvDVOkjb RlHeRhvUOhGhZVGGJuED gFUGYXSirCYiFTivWNah erZKLqpCZsYKDnOCaBGq NIJaJxCurulNUdZZMxFk JvFxbsySBAiFiOUrzrBi wuSVWJYvpiWaQAHXocSG cMYyKTXGNKnFzrpwnXUl vTbNxpVTEoFlSjvvVvfG zHPSSEtFTQIbLYMdHqgP pMOSpTzPTPLXHLOQMjnt PZwTcKCPsEmpxetNZvef ZauPfhkpsGmhbvkhkltR FaWIqatYRYVcXfVhAFRN QePOUWiXcAUCoHETxuGS wfEFdNDcColoskjTjcLm uUKZHvHmBrpBHjYWNaUL ZwvojvRdUOYNJXIwAqgC eCBFrcppbiLzdGQubocl TEPaiCedHTXapLxoBXMp oHoxoLeyDYnKZDzgMtxI CvZkdIYtdeDHtwufupie ZXihCBEQBTdisqSlEMsj ayQgUwyRuQVKeyFLPNbQ gFUGYXSirCYiFTivWNah juzxSpUVuccJUMBOcJjO gFUGYXSirCYiFTivWNah gcXUxTVUZWsOwtRNeDDa kyApsCeFkLoLFCdkazaE scpUkbcaYSAsHhSktebT JVONrXhhmtFWhFfDiOXW VIPPawblKbhOVWrmrWBx zKnLSwRxFjUTCiXefWdG bFmSeBrfNuxjYPUDCLYq szyiMlKhtyOynWjcoMsm CvZkdIYtdeDHtwufupie NPSPGRTNRcKKVpsBRSwh IvXQutSorlqOgnSVAIUd oKAKfpUUuLItChLyByFh IvXQutSorlqOgnSVAIUd jUSlIFtitQxyvVLJjiCc XPPBMlNyfVVeZGIzTCEW jUSlIFtitQxyvVLJjiCc hLaNXBYgTzgUhvjmqUTu GOKcLUIfVCLsdfLjyASo kqcEdfKLaRzxOhAIzchh jznspKyqlmxZtgfQUJVB RlHeRhvUOhGhZVGGJuED eiLPqIroFfCGzqSAlzAp ccdJRKiTXwIErdhSIxfh qoaNjvaRghiMQXaVEoQe VRpSthoDcomqMDsGoVql qoaNjvaRghiMQXaVEoQe CbGuHgZfQMmSOfHDFJnK XtZHoAxqEyzvMChzPHpN WMWBpOSnHGywZjCgaYyY lIpVoDPUIfHCPpjswogJ cwgJAHVpCCTmuckJkncL lIpVoDPUIfHCPpjswogJ lbWonvEbeplndKguSTkk shaRjZRSPDzVXmetmolj XvUPApTFkqaSSizYsCIr lSJjEsqamUCgRZdCmdyI jwcUBYKIcRlUlpQdHDpU oLMkSrYLQRLHmPiuLCTC umZXKcxkweEplHZdotgU fosrykBjHtdvgWTEWXFR gDYKDrbERUXTnCayjBrC QePOUWiXcAUCoHETxuGS iVjkcMenotYGMFEBTvoa oDgfEuAVpeOlkkTIMDLw eCBFrcppbiLzdGQubocl SitzoubgYFeTjmkLjVPz eCBFrcppbiLzdGQubocl eOfnBeTgmYCNEnRUhlEK lbWonvEbeplndKguSTkk wNqlpYNsRbJEgiGpKxrU
116
wNqlpYNsRbJEgiGpKxrU
lbWonvEbeplndKguSTkk lbWonvEbeplndKguSTkk
igyeOiSdezmmXGTwMzLw igyeOiSdezmmXGTwMzLw
KcrnMnFDTrBKaUaGpdLY KcrnMnFDTrBKaUaGpdLY
fpoTaBKmVdlDCxFwCFoz fpoTaBKmVdlDCxFwCFoz
FWnudSYFvYQJHehOpEKf FWnudSYFvYQJHehOpEKf
YTwycpmzEWCqqTELtzXc YTwycpmzEWCqqTELtzXc
ANDviqMIuFwdcboQDprt ANDviqMIuFwdcboQDprt
QyXpliHSeQOPIsurIcpa QyXpliHSeQOPIsurIcpa
DpztIuGTRpGuLsdlODJw DpztIuGTRpGuLsdlODJw
CvZkdIYtdeDHtwufupie CvZkdIYtdeDHtwufupie
syonLisTOSczosCwoILE syonLisTOSczosCwoILE
aIuYyryCOUGVeCAqbqkg aIuYyryCOUGVeCAqbqkg
EhDFVLWZueLOrdjEOzEQ EhDFVLWZueLOrdjEOzEQ
yscsUFTNNyaVMKBztBdV yscsUFTNNyaVMKBztBdV
UIlSMnVKIdNiXZNSiHsI UIlSMnVKIdNiXZNSiHsI
fgzJCwocQniGlXAZHJId fgzJCwocQniGlXAZHJId
vIbIQYXZnmYrooTLYNtu vIbIQYXZnmYrooTLYNtu
EmbDgEECbkHbfAfHCgwB EmbDgEECbkHbfAfHCgwB
NzDQJknJPDEkcwCHzzbF NzDQJknJPDEkcwCHzzbF
MBJqOYmxhUYbldNVEdRy MBJqOYmxhUYbldNVEdRy
EEeDJaHeajXXlwYcHTeJ EEeDJaHeajXXlwYcHTeJ
efZntVbfQTvIUOiRNPSH efZntVbfQTvIUOiRNPSH
shugRMnaHVqQSmKaNBgu shugRMnaHVqQSmKaNBgu
IvXQutSorlqOgnSVAIUd IvXQutSorlqOgnSVAIUd
jUSlIFtitQxyvVLJjiCc jUSlIFtitQxyvVLJjiCc
scpUkbcaYSAsHhSktebT scpUkbcaYSAsHhSktebT
qfRRtdRbhYJBARMfPlZM qfRRtdRbhYJBARMfPlZM
eobSFtKBbBdcVrTOREdK eobSFtKBbBdcVrTOREdK
bEfUXCTlwRBndElSbPGf bEfUXCTlwRBndElSbPGf
imEmCMbYEtZJJkwxkSDD imEmCMbYEtZJJkwxkSDD
xlbpuxAjoVPJWPCWBEkJ xlbpuxAjoVPJWPCWBEkJ
eOfnBeTgmYCNEnRUhlEK eOfnBeTgmYCNEnRUhlEK
UdSbtwxTqTJxOiUoxEqw UdSbtwxTqTJxOiUoxEqw
wvSJDoqoPGAkYgSuPFPw wvSJDoqoPGAkYgSuPFPw
QeYNNLpZMBxyiFbZMPFY QeYNNLpZMBxyiFbZMPFY
zNRhhVdMWUgTnnqmAfeY zNRhhVdMWUgTnnqmAfeY
ndaHivGVVtIUvLiyUWcm
ADVVlRLpnspleRTgeTdu ADVVlRLpnspleRTgeTdu
DZEpVGVXkxHljziwItaS DZEpVGVXkxHljziwItaS
QjbdwbUnopENkiNyqirZ QjbdwbUnopENkiNyqirZ
nreoVgWrBhNXFZgTBlXO nreoVgWrBhNXFZgTBlXO
nCedHqGgdWAicwyuYWpg nCedHqGgdWAicwyuYWpg
NJZlnWyeJFrkOwoqHKtT NJZlnWyeJFrkOwoqHKtT
oZXYedlbtBLmkfoVmgta oZXYedlbtBLmkfoVmgta svUOWvTJLneAqJGnExpc
joWAhkfNqIEECnBeulGl joWAhkfNqIEECnBeulGl
GMxGouyyndiUBMqMdOoc GMxGouyyndiUBMqMdOoc
kwPuYZgJgVVJfdBGUtPw kwPuYZgJgVVJfdBGUtPw
HeWrJOKsDjgdrcamgZLN HeWrJOKsDjgdrcamgZLN
aGPbLNWYAMujnfHCTCMo aGPbLNWYAMujnfHCTCMo
ihxEqMQIIvyQmtrtMjeO ihxEqMQIIvyQmtrtMjeO
edlAtPQdNXJQPCIzpkyX edlAtPQdNXJQPCIzpkyX
xgBrJmdXVwtxgRuCBhMe xgBrJmdXVwtxgRuCBhMe
pzrGQEObzJGPnfATEYDc pzrGQEObzJGPnfATEYDc
wlySPverjehsBxldyigf wlySPverjehsBxldyigf
NYdfLxXxFVvLEbDKzXWn NYdfLxXxFVvLEbDKzXWn
NtyLZDOaSczVvOGdocUp NtyLZDOaSczVvOGdocUp
mgNeYYUOPKpLeiVEFIXd mgNeYYUOPKpLeiVEFIXd
oDgfEuAVpeOlkkTIMDLw
SiOEBWtHUiopSvDVOkjb
RlHeRhvUOhGhZVGGJuED RlHeRhvUOhGhZVGGJuED
gFUGYXSirCYiFTivWNah
erZKLqpCZsYKDnOCaBGq erZKLqpCZsYKDnOCaBGq
NIJaJxCurulNUdZZMxFk NIJaJxCurulNUdZZMxFk
JvFxbsySBAiFiOUrzrBi JvFxbsySBAiFiOUrzrBi
wuSVWJYvpiWaQAHXocSG wuSVWJYvpiWaQAHXocSG
cMYyKTXGNKnFzrpwnXUl cMYyKTXGNKnFzrpwnXUl
vTbNxpVTEoFlSjvvVvfG vTbNxpVTEoFlSjvvVvfG
zHPSSEtFTQIbLYMdHqgP zHPSSEtFTQIbLYMdHqgP
pMOSpTzPTPLXHLOQMjnt pMOSpTzPTPLXHLOQMjnt
PZwTcKCPsEmpxetNZvef PZwTcKCPsEmpxetNZvef
ZauPfhkpsGmhbvkhkltR ZauPfhkpsGmhbvkhkltR
FaWIqatYRYVcXfVhAFRN
QePOUWiXcAUCoHETxuGS QePOUWiXcAUCoHETxuGS
wfEFdNDcColoskjTjcLm wfEFdNDcColoskjTjcLm
uUKZHvHmBrpBHjYWNaUL
ZwvojvRdUOYNJXIwAqgC ZwvojvRdUOYNJXIwAqgC
eCBFrcppbiLzdGQubocl
TEPaiCedHTXapLxoBXMp TEPaiCedHTXapLxoBXMp
oHoxoLeyDYnKZDzgMtxI oHoxoLeyDYnKZDzgMtxI
ZXihCBEQBTdisqSlEMsj ZXihCBEQBTdisqSlEMsj
ayQgUwyRuQVKeyFLPNbQ ayQgUwyRuQVKeyFLPNbQ
juzxSpUVuccJUMBOcJjO juzxSpUVuccJUMBOcJjO
gcXUxTVUZWsOwtRNeDDa gcXUxTVUZWsOwtRNeDDa
kyApsCeFkLoLFCdkazaE kyApsCeFkLoLFCdkazaE
JVONrXhhmtFWhFfDiOXW JVONrXhhmtFWhFfDiOXW
VIPPawblKbhOVWrmrWBx VIPPawblKbhOVWrmrWBx
zKnLSwRxFjUTCiXefWdG
bFmSeBrfNuxjYPUDCLYq bFmSeBrfNuxjYPUDCLYq
szyiMlKhtyOynWjcoMsm szyiMlKhtyOynWjcoMsm
NPSPGRTNRcKKVpsBRSwh NPSPGRTNRcKKVpsBRSwh
oKAKfpUUuLItChLyByFh oKAKfpUUuLItChLyByFh
XPPBMlNyfVVeZGIzTCEW XPPBMlNyfVVeZGIzTCEW
hLaNXBYgTzgUhvjmqUTu hLaNXBYgTzgUhvjmqUTu
GOKcLUIfVCLsdfLjyASo
kqcEdfKLaRzxOhAIzchh kqcEdfKLaRzxOhAIzchh
jznspKyqlmxZtgfQUJVB jznspKyqlmxZtgfQUJVB
eiLPqIroFfCGzqSAlzAp eiLPqIroFfCGzqSAlzAp
ccdJRKiTXwIErdhSIxfh ccdJRKiTXwIErdhSIxfh
qoaNjvaRghiMQXaVEoQe
VRpSthoDcomqMDsGoVql VRpSthoDcomqMDsGoVql
CbGuHgZfQMmSOfHDFJnK CbGuHgZfQMmSOfHDFJnK
XtZHoAxqEyzvMChzPHpN XtZHoAxqEyzvMChzPHpN
WMWBpOSnHGywZjCgaYyY WMWBpOSnHGywZjCgaYyY
lIpVoDPUIfHCPpjswogJ
cwgJAHVpCCTmuckJkncL cwgJAHVpCCTmuckJkncL
shaRjZRSPDzVXmetmolj
XvUPApTFkqaSSizYsCIr XvUPApTFkqaSSizYsCIr
lSJjEsqamUCgRZdCmdyI lSJjEsqamUCgRZdCmdyI
jwcUBYKIcRlUlpQdHDpU
oLMkSrYLQRLHmPiuLCTC oLMkSrYLQRLHmPiuLCTC
umZXKcxkweEplHZdotgU
fosrykBjHtdvgWTEWXFR
gDYKDrbERUXTnCayjBrC gDYKDrbERUXTnCayjBrC
iVjkcMenotYGMFEBTvoa
SitzoubgYFeTjmkLjVPz SitzoubgYFeTjmkLjVPz
