oUyBZvEHNPOWtAsHANHU eWGFHgdBASXJbxQbYrCG hNRcEeFjmsmOnuOdNAXl eqwycKZriorIAbsUBjxu tItiZloipgPmLuONrNnZ cAvnOxZJtanpVvcAxJHM tItiZloipgPmLuONrNnZ JKNUHFrXPStBWMuUOVkj eWVKeYegIFOJxvfRkjek OWCblOtQanZakRLMqMxz VVzvLIOwARaWwhQTKPrx eqwycKZriorIAbsUBjxu MeohNnftDTzllMTGwxnG CCYBPFZgoOONzoEeTKzC CcspnGXfrmzZRWjdMjLd PojKKQvEDmFOnJinujFi hpQFeVriPZmwKZcYFAWN NBTlGJqSnWahMvuDlXAm rqqedkokePZFdhDbMNpX IUJDEWwYxhQimsCqnrFH rqqedkokePZFdhDbMNpX IuNNJvHSmYKpVBzmzuJX znYRMYifzQwyixuIXDnz IuNNJvHSmYKpVBzmzuJX fDAbzsYfiXDxOIsITcQl NVPacTSrBMpDkMBotiWB fDAbzsYfiXDxOIsITcQl JGmrlhNqKarRJZMikIzR gUlgGYCPZjsRiFLqnVun JGmrlhNqKarRJZMikIzR RoJsXhmBaCWhexsUOZgS QMnEKXGwZYUlreveNjwA XZRBuctXhYPbWardFSZS CcspnGXfrmzZRWjdMjLd oMKDNkBacLxexXKHqXfF UcwddMmmNJxPoUiuiyvm JOFEBwAKkbqhkHCsIrdY ikjgYLaZRolSrbIYyKBd CXrruomvXfADUrHxMwZi ikjgYLaZRolSrbIYyKBd tItiZloipgPmLuONrNnZ JKNUHFrXPStBWMuUOVkj QFaSXENOfunmdZIBqDsS UMfDYlvFlUVuogMRkWNG lPMfQyVLDIZczBuDgsVQ UMfDYlvFlUVuogMRkWNG QFaSXENOfunmdZIBqDsS JKNUHFrXPStBWMuUOVkj tItiZloipgPmLuONrNnZ ikjgYLaZRolSrbIYyKBd oUyBZvEHNPOWtAsHANHU
35
oUyBZvEHNPOWtAsHANHU oUyBZvEHNPOWtAsHANHU
eWGFHgdBASXJbxQbYrCG eWGFHgdBASXJbxQbYrCG
hNRcEeFjmsmOnuOdNAXl hNRcEeFjmsmOnuOdNAXl
eqwycKZriorIAbsUBjxu eqwycKZriorIAbsUBjxu
tItiZloipgPmLuONrNnZ
cAvnOxZJtanpVvcAxJHM cAvnOxZJtanpVvcAxJHM
JKNUHFrXPStBWMuUOVkj JKNUHFrXPStBWMuUOVkj
eWVKeYegIFOJxvfRkjek eWVKeYegIFOJxvfRkjek
OWCblOtQanZakRLMqMxz OWCblOtQanZakRLMqMxz
VVzvLIOwARaWwhQTKPrx VVzvLIOwARaWwhQTKPrx
MeohNnftDTzllMTGwxnG MeohNnftDTzllMTGwxnG
CCYBPFZgoOONzoEeTKzC CCYBPFZgoOONzoEeTKzC
CcspnGXfrmzZRWjdMjLd CcspnGXfrmzZRWjdMjLd
PojKKQvEDmFOnJinujFi PojKKQvEDmFOnJinujFi
hpQFeVriPZmwKZcYFAWN hpQFeVriPZmwKZcYFAWN
NBTlGJqSnWahMvuDlXAm NBTlGJqSnWahMvuDlXAm
rqqedkokePZFdhDbMNpX
IUJDEWwYxhQimsCqnrFH IUJDEWwYxhQimsCqnrFH
IuNNJvHSmYKpVBzmzuJX IuNNJvHSmYKpVBzmzuJX
znYRMYifzQwyixuIXDnz znYRMYifzQwyixuIXDnz
fDAbzsYfiXDxOIsITcQl
NVPacTSrBMpDkMBotiWB NVPacTSrBMpDkMBotiWB
JGmrlhNqKarRJZMikIzR
gUlgGYCPZjsRiFLqnVun gUlgGYCPZjsRiFLqnVun
RoJsXhmBaCWhexsUOZgS
QMnEKXGwZYUlreveNjwA QMnEKXGwZYUlreveNjwA
XZRBuctXhYPbWardFSZS
oMKDNkBacLxexXKHqXfF oMKDNkBacLxexXKHqXfF
UcwddMmmNJxPoUiuiyvm
JOFEBwAKkbqhkHCsIrdY
ikjgYLaZRolSrbIYyKBd
CXrruomvXfADUrHxMwZi CXrruomvXfADUrHxMwZi
QFaSXENOfunmdZIBqDsS
UMfDYlvFlUVuogMRkWNG UMfDYlvFlUVuogMRkWNG
lPMfQyVLDIZczBuDgsVQ lPMfQyVLDIZczBuDgsVQ
