A B hJ hI hJ N hO hP hO N T hS hR hS T U hV hW hV U T AB hAA AB AK hAL AM hAN AM hAL AK hAR BA hAZ BA BB hBC BD hBE BD hBC BB BA BL BU hBT hBS hBR hBS hBT BU BV BW hBX BW BV BU CA CE hCD CE hCF CE hCG CE CA BU BL BK BJ BI BH hBG BH BI BJ BK BL BM BN BO BP hBQ BP BO BN BM BL BA hAR AK AJ AI hAH AI AJ AK AB T N hJ B A
52
A
B hC
hJ hJ
hI hI
N
hO hO
hP hP
T
hS hS
hR hR
U
hV hV
hW hW
AB
hAA hAA
AK
hAL hAL
AM
hAN hAN
hAR hAR
BA
hAZ hAZ
BB
hBC hBC
BD
hBE hBE
BL
BU
hBT hBT
hBS hBS
hBR hBR
BV
BW
hBX hBX
CA
CE
hCD hCD
hCF hCF
hCG hCG
BK
BJ
BI
BH
hBG hBG
BM
BN
BO
BP
hBQ hBQ
AJ
AI
hAH hAH
