0 58 52 3 97 27 38 84 90 12 63 51 22 49 53 62 9 72 66 82 77 93 20 96 44 60 18 26 6 23 8 43 65 31 25 46 7 69 10 54 56 100 73 85 15 95 39 4 14 28 47 61 35 70 45 41 80 16 71 40 24 83 59 67 50 33 42 32 81 76 13 74 34 11 64 57 78 89 21 88 92 48 37 36 19 86 68 2 30 55 79 99 98 17 75 94 87 5 29 102 91 0
101
0
58 58
52 52
3 3
97 97
27 27
38 38
84 84
90 90
12 12
63 63
51 51
22 22
49 49
53 53
62 62
9 9
72 72
66 66
82 82
77 77
93 93
20 20
96 96
44 44
60 60
18 18
26 26
6 6
23 23
8 8
43 43
65 65
31 31
25 25
46 46
7 7
69 69
10 10
54 54
56 56
100 1 100
73 73
85 85
15 15
95 95
39 39
4 4
14 14
28 28
47 47
61 61
35 35
70 70
45 45
41 41
80 80
16 16
71 71
40 40
24 24
83 83
59 59
67 67
50 50
33 33
42 42
32 32
81 81
76 76
13 13
74 74
34 34
11 11
64 64
57 57
78 78
89 89
21 21
88 88
92 92
48 48
37 37
36 36
19 19
86 86
68 68
2 2
30 30
55 55
79 79
99 99
98 98
17 17
75 75
94 94
87 87
5 5
29 29
102
91 91
