Soda L63 L89 L39 L8 L56 L69 L25 L95 L94 L16 L31 L66 L52 L85 L57 L26 L12 L30 L82 L3 L35 L29 L19 L10 L51 L6 L36 L18 L75 L15 L21 L5 L2 L55 L84 L50 L1 L41 L83 L97 L92 L98 L80 L64 L67 L87 L23 L32 L46 L32 Soda
50
Soda
L63 L63
L89 L89
L39 L39
L8 L8
L56 L56
L69 L69
L25 L25
L95 L95
L94 L94
L16 L16
L31 L31
L66 L66
L52 L52
L85 L85 L91
L57 L57
L26 L26
L12 L12
L30 L30
L82 L82
L3 L3
L35 L35
L29 L29
L19 L19
L10 L10
L51 L51
L6 L6
L36 L36
L18 L18
L75 L75
L15 L15
L21 L21
L5 L5
L2 L2
L55 L55
L84 L84
L50 L50
L1 L1
L41 L41
L83 L83
L97 L97
L92 L92
L98 L98
L80 L80
L64 L64
L67 L11 L67
L87 L87
L23 L23
L32
L46 L46
