Soda L62 L183 L169 L133 L145 L121 L52 L177 L83 L98 L116 L75 L22 L163 L166 L191 L86 L61 L23 L34 L44 L159 L27 L171 L151 L92 L114 L157 L50 L102 L113 L190 L158 L108 L168 L101 L119 L69 L135 L67 L149 L176 L124 L11 L12 L84 L25 L70 L4 L150 L172 L24 L186 L79 L188 L194 L189 L81 L193 L85 L32 L5 L93 L174 L130 L97 L173 L45 L63 L115 L21 L43 L68 L143 L167 L37 L90 L125 L89 L14 L74 L0 L122 L39 L35 L132 L54 L117 L13 L103 L164 L60 L107 L126 L57 L198 L99 L76 L192 L106 L9 L96 Soda
103
Soda
L62 L62
L183 L183
L169 L169
L133 L133
L145 L145
L121 L121
L52 L52
L177 L177
L83 L83
L98 L98
L116 L116
L75 L75
L22 L22
L163 L163
L166 L166
L191 L191
L86 L86
L61 L61
L23 L23
L34 L34
L44 L44
L159 L159
L27 L27
L171 L171
L151 L151
L92 L92
L114 L114
L157 L157
L50 L50
L102 L102
L113 L113
L190 L190
L158 L158
L108 L108
L168 L168
L101 L101
L119 L119
L69 L69
L135 L135
L67 L67
L149 L149
L176 L176
L124 L124
L11 L11
L12 L12
L84 L84
L25 L25
L70 L70
L4 L4
L150 L150
L172 L172
L24 L24
L186 L186
L79 L79
L188 L188
L194 L194
L189 L189
L81 L81
L193 L193
L85 L85
L32 L32
L5 L5
L93 L93
L174 L174
L130 L130
L97 L97
L173 L173
L45 L45
L63 L63
L115 L115
L21 L21
L43 L43
L68 L68
L143 L143
L167 L167
L37 L37
L90 L90
L125 L125
L89 L89
L14 L14
L74 L74
L0 L0
L122 L122
L39 L39
L35 L35
L132 L132
L54 L54
L117 L117
L13 L13
L103 L103
L164 L164
L60 L60
L107 L107
L126 L126
L57 L49
L198 L198
L99 L99
L76 L76
L192 L192
L106
L9 L9
L96
