Soda location4 location8 location43 location39 location13 location11 location41 location7 location17 location33 location6 location26 location42 location28 location23 location32 location37 location22 location2 location36 location18 location25 location1 location45 location24 location35 location16 location29 location34 location12 location50 location10 location47 location38 location21 location46 location27 location30 location96 location44 location15 location20 location48 location9 location74 location14 location5 location46 location19 location49 location31 location85 location3 Soda
53
Soda
location4 location4
location8 location8
location43 location43
location39 location39
location13 location13
location11 location11
location41 location41
location7 location7
location17 location17
location33 location33
location6 location6
location26 location26
location42 location42
location28 location28
location23 location23
location32 location32
location37 location37
location22 location22
location2 location2
location36 location36
location18 location18
location25 location25
location1 location1
location45 location45
location24 location24
location35 location35
location16 location16
location29 location29
location34 location34
location12 location12
location50 location50
location10 location10
location47 location47
location38 location38
location21 location21
location46 location40 location46
location27 location27
location30 location30
location96
location44 location44
location15 location15
location20 location20
location48 location48
location9 location9
location74
location14 location14
location5 location5
location19 location19
location49 location49
location31 location31
location85
location3 location3
