Soda location25 location14 location16 location7 location10 location3 location21 location24 location4 location2 location17 location23 location9 location20 location4 location22 location18 location12 location33 location1 location8 location44 location15 location5 location28 location13 location38 location6 location21 location43 location19 location18 location11 location18 location35 Soda
32
Soda
location25 location25
location14 location14
location16 location16
location7 location7
location10 location10
location3 location3
location21 location21
location24 location24
location4 location4
location2 location2
location17 location17
location23 location23
location9 location9
location20 location20
location22 location22
location18 location18
location12 location12
location33
location1 location1
location8 location8
location44
location15 location15
location5 location5
location28
location13 location13
location38
location6 location6
location43
location19 location19
location11 location11
location35
