Jingzhou Ghugus Veenendaal Shizunaifurukawacho Shumen Jeypore Malnate Kheri Carouge Carmichael elCampello NiagaraFalls Chittaranjan BurgbeiMagdeburg Kabarnet Tabatinga Colachel Ibri Rembangan Thamaga Bejucal TanahMerah LondonderryCountyBor Radnor RioFormoso AzZuwaytinah Ronse Ketrzyn SanJosedeOcoa Tottori Kiruna Srinagar Kirovsk KrasnoyeSelo Ouarzazat Entroncamento Chegem Khabarovsk Crespo Falun Lysva Shively Depok FortLauderdale Jinotega JabalosSaraj Sanaa Sarzedo AbualMatamir SaintMichael Rangae SaintMichael MelitodiNapoli BeneBeraq Gangtok Kheri Ermelo Geilenkirchen NovyyBuh Sagalo CroixdesBouquets Manduria Ghugus Jingzhou
60
Jingzhou
Ghugus Ghugus
Veenendaal Veenendaal
Shizunaifurukawacho Shizunaifurukawacho
Shumen Shumen
Jeypore Jeypore
Malnate Malnate
Kheri Kheri
Carouge Carouge
Carmichael Carmichael
elCampello elCampello
NiagaraFalls
Chittaranjan Chittaranjan
BurgbeiMagdeburg BurgbeiMagdeburg
Kabarnet Kabarnet
Tabatinga Tabatinga
Colachel Colachel
Ibri Ibri
Rembangan Rembangan
Thamaga Thamaga
Bejucal Bejucal
TanahMerah TanahMerah
LondonderryCountyBor LondonderryCountyBor
Radnor Radnor
RioFormoso RioFormoso
AzZuwaytinah AzZuwaytinah
Ronse Ronse
Ketrzyn Ketrzyn
SanJosedeOcoa SanJosedeOcoa
Tottori Tottori
Kiruna
Srinagar Srinagar
Kirovsk Kirovsk
KrasnoyeSelo
Ouarzazat Ouarzazat
Entroncamento Entroncamento
Chegem Chegem
Khabarovsk Khabarovsk
Crespo Crespo
Falun
Lysva Lysva
Shively Shively
Depok Depok
FortLauderdale FortLauderdale
Jinotega
JabalosSaraj JabalosSaraj
Sanaa Sanaa
Sarzedo Sarzedo
AbualMatamir
SaintMichael SaintMichael
Rangae Rangae
MelitodiNapoli
BeneBeraq BeneBeraq
Gangtok Gangtok
Ermelo Ermelo
Geilenkirchen
NovyyBuh
Sagalo Sagalo CoonRapids
CroixdesBouquets
Manduria Manduria
