LesLilas AinBessem Aracuai Zhaodong Geiro Skelmersdale FortWorth Acireale Baramula Sorada SouthSaintPaul Kemise Shurugwi Manacapuru Gorgan Shimofurano Arzamas Sobue Johnston Wenchi Hangu Daokou Sosnovka HaciendaLaCalera KotRadhaKishan Izhevsk Ibirataia Hirosaki TagbilaranCity MineralnyeVody BlueIsland ChalcodeDiazCovarrub Kambove MonteAlegre CapimGrosso SantanadoLivramento SaintCyrlEcole Haora Kineshma SpanishTown Lloydminster Korsakov NahiyatashShinafiyah Mocoa EastLongmeadow Tabou Embu FetestiGara PortoVelho Kotka NoblePark SanJuandelaMaguana Andrychow GuaMusang Banting Itororo Ortaca Morwa Braila Bury Rhondda Mabopane Prostejov Vaniyambadi Yafo Shieli AramokoEkiti Pezinok Belalcazar Oerlinghausen Anjarah Purnia WestIslip Mauban Escada Pozzuoli Haripur Langenhorn Acireale Ontinyent Vyazniki Marchena Garbsen Rivas Twante SenaMadureira Oyonnax SenadorPompeu Angleton Mondlo AinArnat Battambang Mandan Butuan Kaifeng Aringay AshtonunderLyne Shchekino Espiye GongdanglegiKulon VillaPauladeSarmient GongdanglegiKulon Acarau Akcaabat Arang Wangon EastLongmeadow Gowurdak Tangzhai Turek PriegodeCordoba Shimofurano Nagar Fuxin Baramula Acireale Kairouan Johnston Wenchi Gunzenhausen Shobara MadinatHamad Winnipeg Ipil LesLilas
116
LesLilas
AinBessem AinBessem
Aracuai Aracuai
Zhaodong Zhaodong
Geiro
Skelmersdale Skelmersdale
FortWorth FortWorth
Acireale Acireale
Baramula Baramula
Sorada Sorada
SouthSaintPaul SouthSaintPaul
Kemise Kemise
Shurugwi Shurugwi
Manacapuru Manacapuru
Gorgan Gorgan
Shimofurano Shimofurano
Arzamas Arzamas
Sobue Sobue
Johnston Johnston
Wenchi Wenchi
Hangu Hangu
Daokou Daokou
Sosnovka Sosnovka
HaciendaLaCalera HaciendaLaCalera
KotRadhaKishan KotRadhaKishan
Izhevsk Izhevsk
Ibirataia Ibirataia
Hirosaki Hirosaki
TagbilaranCity TagbilaranCity
MineralnyeVody MineralnyeVody
BlueIsland BlueIsland
ChalcodeDiazCovarrub ChalcodeDiazCovarrub
Kambove Kambove
MonteAlegre MonteAlegre
CapimGrosso CapimGrosso
SantanadoLivramento SantanadoLivramento
SaintCyrlEcole SaintCyrlEcole
Haora Haora
Kineshma Kineshma
SpanishTown SpanishTown
Lloydminster Lloydminster
Korsakov Korsakov
NahiyatashShinafiyah NahiyatashShinafiyah
Mocoa Mocoa
EastLongmeadow EastLongmeadow
Tabou Tabou
Embu Embu
FetestiGara FetestiGara
PortoVelho PortoVelho
Kotka Kotka
NoblePark NoblePark
SanJuandelaMaguana SanJuandelaMaguana
Andrychow Andrychow
GuaMusang GuaMusang
Banting
Itororo Itororo
Ortaca Ortaca
Morwa Morwa
Braila Braila
Bury Bury
Rhondda Rhondda
Mabopane Mabopane
Prostejov Prostejov
Vaniyambadi Vaniyambadi
Yafo Yafo
Shieli Shieli
AramokoEkiti
Pezinok Pezinok
Belalcazar Belalcazar
Oerlinghausen Oerlinghausen
Anjarah Anjarah
Purnia
WestIslip WestIslip
Mauban
Escada Escada
Pozzuoli Pozzuoli
Haripur Haripur
Langenhorn Langenhorn
Ontinyent Ontinyent
Vyazniki Vyazniki
Marchena
Garbsen Garbsen
Rivas Rivas
Twante Twante
SenaMadureira SenaMadureira
Oyonnax
SenadorPompeu SenadorPompeu
Angleton Angleton
Mondlo
AinArnat AinArnat
Battambang Battambang
Mandan
Butuan Butuan
Kaifeng Kaifeng
Aringay
AshtonunderLyne AshtonunderLyne
Shchekino Shchekino
Espiye Espiye
GongdanglegiKulon
VillaPauladeSarmient VillaPauladeSarmient
Acarau Acarau
Akcaabat Akcaabat
Arang
Wangon Wangon
Gowurdak Gowurdak
Tangzhai Khulm
Turek Turek
PriegodeCordoba PriegodeCordoba
Nagar Nagar
Fuxin Fuxin
Kairouan Kairouan
Gunzenhausen Gunzenhausen
Shobara
MadinatHamad MadinatHamad
Winnipeg
Ipil
