Kaimganj Leixlip Isakogorka Korolev Tsirang GobernadorGalvez Novopokrovskaya Anahuac MilpaAlta MontecatiniTerme Gobo Racine PinhalNovo Kansk EncarnaciondeDiaz Mesa Yucheng Tsukawaki Karasuyama Pinas Tocache Fandriana Tocache GobernadorGalvez Narangba Dankov Malaybalay Norristown Pilibhit Fagaras Pilibhit Irvine Pilibhit Norristown Brecht Tsirang MilpaAlta Kaimganj
30
Kaimganj
Leixlip Leixlip
Isakogorka Isakogorka
Korolev Korolev
Tsirang Tsirang
GobernadorGalvez GobernadorGalvez
Novopokrovskaya Novopokrovskaya Albi
Anahuac Anahuac
MilpaAlta MilpaAlta
MontecatiniTerme MontecatiniTerme
Gobo Gobo
Racine Racine
PinhalNovo PinhalNovo
Kansk
EncarnaciondeDiaz EncarnaciondeDiaz
Mesa
Yucheng Yucheng
Tsukawaki Tsukawaki
Karasuyama Karasuyama
Pinas
Tocache Tocache
Fandriana Fandriana
Narangba Narangba
Dankov Dankov
Malaybalay
Norristown
Pilibhit Pilibhit
Fagaras Fagaras
Irvine Irvine
Brecht Brecht
