IRUxJNqQHDtKwk q9b8L0oiOJr 4pWeD5 EJOi3LI92xJB eJxYI mQzeU6iv7 SoHxfA Tb5qjVS0DSkDKD fgxHyKXvIAKSHtMEoO 7F9H97joVTdU8ZEpeb Xn8chReB4cAIE2gsbLF tYEQUyLbbkP1dOjF K6 6mx6unEnl cPnISetFj7gG8o9K tZ fMV6tQxP AUKNFdTo r5x QyWIcdD7GorZtfQJb I0a5SBtiDKckQxXh155L 4W JQX0b S5 q4W 8I1AatPM 1p3lWfo8qHHC 0e cPnISetFj7gG8o9K 13GDMZYtkIBDG8SVi5px iztqe0IzNSYeIUxP5Ys IRUxJNqQHDtKwk
30
IRUxJNqQHDtKwk IRUxJNqQHDtKwk
q9b8L0oiOJr q9b8L0oiOJr
4pWeD5 4pWeD5
EJOi3LI92xJB EJOi3LI92xJB
eJxYI
mQzeU6iv7 mQzeU6iv7
SoHxfA vngV9R4 SoHxfA
Tb5qjVS0DSkDKD Tb5qjVS0DSkDKD
fgxHyKXvIAKSHtMEoO fgxHyKXvIAKSHtMEoO
7F9H97joVTdU8ZEpeb 7F9H97joVTdU8ZEpeb
Xn8chReB4cAIE2gsbLF Xn8chReB4cAIE2gsbLF
tYEQUyLbbkP1dOjF
K6 K6 qKAN35ZxfJxs2n
6mx6unEnl 6mx6unEnl
cPnISetFj7gG8o9K cPnISetFj7gG8o9K
tZ tZ
fMV6tQxP fMV6tQxP
AUKNFdTo AUKNFdTo
r5x r5x
QyWIcdD7GorZtfQJb QyWIcdD7GorZtfQJb
I0a5SBtiDKckQxXh155L I0a5SBtiDKckQxXh155L
4W 4W
JQX0b JQX0b
S5 S5
q4W
8I1AatPM 8I1AatPM Kpec
1p3lWfo8qHHC 1p3lWfo8qHHC 9PHu2NLeEO
0e 0e
13GDMZYtkIBDG8SVi5px 13GDMZYtkIBDG8SVi5px
iztqe0IzNSYeIUxP5Ys
