2tgqbRzViyLj2zTX l HwQeXpOEZHQ3s hVfqebryM4wN A67f K0A9bbVLm9atwTf EJDqk Plmj0j EJDqk 2AR73oQdnbYqnDCGMFS uy3ouNIxumu7jEuoP1 GPeb ImSpax 7h2PJW8oD2ihKQrfQ6 lt1a5E0H JyObTOXbOI cYPTdnJWL wcmx8dhmsO K6yVeBnomxSBet nWkakNi6Qt9d4g o3refHnx4qioqHztqMYE zzYmU5YFhvp1 C8PRtY0wMczFLQQYxa VNvsbB7eWJcAK0fU mMU5Ux7Gh9w akZmiQ7tmX 1ds7sqHhanMKkMy 6yeW7sat9rvd wBJRoqVxn1t Mu 6DVIvuGfPs2BU hpRsyMlXH1H vJxAK1LaHyuu4yFNeul KtvQaJqCJTRpXM8ZI s BR CmV 7Q zI 7Q L STJYwXq9HmmawT vAIBd1Ae fzp 61 nqeGwct a5oWSrhkZ1i hjCFXN9kbqn0UCNsZ frNA534JEvY4f 2tgqbRzViyLj2zTX
47
2tgqbRzViyLj2zTX G50hiUpVStHCMrd
l l
HwQeXpOEZHQ3s HwQeXpOEZHQ3s
hVfqebryM4wN hVfqebryM4wN
A67f A67f
K0A9bbVLm9atwTf K0A9bbVLm9atwTf
EJDqk
Plmj0j Plmj0j
2AR73oQdnbYqnDCGMFS 2AR73oQdnbYqnDCGMFS
uy3ouNIxumu7jEuoP1 MBLHuIgjJIXs
GPeb GPeb
ImSpax ImSpax
7h2PJW8oD2ihKQrfQ6
lt1a5E0H llx2p lt1a5E0H
JyObTOXbOI
cYPTdnJWL cYPTdnJWL
wcmx8dhmsO wcmx8dhmsO
K6yVeBnomxSBet
nWkakNi6Qt9d4g nWkakNi6Qt9d4g
o3refHnx4qioqHztqMYE o3refHnx4qioqHztqMYE
zzYmU5YFhvp1 zzYmU5YFhvp1
C8PRtY0wMczFLQQYxa
VNvsbB7eWJcAK0fU VNvsbB7eWJcAK0fU
mMU5Ux7Gh9w
akZmiQ7tmX akZmiQ7tmX
1ds7sqHhanMKkMy M1PxrOPSNUVpc jvdVvQ
6yeW7sat9rvd 6yeW7sat9rvd
wBJRoqVxn1t wBJRoqVxn1t
Mu Mu
6DVIvuGfPs2BU 6DVIvuGfPs2BU
hpRsyMlXH1H
vJxAK1LaHyuu4yFNeul vJxAK1LaHyuu4yFNeul
KtvQaJqCJTRpXM8ZI KtvQaJqCJTRpXM8ZI
s
BR BR hU
CmV CmV
7Q 7Q
zI zI
L L
STJYwXq9HmmawT
vAIBd1Ae vAIBd1Ae
fzp
61 61
nqeGwct nqeGwct
a5oWSrhkZ1i f
hjCFXN9kbqn0UCNsZ hjCFXN9kbqn0UCNsZ
frNA534JEvY4f frNA534JEvY4f
