0 13 65 67 8 16 68 82 44 93 50 51 29 31 75 69 53 33 14 1 81 42 15 56 35 32 39 88 27 71 84 58 89 90 9 30 54 30 86 94 86 87 91 38 62 41 37 36 83 60 6 21 12 77 43 41 95 41 46 99 46 19 0 97 0
58
0
13
65 65
67 67
8 8
16 16
68 68
82 82
44 44
93 93
50 50
51 51
29 29
31 31
75 75
69 69
53 25 53
33 33
14 14
1 72
81 81
42
15 15
56 56
35 35
32 32
39 39
88 88
27
71 71
84 84
58 58
89 89
90 90
9 9
30
54 54
86
94 94
87 87
91 91
38
62 62
41
37 37
36 36
83 83
60
6 6 40
21 21
12 12
77 77
43 43
95 95
46 46
99 99
19
97 97
