0 5 3 10 6 8 19 14 20 22 21 23 26 24 30 25 39 35 32 40 38 37 42 51 52 57 43 41 48 53 56 55 59 60 66 58 62 64 65 68 67 71 70 84 72 77 78 76 81 85 86 83 93 88 103 96 97 100 104 105 102 107 113 110 109 116 114 115 119 126 132 125 121 144 159 134 146 151 166 160 168 148 162 169 163 172 171 174 173 182 175 187 176 183 188 190 196 5 191 195 0
99
0 0 185
5 5
3 3
10 10
6 6
8 8
19 19
14 14
20 20
22 22
21 21
23 23
26 26
24 24
30 30
25 25
39 39
35 35
32 32
40 40
38 38
37 37
42 42
51 51
52 52
57 57
43 43
41 41
48 48
53 53
56 56
55 55
59 59
60 60
66 66
58 58
62 62
64 64
65 65
68 68
67 67
71 71
70 70
84 84
72 72
77 77
78 78
76 76
81 81
85 85
86 86
83 83
93 93
88 88
103 103
96 96
97 97
100 100
104 104
105 105
102 102
107 107
113 113
110 110
109 109
116 116
114 114
115 115
119 119
126 126
132 132
125 125
121 121
144 144
159 159
134 134
146 146
151 151
166 166
160 160
168 168
148 148
162 162
169 169
163 163
172 172
171 171
174 174
173 173
182 182
175 175
187 187
176 176
183 183
188 188
190 190
196 196
191 191
195 195
