0 68 18 163 18 20 178 20 189 20 18 140 18 147 18 141 18 164 18 157 18 139 18 20 182 20 169 20 192 20 18 155 18 161 18 20 190 20 170 20 167 20 180 20 18 160 18 136 18 20 181 20 195 20 184 20 187 20 172 20 188 20 18 152 18 148 18 20 166 20 198 20 196 20 199 176 132 18 149 165 168 183 191 173 193 131 162 186 146 133 144 134 138 177 171 175 143 154 159 151 142 185 179 174 197 137 18 68 0
66
0
68
18 130 135 145 150 153 156 158
163 163
20 194
178 178
189 189
140 140
147 147
141 141
164 164
157 157
139 139
182 182
169 169
192 192
155 155
161 161
190 190
170 170
167 167
180 180
160 160
136 136
181 181
195 195
184 184
187 187
172 172
188 188
152 152
148 148
166 166
198 198
196 196
199 199
176 176
132 132
149 149
165 165
168 168
183 183
191 191
173 173
193 193
131 131
162 162
186 186
146 146
133 133
144 144
134 134
138 138
177 177
171 171
175 175
143 143
154 154
159 159
151 151
142 142
185 185
179 179
174 174
197 197
137 137
