1 147 1 51 1 147 13 28 137 133 154 155 5 155 154 129 185 25 173 25 47 107 47 3 21 157 21 167 21 83 164 197 135 97 33 101 123 124 87 175 109 59 36 141 36 63 35 27 131 17 139 11 57 75 115 183 171 196 7 99 105 10 39 95 15 41 43 85 111 103 145 191 82 117 38 34 67 181 91 140 169 9 179 49 73 45 121 53 121 45 189 66 93 31 65 77 187 77 23 61 163 113 195 55 19 7 196 71 195 165 26 119 153 37 81 72 125 72 149 144 193 177 4 127 142 143 89 78 159 181 199 161 29 91 50 1
116
1 1
147 147
51 51
13 13
28
137 137
133 133
154
155 155
5 5
129 129
185 185
25 25
173 173
47 47
107 107
3 3
21 21
157 79 157
167 167
83 83
164
197 197
135 69 135
97 97
33 33
101 101
123 123
124
87 87
175 175
109 109
59 59
36
141 141
63 63
35 35
27 27
131 131
17 17
139 139
11 11
57 57
75 75
115 115
183 183
171 171
196
7 7 151
99 99
105 105
10
39 39
95 95
15 15
41 41
43 43
85 85
111 111
103 103
145 145
191 191
82
117 117
38
34
67 67
181 181
91 91
140
169 169
9 9
179 179
49 49
73 73
45 45
121 121
53 53
189 189
66
93 93
31 31
65 65
77 77
187 187
23 23
61 61
163 163
113 113
195 195
55 55
19 19
71 71
165 165
26
119 119
153 153
37 37
81 81
72
125 125
149 149
144
193 193
177 177
4
127 127
142
143 143
89 89
78
159 159
199 199
161 161
29 29
50
