0 49 0 1 3 1 4 1 6 11 16 19 16 18 17 16 11 6 9 6 11 15 11 6 1 0 49 46 52 53 51 57 51 54 51 57 56 61 67 61 65 64 61 56 58 56 61 63 62 61 67 66 72 73 72 66 68 66 70 66 72 71 76 81 84 81 82 83 81 86 89 86 81 76 80 79 76 78 76 81 86 88 86 91 94 91 92 91 86 81 76 71 72 66 67 61 56 57 51 52 46 41 45 44 41 43 42 41 36 39 36 31 34 31 33 31 36 41 46 48 46 41 36 38 36 41 46 50 49 0 1 6 11 16 22 23 21 26 28 26 21 25 21 22 16 11 6 1 0
66
0
49 49
1
3 3
4 4
6
11
16 20
19 19
18 18
17 17
9 9
15 15
46 47
52
53 53
51
57 57
54 54
56
61
67 67
65 65
64 64
58 58
63 63
62 62
66
72 72
73 73
68 68
70 70
71
76
81
84 84
82 82
83 83
86
89 89
80 80
79 79
78 78
88 88
91 93 95
94 94
92 92
41
45 45
44 44
43 43
42 42
36 40
39 39
31
34 34
33 33
48 48
38 38
50 50
22
23 23
21
26 27
28 28
25 25
