6nj6dyOK UfRMeyI7 mXjWiYol o1w8sSXK vVYZOPt6 kkvcm3Qd c9Hgvc9w q1vN3eei FPDwKJIj Ym8LPSnY 8KVhuJvd OpfVa1HT 0zB29H2A R4zDiMu3 ucMA0iSv Y93BYexY yYTqCbSD 7CrB3pCm tDh0gTYH xTHVuNZl yqX5KOVJ KuVHgP1J Pi99fmGL KJQpAqYk FSF4Na2U w3Radp7c ayFODfwg S9dNuWxm rGjz0gOd AMieum8U GVK6CciB NL9qZEp0 UmgiH1K9 iT0t8noc HXMHfRTC 9IHe97Yy 87yhsuRE HEJxX3gA xZfXXUDQ mjMe14fC 7IV7YjRX JMul31yq WlxPulQd 8ni5D4t7 g5YhtPSt 8ni5D4t7 mXjWiYol UfRMeyI7 6nj6dyOK K3J88UDV 1aJdK4y9 xULc5Xg4 2og9s1wD sR6JAufL 8e8OWOIi 6GJHoNdy B0wYReom 2mQchaeu Af1jBIly Rn4zxmTr bMSvK9eQ H2BV5cDz UQ4QaUHy QeSUIsQ1 hc6YxxqG gd207oOq aPSEsY2w rZiSDNtK aPSEsY2w E85AysUp Rv8rDvqp 1cr6aFpX PagRRYIg nKZTEeUl YLp2gziD 8tOszPqV H8eN9fj5 lvlSObqb CrvusN6e lvlSObqb nKZTEeUl gbolqDJc 6nj6dyOK
75
6nj6dyOK 6nj6dyOK
UfRMeyI7 UfRMeyI7
mXjWiYol mXjWiYol
o1w8sSXK o1w8sSXK
vVYZOPt6
kkvcm3Qd
c9Hgvc9w c9Hgvc9w
q1vN3eei q1vN3eei
FPDwKJIj FPDwKJIj
Ym8LPSnY
8KVhuJvd
OpfVa1HT OpfVa1HT
0zB29H2A 0zB29H2A
R4zDiMu3 R4zDiMu3
ucMA0iSv ucMA0iSv
Y93BYexY
yYTqCbSD
7CrB3pCm
tDh0gTYH tDh0gTYH
xTHVuNZl xTHVuNZl
yqX5KOVJ yqX5KOVJ
KuVHgP1J
Pi99fmGL
KJQpAqYk
FSF4Na2U
w3Radp7c
ayFODfwg ayFODfwg
S9dNuWxm S9dNuWxm
rGjz0gOd rGjz0gOd
AMieum8U AMieum8U
GVK6CciB
NL9qZEp0 NL9qZEp0
UmgiH1K9 UmgiH1K9
iT0t8noc iT0t8noc
HXMHfRTC
9IHe97Yy 9IHe97Yy
87yhsuRE
HEJxX3gA HEJxX3gA
xZfXXUDQ
mjMe14fC
7IV7YjRX 7IV7YjRX
JMul31yq JMul31yq
WlxPulQd WlxPulQd
8ni5D4t7 8ni5D4t7
g5YhtPSt g5YhtPSt
K3J88UDV K3J88UDV
1aJdK4y9 1aJdK4y9
xULc5Xg4 xULc5Xg4
2og9s1wD
sR6JAufL sR6JAufL
8e8OWOIi 8e8OWOIi
6GJHoNdy
B0wYReom B0wYReom
2mQchaeu 2mQchaeu
Af1jBIly Af1jBIly
Rn4zxmTr
bMSvK9eQ
H2BV5cDz H2BV5cDz
UQ4QaUHy
QeSUIsQ1 QeSUIsQ1
hc6YxxqG hc6YxxqG
gd207oOq gd207oOq
aPSEsY2w aPSEsY2w
rZiSDNtK rZiSDNtK
E85AysUp
Rv8rDvqp Rv8rDvqp
1cr6aFpX 1cr6aFpX
PagRRYIg PagRRYIg
nKZTEeUl nKZTEeUl
YLp2gziD
8tOszPqV 8tOszPqV
H8eN9fj5
lvlSObqb lvlSObqb
CrvusN6e CrvusN6e
gbolqDJc gbolqDJc
