fa3ra0T7 GZiGmLq9 FdbcCrtB PLFYaVF6 qnVestAH PLFYaVF6 FdbcCrtB GZiGmLq9 fa3ra0T7 Ah46Ofm8 SUGv8yIU REvLgkhf X4DALK1Z Rd2M5nw8 OJgw7XgR itC9pvuP CczWZLd1 tHTE6eug n7VUygaC 2KepLMXB APMxsbBa d4U8kEOb 3MYamZSb cZyhnB0I 0PR6ikBf xRPgtW5C kTn5Wdms 80BwLCcj poaWnZDO FGbFUcoj MwmVLu2P xZQyzblz DA7bDRCs 6hjWynHN wusYsf5E U7cZo0h2 dzvtjag1 NSdaWdL7 SG64DwCC n7cwD1GE 7czjmzr9 91Uq51QB m9MRh7a0 JfDq1Cs2 tCAdUY4B iJuLSUhp WOCLylig ZmF2u9Cy mrK2EXuk ca785uLx EB4WBsTV aACN5TTZ h4MzKYRp iF2sCG7R B65DnegI xzWL2Pp8 IZjIq9He RjDUex61 lqKnzPvP ZS8CQaI7 EEVF7P1A R2FCohpD wd6UNY9N 12RjOKOH 62Mn9lau o4xf7nVd BOlNhFGU gKOyNQPh aWGQETjI mlHu9OVg EAWv9kfQ wZJN4OBT kMauNR5Y gmal2HHS zvH4AKmS 43ehQX6O YWqBlkAs eJJL3lWa CxnbNU8s 4pgwpiHi miUcr0K7 eHAI1Emd 8avKqSxh ZCQYXo7t FgxkC8N1 MeetuZNx Q6NMHx0B 04vrMVdi WvzZeqnS O5yBujnu v654W2Kr xI4hMIxA w0QWGw2L n0riP8Jl 0MyIUMFM KcGXxWyr u2ZI4Bp6 b850DFfF ciNFdHxl 9FVeC0va mSd4Nw6v 7Xy44hse VDai7XkI Pz0LLMil hBRDGWam 9OV097CE jc6bXCnq uMuBYvMK SdpsKJEm P0hOEoLv svPb07cv y7NjqOqM CBKWpDQv gX4kBNm4 JqKGA9ul AmaYXBsi NpH6Hpsr jKNn1ZQ1 WPOgjVLu bJ22zvWV yRH0nOtz 7P5zi9hu Tb8W969R yIRIspJJ UiMRtBop CGddIqkC aZcuESum 6dJ0UicP xkCjqYXa 1gtWVzKV nDVKj516 bUsapUoo aSd01nMZ 3L2NkWiR zpLQ0R0G RleTQaHw oECxPSEB dB8nWjnw eF0ueRyu qtXV58SN VqqukjeY ntaFp6yn 1FIjcsO2 uYGlfCi2 sFR9mcaG eFJgi8X6 8Rfeklr1 J2tz5Jy2 LvdUl8D5 d5gzYuse 97y3ut3B RGBDWX4o 8LVjFaQv ijk5cHsH 1dr1nBQ7 ijk5cHsH 8LVjFaQv 1Xrx7hj3 Q7hUKAHQ 1Xrx7hj3 v654W2Kr O5yBujnu WvzZeqnS IdGLl1to PMzcqvQL W7b2i2pG BkhTgoaJ CIF8DWXL yWlzbESz oqraQ3aF NBKhkccj rbWYBihd nFqouQp3 6MPulFAv ZtfcEeD9 lwKMUcFL lWuh5cH8 uEOMgmS6 7VEdC8Bn KZzTlcqA KbQF6Z1I VgwgAKMz FqE4GP0Y Wznv2rRv tKnzhLx5 pDb2VAD0 SqpsWXRw NvpMZWSs HTyyntxa yptfWPBC aDGqWHym 4FNIiWtX Fj27Gybu WOQy49Fo TNblhkGK bKTzHQn4 uEOMgmS6 lWuh5cH8 SUGv8yIU Ah46Ofm8 fa3ra0T7
186
fa3ra0T7 fa3ra0T7
GZiGmLq9
FdbcCrtB FdbcCrtB
PLFYaVF6 PLFYaVF6
qnVestAH qnVestAH
Ah46Ofm8
SUGv8yIU
REvLgkhf
X4DALK1Z X4DALK1Z
Rd2M5nw8 Rd2M5nw8
OJgw7XgR OJgw7XgR
itC9pvuP
CczWZLd1
tHTE6eug
n7VUygaC
2KepLMXB 2KepLMXB
APMxsbBa
d4U8kEOb
3MYamZSb 3MYamZSb
cZyhnB0I
0PR6ikBf
xRPgtW5C xRPgtW5C
kTn5Wdms kTn5Wdms
80BwLCcj
poaWnZDO poaWnZDO
FGbFUcoj FGbFUcoj
MwmVLu2P
xZQyzblz
DA7bDRCs
6hjWynHN
wusYsf5E wusYsf5E
U7cZo0h2 U7cZo0h2
dzvtjag1 dzvtjag1
NSdaWdL7 NSdaWdL7
SG64DwCC SG64DwCC
n7cwD1GE
7czjmzr9
91Uq51QB 91Uq51QB
m9MRh7a0
JfDq1Cs2 JfDq1Cs2
tCAdUY4B tCAdUY4B
iJuLSUhp
WOCLylig WOCLylig
ZmF2u9Cy
mrK2EXuk mrK2EXuk
ca785uLx ca785uLx
EB4WBsTV EB4WBsTV
aACN5TTZ
h4MzKYRp
iF2sCG7R
B65DnegI B65DnegI
xzWL2Pp8 xzWL2Pp8
IZjIq9He
RjDUex61 RjDUex61
lqKnzPvP lqKnzPvP
ZS8CQaI7 ZS8CQaI7
EEVF7P1A
R2FCohpD
wd6UNY9N
12RjOKOH
62Mn9lau 62Mn9lau
o4xf7nVd o4xf7nVd
BOlNhFGU BOlNhFGU
gKOyNQPh gKOyNQPh
aWGQETjI aWGQETjI
mlHu9OVg mlHu9OVg
EAWv9kfQ EAWv9kfQ
wZJN4OBT wZJN4OBT
kMauNR5Y kMauNR5Y
gmal2HHS
zvH4AKmS zvH4AKmS
43ehQX6O 43ehQX6O
YWqBlkAs YWqBlkAs
eJJL3lWa
CxnbNU8s CxnbNU8s
4pgwpiHi
miUcr0K7 miUcr0K7
eHAI1Emd
8avKqSxh 8avKqSxh
ZCQYXo7t
FgxkC8N1
MeetuZNx
Q6NMHx0B
04vrMVdi 04vrMVdi
WvzZeqnS
O5yBujnu O5yBujnu
v654W2Kr
xI4hMIxA
w0QWGw2L w0QWGw2L
n0riP8Jl
0MyIUMFM 0MyIUMFM
KcGXxWyr
u2ZI4Bp6
b850DFfF
ciNFdHxl ciNFdHxl
9FVeC0va
mSd4Nw6v mSd4Nw6v
7Xy44hse 7Xy44hse
VDai7XkI
Pz0LLMil Pz0LLMil
hBRDGWam hBRDGWam
9OV097CE
jc6bXCnq
uMuBYvMK uMuBYvMK
SdpsKJEm
P0hOEoLv
svPb07cv svPb07cv
y7NjqOqM y7NjqOqM
CBKWpDQv CBKWpDQv
gX4kBNm4 gX4kBNm4
JqKGA9ul
AmaYXBsi AmaYXBsi
NpH6Hpsr NpH6Hpsr
jKNn1ZQ1 jKNn1ZQ1
WPOgjVLu
bJ22zvWV bJ22zvWV
yRH0nOtz yRH0nOtz
7P5zi9hu 7P5zi9hu
Tb8W969R Tb8W969R
yIRIspJJ
UiMRtBop
CGddIqkC CGddIqkC
aZcuESum
6dJ0UicP
xkCjqYXa
1gtWVzKV 1gtWVzKV
nDVKj516
bUsapUoo
aSd01nMZ aSd01nMZ
3L2NkWiR
zpLQ0R0G zpLQ0R0G
RleTQaHw RleTQaHw
oECxPSEB
dB8nWjnw
eF0ueRyu eF0ueRyu
qtXV58SN
VqqukjeY
ntaFp6yn ntaFp6yn
1FIjcsO2
uYGlfCi2
sFR9mcaG sFR9mcaG
eFJgi8X6 eFJgi8X6
8Rfeklr1 8Rfeklr1
J2tz5Jy2 J2tz5Jy2
LvdUl8D5 LvdUl8D5
d5gzYuse d5gzYuse
97y3ut3B
RGBDWX4o
8LVjFaQv 8LVjFaQv
ijk5cHsH ijk5cHsH
1dr1nBQ7 1dr1nBQ7
1Xrx7hj3
Q7hUKAHQ Q7hUKAHQ
IdGLl1to IdGLl1to
PMzcqvQL PMzcqvQL
W7b2i2pG W7b2i2pG
BkhTgoaJ
CIF8DWXL CIF8DWXL
yWlzbESz
oqraQ3aF
NBKhkccj
rbWYBihd rbWYBihd
nFqouQp3 nFqouQp3
6MPulFAv
ZtfcEeD9 ZtfcEeD9
lwKMUcFL
lWuh5cH8 lWuh5cH8
uEOMgmS6
7VEdC8Bn
KZzTlcqA KZzTlcqA
KbQF6Z1I
VgwgAKMz VgwgAKMz
FqE4GP0Y FqE4GP0Y
Wznv2rRv Wznv2rRv
tKnzhLx5
pDb2VAD0
SqpsWXRw
NvpMZWSs
HTyyntxa HTyyntxa
yptfWPBC yptfWPBC
aDGqWHym aDGqWHym
4FNIiWtX
Fj27Gybu Fj27Gybu
WOQy49Fo
TNblhkGK TNblhkGK
bKTzHQn4
