0 60 1 62 3 4 21 38 41 64 44 16 13 42 8 61 24 20 6 49 19 46 52 65 50 54 48 14 56 26 37 18 7 31 63 36 11 12 28 39 55 58 59 9 22 2 43 57 25 32 34 51 29 27 10 45 5 53 17 40 30 15 47 35 33 23 0
66
0 0
60 60
1 1
62 62
3 3
4 4
21 21
38 38
41 41
64 64
44 44
16 16
13 13
42 42
8 8
61 61
24 24
20 20
6 6
49 49
19 19
46 46
52 52
65 65
50 50
54 54
48 48
14 14
56 56
26 26
37 37
18 18
7 7
31 31
63 63
36 36
11 11
12 12
28 28
39 39
55 55
58 58
59 59
9 9
22 22
2 2
43 43
57 57
25 25
32 32
34 34
51 51
29 29
27 27
10 10
45 45
5 5
53 53
17 17
40 40
30 30
15 15
47 47
35 35
33 33
23 23
