0 130 75 102 77 143 165 43 70 62 18 157 138 94 80 46 146 70 174 49 117 164 87 136 177 53 64 170 108 170 56 34 90 176 147 26 19 154 47 91 110 72 110 40 116 82 151 52 163 63 86 119 115 131 38 131 36 109 36 95 2 73 161 137 161 175 81 141 125 171 41 122 140 54 79 61 129 27 124 169 155 13 105 101 132 57 86 111 84 128 51 121 4 24 107 98 126 14 99 11 66 65 16 39 16 164 168 130 20 130 0
99
0
130 130
75 75
102 102
77 77
143 143
165 165
43 43
70 70
62 62
18 18
157 157
138 138
94
80 80
46 46
146 146
174 174
49 49
117 117
164
87 87
136 136
177 177
53 53
64 64
170 170
108 108
56 56
34 34
90 90
176 176
147 147
26 26
19 19
154 154
47 47
91 91
110 110
72 72
40 40
116 116
82 82
151 151
52 52
163 163
63 63
86 86
119 1 119
115 115
131 131
38 38
36 36
109 109
95 95
2 2
73 73
161 161
137 137
175
81 81
141 141
125 125
171 171
41
122 122
140 140
54
79 79
61 61
129 74 129
27 27
124 124
169 169
155 155
13
105 105
101 101 172
132 67
57 57
111 111
84 84
128
51 51
121 121
4 4 76
24 24
107
98 98
126
14 14
99 99
11
66 66
65 65
16
39 39
168 168
20 20
