Dannemora Fire Earlville Firthcliffe Highland Farmingville Florida Deer Delanson Dunkirk Frewsburg Delhi Freeville Farnham Highland Freeport Ghent Depauville Fredonia Harbor Fayetteville Herkimer Nyack Fulton Gardiner Friendship Gardiner Falconer Gasport Oceanside Fair Oceanside Flower Hamburg Fleischmanns Fonda Fabius Mills Fishkill Davis Forestville Granville Fairport Geneva Depew Geneva Fairview Hewlett Dexter Germantown Delmar Frankfort Flanders Frankfort DeRuyter Fairmount Dexter Hermon Franklinville Hermon Galeville Delevan Dansville Deferiet Fishers Forest Fishers Haviland Franklin Hamburg Flower Herricks Deposit Earlville Fire Dannemora
63
Dannemora
Fire Fire
Earlville Earlville
Firthcliffe Firthcliffe
Highland
Farmingville Farmingville
Florida Florida
Deer Deer
Delanson Delanson
Dunkirk Dunkirk
Frewsburg Frewsburg
Delhi Delhi
Freeville Freeville
Farnham Farnham
Freeport Freeport
Ghent Ghent
Depauville Depauville
Fredonia Fredonia
Harbor
Fayetteville Fayetteville
Herkimer
Nyack
Fulton Fulton
Gardiner Gardiner
Friendship Friendship
Falconer Falconer
Gasport Gasport
Oceanside
Fair Fair
Flower Flower
Hamburg
Fleischmanns Fleischmanns
Fonda Fonda
Fabius Fabius
Mills
Fishkill Fishkill
Davis Davis
Forestville Forestville
Granville
Fairport Fairport
Geneva Geneva
Depew Depew
Fairview Fairview
Hewlett
Dexter Dexter
Germantown Germantown
Delmar Delmar
Frankfort Frankfort
Flanders Flanders
DeRuyter DeRuyter
Fairmount Fairmount
Hermon
Franklinville Franklinville
Galeville Galeville
Delevan Delevan
Dansville Dansville
Deferiet Deferiet
Fishers Fishers
Forest Forest
Haviland
Franklin Franklin
Herricks
Deposit Deposit
