Acton Carlsbad Bellflower Bolinas Angwin Atascadero Bonsall Clyde Boronda Buttonwillow Bowles Buttonwillow Bystrom Anaheim Calistoga Beckwourth Azusa Brea Bishop Carson Antioch Bluewater Cerritos Bell Alpaugh Benicia Beaumont Calabasas Brentwood Biola Arbuckle Blythe Danville Armona Berkeley Alameda Carrick Bonita Belvedere Arcadia Burbank Camarillo Burbank Calimesa Barstow Capitola Avery Chowchilla Avenal Fruitdale Byron Biggs Brawley Alhambra Cambria Almanor Cambria Cayucos Arvin Bishop Clearlake Ashland Covelo Cartago Bodfish Cotati Boron Cotati August Castroville Fontana Alpine Columbia Carpinteria Columbia Avalon Alamo Banning Dinuba Alturas Florin Calexico Blairsden Atherton Blairsden Calexico Anderson Caribou Folsom Bayview Albany Escondido Atwater Escondido Fruitdale Dixon Broadmoor Amesti Cabazon Crockett Calipatria Crockett Campbell Arnold Bradley Caruthers Freedom Carmichael Duarte Burney Bakersfield Bradbury Bakersfield Canyondam Encinitas Friant Bloomington Ceres Auburn Farmersville Gardena Belden Arcata Corning Brisbane Belmont Arcadia Calwa Fortuna Diablo Artesia Bell Cerritos Aptos Corona Auberry Cupertino Bloomington Ducor Burlingame Ducor Cloverdale Altadena Cloverdale Bootjack Aromas Bystrom Buttonwillow Bowles Compton Acton
129
Acton
Carlsbad Carlsbad
Bellflower Bellflower
Bolinas Bolinas
Angwin Angwin
Atascadero Atascadero
Bonsall Bonsall
Clyde
Boronda Boronda
Buttonwillow Buttonwillow
Bowles Bowles
Bystrom Bystrom
Anaheim Anaheim
Calistoga Calistoga
Beckwourth Beckwourth
Azusa Azusa
Brea Brea
Bishop Bishop
Carson Carson
Antioch Antioch
Bluewater Bluewater
Cerritos Cerritos
Bell Bell
Alpaugh Alpaugh
Benicia Benicia
Beaumont Beaumont
Calabasas Calabasas
Brentwood Brentwood
Biola Biola
Arbuckle Arbuckle
Blythe Blythe
Danville
Armona Armona
Berkeley Berkeley
Alameda Alameda
Carrick Carrick
Bonita Bonita
Belvedere Belvedere
Arcadia Arcadia
Burbank Burbank
Camarillo Camarillo
Calimesa Calimesa
Barstow Barstow
Capitola Capitola
Avery Avery
Chowchilla
Avenal Avenal
Fruitdale
Byron Byron
Biggs Biggs
Brawley Brawley
Alhambra Alhambra
Cambria Cambria
Almanor Almanor
Cayucos Cayucos
Arvin Arvin
Clearlake
Ashland Ashland
Covelo
Cartago Cartago
Bodfish Bodfish
Cotati
Boron Boron
August August
Castroville Castroville
Fontana
Alpine Alpine
Columbia
Carpinteria Carpinteria
Avalon Avalon
Alamo Alamo
Banning Banning
Dinuba
Alturas Alturas
Florin
Calexico Calexico
Blairsden Blairsden
Atherton Atherton
Anderson Anderson
Caribou Caribou
Folsom
Bayview Bayview
Albany Albany
Escondido
Atwater Atwater
Dixon
Broadmoor Broadmoor
Amesti Amesti
Cabazon Cabazon
Crockett
Calipatria Calipatria
Campbell Campbell
Arnold Arnold
Bradley Bradley
Caruthers Caruthers
Freedom
Carmichael Carmichael
Duarte
Burney Burney
Bakersfield Bakersfield
Bradbury Adelanto Bradbury
Canyondam Canyondam
Encinitas
Friant
Bloomington Bloomington
Ceres Ceres
Auburn Auburn
Farmersville
Gardena
Belden Belden
Arcata Arcata
Corning
Brisbane Brisbane
Belmont Belmont
Calwa Calwa
Fortuna
Diablo
Artesia Artesia
Aptos Aptos
Corona
Auberry Auberry
Cupertino
Ducor
Burlingame Burlingame
Cloverdale
Altadena Altadena
Bootjack Bootjack
Aromas Aromas
Compton
