Acadia Capitol Acadia Biscayne Cuyahoga Channel Indiana Crater Badlands Basin Gunnison Glacier Brycecanyon Canyonlands Brycecanyon Isle Guadalupe Acadia Tortugas Bend Yosemite Denali Katmai Everglades Congaree Caverns Rocky Crater Shenandoah Haleakala Shenandoah Isle Teton Gateway Saguaro Voyageurs Smoky Lassen Isle Guadalupe Acadia
32
Acadia
Capitol Capitol
Biscayne Biscayne
Cuyahoga Cuyahoga
Channel Channel
Indiana Indiana
Crater Arches Crater
Badlands Badlands
Basin Basin
Gunnison Gunnison
Glacier Glacier
Brycecanyon Brycecanyon
Canyonlands Canyonlands
Isle Isle
Guadalupe Guadalupe
Tortugas Tortugas
Bend Bend
Yosemite
Denali Denali
Katmai
Everglades Everglades
Congaree Congaree
Caverns Caverns
Rocky
Shenandoah
Haleakala Haleakala
Teton Teton
Gateway Gateway
Saguaro
Voyageurs
Smoky Smoky
Lassen
