0 4 1 4 6 195 193 189 193 195 188 186 188 181 174 167 160 153 152 150 152 149 152 153 146 145 142 145 146 139 137 133 137 134 137 139 132 125 124 122 124 125 132 131 129 131 128 131 132 130 126 130 132 125 118 111 110 111 109 105 109 111 104 97 96 97 104 103 100 103 101 103 104 97 90 88 90 83 76 74 76 75 76 69 62 60 62 61 62 55 53 50 53 55 48 47 48 46 43 46 48 41 39 41 40 38 40 41 48 47 44 47 48 41 34 32 34 27 25 22 25 27 20 18 20 19 17 19 20 13 11 13 12 10 12 13 6 195 194 195 193 190 193 195 188 186 182 186 188 181 174 172 169 172 174 167 166 167 165 161 165 167 174 181 179 181 180 177 180 181 174 167 160 158 154 158 155 158 160 153 151 148 151 153 146 144 140 144 146 139 138 136 138 139 132 125 118 117 115 117 118 116 112 116 118 111 109 106 109 111 104 97 96 94 96 97 95 91 95 97 90 89 87 89 90 83 82 80 82 83 81 77 81 83 76 69 68 65 68 69 67 64 67 69 62 55 54 51 54 55 48 41 34 33 30 33 31 33 34 27 20 13 6 5 2 5 6 195 188 187 184 187 188 181 174 167 160 153 146 139 132 125 123 120 123 125 132 139 146 153 160 167 174 181 188 195 6 4 0
128
0
4
1 1
6 6
195
193
189 189
188
186 186
181 181
174 174
167
160 160
153
152
150 150
149 149
146
145 145
142 142
139
137
133 133
134 134
132
125
124 124
122 122
131
129 129
128 128
130
126 126
118
111
110 110
109
105 105
104
97
96 96
103 103
100 100
101 101
90 90
88 88
83 83
76 76
74 74
75 75
69 69
62 62
60 60
61 61
55
53 53
50 50
48
47 47
46
43 43
41 41
39 39
40
38 38
44 44
34
32 32
27 27
25 25
22 22
20
18 18
19 19
17 17
13
11 11
12 12
10 10
194 194
190 190
182 182
172 172
169 169
166 166
165 165
161 161
179 179
180
177 177
158
154 154
155 155
151
148 148
144
140 140
138
136 136
117
115 115
116 116
112 112
106 106
94 94
95
91 91
89
87 87
82
80 80
81
77 77
68
65 65
67
64 64
54
51 51
33
30 30
31 31
5
2 2
187
184 184
123
120 120
