0 11 12 22 13 4 15 6 17 27 26 36 46 56 66 76 75 85 95 105 115 114 104 84 94 92 82 73 63 62 52 51 40 30 20 31 33 43 54 55 45 35 47 57 77 87 97 107 126 135 124 143 132 112 111 91 90 80 64 58 48 28 19 8 89 119 139 149 159 158 148 138 137 147 157 167 168 178 188 186 196 185 175 174 184 193 192 172 162 161 151 150 160 171 173 155 123 0
97
0
11 11
12 12
22 22
13 3 13
4 4
15 15 24
6 6
17 17
27 27
26 26
36 36
46 46
56 56
66 66
76 76
75 75
85 85
95 95
105 105
115 115
114 114
104 104
84 84
94 94
92 92
82 82
73 73
63 63
62 62
52 52
51 51
40 40
30 30
20 20
31 31
33 33
43 43
54 54
55 55
45 45
35 35
47 47
57 57
77 77
87 87
97
107 107
126 126
135 135
124 124
143 143
132 132
112 112
111 111
91 91
90 90
80 80
64 64
58 58
48
28 28
19 19
8 8
89 89
119 119
139 139
149 149
159 159
158 158
148 148
138 138
137 137
147 147
157 156 157
167 167
168 168
178 178
188 188
186 186
196 196
185 185
175 175
174 174
184 184
193 193
192 192
172 172
162 162
161 161
151 151
150 150
160
171 171 180
173 173
155 155
123 123
