pace voice financial respect bitter rob tablet cigarette demand pain class exclusive buffet guarantee king banana figure understand paper gate circulation output autonomy glasses tool dialogue prison dialogue likely enhance dough linger vegetarian forge tolerate forge winner forge tolerate sign legislation enhance thumb nationalist shy title sunrise certain page fortune imposter throne stroke discriminate lake discriminate dip exclusive class disclose injury honor deposit swear other approval mystery enter mystery chair brake mature headline quality discriminate seize due guarantee king pace
67
pace
voice voice
financial financial
respect
bitter bitter
rob rob
tablet tablet
cigarette cigarette
demand demand
pain pain
class class
exclusive exclusive
buffet buffet
guarantee guarantee
king king
banana
figure figure
understand
paper paper
gate
circulation circulation
output output
autonomy autonomy
glasses glasses
tool tool
dialogue
prison prison
likely likely
enhance enhance
dough dough
linger linger
vegetarian vegetarian
forge
tolerate tolerate
winner winner
sign sign
legislation legislation
thumb thumb
nationalist nationalist
shy shy
title title
sunrise sunrise
certain
page page
fortune
imposter imposter
throne throne
stroke
discriminate
lake lake
dip dip
disclose
injury injury
honor honor
deposit
swear swear
other other
approval
mystery mystery
enter enter
chair
brake brake
mature
headline headline
quality quality
seize seize
due
