pace other quadruple ask enemy control enemy desk spoil desk injection gallon profound coast swear tool railcar guarantee joystick swop electronics interface environment bleed curriculum bleed smile headline smile bleed pier pig straighten identity coincide dive view profound virgin blonde native development exempt buffet election lifestyle cotton dialogue home flag injury tolerate decisive greeting begin science mercy financial fortune notebook interactive error widen banana driver imposter tablet note deter terms thumb terms hospitality teacher excuse rob demand feature opposed dip opposed dramatic exempt buffet pipe blonde shiver ignore due ignore audience sunrise rent atmosphere viable likely comfortable likely viable job guarantee joystick bowel brake scheme brake nationalist acceptance nationalist page mature native development skeleton development confrontation forge confrontation boom throne country triple candle enemy illusion joint output structure respect chair pardon vegetarian exile vegetarian linger physics linger vegetarian market country knot bleed pier approval circulation stress enemy illusion tool liver swop joystick guarantee attraction coffin bitter rage bitter certain drawer chew offset enter science blonde virgin winner assignment expression paper autonomy paper viable likely other pace
132
pace pace
other other
quadruple quadruple
ask ask
enemy enemy
control control
desk
spoil spoil
injection injection
gallon
profound profound
coast coast
swear swear
tool tool
railcar railcar
guarantee guarantee
joystick
swop swop
electronics electronics
interface interface
environment environment
bleed
curriculum curriculum
smile smile
headline headline
pier
pig pig
straighten straighten
identity identity
coincide coincide
dive dive
view
virgin virgin
blonde
native native
development development
exempt exempt
buffet buffet
election election
lifestyle lifestyle
cotton cotton
dialogue
home home
flag flag
injury injury
tolerate
decisive decisive
greeting greeting
begin begin
science
mercy mercy
financial financial
fortune
notebook
interactive interactive
error error
widen widen
banana
driver driver
imposter imposter
tablet tablet
note note
deter deter
terms
thumb thumb
hospitality
teacher teacher
excuse excuse
rob rob
demand
feature feature
opposed
dip exclusive dip
dramatic
pipe pipe
shiver shiver
ignore ignore
due due
audience audience
sunrise
rent rent
atmosphere atmosphere
viable viable
likely likely
comfortable comfortable
job
bowel bowel
brake
scheme scheme
nationalist
acceptance acceptance
page page
mature mature
skeleton skeleton
confrontation confrontation
forge forge
boom boom
throne throne
country country
triple triple
candle candle
illusion illusion
joint
output output
structure structure
respect respect
chair chair
pardon pardon
vegetarian
exile exile
linger
physics physics dough
market market
knot knot
approval
circulation
stress stress
liver liver
attraction attraction
coffin coffin
bitter
rage rage
certain
drawer drawer
chew
offset offset
enter
winner
assignment assignment
expression
paper
autonomy autonomy
