pace nationalist feature nationalist brake opposed thumb exempt thumb enter thumb headline audience due excuse gate tablet approval king page guarantee page likely market mixture injury skeleton injury output exclusive throne view prison honor environment write voice approval king likely circulation likely king opposed brake nationalist pace
33
pace
nationalist nationalist
feature feature
brake brake
opposed opposed
thumb
exempt exempt
enter deposit enter
headline headline
audience audience
due
excuse excuse
gate gate
tablet
approval approval
king king
page page
guarantee guarantee
likely likely
market market
mixture mixture
injury injury
skeleton skeleton
output output
exclusive
throne throne
view
prison
honor honor
environment
write
voice voice
circulation circulation
