C0 C107 C165 C100 C137 C101 C146 C104 C103 C105 C141 C132 C123 C122 C114 C119 C121 C97 C134 C124 C129 C127 C139 C152 C160 C144 C120 C145 C110 C161 C149 C164 C154 C166 C168 C93 C169 C153 C172 C167 C190 C181 C171 C179 C182 C194 C193 C196 C87 C88 C160 C157 C77 C157 C198 C74 C198 C71 C198 C159 C68 C66 C177 C125 C54 C48 C83 C49 C47 C67 C35 C108 C196 C137 C167 C121 C68 C82 C187 C192 C7 C4 C2 C184 C5 C1 C156 C107 C0
78
C0 C0
C107 C107
C165 C19 C20 C31 C57 C165 C185
C100 C100
C137 C32 C55 C137
C101 C101
C146 C3 C11 C84 C146
C104 C104
C103 C52 C103
C105 C45 C105
C141 C56 C141
C132 C132
C123 C123
C122 C122
C114 C114
C119 C119
C121 C95 C121
C97 C97
C134 C134
C124 C124
C129 C129
C127 C127
C139 C10 C139
C152 C152
C160 C59 C160
C144 C144
C120 C120
C145 C145
C110 C110
C161 C161
C149 C149
C164 C164
C154 C30 C154
C166 C166
C168 C168
C93 C93
C169 C50 C169
C153 C153
C172 C172
C167 C26 C27 C167
C190 C190
C181 C181
C171 C28 C171
C179 C179
C182 C182
C194 C194
C193 C193
C196 C43 C196
C87 C87
C88 C88
C157 C78
C77 C77
C198 C86 C198
C74 C74
C71 C71
C159 C16 C63
C68 C18 C68
C66 C66
C177 C58
C125
C54 C54
C48 C48
C83
C49 C49
C47 C47
C67
C35 C35
C108
C82 C8 C25
C187
C192 C51 C192
C7 C7
C4 C4
C2 C2
C184 C24 C70
C5 C5
C1 C1
C156
