5ioW1 Be0ab XZKtP dw7aX XZKtP 5ioW1 YH6mk Y7IDR YH6mk AgYPL WJNpN 1uRw3 1pxZM 1uRw3 jAwQw aHGHb kmzhT aHGHb WGJpQ vE0Pj knY3U 1uRw3 q0lus jT5CK 6EWVx 9iIwk 5R5Xa 9iIwk jASvw 1xmtC qkJ6b jT5CK 5BDPJ jT5CK 6EWVx 9iIwk h2rea 0mah3 ChXAd 0mah3 rrNj1 Esl6u fS0W8 k64Ok BnAjj k64Ok fS0W8 p9vQm fS0W8 k64Ok ZgtaX veOJ7 ZgtaX pXCjI ZgtaX JgjFI ZgtaX Vake4 ZgtaX iCgvV ZgtaX k64Ok fS0W8 Esl6u rrNj1 5R5Xa 9iIwk jASvw oqPYQ iEXNY ZzWHp MA43U jYfXn Ew56P SgDk6 Ew56P LZomt QVYVG RhUVQ QVYVG 1uRw3 Ri2t4 1uRw3 WJNpN Y7IDR 4a0W8 Y7IDR YH6mk 5ioW1
52
5ioW1 5ioW1
Be0ab Be0ab
XZKtP XZKtP bXinH
dw7aX dw7aX
YH6mk YH6mk
Y7IDR Y7IDR
AgYPL AgYPL tnjfN
WJNpN 5VT1H
1uRw3 1uRw3
1pxZM 1pxZM
jAwQw jAwQw
aHGHb aHGHb
kmzhT kmzhT
WGJpQ WGJpQ
vE0Pj vE0Pj
knY3U
q0lus
jT5CK jT5CK
6EWVx
9iIwk 9iIwk
5R5Xa 5R5Xa
jASvw jASvw
1xmtC XYzcU 1xmtC
qkJ6b qkJ6b
5BDPJ 5BDPJ
h2rea h2rea
0mah3
ChXAd ChXAd 1eRkH
rrNj1
Esl6u
fS0W8 fS0W8
k64Ok
BnAjj BnAjj
p9vQm p9vQm
ZgtaX ZgtaX
veOJ7 veOJ7
pXCjI pXCjI
JgjFI JgjFI
Vake4 Vake4
iCgvV iCgvV
oqPYQ oqPYQ 0GdkR
iEXNY iEXNY
ZzWHp Mj2eQ ZzWHp
MA43U
jYfXn jYfXn
Ew56P
SgDk6 SgDk6
LZomt LZomt
QVYVG 7G74f
RhUVQ RhUVQ
Ri2t4 y89SK Ri2t4
4a0W8 4a0W8
