cu5FB 4AhmX jesVt 69WZh mdIe6 69WZh zrVPv wedr3 zrVPv 15wtn p3gJd mJExt iqOI4 mJExt XbFfE O8CwF XbFfE p3gJd cpzS8 rH3nx 1gvq4 lJnz7 GxQg8 3NU9e RN9nS F7CZj J0OP0 iKwe0 J0OP0 F7CZj z82fM EyMEe vfAR8 bW6Ms vfAR8 zg9rt UqGfS Ssao4 UqGfS X2hjX UqGfS NqBQW UqGfS iqOI4 mJExt DaieK uPUO1 DaieK p3gJd cC0Rg gpbSj u60s4 9cp56 0F8yg 4PSW9 zcuSA jyRQW Xqwfz 7kY28 URrao 7kY28 IOpdQ BaYb3 1VA1I Zok18 1VA1I BaYb3 SxklZ 0moVI HAKlt iimZq 6owsT Pk19A HAKlt 6sv9O iPRoT Vg6Sz iIQll GrnJ7 v9joy GrnJ7 gNinx GrnJ7 iaaYU GrnJ7 rmW0U CHx6u bMhFI CHx6u rmW0U HOuAL rmW0U 9tf0w rmW0U GrnJ7 DmTRc tgL8p 0FMEI R6NzB v0WXM iHR3J fWz4T EgumV UQeyk kjZGl kNG2j AwFdf 2zHfe fExZu v7hOX fExZu wVSYr WVEjT Agb0E VG4na Ia6ul eVDVP Ia6ul kvy7i Q5zY0 69WZh jesVt 4AhmX 93R2m C4biR aegld O8CwF XbFfE aWuHk 3NU9e CXkxa Lusir CXkxa ED9em 5h4rt ED9em RN9nS F7CZj wnnBN 4Eg1F HAZtD 6gp0A kPB79 4Tt2a kPB79 4PXv9 kPB79 UqGfS iqOI4 mJExt p3gJd 9cp56 sU69u 2GCiD 0FMEI tgL8p DmTRc 4jcrD iIQll p4kTx iIQll Vg6Sz iPRoT 8Qx0C qz2Of iimZq GUEko 0moVI SxklZ VESmp SxklZ Xqwfz jyRQW u60s4 9cp56 sU69u 5EAEu 0FMEI R6NzB ZKvNM TzGS5 ZKvNM 69WZh b9v0q SEkfX b9v0q 69WZh jesVt 0FMEI tgL8p DmTRc GfIsc bMhFI SfSL1 RkCLD xKTIz E6pda e7SjH DuU0x BIY9X DuU0x e7SjH 2LhKB e7SjH o2JtM H1xt8 GaZ4O Q8lcd iPRoT Vg6Sz iIQll GrnJ7 DmTRc tgL8p 0FMEI jesVt cu5FB
132
cu5FB cu5FB
4AhmX 4AhmX
jesVt jesVt
69WZh 69WZh
mdIe6 mdIe6
zrVPv zrVPv
wedr3 wedr3
15wtn ox9Gx
p3gJd p3gJd
mJExt
iqOI4 iqOI4
XbFfE
O8CwF O8CwF TlJnt
cpzS8 cpzS8 acHTt
rH3nx rH3nx
1gvq4 1gvq4
lJnz7 lJnz7
GxQg8 GxQg8
3NU9e
RN9nS RN9nS
F7CZj
J0OP0 Cg1yP J0OP0
iKwe0 iKwe0
z82fM z82fM
EyMEe
vfAR8 vfAR8
bW6Ms bW6Ms
zg9rt
UqGfS UqGfS
Ssao4 Ssao4
X2hjX X2hjX
NqBQW NqBQW
DaieK DaieK
uPUO1 uPUO1
cC0Rg cC0Rg
gpbSj gpbSj
u60s4 u60s4 Zxvdf
9cp56
0F8yg 0F8yg
4PSW9
zcuSA zcuSA
jyRQW
Xqwfz pLg86
7kY28 7kY28
URrao fiXIW URrao
IOpdQ IOpdQ
BaYb3 BaYb3
1VA1I 1VA1I
Zok18 Zok18
SxklZ SxklZ
0moVI 0moVI
HAKlt HAKlt
iimZq iimZq
6owsT OWqP4 6owsT
Pk19A Pk19A
6sv9O
iPRoT
Vg6Sz Vg6Sz
iIQll iIQll
GrnJ7 UbqWX
v9joy v9joy
gNinx gNinx
iaaYU iaaYU
rmW0U
CHx6u CHx6u
bMhFI bMhFI lF8gH
HOuAL HOuAL
9tf0w 9tf0w
DmTRc DmTRc
tgL8p
0FMEI
R6NzB R6NzB
v0WXM
iHR3J iHR3J
fWz4T fWz4T
EgumV EgumV
UQeyk
kjZGl
kNG2j kNG2j
AwFdf AwFdf
2zHfe
fExZu fExZu
v7hOX v7hOX
wVSYr
WVEjT WVEjT
Agb0E Agb0E
VG4na VG4na
Ia6ul Ia6ul
eVDVP eVDVP
kvy7i
Q5zY0
93R2m
C4biR
aegld aegld
aWuHk aWuHk
CXkxa
Lusir Lusir
ED9em ED9em
5h4rt 5h4rt
wnnBN wnnBN
4Eg1F
HAZtD
6gp0A
kPB79
4Tt2a 4Tt2a
4PXv9 4PXv9
sU69u
2GCiD 2GCiD
4jcrD 4jcrD
p4kTx p4kTx
8Qx0C 8Qx0C
qz2Of
GUEko
VESmp VESmp
5EAEu 5EAEu
ZKvNM
TzGS5 TzGS5
b9v0q
SEkfX SEkfX
GfIsc
SfSL1
RkCLD
xKTIz xKTIz
E6pda E6pda
e7SjH
DuU0x DuU0x
BIY9X BIY9X
2LhKB 2LhKB
o2JtM
H1xt8 H1xt8
GaZ4O
Q8lcd Q8lcd
