WapgM s8jhm RTNKK Vm2RV RTNKK s8jhm w0i4E s8jhm 5ayvc OhHc9 5ayvc s8jhm RTNKK Vm2RV Tz4zy fEdtk Z7joj M5wZP Z7joj EQJ7U TT3Hk EQJ7U 5PNx4 x5InZ BSqOv QUkKU CmuV1 cvjQc 3Yw8H xNFYO hQySr ycoh0 miscC EvuAH vN0gV EQJ7U Jcs3B s8jhm 9e1Io QUkKU CmuV1 cvjQc JYR5M cvjQc 3Yw8H IWj7Z EQJ7U iaf34 EQJ7U Jcs3B s8jhm WapgM
31
WapgM
s8jhm
RTNKK RTNKK
Vm2RV Vm2RV
w0i4E w0i4E
5ayvc
OhHc9 OhHc9
Tz4zy Tz4zy
fEdtk
Z7joj Z7joj
M5wZP M5wZP
EQJ7U 8MJwv
TT3Hk TT3Hk
5PNx4 5PNx4
x5InZ P18zR
BSqOv BSqOv
QUkKU QUkKU
CmuV1 zSmKp
cvjQc cvjQc
3Yw8H 3Yw8H
xNFYO KHHwN xNFYO
hQySr
ycoh0 ycoh0
miscC miscC
EvuAH EvuAH
vN0gV vN0gV
Jcs3B
9e1Io 9e1Io
JYR5M JYR5M
IWj7Z
iaf34 iaf34
