1 43 14 7 36 53 3 60 23 12 57 71 66 26 18 89 52 88 49 86 13 15 58 90 31 42 51 91 93 92 64 83 157 56 99 128 105 119 82 140 84 23 46 137 115 136 98 96 159 110 127 132 153 103 138 50 108 156 161 129 152 130 199 116 95 147 142 5 101 175 182 194 155 121 17 162 185 30 174 176 186 193 167 163 44 190 1
85
1
43 43
14 14
7 7
36 36
53 53
3 3
60 60
23 23
12 12
57 57
71 71
66 66 78
26 26
18 18
89 89
52 52
88 88
49 49
86 86
13 13
15 15
58 58
90 90
31 31
42 42
51 51
91 91
93 93
92 92
64 64
83 83
157 157
56 56
99 99
128 128
105 105
119 119
82 82
140 140
84 84
46 46
137 137
115 115
136 136
98 98
96 96
159 159
110 110
127 127
132 132
153 153
103 103
138 138
50
108 108
156 156
161 161
129 129
152 152
130 130
199 199
116 116
95 95
147 147
142 142
5
101 101
175 175
182 182
194 194
155
121 121
17
162 162
185 185
30
174 174
176 176
186 186
193 193
167
163 163
44
190 190
