Abbey Isabella Avni Eden Harley Ayanna Jordin Dana Jamiya Beatrice Lana Carlee Liberty Kiera Helen Karma Kimberly Lillie Kayley Lilia Presley Ruth Rebecca Haven Kristina Lisa Riley Vivian Tanya Maeve Marisol Shannon Matilda Mckinley Mira Sophia Christine Nora Rayna Tara Yoselin Abbey
41
Abbey
Isabella Isabella
Avni Avni
Eden Eden
Harley Harley
Ayanna Alexia Ayanna
Jordin Jordin
Dana Dana
Jamiya Jamiya
Beatrice Beatrice
Lana Lana
Carlee Carlee
Liberty Liberty
Kiera Kiera
Helen Helen
Karma Karma
Kimberly Kimberly
Lillie Lillie
Kayley Kayley
Lilia Lilia
Presley Presley
Ruth Ruth
Rebecca Rebecca
Haven Haven
Kristina Kristina
Lisa Lisa
Riley Riley
Vivian Vivian
Tanya Tanya
Maeve Maeve
Marisol Marisol
Shannon Shannon
Matilda Matilda
Mckinley Mckinley
Mira Mira
Sophia Sophia
Christine
Nora Nora
Rayna Rayna
Tara Tara
Yoselin Yoselin
