Abbey Alivia Alexus Ashley Aniya Aryana Jamiya Alexia Baylee Alia Ariel Carlee Brooklyn Arielle Carleigh Chasity Avni Dayami Camilla Carlie Christine Carly Bryanna Iyana Dana Gillian Aubree Elianna Denisse Emma Emilie Claire Jillian Jade Melina Jasmin Kimberly Ciara Ingrid Haven Jimena Jaden Janiya Diana Lindsay Imani Keyla Madilynn Kaley Kayden Lacey Kenzie Kaydence Juliette Kiley Lilyana Lilia Lainey Kira Matilda Mira Mckayla Kristina Kiana Laylah Maggie Natalee Jazmyn Leila Kristin Mireya Nia Zion Myah Mya Parker Zaria Neveah Lucille Mckinley Shyanne Rylee Taniyah Riley Sophie Sharon Zara Sophia Noelle Tara Ally Abbey
91
Abbey Abbey
Alivia Alivia
Alexus Alexus
Ashley Ashley
Aniya Aniya
Aryana Aryana
Jamiya Jamiya
Alexia Alexia
Baylee Baylee
Alia Alia
Ariel Ariel
Carlee Carlee
Brooklyn Brooklyn
Arielle Arielle
Carleigh Carleigh
Chasity Chasity
Avni Avni
Dayami Dayami
Camilla Camilla
Carlie Carlie
Christine Christine
Carly Carly
Bryanna Bryanna
Iyana Iyana
Dana Dana
Gillian Gillian
Aubree Aubree
Elianna Elianna
Denisse Denisse
Emma Emma
Emilie Emilie
Claire Claire
Jillian Jillian
Jade Jade
Melina Melina
Jasmin Jasmin
Kimberly Kimberly
Ciara Ciara
Ingrid Ingrid
Haven Haven
Jimena Jimena
Jaden Jaden
Janiya Janiya
Diana Diana
Lindsay Lindsay
Imani Imani
Keyla Keyla
Madilynn Madilynn
Kaley Kaley
Kayden Kayden
Lacey Lacey
Kenzie Kenzie
Kaydence Kaydence
Juliette Juliette
Kiley Kiley
Lilyana Lilyana
Lilia Lilia
Lainey Lainey
Kira Kira
Matilda Matilda
Mira Mira
Mckayla Mckayla
Kristina Kristina
Kiana Kiana
Laylah Laylah
Maggie Maggie
Natalee Natalee
Jazmyn Jazmyn
Leila Leila
Kristin Kristin
Mireya Mireya
Nia Nia
Zion Zion
Myah Myah
Mya Mya
Parker Parker
Zaria Zaria
Neveah Neveah
Lucille Lucille
Mckinley Mckinley
Shyanne Shyanne
Rylee Rylee
Taniyah Taniyah
Riley Riley
Sophie Sophie
Sharon Sharon
Zara Zara
Sophia Sophia
Noelle Noelle
Tara Tara
Ally
