Taozhuang Uran Gudermes Bourbonnais Esmeraldas Somma Bang Waverly Strathfield Memmingen Villa Rafiganj Rutherglen Ulu Freetown Southsea Calauan Southsea Sarandi Ramla Azrou Rosedale Jackson Chharra Ilesa Chharra Sicklerville Tupelo Esperanza Gua Nonsan Villa Cibinong Villa Aytos Hechingen Artur New Boo Donggongon Vernon Besuki Gua Oulmes Fort Uran Pottstown Uran Kallio Alatyr Bhit Camayenne Bhit Longgang Bhit Durazno Bhit Gauting Vernon Severodvinsk Vernon Jingzhou Uran Wesseling Uran Jhol Udumalaippettai Carnot Bhit Taozhuang
49
Uran Uran Jinotepe
Artur Artur
Boo Boo
Rutherglen Rutherglen
Villa Villa
Somma Somma
Tupelo Tupelo
Strathfield Strathfield
Memmingen Memmingen
Esmeraldas Esmeraldas
Gudermes Gudermes
Bang Bang
Azrou Azrou
Kallio Kallio
Ramla Ramla
Sarandi Sarandi
Pottstown Pottstown
Rafiganj Rafiganj
Jingzhou Jingzhou
Taozhuang Taozhuang
Fort Fort
Oulmes Oulmes
Wesseling Wesseling
Cibinong Cibinong
Vernon Caravaca
Donggongon Donggongon
Alatyr Alatyr
Severodvinsk Severodvinsk
Rosedale Rosedale
Camayenne Camayenne
Jackson Jackson
Esperanza Esperanza
New New
Gauting Gauting
Ulu Ulu
Freetown Freetown
Waverly Waverly
Nonsan Nonsan
Aytos Aytos
Hechingen Hechingen
Durazno Durazno
Sicklerville Sicklerville
Calauan Calauan
Ilesa Ilesa
Bourbonnais Bourbonnais
Longgang Longgang
Udumalaippettai Udumalaippettai
Gua Middle
Besuki Besuki
