Bensheim Ventimiglia Sishui Polohy Mexborough Marburg Palm Memmingen WaltonontheNaze Milledgeville Tupelo Puducherry Valday Tupiza Malden Viewpark MitryMory Bogovinje Mouscron Uran Azrou Perth Niort Calauan Rhosllanerchrugog Milagro Alexandria PortVila Davis Jiangyan Brunswick Hermsdorf Aleshtar Alfenas Foshan Aklera Stuttgart Rutland Zaozhuang Belper Bon Landshut Meizhou Toledo Perth Tak Talipparamba Minas Dahlem Minas Bobigny Sillanwali Portogruaro Chacabuco Shaowu Sheoganj Ramla Yingkou Oschatz Barracas Aurora Liberia PointeClaire Bensheim Resplendor Great Ada Krymsk Bavly Gariadhar Bensheim Oulmes Bensheim Bang Shagamu Calauan Valletta Itacoatiara Sirsi Ponta MitryMory Onex Puerto Milledgeville Stupino Villaquilambre Palafrugell Aistala Tharu Aistala DehiwalaMount El Paredes Calauan LonsleSaunier Krymsk Tiruppuvanam MitryMory Magomeni Jashpurnagar Belper Skalica Belper New Perth Sorsogon Oberhausen Hermsdorf Lodwar MitryMory Claremont MitryMory Copperas Bensheim An Bensheim UlanUde Perth Brzeg Kyzylorda Bensheim Lille Bensheim Sceaux Bensheim Clermont Perth Great Tyoply Great Bensheim
103
Bensheim Bensheim Campobasso
Ventimiglia Ventimiglia
Sishui Sishui
Polohy Polohy
Mexborough Mexborough
Marburg Marburg
Palm Palm
Memmingen Memmingen
WaltonontheNaze WaltonontheNaze
Milledgeville Milledgeville
Tupelo Tupelo
Puducherry Puducherry
Valday Valday
Tupiza Tupiza
Malden Malden
Viewpark Viewpark
MitryMory MitryMory
Bogovinje Bogovinje
Mouscron Mouscron
Uran Uran
Azrou Azrou
Perth Perth
Niort Niort
Calauan Calauan
Rhosllanerchrugog Rhosllanerchrugog
Milagro Milagro
Alexandria Alexandria
PortVila PortVila
Davis Davis
Jiangyan Jiangyan
Brunswick Brunswick
Hermsdorf Hermsdorf
Aleshtar Aleshtar
Alfenas Alfenas
Foshan Foshan Ilesa
Aklera Aklera
Stuttgart Stuttgart
Rutland Rutland
Zaozhuang Zaozhuang
Belper Guli
Bon Bon
Landshut Landshut
Meizhou Meizhou
Toledo Toledo
Tak Tak
Talipparamba Talipparamba
Minas
Dahlem Dahlem
Bobigny Bobigny
Sillanwali Sillanwali
Portogruaro
Chacabuco Chacabuco
Shaowu Shaowu
Sheoganj
Ramla Ramla
Yingkou Yingkou
Oschatz
Barracas Barracas
Aurora Aurora
Liberia
PointeClaire PointeClaire
Resplendor Resplendor
Great Great
Ada Ada
Krymsk GernikaLumo American
Bavly Bavly
Gariadhar Gariadhar
Oulmes Oulmes
Bang Bang
Shagamu Shagamu
Valletta Valletta
Itacoatiara Itacoatiara
Sirsi Sirsi
Ponta Ponta
Onex Onex
Puerto Puerto
Stupino Jagna Stupino
Villaquilambre Villaquilambre
Palafrugell Palafrugell
Aistala
Tharu Tharu
DehiwalaMount DehiwalaMount
El
Paredes Paredes
LonsleSaunier LonsleSaunier
Tiruppuvanam Tiruppuvanam
Magomeni Magomeni
Jashpurnagar Jashpurnagar
Skalica Skalica
New New
Sorsogon Sorsogon
Oberhausen Oberhausen
Lodwar Lodwar
Claremont Claremont
Copperas Copperas
An An
UlanUde UlanUde
Brzeg Brzeg
Kyzylorda Kyzylorda
Lille Lille
Sceaux Sceaux
Clermont Clermont
Tyoply Tyoply
