Beveren Stade Ishim Visitacion Malaut Pingyi Gisborne Meerut Hueytown Franceville Rutherglen Sungurlu Winsford Sun Hueytown Portogruaro Artur Beveren GatesNorth Visitacion Glogovac Andijon Yangambi Zgorzelec Brentwood Hueytown Dharmapuri Gisborne Blackpool Beveren Kundla Beveren
25
Beveren
Stade Stade
Ishim Ishim
Visitacion Visitacion Lesnoy
Malaut Malaut
Pingyi Pingyi
Gisborne Gisborne
Meerut Meerut
Hueytown Hueytown Hudiksvall
Franceville Franceville
Rutherglen Rutherglen
Sungurlu Sungurlu
Winsford Winsford
Sun Sun
Portogruaro Portogruaro
Artur Artur
GatesNorth GatesNorth
Glogovac Glogovac
Andijon
Yangambi Yangambi
Zgorzelec Zgorzelec
Brentwood Brentwood
Dharmapuri Dharmapuri
Blackpool Blackpool
Kundla Kundla
