0 136 134 73 193 11 193 39 177 189 56 82 71 57 96 90 53 37 143 121 170 49 101 51 7 69 133 31 38 107 38 190 116 109 59 157 179 150 75 110 77 129 23 6 48 34 131 140 43 130 85 68 95 119 1 83 84 196 197 137 118 182 148 176 100 191 117 24 114 142 99 28 181 167 156 187 156 184 127 45 127 26 5 174 19 70 153 144 188 35 14 81 64 97 128 62 66 44 13 79 46 32 46 61 17 67 120 138 158 63 30 186 146 78 54 65 0
111
0
136 136
134 134
73 73
193
11 11
39 39
177 177
189
56 56
82 82
71 71
57 57
96 96
90
53 53
37 37
143 143
121 121
170 170
49 49
101 101
51
7 7
69 69
133 133
31 31
38 38
107 107
190 190
116
109 109
59
157 15 157
179 179
150 150
75 75
110 110
77 77
129 129
23 23
6
48 48
34 34
131
140 140
43 43
130 130
85 85
68 68
95 95
119
1 1
83 83
84 84
196 92
197 197
137 137
118 118
182 182
148 148
176 176
100 100
191
117 117
24 24
114 114
142 142
99 99
28 28
181 181
167 167
156
187 187
184 184
127
45 45
26 26
5 5
174 174
19 19
70
153 153
144 144
188 188
35 35
14 14
81 81
64 64
97 151
128 128
62
66 66
44 44
13 13
79 36 79
46 46
32 32
61 61
17 17
67 67
120 120 126
138 138
158
63 63
30
186 186
146 146
78 78
54 54
65 65
