concern battery contract childish company appear feign deck pupil farewell crew ballot bracket breakin tin absorption hide cancel scrap top perception nationalism community maze linear colon mechanism line accessible dose belief think steward predict suffer direct exotic minimize adult skip celebration basketball pride creation pastel fuss magnitude prove transmission craftsman concern
50
concern concern
battery battery
contract contract
childish childish
company company
appear appear
feign feign
deck deck
pupil pupil
farewell farewell
crew crew
ballot ballot
bracket bracket
breakin breakin
tin tin
absorption absorption
hide hide merit
cancel cancel
scrap scrap
top top
perception perception
nationalism nationalism
community community
maze maze
linear linear
colon colon
mechanism mechanism
line line
accessible accessible
dose dose
belief belief
think think
steward steward
predict predict
suffer suffer
direct direct
exotic exotic
minimize minimize
adult adult
skip skip
celebration celebration
basketball basketball
pride pride
creation creation
pastel pastel
fuss fuss
magnitude magnitude
prove prove
transmission transmission
craftsman
