concern create direct merit dose offensive fortune hide loud celebration integrated mosaic company vote transaction thank pride domestic accessible mechanism tribe top thread fuss minimize linear salmon inhibition present formation wrong lobby dramatic community desk dialect valid work colon traction gift mind tin basketball bring perception cancel crew car berry scrap seller skip battery pastel huge equinox partnership pupil shelter homosexual appear prove think line suffer breakin glide bracket ballot makeup deck nationalism magnetic adult absorption farewell leash predict magnitude contract belief rabbit creation trance snap exotic steward east knit feign whole dedicate deter dilemma craftsman childish maze denial concern
99
concern concern
create create
direct direct
merit merit
dose dose
offensive offensive
fortune fortune
hide hide
loud loud
celebration celebration
integrated integrated
mosaic mosaic
company company
vote vote
transaction transaction
thank thank
pride pride
domestic domestic
accessible accessible
mechanism mechanism
tribe tribe
top top
thread thread
fuss fuss
minimize minimize
linear linear
salmon salmon
inhibition inhibition
present present
formation formation
wrong wrong
lobby lobby
dramatic dramatic
community community
desk desk
dialect dialect
valid valid
work work
colon colon
traction traction
gift gift
mind mind
tin tin
basketball basketball
bring bring
perception perception
cancel cancel
crew crew
car car
berry berry
scrap scrap
seller seller
skip skip
battery battery
pastel pastel
huge huge
equinox equinox
partnership partnership
pupil pupil
shelter shelter
homosexual homosexual
appear appear
prove prove
think think
line line
suffer suffer
breakin breakin
glide glide
bracket bracket
ballot ballot
makeup makeup
deck deck
nationalism nationalism
magnetic transmission magnetic
adult adult
absorption absorption
farewell farewell
leash leash
predict predict
magnitude magnitude
contract contract
belief belief
rabbit rabbit
creation creation
trance trance
snap snap
exotic exotic
steward steward
east east
knit knit
feign feign
whole whole
dedicate dedicate
deter deter
dilemma dilemma
craftsman craftsman
childish childish
maze maze
denial denial
