concern hide company community pastel minimize tin think deck belief skip adult farewell perception creation appear linear scrap exotic basketball top childish ballot crew hide concern
24
concern concern
hide hide
company company
community community
pastel pastel
minimize minimize
tin tin
think think
deck deck
belief belief
skip skip
adult adult
farewell farewell
perception perception
creation battery creation
appear appear
linear linear
scrap scrap
exotic exotic
basketball basketball
top top
childish childish
ballot ballot
crew crew
