location0 location10 location45 location38 location37 location4 location39 location42 location40 location3 location34 location22 location1 location11 location29 location47 location15 location2 location35 location24 location32 location25 location5 location0
23
location0
location10 location8 location10
location45 location45
location38 location38
location37 location37
location4 location4
location39 location39
location42 location17 location42
location40 location40
location3 location3
location34 location34
location22 location22
location1 location1
location11 location11
location29 location29
location47 location47
location15 location15
location2 location2
location35 location35
location24 location24
location32 location32
location25 location25
location5 location5 location30
