1 6 8 9 6 1 10 11 12 10 1 18 19 20 21 18 1 56 58 59 56 1 60 61 62 60 1 68 69 70 71 68 1 106 108 109 106 1 110 111 112 110 1 118 119 120 121 118 1 156 158 159 156 1 160 161 162 160 1 168 169 170 171 168 1 2 5 2 1 14 15 14 1 64 65 64 1 114 115 114 1 164 165 164 1 26 27 28 27 26 1 76 77 78 77 76 1 126 127 128 127 126 1 176 177 178 177 176 1 22 23 24 22 1 72 73 74 72 1 122 123 124 122 1 172 173 174 172 1 50 51 52 55 53 54 52 51 50 1 100 101 102 105 103 104 102 101 100 1 150 151 152 155 153 154 152 151 150 1 26 27 28 29 30 29 28 27 26 1 76 77 78 79 80 79 78 77 76 1 126 127 128 129 130 129 128 127 126 1 176 177 178 179 180 179 178 177 176 1
101
1
6 7
8 8
9 9
10 13
11 11
12 12
18
19 19
20 20
21 21
56 57
58 58
59 59
60 63
61 61
62 62
68
69 69
70 70
71 71
106 107
108 108
109 109
110 113
111 111
112 112
118
119 119
120 120
121 121
156 157
158 158
159 159
160 163
161 161
162 162
168
169 169
170 170
171 171
2
5 3 4 5
14 16 17
15 15
64 66 67
65 65
114 116 117
115 115
164 166 167
165 165
26
27
28 28
76
77
78 78
126
127
128 128
176
177
178 178
22
23 23
24 24 25
72
73 73
74 74 75
122
123 123
124 124 125
172
173 173
174 174 175
50
51
52
55 55
53 53
54 54
100
101
102
105 105
103 103
104 104
150
151
152
155 155
153 153
154 154
29
30 30
79
80 80
129
130 130
179
180 180
