0a 41a 22a 32a 71a 1a 62a 5a 73a 47a 4a 64a 57a 28a 23a 93a 48a 59a 41a 77a 65a 30a 58a 67a 60a 14a 34a 66a 68a 52a 103a 61a 40a 83a 37a 6a 92a 96a 29a 79a 75a 49a 80a 53a 72a 103a 52a 20a 42a 16a 7a 38a 2a 31a 13a 34a 14a 25a 35a 44a 24a 88a 87a 21a 74a 12a 71a 32a 41a 0a
61
0a 0a
41a 41a
22a 22a
32a 32a
71a 71a
1a 1a 43a
62a 62a
5a 5a
73a 56a 73a
47a 47a
4a 4a
64a 64a
57a 57a
28a 28a
23a 23a
93a 93a
48a 48a
59a
77a 77a
65a 65a
30a 30a
58a 58a
67a 67a
60a 60a
14a 14a
34a 34a
66a 66a
68a
52a 52a
103a
61a 61a
40a 40a
83a 83a
37a 37a 84a
6a 6a
92a 92a
96a 96a
29a 29a
79a 79a
75a 75a
49a 49a 98a
80a 80a
53a 9a 51a 53a
72a 72a
20a
42a 42a
16a 16a
7a 7a
38a 38a
2a
31a 31a 99a
13a
25a 25a 39a
35a 35a
44a 44a
24a
88a 88a
87a 15a 87a
21a 21a
74a
12a
