0 5 6 2 3 7 8 13 17 16 11 15 21 25 30 35 41 46 47 43 37 38 34 29 24 18 23 28 34 39 44 49 48 47 52 57 63 64 69 68 67 66 65 70 75 80 85 90 91 96 92 87 88 94 99 94 88 83 77 72 66 61 55 50 45 40 35 30 25 20 15 10 5 0
63
0 0
5 5
6 6
2 2
3 3
7 7
8 8
13 13
17 17
16 16
11 11
15
21 21
25
30 30
35 35
41 41
46 46
47 47
43 43
37 37
38 38
34 34
29 29
24 24
18 18
23
28
39 39
44 44
49 49
48 48
52 52
57 57
63 63
64 64
69 69
68
67
66 66
65 65
70 70
75
80
85 85
90 90
91 91
96 96
92 92
87
88 89
94 94
99 99
83 83
77
72
61 61
55 55
50
45 45
40
20 20
10 10
