0 1 2 12 22 21 20 21 31 42 43 33 24 13 4 5 15 16 17 8 9 18 29 39 38 37 48 57 67 68 77 76 86 87 96 95 94 104 103 102 101 111 122 123 132 133 124 114 105 106 107 108 98 89 99 109 118 129 139 149 158 148 147 146 155 154 153 152 151 150 140 130 120 110 100 90 80 70 61 51 61 71 72 73 64 54 45 35 26 35 45 54 64 73 83 82 81 82 83 93 104 114 125 115 116 127 136 146 155 165 164 165 166 167 176 175 186 187 188 178 189 199 198 197 196 186 185 184 183 182 181 170 160 161 150 140 130 120 110 100 90 80 70 60 50 40 30 20 10 0
124
0
1
2 2
12 12
22 22
21 21
20 20
31 31
42 42
43 43 53
33 33
24 24
13
4 4
5 5
15 15
16 16
17 17
8 8
9 9
18 18
29 29
39 39
38
37 37
48 48
57
67 67
68 68
77 77
76 76
86 86
87 87
96 96
95 95
94 94
104 104
103 103
102 102
101 101
111 111
122 122
123 123
132 132
133 133
124
114 114
105 105
106
107 107
108 108
98 98
89 89
99 99
109
118 118
129 129
139 139
149 149
158 158
148
147 147
146 146
155 155
154 154
153 153
152 152
151 151
150 150
140 140
130 130
120 120
110
100
90
80 80
70 70
61 61
51 51
71 71
72 72
73 73
64 64
54
45 45
35
26 26
83 83
82 82
81 81
93
125 125
115
116 116
127 127
136
165 165
164 164
166 166
167 167
176 176
175 175
186 186
187 187
188 188
178 178
189 189
199 199
198 198
197
196 196
185
184 184
183 183
182 182
181 181
170
160 160
161 161
60
50
40
30
10
