0 79 87 86 11 48 88 46 40 66 85 8 77 52 38 74 92 13 70 95 20 43 23 30 10 57 31 75 29 17 39 15 99 1 32 7 93 76 35 47 83 45 64 61 54 34 37 22 60 68 53 21 16 26 78 3 49 94 96 91 84 36 51 72 62 55 59 73 5 90 81 71 41 6 80 58 67 56 12 82 42 18 65 69 25 98 89 2 27 63 19 24 44 50 33 14 97 28 4 0
99
0 0
79 79
87 87
86 86
11 9 11
48 48
88 88
46 46
40 40
66 66
85 85
8 8
77 77
52 52
38 38
74 74
92 92
13 13
70 70
95 95
20 20
43 43
23 23
30 30
10 10
57 57
31 31
75 75
29 29
17 17
39 39
15 15
99 99
1 1
32 32
7 7
93 93
76 76
35 35
47 47
83 83
45 45
64 64
61 61
54 54
34 34
37 37
22 22
60 60
68 68
53 53
21 21
16 16
26 26
78 78
3 3
49 49
94 94
96 96
91 91
84 84
36 36
51 51
72 72
62 62
55 55
59 59
73 73
5 5
90 90
81 81
71 71
41 41
6 6
80 80
58 58
67 67
56 56
12 12
82 82
42 42
18 18
65 65
69 69
25 25
98 98
89 89
2 2
27 27
63 63
19 19
24 24
44 44
50 50
33 33
14 14
97 97
28 28
4 4
