AA BZ AL BN CS BL AZ AY BD CF CD CZ DD BY DN AP CV BW DI CB DM CL AX CU BF CN AJ AF AT DL BA DC DS BU DS DG DS CA DR DO DU CQ DU CW CF DP BI DP BV DV AV AU AM DA BP DF BH DQ AC BG CM BC CM CY DB CY AD BV CP AN BZ AA
62
AA
BZ BZ
AL AL
BN BN
CS CS
BL BL
AZ AZ
AY AY
BD BD
CF CF
CD CD
CZ CZ
DD DD
BY BY
DN
AP AP
CV CV
BW
DI DI
CB CB
DM DM
CL CL
AX BS
CU CU
BF BF
CN CN
AJ AJ
AF AF
AT AT
DL DL
BA
DC DC
DS
BU BU
DG DG
CA CA
DR
DO DO
DU DU
CQ CQ
CW CW
DP DP
BI BI
BV BV
DV DV
AV AV
AU AU
AM AM
DA
BP BP
DF DF
BH
DQ DQ
AC
BG BG
CM
BC BC
CY
DB DB
AD
CP CP
AN AN
