AA BG GY CW FN EN DW FL BQ GE DK DM CR BN CK DE FY DE GO EG HC CI CS AD FW EO FU DH AY FB CT DL HP HM BZ AN DU FF BU HF CA CY BE GM AT CM HO GQ EK FO EL AE BK FI GS CV FD BH BM HI BW HI HG DS GT EY ET HA FP AR EQ CX FH CZ CE GN EW EV HH DQ DP HJ BE AP EC FS GH CQ DT FC DZ GP DD FR ES CO AX EH AM GA DI AF AO DX AO EG CD BA EF GK CB ER CB DJ AQ BY BF CL AU DR AS FG EK AV CA CY AA
117
AA
BG BG
GY GY
CW CW
FN FN
EN EN
DW
FL FL
BQ BQ
GE GE
DK DK
DM DM
CR CR
BN BN
CK CK
DE DE
FY FY
GO GO
EG EG
HC HC
CI CI
CS CS
AD
FW FW
EO EO
FU FU
DH DV
AY AY
FB FB
CT CT
DL DL
HP HP
HM HM
BZ BZ
AN AN
DU DU
FF FF
BU BU
HF HF
CA CA
CY CY
BE BE
GM GM
AT AT
CM CM
HO
GQ GQ
EK EK
FO
EL EL
AE AE
BK BK
FI FI
GS GS
CV CV
FD FD
BH BH
BM BM
HI
BW BW
HG HG
DS DS
GT GT
EY EY
ET ET
HA HA
FP FP
AR AR
EQ EQ
CX CX
FH
CZ CZ
CE
GN GN
EW
EV EV
HH HH
DQ DQ
DP DP
HJ HJ
AP AP
EC EC
FS FS
GH GH
CQ CQ
DT DT
FC
DZ DZ
GP GP
DD DD
FR FR
ES ES
CO CO
AX AX
EH EH
AM
GA GA
DI DI
AF AF
AO
DX DX
CD CD
BA BA
EF
GK GK
CB
ER ER
DJ DJ
AQ AQ
BY BY
BF BF
CL
AU
DR DR
AS
FG FG
AV AV
