Albania Gabon Vanuatu Paraguay Burkina MountAthos Pakistan Fiji Ethiopia Comoros Mauritius Mauritania Rwanda Latvia Luxembourg Israel SaintLucia Venezuela Burma Finland Romania VaticanCity Qatar CapeVerde Norway Panama SaoTomPrincipe Liechtenstein Germany France Estonia EquatorGuinea RussianFederation Tunisia Djibouti Thailand SriLanka UAE NorthKorea IvoryCoast Bulgaria Niger Cyprus Kiribati Eritrea BosHerzegovina America Yemen Newfoundland Kosovo Peru Guatemala SolomonIslands SierraLeone CentralAfricanRep Dominica Danzig Maldives Chile Bhutan Togo Seychelles Ukraine Suriname Greece Portugal Tanzania PapuaNewGuinea Algeria Serbia Rome Argentina Mongolia Belarus Japan Poland Kazakhstan Lithuania Cuba Italy TheGambia Philippines Jamaica Switzerland Grenada Nepal Australia Andorra Lesotho Malaysia NewZealand SaudiArabia UnitedKingdom SaintLucia Brazil Cambodia Mali Slovenia Laos SaintKitts Albania
99
Albania
Gabon Gabon
Vanuatu Vanuatu
Paraguay Paraguay
Burkina Burkina
MountAthos MountAthos Bahamas
Pakistan Pakistan
Fiji Fiji
Ethiopia Ethiopia
Comoros Comoros
Mauritius Mauritius Hungary
Mauritania Mauritania
Rwanda Rwanda
Latvia Latvia
Luxembourg Luxembourg
Israel Israel
SaintLucia SaintLucia
Venezuela Venezuela
Burma Burma
Finland Finland
Romania Romania
VaticanCity VaticanCity
Qatar Qatar
CapeVerde CapeVerde
Norway Norway
Panama Panama
SaoTomPrincipe SaoTomPrincipe
Liechtenstein Liechtenstein
Germany Germany
France France
Estonia Estonia
EquatorGuinea EquatorGuinea
RussianFederation RussianFederation
Tunisia Tunisia
Djibouti Djibouti
Thailand Thailand
SriLanka SriLanka
UAE UAE
NorthKorea NorthKorea
IvoryCoast IvoryCoast
Bulgaria Bulgaria
Niger Niger
Cyprus Cyprus
Kiribati Kiribati
Eritrea Eritrea
BosHerzegovina BosHerzegovina
America America
Yemen Yemen
Newfoundland Newfoundland
Kosovo Kosovo
Peru Peru
Guatemala Guatemala
SolomonIslands SolomonIslands
SierraLeone SierraLeone
CentralAfricanRep CentralAfricanRep
Dominica Dominica
Danzig Danzig
Maldives Maldives
Chile Chile
Bhutan Bhutan
Togo Togo
Seychelles Seychelles
Ukraine Ukraine
Suriname Suriname
Greece Greece
Portugal Portugal
Tanzania Tanzania
PapuaNewGuinea PapuaNewGuinea
Algeria Algeria
Serbia Serbia
Rome Rome
Argentina Argentina
Mongolia Mongolia
Belarus Belarus
Japan Japan
Poland Poland
Kazakhstan Kazakhstan
Lithuania Lithuania
Cuba Cuba
Italy Italy
TheGambia TheGambia
Philippines Philippines
Jamaica Jamaica
Switzerland Switzerland
Grenada Grenada
Nepal Nepal
Australia Australia
Andorra Andorra
Lesotho Lesotho
Malaysia Malaysia
NewZealand NewZealand
SaudiArabia SaudiArabia
UnitedKingdom UnitedKingdom
Brazil Brazil
Cambodia Cambodia
Mali Mali
Slovenia Slovenia
Laos Laos
SaintKitts SaintKitts
