Nepal Georgia Argentina Liechtenstein Estonia NewZealand Slovakia Afghanistan Vietnam Fiji Botswana Suriname Niger Mauritius Kuwait Tajikistan Belarus UAE Serbia SaintLucia VaticanCity TheGambia MarshallIslands Newfoundland Tanzania Nepal
25
Nepal
Georgia Georgia
Argentina Argentina
Liechtenstein Liechtenstein
Estonia Estonia
NewZealand NewZealand
Slovakia Slovakia
Afghanistan Palau Afghanistan Panama
Vietnam Vietnam
Fiji Fiji
Botswana Botswana
Suriname Suriname
Niger Niger
Mauritius Mauritius
Kuwait Kuwait
Tajikistan Tajikistan
Belarus Azerbaijan Belarus
UAE UAE
Serbia Serbia
SaintLucia SaintLucia
VaticanCity VaticanCity
TheGambia
MarshallIslands MarshallIslands
Newfoundland
Tanzania Tanzania
