HAZt9xslXTTIQrh6 bpy0VAq3GZuO2R8U ziJdi0Y4mj4TIJZ9 OMjRZA0G6vbBxKd5 WVwd9ExLXa3zphJn 9pH9xdreYrmVM1JI WVwd9ExLXa3zphJn J5iqQt6wukvg6KLY rvadWwbDVrEOdUmt qeVT6FbNKHRizFU8 9L0zlmq9jRh6nd1I tZ46uZudk7AfSXt1 qQzEeIfIOpoI9qKk ZsdU4FLz0FoJAHOC e9DWnoEu0mxMb9VK KHBd51v9Lk79JoNu xlWntBwCLfHgHam8 K5TJWlCDC2GiIJEC xlWntBwCLfHgHam8 QSabhET5tNnXgX60 1bDI0W7o3Pb2zYhB uuhviI1p7F0sChqp z6aHWvfWV1YcOU3s 9dVIdmIqrww8IL0A z6aHWvfWV1YcOU3s uuhviI1p7F0sChqp eRAtRmExinGYKjYs fBCH5yXHMW5jQJjk 5TjXpBJuIWCWGZis jVrty3u6KGOjBg80 W4POX5YqpnnI3x1U Gypke7sesv6WDuj9 8pFqGmxaOhvFeBf4 Gypke7sesv6WDuj9 Byr8ftz6Pn4uac3K LdwRPFzBNqStC5X8 1yeDQmwUGYi8LEVC 0Pfip4BXzoRzyFv2 kWAnmn2xV4T8moWO 3SYpu8y7n2lFaEgA 2hsCdf5s2NPqItPy HqZKcXPbTIsIN6eT drsNw5E8nXGgcxxE CvZWFxoaMZYhwHYj drsNw5E8nXGgcxxE 2yhNJ9fcTz8hRVDj PmJZCdR41rbLgXgi EotYPttMvJbBfyaO Dg4uIWuVD7Xd3FfI PDtM7hU3L1QjW9eR uRc2j178KRm3sVAY fg0WyZdFGAAZWRqK pKGVzMiXVo3v1oQu EuY7nNg1nWHDnCBx 0BNdm9hpaqd4q3Tx SLuZYQ4lYwLMQuMp 0rKC7Chib5iDGjTC TbM88DujEo9BSxqT 6La4alyyQSzgrmmj U5CEflgpFptgqHUL quCqGzaCZ5rVk9Gn ngcwhTcmwXuonGlk AvHIDL41dbfeNksW 27KMNaF72cTW0PDA AvHIDL41dbfeNksW 2v7uFoKD90sPVOTA nkKMB647tDItOdTX YHVvi99ucaU9tYgf xLhGn69fZWxkF2ME YHVvi99ucaU9tYgf u7i0C02E9nMoZ6Ab YpZJ50mXHPeALpEr LsIlvCjQu9Xqre9U 1Eq6CyZRaHXkARva nPVdEshNZOOx6qGx StSocpbFeWB0czP8 nPVdEshNZOOx6qGx 6GsK7I0daq8OZxaS Uw31N0oW965MP4qr 6GsK7I0daq8OZxaS LUoJ0iRCc71uZfNX gqX9V4QU6KrO7JGI 8ae7BICLTSRkgPWv 3th5kfdmmYoxH6sF yILnNjtdKS6kD3NP 3th5kfdmmYoxH6sF FzSHaHADmN7Zbhbr uN0YmlR4YKMmyTVh 6Gt5ffOE5tOJA8A7 8vLm5GS8pptr9y8t kmMzOIvorXbmvHXw R43sDxzHzrO5kncN m8Rn3gh3HBuT9R8d pi9Gjwqb8nw39ALT TEBcdk0AQd6dKevH ZASkL5Mxwr8cbBFG dBEYMpdveobbOa64 Plb766RuoiNfkOGW dBEYMpdveobbOa64 LjKfvPnu1IVb9d8E M9il2j2XBWeGdURv LjKfvPnu1IVb9d8E dBEYMpdveobbOa64 ZASkL5Mxwr8cbBFG Of6XUqufA1wxpnuj 1r13Qnmq9ixI97Qj YHVvi99ucaU9tYgf nkKMB647tDItOdTX LZyPcj0slZv1Vk6U TbM88DujEo9BSxqT 1ByTcIJH8XabOIWu EuY7nNg1nWHDnCBx fg0WyZdFGAAZWRqK uRc2j178KRm3sVAY PDtM7hU3L1QjW9eR Dg4uIWuVD7Xd3FfI CvZWFxoaMZYhwHYj drsNw5E8nXGgcxxE 3PEg9lFbqEimkqjc 5TjXpBJuIWCWGZis fBCH5yXHMW5jQJjk uuhviI1p7F0sChqp 1bDI0W7o3Pb2zYhB QSabhET5tNnXgX60 asqla05DvWvndrgH e9DWnoEu0mxMb9VK ZsdU4FLz0FoJAHOC qQzEeIfIOpoI9qKk tZ46uZudk7AfSXt1 9L0zlmq9jRh6nd1I 9pH9xdreYrmVM1JI WVwd9ExLXa3zphJn OMjRZA0G6vbBxKd5 ziJdi0Y4mj4TIJZ9 HAZt9xslXTTIQrh6
95
HAZt9xslXTTIQrh6 HAZt9xslXTTIQrh6
bpy0VAq3GZuO2R8U bpy0VAq3GZuO2R8U RnvIh4TOetAfG82E
ziJdi0Y4mj4TIJZ9 ziJdi0Y4mj4TIJZ9
OMjRZA0G6vbBxKd5 OMjRZA0G6vbBxKd5
WVwd9ExLXa3zphJn WVwd9ExLXa3zphJn
9pH9xdreYrmVM1JI 9pH9xdreYrmVM1JI
J5iqQt6wukvg6KLY J5iqQt6wukvg6KLY
rvadWwbDVrEOdUmt rvadWwbDVrEOdUmt
qeVT6FbNKHRizFU8 qeVT6FbNKHRizFU8
9L0zlmq9jRh6nd1I 9L0zlmq9jRh6nd1I
tZ46uZudk7AfSXt1 tZ46uZudk7AfSXt1
qQzEeIfIOpoI9qKk qQzEeIfIOpoI9qKk
ZsdU4FLz0FoJAHOC ZsdU4FLz0FoJAHOC
e9DWnoEu0mxMb9VK e9DWnoEu0mxMb9VK
KHBd51v9Lk79JoNu KHBd51v9Lk79JoNu
xlWntBwCLfHgHam8 xlWntBwCLfHgHam8
K5TJWlCDC2GiIJEC K5TJWlCDC2GiIJEC
QSabhET5tNnXgX60 QSabhET5tNnXgX60
1bDI0W7o3Pb2zYhB 1bDI0W7o3Pb2zYhB
uuhviI1p7F0sChqp uuhviI1p7F0sChqp
z6aHWvfWV1YcOU3s z6aHWvfWV1YcOU3s
9dVIdmIqrww8IL0A 9dVIdmIqrww8IL0A
eRAtRmExinGYKjYs eRAtRmExinGYKjYs LI7uFZ34s97AeNpk
fBCH5yXHMW5jQJjk fBCH5yXHMW5jQJjk
5TjXpBJuIWCWGZis 5TjXpBJuIWCWGZis
jVrty3u6KGOjBg80 jVrty3u6KGOjBg80
W4POX5YqpnnI3x1U W4POX5YqpnnI3x1U
Gypke7sesv6WDuj9 Gypke7sesv6WDuj9
8pFqGmxaOhvFeBf4 8pFqGmxaOhvFeBf4
Byr8ftz6Pn4uac3K Byr8ftz6Pn4uac3K
LdwRPFzBNqStC5X8 LdwRPFzBNqStC5X8
1yeDQmwUGYi8LEVC 1yeDQmwUGYi8LEVC
0Pfip4BXzoRzyFv2 0Pfip4BXzoRzyFv2
kWAnmn2xV4T8moWO kWAnmn2xV4T8moWO
3SYpu8y7n2lFaEgA 3SYpu8y7n2lFaEgA
2hsCdf5s2NPqItPy 2hsCdf5s2NPqItPy
HqZKcXPbTIsIN6eT HqZKcXPbTIsIN6eT
drsNw5E8nXGgcxxE drsNw5E8nXGgcxxE
CvZWFxoaMZYhwHYj CvZWFxoaMZYhwHYj
2yhNJ9fcTz8hRVDj 2yhNJ9fcTz8hRVDj
PmJZCdR41rbLgXgi PmJZCdR41rbLgXgi
EotYPttMvJbBfyaO EotYPttMvJbBfyaO
Dg4uIWuVD7Xd3FfI Dg4uIWuVD7Xd3FfI
PDtM7hU3L1QjW9eR PDtM7hU3L1QjW9eR
uRc2j178KRm3sVAY uRc2j178KRm3sVAY
fg0WyZdFGAAZWRqK fg0WyZdFGAAZWRqK
pKGVzMiXVo3v1oQu pKGVzMiXVo3v1oQu
EuY7nNg1nWHDnCBx EuY7nNg1nWHDnCBx
0BNdm9hpaqd4q3Tx 0BNdm9hpaqd4q3Tx
SLuZYQ4lYwLMQuMp SLuZYQ4lYwLMQuMp
0rKC7Chib5iDGjTC 0rKC7Chib5iDGjTC
TbM88DujEo9BSxqT TbM88DujEo9BSxqT
6La4alyyQSzgrmmj 6La4alyyQSzgrmmj
U5CEflgpFptgqHUL U5CEflgpFptgqHUL
quCqGzaCZ5rVk9Gn quCqGzaCZ5rVk9Gn
ngcwhTcmwXuonGlk ngcwhTcmwXuonGlk
AvHIDL41dbfeNksW AvHIDL41dbfeNksW
27KMNaF72cTW0PDA 27KMNaF72cTW0PDA
2v7uFoKD90sPVOTA 2v7uFoKD90sPVOTA
nkKMB647tDItOdTX nkKMB647tDItOdTX
YHVvi99ucaU9tYgf YHVvi99ucaU9tYgf
xLhGn69fZWxkF2ME xLhGn69fZWxkF2ME
u7i0C02E9nMoZ6Ab u7i0C02E9nMoZ6Ab
YpZJ50mXHPeALpEr YpZJ50mXHPeALpEr
LsIlvCjQu9Xqre9U LsIlvCjQu9Xqre9U
1Eq6CyZRaHXkARva 1Eq6CyZRaHXkARva
nPVdEshNZOOx6qGx nPVdEshNZOOx6qGx
StSocpbFeWB0czP8 StSocpbFeWB0czP8
6GsK7I0daq8OZxaS 6GsK7I0daq8OZxaS
Uw31N0oW965MP4qr Uw31N0oW965MP4qr
LUoJ0iRCc71uZfNX LUoJ0iRCc71uZfNX
gqX9V4QU6KrO7JGI MxcmtGZ6qJUnGaxB gqX9V4QU6KrO7JGI
8ae7BICLTSRkgPWv 8ae7BICLTSRkgPWv
3th5kfdmmYoxH6sF 3th5kfdmmYoxH6sF
yILnNjtdKS6kD3NP yILnNjtdKS6kD3NP
FzSHaHADmN7Zbhbr FzSHaHADmN7Zbhbr
uN0YmlR4YKMmyTVh uN0YmlR4YKMmyTVh
6Gt5ffOE5tOJA8A7 6Gt5ffOE5tOJA8A7
8vLm5GS8pptr9y8t 8vLm5GS8pptr9y8t
kmMzOIvorXbmvHXw kmMzOIvorXbmvHXw
R43sDxzHzrO5kncN R43sDxzHzrO5kncN
m8Rn3gh3HBuT9R8d qKKAwpkuJY9E8dpl m8Rn3gh3HBuT9R8d
pi9Gjwqb8nw39ALT pi9Gjwqb8nw39ALT
TEBcdk0AQd6dKevH TEBcdk0AQd6dKevH
ZASkL5Mxwr8cbBFG ZASkL5Mxwr8cbBFG
dBEYMpdveobbOa64 dBEYMpdveobbOa64
Plb766RuoiNfkOGW Plb766RuoiNfkOGW
LjKfvPnu1IVb9d8E LjKfvPnu1IVb9d8E
M9il2j2XBWeGdURv M9il2j2XBWeGdURv Zo0umr3KFWOZJQPm
Of6XUqufA1wxpnuj Of6XUqufA1wxpnuj
1r13Qnmq9ixI97Qj 1r13Qnmq9ixI97Qj
LZyPcj0slZv1Vk6U LZyPcj0slZv1Vk6U
1ByTcIJH8XabOIWu 1ByTcIJH8XabOIWu
3PEg9lFbqEimkqjc 3PEg9lFbqEimkqjc
asqla05DvWvndrgH asqla05DvWvndrgH
