l0 h1 h49 h12 h13 l12 h16 l12 h17 h43 h17 h37 h17 l12 h36 l32 h15 h38 h34 h47 h40 h24 h44 h25 h39 h41 l36 h46 l36 h41 h35 h14 h26 l2 h6 h42 h7 h3 h8 h3 h45 l1 h4 l40 l42 h11 h9 h7 h10 h31 h18 h20 h30 h21 h29 l30 h27 l30 h29 h32 h23 h19 l43 h48 h30 h21 h22 h21 h30 l7 h28 l30 h2 h0 l0
59
l0
h1 h1
h49 h49
h12 h12
h13 h13
l12
h16 h16
h17 h17
h43 h43
h37 h37
h36 h36
l32
h15 h15
h38 h38
h34 h34
h47 h33 h47
h40 h40
h24 h24
h44 h44
h25 h25
h39 h39
h41 h41
l36
h46 h46
h35 h35
h14 h14
h26 h26
l2
h6 h6
h42 h42
h7 h7
h3 h3 h5
h8 h8
h45 h45
l1
h4 h4
l40
l42
h11 h11
h9 h9
h10 h10
h31 h31
h18 h18
h20 h20
h30 h30
h21 h21
h29 h29
l30
h27 h27
h32 h32
h23 h23
h19 h19
l43
h48 h48
h22 h22
l7
h28 h28
h2 h2
h0 h0
