l0 h3 h83 h89 h83 h1 l44 l94 h91 h3 h2 h74 h38 h66 h72 h67 h54 h96 l84 h20 h57 h94 h56 h94 l10 h21 h10 l26 h52 h53 h4 h18 l64 h86 h64 h88 h65 h88 h19 h5 l40 h12 h13 h97 h27 l72 h62 l72 l31 h63 l31 h26 h95 h9 h40 l88 h36 h37 l18 h87 l63 l20 l63 h87 h99 l64 h82 l97 h60 l97 h61 h59 l42 h81 h25 h58 h84 l3 h6 h77 h23 h22 h70 h29 h7 h71 h14 l45 h15 h16 h85 h17 h28 h45 h51 h50 h80 h76 h46 h92 h24 h92 h47 l43 h11 h75 h93 h90 h39 l47 h73 h35 h79 h98 l39 h31 h69 h31 h78 h32 h30 l15 h68 l15 h33 h34 h48 h49 h88 h42 h80 l25 h44 h47 l12 l0
119
l0
h3 h3
h83 h83
h89 h89
h1 h0 h1
l44
l94
h91 h91
h2 h2
h74 h74
h38 h38
h66 h66
h72 h72
h67 h67
h54 h54 h55
h96 h96
l84
h20 h20
h57 h57
h94 h94
h56 h56
l10
h21 h21
h10 h10
l26
h52 h52
h53 h53
h4 h4
h18 h18
l64
h86 h86
h64 h64
h88 h88
h65 h65
h19 h19
h5 h5
l40
h12 h12
h13 h13
h97 h97
h27 h27
l72
h62 h62
l31
h63 h63
h26 h26
h95 h95
h9 h9
h40 h40
l88 h8
h36 h36
h37 h37
l18
h87 h87
l63
l20 h41
h99 h99
h82 h82
l97
h60 h60
h61 h61
h59 h59
l42
h81 h81
h25 h25
h58 h58
h84 h84
l3
h6 h6
h77 h77
h23 h23
h22 h22
h70 h70
h29 h29
h7 h7
h71 h71
h14 h14
l45
h15 h15
h16 h16
h85 h43 h85
h17 h17
h28 h28
h45 h45
h51 h51
h50 h50
h80 h80
h76 h76
h46 h46
h92 h92
h24 h24
h47 h47
l43
h11 h11
h75 h75
h93 h93
h90 h90
h39 h39
l47
h73 h73
h35 h35
h79 h79
h98 h98
l39
h31 h31
h69 h69
h78 h78
h32 h32
h30 h30
l15
h68 h68
h33 h33
h34 h34
h48 h48
h49 h49
h42 h42
l25
h44 h44
l12
