JWE9kJZ3fUSBbRtkVScl eA2uctxdjBuXDZUrmUHy 1crXui4lUlMG7IuTFiXo PLyQF48YPXs4LxxIxWHM lrLgTYF7nIsDkEYlxuHz iRg3oRlKsAtLuOm5tUrC bLojQFXmB5k6r0zKTWYe R87rV3jFUvYuE0RN4Z4a UvtGaTsTes8Gs4gE8ya3 SQhK0n9L9aixdJxvdeKd e2usEAoRX2qu6mneHOxg y3cL4LyhfEAlU1Jj1Xj6 W1IcDWCQWwTCriXsjtm4 zDq8bGYKiSYw3c53IWfw RrBlUMzlEzdRa5S1pyiF BcvYB1mubFuRTbgMUsXg czjPVxJvSz9DoMc0Y7Vv BCVfaQnOCgLubJ23r8nF XfWllIgv9lA6ZwGuKvLt 7c4FoaFf1TJetsLZUEok IwnN6xRahpjWnxZTYR2F ydEppVwK15UN0USyP00U 3Yod5nNtIcKNmTtNQ3xH Y5ZKsuPbCDUQp5LjPNey 5ebtvAsyAh8vEmm1Z3wm 56ePYTmTGzdOHfvnLEPd fsCdklolnC3ndvzFtyM3 bBJ5TDHtVrSIxXmQJ63J 1wZce3qjltyIzzlL1Zfw u4VGAkqq00Jhej3knMJI Q4jkxyPtGKis0eXik3Gg AjMqEYKq0eELwsiEhQNE cAkwFDH7tSQkP40ewGcD CHHJQHxp9VQGraviPBS2 4mRiy2s23Ljl4N4CqEav QZIvvAQe1weWyQjLrGi1 GfTqQpqjWivAFXbCN2BL acwLCbshqBQuYbTzAPRI km12BN3CByUGmRV2tX7b 4mdSIFCsq2HySOzm2H4M VqBuOSJBVqxMG4rldwQn mGfIqoDGGajPXw9RvY8S OyOgefgJfgx6VwEfudZn JfWSVxbK8iOEPzK7FV9x 1aGCWVuyE8DRxIV204ZW 4CVQrsejmjPmVL7elf2w b2icxuMf1zEyF7ImMEzE HKK5Jm9eHd0V7gvBWuw9 BLgd9OLqnPIJY5LCIxDK CLNCAWQgYnzuvt7RChAf JfzkldRR1w0Y52KBg47D Crbc9OlCoJ9dTIJXXsjb Xucw5TdPOzp0SQGWHjkE WZxeHszJ2ShfYgJs53YV wtlCpdxHbUUmSY7DnD2u jAzyDyaN1mD5Ei1RjCiO OGxA8YvD4WfIxOfmtWm4 0O3lDJvzYSiuZNzHimQX TkZ4LHIfwKap48xdp8m2 kGhQ3uDjcFA7MLP7UF4W aU4DeG46NC8vRU6N0ahg NtZncVsU7O40k1BXousH aH2XDl7CjGFhEP3bbYjH kVdbGuYm0jD2q8vsLFHY 2bMCdMiNzTpm8a2kNe9G S0PhmGw8tyUPzxvRSE5R NvfSRypj4POoHWC3jDz3 pxBA1Tii62WPeRWcccVp wyZ3Q4gHyaxpdYdezyjU QMmklR1fA1rnjMsU1WMc sSdPSXUotKahf03SRnBn KCy3uvDFe4h3kwRgxFiX 7ArLVA3N0doHBQAlCDtl a6uUA0TEdnZwD1b73O9r VaRx19QfIOvUT5pZyulj Yw0z9L8p6xIk7hgYCgVd byF5FvS6RJUrgCsP3o6T ZPAxEbVjKWTr0cDqLbA0 KKiBHd9DTQAd6AZYxlK3 Ad4iMaOuAofXNjJzNKWl TBEGhhvsdStRJh2Eqkyf flliQzyn5hSC8yLOMyYJ trOoQ3enuOI8GUJqwAMC jZUUy27kZ3z2uIv0PGPy dOWv4G57nxm9UArCvQlq HhITLZSwERe6osGRUBXt ul7ierPjffkmvfh4Ylme Ic20PkDM6xxefUTvJEIQ tH0lbMmdJDVlC4Pr7uAb N7mkTpLI9Mgh0txBOflw wNmo9den9k6ySqzO7o0M ZDA7k1XMUYTsnmCfuUtR CxdADQl1Lh5mGQMAravk WQlZty1AKP9gLfjz0EYW YrtjNlKZcZnAXu7owFPA TmdW4dU59umpgT9XX8G3 p6bp9pYgtaGo4Q50DQAM Hpniux0SkkA6CliHWNDc JWE9kJZ3fUSBbRtkVScl
98
JWE9kJZ3fUSBbRtkVScl JWE9kJZ3fUSBbRtkVScl
eA2uctxdjBuXDZUrmUHy eA2uctxdjBuXDZUrmUHy
1crXui4lUlMG7IuTFiXo 1crXui4lUlMG7IuTFiXo
PLyQF48YPXs4LxxIxWHM PLyQF48YPXs4LxxIxWHM
lrLgTYF7nIsDkEYlxuHz lrLgTYF7nIsDkEYlxuHz
iRg3oRlKsAtLuOm5tUrC iRg3oRlKsAtLuOm5tUrC
bLojQFXmB5k6r0zKTWYe bLojQFXmB5k6r0zKTWYe
R87rV3jFUvYuE0RN4Z4a R87rV3jFUvYuE0RN4Z4a
UvtGaTsTes8Gs4gE8ya3 UvtGaTsTes8Gs4gE8ya3
SQhK0n9L9aixdJxvdeKd SQhK0n9L9aixdJxvdeKd
e2usEAoRX2qu6mneHOxg e2usEAoRX2qu6mneHOxg
y3cL4LyhfEAlU1Jj1Xj6 y3cL4LyhfEAlU1Jj1Xj6
W1IcDWCQWwTCriXsjtm4 W1IcDWCQWwTCriXsjtm4
zDq8bGYKiSYw3c53IWfw zDq8bGYKiSYw3c53IWfw
RrBlUMzlEzdRa5S1pyiF RrBlUMzlEzdRa5S1pyiF
BcvYB1mubFuRTbgMUsXg BcvYB1mubFuRTbgMUsXg
czjPVxJvSz9DoMc0Y7Vv czjPVxJvSz9DoMc0Y7Vv
BCVfaQnOCgLubJ23r8nF BCVfaQnOCgLubJ23r8nF
XfWllIgv9lA6ZwGuKvLt XfWllIgv9lA6ZwGuKvLt
7c4FoaFf1TJetsLZUEok 7c4FoaFf1TJetsLZUEok
IwnN6xRahpjWnxZTYR2F IwnN6xRahpjWnxZTYR2F
ydEppVwK15UN0USyP00U ydEppVwK15UN0USyP00U
3Yod5nNtIcKNmTtNQ3xH 3Yod5nNtIcKNmTtNQ3xH
Y5ZKsuPbCDUQp5LjPNey Y5ZKsuPbCDUQp5LjPNey
5ebtvAsyAh8vEmm1Z3wm 5ebtvAsyAh8vEmm1Z3wm
56ePYTmTGzdOHfvnLEPd 56ePYTmTGzdOHfvnLEPd
fsCdklolnC3ndvzFtyM3 fsCdklolnC3ndvzFtyM3
bBJ5TDHtVrSIxXmQJ63J bBJ5TDHtVrSIxXmQJ63J
1wZce3qjltyIzzlL1Zfw 1wZce3qjltyIzzlL1Zfw
u4VGAkqq00Jhej3knMJI u4VGAkqq00Jhej3knMJI
Q4jkxyPtGKis0eXik3Gg Q4jkxyPtGKis0eXik3Gg
AjMqEYKq0eELwsiEhQNE AjMqEYKq0eELwsiEhQNE
cAkwFDH7tSQkP40ewGcD cAkwFDH7tSQkP40ewGcD
CHHJQHxp9VQGraviPBS2 CHHJQHxp9VQGraviPBS2
4mRiy2s23Ljl4N4CqEav 4mRiy2s23Ljl4N4CqEav
QZIvvAQe1weWyQjLrGi1 QZIvvAQe1weWyQjLrGi1
GfTqQpqjWivAFXbCN2BL GfTqQpqjWivAFXbCN2BL
acwLCbshqBQuYbTzAPRI acwLCbshqBQuYbTzAPRI
km12BN3CByUGmRV2tX7b km12BN3CByUGmRV2tX7b
4mdSIFCsq2HySOzm2H4M 4mdSIFCsq2HySOzm2H4M
VqBuOSJBVqxMG4rldwQn VqBuOSJBVqxMG4rldwQn
mGfIqoDGGajPXw9RvY8S mGfIqoDGGajPXw9RvY8S
OyOgefgJfgx6VwEfudZn OyOgefgJfgx6VwEfudZn
JfWSVxbK8iOEPzK7FV9x JfWSVxbK8iOEPzK7FV9x
1aGCWVuyE8DRxIV204ZW 1aGCWVuyE8DRxIV204ZW
4CVQrsejmjPmVL7elf2w 4CVQrsejmjPmVL7elf2w
b2icxuMf1zEyF7ImMEzE b2icxuMf1zEyF7ImMEzE
HKK5Jm9eHd0V7gvBWuw9 HKK5Jm9eHd0V7gvBWuw9
BLgd9OLqnPIJY5LCIxDK BLgd9OLqnPIJY5LCIxDK
CLNCAWQgYnzuvt7RChAf CLNCAWQgYnzuvt7RChAf
JfzkldRR1w0Y52KBg47D JfzkldRR1w0Y52KBg47D
Crbc9OlCoJ9dTIJXXsjb Crbc9OlCoJ9dTIJXXsjb
Xucw5TdPOzp0SQGWHjkE Xucw5TdPOzp0SQGWHjkE
WZxeHszJ2ShfYgJs53YV WZxeHszJ2ShfYgJs53YV
wtlCpdxHbUUmSY7DnD2u wtlCpdxHbUUmSY7DnD2u
jAzyDyaN1mD5Ei1RjCiO jAzyDyaN1mD5Ei1RjCiO
OGxA8YvD4WfIxOfmtWm4 OGxA8YvD4WfIxOfmtWm4
0O3lDJvzYSiuZNzHimQX 0O3lDJvzYSiuZNzHimQX
TkZ4LHIfwKap48xdp8m2 TkZ4LHIfwKap48xdp8m2
kGhQ3uDjcFA7MLP7UF4W kGhQ3uDjcFA7MLP7UF4W
aU4DeG46NC8vRU6N0ahg aU4DeG46NC8vRU6N0ahg
NtZncVsU7O40k1BXousH NtZncVsU7O40k1BXousH
aH2XDl7CjGFhEP3bbYjH aH2XDl7CjGFhEP3bbYjH
kVdbGuYm0jD2q8vsLFHY kVdbGuYm0jD2q8vsLFHY
2bMCdMiNzTpm8a2kNe9G 2bMCdMiNzTpm8a2kNe9G
S0PhmGw8tyUPzxvRSE5R S0PhmGw8tyUPzxvRSE5R
NvfSRypj4POoHWC3jDz3 NvfSRypj4POoHWC3jDz3
pxBA1Tii62WPeRWcccVp pxBA1Tii62WPeRWcccVp
wyZ3Q4gHyaxpdYdezyjU wyZ3Q4gHyaxpdYdezyjU
QMmklR1fA1rnjMsU1WMc QMmklR1fA1rnjMsU1WMc
sSdPSXUotKahf03SRnBn sSdPSXUotKahf03SRnBn
KCy3uvDFe4h3kwRgxFiX KCy3uvDFe4h3kwRgxFiX
7ArLVA3N0doHBQAlCDtl 7ArLVA3N0doHBQAlCDtl
a6uUA0TEdnZwD1b73O9r a6uUA0TEdnZwD1b73O9r
VaRx19QfIOvUT5pZyulj VaRx19QfIOvUT5pZyulj
Yw0z9L8p6xIk7hgYCgVd Yw0z9L8p6xIk7hgYCgVd
byF5FvS6RJUrgCsP3o6T byF5FvS6RJUrgCsP3o6T
ZPAxEbVjKWTr0cDqLbA0 ZPAxEbVjKWTr0cDqLbA0
KKiBHd9DTQAd6AZYxlK3 KKiBHd9DTQAd6AZYxlK3
Ad4iMaOuAofXNjJzNKWl Ad4iMaOuAofXNjJzNKWl
TBEGhhvsdStRJh2Eqkyf TBEGhhvsdStRJh2Eqkyf
flliQzyn5hSC8yLOMyYJ rzYdrZxXnbXlOjFVWVaR flliQzyn5hSC8yLOMyYJ
trOoQ3enuOI8GUJqwAMC trOoQ3enuOI8GUJqwAMC GzkbHop7cJv0CvjQalTE
jZUUy27kZ3z2uIv0PGPy jZUUy27kZ3z2uIv0PGPy
dOWv4G57nxm9UArCvQlq dOWv4G57nxm9UArCvQlq
HhITLZSwERe6osGRUBXt HhITLZSwERe6osGRUBXt
ul7ierPjffkmvfh4Ylme ul7ierPjffkmvfh4Ylme
Ic20PkDM6xxefUTvJEIQ Ic20PkDM6xxefUTvJEIQ
tH0lbMmdJDVlC4Pr7uAb tH0lbMmdJDVlC4Pr7uAb
N7mkTpLI9Mgh0txBOflw N7mkTpLI9Mgh0txBOflw
wNmo9den9k6ySqzO7o0M wNmo9den9k6ySqzO7o0M
ZDA7k1XMUYTsnmCfuUtR ZDA7k1XMUYTsnmCfuUtR
CxdADQl1Lh5mGQMAravk CxdADQl1Lh5mGQMAravk
WQlZty1AKP9gLfjz0EYW WQlZty1AKP9gLfjz0EYW
YrtjNlKZcZnAXu7owFPA YrtjNlKZcZnAXu7owFPA
TmdW4dU59umpgT9XX8G3 TmdW4dU59umpgT9XX8G3
p6bp9pYgtaGo4Q50DQAM p6bp9pYgtaGo4Q50DQAM
Hpniux0SkkA6CliHWNDc Hpniux0SkkA6CliHWNDc
