0t5LNxEUvcjoE0cwwEbN 3iRTkaf7suaV2i91D7AI m5Au4RgVgXhOUKbKSdGW pWBi6tyyRZpOm0dbsZfH 4ZMxz7AKccmgx6JK5gZn cZGUbNgsLGnuZE3Ot20K HET4yE4ksHFmFRytJhfu 75EgdJC8MacBE2zKZlon hk9ECfFhibg7bmIlco5h TWpWLT2JICvczaB6q8Bo IVZaGmLbfT5MQpxXO2DP LS3fS52ozGva9KBtcfZZ b69ITlIgTtPRUIpmSw5o lEZ0YMvUzTvQYxlTiMir LtVuPtXkki7L0rCf1ysG K5LnOJV1Zh18kgMnZsVe vgcAaadTbDs3lU9Z1t49 idUlMWK1ZaKWh4awCdHY oFJmSdI9Mubs3awqWY5w LTgssryHh3BZe1w1IMJd YRtAAkfi0YIaAv0XqGni tnUjNl6cWuoaXQEfxH4p wrf0xNKoLGLKfuhe6hpI I7VRK3VugXxRlgxCe54Q N0EmviMgt156P2Bd7oet 0t5LNxEUvcjoE0cwwEbN
25
0t5LNxEUvcjoE0cwwEbN
3iRTkaf7suaV2i91D7AI 3iRTkaf7suaV2i91D7AI
m5Au4RgVgXhOUKbKSdGW m5Au4RgVgXhOUKbKSdGW
pWBi6tyyRZpOm0dbsZfH pWBi6tyyRZpOm0dbsZfH
4ZMxz7AKccmgx6JK5gZn 4ZMxz7AKccmgx6JK5gZn
cZGUbNgsLGnuZE3Ot20K cZGUbNgsLGnuZE3Ot20K
HET4yE4ksHFmFRytJhfu HET4yE4ksHFmFRytJhfu
75EgdJC8MacBE2zKZlon 75EgdJC8MacBE2zKZlon
hk9ECfFhibg7bmIlco5h hk9ECfFhibg7bmIlco5h j7jI3vJM5SWQs3N9YWK4
TWpWLT2JICvczaB6q8Bo TWpWLT2JICvczaB6q8Bo
IVZaGmLbfT5MQpxXO2DP IVZaGmLbfT5MQpxXO2DP
LS3fS52ozGva9KBtcfZZ LS3fS52ozGva9KBtcfZZ
b69ITlIgTtPRUIpmSw5o b69ITlIgTtPRUIpmSw5o
lEZ0YMvUzTvQYxlTiMir lEZ0YMvUzTvQYxlTiMir
LtVuPtXkki7L0rCf1ysG LtVuPtXkki7L0rCf1ysG
K5LnOJV1Zh18kgMnZsVe K5LnOJV1Zh18kgMnZsVe
vgcAaadTbDs3lU9Z1t49 vgcAaadTbDs3lU9Z1t49
idUlMWK1ZaKWh4awCdHY idUlMWK1ZaKWh4awCdHY
oFJmSdI9Mubs3awqWY5w oFJmSdI9Mubs3awqWY5w
LTgssryHh3BZe1w1IMJd LTgssryHh3BZe1w1IMJd
YRtAAkfi0YIaAv0XqGni YRtAAkfi0YIaAv0XqGni
tnUjNl6cWuoaXQEfxH4p tnUjNl6cWuoaXQEfxH4p
wrf0xNKoLGLKfuhe6hpI wrf0xNKoLGLKfuhe6hpI
I7VRK3VugXxRlgxCe54Q I7VRK3VugXxRlgxCe54Q
N0EmviMgt156P2Bd7oet N0EmviMgt156P2Bd7oet
