L0 L74 L51 L84 L88 L41 L29 L39 L32 L24 L10 L14 L69 L81 L8 L48 L77 L7 L6 L73 L80 L68 L12 L72 L22 L92 L93 L60 L45 L2 L50 L62 L43 L42 L31 L86 L97 L61 L19 L79 L33 L54 L96 L20 L21 L1 L57 L85 L83 L85 L15 L75 L27 L28 L27 L46 L27 L28 L0
54
L0
L74 L74
L51 L51
L84 L84
L88 L88
L41 L41
L29 L29
L39 L39
L32 L32
L24 L24
L10 L10
L14 L14
L69 L69
L81 L81
L8 L8
L48 L48
L77 L77
L7 L7
L6 L6
L73 L73
L80 L80
L68 L68
L12 L12 L23
L72 L72
L22 L22
L92 L92
L93 L93
L60 L60
L45 L45
L2 L2
L50 L50
L62 L62
L43 L43
L42 L42
L31 L31
L86 L86
L97 L97
L61
L19 L19
L79 L79
L33 L33
L54 L54
L96
L20 L20
L21 L21
L1 L1
L57
L85 L85
L83 L83
L15 L15
L75 L75
L27
L28 L28
L46 L46
