point0 point49 point50 point48 point44 point45 point44 point42 point47 point61 point60 point61 point58 point27 point26 point28 point26 point27 point25 point27 point24 point32 point53 point57 point55 point85 point84 point91 point81 point77 point76 point56 point90 point93 point64 point65 point62 point63 point70 point68 point72 point35 point9 point5 point9 point8 point22 point14 point15 point7 point6 point7 point19 point3 point12 point42 point46 point0
49
point0
point49
point50 point50
point48 point48
point44 point44
point45 point45
point42 point42
point47 point47
point61 point61
point60 point60
point58 point58
point27 point27
point26 point26
point28 point28
point25 point25
point24 point24
point32
point53 point53
point57
point55 point55
point85 point85
point84 point84
point91 point92
point81 point75
point77 point77
point76 point76
point56 point56
point90
point93 point93
point64 point64
point65 point65 point71
point62
point63
point70 point70
point68 point68
point72 point72
point35 point35
point9 point9
point5 point5
point8 point8
point22 point22
point14 point14
point15
point7 point7
point6 point6
point19 point19
point3 point4
point12 point12
point46
