point0 point69 point63 point68 point67 point68 point72 point73 point75 point76 point83 point120 point132 point138 point132 point135 point139 point135 point131 point94 point78 point84 point119 point125 point122 point125 point129 point121 point126 point127 point123 point124 point172 point175 point177 point175 point158 point162 point163 point155 point144 point148 point151 point146 point153 point144 point145 point149 point154 point152 point108 point102 point107 point103 point107 point100 point110 point112 point110 point111 point113 point116 point115 point116 point79 point86 point93 point92 point95 point87 point89 point91 point89 point85 point43 point39 point40 point38 point41 point31 point34 point31 point33 point25 point30 point35 point29 point32 point18 point14 point21 point14 point27 point34 point36 point42 point32 point17 point51 point50 point49 point50 point52 point56 point11 point10 point11 point5 point15 point13 point15 point6 point51 point50 point55 point50 point109 point164 point163 point160 point163 point162 point144 point157 point167 point183 point189 point179 point141 point180 point141 point185 point190 point182 point187 point182 point140 point134 point75 point16 point3 point57 point54 point0
116
point0
point69 point69
point63
point68
point67 point67
point72 point72
point73 point73
point75 point75
point76 point76
point83 point83
point120 point120
point132 point132
point138 point138
point135 point135
point139 point139
point131 point131
point94 point94
point78 point78
point84
point119 point119
point125
point122 point122
point129
point121
point126 point126
point127
point123 point123
point124 point124
point172 point172
point175
point177 point177
point158 point158
point162 point162
point163 point163
point155 point155
point144 point144
point148 point148
point151 point151
point146
point153 point153
point145
point149 point149
point154
point152 point152
point108 point108
point102 point102
point107
point103 point103
point100 point100
point110 point110
point112 point112
point111 point111
point113 point113
point116
point115 point115
point79 point79
point86 point86
point93
point92
point95
point87 point87
point89 point89
point91 point91
point85 point85
point43 point43
point39 point39
point40 point40
point38 point38
point41 point41
point31 point31
point34 point34
point33 point33
point25
point30 point30
point35
point29 point29
point32
point18 point18
point14
point21 point21
point27 point27
point36
point42 point42
point17 point17
point51 point51
point50
point49 point49
point52 point52
point56 point56
point11 point11
point10 point1 point10
point5 point5
point15 point15
point13 point13
point6 point6
point55 point55
point109 point109
point164
point160 point160
point157 point157
point167
point183 point183
point189
point179 point179
point141
point180 point180
point185 point184 point185
point190
point182
point187 point187
point140
point134 point134
point16 point16
point3 point3
point57
point54 point54
