point0 point7 point24 point42 point37 point43 point21 point3 point5 point11 point4 point6 point8 point26 point46 point35 point30 point29 point33 point29 point31 point25 point19 point3 point16 point41 point42 point47 point23 point0
26
point0
point7 point7
point24 point24
point42 point42
point37 point37
point43 point43
point21 point21
point3 point3
point5 point5
point11
point4 point1 point4
point6 point6
point8
point26 point26
point46 point46
point35 point35
point30 point30
point29
point33 point33
point31
point25 point25
point19 point19
point16 point16
point41 point41
point47 point47
point23 point23
