1 114 67 76 116 134 32 150 49 41 148 109 175 74 143 77 78 153 184 163 58 140 43 66 88 26 97 42 62 179 122 15 135 15 13 15 113 29 158 106 63 48 115 21 91 33 186 33 83 137 111 189 71 4 16 177 173 57 182 101 45 151 20 149 171 86 80 185 131 17 14 118 81 128 188 85 56 90 146 181 54 9 44 8 172 119 59 159 59 152 30 126 164 27 170 160 136 124 105 47 61 12 1
98
1
114 114
67 67
76 76
116 116
134 134
32 32
150 150
49 49
41 41
148 148
109 109
175 175
74 74 107
143
77 77
78 78
153 153
184 184
163 163
58 58 133 166
140 140
43 43
66 66
88 88
26 26
97 97
42 40 42
62 62
179 179
122 122
15 15
135 135
13 13
113 113
29 29
158 158
106 106
63 63
48 48
115 115
21
91 91
33 33
186 186
83 83
137 137
111 111
189 189
71 71
4
16 16
177 162 177
173 173
57 57
182 182
101 101
45 45
151 151
20 11 20
149 149
171 171
86 86
80 80
185 185
131 131
17 17
14 36 168
118 118
81 81
128
188 188
85 85
56 56
90 90
146 146
181 181
54 54
9 9
44
8 8 53
172 172
119 119
59 59
159 159
152 152
30 30
126 126
164
27 27
170 170
160 160
136
124
105 105
47
61 61
12 12
