x0 x18 x71 x8 x90 x4 x69 x23 x79 x55 x99 x1 x12 x61 x21 x94 x48 x66 x48 x2 x95 x91 x28 x7 x32 x13 x59 x49 x3 x20 x58 x68 x66 x48 x52 x42 x76 x81 x43 x98 x86 x31 x88 x39 x46 x5 x46 x54 x96 x97 x40 x87 x53 x93 x85 x79 x80 x0
52
x0 x0
x18 x18
x71 x71
x8 x8
x90 x90
x4
x69
x23 x23 x34
x79 x79
x55 x55
x99 x99
x1 x1 x30
x12 x12
x61 x61
x21 x21
x94 x94
x48
x66 x66
x2 x2
x95 x95
x91 x37 x91
x28 x28
x7 x7
x32 x32
x13 x13
x59 x59
x49 x49
x3 x3 x26
x20
x58 x58
x68 x68
x52 x52
x42 x42
x76
x81 x81
x43 x43
x98 x98
x86 x89
x31 x31
x88 x88
x39 x39
x46 x46
x5 x5
x54 x54
x96 x96
x97 x97
x40 x40
x87 x87
x53 x53
x93 x93
x85
x80 x80
