x0 x109 x116 x89 x177 x155 x198 x136 x9 x95 x9 x50 x90 x141 x43 x141 x138 x26 x184 x129 x3 x86 x187 x127 x49 x127 x58 x127 x79 x27 x167 x102 x113 x21 x76 x21 x5 x158 x143 x64 x137 x125 x72 x147 x169 x100 x99 x53 x92 x196 x146 x128 x146 x196 x69 x14 x77 x71 x20 x7 x61 x45 x119 x151 x8 x160 x80 x31 x191 x133 x55 x6 x185 x98 x19 x59 x32 x183 x32 x59 x186 x189 x176 x56 x94 x51 x153 x66 x106 x15 x107 x87 x17 x104 x118 x112 x144 x179 x2 x88 x64 x48 x4 x82 x194 x182 x11 x192 x166 x139 x10 x50 x161 x23 x159 x101 x18 x190 x184 x30 x184 x46 x29 x188 x25 x156 x163 x113 x114 x76 x109 x0
115
x0
x109 x109
x116 x116
x89
x177 x177
x155 x155
x198 x198
x136 x136
x9
x95 x95
x50 x50 x74
x90
x141 x141
x43 x43
x138 x138
x26 x26
x184 x184
x129
x3 x3
x86 x86
x187
x127 x127
x49 x49
x58 x58
x79 x79
x27 x27
x167
x102 x102
x113 x113
x21 x21 x164
x76 x76
x5 x172
x158
x143 x143
x64 x64
x137 x137
x125 x125
x72 x72
x147 x147
x169
x100 x100
x99 x99
x53 x53
x92 x83 x92
x196
x146 x146
x128 x128
x69 x69
x14 x14
x77 x77
x71 x71
x20 x20
x7 x7
x61 x61
x45 x45
x119 x119
x151 x151
x8 x8
x160
x80 x80
x31 x31
x191
x133 x133
x55 x55
x6 x6
x185 x185
x98 x98
x19 x19
x59 x59
x32 x32
x183 x183
x186 x186
x189 x189
x176
x56 x56
x94 x94
x51
x153 x153
x66 x66
x106 x106
x15 x15
x107 x107
x87 x87
x17 x17
x104 x104
x118 x118
x112 x42
x144 x84
x179 x179
x2 x2
x88 x88
x48 x48
x4 x4
x82 x82
x194 x194
x182 x182
x11 x11
x192 x192
x166 x166
x139 x139
x10 x10
x161 x161
x23 x23
x159 x159
x101
x18 x18
x190
x30 x30
x46 x46
x29
x188
x25 x25
x156 x156
x163 x163
x114 x114
